[2024-11-06T03:33:50.309+0000] {local_task_job_runner.py:120} INFO - ::group::Pre task execution logs
[2024-11-06T03:33:50.336+0000] {taskinstance.py:2076} INFO - Dependencies all met for dep_context=non-requeueable deps ti=<TaskInstance: ETL_To_Data_Warehouse.load_data_to_stgFact manual__2024-11-06T03:32:59.241246+00:00 [queued]>
[2024-11-06T03:33:50.343+0000] {taskinstance.py:2076} INFO - Dependencies all met for dep_context=requeueable deps ti=<TaskInstance: ETL_To_Data_Warehouse.load_data_to_stgFact manual__2024-11-06T03:32:59.241246+00:00 [queued]>
[2024-11-06T03:33:50.344+0000] {taskinstance.py:2306} INFO - Starting attempt 1 of 1
[2024-11-06T03:33:50.354+0000] {taskinstance.py:2330} INFO - Executing <Task(PythonOperator): load_data_to_stgFact> on 2024-11-06 03:32:59.241246+00:00
[2024-11-06T03:33:50.360+0000] {standard_task_runner.py:63} INFO - Started process 17695 to run task
[2024-11-06T03:33:50.362+0000] {standard_task_runner.py:90} INFO - Running: ['***', 'tasks', 'run', 'ETL_To_Data_Warehouse', 'load_data_to_stgFact', 'manual__2024-11-06T03:32:59.241246+00:00', '--job-id', '466', '--raw', '--subdir', 'DAGS_FOLDER/ETL_LDTBXH.dag.py', '--cfg-path', '/tmp/tmp77dla0_6']
[2024-11-06T03:33:50.363+0000] {standard_task_runner.py:91} INFO - Job 466: Subtask load_data_to_stgFact
[2024-11-06T03:33:50.401+0000] {task_command.py:426} INFO - Running <TaskInstance: ETL_To_Data_Warehouse.load_data_to_stgFact manual__2024-11-06T03:32:59.241246+00:00 [running]> on host 3d0ab7361361
[2024-11-06T03:33:50.623+0000] {taskinstance.py:2648} INFO - Exporting env vars: AIRFLOW_CTX_DAG_OWNER='***' AIRFLOW_CTX_DAG_ID='ETL_To_Data_Warehouse' AIRFLOW_CTX_TASK_ID='load_data_to_stgFact' AIRFLOW_CTX_EXECUTION_DATE='2024-11-06T03:32:59.241246+00:00' AIRFLOW_CTX_TRY_NUMBER='1' AIRFLOW_CTX_DAG_RUN_ID='manual__2024-11-06T03:32:59.241246+00:00'
[2024-11-06T03:33:50.624+0000] {taskinstance.py:430} INFO - ::endgroup::
[2024-11-06T03:33:50.668+0000] {logging_mixin.py:188} INFO - Kết nối đến MySQL thành công
[2024-11-06T03:34:11.715+0000] {logging_mixin.py:188} INFO - Error fetching data from API: 500 Server Error: Internal Server Error for url: http://host.docker.internal:8000/BaoCaoNCC
[2024-11-06T03:34:11.716+0000] {logging_mixin.py:188} INFO - Không có dữ liệu để chèn.
[2024-11-06T03:34:11.718+0000] {python.py:237} INFO - Done. Returned value was: None
[2024-11-06T03:34:11.719+0000] {taskinstance.py:441} INFO - ::group::Post task execution logs
[2024-11-06T03:34:11.731+0000] {taskinstance.py:1206} INFO - Marking task as SUCCESS. dag_id=ETL_To_Data_Warehouse, task_id=load_data_to_stgFact, run_id=manual__2024-11-06T03:32:59.241246+00:00, execution_date=20241106T033259, start_date=20241106T033350, end_date=20241106T033411
[2024-11-06T03:34:11.786+0000] {local_task_job_runner.py:240} INFO - Task exited with return code 0
[2024-11-06T03:34:11.969+0000] {taskinstance.py:3503} INFO - 1 downstream tasks scheduled from follow-on schedule check
[2024-11-06T03:34:11.972+0000] {local_task_job_runner.py:222} INFO - ::endgroup::
