[2024-10-30T07:46:10.722+0000] {local_task_job_runner.py:120} INFO - ::group::Pre task execution logs
[2024-10-30T07:46:10.746+0000] {taskinstance.py:2076} INFO - Dependencies all met for dep_context=non-requeueable deps ti=<TaskInstance: ETL_To_Data_Warehouse.truncate manual__2024-10-30T07:46:08.221990+00:00 [queued]>
[2024-10-30T07:46:10.753+0000] {taskinstance.py:2076} INFO - Dependencies all met for dep_context=requeueable deps ti=<TaskInstance: ETL_To_Data_Warehouse.truncate manual__2024-10-30T07:46:08.221990+00:00 [queued]>
[2024-10-30T07:46:10.754+0000] {taskinstance.py:2306} INFO - Starting attempt 1 of 1
[2024-10-30T07:46:10.766+0000] {taskinstance.py:2330} INFO - Executing <Task(SQLExecuteQueryOperator): truncate> on 2024-10-30 07:46:08.221990+00:00
[2024-10-30T07:46:10.772+0000] {standard_task_runner.py:63} INFO - Started process 6173 to run task
[2024-10-30T07:46:10.775+0000] {standard_task_runner.py:90} INFO - Running: ['***', 'tasks', 'run', 'ETL_To_Data_Warehouse', 'truncate', 'manual__2024-10-30T07:46:08.221990+00:00', '--job-id', '48', '--raw', '--subdir', 'DAGS_FOLDER/ETL_LDTBXH.dag.py', '--cfg-path', '/tmp/tmpp64gc6px']
[2024-10-30T07:46:10.776+0000] {standard_task_runner.py:91} INFO - Job 48: Subtask truncate
[2024-10-30T07:46:10.825+0000] {task_command.py:426} INFO - Running <TaskInstance: ETL_To_Data_Warehouse.truncate manual__2024-10-30T07:46:08.221990+00:00 [running]> on host 3d0ab7361361
[2024-10-30T07:46:10.901+0000] {taskinstance.py:2648} INFO - Exporting env vars: AIRFLOW_CTX_DAG_OWNER='***' AIRFLOW_CTX_DAG_ID='ETL_To_Data_Warehouse' AIRFLOW_CTX_TASK_ID='truncate' AIRFLOW_CTX_EXECUTION_DATE='2024-10-30T07:46:08.221990+00:00' AIRFLOW_CTX_TRY_NUMBER='1' AIRFLOW_CTX_DAG_RUN_ID='manual__2024-10-30T07:46:08.221990+00:00'
[2024-10-30T07:46:10.902+0000] {taskinstance.py:430} INFO - ::endgroup::
[2024-10-30T07:46:10.903+0000] {sql.py:276} INFO - Executing: TRUNCATE TABLE Stg_DimHoGiaDinh;
TRUNCATE TABLE Stg_DimRaSoat;
TRUNCATE TABLE Stg_HoGDRaSoat_Fact;

START TRANSACTION;
    INSERT INTO DimAuditForeigned(process_name, start_at, finished_at, information, status) VALUES
    ('data integration', NOW(), NOW(), 'refreshed data', 'PENDING');
COMMIT;
[2024-10-30T07:46:10.911+0000] {base.py:84} INFO - Using connection ID 'ldtbxh_stage' for task execution.
[2024-10-30T07:46:10.921+0000] {base.py:84} INFO - Using connection ID 'ldtbxh_stage' for task execution.
[2024-10-30T07:46:10.936+0000] {sql.py:487} INFO - Running statement: TRUNCATE TABLE Stg_DimHoGiaDinh;
TRUNCATE TABLE Stg_DimRaSoat;
TRUNCATE TABLE Stg_HoGDRaSoat_Fact;

START TRANSACTION;
    INSERT INTO DimAuditForeigned(process_name, start_at, finished_at, information, status) VALUES
    ('data integration', NOW(), NOW(), 'refreshed data', 'PENDING');
COMMIT;, parameters: None
[2024-10-30T07:46:10.975+0000] {sql.py:496} INFO - Rows affected: 0
[2024-10-30T07:46:11.047+0000] {taskinstance.py:441} INFO - ::group::Post task execution logs
[2024-10-30T07:46:11.056+0000] {taskinstance.py:1206} INFO - Marking task as SUCCESS. dag_id=ETL_To_Data_Warehouse, task_id=truncate, run_id=manual__2024-10-30T07:46:08.221990+00:00, execution_date=20241030T074608, start_date=20241030T074610, end_date=20241030T074611
[2024-10-30T07:46:11.109+0000] {local_task_job_runner.py:240} INFO - Task exited with return code 0
[2024-10-30T07:46:11.132+0000] {taskinstance.py:3503} INFO - 1 downstream tasks scheduled from follow-on schedule check
[2024-10-30T07:46:11.134+0000] {local_task_job_runner.py:222} INFO - ::endgroup::
