[2024-11-05T15:35:36.784+0000] {local_task_job_runner.py:120} INFO - ::group::Pre task execution logs
[2024-11-05T15:35:36.818+0000] {taskinstance.py:2076} INFO - Dependencies all met for dep_context=non-requeueable deps ti=<TaskInstance: ETL_To_Data_Warehouse.load_date_dwh manual__2024-11-05T15:35:26.354658+00:00 [queued]>
[2024-11-05T15:35:36.827+0000] {taskinstance.py:2076} INFO - Dependencies all met for dep_context=requeueable deps ti=<TaskInstance: ETL_To_Data_Warehouse.load_date_dwh manual__2024-11-05T15:35:26.354658+00:00 [queued]>
[2024-11-05T15:35:36.827+0000] {taskinstance.py:2306} INFO - Starting attempt 1 of 1
[2024-11-05T15:35:36.840+0000] {taskinstance.py:2330} INFO - Executing <Task(SQLExecuteQueryOperator): load_date_dwh> on 2024-11-05 15:35:26.354658+00:00
[2024-11-05T15:35:36.846+0000] {standard_task_runner.py:63} INFO - Started process 4237 to run task
[2024-11-05T15:35:36.851+0000] {standard_task_runner.py:90} INFO - Running: ['***', 'tasks', 'run', 'ETL_To_Data_Warehouse', 'load_date_dwh', 'manual__2024-11-05T15:35:26.354658+00:00', '--job-id', '243', '--raw', '--subdir', 'DAGS_FOLDER/ETL_LDTBXH.dag.py', '--cfg-path', '/tmp/tmpayznodcp']
[2024-11-05T15:35:36.853+0000] {standard_task_runner.py:91} INFO - Job 243: Subtask load_date_dwh
[2024-11-05T15:35:36.906+0000] {task_command.py:426} INFO - Running <TaskInstance: ETL_To_Data_Warehouse.load_date_dwh manual__2024-11-05T15:35:26.354658+00:00 [running]> on host 3d0ab7361361
[2024-11-05T15:35:37.171+0000] {taskinstance.py:2648} INFO - Exporting env vars: AIRFLOW_CTX_DAG_OWNER='***' AIRFLOW_CTX_DAG_ID='ETL_To_Data_Warehouse' AIRFLOW_CTX_TASK_ID='load_date_dwh' AIRFLOW_CTX_EXECUTION_DATE='2024-11-05T15:35:26.354658+00:00' AIRFLOW_CTX_TRY_NUMBER='1' AIRFLOW_CTX_DAG_RUN_ID='manual__2024-11-05T15:35:26.354658+00:00'
[2024-11-05T15:35:37.172+0000] {taskinstance.py:430} INFO - ::endgroup::
[2024-11-05T15:35:37.173+0000] {sql.py:276} INFO - Executing: use LDTBXH_Dwh;

insert into DimDate (Date_Key, Full_Date, Day_Of_Week, Month, Month_Num_Overall, Month_Name, Quarter, Year, Fiscal_Month, Fiscal_Quarter, Fiscal_Year)
SELECT DISTINCT
    a.date_key AS Date_Key,
    a.full_date AS Full_Date,
    a.day_of_week AS Day_Of_Week,
    a.month AS Month,
    a.month_num_overall AS Month_Num_Overall,
    a.month_name AS Month_Name,
    a.quarter AS Quarter,
    a.year AS Year,
    a.fiscal_month AS Fiscal_Month,
    a.fiscal_quarter AS Fiscal_Quarter,
    a.fiscal_year AS Fiscal_Year
FROM LDTBXH_Stg.Stg_Date a
WHERE NOT EXISTS (SELECT 1 FROM DimDate)
ORDER BY year, month;
[2024-11-05T15:35:37.182+0000] {base.py:84} INFO - Using connection ID 'ldtbxh_dwh' for task execution.
[2024-11-05T15:35:37.191+0000] {base.py:84} INFO - Using connection ID 'ldtbxh_dwh' for task execution.
[2024-11-05T15:35:37.208+0000] {sql.py:487} INFO - Running statement: use LDTBXH_Dwh;

insert into DimDate (Date_Key, Full_Date, Day_Of_Week, Month, Month_Num_Overall, Month_Name, Quarter, Year, Fiscal_Month, Fiscal_Quarter, Fiscal_Year)
SELECT DISTINCT
    a.date_key AS Date_Key,
    a.full_date AS Full_Date,
    a.day_of_week AS Day_Of_Week,
    a.month AS Month,
    a.month_num_overall AS Month_Num_Overall,
    a.month_name AS Month_Name,
    a.quarter AS Quarter,
    a.year AS Year,
    a.fiscal_month AS Fiscal_Month,
    a.fiscal_quarter AS Fiscal_Quarter,
    a.fiscal_year AS Fiscal_Year
FROM LDTBXH_Stg.Stg_Date a
WHERE NOT EXISTS (SELECT 1 FROM DimDate)
ORDER BY year, month;, parameters: None
[2024-11-05T15:35:37.210+0000] {sql.py:496} INFO - Rows affected: 0
[2024-11-05T15:35:37.213+0000] {taskinstance.py:441} INFO - ::group::Post task execution logs
[2024-11-05T15:35:37.221+0000] {taskinstance.py:1206} INFO - Marking task as SUCCESS. dag_id=ETL_To_Data_Warehouse, task_id=load_date_dwh, run_id=manual__2024-11-05T15:35:26.354658+00:00, execution_date=20241105T153526, start_date=20241105T153536, end_date=20241105T153537
[2024-11-05T15:35:37.265+0000] {local_task_job_runner.py:240} INFO - Task exited with return code 0
[2024-11-05T15:35:37.287+0000] {taskinstance.py:3503} INFO - 0 downstream tasks scheduled from follow-on schedule check
[2024-11-05T15:35:37.289+0000] {local_task_job_runner.py:222} INFO - ::endgroup::
