[2024-10-29T17:02:18.299+0000] {processor.py:161} INFO - Started process (PID=286) to work on /home/airflow/.local/lib/python3.11/site-packages/airflow/example_dags/example_short_circuit_operator.py
[2024-10-29T17:02:18.300+0000] {processor.py:830} INFO - Processing file /home/airflow/.local/lib/python3.11/site-packages/airflow/example_dags/example_short_circuit_operator.py for tasks to queue
[2024-10-29T17:02:18.302+0000] {logging_mixin.py:188} INFO - [2024-10-29T17:02:18.302+0000] {dagbag.py:545} INFO - Filling up the DagBag from /home/airflow/.local/lib/python3.11/site-packages/airflow/example_dags/example_short_circuit_operator.py
[2024-10-29T17:02:18.480+0000] {processor.py:840} INFO - DAG(s) 'example_short_circuit_operator' retrieved from /home/airflow/.local/lib/python3.11/site-packages/airflow/example_dags/example_short_circuit_operator.py
[2024-10-29T17:02:18.666+0000] {logging_mixin.py:188} INFO - [2024-10-29T17:02:18.665+0000] {override.py:1829} INFO - Created Permission View: can edit on DAG:example_short_circuit_operator
[2024-10-29T17:02:18.679+0000] {logging_mixin.py:188} INFO - [2024-10-29T17:02:18.678+0000] {override.py:1829} INFO - Created Permission View: can delete on DAG:example_short_circuit_operator
[2024-10-29T17:02:18.687+0000] {logging_mixin.py:188} INFO - [2024-10-29T17:02:18.687+0000] {override.py:1829} INFO - Created Permission View: can read on DAG:example_short_circuit_operator
[2024-10-29T17:02:18.688+0000] {logging_mixin.py:188} INFO - [2024-10-29T17:02:18.688+0000] {dag.py:3096} INFO - Sync 1 DAGs
[2024-10-29T17:02:18.698+0000] {logging_mixin.py:188} INFO - [2024-10-29T17:02:18.697+0000] {dag.py:3118} INFO - Creating ORM DAG for example_short_circuit_operator
[2024-10-29T17:02:18.708+0000] {logging_mixin.py:188} INFO - [2024-10-29T17:02:18.708+0000] {dag.py:3954} INFO - Setting next_dagrun for example_short_circuit_operator to 2024-10-28 00:00:00+00:00, run_after=2024-10-29 00:00:00+00:00
[2024-10-29T17:02:18.725+0000] {processor.py:183} INFO - Processing /home/airflow/.local/lib/python3.11/site-packages/airflow/example_dags/example_short_circuit_operator.py took 0.433 seconds
[2024-10-29T17:02:48.910+0000] {processor.py:161} INFO - Started process (PID=550) to work on /home/airflow/.local/lib/python3.11/site-packages/airflow/example_dags/example_short_circuit_operator.py
[2024-10-29T17:02:48.911+0000] {processor.py:830} INFO - Processing file /home/airflow/.local/lib/python3.11/site-packages/airflow/example_dags/example_short_circuit_operator.py for tasks to queue
[2024-10-29T17:02:48.913+0000] {logging_mixin.py:188} INFO - [2024-10-29T17:02:48.913+0000] {dagbag.py:545} INFO - Filling up the DagBag from /home/airflow/.local/lib/python3.11/site-packages/airflow/example_dags/example_short_circuit_operator.py
[2024-10-29T17:02:48.920+0000] {processor.py:840} INFO - DAG(s) 'example_short_circuit_operator' retrieved from /home/airflow/.local/lib/python3.11/site-packages/airflow/example_dags/example_short_circuit_operator.py
[2024-10-29T17:02:48.948+0000] {logging_mixin.py:188} INFO - [2024-10-29T17:02:48.948+0000] {dag.py:3096} INFO - Sync 1 DAGs
[2024-10-29T17:02:48.967+0000] {logging_mixin.py:188} INFO - [2024-10-29T17:02:48.967+0000] {dag.py:3954} INFO - Setting next_dagrun for example_short_circuit_operator to 2024-10-28 00:00:00+00:00, run_after=2024-10-29 00:00:00+00:00
[2024-10-29T17:02:48.985+0000] {processor.py:183} INFO - Processing /home/airflow/.local/lib/python3.11/site-packages/airflow/example_dags/example_short_circuit_operator.py took 0.084 seconds
[2024-10-29T17:03:19.397+0000] {processor.py:161} INFO - Started process (PID=812) to work on /home/airflow/.local/lib/python3.11/site-packages/airflow/example_dags/example_short_circuit_operator.py
[2024-10-29T17:03:19.398+0000] {processor.py:830} INFO - Processing file /home/airflow/.local/lib/python3.11/site-packages/airflow/example_dags/example_short_circuit_operator.py for tasks to queue
[2024-10-29T17:03:19.399+0000] {logging_mixin.py:188} INFO - [2024-10-29T17:03:19.399+0000] {dagbag.py:545} INFO - Filling up the DagBag from /home/airflow/.local/lib/python3.11/site-packages/airflow/example_dags/example_short_circuit_operator.py
[2024-10-29T17:03:19.406+0000] {processor.py:840} INFO - DAG(s) 'example_short_circuit_operator' retrieved from /home/airflow/.local/lib/python3.11/site-packages/airflow/example_dags/example_short_circuit_operator.py
[2024-10-29T17:03:19.429+0000] {logging_mixin.py:188} INFO - [2024-10-29T17:03:19.429+0000] {dag.py:3096} INFO - Sync 1 DAGs
[2024-10-29T17:03:19.450+0000] {logging_mixin.py:188} INFO - [2024-10-29T17:03:19.450+0000] {dag.py:3954} INFO - Setting next_dagrun for example_short_circuit_operator to 2024-10-28 00:00:00+00:00, run_after=2024-10-29 00:00:00+00:00
[2024-10-29T17:03:19.472+0000] {processor.py:183} INFO - Processing /home/airflow/.local/lib/python3.11/site-packages/airflow/example_dags/example_short_circuit_operator.py took 0.082 seconds
[2024-10-29T17:03:50.229+0000] {processor.py:161} INFO - Started process (PID=1073) to work on /home/airflow/.local/lib/python3.11/site-packages/airflow/example_dags/example_short_circuit_operator.py
[2024-10-29T17:03:50.231+0000] {processor.py:830} INFO - Processing file /home/airflow/.local/lib/python3.11/site-packages/airflow/example_dags/example_short_circuit_operator.py for tasks to queue
[2024-10-29T17:03:50.235+0000] {logging_mixin.py:188} INFO - [2024-10-29T17:03:50.233+0000] {dagbag.py:545} INFO - Filling up the DagBag from /home/airflow/.local/lib/python3.11/site-packages/airflow/example_dags/example_short_circuit_operator.py
[2024-10-29T17:03:50.246+0000] {processor.py:840} INFO - DAG(s) 'example_short_circuit_operator' retrieved from /home/airflow/.local/lib/python3.11/site-packages/airflow/example_dags/example_short_circuit_operator.py
[2024-10-29T17:03:50.294+0000] {logging_mixin.py:188} INFO - [2024-10-29T17:03:50.293+0000] {dag.py:3096} INFO - Sync 1 DAGs
[2024-10-29T17:03:50.340+0000] {logging_mixin.py:188} INFO - [2024-10-29T17:03:50.339+0000] {dag.py:3954} INFO - Setting next_dagrun for example_short_circuit_operator to 2024-10-28 00:00:00+00:00, run_after=2024-10-29 00:00:00+00:00
[2024-10-29T17:03:50.420+0000] {processor.py:183} INFO - Processing /home/airflow/.local/lib/python3.11/site-packages/airflow/example_dags/example_short_circuit_operator.py took 0.202 seconds
[2024-10-29T17:04:21.265+0000] {processor.py:161} INFO - Started process (PID=1335) to work on /home/airflow/.local/lib/python3.11/site-packages/airflow/example_dags/example_short_circuit_operator.py
[2024-10-29T17:04:21.266+0000] {processor.py:830} INFO - Processing file /home/airflow/.local/lib/python3.11/site-packages/airflow/example_dags/example_short_circuit_operator.py for tasks to queue
[2024-10-29T17:04:21.268+0000] {logging_mixin.py:188} INFO - [2024-10-29T17:04:21.268+0000] {dagbag.py:545} INFO - Filling up the DagBag from /home/airflow/.local/lib/python3.11/site-packages/airflow/example_dags/example_short_circuit_operator.py
[2024-10-29T17:04:21.275+0000] {processor.py:840} INFO - DAG(s) 'example_short_circuit_operator' retrieved from /home/airflow/.local/lib/python3.11/site-packages/airflow/example_dags/example_short_circuit_operator.py
[2024-10-29T17:04:21.296+0000] {logging_mixin.py:188} INFO - [2024-10-29T17:04:21.296+0000] {dag.py:3096} INFO - Sync 1 DAGs
[2024-10-29T17:04:21.317+0000] {logging_mixin.py:188} INFO - [2024-10-29T17:04:21.317+0000] {dag.py:3954} INFO - Setting next_dagrun for example_short_circuit_operator to 2024-10-28 00:00:00+00:00, run_after=2024-10-29 00:00:00+00:00
[2024-10-29T17:04:21.341+0000] {processor.py:183} INFO - Processing /home/airflow/.local/lib/python3.11/site-packages/airflow/example_dags/example_short_circuit_operator.py took 0.080 seconds
[2024-10-29T17:04:51.412+0000] {processor.py:161} INFO - Started process (PID=1597) to work on /home/airflow/.local/lib/python3.11/site-packages/airflow/example_dags/example_short_circuit_operator.py
[2024-10-29T17:04:51.413+0000] {processor.py:830} INFO - Processing file /home/airflow/.local/lib/python3.11/site-packages/airflow/example_dags/example_short_circuit_operator.py for tasks to queue
[2024-10-29T17:04:51.415+0000] {logging_mixin.py:188} INFO - [2024-10-29T17:04:51.415+0000] {dagbag.py:545} INFO - Filling up the DagBag from /home/airflow/.local/lib/python3.11/site-packages/airflow/example_dags/example_short_circuit_operator.py
[2024-10-29T17:04:51.425+0000] {processor.py:840} INFO - DAG(s) 'example_short_circuit_operator' retrieved from /home/airflow/.local/lib/python3.11/site-packages/airflow/example_dags/example_short_circuit_operator.py
[2024-10-29T17:04:51.448+0000] {logging_mixin.py:188} INFO - [2024-10-29T17:04:51.447+0000] {dag.py:3096} INFO - Sync 1 DAGs
[2024-10-29T17:04:51.475+0000] {logging_mixin.py:188} INFO - [2024-10-29T17:04:51.475+0000] {dag.py:3954} INFO - Setting next_dagrun for example_short_circuit_operator to 2024-10-28 00:00:00+00:00, run_after=2024-10-29 00:00:00+00:00
[2024-10-29T17:04:51.508+0000] {processor.py:183} INFO - Processing /home/airflow/.local/lib/python3.11/site-packages/airflow/example_dags/example_short_circuit_operator.py took 0.106 seconds
[2024-10-29T17:05:21.885+0000] {processor.py:161} INFO - Started process (PID=1859) to work on /home/airflow/.local/lib/python3.11/site-packages/airflow/example_dags/example_short_circuit_operator.py
[2024-10-29T17:05:21.886+0000] {processor.py:830} INFO - Processing file /home/airflow/.local/lib/python3.11/site-packages/airflow/example_dags/example_short_circuit_operator.py for tasks to queue
[2024-10-29T17:05:21.888+0000] {logging_mixin.py:188} INFO - [2024-10-29T17:05:21.887+0000] {dagbag.py:545} INFO - Filling up the DagBag from /home/airflow/.local/lib/python3.11/site-packages/airflow/example_dags/example_short_circuit_operator.py
[2024-10-29T17:05:21.895+0000] {processor.py:840} INFO - DAG(s) 'example_short_circuit_operator' retrieved from /home/airflow/.local/lib/python3.11/site-packages/airflow/example_dags/example_short_circuit_operator.py
[2024-10-29T17:05:21.916+0000] {logging_mixin.py:188} INFO - [2024-10-29T17:05:21.916+0000] {dag.py:3096} INFO - Sync 1 DAGs
[2024-10-29T17:05:21.937+0000] {logging_mixin.py:188} INFO - [2024-10-29T17:05:21.937+0000] {dag.py:3954} INFO - Setting next_dagrun for example_short_circuit_operator to 2024-10-28 00:00:00+00:00, run_after=2024-10-29 00:00:00+00:00
[2024-10-29T17:05:21.959+0000] {processor.py:183} INFO - Processing /home/airflow/.local/lib/python3.11/site-packages/airflow/example_dags/example_short_circuit_operator.py took 0.079 seconds
[2024-10-29T17:05:52.086+0000] {processor.py:161} INFO - Started process (PID=2123) to work on /home/airflow/.local/lib/python3.11/site-packages/airflow/example_dags/example_short_circuit_operator.py
[2024-10-29T17:05:52.087+0000] {processor.py:830} INFO - Processing file /home/airflow/.local/lib/python3.11/site-packages/airflow/example_dags/example_short_circuit_operator.py for tasks to queue
[2024-10-29T17:05:52.089+0000] {logging_mixin.py:188} INFO - [2024-10-29T17:05:52.088+0000] {dagbag.py:545} INFO - Filling up the DagBag from /home/airflow/.local/lib/python3.11/site-packages/airflow/example_dags/example_short_circuit_operator.py
[2024-10-29T17:05:52.095+0000] {processor.py:840} INFO - DAG(s) 'example_short_circuit_operator' retrieved from /home/airflow/.local/lib/python3.11/site-packages/airflow/example_dags/example_short_circuit_operator.py
[2024-10-29T17:05:52.119+0000] {logging_mixin.py:188} INFO - [2024-10-29T17:05:52.118+0000] {dag.py:3096} INFO - Sync 1 DAGs
[2024-10-29T17:05:52.140+0000] {logging_mixin.py:188} INFO - [2024-10-29T17:05:52.140+0000] {dag.py:3954} INFO - Setting next_dagrun for example_short_circuit_operator to 2024-10-28 00:00:00+00:00, run_after=2024-10-29 00:00:00+00:00
[2024-10-29T17:05:52.167+0000] {processor.py:183} INFO - Processing /home/airflow/.local/lib/python3.11/site-packages/airflow/example_dags/example_short_circuit_operator.py took 0.086 seconds
[2024-10-29T17:06:22.303+0000] {processor.py:161} INFO - Started process (PID=2383) to work on /home/airflow/.local/lib/python3.11/site-packages/airflow/example_dags/example_short_circuit_operator.py
[2024-10-29T17:06:22.304+0000] {processor.py:830} INFO - Processing file /home/airflow/.local/lib/python3.11/site-packages/airflow/example_dags/example_short_circuit_operator.py for tasks to queue
[2024-10-29T17:06:22.305+0000] {logging_mixin.py:188} INFO - [2024-10-29T17:06:22.305+0000] {dagbag.py:545} INFO - Filling up the DagBag from /home/airflow/.local/lib/python3.11/site-packages/airflow/example_dags/example_short_circuit_operator.py
[2024-10-29T17:06:22.312+0000] {processor.py:840} INFO - DAG(s) 'example_short_circuit_operator' retrieved from /home/airflow/.local/lib/python3.11/site-packages/airflow/example_dags/example_short_circuit_operator.py
[2024-10-29T17:06:22.331+0000] {logging_mixin.py:188} INFO - [2024-10-29T17:06:22.331+0000] {dag.py:3096} INFO - Sync 1 DAGs
[2024-10-29T17:06:22.352+0000] {logging_mixin.py:188} INFO - [2024-10-29T17:06:22.352+0000] {dag.py:3954} INFO - Setting next_dagrun for example_short_circuit_operator to 2024-10-28 00:00:00+00:00, run_after=2024-10-29 00:00:00+00:00
[2024-10-29T17:06:22.373+0000] {processor.py:183} INFO - Processing /home/airflow/.local/lib/python3.11/site-packages/airflow/example_dags/example_short_circuit_operator.py took 0.077 seconds
[2024-10-29T17:06:52.472+0000] {processor.py:161} INFO - Started process (PID=2645) to work on /home/airflow/.local/lib/python3.11/site-packages/airflow/example_dags/example_short_circuit_operator.py
[2024-10-29T17:06:52.473+0000] {processor.py:830} INFO - Processing file /home/airflow/.local/lib/python3.11/site-packages/airflow/example_dags/example_short_circuit_operator.py for tasks to queue
[2024-10-29T17:06:52.474+0000] {logging_mixin.py:188} INFO - [2024-10-29T17:06:52.474+0000] {dagbag.py:545} INFO - Filling up the DagBag from /home/airflow/.local/lib/python3.11/site-packages/airflow/example_dags/example_short_circuit_operator.py
[2024-10-29T17:06:52.481+0000] {processor.py:840} INFO - DAG(s) 'example_short_circuit_operator' retrieved from /home/airflow/.local/lib/python3.11/site-packages/airflow/example_dags/example_short_circuit_operator.py
[2024-10-29T17:06:52.500+0000] {logging_mixin.py:188} INFO - [2024-10-29T17:06:52.500+0000] {dag.py:3096} INFO - Sync 1 DAGs
[2024-10-29T17:06:52.517+0000] {logging_mixin.py:188} INFO - [2024-10-29T17:06:52.517+0000] {dag.py:3954} INFO - Setting next_dagrun for example_short_circuit_operator to 2024-10-28 00:00:00+00:00, run_after=2024-10-29 00:00:00+00:00
[2024-10-29T17:06:52.536+0000] {processor.py:183} INFO - Processing /home/airflow/.local/lib/python3.11/site-packages/airflow/example_dags/example_short_circuit_operator.py took 0.069 seconds
[2024-10-29T17:07:22.668+0000] {processor.py:161} INFO - Started process (PID=2907) to work on /home/airflow/.local/lib/python3.11/site-packages/airflow/example_dags/example_short_circuit_operator.py
[2024-10-29T17:07:22.670+0000] {processor.py:830} INFO - Processing file /home/airflow/.local/lib/python3.11/site-packages/airflow/example_dags/example_short_circuit_operator.py for tasks to queue
[2024-10-29T17:07:22.672+0000] {logging_mixin.py:188} INFO - [2024-10-29T17:07:22.671+0000] {dagbag.py:545} INFO - Filling up the DagBag from /home/airflow/.local/lib/python3.11/site-packages/airflow/example_dags/example_short_circuit_operator.py
[2024-10-29T17:07:22.680+0000] {processor.py:840} INFO - DAG(s) 'example_short_circuit_operator' retrieved from /home/airflow/.local/lib/python3.11/site-packages/airflow/example_dags/example_short_circuit_operator.py
[2024-10-29T17:07:22.709+0000] {logging_mixin.py:188} INFO - [2024-10-29T17:07:22.708+0000] {dag.py:3096} INFO - Sync 1 DAGs
[2024-10-29T17:07:22.742+0000] {logging_mixin.py:188} INFO - [2024-10-29T17:07:22.742+0000] {dag.py:3954} INFO - Setting next_dagrun for example_short_circuit_operator to 2024-10-28 00:00:00+00:00, run_after=2024-10-29 00:00:00+00:00
[2024-10-29T17:07:22.774+0000] {processor.py:183} INFO - Processing /home/airflow/.local/lib/python3.11/site-packages/airflow/example_dags/example_short_circuit_operator.py took 0.116 seconds
[2024-10-29T17:07:53.100+0000] {processor.py:161} INFO - Started process (PID=3169) to work on /home/airflow/.local/lib/python3.11/site-packages/airflow/example_dags/example_short_circuit_operator.py
[2024-10-29T17:07:53.101+0000] {processor.py:830} INFO - Processing file /home/airflow/.local/lib/python3.11/site-packages/airflow/example_dags/example_short_circuit_operator.py for tasks to queue
[2024-10-29T17:07:53.104+0000] {logging_mixin.py:188} INFO - [2024-10-29T17:07:53.104+0000] {dagbag.py:545} INFO - Filling up the DagBag from /home/airflow/.local/lib/python3.11/site-packages/airflow/example_dags/example_short_circuit_operator.py
[2024-10-29T17:07:53.116+0000] {processor.py:840} INFO - DAG(s) 'example_short_circuit_operator' retrieved from /home/airflow/.local/lib/python3.11/site-packages/airflow/example_dags/example_short_circuit_operator.py
[2024-10-29T17:07:53.155+0000] {logging_mixin.py:188} INFO - [2024-10-29T17:07:53.155+0000] {dag.py:3096} INFO - Sync 1 DAGs
[2024-10-29T17:07:53.195+0000] {logging_mixin.py:188} INFO - [2024-10-29T17:07:53.194+0000] {dag.py:3954} INFO - Setting next_dagrun for example_short_circuit_operator to 2024-10-28 00:00:00+00:00, run_after=2024-10-29 00:00:00+00:00
[2024-10-29T17:07:53.233+0000] {processor.py:183} INFO - Processing /home/airflow/.local/lib/python3.11/site-packages/airflow/example_dags/example_short_circuit_operator.py took 0.142 seconds
[2024-10-29T17:08:23.466+0000] {processor.py:161} INFO - Started process (PID=3431) to work on /home/airflow/.local/lib/python3.11/site-packages/airflow/example_dags/example_short_circuit_operator.py
[2024-10-29T17:08:23.467+0000] {processor.py:830} INFO - Processing file /home/airflow/.local/lib/python3.11/site-packages/airflow/example_dags/example_short_circuit_operator.py for tasks to queue
[2024-10-29T17:08:23.468+0000] {logging_mixin.py:188} INFO - [2024-10-29T17:08:23.468+0000] {dagbag.py:545} INFO - Filling up the DagBag from /home/airflow/.local/lib/python3.11/site-packages/airflow/example_dags/example_short_circuit_operator.py
[2024-10-29T17:08:23.475+0000] {processor.py:840} INFO - DAG(s) 'example_short_circuit_operator' retrieved from /home/airflow/.local/lib/python3.11/site-packages/airflow/example_dags/example_short_circuit_operator.py
[2024-10-29T17:08:23.501+0000] {logging_mixin.py:188} INFO - [2024-10-29T17:08:23.501+0000] {dag.py:3096} INFO - Sync 1 DAGs
[2024-10-29T17:08:23.521+0000] {logging_mixin.py:188} INFO - [2024-10-29T17:08:23.520+0000] {dag.py:3954} INFO - Setting next_dagrun for example_short_circuit_operator to 2024-10-28 00:00:00+00:00, run_after=2024-10-29 00:00:00+00:00
[2024-10-29T17:08:23.548+0000] {processor.py:183} INFO - Processing /home/airflow/.local/lib/python3.11/site-packages/airflow/example_dags/example_short_circuit_operator.py took 0.088 seconds
[2024-10-29T17:09:27.341+0000] {processor.py:161} INFO - Started process (PID=280) to work on /home/airflow/.local/lib/python3.11/site-packages/airflow/example_dags/example_short_circuit_operator.py
[2024-10-29T17:09:27.342+0000] {processor.py:830} INFO - Processing file /home/airflow/.local/lib/python3.11/site-packages/airflow/example_dags/example_short_circuit_operator.py for tasks to queue
[2024-10-29T17:09:27.344+0000] {logging_mixin.py:188} INFO - [2024-10-29T17:09:27.343+0000] {dagbag.py:545} INFO - Filling up the DagBag from /home/airflow/.local/lib/python3.11/site-packages/airflow/example_dags/example_short_circuit_operator.py
[2024-10-29T17:09:27.606+0000] {processor.py:840} INFO - DAG(s) 'example_short_circuit_operator' retrieved from /home/airflow/.local/lib/python3.11/site-packages/airflow/example_dags/example_short_circuit_operator.py
[2024-10-29T17:09:27.621+0000] {logging_mixin.py:188} INFO - [2024-10-29T17:09:27.620+0000] {dag.py:3096} INFO - Sync 1 DAGs
[2024-10-29T17:09:27.648+0000] {logging_mixin.py:188} INFO - [2024-10-29T17:09:27.648+0000] {dag.py:3954} INFO - Setting next_dagrun for example_short_circuit_operator to 2024-10-28 00:00:00+00:00, run_after=2024-10-29 00:00:00+00:00
[2024-10-29T17:09:27.673+0000] {processor.py:183} INFO - Processing /home/airflow/.local/lib/python3.11/site-packages/airflow/example_dags/example_short_circuit_operator.py took 0.337 seconds
[2024-10-29T17:09:58.841+0000] {processor.py:161} INFO - Started process (PID=542) to work on /home/airflow/.local/lib/python3.11/site-packages/airflow/example_dags/example_short_circuit_operator.py
[2024-10-29T17:09:58.842+0000] {processor.py:830} INFO - Processing file /home/airflow/.local/lib/python3.11/site-packages/airflow/example_dags/example_short_circuit_operator.py for tasks to queue
[2024-10-29T17:09:58.844+0000] {logging_mixin.py:188} INFO - [2024-10-29T17:09:58.843+0000] {dagbag.py:545} INFO - Filling up the DagBag from /home/airflow/.local/lib/python3.11/site-packages/airflow/example_dags/example_short_circuit_operator.py
[2024-10-29T17:09:58.860+0000] {processor.py:840} INFO - DAG(s) 'example_short_circuit_operator' retrieved from /home/airflow/.local/lib/python3.11/site-packages/airflow/example_dags/example_short_circuit_operator.py
[2024-10-29T17:09:58.978+0000] {logging_mixin.py:188} INFO - [2024-10-29T17:09:58.978+0000] {dag.py:3096} INFO - Sync 1 DAGs
[2024-10-29T17:09:58.999+0000] {logging_mixin.py:188} INFO - [2024-10-29T17:09:58.999+0000] {dag.py:3954} INFO - Setting next_dagrun for example_short_circuit_operator to 2024-10-28 00:00:00+00:00, run_after=2024-10-29 00:00:00+00:00
[2024-10-29T17:09:59.024+0000] {processor.py:183} INFO - Processing /home/airflow/.local/lib/python3.11/site-packages/airflow/example_dags/example_short_circuit_operator.py took 0.189 seconds
[2024-10-29T17:10:30.035+0000] {processor.py:161} INFO - Started process (PID=804) to work on /home/airflow/.local/lib/python3.11/site-packages/airflow/example_dags/example_short_circuit_operator.py
[2024-10-29T17:10:30.037+0000] {processor.py:830} INFO - Processing file /home/airflow/.local/lib/python3.11/site-packages/airflow/example_dags/example_short_circuit_operator.py for tasks to queue
[2024-10-29T17:10:30.040+0000] {logging_mixin.py:188} INFO - [2024-10-29T17:10:30.039+0000] {dagbag.py:545} INFO - Filling up the DagBag from /home/airflow/.local/lib/python3.11/site-packages/airflow/example_dags/example_short_circuit_operator.py
[2024-10-29T17:10:30.048+0000] {processor.py:840} INFO - DAG(s) 'example_short_circuit_operator' retrieved from /home/airflow/.local/lib/python3.11/site-packages/airflow/example_dags/example_short_circuit_operator.py
[2024-10-29T17:10:30.081+0000] {logging_mixin.py:188} INFO - [2024-10-29T17:10:30.080+0000] {dag.py:3096} INFO - Sync 1 DAGs
[2024-10-29T17:10:30.104+0000] {logging_mixin.py:188} INFO - [2024-10-29T17:10:30.104+0000] {dag.py:3954} INFO - Setting next_dagrun for example_short_circuit_operator to 2024-10-28 00:00:00+00:00, run_after=2024-10-29 00:00:00+00:00
[2024-10-29T17:10:30.127+0000] {processor.py:183} INFO - Processing /home/airflow/.local/lib/python3.11/site-packages/airflow/example_dags/example_short_circuit_operator.py took 0.098 seconds
[2024-10-29T17:11:00.458+0000] {processor.py:161} INFO - Started process (PID=1068) to work on /home/airflow/.local/lib/python3.11/site-packages/airflow/example_dags/example_short_circuit_operator.py
[2024-10-29T17:11:00.459+0000] {processor.py:830} INFO - Processing file /home/airflow/.local/lib/python3.11/site-packages/airflow/example_dags/example_short_circuit_operator.py for tasks to queue
[2024-10-29T17:11:00.461+0000] {logging_mixin.py:188} INFO - [2024-10-29T17:11:00.460+0000] {dagbag.py:545} INFO - Filling up the DagBag from /home/airflow/.local/lib/python3.11/site-packages/airflow/example_dags/example_short_circuit_operator.py
[2024-10-29T17:11:00.467+0000] {processor.py:840} INFO - DAG(s) 'example_short_circuit_operator' retrieved from /home/airflow/.local/lib/python3.11/site-packages/airflow/example_dags/example_short_circuit_operator.py
[2024-10-29T17:11:00.489+0000] {logging_mixin.py:188} INFO - [2024-10-29T17:11:00.489+0000] {dag.py:3096} INFO - Sync 1 DAGs
[2024-10-29T17:11:00.506+0000] {logging_mixin.py:188} INFO - [2024-10-29T17:11:00.506+0000] {dag.py:3954} INFO - Setting next_dagrun for example_short_circuit_operator to 2024-10-28 00:00:00+00:00, run_after=2024-10-29 00:00:00+00:00
[2024-10-29T17:11:00.528+0000] {processor.py:183} INFO - Processing /home/airflow/.local/lib/python3.11/site-packages/airflow/example_dags/example_short_circuit_operator.py took 0.075 seconds
[2024-10-29T17:11:30.663+0000] {processor.py:161} INFO - Started process (PID=1330) to work on /home/airflow/.local/lib/python3.11/site-packages/airflow/example_dags/example_short_circuit_operator.py
[2024-10-29T17:11:30.664+0000] {processor.py:830} INFO - Processing file /home/airflow/.local/lib/python3.11/site-packages/airflow/example_dags/example_short_circuit_operator.py for tasks to queue
[2024-10-29T17:11:30.666+0000] {logging_mixin.py:188} INFO - [2024-10-29T17:11:30.666+0000] {dagbag.py:545} INFO - Filling up the DagBag from /home/airflow/.local/lib/python3.11/site-packages/airflow/example_dags/example_short_circuit_operator.py
[2024-10-29T17:11:30.674+0000] {processor.py:840} INFO - DAG(s) 'example_short_circuit_operator' retrieved from /home/airflow/.local/lib/python3.11/site-packages/airflow/example_dags/example_short_circuit_operator.py
[2024-10-29T17:11:30.694+0000] {logging_mixin.py:188} INFO - [2024-10-29T17:11:30.694+0000] {dag.py:3096} INFO - Sync 1 DAGs
[2024-10-29T17:11:30.712+0000] {logging_mixin.py:188} INFO - [2024-10-29T17:11:30.712+0000] {dag.py:3954} INFO - Setting next_dagrun for example_short_circuit_operator to 2024-10-28 00:00:00+00:00, run_after=2024-10-29 00:00:00+00:00
[2024-10-29T17:11:30.731+0000] {processor.py:183} INFO - Processing /home/airflow/.local/lib/python3.11/site-packages/airflow/example_dags/example_short_circuit_operator.py took 0.074 seconds
[2024-10-29T17:12:01.760+0000] {processor.py:161} INFO - Started process (PID=1598) to work on /home/airflow/.local/lib/python3.11/site-packages/airflow/example_dags/example_short_circuit_operator.py
[2024-10-29T17:12:01.761+0000] {processor.py:830} INFO - Processing file /home/airflow/.local/lib/python3.11/site-packages/airflow/example_dags/example_short_circuit_operator.py for tasks to queue
[2024-10-29T17:12:01.763+0000] {logging_mixin.py:188} INFO - [2024-10-29T17:12:01.762+0000] {dagbag.py:545} INFO - Filling up the DagBag from /home/airflow/.local/lib/python3.11/site-packages/airflow/example_dags/example_short_circuit_operator.py
[2024-10-29T17:12:01.770+0000] {processor.py:840} INFO - DAG(s) 'example_short_circuit_operator' retrieved from /home/airflow/.local/lib/python3.11/site-packages/airflow/example_dags/example_short_circuit_operator.py
[2024-10-29T17:12:01.796+0000] {logging_mixin.py:188} INFO - [2024-10-29T17:12:01.796+0000] {dag.py:3096} INFO - Sync 1 DAGs
[2024-10-29T17:12:01.817+0000] {logging_mixin.py:188} INFO - [2024-10-29T17:12:01.817+0000] {dag.py:3954} INFO - Setting next_dagrun for example_short_circuit_operator to 2024-10-28 00:00:00+00:00, run_after=2024-10-29 00:00:00+00:00
[2024-10-29T17:12:01.841+0000] {processor.py:183} INFO - Processing /home/airflow/.local/lib/python3.11/site-packages/airflow/example_dags/example_short_circuit_operator.py took 0.087 seconds
[2024-10-29T17:12:32.259+0000] {processor.py:161} INFO - Started process (PID=1858) to work on /home/airflow/.local/lib/python3.11/site-packages/airflow/example_dags/example_short_circuit_operator.py
[2024-10-29T17:12:32.260+0000] {processor.py:830} INFO - Processing file /home/airflow/.local/lib/python3.11/site-packages/airflow/example_dags/example_short_circuit_operator.py for tasks to queue
[2024-10-29T17:12:32.263+0000] {logging_mixin.py:188} INFO - [2024-10-29T17:12:32.263+0000] {dagbag.py:545} INFO - Filling up the DagBag from /home/airflow/.local/lib/python3.11/site-packages/airflow/example_dags/example_short_circuit_operator.py
[2024-10-29T17:12:32.279+0000] {processor.py:840} INFO - DAG(s) 'example_short_circuit_operator' retrieved from /home/airflow/.local/lib/python3.11/site-packages/airflow/example_dags/example_short_circuit_operator.py
[2024-10-29T17:12:32.312+0000] {logging_mixin.py:188} INFO - [2024-10-29T17:12:32.312+0000] {dag.py:3096} INFO - Sync 1 DAGs
[2024-10-29T17:12:32.345+0000] {logging_mixin.py:188} INFO - [2024-10-29T17:12:32.344+0000] {dag.py:3954} INFO - Setting next_dagrun for example_short_circuit_operator to 2024-10-28 00:00:00+00:00, run_after=2024-10-29 00:00:00+00:00
[2024-10-29T17:12:32.375+0000] {processor.py:183} INFO - Processing /home/airflow/.local/lib/python3.11/site-packages/airflow/example_dags/example_short_circuit_operator.py took 0.124 seconds
