[2024-10-29T17:02:19.730+0000] {processor.py:161} INFO - Started process (PID=316) to work on /home/airflow/.local/lib/python3.11/site-packages/airflow/example_dags/example_task_group.py
[2024-10-29T17:02:19.733+0000] {processor.py:830} INFO - Processing file /home/airflow/.local/lib/python3.11/site-packages/airflow/example_dags/example_task_group.py for tasks to queue
[2024-10-29T17:02:19.736+0000] {logging_mixin.py:188} INFO - [2024-10-29T17:02:19.735+0000] {dagbag.py:545} INFO - Filling up the DagBag from /home/airflow/.local/lib/python3.11/site-packages/airflow/example_dags/example_task_group.py
[2024-10-29T17:02:19.955+0000] {processor.py:840} INFO - DAG(s) 'example_task_group' retrieved from /home/airflow/.local/lib/python3.11/site-packages/airflow/example_dags/example_task_group.py
[2024-10-29T17:02:20.089+0000] {logging_mixin.py:188} INFO - [2024-10-29T17:02:20.088+0000] {override.py:1829} INFO - Created Permission View: can edit on DAG:example_task_group
[2024-10-29T17:02:20.114+0000] {logging_mixin.py:188} INFO - [2024-10-29T17:02:20.114+0000] {override.py:1829} INFO - Created Permission View: can delete on DAG:example_task_group
[2024-10-29T17:02:20.127+0000] {logging_mixin.py:188} INFO - [2024-10-29T17:02:20.127+0000] {override.py:1829} INFO - Created Permission View: can read on DAG:example_task_group
[2024-10-29T17:02:20.129+0000] {logging_mixin.py:188} INFO - [2024-10-29T17:02:20.128+0000] {dag.py:3096} INFO - Sync 1 DAGs
[2024-10-29T17:02:20.150+0000] {logging_mixin.py:188} INFO - [2024-10-29T17:02:20.149+0000] {dag.py:3118} INFO - Creating ORM DAG for example_task_group
[2024-10-29T17:02:20.166+0000] {logging_mixin.py:188} INFO - [2024-10-29T17:02:20.165+0000] {dag.py:3954} INFO - Setting next_dagrun for example_task_group to 2024-10-28 00:00:00+00:00, run_after=2024-10-29 00:00:00+00:00
[2024-10-29T17:02:20.187+0000] {processor.py:183} INFO - Processing /home/airflow/.local/lib/python3.11/site-packages/airflow/example_dags/example_task_group.py took 0.466 seconds
[2024-10-29T17:02:50.337+0000] {processor.py:161} INFO - Started process (PID=580) to work on /home/airflow/.local/lib/python3.11/site-packages/airflow/example_dags/example_task_group.py
[2024-10-29T17:02:50.338+0000] {processor.py:830} INFO - Processing file /home/airflow/.local/lib/python3.11/site-packages/airflow/example_dags/example_task_group.py for tasks to queue
[2024-10-29T17:02:50.340+0000] {logging_mixin.py:188} INFO - [2024-10-29T17:02:50.340+0000] {dagbag.py:545} INFO - Filling up the DagBag from /home/airflow/.local/lib/python3.11/site-packages/airflow/example_dags/example_task_group.py
[2024-10-29T17:02:50.347+0000] {processor.py:840} INFO - DAG(s) 'example_task_group' retrieved from /home/airflow/.local/lib/python3.11/site-packages/airflow/example_dags/example_task_group.py
[2024-10-29T17:02:50.371+0000] {logging_mixin.py:188} INFO - [2024-10-29T17:02:50.370+0000] {dag.py:3096} INFO - Sync 1 DAGs
[2024-10-29T17:02:50.391+0000] {logging_mixin.py:188} INFO - [2024-10-29T17:02:50.390+0000] {dag.py:3954} INFO - Setting next_dagrun for example_task_group to 2024-10-28 00:00:00+00:00, run_after=2024-10-29 00:00:00+00:00
[2024-10-29T17:02:50.417+0000] {processor.py:183} INFO - Processing /home/airflow/.local/lib/python3.11/site-packages/airflow/example_dags/example_task_group.py took 0.088 seconds
[2024-10-29T17:03:20.734+0000] {processor.py:161} INFO - Started process (PID=840) to work on /home/airflow/.local/lib/python3.11/site-packages/airflow/example_dags/example_task_group.py
[2024-10-29T17:03:20.735+0000] {processor.py:830} INFO - Processing file /home/airflow/.local/lib/python3.11/site-packages/airflow/example_dags/example_task_group.py for tasks to queue
[2024-10-29T17:03:20.737+0000] {logging_mixin.py:188} INFO - [2024-10-29T17:03:20.737+0000] {dagbag.py:545} INFO - Filling up the DagBag from /home/airflow/.local/lib/python3.11/site-packages/airflow/example_dags/example_task_group.py
[2024-10-29T17:03:20.747+0000] {processor.py:840} INFO - DAG(s) 'example_task_group' retrieved from /home/airflow/.local/lib/python3.11/site-packages/airflow/example_dags/example_task_group.py
[2024-10-29T17:03:20.767+0000] {logging_mixin.py:188} INFO - [2024-10-29T17:03:20.766+0000] {dag.py:3096} INFO - Sync 1 DAGs
[2024-10-29T17:03:20.784+0000] {logging_mixin.py:188} INFO - [2024-10-29T17:03:20.784+0000] {dag.py:3954} INFO - Setting next_dagrun for example_task_group to 2024-10-28 00:00:00+00:00, run_after=2024-10-29 00:00:00+00:00
[2024-10-29T17:03:20.808+0000] {processor.py:183} INFO - Processing /home/airflow/.local/lib/python3.11/site-packages/airflow/example_dags/example_task_group.py took 0.080 seconds
[2024-10-29T17:03:51.601+0000] {processor.py:161} INFO - Started process (PID=1103) to work on /home/airflow/.local/lib/python3.11/site-packages/airflow/example_dags/example_task_group.py
[2024-10-29T17:03:51.608+0000] {processor.py:830} INFO - Processing file /home/airflow/.local/lib/python3.11/site-packages/airflow/example_dags/example_task_group.py for tasks to queue
[2024-10-29T17:03:51.613+0000] {logging_mixin.py:188} INFO - [2024-10-29T17:03:51.611+0000] {dagbag.py:545} INFO - Filling up the DagBag from /home/airflow/.local/lib/python3.11/site-packages/airflow/example_dags/example_task_group.py
[2024-10-29T17:03:51.644+0000] {processor.py:840} INFO - DAG(s) 'example_task_group' retrieved from /home/airflow/.local/lib/python3.11/site-packages/airflow/example_dags/example_task_group.py
[2024-10-29T17:03:51.729+0000] {logging_mixin.py:188} INFO - [2024-10-29T17:03:51.726+0000] {dag.py:3096} INFO - Sync 1 DAGs
[2024-10-29T17:03:51.823+0000] {logging_mixin.py:188} INFO - [2024-10-29T17:03:51.819+0000] {dag.py:3954} INFO - Setting next_dagrun for example_task_group to 2024-10-28 00:00:00+00:00, run_after=2024-10-29 00:00:00+00:00
[2024-10-29T17:03:51.902+0000] {processor.py:183} INFO - Processing /home/airflow/.local/lib/python3.11/site-packages/airflow/example_dags/example_task_group.py took 0.312 seconds
[2024-10-29T17:04:22.741+0000] {processor.py:161} INFO - Started process (PID=1365) to work on /home/airflow/.local/lib/python3.11/site-packages/airflow/example_dags/example_task_group.py
[2024-10-29T17:04:22.744+0000] {processor.py:830} INFO - Processing file /home/airflow/.local/lib/python3.11/site-packages/airflow/example_dags/example_task_group.py for tasks to queue
[2024-10-29T17:04:22.747+0000] {logging_mixin.py:188} INFO - [2024-10-29T17:04:22.747+0000] {dagbag.py:545} INFO - Filling up the DagBag from /home/airflow/.local/lib/python3.11/site-packages/airflow/example_dags/example_task_group.py
[2024-10-29T17:04:22.764+0000] {processor.py:840} INFO - DAG(s) 'example_task_group' retrieved from /home/airflow/.local/lib/python3.11/site-packages/airflow/example_dags/example_task_group.py
[2024-10-29T17:04:22.796+0000] {logging_mixin.py:188} INFO - [2024-10-29T17:04:22.795+0000] {dag.py:3096} INFO - Sync 1 DAGs
[2024-10-29T17:04:22.823+0000] {logging_mixin.py:188} INFO - [2024-10-29T17:04:22.823+0000] {dag.py:3954} INFO - Setting next_dagrun for example_task_group to 2024-10-28 00:00:00+00:00, run_after=2024-10-29 00:00:00+00:00
[2024-10-29T17:04:22.850+0000] {processor.py:183} INFO - Processing /home/airflow/.local/lib/python3.11/site-packages/airflow/example_dags/example_task_group.py took 0.123 seconds
[2024-10-29T17:04:52.904+0000] {processor.py:161} INFO - Started process (PID=1627) to work on /home/airflow/.local/lib/python3.11/site-packages/airflow/example_dags/example_task_group.py
[2024-10-29T17:04:52.905+0000] {processor.py:830} INFO - Processing file /home/airflow/.local/lib/python3.11/site-packages/airflow/example_dags/example_task_group.py for tasks to queue
[2024-10-29T17:04:52.906+0000] {logging_mixin.py:188} INFO - [2024-10-29T17:04:52.906+0000] {dagbag.py:545} INFO - Filling up the DagBag from /home/airflow/.local/lib/python3.11/site-packages/airflow/example_dags/example_task_group.py
[2024-10-29T17:04:52.912+0000] {processor.py:840} INFO - DAG(s) 'example_task_group' retrieved from /home/airflow/.local/lib/python3.11/site-packages/airflow/example_dags/example_task_group.py
[2024-10-29T17:04:52.932+0000] {logging_mixin.py:188} INFO - [2024-10-29T17:04:52.932+0000] {dag.py:3096} INFO - Sync 1 DAGs
[2024-10-29T17:04:52.951+0000] {logging_mixin.py:188} INFO - [2024-10-29T17:04:52.951+0000] {dag.py:3954} INFO - Setting next_dagrun for example_task_group to 2024-10-28 00:00:00+00:00, run_after=2024-10-29 00:00:00+00:00
[2024-10-29T17:04:52.972+0000] {processor.py:183} INFO - Processing /home/airflow/.local/lib/python3.11/site-packages/airflow/example_dags/example_task_group.py took 0.074 seconds
[2024-10-29T17:05:23.211+0000] {processor.py:161} INFO - Started process (PID=1889) to work on /home/airflow/.local/lib/python3.11/site-packages/airflow/example_dags/example_task_group.py
[2024-10-29T17:05:23.212+0000] {processor.py:830} INFO - Processing file /home/airflow/.local/lib/python3.11/site-packages/airflow/example_dags/example_task_group.py for tasks to queue
[2024-10-29T17:05:23.214+0000] {logging_mixin.py:188} INFO - [2024-10-29T17:05:23.214+0000] {dagbag.py:545} INFO - Filling up the DagBag from /home/airflow/.local/lib/python3.11/site-packages/airflow/example_dags/example_task_group.py
[2024-10-29T17:05:23.221+0000] {processor.py:840} INFO - DAG(s) 'example_task_group' retrieved from /home/airflow/.local/lib/python3.11/site-packages/airflow/example_dags/example_task_group.py
[2024-10-29T17:05:23.241+0000] {logging_mixin.py:188} INFO - [2024-10-29T17:05:23.241+0000] {dag.py:3096} INFO - Sync 1 DAGs
[2024-10-29T17:05:23.260+0000] {logging_mixin.py:188} INFO - [2024-10-29T17:05:23.260+0000] {dag.py:3954} INFO - Setting next_dagrun for example_task_group to 2024-10-28 00:00:00+00:00, run_after=2024-10-29 00:00:00+00:00
[2024-10-29T17:05:23.282+0000] {processor.py:183} INFO - Processing /home/airflow/.local/lib/python3.11/site-packages/airflow/example_dags/example_task_group.py took 0.077 seconds
[2024-10-29T17:05:53.439+0000] {processor.py:161} INFO - Started process (PID=2151) to work on /home/airflow/.local/lib/python3.11/site-packages/airflow/example_dags/example_task_group.py
[2024-10-29T17:05:53.440+0000] {processor.py:830} INFO - Processing file /home/airflow/.local/lib/python3.11/site-packages/airflow/example_dags/example_task_group.py for tasks to queue
[2024-10-29T17:05:53.442+0000] {logging_mixin.py:188} INFO - [2024-10-29T17:05:53.441+0000] {dagbag.py:545} INFO - Filling up the DagBag from /home/airflow/.local/lib/python3.11/site-packages/airflow/example_dags/example_task_group.py
[2024-10-29T17:05:53.448+0000] {processor.py:840} INFO - DAG(s) 'example_task_group' retrieved from /home/airflow/.local/lib/python3.11/site-packages/airflow/example_dags/example_task_group.py
[2024-10-29T17:05:53.468+0000] {logging_mixin.py:188} INFO - [2024-10-29T17:05:53.468+0000] {dag.py:3096} INFO - Sync 1 DAGs
[2024-10-29T17:05:53.486+0000] {logging_mixin.py:188} INFO - [2024-10-29T17:05:53.485+0000] {dag.py:3954} INFO - Setting next_dagrun for example_task_group to 2024-10-28 00:00:00+00:00, run_after=2024-10-29 00:00:00+00:00
[2024-10-29T17:05:53.507+0000] {processor.py:183} INFO - Processing /home/airflow/.local/lib/python3.11/site-packages/airflow/example_dags/example_task_group.py took 0.074 seconds
[2024-10-29T17:06:23.626+0000] {processor.py:161} INFO - Started process (PID=2413) to work on /home/airflow/.local/lib/python3.11/site-packages/airflow/example_dags/example_task_group.py
[2024-10-29T17:06:23.626+0000] {processor.py:830} INFO - Processing file /home/airflow/.local/lib/python3.11/site-packages/airflow/example_dags/example_task_group.py for tasks to queue
[2024-10-29T17:06:23.629+0000] {logging_mixin.py:188} INFO - [2024-10-29T17:06:23.628+0000] {dagbag.py:545} INFO - Filling up the DagBag from /home/airflow/.local/lib/python3.11/site-packages/airflow/example_dags/example_task_group.py
[2024-10-29T17:06:23.637+0000] {processor.py:840} INFO - DAG(s) 'example_task_group' retrieved from /home/airflow/.local/lib/python3.11/site-packages/airflow/example_dags/example_task_group.py
[2024-10-29T17:06:23.662+0000] {logging_mixin.py:188} INFO - [2024-10-29T17:06:23.662+0000] {dag.py:3096} INFO - Sync 1 DAGs
[2024-10-29T17:06:23.680+0000] {logging_mixin.py:188} INFO - [2024-10-29T17:06:23.680+0000] {dag.py:3954} INFO - Setting next_dagrun for example_task_group to 2024-10-28 00:00:00+00:00, run_after=2024-10-29 00:00:00+00:00
[2024-10-29T17:06:23.709+0000] {processor.py:183} INFO - Processing /home/airflow/.local/lib/python3.11/site-packages/airflow/example_dags/example_task_group.py took 0.089 seconds
[2024-10-29T17:06:53.780+0000] {processor.py:161} INFO - Started process (PID=2675) to work on /home/airflow/.local/lib/python3.11/site-packages/airflow/example_dags/example_task_group.py
[2024-10-29T17:06:53.781+0000] {processor.py:830} INFO - Processing file /home/airflow/.local/lib/python3.11/site-packages/airflow/example_dags/example_task_group.py for tasks to queue
[2024-10-29T17:06:53.783+0000] {logging_mixin.py:188} INFO - [2024-10-29T17:06:53.782+0000] {dagbag.py:545} INFO - Filling up the DagBag from /home/airflow/.local/lib/python3.11/site-packages/airflow/example_dags/example_task_group.py
[2024-10-29T17:06:53.789+0000] {processor.py:840} INFO - DAG(s) 'example_task_group' retrieved from /home/airflow/.local/lib/python3.11/site-packages/airflow/example_dags/example_task_group.py
[2024-10-29T17:06:53.808+0000] {logging_mixin.py:188} INFO - [2024-10-29T17:06:53.808+0000] {dag.py:3096} INFO - Sync 1 DAGs
[2024-10-29T17:06:53.827+0000] {logging_mixin.py:188} INFO - [2024-10-29T17:06:53.827+0000] {dag.py:3954} INFO - Setting next_dagrun for example_task_group to 2024-10-28 00:00:00+00:00, run_after=2024-10-29 00:00:00+00:00
[2024-10-29T17:06:53.851+0000] {processor.py:183} INFO - Processing /home/airflow/.local/lib/python3.11/site-packages/airflow/example_dags/example_task_group.py took 0.077 seconds
[2024-10-29T17:07:24.111+0000] {processor.py:161} INFO - Started process (PID=2937) to work on /home/airflow/.local/lib/python3.11/site-packages/airflow/example_dags/example_task_group.py
[2024-10-29T17:07:24.113+0000] {processor.py:830} INFO - Processing file /home/airflow/.local/lib/python3.11/site-packages/airflow/example_dags/example_task_group.py for tasks to queue
[2024-10-29T17:07:24.116+0000] {logging_mixin.py:188} INFO - [2024-10-29T17:07:24.116+0000] {dagbag.py:545} INFO - Filling up the DagBag from /home/airflow/.local/lib/python3.11/site-packages/airflow/example_dags/example_task_group.py
[2024-10-29T17:07:24.124+0000] {processor.py:840} INFO - DAG(s) 'example_task_group' retrieved from /home/airflow/.local/lib/python3.11/site-packages/airflow/example_dags/example_task_group.py
[2024-10-29T17:07:24.145+0000] {logging_mixin.py:188} INFO - [2024-10-29T17:07:24.145+0000] {dag.py:3096} INFO - Sync 1 DAGs
[2024-10-29T17:07:24.171+0000] {logging_mixin.py:188} INFO - [2024-10-29T17:07:24.171+0000] {dag.py:3954} INFO - Setting next_dagrun for example_task_group to 2024-10-28 00:00:00+00:00, run_after=2024-10-29 00:00:00+00:00
[2024-10-29T17:07:24.194+0000] {processor.py:183} INFO - Processing /home/airflow/.local/lib/python3.11/site-packages/airflow/example_dags/example_task_group.py took 0.092 seconds
[2024-10-29T17:07:54.581+0000] {processor.py:161} INFO - Started process (PID=3199) to work on /home/airflow/.local/lib/python3.11/site-packages/airflow/example_dags/example_task_group.py
[2024-10-29T17:07:54.582+0000] {processor.py:830} INFO - Processing file /home/airflow/.local/lib/python3.11/site-packages/airflow/example_dags/example_task_group.py for tasks to queue
[2024-10-29T17:07:54.586+0000] {logging_mixin.py:188} INFO - [2024-10-29T17:07:54.585+0000] {dagbag.py:545} INFO - Filling up the DagBag from /home/airflow/.local/lib/python3.11/site-packages/airflow/example_dags/example_task_group.py
[2024-10-29T17:07:54.596+0000] {processor.py:840} INFO - DAG(s) 'example_task_group' retrieved from /home/airflow/.local/lib/python3.11/site-packages/airflow/example_dags/example_task_group.py
[2024-10-29T17:07:54.634+0000] {logging_mixin.py:188} INFO - [2024-10-29T17:07:54.634+0000] {dag.py:3096} INFO - Sync 1 DAGs
[2024-10-29T17:07:54.674+0000] {logging_mixin.py:188} INFO - [2024-10-29T17:07:54.673+0000] {dag.py:3954} INFO - Setting next_dagrun for example_task_group to 2024-10-28 00:00:00+00:00, run_after=2024-10-29 00:00:00+00:00
[2024-10-29T17:07:54.706+0000] {processor.py:183} INFO - Processing /home/airflow/.local/lib/python3.11/site-packages/airflow/example_dags/example_task_group.py took 0.133 seconds
[2024-10-29T17:08:24.891+0000] {processor.py:161} INFO - Started process (PID=3461) to work on /home/airflow/.local/lib/python3.11/site-packages/airflow/example_dags/example_task_group.py
[2024-10-29T17:08:24.892+0000] {processor.py:830} INFO - Processing file /home/airflow/.local/lib/python3.11/site-packages/airflow/example_dags/example_task_group.py for tasks to queue
[2024-10-29T17:08:24.893+0000] {logging_mixin.py:188} INFO - [2024-10-29T17:08:24.893+0000] {dagbag.py:545} INFO - Filling up the DagBag from /home/airflow/.local/lib/python3.11/site-packages/airflow/example_dags/example_task_group.py
[2024-10-29T17:08:24.900+0000] {processor.py:840} INFO - DAG(s) 'example_task_group' retrieved from /home/airflow/.local/lib/python3.11/site-packages/airflow/example_dags/example_task_group.py
[2024-10-29T17:08:24.919+0000] {logging_mixin.py:188} INFO - [2024-10-29T17:08:24.919+0000] {dag.py:3096} INFO - Sync 1 DAGs
[2024-10-29T17:08:24.941+0000] {logging_mixin.py:188} INFO - [2024-10-29T17:08:24.941+0000] {dag.py:3954} INFO - Setting next_dagrun for example_task_group to 2024-10-28 00:00:00+00:00, run_after=2024-10-29 00:00:00+00:00
[2024-10-29T17:08:24.963+0000] {processor.py:183} INFO - Processing /home/airflow/.local/lib/python3.11/site-packages/airflow/example_dags/example_task_group.py took 0.079 seconds
[2024-10-29T17:09:28.486+0000] {processor.py:161} INFO - Started process (PID=310) to work on /home/airflow/.local/lib/python3.11/site-packages/airflow/example_dags/example_task_group.py
[2024-10-29T17:09:28.487+0000] {processor.py:830} INFO - Processing file /home/airflow/.local/lib/python3.11/site-packages/airflow/example_dags/example_task_group.py for tasks to queue
[2024-10-29T17:09:28.489+0000] {logging_mixin.py:188} INFO - [2024-10-29T17:09:28.489+0000] {dagbag.py:545} INFO - Filling up the DagBag from /home/airflow/.local/lib/python3.11/site-packages/airflow/example_dags/example_task_group.py
[2024-10-29T17:09:28.671+0000] {processor.py:840} INFO - DAG(s) 'example_task_group' retrieved from /home/airflow/.local/lib/python3.11/site-packages/airflow/example_dags/example_task_group.py
[2024-10-29T17:09:28.684+0000] {logging_mixin.py:188} INFO - [2024-10-29T17:09:28.684+0000] {dag.py:3096} INFO - Sync 1 DAGs
[2024-10-29T17:09:28.709+0000] {logging_mixin.py:188} INFO - [2024-10-29T17:09:28.709+0000] {dag.py:3954} INFO - Setting next_dagrun for example_task_group to 2024-10-28 00:00:00+00:00, run_after=2024-10-29 00:00:00+00:00
[2024-10-29T17:09:28.755+0000] {processor.py:183} INFO - Processing /home/airflow/.local/lib/python3.11/site-packages/airflow/example_dags/example_task_group.py took 0.277 seconds
[2024-10-29T17:09:59.432+0000] {processor.py:161} INFO - Started process (PID=572) to work on /home/airflow/.local/lib/python3.11/site-packages/airflow/example_dags/example_task_group.py
[2024-10-29T17:09:59.433+0000] {processor.py:830} INFO - Processing file /home/airflow/.local/lib/python3.11/site-packages/airflow/example_dags/example_task_group.py for tasks to queue
[2024-10-29T17:09:59.435+0000] {logging_mixin.py:188} INFO - [2024-10-29T17:09:59.435+0000] {dagbag.py:545} INFO - Filling up the DagBag from /home/airflow/.local/lib/python3.11/site-packages/airflow/example_dags/example_task_group.py
[2024-10-29T17:09:59.442+0000] {processor.py:840} INFO - DAG(s) 'example_task_group' retrieved from /home/airflow/.local/lib/python3.11/site-packages/airflow/example_dags/example_task_group.py
[2024-10-29T17:09:59.544+0000] {logging_mixin.py:188} INFO - [2024-10-29T17:09:59.544+0000] {dag.py:3096} INFO - Sync 1 DAGs
[2024-10-29T17:09:59.563+0000] {logging_mixin.py:188} INFO - [2024-10-29T17:09:59.563+0000] {dag.py:3954} INFO - Setting next_dagrun for example_task_group to 2024-10-28 00:00:00+00:00, run_after=2024-10-29 00:00:00+00:00
[2024-10-29T17:09:59.586+0000] {processor.py:183} INFO - Processing /home/airflow/.local/lib/python3.11/site-packages/airflow/example_dags/example_task_group.py took 0.160 seconds
[2024-10-29T17:10:30.590+0000] {processor.py:161} INFO - Started process (PID=835) to work on /home/airflow/.local/lib/python3.11/site-packages/airflow/example_dags/example_task_group.py
[2024-10-29T17:10:30.592+0000] {processor.py:830} INFO - Processing file /home/airflow/.local/lib/python3.11/site-packages/airflow/example_dags/example_task_group.py for tasks to queue
[2024-10-29T17:10:30.596+0000] {logging_mixin.py:188} INFO - [2024-10-29T17:10:30.595+0000] {dagbag.py:545} INFO - Filling up the DagBag from /home/airflow/.local/lib/python3.11/site-packages/airflow/example_dags/example_task_group.py
[2024-10-29T17:10:30.612+0000] {processor.py:840} INFO - DAG(s) 'example_task_group' retrieved from /home/airflow/.local/lib/python3.11/site-packages/airflow/example_dags/example_task_group.py
[2024-10-29T17:10:30.658+0000] {logging_mixin.py:188} INFO - [2024-10-29T17:10:30.657+0000] {dag.py:3096} INFO - Sync 1 DAGs
[2024-10-29T17:10:30.791+0000] {logging_mixin.py:188} INFO - [2024-10-29T17:10:30.783+0000] {dag.py:3954} INFO - Setting next_dagrun for example_task_group to 2024-10-28 00:00:00+00:00, run_after=2024-10-29 00:00:00+00:00
[2024-10-29T17:10:30.849+0000] {processor.py:183} INFO - Processing /home/airflow/.local/lib/python3.11/site-packages/airflow/example_dags/example_task_group.py took 0.273 seconds
[2024-10-29T17:11:00.929+0000] {processor.py:161} INFO - Started process (PID=1104) to work on /home/airflow/.local/lib/python3.11/site-packages/airflow/example_dags/example_task_group.py
[2024-10-29T17:11:00.930+0000] {processor.py:830} INFO - Processing file /home/airflow/.local/lib/python3.11/site-packages/airflow/example_dags/example_task_group.py for tasks to queue
[2024-10-29T17:11:00.932+0000] {logging_mixin.py:188} INFO - [2024-10-29T17:11:00.931+0000] {dagbag.py:545} INFO - Filling up the DagBag from /home/airflow/.local/lib/python3.11/site-packages/airflow/example_dags/example_task_group.py
[2024-10-29T17:11:00.947+0000] {processor.py:840} INFO - DAG(s) 'example_task_group' retrieved from /home/airflow/.local/lib/python3.11/site-packages/airflow/example_dags/example_task_group.py
[2024-10-29T17:11:00.991+0000] {logging_mixin.py:188} INFO - [2024-10-29T17:11:00.990+0000] {dag.py:3096} INFO - Sync 1 DAGs
[2024-10-29T17:11:01.014+0000] {logging_mixin.py:188} INFO - [2024-10-29T17:11:01.014+0000] {dag.py:3954} INFO - Setting next_dagrun for example_task_group to 2024-10-28 00:00:00+00:00, run_after=2024-10-29 00:00:00+00:00
[2024-10-29T17:11:01.041+0000] {processor.py:183} INFO - Processing /home/airflow/.local/lib/python3.11/site-packages/airflow/example_dags/example_task_group.py took 0.119 seconds
[2024-10-29T17:11:31.997+0000] {processor.py:161} INFO - Started process (PID=1366) to work on /home/airflow/.local/lib/python3.11/site-packages/airflow/example_dags/example_task_group.py
[2024-10-29T17:11:31.997+0000] {processor.py:830} INFO - Processing file /home/airflow/.local/lib/python3.11/site-packages/airflow/example_dags/example_task_group.py for tasks to queue
[2024-10-29T17:11:31.999+0000] {logging_mixin.py:188} INFO - [2024-10-29T17:11:31.999+0000] {dagbag.py:545} INFO - Filling up the DagBag from /home/airflow/.local/lib/python3.11/site-packages/airflow/example_dags/example_task_group.py
[2024-10-29T17:11:32.006+0000] {processor.py:840} INFO - DAG(s) 'example_task_group' retrieved from /home/airflow/.local/lib/python3.11/site-packages/airflow/example_dags/example_task_group.py
[2024-10-29T17:11:32.026+0000] {logging_mixin.py:188} INFO - [2024-10-29T17:11:32.026+0000] {dag.py:3096} INFO - Sync 1 DAGs
[2024-10-29T17:11:32.044+0000] {logging_mixin.py:188} INFO - [2024-10-29T17:11:32.044+0000] {dag.py:3954} INFO - Setting next_dagrun for example_task_group to 2024-10-28 00:00:00+00:00, run_after=2024-10-29 00:00:00+00:00
[2024-10-29T17:11:32.063+0000] {processor.py:183} INFO - Processing /home/airflow/.local/lib/python3.11/site-packages/airflow/example_dags/example_task_group.py took 0.072 seconds
[2024-10-29T17:12:02.223+0000] {processor.py:161} INFO - Started process (PID=1628) to work on /home/airflow/.local/lib/python3.11/site-packages/airflow/example_dags/example_task_group.py
[2024-10-29T17:12:02.224+0000] {processor.py:830} INFO - Processing file /home/airflow/.local/lib/python3.11/site-packages/airflow/example_dags/example_task_group.py for tasks to queue
[2024-10-29T17:12:02.225+0000] {logging_mixin.py:188} INFO - [2024-10-29T17:12:02.225+0000] {dagbag.py:545} INFO - Filling up the DagBag from /home/airflow/.local/lib/python3.11/site-packages/airflow/example_dags/example_task_group.py
[2024-10-29T17:12:02.232+0000] {processor.py:840} INFO - DAG(s) 'example_task_group' retrieved from /home/airflow/.local/lib/python3.11/site-packages/airflow/example_dags/example_task_group.py
[2024-10-29T17:12:02.252+0000] {logging_mixin.py:188} INFO - [2024-10-29T17:12:02.252+0000] {dag.py:3096} INFO - Sync 1 DAGs
[2024-10-29T17:12:02.270+0000] {logging_mixin.py:188} INFO - [2024-10-29T17:12:02.270+0000] {dag.py:3954} INFO - Setting next_dagrun for example_task_group to 2024-10-28 00:00:00+00:00, run_after=2024-10-29 00:00:00+00:00
[2024-10-29T17:12:02.291+0000] {processor.py:183} INFO - Processing /home/airflow/.local/lib/python3.11/site-packages/airflow/example_dags/example_task_group.py took 0.074 seconds
[2024-10-29T17:12:32.696+0000] {processor.py:161} INFO - Started process (PID=1890) to work on /home/airflow/.local/lib/python3.11/site-packages/airflow/example_dags/example_task_group.py
[2024-10-29T17:12:32.697+0000] {processor.py:830} INFO - Processing file /home/airflow/.local/lib/python3.11/site-packages/airflow/example_dags/example_task_group.py for tasks to queue
[2024-10-29T17:12:32.699+0000] {logging_mixin.py:188} INFO - [2024-10-29T17:12:32.698+0000] {dagbag.py:545} INFO - Filling up the DagBag from /home/airflow/.local/lib/python3.11/site-packages/airflow/example_dags/example_task_group.py
[2024-10-29T17:12:32.707+0000] {processor.py:840} INFO - DAG(s) 'example_task_group' retrieved from /home/airflow/.local/lib/python3.11/site-packages/airflow/example_dags/example_task_group.py
[2024-10-29T17:12:32.733+0000] {logging_mixin.py:188} INFO - [2024-10-29T17:12:32.733+0000] {dag.py:3096} INFO - Sync 1 DAGs
[2024-10-29T17:12:32.760+0000] {logging_mixin.py:188} INFO - [2024-10-29T17:12:32.760+0000] {dag.py:3954} INFO - Setting next_dagrun for example_task_group to 2024-10-28 00:00:00+00:00, run_after=2024-10-29 00:00:00+00:00
[2024-10-29T17:12:32.785+0000] {processor.py:183} INFO - Processing /home/airflow/.local/lib/python3.11/site-packages/airflow/example_dags/example_task_group.py took 0.097 seconds
