[2024-10-29T17:02:14.514+0000] {processor.py:161} INFO - Started process (PID=196) to work on /home/airflow/.local/lib/python3.11/site-packages/airflow/example_dags/example_nested_branch_dag.py
[2024-10-29T17:02:14.515+0000] {processor.py:830} INFO - Processing file /home/airflow/.local/lib/python3.11/site-packages/airflow/example_dags/example_nested_branch_dag.py for tasks to queue
[2024-10-29T17:02:14.516+0000] {logging_mixin.py:188} INFO - [2024-10-29T17:02:14.516+0000] {dagbag.py:545} INFO - Filling up the DagBag from /home/airflow/.local/lib/python3.11/site-packages/airflow/example_dags/example_nested_branch_dag.py
[2024-10-29T17:02:14.527+0000] {processor.py:840} INFO - DAG(s) 'example_nested_branch_dag' retrieved from /home/airflow/.local/lib/python3.11/site-packages/airflow/example_dags/example_nested_branch_dag.py
[2024-10-29T17:02:14.815+0000] {logging_mixin.py:188} INFO - [2024-10-29T17:02:14.813+0000] {override.py:1829} INFO - Created Permission View: can edit on DAG:example_nested_branch_dag
[2024-10-29T17:02:14.828+0000] {logging_mixin.py:188} INFO - [2024-10-29T17:02:14.828+0000] {override.py:1829} INFO - Created Permission View: can delete on DAG:example_nested_branch_dag
[2024-10-29T17:02:14.837+0000] {logging_mixin.py:188} INFO - [2024-10-29T17:02:14.837+0000] {override.py:1829} INFO - Created Permission View: can read on DAG:example_nested_branch_dag
[2024-10-29T17:02:14.838+0000] {logging_mixin.py:188} INFO - [2024-10-29T17:02:14.838+0000] {dag.py:3096} INFO - Sync 1 DAGs
[2024-10-29T17:02:14.849+0000] {logging_mixin.py:188} INFO - [2024-10-29T17:02:14.849+0000] {dag.py:3118} INFO - Creating ORM DAG for example_nested_branch_dag
[2024-10-29T17:02:14.859+0000] {logging_mixin.py:188} INFO - [2024-10-29T17:02:14.859+0000] {dag.py:3954} INFO - Setting next_dagrun for example_nested_branch_dag to 2024-10-28 00:00:00+00:00, run_after=2024-10-29 00:00:00+00:00
[2024-10-29T17:02:14.883+0000] {processor.py:183} INFO - Processing /home/airflow/.local/lib/python3.11/site-packages/airflow/example_dags/example_nested_branch_dag.py took 0.374 seconds
[2024-10-29T17:02:45.080+0000] {processor.py:161} INFO - Started process (PID=458) to work on /home/airflow/.local/lib/python3.11/site-packages/airflow/example_dags/example_nested_branch_dag.py
[2024-10-29T17:02:45.083+0000] {processor.py:830} INFO - Processing file /home/airflow/.local/lib/python3.11/site-packages/airflow/example_dags/example_nested_branch_dag.py for tasks to queue
[2024-10-29T17:02:45.090+0000] {logging_mixin.py:188} INFO - [2024-10-29T17:02:45.087+0000] {dagbag.py:545} INFO - Filling up the DagBag from /home/airflow/.local/lib/python3.11/site-packages/airflow/example_dags/example_nested_branch_dag.py
[2024-10-29T17:02:45.121+0000] {processor.py:840} INFO - DAG(s) 'example_nested_branch_dag' retrieved from /home/airflow/.local/lib/python3.11/site-packages/airflow/example_dags/example_nested_branch_dag.py
[2024-10-29T17:02:45.178+0000] {logging_mixin.py:188} INFO - [2024-10-29T17:02:45.177+0000] {dag.py:3096} INFO - Sync 1 DAGs
[2024-10-29T17:02:45.236+0000] {logging_mixin.py:188} INFO - [2024-10-29T17:02:45.235+0000] {dag.py:3954} INFO - Setting next_dagrun for example_nested_branch_dag to 2024-10-28 00:00:00+00:00, run_after=2024-10-29 00:00:00+00:00
[2024-10-29T17:02:45.319+0000] {processor.py:183} INFO - Processing /home/airflow/.local/lib/python3.11/site-packages/airflow/example_dags/example_nested_branch_dag.py took 0.247 seconds
[2024-10-29T17:03:16.229+0000] {processor.py:161} INFO - Started process (PID=720) to work on /home/airflow/.local/lib/python3.11/site-packages/airflow/example_dags/example_nested_branch_dag.py
[2024-10-29T17:03:16.230+0000] {processor.py:830} INFO - Processing file /home/airflow/.local/lib/python3.11/site-packages/airflow/example_dags/example_nested_branch_dag.py for tasks to queue
[2024-10-29T17:03:16.233+0000] {logging_mixin.py:188} INFO - [2024-10-29T17:03:16.232+0000] {dagbag.py:545} INFO - Filling up the DagBag from /home/airflow/.local/lib/python3.11/site-packages/airflow/example_dags/example_nested_branch_dag.py
[2024-10-29T17:03:16.246+0000] {processor.py:840} INFO - DAG(s) 'example_nested_branch_dag' retrieved from /home/airflow/.local/lib/python3.11/site-packages/airflow/example_dags/example_nested_branch_dag.py
[2024-10-29T17:03:16.270+0000] {logging_mixin.py:188} INFO - [2024-10-29T17:03:16.269+0000] {dag.py:3096} INFO - Sync 1 DAGs
[2024-10-29T17:03:16.297+0000] {logging_mixin.py:188} INFO - [2024-10-29T17:03:16.297+0000] {dag.py:3954} INFO - Setting next_dagrun for example_nested_branch_dag to 2024-10-28 00:00:00+00:00, run_after=2024-10-29 00:00:00+00:00
[2024-10-29T17:03:16.319+0000] {processor.py:183} INFO - Processing /home/airflow/.local/lib/python3.11/site-packages/airflow/example_dags/example_nested_branch_dag.py took 0.097 seconds
[2024-10-29T17:03:46.551+0000] {processor.py:161} INFO - Started process (PID=983) to work on /home/airflow/.local/lib/python3.11/site-packages/airflow/example_dags/example_nested_branch_dag.py
[2024-10-29T17:03:46.552+0000] {processor.py:830} INFO - Processing file /home/airflow/.local/lib/python3.11/site-packages/airflow/example_dags/example_nested_branch_dag.py for tasks to queue
[2024-10-29T17:03:46.554+0000] {logging_mixin.py:188} INFO - [2024-10-29T17:03:46.553+0000] {dagbag.py:545} INFO - Filling up the DagBag from /home/airflow/.local/lib/python3.11/site-packages/airflow/example_dags/example_nested_branch_dag.py
[2024-10-29T17:03:46.573+0000] {processor.py:840} INFO - DAG(s) 'example_nested_branch_dag' retrieved from /home/airflow/.local/lib/python3.11/site-packages/airflow/example_dags/example_nested_branch_dag.py
[2024-10-29T17:03:46.620+0000] {logging_mixin.py:188} INFO - [2024-10-29T17:03:46.620+0000] {dag.py:3096} INFO - Sync 1 DAGs
[2024-10-29T17:03:46.678+0000] {logging_mixin.py:188} INFO - [2024-10-29T17:03:46.678+0000] {dag.py:3954} INFO - Setting next_dagrun for example_nested_branch_dag to 2024-10-28 00:00:00+00:00, run_after=2024-10-29 00:00:00+00:00
[2024-10-29T17:03:46.719+0000] {processor.py:183} INFO - Processing /home/airflow/.local/lib/python3.11/site-packages/airflow/example_dags/example_nested_branch_dag.py took 0.174 seconds
[2024-10-29T17:04:17.086+0000] {processor.py:161} INFO - Started process (PID=1245) to work on /home/airflow/.local/lib/python3.11/site-packages/airflow/example_dags/example_nested_branch_dag.py
[2024-10-29T17:04:17.087+0000] {processor.py:830} INFO - Processing file /home/airflow/.local/lib/python3.11/site-packages/airflow/example_dags/example_nested_branch_dag.py for tasks to queue
[2024-10-29T17:04:17.089+0000] {logging_mixin.py:188} INFO - [2024-10-29T17:04:17.089+0000] {dagbag.py:545} INFO - Filling up the DagBag from /home/airflow/.local/lib/python3.11/site-packages/airflow/example_dags/example_nested_branch_dag.py
[2024-10-29T17:04:17.106+0000] {processor.py:840} INFO - DAG(s) 'example_nested_branch_dag' retrieved from /home/airflow/.local/lib/python3.11/site-packages/airflow/example_dags/example_nested_branch_dag.py
[2024-10-29T17:04:17.136+0000] {logging_mixin.py:188} INFO - [2024-10-29T17:04:17.136+0000] {dag.py:3096} INFO - Sync 1 DAGs
[2024-10-29T17:04:17.166+0000] {logging_mixin.py:188} INFO - [2024-10-29T17:04:17.165+0000] {dag.py:3954} INFO - Setting next_dagrun for example_nested_branch_dag to 2024-10-28 00:00:00+00:00, run_after=2024-10-29 00:00:00+00:00
[2024-10-29T17:04:17.189+0000] {processor.py:183} INFO - Processing /home/airflow/.local/lib/python3.11/site-packages/airflow/example_dags/example_nested_branch_dag.py took 0.111 seconds
[2024-10-29T17:04:47.457+0000] {processor.py:161} INFO - Started process (PID=1507) to work on /home/airflow/.local/lib/python3.11/site-packages/airflow/example_dags/example_nested_branch_dag.py
[2024-10-29T17:04:47.459+0000] {processor.py:830} INFO - Processing file /home/airflow/.local/lib/python3.11/site-packages/airflow/example_dags/example_nested_branch_dag.py for tasks to queue
[2024-10-29T17:04:47.462+0000] {logging_mixin.py:188} INFO - [2024-10-29T17:04:47.462+0000] {dagbag.py:545} INFO - Filling up the DagBag from /home/airflow/.local/lib/python3.11/site-packages/airflow/example_dags/example_nested_branch_dag.py
[2024-10-29T17:04:47.474+0000] {processor.py:840} INFO - DAG(s) 'example_nested_branch_dag' retrieved from /home/airflow/.local/lib/python3.11/site-packages/airflow/example_dags/example_nested_branch_dag.py
[2024-10-29T17:04:47.494+0000] {logging_mixin.py:188} INFO - [2024-10-29T17:04:47.494+0000] {dag.py:3096} INFO - Sync 1 DAGs
[2024-10-29T17:04:47.525+0000] {logging_mixin.py:188} INFO - [2024-10-29T17:04:47.524+0000] {dag.py:3954} INFO - Setting next_dagrun for example_nested_branch_dag to 2024-10-28 00:00:00+00:00, run_after=2024-10-29 00:00:00+00:00
[2024-10-29T17:04:47.544+0000] {processor.py:183} INFO - Processing /home/airflow/.local/lib/python3.11/site-packages/airflow/example_dags/example_nested_branch_dag.py took 0.092 seconds
[2024-10-29T17:05:17.660+0000] {processor.py:161} INFO - Started process (PID=1766) to work on /home/airflow/.local/lib/python3.11/site-packages/airflow/example_dags/example_nested_branch_dag.py
[2024-10-29T17:05:17.661+0000] {processor.py:830} INFO - Processing file /home/airflow/.local/lib/python3.11/site-packages/airflow/example_dags/example_nested_branch_dag.py for tasks to queue
[2024-10-29T17:05:17.663+0000] {logging_mixin.py:188} INFO - [2024-10-29T17:05:17.662+0000] {dagbag.py:545} INFO - Filling up the DagBag from /home/airflow/.local/lib/python3.11/site-packages/airflow/example_dags/example_nested_branch_dag.py
[2024-10-29T17:05:17.673+0000] {processor.py:840} INFO - DAG(s) 'example_nested_branch_dag' retrieved from /home/airflow/.local/lib/python3.11/site-packages/airflow/example_dags/example_nested_branch_dag.py
[2024-10-29T17:05:17.694+0000] {logging_mixin.py:188} INFO - [2024-10-29T17:05:17.694+0000] {dag.py:3096} INFO - Sync 1 DAGs
[2024-10-29T17:05:17.713+0000] {logging_mixin.py:188} INFO - [2024-10-29T17:05:17.713+0000] {dag.py:3954} INFO - Setting next_dagrun for example_nested_branch_dag to 2024-10-28 00:00:00+00:00, run_after=2024-10-29 00:00:00+00:00
[2024-10-29T17:05:17.736+0000] {processor.py:183} INFO - Processing /home/airflow/.local/lib/python3.11/site-packages/airflow/example_dags/example_nested_branch_dag.py took 0.082 seconds
[2024-10-29T17:05:47.830+0000] {processor.py:161} INFO - Started process (PID=2028) to work on /home/airflow/.local/lib/python3.11/site-packages/airflow/example_dags/example_nested_branch_dag.py
[2024-10-29T17:05:47.831+0000] {processor.py:830} INFO - Processing file /home/airflow/.local/lib/python3.11/site-packages/airflow/example_dags/example_nested_branch_dag.py for tasks to queue
[2024-10-29T17:05:47.833+0000] {logging_mixin.py:188} INFO - [2024-10-29T17:05:47.833+0000] {dagbag.py:545} INFO - Filling up the DagBag from /home/airflow/.local/lib/python3.11/site-packages/airflow/example_dags/example_nested_branch_dag.py
[2024-10-29T17:05:47.842+0000] {processor.py:840} INFO - DAG(s) 'example_nested_branch_dag' retrieved from /home/airflow/.local/lib/python3.11/site-packages/airflow/example_dags/example_nested_branch_dag.py
[2024-10-29T17:05:47.861+0000] {logging_mixin.py:188} INFO - [2024-10-29T17:05:47.861+0000] {dag.py:3096} INFO - Sync 1 DAGs
[2024-10-29T17:05:47.881+0000] {logging_mixin.py:188} INFO - [2024-10-29T17:05:47.881+0000] {dag.py:3954} INFO - Setting next_dagrun for example_nested_branch_dag to 2024-10-28 00:00:00+00:00, run_after=2024-10-29 00:00:00+00:00
[2024-10-29T17:05:47.901+0000] {processor.py:183} INFO - Processing /home/airflow/.local/lib/python3.11/site-packages/airflow/example_dags/example_nested_branch_dag.py took 0.076 seconds
[2024-10-29T17:06:17.964+0000] {processor.py:161} INFO - Started process (PID=2290) to work on /home/airflow/.local/lib/python3.11/site-packages/airflow/example_dags/example_nested_branch_dag.py
[2024-10-29T17:06:17.965+0000] {processor.py:830} INFO - Processing file /home/airflow/.local/lib/python3.11/site-packages/airflow/example_dags/example_nested_branch_dag.py for tasks to queue
[2024-10-29T17:06:17.967+0000] {logging_mixin.py:188} INFO - [2024-10-29T17:06:17.966+0000] {dagbag.py:545} INFO - Filling up the DagBag from /home/airflow/.local/lib/python3.11/site-packages/airflow/example_dags/example_nested_branch_dag.py
[2024-10-29T17:06:17.977+0000] {processor.py:840} INFO - DAG(s) 'example_nested_branch_dag' retrieved from /home/airflow/.local/lib/python3.11/site-packages/airflow/example_dags/example_nested_branch_dag.py
[2024-10-29T17:06:17.997+0000] {logging_mixin.py:188} INFO - [2024-10-29T17:06:17.996+0000] {dag.py:3096} INFO - Sync 1 DAGs
[2024-10-29T17:06:18.016+0000] {logging_mixin.py:188} INFO - [2024-10-29T17:06:18.016+0000] {dag.py:3954} INFO - Setting next_dagrun for example_nested_branch_dag to 2024-10-28 00:00:00+00:00, run_after=2024-10-29 00:00:00+00:00
[2024-10-29T17:06:18.036+0000] {processor.py:183} INFO - Processing /home/airflow/.local/lib/python3.11/site-packages/airflow/example_dags/example_nested_branch_dag.py took 0.079 seconds
[2024-10-29T17:06:48.254+0000] {processor.py:161} INFO - Started process (PID=2552) to work on /home/airflow/.local/lib/python3.11/site-packages/airflow/example_dags/example_nested_branch_dag.py
[2024-10-29T17:06:48.255+0000] {processor.py:830} INFO - Processing file /home/airflow/.local/lib/python3.11/site-packages/airflow/example_dags/example_nested_branch_dag.py for tasks to queue
[2024-10-29T17:06:48.256+0000] {logging_mixin.py:188} INFO - [2024-10-29T17:06:48.256+0000] {dagbag.py:545} INFO - Filling up the DagBag from /home/airflow/.local/lib/python3.11/site-packages/airflow/example_dags/example_nested_branch_dag.py
[2024-10-29T17:06:48.265+0000] {processor.py:840} INFO - DAG(s) 'example_nested_branch_dag' retrieved from /home/airflow/.local/lib/python3.11/site-packages/airflow/example_dags/example_nested_branch_dag.py
[2024-10-29T17:06:48.286+0000] {logging_mixin.py:188} INFO - [2024-10-29T17:06:48.285+0000] {dag.py:3096} INFO - Sync 1 DAGs
[2024-10-29T17:06:48.305+0000] {logging_mixin.py:188} INFO - [2024-10-29T17:06:48.305+0000] {dag.py:3954} INFO - Setting next_dagrun for example_nested_branch_dag to 2024-10-28 00:00:00+00:00, run_after=2024-10-29 00:00:00+00:00
[2024-10-29T17:06:48.326+0000] {processor.py:183} INFO - Processing /home/airflow/.local/lib/python3.11/site-packages/airflow/example_dags/example_nested_branch_dag.py took 0.078 seconds
[2024-10-29T17:07:18.587+0000] {processor.py:161} INFO - Started process (PID=2814) to work on /home/airflow/.local/lib/python3.11/site-packages/airflow/example_dags/example_nested_branch_dag.py
[2024-10-29T17:07:18.588+0000] {processor.py:830} INFO - Processing file /home/airflow/.local/lib/python3.11/site-packages/airflow/example_dags/example_nested_branch_dag.py for tasks to queue
[2024-10-29T17:07:18.590+0000] {logging_mixin.py:188} INFO - [2024-10-29T17:07:18.590+0000] {dagbag.py:545} INFO - Filling up the DagBag from /home/airflow/.local/lib/python3.11/site-packages/airflow/example_dags/example_nested_branch_dag.py
[2024-10-29T17:07:18.600+0000] {processor.py:840} INFO - DAG(s) 'example_nested_branch_dag' retrieved from /home/airflow/.local/lib/python3.11/site-packages/airflow/example_dags/example_nested_branch_dag.py
[2024-10-29T17:07:18.626+0000] {logging_mixin.py:188} INFO - [2024-10-29T17:07:18.626+0000] {dag.py:3096} INFO - Sync 1 DAGs
[2024-10-29T17:07:18.649+0000] {logging_mixin.py:188} INFO - [2024-10-29T17:07:18.649+0000] {dag.py:3954} INFO - Setting next_dagrun for example_nested_branch_dag to 2024-10-28 00:00:00+00:00, run_after=2024-10-29 00:00:00+00:00
[2024-10-29T17:07:18.671+0000] {processor.py:183} INFO - Processing /home/airflow/.local/lib/python3.11/site-packages/airflow/example_dags/example_nested_branch_dag.py took 0.089 seconds
[2024-10-29T17:07:49.016+0000] {processor.py:161} INFO - Started process (PID=3076) to work on /home/airflow/.local/lib/python3.11/site-packages/airflow/example_dags/example_nested_branch_dag.py
[2024-10-29T17:07:49.017+0000] {processor.py:830} INFO - Processing file /home/airflow/.local/lib/python3.11/site-packages/airflow/example_dags/example_nested_branch_dag.py for tasks to queue
[2024-10-29T17:07:49.020+0000] {logging_mixin.py:188} INFO - [2024-10-29T17:07:49.020+0000] {dagbag.py:545} INFO - Filling up the DagBag from /home/airflow/.local/lib/python3.11/site-packages/airflow/example_dags/example_nested_branch_dag.py
[2024-10-29T17:07:49.030+0000] {processor.py:840} INFO - DAG(s) 'example_nested_branch_dag' retrieved from /home/airflow/.local/lib/python3.11/site-packages/airflow/example_dags/example_nested_branch_dag.py
[2024-10-29T17:07:49.052+0000] {logging_mixin.py:188} INFO - [2024-10-29T17:07:49.051+0000] {dag.py:3096} INFO - Sync 1 DAGs
[2024-10-29T17:07:49.076+0000] {logging_mixin.py:188} INFO - [2024-10-29T17:07:49.075+0000] {dag.py:3954} INFO - Setting next_dagrun for example_nested_branch_dag to 2024-10-28 00:00:00+00:00, run_after=2024-10-29 00:00:00+00:00
[2024-10-29T17:07:49.099+0000] {processor.py:183} INFO - Processing /home/airflow/.local/lib/python3.11/site-packages/airflow/example_dags/example_nested_branch_dag.py took 0.090 seconds
[2024-10-29T17:08:19.340+0000] {processor.py:161} INFO - Started process (PID=3338) to work on /home/airflow/.local/lib/python3.11/site-packages/airflow/example_dags/example_nested_branch_dag.py
[2024-10-29T17:08:19.341+0000] {processor.py:830} INFO - Processing file /home/airflow/.local/lib/python3.11/site-packages/airflow/example_dags/example_nested_branch_dag.py for tasks to queue
[2024-10-29T17:08:19.346+0000] {logging_mixin.py:188} INFO - [2024-10-29T17:08:19.345+0000] {dagbag.py:545} INFO - Filling up the DagBag from /home/airflow/.local/lib/python3.11/site-packages/airflow/example_dags/example_nested_branch_dag.py
[2024-10-29T17:08:19.358+0000] {processor.py:840} INFO - DAG(s) 'example_nested_branch_dag' retrieved from /home/airflow/.local/lib/python3.11/site-packages/airflow/example_dags/example_nested_branch_dag.py
[2024-10-29T17:08:19.378+0000] {logging_mixin.py:188} INFO - [2024-10-29T17:08:19.378+0000] {dag.py:3096} INFO - Sync 1 DAGs
[2024-10-29T17:08:19.412+0000] {logging_mixin.py:188} INFO - [2024-10-29T17:08:19.412+0000] {dag.py:3954} INFO - Setting next_dagrun for example_nested_branch_dag to 2024-10-28 00:00:00+00:00, run_after=2024-10-29 00:00:00+00:00
[2024-10-29T17:08:19.447+0000] {processor.py:183} INFO - Processing /home/airflow/.local/lib/python3.11/site-packages/airflow/example_dags/example_nested_branch_dag.py took 0.112 seconds
[2024-10-29T17:09:26.054+0000] {processor.py:161} INFO - Started process (PID=192) to work on /home/airflow/.local/lib/python3.11/site-packages/airflow/example_dags/example_nested_branch_dag.py
[2024-10-29T17:09:26.055+0000] {processor.py:830} INFO - Processing file /home/airflow/.local/lib/python3.11/site-packages/airflow/example_dags/example_nested_branch_dag.py for tasks to queue
[2024-10-29T17:09:26.061+0000] {logging_mixin.py:188} INFO - [2024-10-29T17:09:26.060+0000] {dagbag.py:545} INFO - Filling up the DagBag from /home/airflow/.local/lib/python3.11/site-packages/airflow/example_dags/example_nested_branch_dag.py
[2024-10-29T17:09:26.073+0000] {processor.py:840} INFO - DAG(s) 'example_nested_branch_dag' retrieved from /home/airflow/.local/lib/python3.11/site-packages/airflow/example_dags/example_nested_branch_dag.py
[2024-10-29T17:09:26.086+0000] {logging_mixin.py:188} INFO - [2024-10-29T17:09:26.086+0000] {dag.py:3096} INFO - Sync 1 DAGs
[2024-10-29T17:09:26.112+0000] {logging_mixin.py:188} INFO - [2024-10-29T17:09:26.111+0000] {dag.py:3954} INFO - Setting next_dagrun for example_nested_branch_dag to 2024-10-28 00:00:00+00:00, run_after=2024-10-29 00:00:00+00:00
[2024-10-29T17:09:26.134+0000] {processor.py:183} INFO - Processing /home/airflow/.local/lib/python3.11/site-packages/airflow/example_dags/example_nested_branch_dag.py took 0.086 seconds
[2024-10-29T17:09:56.698+0000] {processor.py:161} INFO - Started process (PID=452) to work on /home/airflow/.local/lib/python3.11/site-packages/airflow/example_dags/example_nested_branch_dag.py
[2024-10-29T17:09:56.699+0000] {processor.py:830} INFO - Processing file /home/airflow/.local/lib/python3.11/site-packages/airflow/example_dags/example_nested_branch_dag.py for tasks to queue
[2024-10-29T17:09:56.701+0000] {logging_mixin.py:188} INFO - [2024-10-29T17:09:56.701+0000] {dagbag.py:545} INFO - Filling up the DagBag from /home/airflow/.local/lib/python3.11/site-packages/airflow/example_dags/example_nested_branch_dag.py
[2024-10-29T17:09:56.711+0000] {processor.py:840} INFO - DAG(s) 'example_nested_branch_dag' retrieved from /home/airflow/.local/lib/python3.11/site-packages/airflow/example_dags/example_nested_branch_dag.py
[2024-10-29T17:09:56.808+0000] {logging_mixin.py:188} INFO - [2024-10-29T17:09:56.808+0000] {dag.py:3096} INFO - Sync 1 DAGs
[2024-10-29T17:09:56.829+0000] {logging_mixin.py:188} INFO - [2024-10-29T17:09:56.828+0000] {dag.py:3954} INFO - Setting next_dagrun for example_nested_branch_dag to 2024-10-28 00:00:00+00:00, run_after=2024-10-29 00:00:00+00:00
[2024-10-29T17:09:56.849+0000] {processor.py:183} INFO - Processing /home/airflow/.local/lib/python3.11/site-packages/airflow/example_dags/example_nested_branch_dag.py took 0.156 seconds
[2024-10-29T17:10:27.489+0000] {processor.py:161} INFO - Started process (PID=714) to work on /home/airflow/.local/lib/python3.11/site-packages/airflow/example_dags/example_nested_branch_dag.py
[2024-10-29T17:10:27.493+0000] {processor.py:830} INFO - Processing file /home/airflow/.local/lib/python3.11/site-packages/airflow/example_dags/example_nested_branch_dag.py for tasks to queue
[2024-10-29T17:10:27.498+0000] {logging_mixin.py:188} INFO - [2024-10-29T17:10:27.496+0000] {dagbag.py:545} INFO - Filling up the DagBag from /home/airflow/.local/lib/python3.11/site-packages/airflow/example_dags/example_nested_branch_dag.py
[2024-10-29T17:10:27.536+0000] {processor.py:840} INFO - DAG(s) 'example_nested_branch_dag' retrieved from /home/airflow/.local/lib/python3.11/site-packages/airflow/example_dags/example_nested_branch_dag.py
[2024-10-29T17:10:27.635+0000] {logging_mixin.py:188} INFO - [2024-10-29T17:10:27.634+0000] {dag.py:3096} INFO - Sync 1 DAGs
[2024-10-29T17:10:27.758+0000] {logging_mixin.py:188} INFO - [2024-10-29T17:10:27.757+0000] {dag.py:3954} INFO - Setting next_dagrun for example_nested_branch_dag to 2024-10-28 00:00:00+00:00, run_after=2024-10-29 00:00:00+00:00
[2024-10-29T17:10:27.896+0000] {processor.py:183} INFO - Processing /home/airflow/.local/lib/python3.11/site-packages/airflow/example_dags/example_nested_branch_dag.py took 0.422 seconds
[2024-10-29T17:10:58.032+0000] {processor.py:161} INFO - Started process (PID=978) to work on /home/airflow/.local/lib/python3.11/site-packages/airflow/example_dags/example_nested_branch_dag.py
[2024-10-29T17:10:58.033+0000] {processor.py:830} INFO - Processing file /home/airflow/.local/lib/python3.11/site-packages/airflow/example_dags/example_nested_branch_dag.py for tasks to queue
[2024-10-29T17:10:58.035+0000] {logging_mixin.py:188} INFO - [2024-10-29T17:10:58.035+0000] {dagbag.py:545} INFO - Filling up the DagBag from /home/airflow/.local/lib/python3.11/site-packages/airflow/example_dags/example_nested_branch_dag.py
[2024-10-29T17:10:58.044+0000] {processor.py:840} INFO - DAG(s) 'example_nested_branch_dag' retrieved from /home/airflow/.local/lib/python3.11/site-packages/airflow/example_dags/example_nested_branch_dag.py
[2024-10-29T17:10:58.063+0000] {logging_mixin.py:188} INFO - [2024-10-29T17:10:58.063+0000] {dag.py:3096} INFO - Sync 1 DAGs
[2024-10-29T17:10:58.083+0000] {logging_mixin.py:188} INFO - [2024-10-29T17:10:58.083+0000] {dag.py:3954} INFO - Setting next_dagrun for example_nested_branch_dag to 2024-10-28 00:00:00+00:00, run_after=2024-10-29 00:00:00+00:00
[2024-10-29T17:10:58.104+0000] {processor.py:183} INFO - Processing /home/airflow/.local/lib/python3.11/site-packages/airflow/example_dags/example_nested_branch_dag.py took 0.077 seconds
[2024-10-29T17:11:28.708+0000] {processor.py:161} INFO - Started process (PID=1238) to work on /home/airflow/.local/lib/python3.11/site-packages/airflow/example_dags/example_nested_branch_dag.py
[2024-10-29T17:11:28.709+0000] {processor.py:830} INFO - Processing file /home/airflow/.local/lib/python3.11/site-packages/airflow/example_dags/example_nested_branch_dag.py for tasks to queue
[2024-10-29T17:11:28.711+0000] {logging_mixin.py:188} INFO - [2024-10-29T17:11:28.711+0000] {dagbag.py:545} INFO - Filling up the DagBag from /home/airflow/.local/lib/python3.11/site-packages/airflow/example_dags/example_nested_branch_dag.py
[2024-10-29T17:11:28.719+0000] {processor.py:840} INFO - DAG(s) 'example_nested_branch_dag' retrieved from /home/airflow/.local/lib/python3.11/site-packages/airflow/example_dags/example_nested_branch_dag.py
[2024-10-29T17:11:28.739+0000] {logging_mixin.py:188} INFO - [2024-10-29T17:11:28.739+0000] {dag.py:3096} INFO - Sync 1 DAGs
[2024-10-29T17:11:28.759+0000] {logging_mixin.py:188} INFO - [2024-10-29T17:11:28.759+0000] {dag.py:3954} INFO - Setting next_dagrun for example_nested_branch_dag to 2024-10-28 00:00:00+00:00, run_after=2024-10-29 00:00:00+00:00
[2024-10-29T17:11:28.778+0000] {processor.py:183} INFO - Processing /home/airflow/.local/lib/python3.11/site-packages/airflow/example_dags/example_nested_branch_dag.py took 0.075 seconds
[2024-10-29T17:11:59.553+0000] {processor.py:161} INFO - Started process (PID=1500) to work on /home/airflow/.local/lib/python3.11/site-packages/airflow/example_dags/example_nested_branch_dag.py
[2024-10-29T17:11:59.554+0000] {processor.py:830} INFO - Processing file /home/airflow/.local/lib/python3.11/site-packages/airflow/example_dags/example_nested_branch_dag.py for tasks to queue
[2024-10-29T17:11:59.556+0000] {logging_mixin.py:188} INFO - [2024-10-29T17:11:59.556+0000] {dagbag.py:545} INFO - Filling up the DagBag from /home/airflow/.local/lib/python3.11/site-packages/airflow/example_dags/example_nested_branch_dag.py
[2024-10-29T17:11:59.564+0000] {processor.py:840} INFO - DAG(s) 'example_nested_branch_dag' retrieved from /home/airflow/.local/lib/python3.11/site-packages/airflow/example_dags/example_nested_branch_dag.py
[2024-10-29T17:11:59.584+0000] {logging_mixin.py:188} INFO - [2024-10-29T17:11:59.584+0000] {dag.py:3096} INFO - Sync 1 DAGs
[2024-10-29T17:11:59.604+0000] {logging_mixin.py:188} INFO - [2024-10-29T17:11:59.604+0000] {dag.py:3954} INFO - Setting next_dagrun for example_nested_branch_dag to 2024-10-28 00:00:00+00:00, run_after=2024-10-29 00:00:00+00:00
[2024-10-29T17:11:59.622+0000] {processor.py:183} INFO - Processing /home/airflow/.local/lib/python3.11/site-packages/airflow/example_dags/example_nested_branch_dag.py took 0.074 seconds
[2024-10-29T17:12:29.971+0000] {processor.py:161} INFO - Started process (PID=1762) to work on /home/airflow/.local/lib/python3.11/site-packages/airflow/example_dags/example_nested_branch_dag.py
[2024-10-29T17:12:29.972+0000] {processor.py:830} INFO - Processing file /home/airflow/.local/lib/python3.11/site-packages/airflow/example_dags/example_nested_branch_dag.py for tasks to queue
[2024-10-29T17:12:29.973+0000] {logging_mixin.py:188} INFO - [2024-10-29T17:12:29.973+0000] {dagbag.py:545} INFO - Filling up the DagBag from /home/airflow/.local/lib/python3.11/site-packages/airflow/example_dags/example_nested_branch_dag.py
[2024-10-29T17:12:29.983+0000] {processor.py:840} INFO - DAG(s) 'example_nested_branch_dag' retrieved from /home/airflow/.local/lib/python3.11/site-packages/airflow/example_dags/example_nested_branch_dag.py
[2024-10-29T17:12:30.011+0000] {logging_mixin.py:188} INFO - [2024-10-29T17:12:30.011+0000] {dag.py:3096} INFO - Sync 1 DAGs
[2024-10-29T17:12:30.047+0000] {logging_mixin.py:188} INFO - [2024-10-29T17:12:30.047+0000] {dag.py:3954} INFO - Setting next_dagrun for example_nested_branch_dag to 2024-10-28 00:00:00+00:00, run_after=2024-10-29 00:00:00+00:00
[2024-10-29T17:12:30.071+0000] {processor.py:183} INFO - Processing /home/airflow/.local/lib/python3.11/site-packages/airflow/example_dags/example_nested_branch_dag.py took 0.106 seconds
