[2024-10-29T17:02:21.108+0000] {processor.py:161} INFO - Started process (PID=346) to work on /home/airflow/.local/lib/python3.11/site-packages/airflow/example_dags/example_subdag_operator.py
[2024-10-29T17:02:21.109+0000] {processor.py:830} INFO - Processing file /home/airflow/.local/lib/python3.11/site-packages/airflow/example_dags/example_subdag_operator.py for tasks to queue
[2024-10-29T17:02:21.112+0000] {logging_mixin.py:188} INFO - [2024-10-29T17:02:21.111+0000] {dagbag.py:545} INFO - Filling up the DagBag from /home/airflow/.local/lib/python3.11/site-packages/airflow/example_dags/example_subdag_operator.py
[2024-10-29T17:02:21.142+0000] {processor.py:840} INFO - DAG(s) 'example_subdag_operator.section-1', 'example_subdag_operator.section-2', 'example_subdag_operator' retrieved from /home/airflow/.local/lib/python3.11/site-packages/airflow/example_dags/example_subdag_operator.py
[2024-10-29T17:02:21.249+0000] {logging_mixin.py:188} INFO - [2024-10-29T17:02:21.248+0000] {override.py:1829} INFO - Created Permission View: can edit on DAG:example_subdag_operator
[2024-10-29T17:02:21.267+0000] {logging_mixin.py:188} INFO - [2024-10-29T17:02:21.265+0000] {override.py:1829} INFO - Created Permission View: can delete on DAG:example_subdag_operator
[2024-10-29T17:02:21.280+0000] {logging_mixin.py:188} INFO - [2024-10-29T17:02:21.279+0000] {override.py:1829} INFO - Created Permission View: can read on DAG:example_subdag_operator
[2024-10-29T17:02:21.281+0000] {logging_mixin.py:188} INFO - [2024-10-29T17:02:21.281+0000] {dag.py:3096} INFO - Sync 3 DAGs
[2024-10-29T17:02:21.296+0000] {logging_mixin.py:188} INFO - [2024-10-29T17:02:21.296+0000] {dag.py:3118} INFO - Creating ORM DAG for example_subdag_operator.section-1
[2024-10-29T17:02:21.297+0000] {logging_mixin.py:188} INFO - [2024-10-29T17:02:21.297+0000] {dag.py:3118} INFO - Creating ORM DAG for example_subdag_operator.section-2
[2024-10-29T17:02:21.299+0000] {logging_mixin.py:188} INFO - [2024-10-29T17:02:21.299+0000] {dag.py:3118} INFO - Creating ORM DAG for example_subdag_operator
[2024-10-29T17:02:21.322+0000] {logging_mixin.py:188} INFO - [2024-10-29T17:02:21.321+0000] {dag.py:3954} INFO - Setting next_dagrun for example_subdag_operator to 2022-01-01 00:00:00+00:00, run_after=2022-01-01 00:00:00+00:00
[2024-10-29T17:02:21.323+0000] {logging_mixin.py:188} INFO - [2024-10-29T17:02:21.323+0000] {dag.py:3954} INFO - Setting next_dagrun for example_subdag_operator.section-1 to None, run_after=None
[2024-10-29T17:02:21.324+0000] {logging_mixin.py:188} INFO - [2024-10-29T17:02:21.324+0000] {dag.py:3954} INFO - Setting next_dagrun for example_subdag_operator.section-2 to None, run_after=None
[2024-10-29T17:02:21.338+0000] {logging_mixin.py:188} INFO - [2024-10-29T17:02:21.338+0000] {dag.py:3096} INFO - Sync 2 DAGs
[2024-10-29T17:02:21.345+0000] {logging_mixin.py:188} INFO - [2024-10-29T17:02:21.345+0000] {dag.py:3954} INFO - Setting next_dagrun for example_subdag_operator.section-1 to None, run_after=None
[2024-10-29T17:02:21.349+0000] {logging_mixin.py:188} INFO - [2024-10-29T17:02:21.348+0000] {dag.py:3954} INFO - Setting next_dagrun for example_subdag_operator.section-2 to None, run_after=None
[2024-10-29T17:02:21.371+0000] {processor.py:183} INFO - Processing /home/airflow/.local/lib/python3.11/site-packages/airflow/example_dags/example_subdag_operator.py took 0.269 seconds
[2024-10-29T17:02:51.732+0000] {processor.py:161} INFO - Started process (PID=608) to work on /home/airflow/.local/lib/python3.11/site-packages/airflow/example_dags/example_subdag_operator.py
[2024-10-29T17:02:51.733+0000] {processor.py:830} INFO - Processing file /home/airflow/.local/lib/python3.11/site-packages/airflow/example_dags/example_subdag_operator.py for tasks to queue
[2024-10-29T17:02:51.735+0000] {logging_mixin.py:188} INFO - [2024-10-29T17:02:51.735+0000] {dagbag.py:545} INFO - Filling up the DagBag from /home/airflow/.local/lib/python3.11/site-packages/airflow/example_dags/example_subdag_operator.py
[2024-10-29T17:02:51.756+0000] {processor.py:840} INFO - DAG(s) 'example_subdag_operator.section-1', 'example_subdag_operator.section-2', 'example_subdag_operator' retrieved from /home/airflow/.local/lib/python3.11/site-packages/airflow/example_dags/example_subdag_operator.py
[2024-10-29T17:02:51.771+0000] {logging_mixin.py:188} INFO - [2024-10-29T17:02:51.770+0000] {dag.py:3096} INFO - Sync 3 DAGs
[2024-10-29T17:02:51.790+0000] {logging_mixin.py:188} INFO - [2024-10-29T17:02:51.790+0000] {dag.py:3954} INFO - Setting next_dagrun for example_subdag_operator to 2022-01-01 00:00:00+00:00, run_after=2022-01-01 00:00:00+00:00
[2024-10-29T17:02:51.793+0000] {logging_mixin.py:188} INFO - [2024-10-29T17:02:51.793+0000] {dag.py:3954} INFO - Setting next_dagrun for example_subdag_operator.section-1 to None, run_after=None
[2024-10-29T17:02:51.795+0000] {logging_mixin.py:188} INFO - [2024-10-29T17:02:51.795+0000] {dag.py:3954} INFO - Setting next_dagrun for example_subdag_operator.section-2 to None, run_after=None
[2024-10-29T17:02:51.801+0000] {logging_mixin.py:188} INFO - [2024-10-29T17:02:51.801+0000] {dag.py:3096} INFO - Sync 2 DAGs
[2024-10-29T17:02:51.805+0000] {logging_mixin.py:188} INFO - [2024-10-29T17:02:51.805+0000] {dag.py:3954} INFO - Setting next_dagrun for example_subdag_operator.section-1 to None, run_after=None
[2024-10-29T17:02:51.806+0000] {logging_mixin.py:188} INFO - [2024-10-29T17:02:51.806+0000] {dag.py:3954} INFO - Setting next_dagrun for example_subdag_operator.section-2 to None, run_after=None
[2024-10-29T17:02:51.818+0000] {processor.py:183} INFO - Processing /home/airflow/.local/lib/python3.11/site-packages/airflow/example_dags/example_subdag_operator.py took 0.092 seconds
[2024-10-29T17:03:22.154+0000] {processor.py:161} INFO - Started process (PID=872) to work on /home/airflow/.local/lib/python3.11/site-packages/airflow/example_dags/example_subdag_operator.py
[2024-10-29T17:03:22.154+0000] {processor.py:830} INFO - Processing file /home/airflow/.local/lib/python3.11/site-packages/airflow/example_dags/example_subdag_operator.py for tasks to queue
[2024-10-29T17:03:22.156+0000] {logging_mixin.py:188} INFO - [2024-10-29T17:03:22.156+0000] {dagbag.py:545} INFO - Filling up the DagBag from /home/airflow/.local/lib/python3.11/site-packages/airflow/example_dags/example_subdag_operator.py
[2024-10-29T17:03:22.178+0000] {processor.py:840} INFO - DAG(s) 'example_subdag_operator.section-1', 'example_subdag_operator.section-2', 'example_subdag_operator' retrieved from /home/airflow/.local/lib/python3.11/site-packages/airflow/example_dags/example_subdag_operator.py
[2024-10-29T17:03:22.192+0000] {logging_mixin.py:188} INFO - [2024-10-29T17:03:22.192+0000] {dag.py:3096} INFO - Sync 3 DAGs
[2024-10-29T17:03:22.215+0000] {logging_mixin.py:188} INFO - [2024-10-29T17:03:22.215+0000] {dag.py:3954} INFO - Setting next_dagrun for example_subdag_operator to 2022-01-01 00:00:00+00:00, run_after=2022-01-01 00:00:00+00:00
[2024-10-29T17:03:22.220+0000] {logging_mixin.py:188} INFO - [2024-10-29T17:03:22.220+0000] {dag.py:3954} INFO - Setting next_dagrun for example_subdag_operator.section-1 to None, run_after=None
[2024-10-29T17:03:22.222+0000] {logging_mixin.py:188} INFO - [2024-10-29T17:03:22.222+0000] {dag.py:3954} INFO - Setting next_dagrun for example_subdag_operator.section-2 to None, run_after=None
[2024-10-29T17:03:22.229+0000] {logging_mixin.py:188} INFO - [2024-10-29T17:03:22.229+0000] {dag.py:3096} INFO - Sync 2 DAGs
[2024-10-29T17:03:22.236+0000] {logging_mixin.py:188} INFO - [2024-10-29T17:03:22.236+0000] {dag.py:3954} INFO - Setting next_dagrun for example_subdag_operator.section-1 to None, run_after=None
[2024-10-29T17:03:22.237+0000] {logging_mixin.py:188} INFO - [2024-10-29T17:03:22.237+0000] {dag.py:3954} INFO - Setting next_dagrun for example_subdag_operator.section-2 to None, run_after=None
[2024-10-29T17:03:22.255+0000] {processor.py:183} INFO - Processing /home/airflow/.local/lib/python3.11/site-packages/airflow/example_dags/example_subdag_operator.py took 0.106 seconds
[2024-10-29T17:03:52.857+0000] {processor.py:161} INFO - Started process (PID=1135) to work on /home/airflow/.local/lib/python3.11/site-packages/airflow/example_dags/example_subdag_operator.py
[2024-10-29T17:03:52.859+0000] {processor.py:830} INFO - Processing file /home/airflow/.local/lib/python3.11/site-packages/airflow/example_dags/example_subdag_operator.py for tasks to queue
[2024-10-29T17:03:52.863+0000] {logging_mixin.py:188} INFO - [2024-10-29T17:03:52.863+0000] {dagbag.py:545} INFO - Filling up the DagBag from /home/airflow/.local/lib/python3.11/site-packages/airflow/example_dags/example_subdag_operator.py
[2024-10-29T17:03:52.903+0000] {processor.py:840} INFO - DAG(s) 'example_subdag_operator.section-1', 'example_subdag_operator.section-2', 'example_subdag_operator' retrieved from /home/airflow/.local/lib/python3.11/site-packages/airflow/example_dags/example_subdag_operator.py
[2024-10-29T17:03:52.932+0000] {logging_mixin.py:188} INFO - [2024-10-29T17:03:52.931+0000] {dag.py:3096} INFO - Sync 3 DAGs
[2024-10-29T17:03:52.966+0000] {logging_mixin.py:188} INFO - [2024-10-29T17:03:52.966+0000] {dag.py:3954} INFO - Setting next_dagrun for example_subdag_operator to 2022-01-01 00:00:00+00:00, run_after=2022-01-01 00:00:00+00:00
[2024-10-29T17:03:52.974+0000] {logging_mixin.py:188} INFO - [2024-10-29T17:03:52.974+0000] {dag.py:3954} INFO - Setting next_dagrun for example_subdag_operator.section-1 to None, run_after=None
[2024-10-29T17:03:52.976+0000] {logging_mixin.py:188} INFO - [2024-10-29T17:03:52.976+0000] {dag.py:3954} INFO - Setting next_dagrun for example_subdag_operator.section-2 to None, run_after=None
[2024-10-29T17:03:52.988+0000] {logging_mixin.py:188} INFO - [2024-10-29T17:03:52.988+0000] {dag.py:3096} INFO - Sync 2 DAGs
[2024-10-29T17:03:52.999+0000] {logging_mixin.py:188} INFO - [2024-10-29T17:03:52.996+0000] {dag.py:3954} INFO - Setting next_dagrun for example_subdag_operator.section-1 to None, run_after=None
[2024-10-29T17:03:53.001+0000] {logging_mixin.py:188} INFO - [2024-10-29T17:03:53.000+0000] {dag.py:3954} INFO - Setting next_dagrun for example_subdag_operator.section-2 to None, run_after=None
[2024-10-29T17:03:53.024+0000] {processor.py:183} INFO - Processing /home/airflow/.local/lib/python3.11/site-packages/airflow/example_dags/example_subdag_operator.py took 0.178 seconds
[2024-10-29T17:04:23.253+0000] {processor.py:161} INFO - Started process (PID=1395) to work on /home/airflow/.local/lib/python3.11/site-packages/airflow/example_dags/example_subdag_operator.py
[2024-10-29T17:04:23.254+0000] {processor.py:830} INFO - Processing file /home/airflow/.local/lib/python3.11/site-packages/airflow/example_dags/example_subdag_operator.py for tasks to queue
[2024-10-29T17:04:23.257+0000] {logging_mixin.py:188} INFO - [2024-10-29T17:04:23.257+0000] {dagbag.py:545} INFO - Filling up the DagBag from /home/airflow/.local/lib/python3.11/site-packages/airflow/example_dags/example_subdag_operator.py
[2024-10-29T17:04:23.278+0000] {processor.py:840} INFO - DAG(s) 'example_subdag_operator.section-1', 'example_subdag_operator.section-2', 'example_subdag_operator' retrieved from /home/airflow/.local/lib/python3.11/site-packages/airflow/example_dags/example_subdag_operator.py
[2024-10-29T17:04:23.292+0000] {logging_mixin.py:188} INFO - [2024-10-29T17:04:23.292+0000] {dag.py:3096} INFO - Sync 3 DAGs
[2024-10-29T17:04:23.312+0000] {logging_mixin.py:188} INFO - [2024-10-29T17:04:23.311+0000] {dag.py:3954} INFO - Setting next_dagrun for example_subdag_operator to 2022-01-01 00:00:00+00:00, run_after=2022-01-01 00:00:00+00:00
[2024-10-29T17:04:23.315+0000] {logging_mixin.py:188} INFO - [2024-10-29T17:04:23.315+0000] {dag.py:3954} INFO - Setting next_dagrun for example_subdag_operator.section-1 to None, run_after=None
[2024-10-29T17:04:23.317+0000] {logging_mixin.py:188} INFO - [2024-10-29T17:04:23.317+0000] {dag.py:3954} INFO - Setting next_dagrun for example_subdag_operator.section-2 to None, run_after=None
[2024-10-29T17:04:23.324+0000] {logging_mixin.py:188} INFO - [2024-10-29T17:04:23.324+0000] {dag.py:3096} INFO - Sync 2 DAGs
[2024-10-29T17:04:23.329+0000] {logging_mixin.py:188} INFO - [2024-10-29T17:04:23.329+0000] {dag.py:3954} INFO - Setting next_dagrun for example_subdag_operator.section-1 to None, run_after=None
[2024-10-29T17:04:23.330+0000] {logging_mixin.py:188} INFO - [2024-10-29T17:04:23.330+0000] {dag.py:3954} INFO - Setting next_dagrun for example_subdag_operator.section-2 to None, run_after=None
[2024-10-29T17:04:23.343+0000] {processor.py:183} INFO - Processing /home/airflow/.local/lib/python3.11/site-packages/airflow/example_dags/example_subdag_operator.py took 0.097 seconds
[2024-10-29T17:04:54.238+0000] {processor.py:161} INFO - Started process (PID=1659) to work on /home/airflow/.local/lib/python3.11/site-packages/airflow/example_dags/example_subdag_operator.py
[2024-10-29T17:04:54.239+0000] {processor.py:830} INFO - Processing file /home/airflow/.local/lib/python3.11/site-packages/airflow/example_dags/example_subdag_operator.py for tasks to queue
[2024-10-29T17:04:54.242+0000] {logging_mixin.py:188} INFO - [2024-10-29T17:04:54.241+0000] {dagbag.py:545} INFO - Filling up the DagBag from /home/airflow/.local/lib/python3.11/site-packages/airflow/example_dags/example_subdag_operator.py
[2024-10-29T17:04:54.267+0000] {processor.py:840} INFO - DAG(s) 'example_subdag_operator.section-1', 'example_subdag_operator.section-2', 'example_subdag_operator' retrieved from /home/airflow/.local/lib/python3.11/site-packages/airflow/example_dags/example_subdag_operator.py
[2024-10-29T17:04:54.285+0000] {logging_mixin.py:188} INFO - [2024-10-29T17:04:54.285+0000] {dag.py:3096} INFO - Sync 3 DAGs
[2024-10-29T17:04:54.304+0000] {logging_mixin.py:188} INFO - [2024-10-29T17:04:54.304+0000] {dag.py:3954} INFO - Setting next_dagrun for example_subdag_operator to 2022-01-01 00:00:00+00:00, run_after=2022-01-01 00:00:00+00:00
[2024-10-29T17:04:54.308+0000] {logging_mixin.py:188} INFO - [2024-10-29T17:04:54.308+0000] {dag.py:3954} INFO - Setting next_dagrun for example_subdag_operator.section-1 to None, run_after=None
[2024-10-29T17:04:54.310+0000] {logging_mixin.py:188} INFO - [2024-10-29T17:04:54.310+0000] {dag.py:3954} INFO - Setting next_dagrun for example_subdag_operator.section-2 to None, run_after=None
[2024-10-29T17:04:54.318+0000] {logging_mixin.py:188} INFO - [2024-10-29T17:04:54.317+0000] {dag.py:3096} INFO - Sync 2 DAGs
[2024-10-29T17:04:54.323+0000] {logging_mixin.py:188} INFO - [2024-10-29T17:04:54.323+0000] {dag.py:3954} INFO - Setting next_dagrun for example_subdag_operator.section-1 to None, run_after=None
[2024-10-29T17:04:54.324+0000] {logging_mixin.py:188} INFO - [2024-10-29T17:04:54.324+0000] {dag.py:3954} INFO - Setting next_dagrun for example_subdag_operator.section-2 to None, run_after=None
[2024-10-29T17:04:54.339+0000] {processor.py:183} INFO - Processing /home/airflow/.local/lib/python3.11/site-packages/airflow/example_dags/example_subdag_operator.py took 0.107 seconds
[2024-10-29T17:05:24.571+0000] {processor.py:161} INFO - Started process (PID=1921) to work on /home/airflow/.local/lib/python3.11/site-packages/airflow/example_dags/example_subdag_operator.py
[2024-10-29T17:05:24.572+0000] {processor.py:830} INFO - Processing file /home/airflow/.local/lib/python3.11/site-packages/airflow/example_dags/example_subdag_operator.py for tasks to queue
[2024-10-29T17:05:24.574+0000] {logging_mixin.py:188} INFO - [2024-10-29T17:05:24.573+0000] {dagbag.py:545} INFO - Filling up the DagBag from /home/airflow/.local/lib/python3.11/site-packages/airflow/example_dags/example_subdag_operator.py
[2024-10-29T17:05:24.593+0000] {processor.py:840} INFO - DAG(s) 'example_subdag_operator.section-1', 'example_subdag_operator.section-2', 'example_subdag_operator' retrieved from /home/airflow/.local/lib/python3.11/site-packages/airflow/example_dags/example_subdag_operator.py
[2024-10-29T17:05:24.606+0000] {logging_mixin.py:188} INFO - [2024-10-29T17:05:24.606+0000] {dag.py:3096} INFO - Sync 3 DAGs
[2024-10-29T17:05:24.625+0000] {logging_mixin.py:188} INFO - [2024-10-29T17:05:24.625+0000] {dag.py:3954} INFO - Setting next_dagrun for example_subdag_operator to 2022-01-01 00:00:00+00:00, run_after=2022-01-01 00:00:00+00:00
[2024-10-29T17:05:24.629+0000] {logging_mixin.py:188} INFO - [2024-10-29T17:05:24.628+0000] {dag.py:3954} INFO - Setting next_dagrun for example_subdag_operator.section-1 to None, run_after=None
[2024-10-29T17:05:24.630+0000] {logging_mixin.py:188} INFO - [2024-10-29T17:05:24.630+0000] {dag.py:3954} INFO - Setting next_dagrun for example_subdag_operator.section-2 to None, run_after=None
[2024-10-29T17:05:24.636+0000] {logging_mixin.py:188} INFO - [2024-10-29T17:05:24.636+0000] {dag.py:3096} INFO - Sync 2 DAGs
[2024-10-29T17:05:24.642+0000] {logging_mixin.py:188} INFO - [2024-10-29T17:05:24.642+0000] {dag.py:3954} INFO - Setting next_dagrun for example_subdag_operator.section-1 to None, run_after=None
[2024-10-29T17:05:24.643+0000] {logging_mixin.py:188} INFO - [2024-10-29T17:05:24.643+0000] {dag.py:3954} INFO - Setting next_dagrun for example_subdag_operator.section-2 to None, run_after=None
[2024-10-29T17:05:24.658+0000] {processor.py:183} INFO - Processing /home/airflow/.local/lib/python3.11/site-packages/airflow/example_dags/example_subdag_operator.py took 0.093 seconds
[2024-10-29T17:05:54.764+0000] {processor.py:161} INFO - Started process (PID=2183) to work on /home/airflow/.local/lib/python3.11/site-packages/airflow/example_dags/example_subdag_operator.py
[2024-10-29T17:05:54.765+0000] {processor.py:830} INFO - Processing file /home/airflow/.local/lib/python3.11/site-packages/airflow/example_dags/example_subdag_operator.py for tasks to queue
[2024-10-29T17:05:54.767+0000] {logging_mixin.py:188} INFO - [2024-10-29T17:05:54.767+0000] {dagbag.py:545} INFO - Filling up the DagBag from /home/airflow/.local/lib/python3.11/site-packages/airflow/example_dags/example_subdag_operator.py
[2024-10-29T17:05:54.787+0000] {processor.py:840} INFO - DAG(s) 'example_subdag_operator.section-1', 'example_subdag_operator.section-2', 'example_subdag_operator' retrieved from /home/airflow/.local/lib/python3.11/site-packages/airflow/example_dags/example_subdag_operator.py
[2024-10-29T17:05:54.803+0000] {logging_mixin.py:188} INFO - [2024-10-29T17:05:54.802+0000] {dag.py:3096} INFO - Sync 3 DAGs
[2024-10-29T17:05:54.824+0000] {logging_mixin.py:188} INFO - [2024-10-29T17:05:54.823+0000] {dag.py:3954} INFO - Setting next_dagrun for example_subdag_operator to 2022-01-01 00:00:00+00:00, run_after=2022-01-01 00:00:00+00:00
[2024-10-29T17:05:54.827+0000] {logging_mixin.py:188} INFO - [2024-10-29T17:05:54.827+0000] {dag.py:3954} INFO - Setting next_dagrun for example_subdag_operator.section-1 to None, run_after=None
[2024-10-29T17:05:54.828+0000] {logging_mixin.py:188} INFO - [2024-10-29T17:05:54.828+0000] {dag.py:3954} INFO - Setting next_dagrun for example_subdag_operator.section-2 to None, run_after=None
[2024-10-29T17:05:54.836+0000] {logging_mixin.py:188} INFO - [2024-10-29T17:05:54.836+0000] {dag.py:3096} INFO - Sync 2 DAGs
[2024-10-29T17:05:54.841+0000] {logging_mixin.py:188} INFO - [2024-10-29T17:05:54.840+0000] {dag.py:3954} INFO - Setting next_dagrun for example_subdag_operator.section-1 to None, run_after=None
[2024-10-29T17:05:54.842+0000] {logging_mixin.py:188} INFO - [2024-10-29T17:05:54.841+0000] {dag.py:3954} INFO - Setting next_dagrun for example_subdag_operator.section-2 to None, run_after=None
[2024-10-29T17:05:54.854+0000] {processor.py:183} INFO - Processing /home/airflow/.local/lib/python3.11/site-packages/airflow/example_dags/example_subdag_operator.py took 0.095 seconds
[2024-10-29T17:06:25.078+0000] {processor.py:161} INFO - Started process (PID=2445) to work on /home/airflow/.local/lib/python3.11/site-packages/airflow/example_dags/example_subdag_operator.py
[2024-10-29T17:06:25.079+0000] {processor.py:830} INFO - Processing file /home/airflow/.local/lib/python3.11/site-packages/airflow/example_dags/example_subdag_operator.py for tasks to queue
[2024-10-29T17:06:25.081+0000] {logging_mixin.py:188} INFO - [2024-10-29T17:06:25.081+0000] {dagbag.py:545} INFO - Filling up the DagBag from /home/airflow/.local/lib/python3.11/site-packages/airflow/example_dags/example_subdag_operator.py
[2024-10-29T17:06:25.111+0000] {processor.py:840} INFO - DAG(s) 'example_subdag_operator.section-1', 'example_subdag_operator.section-2', 'example_subdag_operator' retrieved from /home/airflow/.local/lib/python3.11/site-packages/airflow/example_dags/example_subdag_operator.py
[2024-10-29T17:06:25.134+0000] {logging_mixin.py:188} INFO - [2024-10-29T17:06:25.133+0000] {dag.py:3096} INFO - Sync 3 DAGs
[2024-10-29T17:06:25.162+0000] {logging_mixin.py:188} INFO - [2024-10-29T17:06:25.162+0000] {dag.py:3954} INFO - Setting next_dagrun for example_subdag_operator to 2022-01-01 00:00:00+00:00, run_after=2022-01-01 00:00:00+00:00
[2024-10-29T17:06:25.167+0000] {logging_mixin.py:188} INFO - [2024-10-29T17:06:25.167+0000] {dag.py:3954} INFO - Setting next_dagrun for example_subdag_operator.section-1 to None, run_after=None
[2024-10-29T17:06:25.170+0000] {logging_mixin.py:188} INFO - [2024-10-29T17:06:25.169+0000] {dag.py:3954} INFO - Setting next_dagrun for example_subdag_operator.section-2 to None, run_after=None
[2024-10-29T17:06:25.179+0000] {logging_mixin.py:188} INFO - [2024-10-29T17:06:25.179+0000] {dag.py:3096} INFO - Sync 2 DAGs
[2024-10-29T17:06:25.192+0000] {logging_mixin.py:188} INFO - [2024-10-29T17:06:25.192+0000] {dag.py:3954} INFO - Setting next_dagrun for example_subdag_operator.section-1 to None, run_after=None
[2024-10-29T17:06:25.194+0000] {logging_mixin.py:188} INFO - [2024-10-29T17:06:25.193+0000] {dag.py:3954} INFO - Setting next_dagrun for example_subdag_operator.section-2 to None, run_after=None
[2024-10-29T17:06:25.210+0000] {processor.py:183} INFO - Processing /home/airflow/.local/lib/python3.11/site-packages/airflow/example_dags/example_subdag_operator.py took 0.137 seconds
[2024-10-29T17:06:55.283+0000] {processor.py:161} INFO - Started process (PID=2707) to work on /home/airflow/.local/lib/python3.11/site-packages/airflow/example_dags/example_subdag_operator.py
[2024-10-29T17:06:55.284+0000] {processor.py:830} INFO - Processing file /home/airflow/.local/lib/python3.11/site-packages/airflow/example_dags/example_subdag_operator.py for tasks to queue
[2024-10-29T17:06:55.286+0000] {logging_mixin.py:188} INFO - [2024-10-29T17:06:55.285+0000] {dagbag.py:545} INFO - Filling up the DagBag from /home/airflow/.local/lib/python3.11/site-packages/airflow/example_dags/example_subdag_operator.py
[2024-10-29T17:06:55.307+0000] {processor.py:840} INFO - DAG(s) 'example_subdag_operator.section-1', 'example_subdag_operator.section-2', 'example_subdag_operator' retrieved from /home/airflow/.local/lib/python3.11/site-packages/airflow/example_dags/example_subdag_operator.py
[2024-10-29T17:06:55.321+0000] {logging_mixin.py:188} INFO - [2024-10-29T17:06:55.320+0000] {dag.py:3096} INFO - Sync 3 DAGs
[2024-10-29T17:06:55.341+0000] {logging_mixin.py:188} INFO - [2024-10-29T17:06:55.341+0000] {dag.py:3954} INFO - Setting next_dagrun for example_subdag_operator to 2022-01-01 00:00:00+00:00, run_after=2022-01-01 00:00:00+00:00
[2024-10-29T17:06:55.345+0000] {logging_mixin.py:188} INFO - [2024-10-29T17:06:55.345+0000] {dag.py:3954} INFO - Setting next_dagrun for example_subdag_operator.section-1 to None, run_after=None
[2024-10-29T17:06:55.346+0000] {logging_mixin.py:188} INFO - [2024-10-29T17:06:55.346+0000] {dag.py:3954} INFO - Setting next_dagrun for example_subdag_operator.section-2 to None, run_after=None
[2024-10-29T17:06:55.355+0000] {logging_mixin.py:188} INFO - [2024-10-29T17:06:55.354+0000] {dag.py:3096} INFO - Sync 2 DAGs
[2024-10-29T17:06:55.359+0000] {logging_mixin.py:188} INFO - [2024-10-29T17:06:55.359+0000] {dag.py:3954} INFO - Setting next_dagrun for example_subdag_operator.section-1 to None, run_after=None
[2024-10-29T17:06:55.360+0000] {logging_mixin.py:188} INFO - [2024-10-29T17:06:55.359+0000] {dag.py:3954} INFO - Setting next_dagrun for example_subdag_operator.section-2 to None, run_after=None
[2024-10-29T17:06:55.372+0000] {processor.py:183} INFO - Processing /home/airflow/.local/lib/python3.11/site-packages/airflow/example_dags/example_subdag_operator.py took 0.095 seconds
[2024-10-29T17:07:25.614+0000] {processor.py:161} INFO - Started process (PID=2967) to work on /home/airflow/.local/lib/python3.11/site-packages/airflow/example_dags/example_subdag_operator.py
[2024-10-29T17:07:25.615+0000] {processor.py:830} INFO - Processing file /home/airflow/.local/lib/python3.11/site-packages/airflow/example_dags/example_subdag_operator.py for tasks to queue
[2024-10-29T17:07:25.617+0000] {logging_mixin.py:188} INFO - [2024-10-29T17:07:25.617+0000] {dagbag.py:545} INFO - Filling up the DagBag from /home/airflow/.local/lib/python3.11/site-packages/airflow/example_dags/example_subdag_operator.py
[2024-10-29T17:07:25.654+0000] {processor.py:840} INFO - DAG(s) 'example_subdag_operator.section-1', 'example_subdag_operator.section-2', 'example_subdag_operator' retrieved from /home/airflow/.local/lib/python3.11/site-packages/airflow/example_dags/example_subdag_operator.py
[2024-10-29T17:07:25.679+0000] {logging_mixin.py:188} INFO - [2024-10-29T17:07:25.678+0000] {dag.py:3096} INFO - Sync 3 DAGs
[2024-10-29T17:07:25.712+0000] {logging_mixin.py:188} INFO - [2024-10-29T17:07:25.711+0000] {dag.py:3954} INFO - Setting next_dagrun for example_subdag_operator to 2022-01-01 00:00:00+00:00, run_after=2022-01-01 00:00:00+00:00
[2024-10-29T17:07:25.717+0000] {logging_mixin.py:188} INFO - [2024-10-29T17:07:25.716+0000] {dag.py:3954} INFO - Setting next_dagrun for example_subdag_operator.section-1 to None, run_after=None
[2024-10-29T17:07:25.721+0000] {logging_mixin.py:188} INFO - [2024-10-29T17:07:25.720+0000] {dag.py:3954} INFO - Setting next_dagrun for example_subdag_operator.section-2 to None, run_after=None
[2024-10-29T17:07:25.737+0000] {logging_mixin.py:188} INFO - [2024-10-29T17:07:25.736+0000] {dag.py:3096} INFO - Sync 2 DAGs
[2024-10-29T17:07:25.748+0000] {logging_mixin.py:188} INFO - [2024-10-29T17:07:25.747+0000] {dag.py:3954} INFO - Setting next_dagrun for example_subdag_operator.section-1 to None, run_after=None
[2024-10-29T17:07:25.750+0000] {logging_mixin.py:188} INFO - [2024-10-29T17:07:25.749+0000] {dag.py:3954} INFO - Setting next_dagrun for example_subdag_operator.section-2 to None, run_after=None
[2024-10-29T17:07:25.771+0000] {processor.py:183} INFO - Processing /home/airflow/.local/lib/python3.11/site-packages/airflow/example_dags/example_subdag_operator.py took 0.163 seconds
[2024-10-29T17:07:55.997+0000] {processor.py:161} INFO - Started process (PID=3229) to work on /home/airflow/.local/lib/python3.11/site-packages/airflow/example_dags/example_subdag_operator.py
[2024-10-29T17:07:55.998+0000] {processor.py:830} INFO - Processing file /home/airflow/.local/lib/python3.11/site-packages/airflow/example_dags/example_subdag_operator.py for tasks to queue
[2024-10-29T17:07:56.001+0000] {logging_mixin.py:188} INFO - [2024-10-29T17:07:56.001+0000] {dagbag.py:545} INFO - Filling up the DagBag from /home/airflow/.local/lib/python3.11/site-packages/airflow/example_dags/example_subdag_operator.py
[2024-10-29T17:07:56.033+0000] {processor.py:840} INFO - DAG(s) 'example_subdag_operator.section-1', 'example_subdag_operator.section-2', 'example_subdag_operator' retrieved from /home/airflow/.local/lib/python3.11/site-packages/airflow/example_dags/example_subdag_operator.py
[2024-10-29T17:07:56.054+0000] {logging_mixin.py:188} INFO - [2024-10-29T17:07:56.053+0000] {dag.py:3096} INFO - Sync 3 DAGs
[2024-10-29T17:07:56.075+0000] {logging_mixin.py:188} INFO - [2024-10-29T17:07:56.075+0000] {dag.py:3954} INFO - Setting next_dagrun for example_subdag_operator to 2022-01-01 00:00:00+00:00, run_after=2022-01-01 00:00:00+00:00
[2024-10-29T17:07:56.079+0000] {logging_mixin.py:188} INFO - [2024-10-29T17:07:56.079+0000] {dag.py:3954} INFO - Setting next_dagrun for example_subdag_operator.section-1 to None, run_after=None
[2024-10-29T17:07:56.082+0000] {logging_mixin.py:188} INFO - [2024-10-29T17:07:56.081+0000] {dag.py:3954} INFO - Setting next_dagrun for example_subdag_operator.section-2 to None, run_after=None
[2024-10-29T17:07:56.090+0000] {logging_mixin.py:188} INFO - [2024-10-29T17:07:56.090+0000] {dag.py:3096} INFO - Sync 2 DAGs
[2024-10-29T17:07:56.095+0000] {logging_mixin.py:188} INFO - [2024-10-29T17:07:56.095+0000] {dag.py:3954} INFO - Setting next_dagrun for example_subdag_operator.section-1 to None, run_after=None
[2024-10-29T17:07:56.096+0000] {logging_mixin.py:188} INFO - [2024-10-29T17:07:56.096+0000] {dag.py:3954} INFO - Setting next_dagrun for example_subdag_operator.section-2 to None, run_after=None
[2024-10-29T17:07:56.111+0000] {processor.py:183} INFO - Processing /home/airflow/.local/lib/python3.11/site-packages/airflow/example_dags/example_subdag_operator.py took 0.120 seconds
[2024-10-29T17:08:26.302+0000] {processor.py:161} INFO - Started process (PID=3493) to work on /home/airflow/.local/lib/python3.11/site-packages/airflow/example_dags/example_subdag_operator.py
[2024-10-29T17:08:26.303+0000] {processor.py:830} INFO - Processing file /home/airflow/.local/lib/python3.11/site-packages/airflow/example_dags/example_subdag_operator.py for tasks to queue
[2024-10-29T17:08:26.306+0000] {logging_mixin.py:188} INFO - [2024-10-29T17:08:26.306+0000] {dagbag.py:545} INFO - Filling up the DagBag from /home/airflow/.local/lib/python3.11/site-packages/airflow/example_dags/example_subdag_operator.py
[2024-10-29T17:08:26.337+0000] {processor.py:840} INFO - DAG(s) 'example_subdag_operator.section-1', 'example_subdag_operator.section-2', 'example_subdag_operator' retrieved from /home/airflow/.local/lib/python3.11/site-packages/airflow/example_dags/example_subdag_operator.py
[2024-10-29T17:08:26.358+0000] {logging_mixin.py:188} INFO - [2024-10-29T17:08:26.358+0000] {dag.py:3096} INFO - Sync 3 DAGs
[2024-10-29T17:08:26.392+0000] {logging_mixin.py:188} INFO - [2024-10-29T17:08:26.392+0000] {dag.py:3954} INFO - Setting next_dagrun for example_subdag_operator to 2022-01-01 00:00:00+00:00, run_after=2022-01-01 00:00:00+00:00
[2024-10-29T17:08:26.398+0000] {logging_mixin.py:188} INFO - [2024-10-29T17:08:26.397+0000] {dag.py:3954} INFO - Setting next_dagrun for example_subdag_operator.section-1 to None, run_after=None
[2024-10-29T17:08:26.401+0000] {logging_mixin.py:188} INFO - [2024-10-29T17:08:26.401+0000] {dag.py:3954} INFO - Setting next_dagrun for example_subdag_operator.section-2 to None, run_after=None
[2024-10-29T17:08:26.414+0000] {logging_mixin.py:188} INFO - [2024-10-29T17:08:26.414+0000] {dag.py:3096} INFO - Sync 2 DAGs
[2024-10-29T17:08:26.429+0000] {logging_mixin.py:188} INFO - [2024-10-29T17:08:26.428+0000] {dag.py:3954} INFO - Setting next_dagrun for example_subdag_operator.section-1 to None, run_after=None
[2024-10-29T17:08:26.430+0000] {logging_mixin.py:188} INFO - [2024-10-29T17:08:26.430+0000] {dag.py:3954} INFO - Setting next_dagrun for example_subdag_operator.section-2 to None, run_after=None
[2024-10-29T17:08:26.446+0000] {processor.py:183} INFO - Processing /home/airflow/.local/lib/python3.11/site-packages/airflow/example_dags/example_subdag_operator.py took 0.152 seconds
[2024-10-29T17:09:29.427+0000] {processor.py:161} INFO - Started process (PID=342) to work on /home/airflow/.local/lib/python3.11/site-packages/airflow/example_dags/example_subdag_operator.py
[2024-10-29T17:09:29.428+0000] {processor.py:830} INFO - Processing file /home/airflow/.local/lib/python3.11/site-packages/airflow/example_dags/example_subdag_operator.py for tasks to queue
[2024-10-29T17:09:29.429+0000] {logging_mixin.py:188} INFO - [2024-10-29T17:09:29.429+0000] {dagbag.py:545} INFO - Filling up the DagBag from /home/airflow/.local/lib/python3.11/site-packages/airflow/example_dags/example_subdag_operator.py
[2024-10-29T17:09:29.454+0000] {processor.py:840} INFO - DAG(s) 'example_subdag_operator.section-1', 'example_subdag_operator.section-2', 'example_subdag_operator' retrieved from /home/airflow/.local/lib/python3.11/site-packages/airflow/example_dags/example_subdag_operator.py
[2024-10-29T17:09:29.458+0000] {logging_mixin.py:188} INFO - [2024-10-29T17:09:29.457+0000] {dag.py:3096} INFO - Sync 3 DAGs
[2024-10-29T17:09:29.477+0000] {logging_mixin.py:188} INFO - [2024-10-29T17:09:29.477+0000] {dag.py:3954} INFO - Setting next_dagrun for example_subdag_operator to 2022-01-01 00:00:00+00:00, run_after=2022-01-01 00:00:00+00:00
[2024-10-29T17:09:29.484+0000] {logging_mixin.py:188} INFO - [2024-10-29T17:09:29.484+0000] {dag.py:3954} INFO - Setting next_dagrun for example_subdag_operator.section-1 to None, run_after=None
[2024-10-29T17:09:29.486+0000] {logging_mixin.py:188} INFO - [2024-10-29T17:09:29.486+0000] {dag.py:3954} INFO - Setting next_dagrun for example_subdag_operator.section-2 to None, run_after=None
[2024-10-29T17:09:29.494+0000] {logging_mixin.py:188} INFO - [2024-10-29T17:09:29.494+0000] {dag.py:3096} INFO - Sync 2 DAGs
[2024-10-29T17:09:29.501+0000] {logging_mixin.py:188} INFO - [2024-10-29T17:09:29.500+0000] {dag.py:3954} INFO - Setting next_dagrun for example_subdag_operator.section-1 to None, run_after=None
[2024-10-29T17:09:29.501+0000] {logging_mixin.py:188} INFO - [2024-10-29T17:09:29.501+0000] {dag.py:3954} INFO - Setting next_dagrun for example_subdag_operator.section-2 to None, run_after=None
[2024-10-29T17:09:29.514+0000] {processor.py:183} INFO - Processing /home/airflow/.local/lib/python3.11/site-packages/airflow/example_dags/example_subdag_operator.py took 0.092 seconds
[2024-10-29T17:10:00.215+0000] {processor.py:161} INFO - Started process (PID=602) to work on /home/airflow/.local/lib/python3.11/site-packages/airflow/example_dags/example_subdag_operator.py
[2024-10-29T17:10:00.217+0000] {processor.py:830} INFO - Processing file /home/airflow/.local/lib/python3.11/site-packages/airflow/example_dags/example_subdag_operator.py for tasks to queue
[2024-10-29T17:10:00.220+0000] {logging_mixin.py:188} INFO - [2024-10-29T17:10:00.220+0000] {dagbag.py:545} INFO - Filling up the DagBag from /home/airflow/.local/lib/python3.11/site-packages/airflow/example_dags/example_subdag_operator.py
[2024-10-29T17:10:00.272+0000] {processor.py:840} INFO - DAG(s) 'example_subdag_operator.section-1', 'example_subdag_operator.section-2', 'example_subdag_operator' retrieved from /home/airflow/.local/lib/python3.11/site-packages/airflow/example_dags/example_subdag_operator.py
[2024-10-29T17:10:00.493+0000] {logging_mixin.py:188} INFO - [2024-10-29T17:10:00.492+0000] {dag.py:3096} INFO - Sync 3 DAGs
[2024-10-29T17:10:00.515+0000] {logging_mixin.py:188} INFO - [2024-10-29T17:10:00.514+0000] {dag.py:3954} INFO - Setting next_dagrun for example_subdag_operator to 2022-01-01 00:00:00+00:00, run_after=2022-01-01 00:00:00+00:00
[2024-10-29T17:10:00.526+0000] {logging_mixin.py:188} INFO - [2024-10-29T17:10:00.525+0000] {dag.py:3954} INFO - Setting next_dagrun for example_subdag_operator.section-1 to None, run_after=None
[2024-10-29T17:10:00.530+0000] {logging_mixin.py:188} INFO - [2024-10-29T17:10:00.529+0000] {dag.py:3954} INFO - Setting next_dagrun for example_subdag_operator.section-2 to None, run_after=None
[2024-10-29T17:10:00.546+0000] {logging_mixin.py:188} INFO - [2024-10-29T17:10:00.545+0000] {dag.py:3096} INFO - Sync 2 DAGs
[2024-10-29T17:10:00.552+0000] {logging_mixin.py:188} INFO - [2024-10-29T17:10:00.552+0000] {dag.py:3954} INFO - Setting next_dagrun for example_subdag_operator.section-1 to None, run_after=None
[2024-10-29T17:10:00.553+0000] {logging_mixin.py:188} INFO - [2024-10-29T17:10:00.552+0000] {dag.py:3954} INFO - Setting next_dagrun for example_subdag_operator.section-2 to None, run_after=None
[2024-10-29T17:10:00.578+0000] {processor.py:183} INFO - Processing /home/airflow/.local/lib/python3.11/site-packages/airflow/example_dags/example_subdag_operator.py took 0.374 seconds
[2024-10-29T17:10:31.337+0000] {processor.py:161} INFO - Started process (PID=870) to work on /home/airflow/.local/lib/python3.11/site-packages/airflow/example_dags/example_subdag_operator.py
[2024-10-29T17:10:31.340+0000] {processor.py:830} INFO - Processing file /home/airflow/.local/lib/python3.11/site-packages/airflow/example_dags/example_subdag_operator.py for tasks to queue
[2024-10-29T17:10:31.344+0000] {logging_mixin.py:188} INFO - [2024-10-29T17:10:31.343+0000] {dagbag.py:545} INFO - Filling up the DagBag from /home/airflow/.local/lib/python3.11/site-packages/airflow/example_dags/example_subdag_operator.py
[2024-10-29T17:10:31.378+0000] {processor.py:840} INFO - DAG(s) 'example_subdag_operator.section-1', 'example_subdag_operator.section-2', 'example_subdag_operator' retrieved from /home/airflow/.local/lib/python3.11/site-packages/airflow/example_dags/example_subdag_operator.py
[2024-10-29T17:10:31.399+0000] {logging_mixin.py:188} INFO - [2024-10-29T17:10:31.398+0000] {dag.py:3096} INFO - Sync 3 DAGs
[2024-10-29T17:10:31.434+0000] {logging_mixin.py:188} INFO - [2024-10-29T17:10:31.434+0000] {dag.py:3954} INFO - Setting next_dagrun for example_subdag_operator to 2022-01-01 00:00:00+00:00, run_after=2022-01-01 00:00:00+00:00
[2024-10-29T17:10:31.440+0000] {logging_mixin.py:188} INFO - [2024-10-29T17:10:31.440+0000] {dag.py:3954} INFO - Setting next_dagrun for example_subdag_operator.section-1 to None, run_after=None
[2024-10-29T17:10:31.442+0000] {logging_mixin.py:188} INFO - [2024-10-29T17:10:31.442+0000] {dag.py:3954} INFO - Setting next_dagrun for example_subdag_operator.section-2 to None, run_after=None
[2024-10-29T17:10:31.454+0000] {logging_mixin.py:188} INFO - [2024-10-29T17:10:31.454+0000] {dag.py:3096} INFO - Sync 2 DAGs
[2024-10-29T17:10:31.463+0000] {logging_mixin.py:188} INFO - [2024-10-29T17:10:31.462+0000] {dag.py:3954} INFO - Setting next_dagrun for example_subdag_operator.section-1 to None, run_after=None
[2024-10-29T17:10:31.465+0000] {logging_mixin.py:188} INFO - [2024-10-29T17:10:31.465+0000] {dag.py:3954} INFO - Setting next_dagrun for example_subdag_operator.section-2 to None, run_after=None
[2024-10-29T17:10:31.493+0000] {processor.py:183} INFO - Processing /home/airflow/.local/lib/python3.11/site-packages/airflow/example_dags/example_subdag_operator.py took 0.164 seconds
[2024-10-29T17:11:02.406+0000] {processor.py:161} INFO - Started process (PID=1133) to work on /home/airflow/.local/lib/python3.11/site-packages/airflow/example_dags/example_subdag_operator.py
[2024-10-29T17:11:02.407+0000] {processor.py:830} INFO - Processing file /home/airflow/.local/lib/python3.11/site-packages/airflow/example_dags/example_subdag_operator.py for tasks to queue
[2024-10-29T17:11:02.410+0000] {logging_mixin.py:188} INFO - [2024-10-29T17:11:02.409+0000] {dagbag.py:545} INFO - Filling up the DagBag from /home/airflow/.local/lib/python3.11/site-packages/airflow/example_dags/example_subdag_operator.py
[2024-10-29T17:11:02.435+0000] {processor.py:840} INFO - DAG(s) 'example_subdag_operator.section-1', 'example_subdag_operator.section-2', 'example_subdag_operator' retrieved from /home/airflow/.local/lib/python3.11/site-packages/airflow/example_dags/example_subdag_operator.py
[2024-10-29T17:11:02.450+0000] {logging_mixin.py:188} INFO - [2024-10-29T17:11:02.450+0000] {dag.py:3096} INFO - Sync 3 DAGs
[2024-10-29T17:11:02.472+0000] {logging_mixin.py:188} INFO - [2024-10-29T17:11:02.472+0000] {dag.py:3954} INFO - Setting next_dagrun for example_subdag_operator to 2022-01-01 00:00:00+00:00, run_after=2022-01-01 00:00:00+00:00
[2024-10-29T17:11:02.475+0000] {logging_mixin.py:188} INFO - [2024-10-29T17:11:02.475+0000] {dag.py:3954} INFO - Setting next_dagrun for example_subdag_operator.section-1 to None, run_after=None
[2024-10-29T17:11:02.477+0000] {logging_mixin.py:188} INFO - [2024-10-29T17:11:02.477+0000] {dag.py:3954} INFO - Setting next_dagrun for example_subdag_operator.section-2 to None, run_after=None
[2024-10-29T17:11:02.485+0000] {logging_mixin.py:188} INFO - [2024-10-29T17:11:02.485+0000] {dag.py:3096} INFO - Sync 2 DAGs
[2024-10-29T17:11:02.490+0000] {logging_mixin.py:188} INFO - [2024-10-29T17:11:02.489+0000] {dag.py:3954} INFO - Setting next_dagrun for example_subdag_operator.section-1 to None, run_after=None
[2024-10-29T17:11:02.490+0000] {logging_mixin.py:188} INFO - [2024-10-29T17:11:02.490+0000] {dag.py:3954} INFO - Setting next_dagrun for example_subdag_operator.section-2 to None, run_after=None
[2024-10-29T17:11:02.504+0000] {processor.py:183} INFO - Processing /home/airflow/.local/lib/python3.11/site-packages/airflow/example_dags/example_subdag_operator.py took 0.104 seconds
[2024-10-29T17:11:33.392+0000] {processor.py:161} INFO - Started process (PID=1394) to work on /home/airflow/.local/lib/python3.11/site-packages/airflow/example_dags/example_subdag_operator.py
[2024-10-29T17:11:33.393+0000] {processor.py:830} INFO - Processing file /home/airflow/.local/lib/python3.11/site-packages/airflow/example_dags/example_subdag_operator.py for tasks to queue
[2024-10-29T17:11:33.396+0000] {logging_mixin.py:188} INFO - [2024-10-29T17:11:33.396+0000] {dagbag.py:545} INFO - Filling up the DagBag from /home/airflow/.local/lib/python3.11/site-packages/airflow/example_dags/example_subdag_operator.py
[2024-10-29T17:11:33.418+0000] {processor.py:840} INFO - DAG(s) 'example_subdag_operator.section-1', 'example_subdag_operator.section-2', 'example_subdag_operator' retrieved from /home/airflow/.local/lib/python3.11/site-packages/airflow/example_dags/example_subdag_operator.py
[2024-10-29T17:11:33.433+0000] {logging_mixin.py:188} INFO - [2024-10-29T17:11:33.433+0000] {dag.py:3096} INFO - Sync 3 DAGs
[2024-10-29T17:11:33.453+0000] {logging_mixin.py:188} INFO - [2024-10-29T17:11:33.453+0000] {dag.py:3954} INFO - Setting next_dagrun for example_subdag_operator to 2022-01-01 00:00:00+00:00, run_after=2022-01-01 00:00:00+00:00
[2024-10-29T17:11:33.458+0000] {logging_mixin.py:188} INFO - [2024-10-29T17:11:33.458+0000] {dag.py:3954} INFO - Setting next_dagrun for example_subdag_operator.section-1 to None, run_after=None
[2024-10-29T17:11:33.461+0000] {logging_mixin.py:188} INFO - [2024-10-29T17:11:33.460+0000] {dag.py:3954} INFO - Setting next_dagrun for example_subdag_operator.section-2 to None, run_after=None
[2024-10-29T17:11:33.468+0000] {logging_mixin.py:188} INFO - [2024-10-29T17:11:33.468+0000] {dag.py:3096} INFO - Sync 2 DAGs
[2024-10-29T17:11:33.473+0000] {logging_mixin.py:188} INFO - [2024-10-29T17:11:33.473+0000] {dag.py:3954} INFO - Setting next_dagrun for example_subdag_operator.section-1 to None, run_after=None
[2024-10-29T17:11:33.474+0000] {logging_mixin.py:188} INFO - [2024-10-29T17:11:33.474+0000] {dag.py:3954} INFO - Setting next_dagrun for example_subdag_operator.section-2 to None, run_after=None
[2024-10-29T17:11:33.486+0000] {processor.py:183} INFO - Processing /home/airflow/.local/lib/python3.11/site-packages/airflow/example_dags/example_subdag_operator.py took 0.100 seconds
[2024-10-29T17:12:03.540+0000] {processor.py:161} INFO - Started process (PID=1658) to work on /home/airflow/.local/lib/python3.11/site-packages/airflow/example_dags/example_subdag_operator.py
[2024-10-29T17:12:03.541+0000] {processor.py:830} INFO - Processing file /home/airflow/.local/lib/python3.11/site-packages/airflow/example_dags/example_subdag_operator.py for tasks to queue
[2024-10-29T17:12:03.543+0000] {logging_mixin.py:188} INFO - [2024-10-29T17:12:03.542+0000] {dagbag.py:545} INFO - Filling up the DagBag from /home/airflow/.local/lib/python3.11/site-packages/airflow/example_dags/example_subdag_operator.py
[2024-10-29T17:12:03.566+0000] {processor.py:840} INFO - DAG(s) 'example_subdag_operator.section-1', 'example_subdag_operator.section-2', 'example_subdag_operator' retrieved from /home/airflow/.local/lib/python3.11/site-packages/airflow/example_dags/example_subdag_operator.py
[2024-10-29T17:12:03.581+0000] {logging_mixin.py:188} INFO - [2024-10-29T17:12:03.581+0000] {dag.py:3096} INFO - Sync 3 DAGs
[2024-10-29T17:12:03.601+0000] {logging_mixin.py:188} INFO - [2024-10-29T17:12:03.600+0000] {dag.py:3954} INFO - Setting next_dagrun for example_subdag_operator to 2022-01-01 00:00:00+00:00, run_after=2022-01-01 00:00:00+00:00
[2024-10-29T17:12:03.604+0000] {logging_mixin.py:188} INFO - [2024-10-29T17:12:03.604+0000] {dag.py:3954} INFO - Setting next_dagrun for example_subdag_operator.section-1 to None, run_after=None
[2024-10-29T17:12:03.606+0000] {logging_mixin.py:188} INFO - [2024-10-29T17:12:03.606+0000] {dag.py:3954} INFO - Setting next_dagrun for example_subdag_operator.section-2 to None, run_after=None
[2024-10-29T17:12:03.613+0000] {logging_mixin.py:188} INFO - [2024-10-29T17:12:03.613+0000] {dag.py:3096} INFO - Sync 2 DAGs
[2024-10-29T17:12:03.617+0000] {logging_mixin.py:188} INFO - [2024-10-29T17:12:03.617+0000] {dag.py:3954} INFO - Setting next_dagrun for example_subdag_operator.section-1 to None, run_after=None
[2024-10-29T17:12:03.618+0000] {logging_mixin.py:188} INFO - [2024-10-29T17:12:03.618+0000] {dag.py:3954} INFO - Setting next_dagrun for example_subdag_operator.section-2 to None, run_after=None
[2024-10-29T17:12:03.632+0000] {processor.py:183} INFO - Processing /home/airflow/.local/lib/python3.11/site-packages/airflow/example_dags/example_subdag_operator.py took 0.097 seconds
[2024-10-29T17:12:34.167+0000] {processor.py:161} INFO - Started process (PID=1920) to work on /home/airflow/.local/lib/python3.11/site-packages/airflow/example_dags/example_subdag_operator.py
[2024-10-29T17:12:34.168+0000] {processor.py:830} INFO - Processing file /home/airflow/.local/lib/python3.11/site-packages/airflow/example_dags/example_subdag_operator.py for tasks to queue
[2024-10-29T17:12:34.171+0000] {logging_mixin.py:188} INFO - [2024-10-29T17:12:34.170+0000] {dagbag.py:545} INFO - Filling up the DagBag from /home/airflow/.local/lib/python3.11/site-packages/airflow/example_dags/example_subdag_operator.py
[2024-10-29T17:12:34.198+0000] {processor.py:840} INFO - DAG(s) 'example_subdag_operator.section-1', 'example_subdag_operator.section-2', 'example_subdag_operator' retrieved from /home/airflow/.local/lib/python3.11/site-packages/airflow/example_dags/example_subdag_operator.py
[2024-10-29T17:12:34.220+0000] {logging_mixin.py:188} INFO - [2024-10-29T17:12:34.219+0000] {dag.py:3096} INFO - Sync 3 DAGs
[2024-10-29T17:12:34.243+0000] {logging_mixin.py:188} INFO - [2024-10-29T17:12:34.243+0000] {dag.py:3954} INFO - Setting next_dagrun for example_subdag_operator to 2022-01-01 00:00:00+00:00, run_after=2022-01-01 00:00:00+00:00
[2024-10-29T17:12:34.247+0000] {logging_mixin.py:188} INFO - [2024-10-29T17:12:34.246+0000] {dag.py:3954} INFO - Setting next_dagrun for example_subdag_operator.section-1 to None, run_after=None
[2024-10-29T17:12:34.248+0000] {logging_mixin.py:188} INFO - [2024-10-29T17:12:34.248+0000] {dag.py:3954} INFO - Setting next_dagrun for example_subdag_operator.section-2 to None, run_after=None
[2024-10-29T17:12:34.255+0000] {logging_mixin.py:188} INFO - [2024-10-29T17:12:34.255+0000] {dag.py:3096} INFO - Sync 2 DAGs
[2024-10-29T17:12:34.260+0000] {logging_mixin.py:188} INFO - [2024-10-29T17:12:34.259+0000] {dag.py:3954} INFO - Setting next_dagrun for example_subdag_operator.section-1 to None, run_after=None
[2024-10-29T17:12:34.260+0000] {logging_mixin.py:188} INFO - [2024-10-29T17:12:34.260+0000] {dag.py:3954} INFO - Setting next_dagrun for example_subdag_operator.section-2 to None, run_after=None
[2024-10-29T17:12:34.277+0000] {processor.py:183} INFO - Processing /home/airflow/.local/lib/python3.11/site-packages/airflow/example_dags/example_subdag_operator.py took 0.115 seconds
