[2024-10-29T17:02:15.916+0000] {processor.py:161} INFO - Started process (PID=231) to work on /home/airflow/.local/lib/python3.11/site-packages/airflow/example_dags/example_python_decorator.py
[2024-10-29T17:02:15.918+0000] {processor.py:830} INFO - Processing file /home/airflow/.local/lib/python3.11/site-packages/airflow/example_dags/example_python_decorator.py for tasks to queue
[2024-10-29T17:02:15.921+0000] {logging_mixin.py:188} INFO - [2024-10-29T17:02:15.920+0000] {dagbag.py:545} INFO - Filling up the DagBag from /home/airflow/.local/lib/python3.11/site-packages/airflow/example_dags/example_python_decorator.py
[2024-10-29T17:02:15.940+0000] {processor.py:840} INFO - DAG(s) 'example_python_decorator' retrieved from /home/airflow/.local/lib/python3.11/site-packages/airflow/example_dags/example_python_decorator.py
[2024-10-29T17:02:16.198+0000] {logging_mixin.py:188} INFO - [2024-10-29T17:02:16.197+0000] {override.py:1829} INFO - Created Permission View: can edit on DAG:example_python_decorator
[2024-10-29T17:02:16.212+0000] {logging_mixin.py:188} INFO - [2024-10-29T17:02:16.212+0000] {override.py:1829} INFO - Created Permission View: can delete on DAG:example_python_decorator
[2024-10-29T17:02:16.227+0000] {logging_mixin.py:188} INFO - [2024-10-29T17:02:16.227+0000] {override.py:1829} INFO - Created Permission View: can read on DAG:example_python_decorator
[2024-10-29T17:02:16.228+0000] {logging_mixin.py:188} INFO - [2024-10-29T17:02:16.228+0000] {dag.py:3096} INFO - Sync 1 DAGs
[2024-10-29T17:02:16.241+0000] {logging_mixin.py:188} INFO - [2024-10-29T17:02:16.241+0000] {dag.py:3118} INFO - Creating ORM DAG for example_python_decorator
[2024-10-29T17:02:16.242+0000] {logging_mixin.py:188} INFO - [2024-10-29T17:02:16.242+0000] {dag.py:3954} INFO - Setting next_dagrun for example_python_decorator to None, run_after=None
[2024-10-29T17:02:16.278+0000] {processor.py:183} INFO - Processing /home/airflow/.local/lib/python3.11/site-packages/airflow/example_dags/example_python_decorator.py took 0.366 seconds
[2024-10-29T17:02:47.027+0000] {processor.py:161} INFO - Started process (PID=493) to work on /home/airflow/.local/lib/python3.11/site-packages/airflow/example_dags/example_python_decorator.py
[2024-10-29T17:02:47.029+0000] {processor.py:830} INFO - Processing file /home/airflow/.local/lib/python3.11/site-packages/airflow/example_dags/example_python_decorator.py for tasks to queue
[2024-10-29T17:02:47.031+0000] {logging_mixin.py:188} INFO - [2024-10-29T17:02:47.031+0000] {dagbag.py:545} INFO - Filling up the DagBag from /home/airflow/.local/lib/python3.11/site-packages/airflow/example_dags/example_python_decorator.py
[2024-10-29T17:02:47.048+0000] {processor.py:840} INFO - DAG(s) 'example_python_decorator' retrieved from /home/airflow/.local/lib/python3.11/site-packages/airflow/example_dags/example_python_decorator.py
[2024-10-29T17:02:47.073+0000] {logging_mixin.py:188} INFO - [2024-10-29T17:02:47.073+0000] {dag.py:3096} INFO - Sync 1 DAGs
[2024-10-29T17:02:47.086+0000] {logging_mixin.py:188} INFO - [2024-10-29T17:02:47.086+0000] {dag.py:3954} INFO - Setting next_dagrun for example_python_decorator to None, run_after=None
[2024-10-29T17:02:47.114+0000] {processor.py:183} INFO - Processing /home/airflow/.local/lib/python3.11/site-packages/airflow/example_dags/example_python_decorator.py took 0.096 seconds
[2024-10-29T17:03:17.650+0000] {processor.py:161} INFO - Started process (PID=755) to work on /home/airflow/.local/lib/python3.11/site-packages/airflow/example_dags/example_python_decorator.py
[2024-10-29T17:03:17.652+0000] {processor.py:830} INFO - Processing file /home/airflow/.local/lib/python3.11/site-packages/airflow/example_dags/example_python_decorator.py for tasks to queue
[2024-10-29T17:03:17.656+0000] {logging_mixin.py:188} INFO - [2024-10-29T17:03:17.655+0000] {dagbag.py:545} INFO - Filling up the DagBag from /home/airflow/.local/lib/python3.11/site-packages/airflow/example_dags/example_python_decorator.py
[2024-10-29T17:03:17.676+0000] {processor.py:840} INFO - DAG(s) 'example_python_decorator' retrieved from /home/airflow/.local/lib/python3.11/site-packages/airflow/example_dags/example_python_decorator.py
[2024-10-29T17:03:17.702+0000] {logging_mixin.py:188} INFO - [2024-10-29T17:03:17.702+0000] {dag.py:3096} INFO - Sync 1 DAGs
[2024-10-29T17:03:17.722+0000] {logging_mixin.py:188} INFO - [2024-10-29T17:03:17.722+0000] {dag.py:3954} INFO - Setting next_dagrun for example_python_decorator to None, run_after=None
[2024-10-29T17:03:17.752+0000] {processor.py:183} INFO - Processing /home/airflow/.local/lib/python3.11/site-packages/airflow/example_dags/example_python_decorator.py took 0.109 seconds
[2024-10-29T17:03:48.354+0000] {processor.py:161} INFO - Started process (PID=1018) to work on /home/airflow/.local/lib/python3.11/site-packages/airflow/example_dags/example_python_decorator.py
[2024-10-29T17:03:48.361+0000] {processor.py:830} INFO - Processing file /home/airflow/.local/lib/python3.11/site-packages/airflow/example_dags/example_python_decorator.py for tasks to queue
[2024-10-29T17:03:48.364+0000] {logging_mixin.py:188} INFO - [2024-10-29T17:03:48.363+0000] {dagbag.py:545} INFO - Filling up the DagBag from /home/airflow/.local/lib/python3.11/site-packages/airflow/example_dags/example_python_decorator.py
[2024-10-29T17:03:48.393+0000] {processor.py:840} INFO - DAG(s) 'example_python_decorator' retrieved from /home/airflow/.local/lib/python3.11/site-packages/airflow/example_dags/example_python_decorator.py
[2024-10-29T17:03:48.432+0000] {logging_mixin.py:188} INFO - [2024-10-29T17:03:48.431+0000] {dag.py:3096} INFO - Sync 1 DAGs
[2024-10-29T17:03:48.451+0000] {logging_mixin.py:188} INFO - [2024-10-29T17:03:48.451+0000] {dag.py:3954} INFO - Setting next_dagrun for example_python_decorator to None, run_after=None
[2024-10-29T17:03:48.483+0000] {processor.py:183} INFO - Processing /home/airflow/.local/lib/python3.11/site-packages/airflow/example_dags/example_python_decorator.py took 0.144 seconds
[2024-10-29T17:04:18.530+0000] {processor.py:161} INFO - Started process (PID=1277) to work on /home/airflow/.local/lib/python3.11/site-packages/airflow/example_dags/example_python_decorator.py
[2024-10-29T17:04:18.531+0000] {processor.py:830} INFO - Processing file /home/airflow/.local/lib/python3.11/site-packages/airflow/example_dags/example_python_decorator.py for tasks to queue
[2024-10-29T17:04:18.533+0000] {logging_mixin.py:188} INFO - [2024-10-29T17:04:18.533+0000] {dagbag.py:545} INFO - Filling up the DagBag from /home/airflow/.local/lib/python3.11/site-packages/airflow/example_dags/example_python_decorator.py
[2024-10-29T17:04:18.551+0000] {processor.py:840} INFO - DAG(s) 'example_python_decorator' retrieved from /home/airflow/.local/lib/python3.11/site-packages/airflow/example_dags/example_python_decorator.py
[2024-10-29T17:04:18.574+0000] {logging_mixin.py:188} INFO - [2024-10-29T17:04:18.573+0000] {dag.py:3096} INFO - Sync 1 DAGs
[2024-10-29T17:04:18.586+0000] {logging_mixin.py:188} INFO - [2024-10-29T17:04:18.586+0000] {dag.py:3954} INFO - Setting next_dagrun for example_python_decorator to None, run_after=None
[2024-10-29T17:04:18.606+0000] {processor.py:183} INFO - Processing /home/airflow/.local/lib/python3.11/site-packages/airflow/example_dags/example_python_decorator.py took 0.082 seconds
[2024-10-29T17:04:48.921+0000] {processor.py:161} INFO - Started process (PID=1542) to work on /home/airflow/.local/lib/python3.11/site-packages/airflow/example_dags/example_python_decorator.py
[2024-10-29T17:04:48.922+0000] {processor.py:830} INFO - Processing file /home/airflow/.local/lib/python3.11/site-packages/airflow/example_dags/example_python_decorator.py for tasks to queue
[2024-10-29T17:04:48.924+0000] {logging_mixin.py:188} INFO - [2024-10-29T17:04:48.924+0000] {dagbag.py:545} INFO - Filling up the DagBag from /home/airflow/.local/lib/python3.11/site-packages/airflow/example_dags/example_python_decorator.py
[2024-10-29T17:04:48.935+0000] {processor.py:840} INFO - DAG(s) 'example_python_decorator' retrieved from /home/airflow/.local/lib/python3.11/site-packages/airflow/example_dags/example_python_decorator.py
[2024-10-29T17:04:48.954+0000] {logging_mixin.py:188} INFO - [2024-10-29T17:04:48.954+0000] {dag.py:3096} INFO - Sync 1 DAGs
[2024-10-29T17:04:48.965+0000] {logging_mixin.py:188} INFO - [2024-10-29T17:04:48.965+0000] {dag.py:3954} INFO - Setting next_dagrun for example_python_decorator to None, run_after=None
[2024-10-29T17:04:48.985+0000] {processor.py:183} INFO - Processing /home/airflow/.local/lib/python3.11/site-packages/airflow/example_dags/example_python_decorator.py took 0.069 seconds
[2024-10-29T17:05:19.111+0000] {processor.py:161} INFO - Started process (PID=1804) to work on /home/airflow/.local/lib/python3.11/site-packages/airflow/example_dags/example_python_decorator.py
[2024-10-29T17:05:19.112+0000] {processor.py:830} INFO - Processing file /home/airflow/.local/lib/python3.11/site-packages/airflow/example_dags/example_python_decorator.py for tasks to queue
[2024-10-29T17:05:19.113+0000] {logging_mixin.py:188} INFO - [2024-10-29T17:05:19.113+0000] {dagbag.py:545} INFO - Filling up the DagBag from /home/airflow/.local/lib/python3.11/site-packages/airflow/example_dags/example_python_decorator.py
[2024-10-29T17:05:19.125+0000] {processor.py:840} INFO - DAG(s) 'example_python_decorator' retrieved from /home/airflow/.local/lib/python3.11/site-packages/airflow/example_dags/example_python_decorator.py
[2024-10-29T17:05:19.146+0000] {logging_mixin.py:188} INFO - [2024-10-29T17:05:19.146+0000] {dag.py:3096} INFO - Sync 1 DAGs
[2024-10-29T17:05:19.157+0000] {logging_mixin.py:188} INFO - [2024-10-29T17:05:19.156+0000] {dag.py:3954} INFO - Setting next_dagrun for example_python_decorator to None, run_after=None
[2024-10-29T17:05:19.179+0000] {processor.py:183} INFO - Processing /home/airflow/.local/lib/python3.11/site-packages/airflow/example_dags/example_python_decorator.py took 0.074 seconds
[2024-10-29T17:05:49.344+0000] {processor.py:161} INFO - Started process (PID=2066) to work on /home/airflow/.local/lib/python3.11/site-packages/airflow/example_dags/example_python_decorator.py
[2024-10-29T17:05:49.345+0000] {processor.py:830} INFO - Processing file /home/airflow/.local/lib/python3.11/site-packages/airflow/example_dags/example_python_decorator.py for tasks to queue
[2024-10-29T17:05:49.347+0000] {logging_mixin.py:188} INFO - [2024-10-29T17:05:49.346+0000] {dagbag.py:545} INFO - Filling up the DagBag from /home/airflow/.local/lib/python3.11/site-packages/airflow/example_dags/example_python_decorator.py
[2024-10-29T17:05:49.357+0000] {processor.py:840} INFO - DAG(s) 'example_python_decorator' retrieved from /home/airflow/.local/lib/python3.11/site-packages/airflow/example_dags/example_python_decorator.py
[2024-10-29T17:05:49.381+0000] {logging_mixin.py:188} INFO - [2024-10-29T17:05:49.380+0000] {dag.py:3096} INFO - Sync 1 DAGs
[2024-10-29T17:05:49.391+0000] {logging_mixin.py:188} INFO - [2024-10-29T17:05:49.391+0000] {dag.py:3954} INFO - Setting next_dagrun for example_python_decorator to None, run_after=None
[2024-10-29T17:05:49.413+0000] {processor.py:183} INFO - Processing /home/airflow/.local/lib/python3.11/site-packages/airflow/example_dags/example_python_decorator.py took 0.075 seconds
[2024-10-29T17:06:19.524+0000] {processor.py:161} INFO - Started process (PID=2328) to work on /home/airflow/.local/lib/python3.11/site-packages/airflow/example_dags/example_python_decorator.py
[2024-10-29T17:06:19.525+0000] {processor.py:830} INFO - Processing file /home/airflow/.local/lib/python3.11/site-packages/airflow/example_dags/example_python_decorator.py for tasks to queue
[2024-10-29T17:06:19.526+0000] {logging_mixin.py:188} INFO - [2024-10-29T17:06:19.526+0000] {dagbag.py:545} INFO - Filling up the DagBag from /home/airflow/.local/lib/python3.11/site-packages/airflow/example_dags/example_python_decorator.py
[2024-10-29T17:06:19.539+0000] {processor.py:840} INFO - DAG(s) 'example_python_decorator' retrieved from /home/airflow/.local/lib/python3.11/site-packages/airflow/example_dags/example_python_decorator.py
[2024-10-29T17:06:19.561+0000] {logging_mixin.py:188} INFO - [2024-10-29T17:06:19.560+0000] {dag.py:3096} INFO - Sync 1 DAGs
[2024-10-29T17:06:19.573+0000] {logging_mixin.py:188} INFO - [2024-10-29T17:06:19.573+0000] {dag.py:3954} INFO - Setting next_dagrun for example_python_decorator to None, run_after=None
[2024-10-29T17:06:19.592+0000] {processor.py:183} INFO - Processing /home/airflow/.local/lib/python3.11/site-packages/airflow/example_dags/example_python_decorator.py took 0.074 seconds
[2024-10-29T17:06:49.728+0000] {processor.py:161} INFO - Started process (PID=2590) to work on /home/airflow/.local/lib/python3.11/site-packages/airflow/example_dags/example_python_decorator.py
[2024-10-29T17:06:49.729+0000] {processor.py:830} INFO - Processing file /home/airflow/.local/lib/python3.11/site-packages/airflow/example_dags/example_python_decorator.py for tasks to queue
[2024-10-29T17:06:49.731+0000] {logging_mixin.py:188} INFO - [2024-10-29T17:06:49.730+0000] {dagbag.py:545} INFO - Filling up the DagBag from /home/airflow/.local/lib/python3.11/site-packages/airflow/example_dags/example_python_decorator.py
[2024-10-29T17:06:49.741+0000] {processor.py:840} INFO - DAG(s) 'example_python_decorator' retrieved from /home/airflow/.local/lib/python3.11/site-packages/airflow/example_dags/example_python_decorator.py
[2024-10-29T17:06:49.762+0000] {logging_mixin.py:188} INFO - [2024-10-29T17:06:49.762+0000] {dag.py:3096} INFO - Sync 1 DAGs
[2024-10-29T17:06:49.772+0000] {logging_mixin.py:188} INFO - [2024-10-29T17:06:49.772+0000] {dag.py:3954} INFO - Setting next_dagrun for example_python_decorator to None, run_after=None
[2024-10-29T17:06:49.790+0000] {processor.py:183} INFO - Processing /home/airflow/.local/lib/python3.11/site-packages/airflow/example_dags/example_python_decorator.py took 0.067 seconds
[2024-10-29T17:07:20.077+0000] {processor.py:161} INFO - Started process (PID=2852) to work on /home/airflow/.local/lib/python3.11/site-packages/airflow/example_dags/example_python_decorator.py
[2024-10-29T17:07:20.078+0000] {processor.py:830} INFO - Processing file /home/airflow/.local/lib/python3.11/site-packages/airflow/example_dags/example_python_decorator.py for tasks to queue
[2024-10-29T17:07:20.080+0000] {logging_mixin.py:188} INFO - [2024-10-29T17:07:20.079+0000] {dagbag.py:545} INFO - Filling up the DagBag from /home/airflow/.local/lib/python3.11/site-packages/airflow/example_dags/example_python_decorator.py
[2024-10-29T17:07:20.092+0000] {processor.py:840} INFO - DAG(s) 'example_python_decorator' retrieved from /home/airflow/.local/lib/python3.11/site-packages/airflow/example_dags/example_python_decorator.py
[2024-10-29T17:07:20.115+0000] {logging_mixin.py:188} INFO - [2024-10-29T17:07:20.115+0000] {dag.py:3096} INFO - Sync 1 DAGs
[2024-10-29T17:07:20.126+0000] {logging_mixin.py:188} INFO - [2024-10-29T17:07:20.126+0000] {dag.py:3954} INFO - Setting next_dagrun for example_python_decorator to None, run_after=None
[2024-10-29T17:07:20.144+0000] {processor.py:183} INFO - Processing /home/airflow/.local/lib/python3.11/site-packages/airflow/example_dags/example_python_decorator.py took 0.073 seconds
[2024-10-29T17:07:50.581+0000] {processor.py:161} INFO - Started process (PID=3114) to work on /home/airflow/.local/lib/python3.11/site-packages/airflow/example_dags/example_python_decorator.py
[2024-10-29T17:07:50.582+0000] {processor.py:830} INFO - Processing file /home/airflow/.local/lib/python3.11/site-packages/airflow/example_dags/example_python_decorator.py for tasks to queue
[2024-10-29T17:07:50.583+0000] {logging_mixin.py:188} INFO - [2024-10-29T17:07:50.583+0000] {dagbag.py:545} INFO - Filling up the DagBag from /home/airflow/.local/lib/python3.11/site-packages/airflow/example_dags/example_python_decorator.py
[2024-10-29T17:07:50.596+0000] {processor.py:840} INFO - DAG(s) 'example_python_decorator' retrieved from /home/airflow/.local/lib/python3.11/site-packages/airflow/example_dags/example_python_decorator.py
[2024-10-29T17:07:50.617+0000] {logging_mixin.py:188} INFO - [2024-10-29T17:07:50.617+0000] {dag.py:3096} INFO - Sync 1 DAGs
[2024-10-29T17:07:50.631+0000] {logging_mixin.py:188} INFO - [2024-10-29T17:07:50.631+0000] {dag.py:3954} INFO - Setting next_dagrun for example_python_decorator to None, run_after=None
[2024-10-29T17:07:50.661+0000] {processor.py:183} INFO - Processing /home/airflow/.local/lib/python3.11/site-packages/airflow/example_dags/example_python_decorator.py took 0.086 seconds
[2024-10-29T17:08:20.913+0000] {processor.py:161} INFO - Started process (PID=3376) to work on /home/airflow/.local/lib/python3.11/site-packages/airflow/example_dags/example_python_decorator.py
[2024-10-29T17:08:20.914+0000] {processor.py:830} INFO - Processing file /home/airflow/.local/lib/python3.11/site-packages/airflow/example_dags/example_python_decorator.py for tasks to queue
[2024-10-29T17:08:20.916+0000] {logging_mixin.py:188} INFO - [2024-10-29T17:08:20.915+0000] {dagbag.py:545} INFO - Filling up the DagBag from /home/airflow/.local/lib/python3.11/site-packages/airflow/example_dags/example_python_decorator.py
[2024-10-29T17:08:20.930+0000] {processor.py:840} INFO - DAG(s) 'example_python_decorator' retrieved from /home/airflow/.local/lib/python3.11/site-packages/airflow/example_dags/example_python_decorator.py
[2024-10-29T17:08:20.949+0000] {logging_mixin.py:188} INFO - [2024-10-29T17:08:20.949+0000] {dag.py:3096} INFO - Sync 1 DAGs
[2024-10-29T17:08:20.962+0000] {logging_mixin.py:188} INFO - [2024-10-29T17:08:20.961+0000] {dag.py:3954} INFO - Setting next_dagrun for example_python_decorator to None, run_after=None
[2024-10-29T17:08:20.981+0000] {processor.py:183} INFO - Processing /home/airflow/.local/lib/python3.11/site-packages/airflow/example_dags/example_python_decorator.py took 0.073 seconds
[2024-10-29T17:09:26.477+0000] {processor.py:161} INFO - Started process (PID=225) to work on /home/airflow/.local/lib/python3.11/site-packages/airflow/example_dags/example_python_decorator.py
[2024-10-29T17:09:26.479+0000] {processor.py:830} INFO - Processing file /home/airflow/.local/lib/python3.11/site-packages/airflow/example_dags/example_python_decorator.py for tasks to queue
[2024-10-29T17:09:26.481+0000] {logging_mixin.py:188} INFO - [2024-10-29T17:09:26.481+0000] {dagbag.py:545} INFO - Filling up the DagBag from /home/airflow/.local/lib/python3.11/site-packages/airflow/example_dags/example_python_decorator.py
[2024-10-29T17:09:26.499+0000] {processor.py:840} INFO - DAG(s) 'example_python_decorator' retrieved from /home/airflow/.local/lib/python3.11/site-packages/airflow/example_dags/example_python_decorator.py
[2024-10-29T17:09:26.514+0000] {logging_mixin.py:188} INFO - [2024-10-29T17:09:26.513+0000] {dag.py:3096} INFO - Sync 1 DAGs
[2024-10-29T17:09:26.528+0000] {logging_mixin.py:188} INFO - [2024-10-29T17:09:26.527+0000] {dag.py:3954} INFO - Setting next_dagrun for example_python_decorator to None, run_after=None
[2024-10-29T17:09:26.548+0000] {processor.py:183} INFO - Processing /home/airflow/.local/lib/python3.11/site-packages/airflow/example_dags/example_python_decorator.py took 0.076 seconds
[2024-10-29T17:09:57.376+0000] {processor.py:161} INFO - Started process (PID=487) to work on /home/airflow/.local/lib/python3.11/site-packages/airflow/example_dags/example_python_decorator.py
[2024-10-29T17:09:57.377+0000] {processor.py:830} INFO - Processing file /home/airflow/.local/lib/python3.11/site-packages/airflow/example_dags/example_python_decorator.py for tasks to queue
[2024-10-29T17:09:57.379+0000] {logging_mixin.py:188} INFO - [2024-10-29T17:09:57.378+0000] {dagbag.py:545} INFO - Filling up the DagBag from /home/airflow/.local/lib/python3.11/site-packages/airflow/example_dags/example_python_decorator.py
[2024-10-29T17:09:57.391+0000] {processor.py:840} INFO - DAG(s) 'example_python_decorator' retrieved from /home/airflow/.local/lib/python3.11/site-packages/airflow/example_dags/example_python_decorator.py
[2024-10-29T17:09:57.501+0000] {logging_mixin.py:188} INFO - [2024-10-29T17:09:57.501+0000] {dag.py:3096} INFO - Sync 1 DAGs
[2024-10-29T17:09:57.511+0000] {logging_mixin.py:188} INFO - [2024-10-29T17:09:57.511+0000] {dag.py:3954} INFO - Setting next_dagrun for example_python_decorator to None, run_after=None
[2024-10-29T17:09:57.533+0000] {processor.py:183} INFO - Processing /home/airflow/.local/lib/python3.11/site-packages/airflow/example_dags/example_python_decorator.py took 0.163 seconds
[2024-10-29T17:10:29.256+0000] {processor.py:161} INFO - Started process (PID=749) to work on /home/airflow/.local/lib/python3.11/site-packages/airflow/example_dags/example_python_decorator.py
[2024-10-29T17:10:29.257+0000] {processor.py:830} INFO - Processing file /home/airflow/.local/lib/python3.11/site-packages/airflow/example_dags/example_python_decorator.py for tasks to queue
[2024-10-29T17:10:29.258+0000] {logging_mixin.py:188} INFO - [2024-10-29T17:10:29.258+0000] {dagbag.py:545} INFO - Filling up the DagBag from /home/airflow/.local/lib/python3.11/site-packages/airflow/example_dags/example_python_decorator.py
[2024-10-29T17:10:29.272+0000] {processor.py:840} INFO - DAG(s) 'example_python_decorator' retrieved from /home/airflow/.local/lib/python3.11/site-packages/airflow/example_dags/example_python_decorator.py
[2024-10-29T17:10:29.299+0000] {logging_mixin.py:188} INFO - [2024-10-29T17:10:29.298+0000] {dag.py:3096} INFO - Sync 1 DAGs
[2024-10-29T17:10:29.312+0000] {logging_mixin.py:188} INFO - [2024-10-29T17:10:29.312+0000] {dag.py:3954} INFO - Setting next_dagrun for example_python_decorator to None, run_after=None
[2024-10-29T17:10:29.336+0000] {processor.py:183} INFO - Processing /home/airflow/.local/lib/python3.11/site-packages/airflow/example_dags/example_python_decorator.py took 0.088 seconds
[2024-10-29T17:10:59.563+0000] {processor.py:161} INFO - Started process (PID=1011) to work on /home/airflow/.local/lib/python3.11/site-packages/airflow/example_dags/example_python_decorator.py
[2024-10-29T17:10:59.564+0000] {processor.py:830} INFO - Processing file /home/airflow/.local/lib/python3.11/site-packages/airflow/example_dags/example_python_decorator.py for tasks to queue
[2024-10-29T17:10:59.567+0000] {logging_mixin.py:188} INFO - [2024-10-29T17:10:59.566+0000] {dagbag.py:545} INFO - Filling up the DagBag from /home/airflow/.local/lib/python3.11/site-packages/airflow/example_dags/example_python_decorator.py
[2024-10-29T17:10:59.586+0000] {processor.py:840} INFO - DAG(s) 'example_python_decorator' retrieved from /home/airflow/.local/lib/python3.11/site-packages/airflow/example_dags/example_python_decorator.py
[2024-10-29T17:10:59.619+0000] {logging_mixin.py:188} INFO - [2024-10-29T17:10:59.619+0000] {dag.py:3096} INFO - Sync 1 DAGs
[2024-10-29T17:10:59.636+0000] {logging_mixin.py:188} INFO - [2024-10-29T17:10:59.636+0000] {dag.py:3954} INFO - Setting next_dagrun for example_python_decorator to None, run_after=None
[2024-10-29T17:10:59.658+0000] {processor.py:183} INFO - Processing /home/airflow/.local/lib/python3.11/site-packages/airflow/example_dags/example_python_decorator.py took 0.104 seconds
[2024-10-29T17:11:30.069+0000] {processor.py:161} INFO - Started process (PID=1273) to work on /home/airflow/.local/lib/python3.11/site-packages/airflow/example_dags/example_python_decorator.py
[2024-10-29T17:11:30.070+0000] {processor.py:830} INFO - Processing file /home/airflow/.local/lib/python3.11/site-packages/airflow/example_dags/example_python_decorator.py for tasks to queue
[2024-10-29T17:11:30.072+0000] {logging_mixin.py:188} INFO - [2024-10-29T17:11:30.071+0000] {dagbag.py:545} INFO - Filling up the DagBag from /home/airflow/.local/lib/python3.11/site-packages/airflow/example_dags/example_python_decorator.py
[2024-10-29T17:11:30.085+0000] {processor.py:840} INFO - DAG(s) 'example_python_decorator' retrieved from /home/airflow/.local/lib/python3.11/site-packages/airflow/example_dags/example_python_decorator.py
[2024-10-29T17:11:30.109+0000] {logging_mixin.py:188} INFO - [2024-10-29T17:11:30.109+0000] {dag.py:3096} INFO - Sync 1 DAGs
[2024-10-29T17:11:30.120+0000] {logging_mixin.py:188} INFO - [2024-10-29T17:11:30.120+0000] {dag.py:3954} INFO - Setting next_dagrun for example_python_decorator to None, run_after=None
[2024-10-29T17:11:30.144+0000] {processor.py:183} INFO - Processing /home/airflow/.local/lib/python3.11/site-packages/airflow/example_dags/example_python_decorator.py took 0.081 seconds
[2024-10-29T17:12:01.033+0000] {processor.py:161} INFO - Started process (PID=1543) to work on /home/airflow/.local/lib/python3.11/site-packages/airflow/example_dags/example_python_decorator.py
[2024-10-29T17:12:01.034+0000] {processor.py:830} INFO - Processing file /home/airflow/.local/lib/python3.11/site-packages/airflow/example_dags/example_python_decorator.py for tasks to queue
[2024-10-29T17:12:01.035+0000] {logging_mixin.py:188} INFO - [2024-10-29T17:12:01.035+0000] {dagbag.py:545} INFO - Filling up the DagBag from /home/airflow/.local/lib/python3.11/site-packages/airflow/example_dags/example_python_decorator.py
[2024-10-29T17:12:01.047+0000] {processor.py:840} INFO - DAG(s) 'example_python_decorator' retrieved from /home/airflow/.local/lib/python3.11/site-packages/airflow/example_dags/example_python_decorator.py
[2024-10-29T17:12:01.068+0000] {logging_mixin.py:188} INFO - [2024-10-29T17:12:01.068+0000] {dag.py:3096} INFO - Sync 1 DAGs
[2024-10-29T17:12:01.079+0000] {logging_mixin.py:188} INFO - [2024-10-29T17:12:01.079+0000] {dag.py:3954} INFO - Setting next_dagrun for example_python_decorator to None, run_after=None
[2024-10-29T17:12:01.097+0000] {processor.py:183} INFO - Processing /home/airflow/.local/lib/python3.11/site-packages/airflow/example_dags/example_python_decorator.py took 0.071 seconds
[2024-10-29T17:12:31.436+0000] {processor.py:161} INFO - Started process (PID=1803) to work on /home/airflow/.local/lib/python3.11/site-packages/airflow/example_dags/example_python_decorator.py
[2024-10-29T17:12:31.437+0000] {processor.py:830} INFO - Processing file /home/airflow/.local/lib/python3.11/site-packages/airflow/example_dags/example_python_decorator.py for tasks to queue
[2024-10-29T17:12:31.439+0000] {logging_mixin.py:188} INFO - [2024-10-29T17:12:31.438+0000] {dagbag.py:545} INFO - Filling up the DagBag from /home/airflow/.local/lib/python3.11/site-packages/airflow/example_dags/example_python_decorator.py
[2024-10-29T17:12:31.454+0000] {processor.py:840} INFO - DAG(s) 'example_python_decorator' retrieved from /home/airflow/.local/lib/python3.11/site-packages/airflow/example_dags/example_python_decorator.py
[2024-10-29T17:12:31.475+0000] {logging_mixin.py:188} INFO - [2024-10-29T17:12:31.475+0000] {dag.py:3096} INFO - Sync 1 DAGs
[2024-10-29T17:12:31.487+0000] {logging_mixin.py:188} INFO - [2024-10-29T17:12:31.487+0000] {dag.py:3954} INFO - Setting next_dagrun for example_python_decorator to None, run_after=None
[2024-10-29T17:12:31.508+0000] {processor.py:183} INFO - Processing /home/airflow/.local/lib/python3.11/site-packages/airflow/example_dags/example_python_decorator.py took 0.082 seconds
