[2024-10-29T17:02:22.278+0000] {processor.py:161} INFO - Started process (PID=386) to work on /home/airflow/.local/lib/python3.11/site-packages/airflow/example_dags/example_kubernetes_executor.py
[2024-10-29T17:02:22.279+0000] {processor.py:830} INFO - Processing file /home/airflow/.local/lib/python3.11/site-packages/airflow/example_dags/example_kubernetes_executor.py for tasks to queue
[2024-10-29T17:02:22.281+0000] {logging_mixin.py:188} INFO - [2024-10-29T17:02:22.281+0000] {dagbag.py:545} INFO - Filling up the DagBag from /home/airflow/.local/lib/python3.11/site-packages/airflow/example_dags/example_kubernetes_executor.py
[2024-10-29T17:02:22.294+0000] {processor.py:840} INFO - DAG(s) 'example_kubernetes_executor' retrieved from /home/airflow/.local/lib/python3.11/site-packages/airflow/example_dags/example_kubernetes_executor.py
[2024-10-29T17:02:22.436+0000] {logging_mixin.py:188} INFO - [2024-10-29T17:02:22.436+0000] {override.py:1829} INFO - Created Permission View: can edit on DAG:example_kubernetes_executor
[2024-10-29T17:02:22.454+0000] {logging_mixin.py:188} INFO - [2024-10-29T17:02:22.453+0000] {override.py:1829} INFO - Created Permission View: can delete on DAG:example_kubernetes_executor
[2024-10-29T17:02:22.465+0000] {logging_mixin.py:188} INFO - [2024-10-29T17:02:22.464+0000] {override.py:1829} INFO - Created Permission View: can read on DAG:example_kubernetes_executor
[2024-10-29T17:02:22.466+0000] {logging_mixin.py:188} INFO - [2024-10-29T17:02:22.466+0000] {dag.py:3096} INFO - Sync 1 DAGs
[2024-10-29T17:02:22.485+0000] {logging_mixin.py:188} INFO - [2024-10-29T17:02:22.485+0000] {dag.py:3118} INFO - Creating ORM DAG for example_kubernetes_executor
[2024-10-29T17:02:22.487+0000] {logging_mixin.py:188} INFO - [2024-10-29T17:02:22.486+0000] {dag.py:3954} INFO - Setting next_dagrun for example_kubernetes_executor to None, run_after=None
[2024-10-29T17:02:22.521+0000] {processor.py:183} INFO - Processing /home/airflow/.local/lib/python3.11/site-packages/airflow/example_dags/example_kubernetes_executor.py took 0.249 seconds
[2024-10-29T17:02:53.299+0000] {processor.py:161} INFO - Started process (PID=648) to work on /home/airflow/.local/lib/python3.11/site-packages/airflow/example_dags/example_kubernetes_executor.py
[2024-10-29T17:02:53.301+0000] {processor.py:830} INFO - Processing file /home/airflow/.local/lib/python3.11/site-packages/airflow/example_dags/example_kubernetes_executor.py for tasks to queue
[2024-10-29T17:02:53.302+0000] {logging_mixin.py:188} INFO - [2024-10-29T17:02:53.302+0000] {dagbag.py:545} INFO - Filling up the DagBag from /home/airflow/.local/lib/python3.11/site-packages/airflow/example_dags/example_kubernetes_executor.py
[2024-10-29T17:02:53.314+0000] {processor.py:840} INFO - DAG(s) 'example_kubernetes_executor' retrieved from /home/airflow/.local/lib/python3.11/site-packages/airflow/example_dags/example_kubernetes_executor.py
[2024-10-29T17:02:53.351+0000] {logging_mixin.py:188} INFO - [2024-10-29T17:02:53.351+0000] {dag.py:3096} INFO - Sync 1 DAGs
[2024-10-29T17:02:53.362+0000] {logging_mixin.py:188} INFO - [2024-10-29T17:02:53.362+0000] {dag.py:3954} INFO - Setting next_dagrun for example_kubernetes_executor to None, run_after=None
[2024-10-29T17:02:53.382+0000] {processor.py:183} INFO - Processing /home/airflow/.local/lib/python3.11/site-packages/airflow/example_dags/example_kubernetes_executor.py took 0.090 seconds
[2024-10-29T17:03:24.325+0000] {processor.py:161} INFO - Started process (PID=912) to work on /home/airflow/.local/lib/python3.11/site-packages/airflow/example_dags/example_kubernetes_executor.py
[2024-10-29T17:03:24.330+0000] {processor.py:830} INFO - Processing file /home/airflow/.local/lib/python3.11/site-packages/airflow/example_dags/example_kubernetes_executor.py for tasks to queue
[2024-10-29T17:03:24.333+0000] {logging_mixin.py:188} INFO - [2024-10-29T17:03:24.332+0000] {dagbag.py:545} INFO - Filling up the DagBag from /home/airflow/.local/lib/python3.11/site-packages/airflow/example_dags/example_kubernetes_executor.py
[2024-10-29T17:03:24.365+0000] {processor.py:840} INFO - DAG(s) 'example_kubernetes_executor' retrieved from /home/airflow/.local/lib/python3.11/site-packages/airflow/example_dags/example_kubernetes_executor.py
[2024-10-29T17:03:24.456+0000] {logging_mixin.py:188} INFO - [2024-10-29T17:03:24.456+0000] {dag.py:3096} INFO - Sync 1 DAGs
[2024-10-29T17:03:24.486+0000] {logging_mixin.py:188} INFO - [2024-10-29T17:03:24.485+0000] {dag.py:3954} INFO - Setting next_dagrun for example_kubernetes_executor to None, run_after=None
[2024-10-29T17:03:24.523+0000] {processor.py:183} INFO - Processing /home/airflow/.local/lib/python3.11/site-packages/airflow/example_dags/example_kubernetes_executor.py took 0.215 seconds
[2024-10-29T17:03:54.795+0000] {processor.py:161} INFO - Started process (PID=1173) to work on /home/airflow/.local/lib/python3.11/site-packages/airflow/example_dags/example_kubernetes_executor.py
[2024-10-29T17:03:54.796+0000] {processor.py:830} INFO - Processing file /home/airflow/.local/lib/python3.11/site-packages/airflow/example_dags/example_kubernetes_executor.py for tasks to queue
[2024-10-29T17:03:54.800+0000] {logging_mixin.py:188} INFO - [2024-10-29T17:03:54.799+0000] {dagbag.py:545} INFO - Filling up the DagBag from /home/airflow/.local/lib/python3.11/site-packages/airflow/example_dags/example_kubernetes_executor.py
[2024-10-29T17:03:54.814+0000] {processor.py:840} INFO - DAG(s) 'example_kubernetes_executor' retrieved from /home/airflow/.local/lib/python3.11/site-packages/airflow/example_dags/example_kubernetes_executor.py
[2024-10-29T17:03:54.885+0000] {logging_mixin.py:188} INFO - [2024-10-29T17:03:54.885+0000] {dag.py:3096} INFO - Sync 1 DAGs
[2024-10-29T17:03:54.956+0000] {logging_mixin.py:188} INFO - [2024-10-29T17:03:54.955+0000] {dag.py:3954} INFO - Setting next_dagrun for example_kubernetes_executor to None, run_after=None
[2024-10-29T17:03:55.093+0000] {processor.py:183} INFO - Processing /home/airflow/.local/lib/python3.11/site-packages/airflow/example_dags/example_kubernetes_executor.py took 0.308 seconds
[2024-10-29T17:04:25.737+0000] {processor.py:161} INFO - Started process (PID=1432) to work on /home/airflow/.local/lib/python3.11/site-packages/airflow/example_dags/example_kubernetes_executor.py
[2024-10-29T17:04:25.739+0000] {processor.py:830} INFO - Processing file /home/airflow/.local/lib/python3.11/site-packages/airflow/example_dags/example_kubernetes_executor.py for tasks to queue
[2024-10-29T17:04:25.741+0000] {logging_mixin.py:188} INFO - [2024-10-29T17:04:25.740+0000] {dagbag.py:545} INFO - Filling up the DagBag from /home/airflow/.local/lib/python3.11/site-packages/airflow/example_dags/example_kubernetes_executor.py
[2024-10-29T17:04:25.754+0000] {processor.py:840} INFO - DAG(s) 'example_kubernetes_executor' retrieved from /home/airflow/.local/lib/python3.11/site-packages/airflow/example_dags/example_kubernetes_executor.py
[2024-10-29T17:04:25.794+0000] {logging_mixin.py:188} INFO - [2024-10-29T17:04:25.793+0000] {dag.py:3096} INFO - Sync 1 DAGs
[2024-10-29T17:04:25.805+0000] {logging_mixin.py:188} INFO - [2024-10-29T17:04:25.805+0000] {dag.py:3954} INFO - Setting next_dagrun for example_kubernetes_executor to None, run_after=None
[2024-10-29T17:04:25.830+0000] {processor.py:183} INFO - Processing /home/airflow/.local/lib/python3.11/site-packages/airflow/example_dags/example_kubernetes_executor.py took 0.099 seconds
[2024-10-29T17:04:56.755+0000] {processor.py:161} INFO - Started process (PID=1697) to work on /home/airflow/.local/lib/python3.11/site-packages/airflow/example_dags/example_kubernetes_executor.py
[2024-10-29T17:04:56.755+0000] {processor.py:830} INFO - Processing file /home/airflow/.local/lib/python3.11/site-packages/airflow/example_dags/example_kubernetes_executor.py for tasks to queue
[2024-10-29T17:04:56.757+0000] {logging_mixin.py:188} INFO - [2024-10-29T17:04:56.757+0000] {dagbag.py:545} INFO - Filling up the DagBag from /home/airflow/.local/lib/python3.11/site-packages/airflow/example_dags/example_kubernetes_executor.py
[2024-10-29T17:04:56.768+0000] {processor.py:840} INFO - DAG(s) 'example_kubernetes_executor' retrieved from /home/airflow/.local/lib/python3.11/site-packages/airflow/example_dags/example_kubernetes_executor.py
[2024-10-29T17:04:56.802+0000] {logging_mixin.py:188} INFO - [2024-10-29T17:04:56.801+0000] {dag.py:3096} INFO - Sync 1 DAGs
[2024-10-29T17:04:56.814+0000] {logging_mixin.py:188} INFO - [2024-10-29T17:04:56.813+0000] {dag.py:3954} INFO - Setting next_dagrun for example_kubernetes_executor to None, run_after=None
[2024-10-29T17:04:56.833+0000] {processor.py:183} INFO - Processing /home/airflow/.local/lib/python3.11/site-packages/airflow/example_dags/example_kubernetes_executor.py took 0.084 seconds
[2024-10-29T17:05:27.069+0000] {processor.py:161} INFO - Started process (PID=1959) to work on /home/airflow/.local/lib/python3.11/site-packages/airflow/example_dags/example_kubernetes_executor.py
[2024-10-29T17:05:27.070+0000] {processor.py:830} INFO - Processing file /home/airflow/.local/lib/python3.11/site-packages/airflow/example_dags/example_kubernetes_executor.py for tasks to queue
[2024-10-29T17:05:27.072+0000] {logging_mixin.py:188} INFO - [2024-10-29T17:05:27.072+0000] {dagbag.py:545} INFO - Filling up the DagBag from /home/airflow/.local/lib/python3.11/site-packages/airflow/example_dags/example_kubernetes_executor.py
[2024-10-29T17:05:27.083+0000] {processor.py:840} INFO - DAG(s) 'example_kubernetes_executor' retrieved from /home/airflow/.local/lib/python3.11/site-packages/airflow/example_dags/example_kubernetes_executor.py
[2024-10-29T17:05:27.118+0000] {logging_mixin.py:188} INFO - [2024-10-29T17:05:27.118+0000] {dag.py:3096} INFO - Sync 1 DAGs
[2024-10-29T17:05:27.129+0000] {logging_mixin.py:188} INFO - [2024-10-29T17:05:27.128+0000] {dag.py:3954} INFO - Setting next_dagrun for example_kubernetes_executor to None, run_after=None
[2024-10-29T17:05:27.147+0000] {processor.py:183} INFO - Processing /home/airflow/.local/lib/python3.11/site-packages/airflow/example_dags/example_kubernetes_executor.py took 0.083 seconds
[2024-10-29T17:05:57.200+0000] {processor.py:161} INFO - Started process (PID=2221) to work on /home/airflow/.local/lib/python3.11/site-packages/airflow/example_dags/example_kubernetes_executor.py
[2024-10-29T17:05:57.201+0000] {processor.py:830} INFO - Processing file /home/airflow/.local/lib/python3.11/site-packages/airflow/example_dags/example_kubernetes_executor.py for tasks to queue
[2024-10-29T17:05:57.203+0000] {logging_mixin.py:188} INFO - [2024-10-29T17:05:57.202+0000] {dagbag.py:545} INFO - Filling up the DagBag from /home/airflow/.local/lib/python3.11/site-packages/airflow/example_dags/example_kubernetes_executor.py
[2024-10-29T17:05:57.226+0000] {processor.py:840} INFO - DAG(s) 'example_kubernetes_executor' retrieved from /home/airflow/.local/lib/python3.11/site-packages/airflow/example_dags/example_kubernetes_executor.py
[2024-10-29T17:05:57.268+0000] {logging_mixin.py:188} INFO - [2024-10-29T17:05:57.267+0000] {dag.py:3096} INFO - Sync 1 DAGs
[2024-10-29T17:05:57.283+0000] {logging_mixin.py:188} INFO - [2024-10-29T17:05:57.283+0000] {dag.py:3954} INFO - Setting next_dagrun for example_kubernetes_executor to None, run_after=None
[2024-10-29T17:05:57.307+0000] {processor.py:183} INFO - Processing /home/airflow/.local/lib/python3.11/site-packages/airflow/example_dags/example_kubernetes_executor.py took 0.113 seconds
[2024-10-29T17:06:27.514+0000] {processor.py:161} INFO - Started process (PID=2480) to work on /home/airflow/.local/lib/python3.11/site-packages/airflow/example_dags/example_kubernetes_executor.py
[2024-10-29T17:06:27.515+0000] {processor.py:830} INFO - Processing file /home/airflow/.local/lib/python3.11/site-packages/airflow/example_dags/example_kubernetes_executor.py for tasks to queue
[2024-10-29T17:06:27.517+0000] {logging_mixin.py:188} INFO - [2024-10-29T17:06:27.517+0000] {dagbag.py:545} INFO - Filling up the DagBag from /home/airflow/.local/lib/python3.11/site-packages/airflow/example_dags/example_kubernetes_executor.py
[2024-10-29T17:06:27.531+0000] {processor.py:840} INFO - DAG(s) 'example_kubernetes_executor' retrieved from /home/airflow/.local/lib/python3.11/site-packages/airflow/example_dags/example_kubernetes_executor.py
[2024-10-29T17:06:27.565+0000] {logging_mixin.py:188} INFO - [2024-10-29T17:06:27.565+0000] {dag.py:3096} INFO - Sync 1 DAGs
[2024-10-29T17:06:27.579+0000] {logging_mixin.py:188} INFO - [2024-10-29T17:06:27.578+0000] {dag.py:3954} INFO - Setting next_dagrun for example_kubernetes_executor to None, run_after=None
[2024-10-29T17:06:27.602+0000] {processor.py:183} INFO - Processing /home/airflow/.local/lib/python3.11/site-packages/airflow/example_dags/example_kubernetes_executor.py took 0.094 seconds
[2024-10-29T17:06:57.742+0000] {processor.py:161} INFO - Started process (PID=2742) to work on /home/airflow/.local/lib/python3.11/site-packages/airflow/example_dags/example_kubernetes_executor.py
[2024-10-29T17:06:57.743+0000] {processor.py:830} INFO - Processing file /home/airflow/.local/lib/python3.11/site-packages/airflow/example_dags/example_kubernetes_executor.py for tasks to queue
[2024-10-29T17:06:57.744+0000] {logging_mixin.py:188} INFO - [2024-10-29T17:06:57.744+0000] {dagbag.py:545} INFO - Filling up the DagBag from /home/airflow/.local/lib/python3.11/site-packages/airflow/example_dags/example_kubernetes_executor.py
[2024-10-29T17:06:57.758+0000] {processor.py:840} INFO - DAG(s) 'example_kubernetes_executor' retrieved from /home/airflow/.local/lib/python3.11/site-packages/airflow/example_dags/example_kubernetes_executor.py
[2024-10-29T17:06:57.794+0000] {logging_mixin.py:188} INFO - [2024-10-29T17:06:57.794+0000] {dag.py:3096} INFO - Sync 1 DAGs
[2024-10-29T17:06:57.806+0000] {logging_mixin.py:188} INFO - [2024-10-29T17:06:57.806+0000] {dag.py:3954} INFO - Setting next_dagrun for example_kubernetes_executor to None, run_after=None
[2024-10-29T17:06:57.826+0000] {processor.py:183} INFO - Processing /home/airflow/.local/lib/python3.11/site-packages/airflow/example_dags/example_kubernetes_executor.py took 0.092 seconds
[2024-10-29T17:07:28.369+0000] {processor.py:161} INFO - Started process (PID=3007) to work on /home/airflow/.local/lib/python3.11/site-packages/airflow/example_dags/example_kubernetes_executor.py
[2024-10-29T17:07:28.370+0000] {processor.py:830} INFO - Processing file /home/airflow/.local/lib/python3.11/site-packages/airflow/example_dags/example_kubernetes_executor.py for tasks to queue
[2024-10-29T17:07:28.372+0000] {logging_mixin.py:188} INFO - [2024-10-29T17:07:28.371+0000] {dagbag.py:545} INFO - Filling up the DagBag from /home/airflow/.local/lib/python3.11/site-packages/airflow/example_dags/example_kubernetes_executor.py
[2024-10-29T17:07:28.384+0000] {processor.py:840} INFO - DAG(s) 'example_kubernetes_executor' retrieved from /home/airflow/.local/lib/python3.11/site-packages/airflow/example_dags/example_kubernetes_executor.py
[2024-10-29T17:07:28.424+0000] {logging_mixin.py:188} INFO - [2024-10-29T17:07:28.424+0000] {dag.py:3096} INFO - Sync 1 DAGs
[2024-10-29T17:07:28.439+0000] {logging_mixin.py:188} INFO - [2024-10-29T17:07:28.438+0000] {dag.py:3954} INFO - Setting next_dagrun for example_kubernetes_executor to None, run_after=None
[2024-10-29T17:07:28.461+0000] {processor.py:183} INFO - Processing /home/airflow/.local/lib/python3.11/site-packages/airflow/example_dags/example_kubernetes_executor.py took 0.098 seconds
[2024-10-29T17:07:58.650+0000] {processor.py:161} INFO - Started process (PID=3269) to work on /home/airflow/.local/lib/python3.11/site-packages/airflow/example_dags/example_kubernetes_executor.py
[2024-10-29T17:07:58.651+0000] {processor.py:830} INFO - Processing file /home/airflow/.local/lib/python3.11/site-packages/airflow/example_dags/example_kubernetes_executor.py for tasks to queue
[2024-10-29T17:07:58.653+0000] {logging_mixin.py:188} INFO - [2024-10-29T17:07:58.653+0000] {dagbag.py:545} INFO - Filling up the DagBag from /home/airflow/.local/lib/python3.11/site-packages/airflow/example_dags/example_kubernetes_executor.py
[2024-10-29T17:07:58.668+0000] {processor.py:840} INFO - DAG(s) 'example_kubernetes_executor' retrieved from /home/airflow/.local/lib/python3.11/site-packages/airflow/example_dags/example_kubernetes_executor.py
[2024-10-29T17:07:58.708+0000] {logging_mixin.py:188} INFO - [2024-10-29T17:07:58.707+0000] {dag.py:3096} INFO - Sync 1 DAGs
[2024-10-29T17:07:58.719+0000] {logging_mixin.py:188} INFO - [2024-10-29T17:07:58.719+0000] {dag.py:3954} INFO - Setting next_dagrun for example_kubernetes_executor to None, run_after=None
[2024-10-29T17:07:58.739+0000] {processor.py:183} INFO - Processing /home/airflow/.local/lib/python3.11/site-packages/airflow/example_dags/example_kubernetes_executor.py took 0.095 seconds
[2024-10-29T17:08:29.170+0000] {processor.py:161} INFO - Started process (PID=3531) to work on /home/airflow/.local/lib/python3.11/site-packages/airflow/example_dags/example_kubernetes_executor.py
[2024-10-29T17:08:29.171+0000] {processor.py:830} INFO - Processing file /home/airflow/.local/lib/python3.11/site-packages/airflow/example_dags/example_kubernetes_executor.py for tasks to queue
[2024-10-29T17:08:29.174+0000] {logging_mixin.py:188} INFO - [2024-10-29T17:08:29.173+0000] {dagbag.py:545} INFO - Filling up the DagBag from /home/airflow/.local/lib/python3.11/site-packages/airflow/example_dags/example_kubernetes_executor.py
[2024-10-29T17:08:29.189+0000] {processor.py:840} INFO - DAG(s) 'example_kubernetes_executor' retrieved from /home/airflow/.local/lib/python3.11/site-packages/airflow/example_dags/example_kubernetes_executor.py
[2024-10-29T17:08:29.280+0000] {logging_mixin.py:188} INFO - [2024-10-29T17:08:29.280+0000] {dag.py:3096} INFO - Sync 1 DAGs
[2024-10-29T17:08:29.309+0000] {logging_mixin.py:188} INFO - [2024-10-29T17:08:29.309+0000] {dag.py:3954} INFO - Setting next_dagrun for example_kubernetes_executor to None, run_after=None
[2024-10-29T17:08:29.365+0000] {processor.py:183} INFO - Processing /home/airflow/.local/lib/python3.11/site-packages/airflow/example_dags/example_kubernetes_executor.py took 0.204 seconds
[2024-10-29T17:09:30.020+0000] {processor.py:161} INFO - Started process (PID=386) to work on /home/airflow/.local/lib/python3.11/site-packages/airflow/example_dags/example_kubernetes_executor.py
[2024-10-29T17:09:30.022+0000] {processor.py:830} INFO - Processing file /home/airflow/.local/lib/python3.11/site-packages/airflow/example_dags/example_kubernetes_executor.py for tasks to queue
[2024-10-29T17:09:30.025+0000] {logging_mixin.py:188} INFO - [2024-10-29T17:09:30.025+0000] {dagbag.py:545} INFO - Filling up the DagBag from /home/airflow/.local/lib/python3.11/site-packages/airflow/example_dags/example_kubernetes_executor.py
[2024-10-29T17:09:30.052+0000] {processor.py:840} INFO - DAG(s) 'example_kubernetes_executor' retrieved from /home/airflow/.local/lib/python3.11/site-packages/airflow/example_dags/example_kubernetes_executor.py
[2024-10-29T17:09:30.067+0000] {logging_mixin.py:188} INFO - [2024-10-29T17:09:30.067+0000] {dag.py:3096} INFO - Sync 1 DAGs
[2024-10-29T17:09:30.083+0000] {logging_mixin.py:188} INFO - [2024-10-29T17:09:30.083+0000] {dag.py:3954} INFO - Setting next_dagrun for example_kubernetes_executor to None, run_after=None
[2024-10-29T17:09:30.120+0000] {processor.py:183} INFO - Processing /home/airflow/.local/lib/python3.11/site-packages/airflow/example_dags/example_kubernetes_executor.py took 0.113 seconds
[2024-10-29T17:10:01.582+0000] {processor.py:161} INFO - Started process (PID=648) to work on /home/airflow/.local/lib/python3.11/site-packages/airflow/example_dags/example_kubernetes_executor.py
[2024-10-29T17:10:01.586+0000] {processor.py:830} INFO - Processing file /home/airflow/.local/lib/python3.11/site-packages/airflow/example_dags/example_kubernetes_executor.py for tasks to queue
[2024-10-29T17:10:01.591+0000] {logging_mixin.py:188} INFO - [2024-10-29T17:10:01.590+0000] {dagbag.py:545} INFO - Filling up the DagBag from /home/airflow/.local/lib/python3.11/site-packages/airflow/example_dags/example_kubernetes_executor.py
[2024-10-29T17:10:01.603+0000] {processor.py:840} INFO - DAG(s) 'example_kubernetes_executor' retrieved from /home/airflow/.local/lib/python3.11/site-packages/airflow/example_dags/example_kubernetes_executor.py
[2024-10-29T17:10:01.961+0000] {logging_mixin.py:188} INFO - [2024-10-29T17:10:01.959+0000] {dag.py:3096} INFO - Sync 1 DAGs
[2024-10-29T17:10:01.999+0000] {logging_mixin.py:188} INFO - [2024-10-29T17:10:01.998+0000] {dag.py:3954} INFO - Setting next_dagrun for example_kubernetes_executor to None, run_after=None
[2024-10-29T17:10:02.041+0000] {processor.py:183} INFO - Processing /home/airflow/.local/lib/python3.11/site-packages/airflow/example_dags/example_kubernetes_executor.py took 0.468 seconds
[2024-10-29T17:10:32.152+0000] {processor.py:161} INFO - Started process (PID=910) to work on /home/airflow/.local/lib/python3.11/site-packages/airflow/example_dags/example_kubernetes_executor.py
[2024-10-29T17:10:32.153+0000] {processor.py:830} INFO - Processing file /home/airflow/.local/lib/python3.11/site-packages/airflow/example_dags/example_kubernetes_executor.py for tasks to queue
[2024-10-29T17:10:32.155+0000] {logging_mixin.py:188} INFO - [2024-10-29T17:10:32.155+0000] {dagbag.py:545} INFO - Filling up the DagBag from /home/airflow/.local/lib/python3.11/site-packages/airflow/example_dags/example_kubernetes_executor.py
[2024-10-29T17:10:32.167+0000] {processor.py:840} INFO - DAG(s) 'example_kubernetes_executor' retrieved from /home/airflow/.local/lib/python3.11/site-packages/airflow/example_dags/example_kubernetes_executor.py
[2024-10-29T17:10:32.204+0000] {logging_mixin.py:188} INFO - [2024-10-29T17:10:32.204+0000] {dag.py:3096} INFO - Sync 1 DAGs
[2024-10-29T17:10:32.214+0000] {logging_mixin.py:188} INFO - [2024-10-29T17:10:32.214+0000] {dag.py:3954} INFO - Setting next_dagrun for example_kubernetes_executor to None, run_after=None
[2024-10-29T17:10:32.237+0000] {processor.py:183} INFO - Processing /home/airflow/.local/lib/python3.11/site-packages/airflow/example_dags/example_kubernetes_executor.py took 0.091 seconds
[2024-10-29T17:11:02.993+0000] {processor.py:161} INFO - Started process (PID=1174) to work on /home/airflow/.local/lib/python3.11/site-packages/airflow/example_dags/example_kubernetes_executor.py
[2024-10-29T17:11:02.994+0000] {processor.py:830} INFO - Processing file /home/airflow/.local/lib/python3.11/site-packages/airflow/example_dags/example_kubernetes_executor.py for tasks to queue
[2024-10-29T17:11:02.996+0000] {logging_mixin.py:188} INFO - [2024-10-29T17:11:02.996+0000] {dagbag.py:545} INFO - Filling up the DagBag from /home/airflow/.local/lib/python3.11/site-packages/airflow/example_dags/example_kubernetes_executor.py
[2024-10-29T17:11:03.009+0000] {processor.py:840} INFO - DAG(s) 'example_kubernetes_executor' retrieved from /home/airflow/.local/lib/python3.11/site-packages/airflow/example_dags/example_kubernetes_executor.py
[2024-10-29T17:11:03.054+0000] {logging_mixin.py:188} INFO - [2024-10-29T17:11:03.054+0000] {dag.py:3096} INFO - Sync 1 DAGs
[2024-10-29T17:11:03.071+0000] {logging_mixin.py:188} INFO - [2024-10-29T17:11:03.071+0000] {dag.py:3954} INFO - Setting next_dagrun for example_kubernetes_executor to None, run_after=None
[2024-10-29T17:11:03.094+0000] {processor.py:183} INFO - Processing /home/airflow/.local/lib/python3.11/site-packages/airflow/example_dags/example_kubernetes_executor.py took 0.106 seconds
[2024-10-29T17:11:33.908+0000] {processor.py:161} INFO - Started process (PID=1436) to work on /home/airflow/.local/lib/python3.11/site-packages/airflow/example_dags/example_kubernetes_executor.py
[2024-10-29T17:11:33.909+0000] {processor.py:830} INFO - Processing file /home/airflow/.local/lib/python3.11/site-packages/airflow/example_dags/example_kubernetes_executor.py for tasks to queue
[2024-10-29T17:11:33.911+0000] {logging_mixin.py:188} INFO - [2024-10-29T17:11:33.910+0000] {dagbag.py:545} INFO - Filling up the DagBag from /home/airflow/.local/lib/python3.11/site-packages/airflow/example_dags/example_kubernetes_executor.py
[2024-10-29T17:11:33.922+0000] {processor.py:840} INFO - DAG(s) 'example_kubernetes_executor' retrieved from /home/airflow/.local/lib/python3.11/site-packages/airflow/example_dags/example_kubernetes_executor.py
[2024-10-29T17:11:33.955+0000] {logging_mixin.py:188} INFO - [2024-10-29T17:11:33.955+0000] {dag.py:3096} INFO - Sync 1 DAGs
[2024-10-29T17:11:33.967+0000] {logging_mixin.py:188} INFO - [2024-10-29T17:11:33.967+0000] {dag.py:3954} INFO - Setting next_dagrun for example_kubernetes_executor to None, run_after=None
[2024-10-29T17:11:33.984+0000] {processor.py:183} INFO - Processing /home/airflow/.local/lib/python3.11/site-packages/airflow/example_dags/example_kubernetes_executor.py took 0.081 seconds
[2024-10-29T17:12:04.100+0000] {processor.py:161} INFO - Started process (PID=1696) to work on /home/airflow/.local/lib/python3.11/site-packages/airflow/example_dags/example_kubernetes_executor.py
[2024-10-29T17:12:04.102+0000] {processor.py:830} INFO - Processing file /home/airflow/.local/lib/python3.11/site-packages/airflow/example_dags/example_kubernetes_executor.py for tasks to queue
[2024-10-29T17:12:04.104+0000] {logging_mixin.py:188} INFO - [2024-10-29T17:12:04.103+0000] {dagbag.py:545} INFO - Filling up the DagBag from /home/airflow/.local/lib/python3.11/site-packages/airflow/example_dags/example_kubernetes_executor.py
[2024-10-29T17:12:04.115+0000] {processor.py:840} INFO - DAG(s) 'example_kubernetes_executor' retrieved from /home/airflow/.local/lib/python3.11/site-packages/airflow/example_dags/example_kubernetes_executor.py
[2024-10-29T17:12:04.156+0000] {logging_mixin.py:188} INFO - [2024-10-29T17:12:04.156+0000] {dag.py:3096} INFO - Sync 1 DAGs
[2024-10-29T17:12:04.170+0000] {logging_mixin.py:188} INFO - [2024-10-29T17:12:04.170+0000] {dag.py:3954} INFO - Setting next_dagrun for example_kubernetes_executor to None, run_after=None
[2024-10-29T17:12:04.192+0000] {processor.py:183} INFO - Processing /home/airflow/.local/lib/python3.11/site-packages/airflow/example_dags/example_kubernetes_executor.py took 0.098 seconds
[2024-10-29T17:12:34.829+0000] {processor.py:161} INFO - Started process (PID=1958) to work on /home/airflow/.local/lib/python3.11/site-packages/airflow/example_dags/example_kubernetes_executor.py
[2024-10-29T17:12:34.830+0000] {processor.py:830} INFO - Processing file /home/airflow/.local/lib/python3.11/site-packages/airflow/example_dags/example_kubernetes_executor.py for tasks to queue
[2024-10-29T17:12:34.832+0000] {logging_mixin.py:188} INFO - [2024-10-29T17:12:34.832+0000] {dagbag.py:545} INFO - Filling up the DagBag from /home/airflow/.local/lib/python3.11/site-packages/airflow/example_dags/example_kubernetes_executor.py
[2024-10-29T17:12:34.846+0000] {processor.py:840} INFO - DAG(s) 'example_kubernetes_executor' retrieved from /home/airflow/.local/lib/python3.11/site-packages/airflow/example_dags/example_kubernetes_executor.py
[2024-10-29T17:12:34.893+0000] {logging_mixin.py:188} INFO - [2024-10-29T17:12:34.893+0000] {dag.py:3096} INFO - Sync 1 DAGs
[2024-10-29T17:12:34.910+0000] {logging_mixin.py:188} INFO - [2024-10-29T17:12:34.910+0000] {dag.py:3954} INFO - Setting next_dagrun for example_kubernetes_executor to None, run_after=None
[2024-10-29T17:12:34.944+0000] {processor.py:183} INFO - Processing /home/airflow/.local/lib/python3.11/site-packages/airflow/example_dags/example_kubernetes_executor.py took 0.120 seconds
