[2024-10-29T17:02:17.005+0000] {processor.py:161} INFO - Started process (PID=256) to work on /home/airflow/.local/lib/python3.11/site-packages/airflow/example_dags/example_branch_operator_decorator.py
[2024-10-29T17:02:17.006+0000] {processor.py:830} INFO - Processing file /home/airflow/.local/lib/python3.11/site-packages/airflow/example_dags/example_branch_operator_decorator.py for tasks to queue
[2024-10-29T17:02:17.009+0000] {logging_mixin.py:188} INFO - [2024-10-29T17:02:17.009+0000] {dagbag.py:545} INFO - Filling up the DagBag from /home/airflow/.local/lib/python3.11/site-packages/airflow/example_dags/example_branch_operator_decorator.py
[2024-10-29T17:02:17.040+0000] {processor.py:840} INFO - DAG(s) 'example_branch_python_operator_decorator' retrieved from /home/airflow/.local/lib/python3.11/site-packages/airflow/example_dags/example_branch_operator_decorator.py
[2024-10-29T17:02:17.311+0000] {logging_mixin.py:188} INFO - [2024-10-29T17:02:17.310+0000] {override.py:1829} INFO - Created Permission View: can edit on DAG:example_branch_python_operator_decorator
[2024-10-29T17:02:17.322+0000] {logging_mixin.py:188} INFO - [2024-10-29T17:02:17.321+0000] {override.py:1829} INFO - Created Permission View: can delete on DAG:example_branch_python_operator_decorator
[2024-10-29T17:02:17.331+0000] {logging_mixin.py:188} INFO - [2024-10-29T17:02:17.330+0000] {override.py:1829} INFO - Created Permission View: can read on DAG:example_branch_python_operator_decorator
[2024-10-29T17:02:17.331+0000] {logging_mixin.py:188} INFO - [2024-10-29T17:02:17.331+0000] {dag.py:3096} INFO - Sync 1 DAGs
[2024-10-29T17:02:17.341+0000] {logging_mixin.py:188} INFO - [2024-10-29T17:02:17.340+0000] {dag.py:3118} INFO - Creating ORM DAG for example_branch_python_operator_decorator
[2024-10-29T17:02:17.357+0000] {logging_mixin.py:188} INFO - [2024-10-29T17:02:17.357+0000] {dag.py:3954} INFO - Setting next_dagrun for example_branch_python_operator_decorator to 2024-10-28 00:00:00+00:00, run_after=2024-10-29 00:00:00+00:00
[2024-10-29T17:02:17.377+0000] {processor.py:183} INFO - Processing /home/airflow/.local/lib/python3.11/site-packages/airflow/example_dags/example_branch_operator_decorator.py took 0.379 seconds
[2024-10-29T17:02:47.423+0000] {processor.py:161} INFO - Started process (PID=518) to work on /home/airflow/.local/lib/python3.11/site-packages/airflow/example_dags/example_branch_operator_decorator.py
[2024-10-29T17:02:47.424+0000] {processor.py:830} INFO - Processing file /home/airflow/.local/lib/python3.11/site-packages/airflow/example_dags/example_branch_operator_decorator.py for tasks to queue
[2024-10-29T17:02:47.426+0000] {logging_mixin.py:188} INFO - [2024-10-29T17:02:47.426+0000] {dagbag.py:545} INFO - Filling up the DagBag from /home/airflow/.local/lib/python3.11/site-packages/airflow/example_dags/example_branch_operator_decorator.py
[2024-10-29T17:02:47.448+0000] {processor.py:840} INFO - DAG(s) 'example_branch_python_operator_decorator' retrieved from /home/airflow/.local/lib/python3.11/site-packages/airflow/example_dags/example_branch_operator_decorator.py
[2024-10-29T17:02:47.478+0000] {logging_mixin.py:188} INFO - [2024-10-29T17:02:47.477+0000] {dag.py:3096} INFO - Sync 1 DAGs
[2024-10-29T17:02:47.500+0000] {logging_mixin.py:188} INFO - [2024-10-29T17:02:47.500+0000] {dag.py:3954} INFO - Setting next_dagrun for example_branch_python_operator_decorator to 2024-10-28 00:00:00+00:00, run_after=2024-10-29 00:00:00+00:00
[2024-10-29T17:02:47.527+0000] {processor.py:183} INFO - Processing /home/airflow/.local/lib/python3.11/site-packages/airflow/example_dags/example_branch_operator_decorator.py took 0.111 seconds
[2024-10-29T17:03:18.018+0000] {processor.py:161} INFO - Started process (PID=782) to work on /home/airflow/.local/lib/python3.11/site-packages/airflow/example_dags/example_branch_operator_decorator.py
[2024-10-29T17:03:18.019+0000] {processor.py:830} INFO - Processing file /home/airflow/.local/lib/python3.11/site-packages/airflow/example_dags/example_branch_operator_decorator.py for tasks to queue
[2024-10-29T17:03:18.020+0000] {logging_mixin.py:188} INFO - [2024-10-29T17:03:18.020+0000] {dagbag.py:545} INFO - Filling up the DagBag from /home/airflow/.local/lib/python3.11/site-packages/airflow/example_dags/example_branch_operator_decorator.py
[2024-10-29T17:03:18.039+0000] {processor.py:840} INFO - DAG(s) 'example_branch_python_operator_decorator' retrieved from /home/airflow/.local/lib/python3.11/site-packages/airflow/example_dags/example_branch_operator_decorator.py
[2024-10-29T17:03:18.065+0000] {logging_mixin.py:188} INFO - [2024-10-29T17:03:18.065+0000] {dag.py:3096} INFO - Sync 1 DAGs
[2024-10-29T17:03:18.086+0000] {logging_mixin.py:188} INFO - [2024-10-29T17:03:18.086+0000] {dag.py:3954} INFO - Setting next_dagrun for example_branch_python_operator_decorator to 2024-10-28 00:00:00+00:00, run_after=2024-10-29 00:00:00+00:00
[2024-10-29T17:03:18.108+0000] {processor.py:183} INFO - Processing /home/airflow/.local/lib/python3.11/site-packages/airflow/example_dags/example_branch_operator_decorator.py took 0.096 seconds
[2024-10-29T17:03:48.755+0000] {processor.py:161} INFO - Started process (PID=1045) to work on /home/airflow/.local/lib/python3.11/site-packages/airflow/example_dags/example_branch_operator_decorator.py
[2024-10-29T17:03:48.756+0000] {processor.py:830} INFO - Processing file /home/airflow/.local/lib/python3.11/site-packages/airflow/example_dags/example_branch_operator_decorator.py for tasks to queue
[2024-10-29T17:03:48.758+0000] {logging_mixin.py:188} INFO - [2024-10-29T17:03:48.758+0000] {dagbag.py:545} INFO - Filling up the DagBag from /home/airflow/.local/lib/python3.11/site-packages/airflow/example_dags/example_branch_operator_decorator.py
[2024-10-29T17:03:48.778+0000] {processor.py:840} INFO - DAG(s) 'example_branch_python_operator_decorator' retrieved from /home/airflow/.local/lib/python3.11/site-packages/airflow/example_dags/example_branch_operator_decorator.py
[2024-10-29T17:03:48.806+0000] {logging_mixin.py:188} INFO - [2024-10-29T17:03:48.806+0000] {dag.py:3096} INFO - Sync 1 DAGs
[2024-10-29T17:03:48.826+0000] {logging_mixin.py:188} INFO - [2024-10-29T17:03:48.825+0000] {dag.py:3954} INFO - Setting next_dagrun for example_branch_python_operator_decorator to 2024-10-28 00:00:00+00:00, run_after=2024-10-29 00:00:00+00:00
[2024-10-29T17:03:48.846+0000] {processor.py:183} INFO - Processing /home/airflow/.local/lib/python3.11/site-packages/airflow/example_dags/example_branch_operator_decorator.py took 0.096 seconds
[2024-10-29T17:04:18.887+0000] {processor.py:161} INFO - Started process (PID=1305) to work on /home/airflow/.local/lib/python3.11/site-packages/airflow/example_dags/example_branch_operator_decorator.py
[2024-10-29T17:04:18.888+0000] {processor.py:830} INFO - Processing file /home/airflow/.local/lib/python3.11/site-packages/airflow/example_dags/example_branch_operator_decorator.py for tasks to queue
[2024-10-29T17:04:18.890+0000] {logging_mixin.py:188} INFO - [2024-10-29T17:04:18.890+0000] {dagbag.py:545} INFO - Filling up the DagBag from /home/airflow/.local/lib/python3.11/site-packages/airflow/example_dags/example_branch_operator_decorator.py
[2024-10-29T17:04:18.908+0000] {processor.py:840} INFO - DAG(s) 'example_branch_python_operator_decorator' retrieved from /home/airflow/.local/lib/python3.11/site-packages/airflow/example_dags/example_branch_operator_decorator.py
[2024-10-29T17:04:18.944+0000] {logging_mixin.py:188} INFO - [2024-10-29T17:04:18.944+0000] {dag.py:3096} INFO - Sync 1 DAGs
[2024-10-29T17:04:18.968+0000] {logging_mixin.py:188} INFO - [2024-10-29T17:04:18.967+0000] {dag.py:3954} INFO - Setting next_dagrun for example_branch_python_operator_decorator to 2024-10-28 00:00:00+00:00, run_after=2024-10-29 00:00:00+00:00
[2024-10-29T17:04:18.988+0000] {processor.py:183} INFO - Processing /home/airflow/.local/lib/python3.11/site-packages/airflow/example_dags/example_branch_operator_decorator.py took 0.106 seconds
[2024-10-29T17:04:49.244+0000] {processor.py:161} INFO - Started process (PID=1569) to work on /home/airflow/.local/lib/python3.11/site-packages/airflow/example_dags/example_branch_operator_decorator.py
[2024-10-29T17:04:49.245+0000] {processor.py:830} INFO - Processing file /home/airflow/.local/lib/python3.11/site-packages/airflow/example_dags/example_branch_operator_decorator.py for tasks to queue
[2024-10-29T17:04:49.247+0000] {logging_mixin.py:188} INFO - [2024-10-29T17:04:49.247+0000] {dagbag.py:545} INFO - Filling up the DagBag from /home/airflow/.local/lib/python3.11/site-packages/airflow/example_dags/example_branch_operator_decorator.py
[2024-10-29T17:04:49.265+0000] {processor.py:840} INFO - DAG(s) 'example_branch_python_operator_decorator' retrieved from /home/airflow/.local/lib/python3.11/site-packages/airflow/example_dags/example_branch_operator_decorator.py
[2024-10-29T17:04:49.292+0000] {logging_mixin.py:188} INFO - [2024-10-29T17:04:49.292+0000] {dag.py:3096} INFO - Sync 1 DAGs
[2024-10-29T17:04:49.313+0000] {logging_mixin.py:188} INFO - [2024-10-29T17:04:49.312+0000] {dag.py:3954} INFO - Setting next_dagrun for example_branch_python_operator_decorator to 2024-10-28 00:00:00+00:00, run_after=2024-10-29 00:00:00+00:00
[2024-10-29T17:04:49.334+0000] {processor.py:183} INFO - Processing /home/airflow/.local/lib/python3.11/site-packages/airflow/example_dags/example_branch_operator_decorator.py took 0.095 seconds
[2024-10-29T17:05:19.459+0000] {processor.py:161} INFO - Started process (PID=1831) to work on /home/airflow/.local/lib/python3.11/site-packages/airflow/example_dags/example_branch_operator_decorator.py
[2024-10-29T17:05:19.460+0000] {processor.py:830} INFO - Processing file /home/airflow/.local/lib/python3.11/site-packages/airflow/example_dags/example_branch_operator_decorator.py for tasks to queue
[2024-10-29T17:05:19.462+0000] {logging_mixin.py:188} INFO - [2024-10-29T17:05:19.462+0000] {dagbag.py:545} INFO - Filling up the DagBag from /home/airflow/.local/lib/python3.11/site-packages/airflow/example_dags/example_branch_operator_decorator.py
[2024-10-29T17:05:19.480+0000] {processor.py:840} INFO - DAG(s) 'example_branch_python_operator_decorator' retrieved from /home/airflow/.local/lib/python3.11/site-packages/airflow/example_dags/example_branch_operator_decorator.py
[2024-10-29T17:05:19.508+0000] {logging_mixin.py:188} INFO - [2024-10-29T17:05:19.508+0000] {dag.py:3096} INFO - Sync 1 DAGs
[2024-10-29T17:05:19.530+0000] {logging_mixin.py:188} INFO - [2024-10-29T17:05:19.530+0000] {dag.py:3954} INFO - Setting next_dagrun for example_branch_python_operator_decorator to 2024-10-28 00:00:00+00:00, run_after=2024-10-29 00:00:00+00:00
[2024-10-29T17:05:19.555+0000] {processor.py:183} INFO - Processing /home/airflow/.local/lib/python3.11/site-packages/airflow/example_dags/example_branch_operator_decorator.py took 0.102 seconds
[2024-10-29T17:05:49.655+0000] {processor.py:161} INFO - Started process (PID=2093) to work on /home/airflow/.local/lib/python3.11/site-packages/airflow/example_dags/example_branch_operator_decorator.py
[2024-10-29T17:05:49.656+0000] {processor.py:830} INFO - Processing file /home/airflow/.local/lib/python3.11/site-packages/airflow/example_dags/example_branch_operator_decorator.py for tasks to queue
[2024-10-29T17:05:49.657+0000] {logging_mixin.py:188} INFO - [2024-10-29T17:05:49.657+0000] {dagbag.py:545} INFO - Filling up the DagBag from /home/airflow/.local/lib/python3.11/site-packages/airflow/example_dags/example_branch_operator_decorator.py
[2024-10-29T17:05:49.676+0000] {processor.py:840} INFO - DAG(s) 'example_branch_python_operator_decorator' retrieved from /home/airflow/.local/lib/python3.11/site-packages/airflow/example_dags/example_branch_operator_decorator.py
[2024-10-29T17:05:49.702+0000] {logging_mixin.py:188} INFO - [2024-10-29T17:05:49.701+0000] {dag.py:3096} INFO - Sync 1 DAGs
[2024-10-29T17:05:49.722+0000] {logging_mixin.py:188} INFO - [2024-10-29T17:05:49.722+0000] {dag.py:3954} INFO - Setting next_dagrun for example_branch_python_operator_decorator to 2024-10-28 00:00:00+00:00, run_after=2024-10-29 00:00:00+00:00
[2024-10-29T17:05:49.742+0000] {processor.py:183} INFO - Processing /home/airflow/.local/lib/python3.11/site-packages/airflow/example_dags/example_branch_operator_decorator.py took 0.092 seconds
[2024-10-29T17:06:19.858+0000] {processor.py:161} INFO - Started process (PID=2355) to work on /home/airflow/.local/lib/python3.11/site-packages/airflow/example_dags/example_branch_operator_decorator.py
[2024-10-29T17:06:19.859+0000] {processor.py:830} INFO - Processing file /home/airflow/.local/lib/python3.11/site-packages/airflow/example_dags/example_branch_operator_decorator.py for tasks to queue
[2024-10-29T17:06:19.860+0000] {logging_mixin.py:188} INFO - [2024-10-29T17:06:19.860+0000] {dagbag.py:545} INFO - Filling up the DagBag from /home/airflow/.local/lib/python3.11/site-packages/airflow/example_dags/example_branch_operator_decorator.py
[2024-10-29T17:06:19.878+0000] {processor.py:840} INFO - DAG(s) 'example_branch_python_operator_decorator' retrieved from /home/airflow/.local/lib/python3.11/site-packages/airflow/example_dags/example_branch_operator_decorator.py
[2024-10-29T17:06:19.906+0000] {logging_mixin.py:188} INFO - [2024-10-29T17:06:19.905+0000] {dag.py:3096} INFO - Sync 1 DAGs
[2024-10-29T17:06:19.926+0000] {logging_mixin.py:188} INFO - [2024-10-29T17:06:19.926+0000] {dag.py:3954} INFO - Setting next_dagrun for example_branch_python_operator_decorator to 2024-10-28 00:00:00+00:00, run_after=2024-10-29 00:00:00+00:00
[2024-10-29T17:06:19.945+0000] {processor.py:183} INFO - Processing /home/airflow/.local/lib/python3.11/site-packages/airflow/example_dags/example_branch_operator_decorator.py took 0.093 seconds
[2024-10-29T17:06:50.126+0000] {processor.py:161} INFO - Started process (PID=2617) to work on /home/airflow/.local/lib/python3.11/site-packages/airflow/example_dags/example_branch_operator_decorator.py
[2024-10-29T17:06:50.127+0000] {processor.py:830} INFO - Processing file /home/airflow/.local/lib/python3.11/site-packages/airflow/example_dags/example_branch_operator_decorator.py for tasks to queue
[2024-10-29T17:06:50.129+0000] {logging_mixin.py:188} INFO - [2024-10-29T17:06:50.129+0000] {dagbag.py:545} INFO - Filling up the DagBag from /home/airflow/.local/lib/python3.11/site-packages/airflow/example_dags/example_branch_operator_decorator.py
[2024-10-29T17:06:50.147+0000] {processor.py:840} INFO - DAG(s) 'example_branch_python_operator_decorator' retrieved from /home/airflow/.local/lib/python3.11/site-packages/airflow/example_dags/example_branch_operator_decorator.py
[2024-10-29T17:06:50.172+0000] {logging_mixin.py:188} INFO - [2024-10-29T17:06:50.172+0000] {dag.py:3096} INFO - Sync 1 DAGs
[2024-10-29T17:06:50.190+0000] {logging_mixin.py:188} INFO - [2024-10-29T17:06:50.190+0000] {dag.py:3954} INFO - Setting next_dagrun for example_branch_python_operator_decorator to 2024-10-28 00:00:00+00:00, run_after=2024-10-29 00:00:00+00:00
[2024-10-29T17:06:50.208+0000] {processor.py:183} INFO - Processing /home/airflow/.local/lib/python3.11/site-packages/airflow/example_dags/example_branch_operator_decorator.py took 0.087 seconds
[2024-10-29T17:07:20.392+0000] {processor.py:161} INFO - Started process (PID=2879) to work on /home/airflow/.local/lib/python3.11/site-packages/airflow/example_dags/example_branch_operator_decorator.py
[2024-10-29T17:07:20.393+0000] {processor.py:830} INFO - Processing file /home/airflow/.local/lib/python3.11/site-packages/airflow/example_dags/example_branch_operator_decorator.py for tasks to queue
[2024-10-29T17:07:20.395+0000] {logging_mixin.py:188} INFO - [2024-10-29T17:07:20.394+0000] {dagbag.py:545} INFO - Filling up the DagBag from /home/airflow/.local/lib/python3.11/site-packages/airflow/example_dags/example_branch_operator_decorator.py
[2024-10-29T17:07:20.413+0000] {processor.py:840} INFO - DAG(s) 'example_branch_python_operator_decorator' retrieved from /home/airflow/.local/lib/python3.11/site-packages/airflow/example_dags/example_branch_operator_decorator.py
[2024-10-29T17:07:20.449+0000] {logging_mixin.py:188} INFO - [2024-10-29T17:07:20.449+0000] {dag.py:3096} INFO - Sync 1 DAGs
[2024-10-29T17:07:20.470+0000] {logging_mixin.py:188} INFO - [2024-10-29T17:07:20.470+0000] {dag.py:3954} INFO - Setting next_dagrun for example_branch_python_operator_decorator to 2024-10-28 00:00:00+00:00, run_after=2024-10-29 00:00:00+00:00
[2024-10-29T17:07:20.490+0000] {processor.py:183} INFO - Processing /home/airflow/.local/lib/python3.11/site-packages/airflow/example_dags/example_branch_operator_decorator.py took 0.106 seconds
[2024-10-29T17:07:50.919+0000] {processor.py:161} INFO - Started process (PID=3141) to work on /home/airflow/.local/lib/python3.11/site-packages/airflow/example_dags/example_branch_operator_decorator.py
[2024-10-29T17:07:50.920+0000] {processor.py:830} INFO - Processing file /home/airflow/.local/lib/python3.11/site-packages/airflow/example_dags/example_branch_operator_decorator.py for tasks to queue
[2024-10-29T17:07:50.922+0000] {logging_mixin.py:188} INFO - [2024-10-29T17:07:50.921+0000] {dagbag.py:545} INFO - Filling up the DagBag from /home/airflow/.local/lib/python3.11/site-packages/airflow/example_dags/example_branch_operator_decorator.py
[2024-10-29T17:07:50.945+0000] {processor.py:840} INFO - DAG(s) 'example_branch_python_operator_decorator' retrieved from /home/airflow/.local/lib/python3.11/site-packages/airflow/example_dags/example_branch_operator_decorator.py
[2024-10-29T17:07:50.973+0000] {logging_mixin.py:188} INFO - [2024-10-29T17:07:50.973+0000] {dag.py:3096} INFO - Sync 1 DAGs
[2024-10-29T17:07:50.992+0000] {logging_mixin.py:188} INFO - [2024-10-29T17:07:50.992+0000] {dag.py:3954} INFO - Setting next_dagrun for example_branch_python_operator_decorator to 2024-10-28 00:00:00+00:00, run_after=2024-10-29 00:00:00+00:00
[2024-10-29T17:07:51.014+0000] {processor.py:183} INFO - Processing /home/airflow/.local/lib/python3.11/site-packages/airflow/example_dags/example_branch_operator_decorator.py took 0.100 seconds
[2024-10-29T17:08:21.214+0000] {processor.py:161} INFO - Started process (PID=3403) to work on /home/airflow/.local/lib/python3.11/site-packages/airflow/example_dags/example_branch_operator_decorator.py
[2024-10-29T17:08:21.215+0000] {processor.py:830} INFO - Processing file /home/airflow/.local/lib/python3.11/site-packages/airflow/example_dags/example_branch_operator_decorator.py for tasks to queue
[2024-10-29T17:08:21.217+0000] {logging_mixin.py:188} INFO - [2024-10-29T17:08:21.217+0000] {dagbag.py:545} INFO - Filling up the DagBag from /home/airflow/.local/lib/python3.11/site-packages/airflow/example_dags/example_branch_operator_decorator.py
[2024-10-29T17:08:21.235+0000] {processor.py:840} INFO - DAG(s) 'example_branch_python_operator_decorator' retrieved from /home/airflow/.local/lib/python3.11/site-packages/airflow/example_dags/example_branch_operator_decorator.py
[2024-10-29T17:08:21.258+0000] {logging_mixin.py:188} INFO - [2024-10-29T17:08:21.258+0000] {dag.py:3096} INFO - Sync 1 DAGs
[2024-10-29T17:08:21.276+0000] {logging_mixin.py:188} INFO - [2024-10-29T17:08:21.276+0000] {dag.py:3954} INFO - Setting next_dagrun for example_branch_python_operator_decorator to 2024-10-28 00:00:00+00:00, run_after=2024-10-29 00:00:00+00:00
[2024-10-29T17:08:21.295+0000] {processor.py:183} INFO - Processing /home/airflow/.local/lib/python3.11/site-packages/airflow/example_dags/example_branch_operator_decorator.py took 0.086 seconds
[2024-10-29T17:09:26.709+0000] {processor.py:161} INFO - Started process (PID=250) to work on /home/airflow/.local/lib/python3.11/site-packages/airflow/example_dags/example_branch_operator_decorator.py
[2024-10-29T17:09:26.710+0000] {processor.py:830} INFO - Processing file /home/airflow/.local/lib/python3.11/site-packages/airflow/example_dags/example_branch_operator_decorator.py for tasks to queue
[2024-10-29T17:09:26.712+0000] {logging_mixin.py:188} INFO - [2024-10-29T17:09:26.711+0000] {dagbag.py:545} INFO - Filling up the DagBag from /home/airflow/.local/lib/python3.11/site-packages/airflow/example_dags/example_branch_operator_decorator.py
[2024-10-29T17:09:26.732+0000] {processor.py:840} INFO - DAG(s) 'example_branch_python_operator_decorator' retrieved from /home/airflow/.local/lib/python3.11/site-packages/airflow/example_dags/example_branch_operator_decorator.py
[2024-10-29T17:09:26.743+0000] {logging_mixin.py:188} INFO - [2024-10-29T17:09:26.743+0000] {dag.py:3096} INFO - Sync 1 DAGs
[2024-10-29T17:09:26.763+0000] {logging_mixin.py:188} INFO - [2024-10-29T17:09:26.763+0000] {dag.py:3954} INFO - Setting next_dagrun for example_branch_python_operator_decorator to 2024-10-28 00:00:00+00:00, run_after=2024-10-29 00:00:00+00:00
[2024-10-29T17:09:26.783+0000] {processor.py:183} INFO - Processing /home/airflow/.local/lib/python3.11/site-packages/airflow/example_dags/example_branch_operator_decorator.py took 0.079 seconds
[2024-10-29T17:09:58.000+0000] {processor.py:161} INFO - Started process (PID=512) to work on /home/airflow/.local/lib/python3.11/site-packages/airflow/example_dags/example_branch_operator_decorator.py
[2024-10-29T17:09:58.001+0000] {processor.py:830} INFO - Processing file /home/airflow/.local/lib/python3.11/site-packages/airflow/example_dags/example_branch_operator_decorator.py for tasks to queue
[2024-10-29T17:09:58.003+0000] {logging_mixin.py:188} INFO - [2024-10-29T17:09:58.003+0000] {dagbag.py:545} INFO - Filling up the DagBag from /home/airflow/.local/lib/python3.11/site-packages/airflow/example_dags/example_branch_operator_decorator.py
[2024-10-29T17:09:58.035+0000] {processor.py:840} INFO - DAG(s) 'example_branch_python_operator_decorator' retrieved from /home/airflow/.local/lib/python3.11/site-packages/airflow/example_dags/example_branch_operator_decorator.py
[2024-10-29T17:09:58.151+0000] {logging_mixin.py:188} INFO - [2024-10-29T17:09:58.150+0000] {dag.py:3096} INFO - Sync 1 DAGs
[2024-10-29T17:09:58.174+0000] {logging_mixin.py:188} INFO - [2024-10-29T17:09:58.174+0000] {dag.py:3954} INFO - Setting next_dagrun for example_branch_python_operator_decorator to 2024-10-28 00:00:00+00:00, run_after=2024-10-29 00:00:00+00:00
[2024-10-29T17:09:58.203+0000] {processor.py:183} INFO - Processing /home/airflow/.local/lib/python3.11/site-packages/airflow/example_dags/example_branch_operator_decorator.py took 0.209 seconds
[2024-10-29T17:10:29.555+0000] {processor.py:161} INFO - Started process (PID=774) to work on /home/airflow/.local/lib/python3.11/site-packages/airflow/example_dags/example_branch_operator_decorator.py
[2024-10-29T17:10:29.557+0000] {processor.py:830} INFO - Processing file /home/airflow/.local/lib/python3.11/site-packages/airflow/example_dags/example_branch_operator_decorator.py for tasks to queue
[2024-10-29T17:10:29.558+0000] {logging_mixin.py:188} INFO - [2024-10-29T17:10:29.558+0000] {dagbag.py:545} INFO - Filling up the DagBag from /home/airflow/.local/lib/python3.11/site-packages/airflow/example_dags/example_branch_operator_decorator.py
[2024-10-29T17:10:29.582+0000] {processor.py:840} INFO - DAG(s) 'example_branch_python_operator_decorator' retrieved from /home/airflow/.local/lib/python3.11/site-packages/airflow/example_dags/example_branch_operator_decorator.py
[2024-10-29T17:10:29.612+0000] {logging_mixin.py:188} INFO - [2024-10-29T17:10:29.612+0000] {dag.py:3096} INFO - Sync 1 DAGs
[2024-10-29T17:10:29.641+0000] {logging_mixin.py:188} INFO - [2024-10-29T17:10:29.640+0000] {dag.py:3954} INFO - Setting next_dagrun for example_branch_python_operator_decorator to 2024-10-28 00:00:00+00:00, run_after=2024-10-29 00:00:00+00:00
[2024-10-29T17:10:29.667+0000] {processor.py:183} INFO - Processing /home/airflow/.local/lib/python3.11/site-packages/airflow/example_dags/example_branch_operator_decorator.py took 0.118 seconds
[2024-10-29T17:10:59.969+0000] {processor.py:161} INFO - Started process (PID=1038) to work on /home/airflow/.local/lib/python3.11/site-packages/airflow/example_dags/example_branch_operator_decorator.py
[2024-10-29T17:10:59.970+0000] {processor.py:830} INFO - Processing file /home/airflow/.local/lib/python3.11/site-packages/airflow/example_dags/example_branch_operator_decorator.py for tasks to queue
[2024-10-29T17:10:59.972+0000] {logging_mixin.py:188} INFO - [2024-10-29T17:10:59.972+0000] {dagbag.py:545} INFO - Filling up the DagBag from /home/airflow/.local/lib/python3.11/site-packages/airflow/example_dags/example_branch_operator_decorator.py
[2024-10-29T17:10:59.992+0000] {processor.py:840} INFO - DAG(s) 'example_branch_python_operator_decorator' retrieved from /home/airflow/.local/lib/python3.11/site-packages/airflow/example_dags/example_branch_operator_decorator.py
[2024-10-29T17:11:00.028+0000] {logging_mixin.py:188} INFO - [2024-10-29T17:11:00.028+0000] {dag.py:3096} INFO - Sync 1 DAGs
[2024-10-29T17:11:00.053+0000] {logging_mixin.py:188} INFO - [2024-10-29T17:11:00.053+0000] {dag.py:3954} INFO - Setting next_dagrun for example_branch_python_operator_decorator to 2024-10-28 00:00:00+00:00, run_after=2024-10-29 00:00:00+00:00
[2024-10-29T17:11:00.076+0000] {processor.py:183} INFO - Processing /home/airflow/.local/lib/python3.11/site-packages/airflow/example_dags/example_branch_operator_decorator.py took 0.113 seconds
[2024-10-29T17:11:30.319+0000] {processor.py:161} INFO - Started process (PID=1298) to work on /home/airflow/.local/lib/python3.11/site-packages/airflow/example_dags/example_branch_operator_decorator.py
[2024-10-29T17:11:30.320+0000] {processor.py:830} INFO - Processing file /home/airflow/.local/lib/python3.11/site-packages/airflow/example_dags/example_branch_operator_decorator.py for tasks to queue
[2024-10-29T17:11:30.322+0000] {logging_mixin.py:188} INFO - [2024-10-29T17:11:30.321+0000] {dagbag.py:545} INFO - Filling up the DagBag from /home/airflow/.local/lib/python3.11/site-packages/airflow/example_dags/example_branch_operator_decorator.py
[2024-10-29T17:11:30.340+0000] {processor.py:840} INFO - DAG(s) 'example_branch_python_operator_decorator' retrieved from /home/airflow/.local/lib/python3.11/site-packages/airflow/example_dags/example_branch_operator_decorator.py
[2024-10-29T17:11:30.364+0000] {logging_mixin.py:188} INFO - [2024-10-29T17:11:30.364+0000] {dag.py:3096} INFO - Sync 1 DAGs
[2024-10-29T17:11:30.384+0000] {logging_mixin.py:188} INFO - [2024-10-29T17:11:30.384+0000] {dag.py:3954} INFO - Setting next_dagrun for example_branch_python_operator_decorator to 2024-10-28 00:00:00+00:00, run_after=2024-10-29 00:00:00+00:00
[2024-10-29T17:11:30.402+0000] {processor.py:183} INFO - Processing /home/airflow/.local/lib/python3.11/site-packages/airflow/example_dags/example_branch_operator_decorator.py took 0.089 seconds
[2024-10-29T17:12:01.325+0000] {processor.py:161} INFO - Started process (PID=1568) to work on /home/airflow/.local/lib/python3.11/site-packages/airflow/example_dags/example_branch_operator_decorator.py
[2024-10-29T17:12:01.326+0000] {processor.py:830} INFO - Processing file /home/airflow/.local/lib/python3.11/site-packages/airflow/example_dags/example_branch_operator_decorator.py for tasks to queue
[2024-10-29T17:12:01.328+0000] {logging_mixin.py:188} INFO - [2024-10-29T17:12:01.327+0000] {dagbag.py:545} INFO - Filling up the DagBag from /home/airflow/.local/lib/python3.11/site-packages/airflow/example_dags/example_branch_operator_decorator.py
[2024-10-29T17:12:01.345+0000] {processor.py:840} INFO - DAG(s) 'example_branch_python_operator_decorator' retrieved from /home/airflow/.local/lib/python3.11/site-packages/airflow/example_dags/example_branch_operator_decorator.py
[2024-10-29T17:12:01.369+0000] {logging_mixin.py:188} INFO - [2024-10-29T17:12:01.369+0000] {dag.py:3096} INFO - Sync 1 DAGs
[2024-10-29T17:12:01.389+0000] {logging_mixin.py:188} INFO - [2024-10-29T17:12:01.388+0000] {dag.py:3954} INFO - Setting next_dagrun for example_branch_python_operator_decorator to 2024-10-28 00:00:00+00:00, run_after=2024-10-29 00:00:00+00:00
[2024-10-29T17:12:01.409+0000] {processor.py:183} INFO - Processing /home/airflow/.local/lib/python3.11/site-packages/airflow/example_dags/example_branch_operator_decorator.py took 0.089 seconds
[2024-10-29T17:12:31.721+0000] {processor.py:161} INFO - Started process (PID=1828) to work on /home/airflow/.local/lib/python3.11/site-packages/airflow/example_dags/example_branch_operator_decorator.py
[2024-10-29T17:12:31.722+0000] {processor.py:830} INFO - Processing file /home/airflow/.local/lib/python3.11/site-packages/airflow/example_dags/example_branch_operator_decorator.py for tasks to queue
[2024-10-29T17:12:31.724+0000] {logging_mixin.py:188} INFO - [2024-10-29T17:12:31.724+0000] {dagbag.py:545} INFO - Filling up the DagBag from /home/airflow/.local/lib/python3.11/site-packages/airflow/example_dags/example_branch_operator_decorator.py
[2024-10-29T17:12:31.749+0000] {processor.py:840} INFO - DAG(s) 'example_branch_python_operator_decorator' retrieved from /home/airflow/.local/lib/python3.11/site-packages/airflow/example_dags/example_branch_operator_decorator.py
[2024-10-29T17:12:31.795+0000] {logging_mixin.py:188} INFO - [2024-10-29T17:12:31.795+0000] {dag.py:3096} INFO - Sync 1 DAGs
[2024-10-29T17:12:31.839+0000] {logging_mixin.py:188} INFO - [2024-10-29T17:12:31.839+0000] {dag.py:3954} INFO - Setting next_dagrun for example_branch_python_operator_decorator to 2024-10-28 00:00:00+00:00, run_after=2024-10-29 00:00:00+00:00
[2024-10-29T17:12:31.874+0000] {processor.py:183} INFO - Processing /home/airflow/.local/lib/python3.11/site-packages/airflow/example_dags/example_branch_operator_decorator.py took 0.163 seconds
