[2024-10-29T17:02:21.151+0000] {processor.py:161} INFO - Started process (PID=351) to work on /home/airflow/.local/lib/python3.11/site-packages/airflow/example_dags/example_params_ui_tutorial.py
[2024-10-29T17:02:21.153+0000] {processor.py:830} INFO - Processing file /home/airflow/.local/lib/python3.11/site-packages/airflow/example_dags/example_params_ui_tutorial.py for tasks to queue
[2024-10-29T17:02:21.155+0000] {logging_mixin.py:188} INFO - [2024-10-29T17:02:21.155+0000] {dagbag.py:545} INFO - Filling up the DagBag from /home/airflow/.local/lib/python3.11/site-packages/airflow/example_dags/example_params_ui_tutorial.py
[2024-10-29T17:02:21.172+0000] {processor.py:840} INFO - DAG(s) 'example_params_ui_tutorial' retrieved from /home/airflow/.local/lib/python3.11/site-packages/airflow/example_dags/example_params_ui_tutorial.py
[2024-10-29T17:02:21.341+0000] {logging_mixin.py:188} INFO - [2024-10-29T17:02:21.340+0000] {override.py:1829} INFO - Created Permission View: can edit on DAG:example_params_ui_tutorial
[2024-10-29T17:02:21.355+0000] {logging_mixin.py:188} INFO - [2024-10-29T17:02:21.354+0000] {override.py:1829} INFO - Created Permission View: can delete on DAG:example_params_ui_tutorial
[2024-10-29T17:02:21.367+0000] {logging_mixin.py:188} INFO - [2024-10-29T17:02:21.366+0000] {override.py:1829} INFO - Created Permission View: can read on DAG:example_params_ui_tutorial
[2024-10-29T17:02:21.367+0000] {logging_mixin.py:188} INFO - [2024-10-29T17:02:21.367+0000] {dag.py:3096} INFO - Sync 1 DAGs
[2024-10-29T17:02:21.378+0000] {logging_mixin.py:188} INFO - [2024-10-29T17:02:21.377+0000] {dag.py:3118} INFO - Creating ORM DAG for example_params_ui_tutorial
[2024-10-29T17:02:21.379+0000] {logging_mixin.py:188} INFO - [2024-10-29T17:02:21.379+0000] {dag.py:3954} INFO - Setting next_dagrun for example_params_ui_tutorial to None, run_after=None
[2024-10-29T17:02:21.409+0000] {processor.py:183} INFO - Processing /home/airflow/.local/lib/python3.11/site-packages/airflow/example_dags/example_params_ui_tutorial.py took 0.265 seconds
[2024-10-29T17:02:51.751+0000] {processor.py:161} INFO - Started process (PID=613) to work on /home/airflow/.local/lib/python3.11/site-packages/airflow/example_dags/example_params_ui_tutorial.py
[2024-10-29T17:02:51.752+0000] {processor.py:830} INFO - Processing file /home/airflow/.local/lib/python3.11/site-packages/airflow/example_dags/example_params_ui_tutorial.py for tasks to queue
[2024-10-29T17:02:51.754+0000] {logging_mixin.py:188} INFO - [2024-10-29T17:02:51.754+0000] {dagbag.py:545} INFO - Filling up the DagBag from /home/airflow/.local/lib/python3.11/site-packages/airflow/example_dags/example_params_ui_tutorial.py
[2024-10-29T17:02:51.765+0000] {processor.py:840} INFO - DAG(s) 'example_params_ui_tutorial' retrieved from /home/airflow/.local/lib/python3.11/site-packages/airflow/example_dags/example_params_ui_tutorial.py
[2024-10-29T17:02:51.809+0000] {logging_mixin.py:188} INFO - [2024-10-29T17:02:51.809+0000] {dag.py:3096} INFO - Sync 1 DAGs
[2024-10-29T17:02:51.820+0000] {logging_mixin.py:188} INFO - [2024-10-29T17:02:51.819+0000] {dag.py:3954} INFO - Setting next_dagrun for example_params_ui_tutorial to None, run_after=None
[2024-10-29T17:02:51.839+0000] {processor.py:183} INFO - Processing /home/airflow/.local/lib/python3.11/site-packages/airflow/example_dags/example_params_ui_tutorial.py took 0.093 seconds
[2024-10-29T17:03:22.163+0000] {processor.py:161} INFO - Started process (PID=875) to work on /home/airflow/.local/lib/python3.11/site-packages/airflow/example_dags/example_params_ui_tutorial.py
[2024-10-29T17:03:22.164+0000] {processor.py:830} INFO - Processing file /home/airflow/.local/lib/python3.11/site-packages/airflow/example_dags/example_params_ui_tutorial.py for tasks to queue
[2024-10-29T17:03:22.165+0000] {logging_mixin.py:188} INFO - [2024-10-29T17:03:22.165+0000] {dagbag.py:545} INFO - Filling up the DagBag from /home/airflow/.local/lib/python3.11/site-packages/airflow/example_dags/example_params_ui_tutorial.py
[2024-10-29T17:03:22.177+0000] {processor.py:840} INFO - DAG(s) 'example_params_ui_tutorial' retrieved from /home/airflow/.local/lib/python3.11/site-packages/airflow/example_dags/example_params_ui_tutorial.py
[2024-10-29T17:03:22.227+0000] {logging_mixin.py:188} INFO - [2024-10-29T17:03:22.227+0000] {dag.py:3096} INFO - Sync 1 DAGs
[2024-10-29T17:03:22.241+0000] {logging_mixin.py:188} INFO - [2024-10-29T17:03:22.240+0000] {dag.py:3954} INFO - Setting next_dagrun for example_params_ui_tutorial to None, run_after=None
[2024-10-29T17:03:22.267+0000] {processor.py:183} INFO - Processing /home/airflow/.local/lib/python3.11/site-packages/airflow/example_dags/example_params_ui_tutorial.py took 0.110 seconds
[2024-10-29T17:03:52.892+0000] {processor.py:161} INFO - Started process (PID=1138) to work on /home/airflow/.local/lib/python3.11/site-packages/airflow/example_dags/example_params_ui_tutorial.py
[2024-10-29T17:03:52.894+0000] {processor.py:830} INFO - Processing file /home/airflow/.local/lib/python3.11/site-packages/airflow/example_dags/example_params_ui_tutorial.py for tasks to queue
[2024-10-29T17:03:52.896+0000] {logging_mixin.py:188} INFO - [2024-10-29T17:03:52.896+0000] {dagbag.py:545} INFO - Filling up the DagBag from /home/airflow/.local/lib/python3.11/site-packages/airflow/example_dags/example_params_ui_tutorial.py
[2024-10-29T17:03:52.913+0000] {processor.py:840} INFO - DAG(s) 'example_params_ui_tutorial' retrieved from /home/airflow/.local/lib/python3.11/site-packages/airflow/example_dags/example_params_ui_tutorial.py
[2024-10-29T17:03:52.989+0000] {logging_mixin.py:188} INFO - [2024-10-29T17:03:52.989+0000] {dag.py:3096} INFO - Sync 1 DAGs
[2024-10-29T17:03:53.010+0000] {logging_mixin.py:188} INFO - [2024-10-29T17:03:53.009+0000] {dag.py:3954} INFO - Setting next_dagrun for example_params_ui_tutorial to None, run_after=None
[2024-10-29T17:03:53.038+0000] {processor.py:183} INFO - Processing /home/airflow/.local/lib/python3.11/site-packages/airflow/example_dags/example_params_ui_tutorial.py took 0.156 seconds
[2024-10-29T17:04:23.356+0000] {processor.py:161} INFO - Started process (PID=1400) to work on /home/airflow/.local/lib/python3.11/site-packages/airflow/example_dags/example_params_ui_tutorial.py
[2024-10-29T17:04:23.357+0000] {processor.py:830} INFO - Processing file /home/airflow/.local/lib/python3.11/site-packages/airflow/example_dags/example_params_ui_tutorial.py for tasks to queue
[2024-10-29T17:04:23.359+0000] {logging_mixin.py:188} INFO - [2024-10-29T17:04:23.359+0000] {dagbag.py:545} INFO - Filling up the DagBag from /home/airflow/.local/lib/python3.11/site-packages/airflow/example_dags/example_params_ui_tutorial.py
[2024-10-29T17:04:23.371+0000] {processor.py:840} INFO - DAG(s) 'example_params_ui_tutorial' retrieved from /home/airflow/.local/lib/python3.11/site-packages/airflow/example_dags/example_params_ui_tutorial.py
[2024-10-29T17:04:23.425+0000] {logging_mixin.py:188} INFO - [2024-10-29T17:04:23.425+0000] {dag.py:3096} INFO - Sync 1 DAGs
[2024-10-29T17:04:23.438+0000] {logging_mixin.py:188} INFO - [2024-10-29T17:04:23.438+0000] {dag.py:3954} INFO - Setting next_dagrun for example_params_ui_tutorial to None, run_after=None
[2024-10-29T17:04:23.462+0000] {processor.py:183} INFO - Processing /home/airflow/.local/lib/python3.11/site-packages/airflow/example_dags/example_params_ui_tutorial.py took 0.112 seconds
[2024-10-29T17:04:54.251+0000] {processor.py:161} INFO - Started process (PID=1662) to work on /home/airflow/.local/lib/python3.11/site-packages/airflow/example_dags/example_params_ui_tutorial.py
[2024-10-29T17:04:54.252+0000] {processor.py:830} INFO - Processing file /home/airflow/.local/lib/python3.11/site-packages/airflow/example_dags/example_params_ui_tutorial.py for tasks to queue
[2024-10-29T17:04:54.253+0000] {logging_mixin.py:188} INFO - [2024-10-29T17:04:54.253+0000] {dagbag.py:545} INFO - Filling up the DagBag from /home/airflow/.local/lib/python3.11/site-packages/airflow/example_dags/example_params_ui_tutorial.py
[2024-10-29T17:04:54.268+0000] {processor.py:840} INFO - DAG(s) 'example_params_ui_tutorial' retrieved from /home/airflow/.local/lib/python3.11/site-packages/airflow/example_dags/example_params_ui_tutorial.py
[2024-10-29T17:04:54.317+0000] {logging_mixin.py:188} INFO - [2024-10-29T17:04:54.317+0000] {dag.py:3096} INFO - Sync 1 DAGs
[2024-10-29T17:04:54.332+0000] {logging_mixin.py:188} INFO - [2024-10-29T17:04:54.331+0000] {dag.py:3954} INFO - Setting next_dagrun for example_params_ui_tutorial to None, run_after=None
[2024-10-29T17:04:54.358+0000] {processor.py:183} INFO - Processing /home/airflow/.local/lib/python3.11/site-packages/airflow/example_dags/example_params_ui_tutorial.py took 0.114 seconds
[2024-10-29T17:05:24.581+0000] {processor.py:161} INFO - Started process (PID=1924) to work on /home/airflow/.local/lib/python3.11/site-packages/airflow/example_dags/example_params_ui_tutorial.py
[2024-10-29T17:05:24.582+0000] {processor.py:830} INFO - Processing file /home/airflow/.local/lib/python3.11/site-packages/airflow/example_dags/example_params_ui_tutorial.py for tasks to queue
[2024-10-29T17:05:24.583+0000] {logging_mixin.py:188} INFO - [2024-10-29T17:05:24.583+0000] {dagbag.py:545} INFO - Filling up the DagBag from /home/airflow/.local/lib/python3.11/site-packages/airflow/example_dags/example_params_ui_tutorial.py
[2024-10-29T17:05:24.593+0000] {processor.py:840} INFO - DAG(s) 'example_params_ui_tutorial' retrieved from /home/airflow/.local/lib/python3.11/site-packages/airflow/example_dags/example_params_ui_tutorial.py
[2024-10-29T17:05:24.637+0000] {logging_mixin.py:188} INFO - [2024-10-29T17:05:24.636+0000] {dag.py:3096} INFO - Sync 1 DAGs
[2024-10-29T17:05:24.648+0000] {logging_mixin.py:188} INFO - [2024-10-29T17:05:24.648+0000] {dag.py:3954} INFO - Setting next_dagrun for example_params_ui_tutorial to None, run_after=None
[2024-10-29T17:05:24.671+0000] {processor.py:183} INFO - Processing /home/airflow/.local/lib/python3.11/site-packages/airflow/example_dags/example_params_ui_tutorial.py took 0.096 seconds
[2024-10-29T17:05:54.773+0000] {processor.py:161} INFO - Started process (PID=2186) to work on /home/airflow/.local/lib/python3.11/site-packages/airflow/example_dags/example_params_ui_tutorial.py
[2024-10-29T17:05:54.774+0000] {processor.py:830} INFO - Processing file /home/airflow/.local/lib/python3.11/site-packages/airflow/example_dags/example_params_ui_tutorial.py for tasks to queue
[2024-10-29T17:05:54.776+0000] {logging_mixin.py:188} INFO - [2024-10-29T17:05:54.776+0000] {dagbag.py:545} INFO - Filling up the DagBag from /home/airflow/.local/lib/python3.11/site-packages/airflow/example_dags/example_params_ui_tutorial.py
[2024-10-29T17:05:54.786+0000] {processor.py:840} INFO - DAG(s) 'example_params_ui_tutorial' retrieved from /home/airflow/.local/lib/python3.11/site-packages/airflow/example_dags/example_params_ui_tutorial.py
[2024-10-29T17:05:54.841+0000] {logging_mixin.py:188} INFO - [2024-10-29T17:05:54.841+0000] {dag.py:3096} INFO - Sync 1 DAGs
[2024-10-29T17:05:54.856+0000] {logging_mixin.py:188} INFO - [2024-10-29T17:05:54.856+0000] {dag.py:3954} INFO - Setting next_dagrun for example_params_ui_tutorial to None, run_after=None
[2024-10-29T17:05:54.878+0000] {processor.py:183} INFO - Processing /home/airflow/.local/lib/python3.11/site-packages/airflow/example_dags/example_params_ui_tutorial.py took 0.110 seconds
[2024-10-29T17:06:25.094+0000] {processor.py:161} INFO - Started process (PID=2448) to work on /home/airflow/.local/lib/python3.11/site-packages/airflow/example_dags/example_params_ui_tutorial.py
[2024-10-29T17:06:25.097+0000] {processor.py:830} INFO - Processing file /home/airflow/.local/lib/python3.11/site-packages/airflow/example_dags/example_params_ui_tutorial.py for tasks to queue
[2024-10-29T17:06:25.101+0000] {logging_mixin.py:188} INFO - [2024-10-29T17:06:25.100+0000] {dagbag.py:545} INFO - Filling up the DagBag from /home/airflow/.local/lib/python3.11/site-packages/airflow/example_dags/example_params_ui_tutorial.py
[2024-10-29T17:06:25.117+0000] {processor.py:840} INFO - DAG(s) 'example_params_ui_tutorial' retrieved from /home/airflow/.local/lib/python3.11/site-packages/airflow/example_dags/example_params_ui_tutorial.py
[2024-10-29T17:06:25.179+0000] {logging_mixin.py:188} INFO - [2024-10-29T17:06:25.178+0000] {dag.py:3096} INFO - Sync 1 DAGs
[2024-10-29T17:06:25.200+0000] {logging_mixin.py:188} INFO - [2024-10-29T17:06:25.200+0000] {dag.py:3954} INFO - Setting next_dagrun for example_params_ui_tutorial to None, run_after=None
[2024-10-29T17:06:25.226+0000] {processor.py:183} INFO - Processing /home/airflow/.local/lib/python3.11/site-packages/airflow/example_dags/example_params_ui_tutorial.py took 0.141 seconds
[2024-10-29T17:06:55.288+0000] {processor.py:161} INFO - Started process (PID=2710) to work on /home/airflow/.local/lib/python3.11/site-packages/airflow/example_dags/example_params_ui_tutorial.py
[2024-10-29T17:06:55.288+0000] {processor.py:830} INFO - Processing file /home/airflow/.local/lib/python3.11/site-packages/airflow/example_dags/example_params_ui_tutorial.py for tasks to queue
[2024-10-29T17:06:55.290+0000] {logging_mixin.py:188} INFO - [2024-10-29T17:06:55.290+0000] {dagbag.py:545} INFO - Filling up the DagBag from /home/airflow/.local/lib/python3.11/site-packages/airflow/example_dags/example_params_ui_tutorial.py
[2024-10-29T17:06:55.300+0000] {processor.py:840} INFO - DAG(s) 'example_params_ui_tutorial' retrieved from /home/airflow/.local/lib/python3.11/site-packages/airflow/example_dags/example_params_ui_tutorial.py
[2024-10-29T17:06:55.346+0000] {logging_mixin.py:188} INFO - [2024-10-29T17:06:55.346+0000] {dag.py:3096} INFO - Sync 1 DAGs
[2024-10-29T17:06:55.358+0000] {logging_mixin.py:188} INFO - [2024-10-29T17:06:55.358+0000] {dag.py:3954} INFO - Setting next_dagrun for example_params_ui_tutorial to None, run_after=None
[2024-10-29T17:06:55.378+0000] {processor.py:183} INFO - Processing /home/airflow/.local/lib/python3.11/site-packages/airflow/example_dags/example_params_ui_tutorial.py took 0.096 seconds
[2024-10-29T17:07:25.781+0000] {processor.py:161} INFO - Started process (PID=2972) to work on /home/airflow/.local/lib/python3.11/site-packages/airflow/example_dags/example_params_ui_tutorial.py
[2024-10-29T17:07:25.785+0000] {processor.py:830} INFO - Processing file /home/airflow/.local/lib/python3.11/site-packages/airflow/example_dags/example_params_ui_tutorial.py for tasks to queue
[2024-10-29T17:07:25.795+0000] {logging_mixin.py:188} INFO - [2024-10-29T17:07:25.793+0000] {dagbag.py:545} INFO - Filling up the DagBag from /home/airflow/.local/lib/python3.11/site-packages/airflow/example_dags/example_params_ui_tutorial.py
[2024-10-29T17:07:25.819+0000] {processor.py:840} INFO - DAG(s) 'example_params_ui_tutorial' retrieved from /home/airflow/.local/lib/python3.11/site-packages/airflow/example_dags/example_params_ui_tutorial.py
[2024-10-29T17:07:25.875+0000] {logging_mixin.py:188} INFO - [2024-10-29T17:07:25.875+0000] {dag.py:3096} INFO - Sync 1 DAGs
[2024-10-29T17:07:25.900+0000] {logging_mixin.py:188} INFO - [2024-10-29T17:07:25.900+0000] {dag.py:3954} INFO - Setting next_dagrun for example_params_ui_tutorial to None, run_after=None
[2024-10-29T17:07:25.933+0000] {processor.py:183} INFO - Processing /home/airflow/.local/lib/python3.11/site-packages/airflow/example_dags/example_params_ui_tutorial.py took 0.161 seconds
[2024-10-29T17:07:56.124+0000] {processor.py:161} INFO - Started process (PID=3234) to work on /home/airflow/.local/lib/python3.11/site-packages/airflow/example_dags/example_params_ui_tutorial.py
[2024-10-29T17:07:56.125+0000] {processor.py:830} INFO - Processing file /home/airflow/.local/lib/python3.11/site-packages/airflow/example_dags/example_params_ui_tutorial.py for tasks to queue
[2024-10-29T17:07:56.127+0000] {logging_mixin.py:188} INFO - [2024-10-29T17:07:56.127+0000] {dagbag.py:545} INFO - Filling up the DagBag from /home/airflow/.local/lib/python3.11/site-packages/airflow/example_dags/example_params_ui_tutorial.py
[2024-10-29T17:07:56.140+0000] {processor.py:840} INFO - DAG(s) 'example_params_ui_tutorial' retrieved from /home/airflow/.local/lib/python3.11/site-packages/airflow/example_dags/example_params_ui_tutorial.py
[2024-10-29T17:07:56.213+0000] {logging_mixin.py:188} INFO - [2024-10-29T17:07:56.212+0000] {dag.py:3096} INFO - Sync 1 DAGs
[2024-10-29T17:07:56.233+0000] {logging_mixin.py:188} INFO - [2024-10-29T17:07:56.232+0000] {dag.py:3954} INFO - Setting next_dagrun for example_params_ui_tutorial to None, run_after=None
[2024-10-29T17:07:56.264+0000] {processor.py:183} INFO - Processing /home/airflow/.local/lib/python3.11/site-packages/airflow/example_dags/example_params_ui_tutorial.py took 0.146 seconds
[2024-10-29T17:08:26.502+0000] {processor.py:161} INFO - Started process (PID=3498) to work on /home/airflow/.local/lib/python3.11/site-packages/airflow/example_dags/example_params_ui_tutorial.py
[2024-10-29T17:08:26.503+0000] {processor.py:830} INFO - Processing file /home/airflow/.local/lib/python3.11/site-packages/airflow/example_dags/example_params_ui_tutorial.py for tasks to queue
[2024-10-29T17:08:26.505+0000] {logging_mixin.py:188} INFO - [2024-10-29T17:08:26.504+0000] {dagbag.py:545} INFO - Filling up the DagBag from /home/airflow/.local/lib/python3.11/site-packages/airflow/example_dags/example_params_ui_tutorial.py
[2024-10-29T17:08:26.526+0000] {processor.py:840} INFO - DAG(s) 'example_params_ui_tutorial' retrieved from /home/airflow/.local/lib/python3.11/site-packages/airflow/example_dags/example_params_ui_tutorial.py
[2024-10-29T17:08:26.596+0000] {logging_mixin.py:188} INFO - [2024-10-29T17:08:26.595+0000] {dag.py:3096} INFO - Sync 1 DAGs
[2024-10-29T17:08:26.618+0000] {logging_mixin.py:188} INFO - [2024-10-29T17:08:26.618+0000] {dag.py:3954} INFO - Setting next_dagrun for example_params_ui_tutorial to None, run_after=None
[2024-10-29T17:08:26.645+0000] {processor.py:183} INFO - Processing /home/airflow/.local/lib/python3.11/site-packages/airflow/example_dags/example_params_ui_tutorial.py took 0.152 seconds
[2024-10-29T17:09:29.440+0000] {processor.py:161} INFO - Started process (PID=345) to work on /home/airflow/.local/lib/python3.11/site-packages/airflow/example_dags/example_params_ui_tutorial.py
[2024-10-29T17:09:29.441+0000] {processor.py:830} INFO - Processing file /home/airflow/.local/lib/python3.11/site-packages/airflow/example_dags/example_params_ui_tutorial.py for tasks to queue
[2024-10-29T17:09:29.443+0000] {logging_mixin.py:188} INFO - [2024-10-29T17:09:29.443+0000] {dagbag.py:545} INFO - Filling up the DagBag from /home/airflow/.local/lib/python3.11/site-packages/airflow/example_dags/example_params_ui_tutorial.py
[2024-10-29T17:09:29.455+0000] {processor.py:840} INFO - DAG(s) 'example_params_ui_tutorial' retrieved from /home/airflow/.local/lib/python3.11/site-packages/airflow/example_dags/example_params_ui_tutorial.py
[2024-10-29T17:09:29.467+0000] {logging_mixin.py:188} INFO - [2024-10-29T17:09:29.467+0000] {dag.py:3096} INFO - Sync 1 DAGs
[2024-10-29T17:09:29.478+0000] {logging_mixin.py:188} INFO - [2024-10-29T17:09:29.478+0000] {dag.py:3954} INFO - Setting next_dagrun for example_params_ui_tutorial to None, run_after=None
[2024-10-29T17:09:29.504+0000] {processor.py:183} INFO - Processing /home/airflow/.local/lib/python3.11/site-packages/airflow/example_dags/example_params_ui_tutorial.py took 0.073 seconds
[2024-10-29T17:10:00.299+0000] {processor.py:161} INFO - Started process (PID=607) to work on /home/airflow/.local/lib/python3.11/site-packages/airflow/example_dags/example_params_ui_tutorial.py
[2024-10-29T17:10:00.305+0000] {processor.py:830} INFO - Processing file /home/airflow/.local/lib/python3.11/site-packages/airflow/example_dags/example_params_ui_tutorial.py for tasks to queue
[2024-10-29T17:10:00.316+0000] {logging_mixin.py:188} INFO - [2024-10-29T17:10:00.315+0000] {dagbag.py:545} INFO - Filling up the DagBag from /home/airflow/.local/lib/python3.11/site-packages/airflow/example_dags/example_params_ui_tutorial.py
[2024-10-29T17:10:00.346+0000] {processor.py:840} INFO - DAG(s) 'example_params_ui_tutorial' retrieved from /home/airflow/.local/lib/python3.11/site-packages/airflow/example_dags/example_params_ui_tutorial.py
[2024-10-29T17:10:00.558+0000] {logging_mixin.py:188} INFO - [2024-10-29T17:10:00.558+0000] {dag.py:3096} INFO - Sync 1 DAGs
[2024-10-29T17:10:00.574+0000] {logging_mixin.py:188} INFO - [2024-10-29T17:10:00.574+0000] {dag.py:3954} INFO - Setting next_dagrun for example_params_ui_tutorial to None, run_after=None
[2024-10-29T17:10:00.608+0000] {processor.py:183} INFO - Processing /home/airflow/.local/lib/python3.11/site-packages/airflow/example_dags/example_params_ui_tutorial.py took 0.340 seconds
[2024-10-29T17:10:31.438+0000] {processor.py:161} INFO - Started process (PID=875) to work on /home/airflow/.local/lib/python3.11/site-packages/airflow/example_dags/example_params_ui_tutorial.py
[2024-10-29T17:10:31.439+0000] {processor.py:830} INFO - Processing file /home/airflow/.local/lib/python3.11/site-packages/airflow/example_dags/example_params_ui_tutorial.py for tasks to queue
[2024-10-29T17:10:31.441+0000] {logging_mixin.py:188} INFO - [2024-10-29T17:10:31.441+0000] {dagbag.py:545} INFO - Filling up the DagBag from /home/airflow/.local/lib/python3.11/site-packages/airflow/example_dags/example_params_ui_tutorial.py
[2024-10-29T17:10:31.459+0000] {processor.py:840} INFO - DAG(s) 'example_params_ui_tutorial' retrieved from /home/airflow/.local/lib/python3.11/site-packages/airflow/example_dags/example_params_ui_tutorial.py
[2024-10-29T17:10:31.523+0000] {logging_mixin.py:188} INFO - [2024-10-29T17:10:31.522+0000] {dag.py:3096} INFO - Sync 1 DAGs
[2024-10-29T17:10:31.538+0000] {logging_mixin.py:188} INFO - [2024-10-29T17:10:31.538+0000] {dag.py:3954} INFO - Setting next_dagrun for example_params_ui_tutorial to None, run_after=None
[2024-10-29T17:10:31.572+0000] {processor.py:183} INFO - Processing /home/airflow/.local/lib/python3.11/site-packages/airflow/example_dags/example_params_ui_tutorial.py took 0.145 seconds
[2024-10-29T17:11:02.431+0000] {processor.py:161} INFO - Started process (PID=1137) to work on /home/airflow/.local/lib/python3.11/site-packages/airflow/example_dags/example_params_ui_tutorial.py
[2024-10-29T17:11:02.432+0000] {processor.py:830} INFO - Processing file /home/airflow/.local/lib/python3.11/site-packages/airflow/example_dags/example_params_ui_tutorial.py for tasks to queue
[2024-10-29T17:11:02.433+0000] {logging_mixin.py:188} INFO - [2024-10-29T17:11:02.433+0000] {dagbag.py:545} INFO - Filling up the DagBag from /home/airflow/.local/lib/python3.11/site-packages/airflow/example_dags/example_params_ui_tutorial.py
[2024-10-29T17:11:02.445+0000] {processor.py:840} INFO - DAG(s) 'example_params_ui_tutorial' retrieved from /home/airflow/.local/lib/python3.11/site-packages/airflow/example_dags/example_params_ui_tutorial.py
[2024-10-29T17:11:02.492+0000] {logging_mixin.py:188} INFO - [2024-10-29T17:11:02.492+0000] {dag.py:3096} INFO - Sync 1 DAGs
[2024-10-29T17:11:02.505+0000] {logging_mixin.py:188} INFO - [2024-10-29T17:11:02.505+0000] {dag.py:3954} INFO - Setting next_dagrun for example_params_ui_tutorial to None, run_after=None
[2024-10-29T17:11:02.532+0000] {processor.py:183} INFO - Processing /home/airflow/.local/lib/python3.11/site-packages/airflow/example_dags/example_params_ui_tutorial.py took 0.107 seconds
[2024-10-29T17:11:33.413+0000] {processor.py:161} INFO - Started process (PID=1399) to work on /home/airflow/.local/lib/python3.11/site-packages/airflow/example_dags/example_params_ui_tutorial.py
[2024-10-29T17:11:33.414+0000] {processor.py:830} INFO - Processing file /home/airflow/.local/lib/python3.11/site-packages/airflow/example_dags/example_params_ui_tutorial.py for tasks to queue
[2024-10-29T17:11:33.415+0000] {logging_mixin.py:188} INFO - [2024-10-29T17:11:33.415+0000] {dagbag.py:545} INFO - Filling up the DagBag from /home/airflow/.local/lib/python3.11/site-packages/airflow/example_dags/example_params_ui_tutorial.py
[2024-10-29T17:11:33.427+0000] {processor.py:840} INFO - DAG(s) 'example_params_ui_tutorial' retrieved from /home/airflow/.local/lib/python3.11/site-packages/airflow/example_dags/example_params_ui_tutorial.py
[2024-10-29T17:11:33.475+0000] {logging_mixin.py:188} INFO - [2024-10-29T17:11:33.474+0000] {dag.py:3096} INFO - Sync 1 DAGs
[2024-10-29T17:11:33.486+0000] {logging_mixin.py:188} INFO - [2024-10-29T17:11:33.485+0000] {dag.py:3954} INFO - Setting next_dagrun for example_params_ui_tutorial to None, run_after=None
[2024-10-29T17:11:33.508+0000] {processor.py:183} INFO - Processing /home/airflow/.local/lib/python3.11/site-packages/airflow/example_dags/example_params_ui_tutorial.py took 0.102 seconds
[2024-10-29T17:12:03.671+0000] {processor.py:161} INFO - Started process (PID=1663) to work on /home/airflow/.local/lib/python3.11/site-packages/airflow/example_dags/example_params_ui_tutorial.py
[2024-10-29T17:12:03.672+0000] {processor.py:830} INFO - Processing file /home/airflow/.local/lib/python3.11/site-packages/airflow/example_dags/example_params_ui_tutorial.py for tasks to queue
[2024-10-29T17:12:03.674+0000] {logging_mixin.py:188} INFO - [2024-10-29T17:12:03.674+0000] {dagbag.py:545} INFO - Filling up the DagBag from /home/airflow/.local/lib/python3.11/site-packages/airflow/example_dags/example_params_ui_tutorial.py
[2024-10-29T17:12:03.685+0000] {processor.py:840} INFO - DAG(s) 'example_params_ui_tutorial' retrieved from /home/airflow/.local/lib/python3.11/site-packages/airflow/example_dags/example_params_ui_tutorial.py
[2024-10-29T17:12:03.732+0000] {logging_mixin.py:188} INFO - [2024-10-29T17:12:03.732+0000] {dag.py:3096} INFO - Sync 1 DAGs
[2024-10-29T17:12:03.744+0000] {logging_mixin.py:188} INFO - [2024-10-29T17:12:03.743+0000] {dag.py:3954} INFO - Setting next_dagrun for example_params_ui_tutorial to None, run_after=None
[2024-10-29T17:12:03.765+0000] {processor.py:183} INFO - Processing /home/airflow/.local/lib/python3.11/site-packages/airflow/example_dags/example_params_ui_tutorial.py took 0.100 seconds
[2024-10-29T17:12:34.191+0000] {processor.py:161} INFO - Started process (PID=1923) to work on /home/airflow/.local/lib/python3.11/site-packages/airflow/example_dags/example_params_ui_tutorial.py
[2024-10-29T17:12:34.193+0000] {processor.py:830} INFO - Processing file /home/airflow/.local/lib/python3.11/site-packages/airflow/example_dags/example_params_ui_tutorial.py for tasks to queue
[2024-10-29T17:12:34.195+0000] {logging_mixin.py:188} INFO - [2024-10-29T17:12:34.195+0000] {dagbag.py:545} INFO - Filling up the DagBag from /home/airflow/.local/lib/python3.11/site-packages/airflow/example_dags/example_params_ui_tutorial.py
[2024-10-29T17:12:34.210+0000] {processor.py:840} INFO - DAG(s) 'example_params_ui_tutorial' retrieved from /home/airflow/.local/lib/python3.11/site-packages/airflow/example_dags/example_params_ui_tutorial.py
[2024-10-29T17:12:34.260+0000] {logging_mixin.py:188} INFO - [2024-10-29T17:12:34.260+0000] {dag.py:3096} INFO - Sync 1 DAGs
[2024-10-29T17:12:34.275+0000] {logging_mixin.py:188} INFO - [2024-10-29T17:12:34.274+0000] {dag.py:3954} INFO - Setting next_dagrun for example_params_ui_tutorial to None, run_after=None
[2024-10-29T17:12:34.305+0000] {processor.py:183} INFO - Processing /home/airflow/.local/lib/python3.11/site-packages/airflow/example_dags/example_params_ui_tutorial.py took 0.121 seconds
