[2024-10-29T17:02:20.906+0000] {processor.py:161} INFO - Started process (PID=341) to work on /home/airflow/.local/lib/python3.11/site-packages/airflow/example_dags/example_latest_only_with_trigger.py
[2024-10-29T17:02:20.907+0000] {processor.py:830} INFO - Processing file /home/airflow/.local/lib/python3.11/site-packages/airflow/example_dags/example_latest_only_with_trigger.py for tasks to queue
[2024-10-29T17:02:20.909+0000] {logging_mixin.py:188} INFO - [2024-10-29T17:02:20.909+0000] {dagbag.py:545} INFO - Filling up the DagBag from /home/airflow/.local/lib/python3.11/site-packages/airflow/example_dags/example_latest_only_with_trigger.py
[2024-10-29T17:02:20.920+0000] {processor.py:840} INFO - DAG(s) 'latest_only_with_trigger' retrieved from /home/airflow/.local/lib/python3.11/site-packages/airflow/example_dags/example_latest_only_with_trigger.py
[2024-10-29T17:02:21.040+0000] {logging_mixin.py:188} INFO - [2024-10-29T17:02:21.040+0000] {override.py:1829} INFO - Created Permission View: can edit on DAG:latest_only_with_trigger
[2024-10-29T17:02:21.054+0000] {logging_mixin.py:188} INFO - [2024-10-29T17:02:21.053+0000] {override.py:1829} INFO - Created Permission View: can delete on DAG:latest_only_with_trigger
[2024-10-29T17:02:21.063+0000] {logging_mixin.py:188} INFO - [2024-10-29T17:02:21.062+0000] {override.py:1829} INFO - Created Permission View: can read on DAG:latest_only_with_trigger
[2024-10-29T17:02:21.063+0000] {logging_mixin.py:188} INFO - [2024-10-29T17:02:21.063+0000] {dag.py:3096} INFO - Sync 1 DAGs
[2024-10-29T17:02:21.077+0000] {logging_mixin.py:188} INFO - [2024-10-29T17:02:21.076+0000] {dag.py:3118} INFO - Creating ORM DAG for latest_only_with_trigger
[2024-10-29T17:02:21.089+0000] {logging_mixin.py:188} INFO - [2024-10-29T17:02:21.089+0000] {dag.py:3954} INFO - Setting next_dagrun for latest_only_with_trigger to 2024-10-29 12:00:00+00:00, run_after=2024-10-29 16:00:00+00:00
[2024-10-29T17:02:21.109+0000] {processor.py:183} INFO - Processing /home/airflow/.local/lib/python3.11/site-packages/airflow/example_dags/example_latest_only_with_trigger.py took 0.209 seconds
[2024-10-29T17:02:51.647+0000] {processor.py:161} INFO - Started process (PID=603) to work on /home/airflow/.local/lib/python3.11/site-packages/airflow/example_dags/example_latest_only_with_trigger.py
[2024-10-29T17:02:51.649+0000] {processor.py:830} INFO - Processing file /home/airflow/.local/lib/python3.11/site-packages/airflow/example_dags/example_latest_only_with_trigger.py for tasks to queue
[2024-10-29T17:02:51.652+0000] {logging_mixin.py:188} INFO - [2024-10-29T17:02:51.652+0000] {dagbag.py:545} INFO - Filling up the DagBag from /home/airflow/.local/lib/python3.11/site-packages/airflow/example_dags/example_latest_only_with_trigger.py
[2024-10-29T17:02:51.657+0000] {processor.py:840} INFO - DAG(s) 'latest_only_with_trigger' retrieved from /home/airflow/.local/lib/python3.11/site-packages/airflow/example_dags/example_latest_only_with_trigger.py
[2024-10-29T17:02:51.677+0000] {logging_mixin.py:188} INFO - [2024-10-29T17:02:51.677+0000] {dag.py:3096} INFO - Sync 1 DAGs
[2024-10-29T17:02:51.699+0000] {logging_mixin.py:188} INFO - [2024-10-29T17:02:51.699+0000] {dag.py:3954} INFO - Setting next_dagrun for latest_only_with_trigger to 2024-10-29 12:00:00+00:00, run_after=2024-10-29 16:00:00+00:00
[2024-10-29T17:02:51.717+0000] {processor.py:183} INFO - Processing /home/airflow/.local/lib/python3.11/site-packages/airflow/example_dags/example_latest_only_with_trigger.py took 0.077 seconds
[2024-10-29T17:03:22.063+0000] {processor.py:161} INFO - Started process (PID=865) to work on /home/airflow/.local/lib/python3.11/site-packages/airflow/example_dags/example_latest_only_with_trigger.py
[2024-10-29T17:03:22.064+0000] {processor.py:830} INFO - Processing file /home/airflow/.local/lib/python3.11/site-packages/airflow/example_dags/example_latest_only_with_trigger.py for tasks to queue
[2024-10-29T17:03:22.067+0000] {logging_mixin.py:188} INFO - [2024-10-29T17:03:22.066+0000] {dagbag.py:545} INFO - Filling up the DagBag from /home/airflow/.local/lib/python3.11/site-packages/airflow/example_dags/example_latest_only_with_trigger.py
[2024-10-29T17:03:22.072+0000] {processor.py:840} INFO - DAG(s) 'latest_only_with_trigger' retrieved from /home/airflow/.local/lib/python3.11/site-packages/airflow/example_dags/example_latest_only_with_trigger.py
[2024-10-29T17:03:22.090+0000] {logging_mixin.py:188} INFO - [2024-10-29T17:03:22.090+0000] {dag.py:3096} INFO - Sync 1 DAGs
[2024-10-29T17:03:22.111+0000] {logging_mixin.py:188} INFO - [2024-10-29T17:03:22.110+0000] {dag.py:3954} INFO - Setting next_dagrun for latest_only_with_trigger to 2024-10-29 12:00:00+00:00, run_after=2024-10-29 16:00:00+00:00
[2024-10-29T17:03:22.128+0000] {processor.py:183} INFO - Processing /home/airflow/.local/lib/python3.11/site-packages/airflow/example_dags/example_latest_only_with_trigger.py took 0.073 seconds
[2024-10-29T17:03:52.680+0000] {processor.py:161} INFO - Started process (PID=1128) to work on /home/airflow/.local/lib/python3.11/site-packages/airflow/example_dags/example_latest_only_with_trigger.py
[2024-10-29T17:03:52.683+0000] {processor.py:830} INFO - Processing file /home/airflow/.local/lib/python3.11/site-packages/airflow/example_dags/example_latest_only_with_trigger.py for tasks to queue
[2024-10-29T17:03:52.690+0000] {logging_mixin.py:188} INFO - [2024-10-29T17:03:52.686+0000] {dagbag.py:545} INFO - Filling up the DagBag from /home/airflow/.local/lib/python3.11/site-packages/airflow/example_dags/example_latest_only_with_trigger.py
[2024-10-29T17:03:52.702+0000] {processor.py:840} INFO - DAG(s) 'latest_only_with_trigger' retrieved from /home/airflow/.local/lib/python3.11/site-packages/airflow/example_dags/example_latest_only_with_trigger.py
[2024-10-29T17:03:52.735+0000] {logging_mixin.py:188} INFO - [2024-10-29T17:03:52.735+0000] {dag.py:3096} INFO - Sync 1 DAGs
[2024-10-29T17:03:52.767+0000] {logging_mixin.py:188} INFO - [2024-10-29T17:03:52.767+0000] {dag.py:3954} INFO - Setting next_dagrun for latest_only_with_trigger to 2024-10-29 12:00:00+00:00, run_after=2024-10-29 16:00:00+00:00
[2024-10-29T17:03:52.811+0000] {processor.py:183} INFO - Processing /home/airflow/.local/lib/python3.11/site-packages/airflow/example_dags/example_latest_only_with_trigger.py took 0.141 seconds
[2024-10-29T17:04:23.252+0000] {processor.py:161} INFO - Started process (PID=1392) to work on /home/airflow/.local/lib/python3.11/site-packages/airflow/example_dags/example_latest_only_with_trigger.py
[2024-10-29T17:04:23.254+0000] {processor.py:830} INFO - Processing file /home/airflow/.local/lib/python3.11/site-packages/airflow/example_dags/example_latest_only_with_trigger.py for tasks to queue
[2024-10-29T17:04:23.257+0000] {logging_mixin.py:188} INFO - [2024-10-29T17:04:23.256+0000] {dagbag.py:545} INFO - Filling up the DagBag from /home/airflow/.local/lib/python3.11/site-packages/airflow/example_dags/example_latest_only_with_trigger.py
[2024-10-29T17:04:23.262+0000] {processor.py:840} INFO - DAG(s) 'latest_only_with_trigger' retrieved from /home/airflow/.local/lib/python3.11/site-packages/airflow/example_dags/example_latest_only_with_trigger.py
[2024-10-29T17:04:23.281+0000] {logging_mixin.py:188} INFO - [2024-10-29T17:04:23.281+0000] {dag.py:3096} INFO - Sync 1 DAGs
[2024-10-29T17:04:23.302+0000] {logging_mixin.py:188} INFO - [2024-10-29T17:04:23.301+0000] {dag.py:3954} INFO - Setting next_dagrun for latest_only_with_trigger to 2024-10-29 12:00:00+00:00, run_after=2024-10-29 16:00:00+00:00
[2024-10-29T17:04:23.321+0000] {processor.py:183} INFO - Processing /home/airflow/.local/lib/python3.11/site-packages/airflow/example_dags/example_latest_only_with_trigger.py took 0.077 seconds
[2024-10-29T17:04:54.132+0000] {processor.py:161} INFO - Started process (PID=1654) to work on /home/airflow/.local/lib/python3.11/site-packages/airflow/example_dags/example_latest_only_with_trigger.py
[2024-10-29T17:04:54.132+0000] {processor.py:830} INFO - Processing file /home/airflow/.local/lib/python3.11/site-packages/airflow/example_dags/example_latest_only_with_trigger.py for tasks to queue
[2024-10-29T17:04:54.135+0000] {logging_mixin.py:188} INFO - [2024-10-29T17:04:54.134+0000] {dagbag.py:545} INFO - Filling up the DagBag from /home/airflow/.local/lib/python3.11/site-packages/airflow/example_dags/example_latest_only_with_trigger.py
[2024-10-29T17:04:54.140+0000] {processor.py:840} INFO - DAG(s) 'latest_only_with_trigger' retrieved from /home/airflow/.local/lib/python3.11/site-packages/airflow/example_dags/example_latest_only_with_trigger.py
[2024-10-29T17:04:54.158+0000] {logging_mixin.py:188} INFO - [2024-10-29T17:04:54.158+0000] {dag.py:3096} INFO - Sync 1 DAGs
[2024-10-29T17:04:54.178+0000] {logging_mixin.py:188} INFO - [2024-10-29T17:04:54.177+0000] {dag.py:3954} INFO - Setting next_dagrun for latest_only_with_trigger to 2024-10-29 12:00:00+00:00, run_after=2024-10-29 16:00:00+00:00
[2024-10-29T17:04:54.201+0000] {processor.py:183} INFO - Processing /home/airflow/.local/lib/python3.11/site-packages/airflow/example_dags/example_latest_only_with_trigger.py took 0.075 seconds
[2024-10-29T17:05:24.474+0000] {processor.py:161} INFO - Started process (PID=1914) to work on /home/airflow/.local/lib/python3.11/site-packages/airflow/example_dags/example_latest_only_with_trigger.py
[2024-10-29T17:05:24.475+0000] {processor.py:830} INFO - Processing file /home/airflow/.local/lib/python3.11/site-packages/airflow/example_dags/example_latest_only_with_trigger.py for tasks to queue
[2024-10-29T17:05:24.477+0000] {logging_mixin.py:188} INFO - [2024-10-29T17:05:24.477+0000] {dagbag.py:545} INFO - Filling up the DagBag from /home/airflow/.local/lib/python3.11/site-packages/airflow/example_dags/example_latest_only_with_trigger.py
[2024-10-29T17:05:24.481+0000] {processor.py:840} INFO - DAG(s) 'latest_only_with_trigger' retrieved from /home/airflow/.local/lib/python3.11/site-packages/airflow/example_dags/example_latest_only_with_trigger.py
[2024-10-29T17:05:24.502+0000] {logging_mixin.py:188} INFO - [2024-10-29T17:05:24.502+0000] {dag.py:3096} INFO - Sync 1 DAGs
[2024-10-29T17:05:24.526+0000] {logging_mixin.py:188} INFO - [2024-10-29T17:05:24.526+0000] {dag.py:3954} INFO - Setting next_dagrun for latest_only_with_trigger to 2024-10-29 12:00:00+00:00, run_after=2024-10-29 16:00:00+00:00
[2024-10-29T17:05:24.547+0000] {processor.py:183} INFO - Processing /home/airflow/.local/lib/python3.11/site-packages/airflow/example_dags/example_latest_only_with_trigger.py took 0.081 seconds
[2024-10-29T17:05:54.669+0000] {processor.py:161} INFO - Started process (PID=2176) to work on /home/airflow/.local/lib/python3.11/site-packages/airflow/example_dags/example_latest_only_with_trigger.py
[2024-10-29T17:05:54.670+0000] {processor.py:830} INFO - Processing file /home/airflow/.local/lib/python3.11/site-packages/airflow/example_dags/example_latest_only_with_trigger.py for tasks to queue
[2024-10-29T17:05:54.672+0000] {logging_mixin.py:188} INFO - [2024-10-29T17:05:54.671+0000] {dagbag.py:545} INFO - Filling up the DagBag from /home/airflow/.local/lib/python3.11/site-packages/airflow/example_dags/example_latest_only_with_trigger.py
[2024-10-29T17:05:54.677+0000] {processor.py:840} INFO - DAG(s) 'latest_only_with_trigger' retrieved from /home/airflow/.local/lib/python3.11/site-packages/airflow/example_dags/example_latest_only_with_trigger.py
[2024-10-29T17:05:54.695+0000] {logging_mixin.py:188} INFO - [2024-10-29T17:05:54.694+0000] {dag.py:3096} INFO - Sync 1 DAGs
[2024-10-29T17:05:54.714+0000] {logging_mixin.py:188} INFO - [2024-10-29T17:05:54.714+0000] {dag.py:3954} INFO - Setting next_dagrun for latest_only_with_trigger to 2024-10-29 12:00:00+00:00, run_after=2024-10-29 16:00:00+00:00
[2024-10-29T17:05:54.735+0000] {processor.py:183} INFO - Processing /home/airflow/.local/lib/python3.11/site-packages/airflow/example_dags/example_latest_only_with_trigger.py took 0.073 seconds
[2024-10-29T17:06:24.987+0000] {processor.py:161} INFO - Started process (PID=2438) to work on /home/airflow/.local/lib/python3.11/site-packages/airflow/example_dags/example_latest_only_with_trigger.py
[2024-10-29T17:06:24.988+0000] {processor.py:830} INFO - Processing file /home/airflow/.local/lib/python3.11/site-packages/airflow/example_dags/example_latest_only_with_trigger.py for tasks to queue
[2024-10-29T17:06:24.990+0000] {logging_mixin.py:188} INFO - [2024-10-29T17:06:24.990+0000] {dagbag.py:545} INFO - Filling up the DagBag from /home/airflow/.local/lib/python3.11/site-packages/airflow/example_dags/example_latest_only_with_trigger.py
[2024-10-29T17:06:24.995+0000] {processor.py:840} INFO - DAG(s) 'latest_only_with_trigger' retrieved from /home/airflow/.local/lib/python3.11/site-packages/airflow/example_dags/example_latest_only_with_trigger.py
[2024-10-29T17:06:25.017+0000] {logging_mixin.py:188} INFO - [2024-10-29T17:06:25.016+0000] {dag.py:3096} INFO - Sync 1 DAGs
[2024-10-29T17:06:25.035+0000] {logging_mixin.py:188} INFO - [2024-10-29T17:06:25.035+0000] {dag.py:3954} INFO - Setting next_dagrun for latest_only_with_trigger to 2024-10-29 12:00:00+00:00, run_after=2024-10-29 16:00:00+00:00
[2024-10-29T17:06:25.057+0000] {processor.py:183} INFO - Processing /home/airflow/.local/lib/python3.11/site-packages/airflow/example_dags/example_latest_only_with_trigger.py took 0.074 seconds
[2024-10-29T17:06:55.181+0000] {processor.py:161} INFO - Started process (PID=2702) to work on /home/airflow/.local/lib/python3.11/site-packages/airflow/example_dags/example_latest_only_with_trigger.py
[2024-10-29T17:06:55.182+0000] {processor.py:830} INFO - Processing file /home/airflow/.local/lib/python3.11/site-packages/airflow/example_dags/example_latest_only_with_trigger.py for tasks to queue
[2024-10-29T17:06:55.185+0000] {logging_mixin.py:188} INFO - [2024-10-29T17:06:55.185+0000] {dagbag.py:545} INFO - Filling up the DagBag from /home/airflow/.local/lib/python3.11/site-packages/airflow/example_dags/example_latest_only_with_trigger.py
[2024-10-29T17:06:55.189+0000] {processor.py:840} INFO - DAG(s) 'latest_only_with_trigger' retrieved from /home/airflow/.local/lib/python3.11/site-packages/airflow/example_dags/example_latest_only_with_trigger.py
[2024-10-29T17:06:55.209+0000] {logging_mixin.py:188} INFO - [2024-10-29T17:06:55.208+0000] {dag.py:3096} INFO - Sync 1 DAGs
[2024-10-29T17:06:55.227+0000] {logging_mixin.py:188} INFO - [2024-10-29T17:06:55.227+0000] {dag.py:3954} INFO - Setting next_dagrun for latest_only_with_trigger to 2024-10-29 12:00:00+00:00, run_after=2024-10-29 16:00:00+00:00
[2024-10-29T17:06:55.247+0000] {processor.py:183} INFO - Processing /home/airflow/.local/lib/python3.11/site-packages/airflow/example_dags/example_latest_only_with_trigger.py took 0.073 seconds
[2024-10-29T17:07:25.611+0000] {processor.py:161} INFO - Started process (PID=2964) to work on /home/airflow/.local/lib/python3.11/site-packages/airflow/example_dags/example_latest_only_with_trigger.py
[2024-10-29T17:07:25.613+0000] {processor.py:830} INFO - Processing file /home/airflow/.local/lib/python3.11/site-packages/airflow/example_dags/example_latest_only_with_trigger.py for tasks to queue
[2024-10-29T17:07:25.615+0000] {logging_mixin.py:188} INFO - [2024-10-29T17:07:25.615+0000] {dagbag.py:545} INFO - Filling up the DagBag from /home/airflow/.local/lib/python3.11/site-packages/airflow/example_dags/example_latest_only_with_trigger.py
[2024-10-29T17:07:25.621+0000] {processor.py:840} INFO - DAG(s) 'latest_only_with_trigger' retrieved from /home/airflow/.local/lib/python3.11/site-packages/airflow/example_dags/example_latest_only_with_trigger.py
[2024-10-29T17:07:25.657+0000] {logging_mixin.py:188} INFO - [2024-10-29T17:07:25.657+0000] {dag.py:3096} INFO - Sync 1 DAGs
[2024-10-29T17:07:25.687+0000] {logging_mixin.py:188} INFO - [2024-10-29T17:07:25.687+0000] {dag.py:3954} INFO - Setting next_dagrun for latest_only_with_trigger to 2024-10-29 12:00:00+00:00, run_after=2024-10-29 16:00:00+00:00
[2024-10-29T17:07:25.724+0000] {processor.py:183} INFO - Processing /home/airflow/.local/lib/python3.11/site-packages/airflow/example_dags/example_latest_only_with_trigger.py took 0.119 seconds
[2024-10-29T17:07:55.996+0000] {processor.py:161} INFO - Started process (PID=3226) to work on /home/airflow/.local/lib/python3.11/site-packages/airflow/example_dags/example_latest_only_with_trigger.py
[2024-10-29T17:07:55.997+0000] {processor.py:830} INFO - Processing file /home/airflow/.local/lib/python3.11/site-packages/airflow/example_dags/example_latest_only_with_trigger.py for tasks to queue
[2024-10-29T17:07:56.001+0000] {logging_mixin.py:188} INFO - [2024-10-29T17:07:56.000+0000] {dagbag.py:545} INFO - Filling up the DagBag from /home/airflow/.local/lib/python3.11/site-packages/airflow/example_dags/example_latest_only_with_trigger.py
[2024-10-29T17:07:56.010+0000] {processor.py:840} INFO - DAG(s) 'latest_only_with_trigger' retrieved from /home/airflow/.local/lib/python3.11/site-packages/airflow/example_dags/example_latest_only_with_trigger.py
[2024-10-29T17:07:56.037+0000] {logging_mixin.py:188} INFO - [2024-10-29T17:07:56.037+0000] {dag.py:3096} INFO - Sync 1 DAGs
[2024-10-29T17:07:56.064+0000] {logging_mixin.py:188} INFO - [2024-10-29T17:07:56.063+0000] {dag.py:3954} INFO - Setting next_dagrun for latest_only_with_trigger to 2024-10-29 12:00:00+00:00, run_after=2024-10-29 16:00:00+00:00
[2024-10-29T17:07:56.087+0000] {processor.py:183} INFO - Processing /home/airflow/.local/lib/python3.11/site-packages/airflow/example_dags/example_latest_only_with_trigger.py took 0.096 seconds
[2024-10-29T17:08:26.185+0000] {processor.py:161} INFO - Started process (PID=3486) to work on /home/airflow/.local/lib/python3.11/site-packages/airflow/example_dags/example_latest_only_with_trigger.py
[2024-10-29T17:08:26.186+0000] {processor.py:830} INFO - Processing file /home/airflow/.local/lib/python3.11/site-packages/airflow/example_dags/example_latest_only_with_trigger.py for tasks to queue
[2024-10-29T17:08:26.190+0000] {logging_mixin.py:188} INFO - [2024-10-29T17:08:26.190+0000] {dagbag.py:545} INFO - Filling up the DagBag from /home/airflow/.local/lib/python3.11/site-packages/airflow/example_dags/example_latest_only_with_trigger.py
[2024-10-29T17:08:26.196+0000] {processor.py:840} INFO - DAG(s) 'latest_only_with_trigger' retrieved from /home/airflow/.local/lib/python3.11/site-packages/airflow/example_dags/example_latest_only_with_trigger.py
[2024-10-29T17:08:26.216+0000] {logging_mixin.py:188} INFO - [2024-10-29T17:08:26.215+0000] {dag.py:3096} INFO - Sync 1 DAGs
[2024-10-29T17:08:26.244+0000] {logging_mixin.py:188} INFO - [2024-10-29T17:08:26.244+0000] {dag.py:3954} INFO - Setting next_dagrun for latest_only_with_trigger to 2024-10-29 12:00:00+00:00, run_after=2024-10-29 16:00:00+00:00
[2024-10-29T17:08:26.268+0000] {processor.py:183} INFO - Processing /home/airflow/.local/lib/python3.11/site-packages/airflow/example_dags/example_latest_only_with_trigger.py took 0.089 seconds
[2024-10-29T17:09:29.329+0000] {processor.py:161} INFO - Started process (PID=335) to work on /home/airflow/.local/lib/python3.11/site-packages/airflow/example_dags/example_latest_only_with_trigger.py
[2024-10-29T17:09:29.330+0000] {processor.py:830} INFO - Processing file /home/airflow/.local/lib/python3.11/site-packages/airflow/example_dags/example_latest_only_with_trigger.py for tasks to queue
[2024-10-29T17:09:29.331+0000] {logging_mixin.py:188} INFO - [2024-10-29T17:09:29.331+0000] {dagbag.py:545} INFO - Filling up the DagBag from /home/airflow/.local/lib/python3.11/site-packages/airflow/example_dags/example_latest_only_with_trigger.py
[2024-10-29T17:09:29.340+0000] {processor.py:840} INFO - DAG(s) 'latest_only_with_trigger' retrieved from /home/airflow/.local/lib/python3.11/site-packages/airflow/example_dags/example_latest_only_with_trigger.py
[2024-10-29T17:09:29.352+0000] {logging_mixin.py:188} INFO - [2024-10-29T17:09:29.352+0000] {dag.py:3096} INFO - Sync 1 DAGs
[2024-10-29T17:09:29.372+0000] {logging_mixin.py:188} INFO - [2024-10-29T17:09:29.372+0000] {dag.py:3954} INFO - Setting next_dagrun for latest_only_with_trigger to 2024-10-29 12:00:00+00:00, run_after=2024-10-29 16:00:00+00:00
[2024-10-29T17:09:29.399+0000] {processor.py:183} INFO - Processing /home/airflow/.local/lib/python3.11/site-packages/airflow/example_dags/example_latest_only_with_trigger.py took 0.075 seconds
[2024-10-29T17:09:59.921+0000] {processor.py:161} INFO - Started process (PID=597) to work on /home/airflow/.local/lib/python3.11/site-packages/airflow/example_dags/example_latest_only_with_trigger.py
[2024-10-29T17:09:59.923+0000] {processor.py:830} INFO - Processing file /home/airflow/.local/lib/python3.11/site-packages/airflow/example_dags/example_latest_only_with_trigger.py for tasks to queue
[2024-10-29T17:09:59.926+0000] {logging_mixin.py:188} INFO - [2024-10-29T17:09:59.925+0000] {dagbag.py:545} INFO - Filling up the DagBag from /home/airflow/.local/lib/python3.11/site-packages/airflow/example_dags/example_latest_only_with_trigger.py
[2024-10-29T17:09:59.931+0000] {processor.py:840} INFO - DAG(s) 'latest_only_with_trigger' retrieved from /home/airflow/.local/lib/python3.11/site-packages/airflow/example_dags/example_latest_only_with_trigger.py
[2024-10-29T17:10:00.095+0000] {logging_mixin.py:188} INFO - [2024-10-29T17:10:00.094+0000] {dag.py:3096} INFO - Sync 1 DAGs
[2024-10-29T17:10:00.135+0000] {logging_mixin.py:188} INFO - [2024-10-29T17:10:00.134+0000] {dag.py:3954} INFO - Setting next_dagrun for latest_only_with_trigger to 2024-10-29 12:00:00+00:00, run_after=2024-10-29 16:00:00+00:00
[2024-10-29T17:10:00.214+0000] {processor.py:183} INFO - Processing /home/airflow/.local/lib/python3.11/site-packages/airflow/example_dags/example_latest_only_with_trigger.py took 0.301 seconds
[2024-10-29T17:10:31.285+0000] {processor.py:161} INFO - Started process (PID=865) to work on /home/airflow/.local/lib/python3.11/site-packages/airflow/example_dags/example_latest_only_with_trigger.py
[2024-10-29T17:10:31.287+0000] {processor.py:830} INFO - Processing file /home/airflow/.local/lib/python3.11/site-packages/airflow/example_dags/example_latest_only_with_trigger.py for tasks to queue
[2024-10-29T17:10:31.291+0000] {logging_mixin.py:188} INFO - [2024-10-29T17:10:31.290+0000] {dagbag.py:545} INFO - Filling up the DagBag from /home/airflow/.local/lib/python3.11/site-packages/airflow/example_dags/example_latest_only_with_trigger.py
[2024-10-29T17:10:31.298+0000] {processor.py:840} INFO - DAG(s) 'latest_only_with_trigger' retrieved from /home/airflow/.local/lib/python3.11/site-packages/airflow/example_dags/example_latest_only_with_trigger.py
[2024-10-29T17:10:31.329+0000] {logging_mixin.py:188} INFO - [2024-10-29T17:10:31.329+0000] {dag.py:3096} INFO - Sync 1 DAGs
[2024-10-29T17:10:31.360+0000] {logging_mixin.py:188} INFO - [2024-10-29T17:10:31.359+0000] {dag.py:3954} INFO - Setting next_dagrun for latest_only_with_trigger to 2024-10-29 12:00:00+00:00, run_after=2024-10-29 16:00:00+00:00
[2024-10-29T17:10:31.390+0000] {processor.py:183} INFO - Processing /home/airflow/.local/lib/python3.11/site-packages/airflow/example_dags/example_latest_only_with_trigger.py took 0.118 seconds
[2024-10-29T17:11:02.311+0000] {processor.py:161} INFO - Started process (PID=1127) to work on /home/airflow/.local/lib/python3.11/site-packages/airflow/example_dags/example_latest_only_with_trigger.py
[2024-10-29T17:11:02.312+0000] {processor.py:830} INFO - Processing file /home/airflow/.local/lib/python3.11/site-packages/airflow/example_dags/example_latest_only_with_trigger.py for tasks to queue
[2024-10-29T17:11:02.315+0000] {logging_mixin.py:188} INFO - [2024-10-29T17:11:02.314+0000] {dagbag.py:545} INFO - Filling up the DagBag from /home/airflow/.local/lib/python3.11/site-packages/airflow/example_dags/example_latest_only_with_trigger.py
[2024-10-29T17:11:02.320+0000] {processor.py:840} INFO - DAG(s) 'latest_only_with_trigger' retrieved from /home/airflow/.local/lib/python3.11/site-packages/airflow/example_dags/example_latest_only_with_trigger.py
[2024-10-29T17:11:02.342+0000] {logging_mixin.py:188} INFO - [2024-10-29T17:11:02.342+0000] {dag.py:3096} INFO - Sync 1 DAGs
[2024-10-29T17:11:02.362+0000] {logging_mixin.py:188} INFO - [2024-10-29T17:11:02.362+0000] {dag.py:3954} INFO - Setting next_dagrun for latest_only_with_trigger to 2024-10-29 12:00:00+00:00, run_after=2024-10-29 16:00:00+00:00
[2024-10-29T17:11:02.388+0000] {processor.py:183} INFO - Processing /home/airflow/.local/lib/python3.11/site-packages/airflow/example_dags/example_latest_only_with_trigger.py took 0.082 seconds
[2024-10-29T17:11:33.304+0000] {processor.py:161} INFO - Started process (PID=1389) to work on /home/airflow/.local/lib/python3.11/site-packages/airflow/example_dags/example_latest_only_with_trigger.py
[2024-10-29T17:11:33.305+0000] {processor.py:830} INFO - Processing file /home/airflow/.local/lib/python3.11/site-packages/airflow/example_dags/example_latest_only_with_trigger.py for tasks to queue
[2024-10-29T17:11:33.307+0000] {logging_mixin.py:188} INFO - [2024-10-29T17:11:33.307+0000] {dagbag.py:545} INFO - Filling up the DagBag from /home/airflow/.local/lib/python3.11/site-packages/airflow/example_dags/example_latest_only_with_trigger.py
[2024-10-29T17:11:33.312+0000] {processor.py:840} INFO - DAG(s) 'latest_only_with_trigger' retrieved from /home/airflow/.local/lib/python3.11/site-packages/airflow/example_dags/example_latest_only_with_trigger.py
[2024-10-29T17:11:33.334+0000] {logging_mixin.py:188} INFO - [2024-10-29T17:11:33.334+0000] {dag.py:3096} INFO - Sync 1 DAGs
[2024-10-29T17:11:33.355+0000] {logging_mixin.py:188} INFO - [2024-10-29T17:11:33.354+0000] {dag.py:3954} INFO - Setting next_dagrun for latest_only_with_trigger to 2024-10-29 12:00:00+00:00, run_after=2024-10-29 16:00:00+00:00
[2024-10-29T17:11:33.375+0000] {processor.py:183} INFO - Processing /home/airflow/.local/lib/python3.11/site-packages/airflow/example_dags/example_latest_only_with_trigger.py took 0.079 seconds
[2024-10-29T17:12:03.439+0000] {processor.py:161} INFO - Started process (PID=1651) to work on /home/airflow/.local/lib/python3.11/site-packages/airflow/example_dags/example_latest_only_with_trigger.py
[2024-10-29T17:12:03.440+0000] {processor.py:830} INFO - Processing file /home/airflow/.local/lib/python3.11/site-packages/airflow/example_dags/example_latest_only_with_trigger.py for tasks to queue
[2024-10-29T17:12:03.441+0000] {logging_mixin.py:188} INFO - [2024-10-29T17:12:03.441+0000] {dagbag.py:545} INFO - Filling up the DagBag from /home/airflow/.local/lib/python3.11/site-packages/airflow/example_dags/example_latest_only_with_trigger.py
[2024-10-29T17:12:03.446+0000] {processor.py:840} INFO - DAG(s) 'latest_only_with_trigger' retrieved from /home/airflow/.local/lib/python3.11/site-packages/airflow/example_dags/example_latest_only_with_trigger.py
[2024-10-29T17:12:03.467+0000] {logging_mixin.py:188} INFO - [2024-10-29T17:12:03.466+0000] {dag.py:3096} INFO - Sync 1 DAGs
[2024-10-29T17:12:03.490+0000] {logging_mixin.py:188} INFO - [2024-10-29T17:12:03.489+0000] {dag.py:3954} INFO - Setting next_dagrun for latest_only_with_trigger to 2024-10-29 12:00:00+00:00, run_after=2024-10-29 16:00:00+00:00
[2024-10-29T17:12:03.510+0000] {processor.py:183} INFO - Processing /home/airflow/.local/lib/python3.11/site-packages/airflow/example_dags/example_latest_only_with_trigger.py took 0.077 seconds
[2024-10-29T17:12:34.036+0000] {processor.py:161} INFO - Started process (PID=1913) to work on /home/airflow/.local/lib/python3.11/site-packages/airflow/example_dags/example_latest_only_with_trigger.py
[2024-10-29T17:12:34.037+0000] {processor.py:830} INFO - Processing file /home/airflow/.local/lib/python3.11/site-packages/airflow/example_dags/example_latest_only_with_trigger.py for tasks to queue
[2024-10-29T17:12:34.039+0000] {logging_mixin.py:188} INFO - [2024-10-29T17:12:34.039+0000] {dagbag.py:545} INFO - Filling up the DagBag from /home/airflow/.local/lib/python3.11/site-packages/airflow/example_dags/example_latest_only_with_trigger.py
[2024-10-29T17:12:34.044+0000] {processor.py:840} INFO - DAG(s) 'latest_only_with_trigger' retrieved from /home/airflow/.local/lib/python3.11/site-packages/airflow/example_dags/example_latest_only_with_trigger.py
[2024-10-29T17:12:34.084+0000] {logging_mixin.py:188} INFO - [2024-10-29T17:12:34.083+0000] {dag.py:3096} INFO - Sync 1 DAGs
[2024-10-29T17:12:34.121+0000] {logging_mixin.py:188} INFO - [2024-10-29T17:12:34.121+0000] {dag.py:3954} INFO - Setting next_dagrun for latest_only_with_trigger to 2024-10-29 12:00:00+00:00, run_after=2024-10-29 16:00:00+00:00
[2024-10-29T17:12:34.145+0000] {processor.py:183} INFO - Processing /home/airflow/.local/lib/python3.11/site-packages/airflow/example_dags/example_latest_only_with_trigger.py took 0.118 seconds
