[2024-10-29T17:02:15.506+0000] {processor.py:161} INFO - Started process (PID=221) to work on /home/airflow/.local/lib/python3.11/site-packages/airflow/example_dags/example_skip_dag.py
[2024-10-29T17:02:15.507+0000] {processor.py:830} INFO - Processing file /home/airflow/.local/lib/python3.11/site-packages/airflow/example_dags/example_skip_dag.py for tasks to queue
[2024-10-29T17:02:15.509+0000] {logging_mixin.py:188} INFO - [2024-10-29T17:02:15.509+0000] {dagbag.py:545} INFO - Filling up the DagBag from /home/airflow/.local/lib/python3.11/site-packages/airflow/example_dags/example_skip_dag.py
[2024-10-29T17:02:15.522+0000] {processor.py:840} INFO - DAG(s) 'example_skip_dag' retrieved from /home/airflow/.local/lib/python3.11/site-packages/airflow/example_dags/example_skip_dag.py
[2024-10-29T17:02:15.809+0000] {logging_mixin.py:188} INFO - [2024-10-29T17:02:15.808+0000] {override.py:1829} INFO - Created Permission View: can edit on DAG:example_skip_dag
[2024-10-29T17:02:15.822+0000] {logging_mixin.py:188} INFO - [2024-10-29T17:02:15.821+0000] {override.py:1829} INFO - Created Permission View: can delete on DAG:example_skip_dag
[2024-10-29T17:02:15.832+0000] {logging_mixin.py:188} INFO - [2024-10-29T17:02:15.832+0000] {override.py:1829} INFO - Created Permission View: can read on DAG:example_skip_dag
[2024-10-29T17:02:15.833+0000] {logging_mixin.py:188} INFO - [2024-10-29T17:02:15.833+0000] {dag.py:3096} INFO - Sync 1 DAGs
[2024-10-29T17:02:15.851+0000] {logging_mixin.py:188} INFO - [2024-10-29T17:02:15.851+0000] {dag.py:3118} INFO - Creating ORM DAG for example_skip_dag
[2024-10-29T17:02:15.862+0000] {logging_mixin.py:188} INFO - [2024-10-29T17:02:15.862+0000] {dag.py:3954} INFO - Setting next_dagrun for example_skip_dag to 2024-10-28 00:00:00+00:00, run_after=2024-10-29 00:00:00+00:00
[2024-10-29T17:02:15.879+0000] {processor.py:183} INFO - Processing /home/airflow/.local/lib/python3.11/site-packages/airflow/example_dags/example_skip_dag.py took 0.378 seconds
[2024-10-29T17:02:46.005+0000] {processor.py:161} INFO - Started process (PID=485) to work on /home/airflow/.local/lib/python3.11/site-packages/airflow/example_dags/example_skip_dag.py
[2024-10-29T17:02:46.007+0000] {processor.py:830} INFO - Processing file /home/airflow/.local/lib/python3.11/site-packages/airflow/example_dags/example_skip_dag.py for tasks to queue
[2024-10-29T17:02:46.010+0000] {logging_mixin.py:188} INFO - [2024-10-29T17:02:46.010+0000] {dagbag.py:545} INFO - Filling up the DagBag from /home/airflow/.local/lib/python3.11/site-packages/airflow/example_dags/example_skip_dag.py
[2024-10-29T17:02:46.020+0000] {processor.py:840} INFO - DAG(s) 'example_skip_dag' retrieved from /home/airflow/.local/lib/python3.11/site-packages/airflow/example_dags/example_skip_dag.py
[2024-10-29T17:02:46.057+0000] {logging_mixin.py:188} INFO - [2024-10-29T17:02:46.056+0000] {dag.py:3096} INFO - Sync 1 DAGs
[2024-10-29T17:02:46.093+0000] {logging_mixin.py:188} INFO - [2024-10-29T17:02:46.093+0000] {dag.py:3954} INFO - Setting next_dagrun for example_skip_dag to 2024-10-28 00:00:00+00:00, run_after=2024-10-29 00:00:00+00:00
[2024-10-29T17:02:46.123+0000] {processor.py:183} INFO - Processing /home/airflow/.local/lib/python3.11/site-packages/airflow/example_dags/example_skip_dag.py took 0.125 seconds
[2024-10-29T17:03:16.571+0000] {processor.py:161} INFO - Started process (PID=745) to work on /home/airflow/.local/lib/python3.11/site-packages/airflow/example_dags/example_skip_dag.py
[2024-10-29T17:03:16.572+0000] {processor.py:830} INFO - Processing file /home/airflow/.local/lib/python3.11/site-packages/airflow/example_dags/example_skip_dag.py for tasks to queue
[2024-10-29T17:03:16.575+0000] {logging_mixin.py:188} INFO - [2024-10-29T17:03:16.574+0000] {dagbag.py:545} INFO - Filling up the DagBag from /home/airflow/.local/lib/python3.11/site-packages/airflow/example_dags/example_skip_dag.py
[2024-10-29T17:03:16.582+0000] {processor.py:840} INFO - DAG(s) 'example_skip_dag' retrieved from /home/airflow/.local/lib/python3.11/site-packages/airflow/example_dags/example_skip_dag.py
[2024-10-29T17:03:16.601+0000] {logging_mixin.py:188} INFO - [2024-10-29T17:03:16.601+0000] {dag.py:3096} INFO - Sync 1 DAGs
[2024-10-29T17:03:16.622+0000] {logging_mixin.py:188} INFO - [2024-10-29T17:03:16.621+0000] {dag.py:3954} INFO - Setting next_dagrun for example_skip_dag to 2024-10-28 00:00:00+00:00, run_after=2024-10-29 00:00:00+00:00
[2024-10-29T17:03:16.639+0000] {processor.py:183} INFO - Processing /home/airflow/.local/lib/python3.11/site-packages/airflow/example_dags/example_skip_dag.py took 0.073 seconds
[2024-10-29T17:03:47.184+0000] {processor.py:161} INFO - Started process (PID=1008) to work on /home/airflow/.local/lib/python3.11/site-packages/airflow/example_dags/example_skip_dag.py
[2024-10-29T17:03:47.185+0000] {processor.py:830} INFO - Processing file /home/airflow/.local/lib/python3.11/site-packages/airflow/example_dags/example_skip_dag.py for tasks to queue
[2024-10-29T17:03:47.188+0000] {logging_mixin.py:188} INFO - [2024-10-29T17:03:47.187+0000] {dagbag.py:545} INFO - Filling up the DagBag from /home/airflow/.local/lib/python3.11/site-packages/airflow/example_dags/example_skip_dag.py
[2024-10-29T17:03:47.202+0000] {processor.py:840} INFO - DAG(s) 'example_skip_dag' retrieved from /home/airflow/.local/lib/python3.11/site-packages/airflow/example_dags/example_skip_dag.py
[2024-10-29T17:03:47.259+0000] {logging_mixin.py:188} INFO - [2024-10-29T17:03:47.258+0000] {dag.py:3096} INFO - Sync 1 DAGs
[2024-10-29T17:03:47.305+0000] {logging_mixin.py:188} INFO - [2024-10-29T17:03:47.304+0000] {dag.py:3954} INFO - Setting next_dagrun for example_skip_dag to 2024-10-28 00:00:00+00:00, run_after=2024-10-29 00:00:00+00:00
[2024-10-29T17:03:47.376+0000] {processor.py:183} INFO - Processing /home/airflow/.local/lib/python3.11/site-packages/airflow/example_dags/example_skip_dag.py took 0.204 seconds
[2024-10-29T17:04:17.446+0000] {processor.py:161} INFO - Started process (PID=1270) to work on /home/airflow/.local/lib/python3.11/site-packages/airflow/example_dags/example_skip_dag.py
[2024-10-29T17:04:17.447+0000] {processor.py:830} INFO - Processing file /home/airflow/.local/lib/python3.11/site-packages/airflow/example_dags/example_skip_dag.py for tasks to queue
[2024-10-29T17:04:17.449+0000] {logging_mixin.py:188} INFO - [2024-10-29T17:04:17.448+0000] {dagbag.py:545} INFO - Filling up the DagBag from /home/airflow/.local/lib/python3.11/site-packages/airflow/example_dags/example_skip_dag.py
[2024-10-29T17:04:17.455+0000] {processor.py:840} INFO - DAG(s) 'example_skip_dag' retrieved from /home/airflow/.local/lib/python3.11/site-packages/airflow/example_dags/example_skip_dag.py
[2024-10-29T17:04:17.479+0000] {logging_mixin.py:188} INFO - [2024-10-29T17:04:17.479+0000] {dag.py:3096} INFO - Sync 1 DAGs
[2024-10-29T17:04:17.499+0000] {logging_mixin.py:188} INFO - [2024-10-29T17:04:17.499+0000] {dag.py:3954} INFO - Setting next_dagrun for example_skip_dag to 2024-10-28 00:00:00+00:00, run_after=2024-10-29 00:00:00+00:00
[2024-10-29T17:04:17.521+0000] {processor.py:183} INFO - Processing /home/airflow/.local/lib/python3.11/site-packages/airflow/example_dags/example_skip_dag.py took 0.080 seconds
[2024-10-29T17:04:47.819+0000] {processor.py:161} INFO - Started process (PID=1532) to work on /home/airflow/.local/lib/python3.11/site-packages/airflow/example_dags/example_skip_dag.py
[2024-10-29T17:04:47.820+0000] {processor.py:830} INFO - Processing file /home/airflow/.local/lib/python3.11/site-packages/airflow/example_dags/example_skip_dag.py for tasks to queue
[2024-10-29T17:04:47.822+0000] {logging_mixin.py:188} INFO - [2024-10-29T17:04:47.821+0000] {dagbag.py:545} INFO - Filling up the DagBag from /home/airflow/.local/lib/python3.11/site-packages/airflow/example_dags/example_skip_dag.py
[2024-10-29T17:04:47.829+0000] {processor.py:840} INFO - DAG(s) 'example_skip_dag' retrieved from /home/airflow/.local/lib/python3.11/site-packages/airflow/example_dags/example_skip_dag.py
[2024-10-29T17:04:47.853+0000] {logging_mixin.py:188} INFO - [2024-10-29T17:04:47.853+0000] {dag.py:3096} INFO - Sync 1 DAGs
[2024-10-29T17:04:47.873+0000] {logging_mixin.py:188} INFO - [2024-10-29T17:04:47.873+0000] {dag.py:3954} INFO - Setting next_dagrun for example_skip_dag to 2024-10-28 00:00:00+00:00, run_after=2024-10-29 00:00:00+00:00
[2024-10-29T17:04:47.896+0000] {processor.py:183} INFO - Processing /home/airflow/.local/lib/python3.11/site-packages/airflow/example_dags/example_skip_dag.py took 0.084 seconds
[2024-10-29T17:05:18.055+0000] {processor.py:161} INFO - Started process (PID=1794) to work on /home/airflow/.local/lib/python3.11/site-packages/airflow/example_dags/example_skip_dag.py
[2024-10-29T17:05:18.056+0000] {processor.py:830} INFO - Processing file /home/airflow/.local/lib/python3.11/site-packages/airflow/example_dags/example_skip_dag.py for tasks to queue
[2024-10-29T17:05:18.058+0000] {logging_mixin.py:188} INFO - [2024-10-29T17:05:18.058+0000] {dagbag.py:545} INFO - Filling up the DagBag from /home/airflow/.local/lib/python3.11/site-packages/airflow/example_dags/example_skip_dag.py
[2024-10-29T17:05:18.064+0000] {processor.py:840} INFO - DAG(s) 'example_skip_dag' retrieved from /home/airflow/.local/lib/python3.11/site-packages/airflow/example_dags/example_skip_dag.py
[2024-10-29T17:05:18.085+0000] {logging_mixin.py:188} INFO - [2024-10-29T17:05:18.085+0000] {dag.py:3096} INFO - Sync 1 DAGs
[2024-10-29T17:05:18.107+0000] {logging_mixin.py:188} INFO - [2024-10-29T17:05:18.107+0000] {dag.py:3954} INFO - Setting next_dagrun for example_skip_dag to 2024-10-28 00:00:00+00:00, run_after=2024-10-29 00:00:00+00:00
[2024-10-29T17:05:18.127+0000] {processor.py:183} INFO - Processing /home/airflow/.local/lib/python3.11/site-packages/airflow/example_dags/example_skip_dag.py took 0.082 seconds
[2024-10-29T17:05:48.265+0000] {processor.py:161} INFO - Started process (PID=2056) to work on /home/airflow/.local/lib/python3.11/site-packages/airflow/example_dags/example_skip_dag.py
[2024-10-29T17:05:48.266+0000] {processor.py:830} INFO - Processing file /home/airflow/.local/lib/python3.11/site-packages/airflow/example_dags/example_skip_dag.py for tasks to queue
[2024-10-29T17:05:48.268+0000] {logging_mixin.py:188} INFO - [2024-10-29T17:05:48.268+0000] {dagbag.py:545} INFO - Filling up the DagBag from /home/airflow/.local/lib/python3.11/site-packages/airflow/example_dags/example_skip_dag.py
[2024-10-29T17:05:48.276+0000] {processor.py:840} INFO - DAG(s) 'example_skip_dag' retrieved from /home/airflow/.local/lib/python3.11/site-packages/airflow/example_dags/example_skip_dag.py
[2024-10-29T17:05:48.300+0000] {logging_mixin.py:188} INFO - [2024-10-29T17:05:48.300+0000] {dag.py:3096} INFO - Sync 1 DAGs
[2024-10-29T17:05:48.320+0000] {logging_mixin.py:188} INFO - [2024-10-29T17:05:48.320+0000] {dag.py:3954} INFO - Setting next_dagrun for example_skip_dag to 2024-10-28 00:00:00+00:00, run_after=2024-10-29 00:00:00+00:00
[2024-10-29T17:05:48.339+0000] {processor.py:183} INFO - Processing /home/airflow/.local/lib/python3.11/site-packages/airflow/example_dags/example_skip_dag.py took 0.080 seconds
[2024-10-29T17:06:18.505+0000] {processor.py:161} INFO - Started process (PID=2320) to work on /home/airflow/.local/lib/python3.11/site-packages/airflow/example_dags/example_skip_dag.py
[2024-10-29T17:06:18.506+0000] {processor.py:830} INFO - Processing file /home/airflow/.local/lib/python3.11/site-packages/airflow/example_dags/example_skip_dag.py for tasks to queue
[2024-10-29T17:06:18.508+0000] {logging_mixin.py:188} INFO - [2024-10-29T17:06:18.508+0000] {dagbag.py:545} INFO - Filling up the DagBag from /home/airflow/.local/lib/python3.11/site-packages/airflow/example_dags/example_skip_dag.py
[2024-10-29T17:06:18.514+0000] {processor.py:840} INFO - DAG(s) 'example_skip_dag' retrieved from /home/airflow/.local/lib/python3.11/site-packages/airflow/example_dags/example_skip_dag.py
[2024-10-29T17:06:18.533+0000] {logging_mixin.py:188} INFO - [2024-10-29T17:06:18.533+0000] {dag.py:3096} INFO - Sync 1 DAGs
[2024-10-29T17:06:18.553+0000] {logging_mixin.py:188} INFO - [2024-10-29T17:06:18.552+0000] {dag.py:3954} INFO - Setting next_dagrun for example_skip_dag to 2024-10-28 00:00:00+00:00, run_after=2024-10-29 00:00:00+00:00
[2024-10-29T17:06:18.573+0000] {processor.py:183} INFO - Processing /home/airflow/.local/lib/python3.11/site-packages/airflow/example_dags/example_skip_dag.py took 0.073 seconds
[2024-10-29T17:06:48.716+0000] {processor.py:161} INFO - Started process (PID=2582) to work on /home/airflow/.local/lib/python3.11/site-packages/airflow/example_dags/example_skip_dag.py
[2024-10-29T17:06:48.717+0000] {processor.py:830} INFO - Processing file /home/airflow/.local/lib/python3.11/site-packages/airflow/example_dags/example_skip_dag.py for tasks to queue
[2024-10-29T17:06:48.719+0000] {logging_mixin.py:188} INFO - [2024-10-29T17:06:48.718+0000] {dagbag.py:545} INFO - Filling up the DagBag from /home/airflow/.local/lib/python3.11/site-packages/airflow/example_dags/example_skip_dag.py
[2024-10-29T17:06:48.725+0000] {processor.py:840} INFO - DAG(s) 'example_skip_dag' retrieved from /home/airflow/.local/lib/python3.11/site-packages/airflow/example_dags/example_skip_dag.py
[2024-10-29T17:06:48.745+0000] {logging_mixin.py:188} INFO - [2024-10-29T17:06:48.744+0000] {dag.py:3096} INFO - Sync 1 DAGs
[2024-10-29T17:06:48.775+0000] {logging_mixin.py:188} INFO - [2024-10-29T17:06:48.775+0000] {dag.py:3954} INFO - Setting next_dagrun for example_skip_dag to 2024-10-28 00:00:00+00:00, run_after=2024-10-29 00:00:00+00:00
[2024-10-29T17:06:48.804+0000] {processor.py:183} INFO - Processing /home/airflow/.local/lib/python3.11/site-packages/airflow/example_dags/example_skip_dag.py took 0.093 seconds
[2024-10-29T17:07:19.022+0000] {processor.py:161} INFO - Started process (PID=2842) to work on /home/airflow/.local/lib/python3.11/site-packages/airflow/example_dags/example_skip_dag.py
[2024-10-29T17:07:19.023+0000] {processor.py:830} INFO - Processing file /home/airflow/.local/lib/python3.11/site-packages/airflow/example_dags/example_skip_dag.py for tasks to queue
[2024-10-29T17:07:19.025+0000] {logging_mixin.py:188} INFO - [2024-10-29T17:07:19.024+0000] {dagbag.py:545} INFO - Filling up the DagBag from /home/airflow/.local/lib/python3.11/site-packages/airflow/example_dags/example_skip_dag.py
[2024-10-29T17:07:19.031+0000] {processor.py:840} INFO - DAG(s) 'example_skip_dag' retrieved from /home/airflow/.local/lib/python3.11/site-packages/airflow/example_dags/example_skip_dag.py
[2024-10-29T17:07:19.053+0000] {logging_mixin.py:188} INFO - [2024-10-29T17:07:19.053+0000] {dag.py:3096} INFO - Sync 1 DAGs
[2024-10-29T17:07:19.073+0000] {logging_mixin.py:188} INFO - [2024-10-29T17:07:19.073+0000] {dag.py:3954} INFO - Setting next_dagrun for example_skip_dag to 2024-10-28 00:00:00+00:00, run_after=2024-10-29 00:00:00+00:00
[2024-10-29T17:07:19.093+0000] {processor.py:183} INFO - Processing /home/airflow/.local/lib/python3.11/site-packages/airflow/example_dags/example_skip_dag.py took 0.078 seconds
[2024-10-29T17:07:49.505+0000] {processor.py:161} INFO - Started process (PID=3104) to work on /home/airflow/.local/lib/python3.11/site-packages/airflow/example_dags/example_skip_dag.py
[2024-10-29T17:07:49.506+0000] {processor.py:830} INFO - Processing file /home/airflow/.local/lib/python3.11/site-packages/airflow/example_dags/example_skip_dag.py for tasks to queue
[2024-10-29T17:07:49.508+0000] {logging_mixin.py:188} INFO - [2024-10-29T17:07:49.507+0000] {dagbag.py:545} INFO - Filling up the DagBag from /home/airflow/.local/lib/python3.11/site-packages/airflow/example_dags/example_skip_dag.py
[2024-10-29T17:07:49.515+0000] {processor.py:840} INFO - DAG(s) 'example_skip_dag' retrieved from /home/airflow/.local/lib/python3.11/site-packages/airflow/example_dags/example_skip_dag.py
[2024-10-29T17:07:49.533+0000] {logging_mixin.py:188} INFO - [2024-10-29T17:07:49.533+0000] {dag.py:3096} INFO - Sync 1 DAGs
[2024-10-29T17:07:49.554+0000] {logging_mixin.py:188} INFO - [2024-10-29T17:07:49.554+0000] {dag.py:3954} INFO - Setting next_dagrun for example_skip_dag to 2024-10-28 00:00:00+00:00, run_after=2024-10-29 00:00:00+00:00
[2024-10-29T17:07:49.572+0000] {processor.py:183} INFO - Processing /home/airflow/.local/lib/python3.11/site-packages/airflow/example_dags/example_skip_dag.py took 0.073 seconds
[2024-10-29T17:08:19.822+0000] {processor.py:161} INFO - Started process (PID=3366) to work on /home/airflow/.local/lib/python3.11/site-packages/airflow/example_dags/example_skip_dag.py
[2024-10-29T17:08:19.824+0000] {processor.py:830} INFO - Processing file /home/airflow/.local/lib/python3.11/site-packages/airflow/example_dags/example_skip_dag.py for tasks to queue
[2024-10-29T17:08:19.827+0000] {logging_mixin.py:188} INFO - [2024-10-29T17:08:19.826+0000] {dagbag.py:545} INFO - Filling up the DagBag from /home/airflow/.local/lib/python3.11/site-packages/airflow/example_dags/example_skip_dag.py
[2024-10-29T17:08:19.837+0000] {processor.py:840} INFO - DAG(s) 'example_skip_dag' retrieved from /home/airflow/.local/lib/python3.11/site-packages/airflow/example_dags/example_skip_dag.py
[2024-10-29T17:08:19.862+0000] {logging_mixin.py:188} INFO - [2024-10-29T17:08:19.862+0000] {dag.py:3096} INFO - Sync 1 DAGs
[2024-10-29T17:08:19.885+0000] {logging_mixin.py:188} INFO - [2024-10-29T17:08:19.885+0000] {dag.py:3954} INFO - Setting next_dagrun for example_skip_dag to 2024-10-28 00:00:00+00:00, run_after=2024-10-29 00:00:00+00:00
[2024-10-29T17:08:19.913+0000] {processor.py:183} INFO - Processing /home/airflow/.local/lib/python3.11/site-packages/airflow/example_dags/example_skip_dag.py took 0.101 seconds
[2024-10-29T17:09:26.383+0000] {processor.py:161} INFO - Started process (PID=217) to work on /home/airflow/.local/lib/python3.11/site-packages/airflow/example_dags/example_skip_dag.py
[2024-10-29T17:09:26.384+0000] {processor.py:830} INFO - Processing file /home/airflow/.local/lib/python3.11/site-packages/airflow/example_dags/example_skip_dag.py for tasks to queue
[2024-10-29T17:09:26.386+0000] {logging_mixin.py:188} INFO - [2024-10-29T17:09:26.385+0000] {dagbag.py:545} INFO - Filling up the DagBag from /home/airflow/.local/lib/python3.11/site-packages/airflow/example_dags/example_skip_dag.py
[2024-10-29T17:09:26.394+0000] {processor.py:840} INFO - DAG(s) 'example_skip_dag' retrieved from /home/airflow/.local/lib/python3.11/site-packages/airflow/example_dags/example_skip_dag.py
[2024-10-29T17:09:26.405+0000] {logging_mixin.py:188} INFO - [2024-10-29T17:09:26.405+0000] {dag.py:3096} INFO - Sync 1 DAGs
[2024-10-29T17:09:26.424+0000] {logging_mixin.py:188} INFO - [2024-10-29T17:09:26.424+0000] {dag.py:3954} INFO - Setting next_dagrun for example_skip_dag to 2024-10-28 00:00:00+00:00, run_after=2024-10-29 00:00:00+00:00
[2024-10-29T17:09:26.444+0000] {processor.py:183} INFO - Processing /home/airflow/.local/lib/python3.11/site-packages/airflow/example_dags/example_skip_dag.py took 0.066 seconds
[2024-10-29T17:09:57.189+0000] {processor.py:161} INFO - Started process (PID=477) to work on /home/airflow/.local/lib/python3.11/site-packages/airflow/example_dags/example_skip_dag.py
[2024-10-29T17:09:57.190+0000] {processor.py:830} INFO - Processing file /home/airflow/.local/lib/python3.11/site-packages/airflow/example_dags/example_skip_dag.py for tasks to queue
[2024-10-29T17:09:57.193+0000] {logging_mixin.py:188} INFO - [2024-10-29T17:09:57.192+0000] {dagbag.py:545} INFO - Filling up the DagBag from /home/airflow/.local/lib/python3.11/site-packages/airflow/example_dags/example_skip_dag.py
[2024-10-29T17:09:57.199+0000] {processor.py:840} INFO - DAG(s) 'example_skip_dag' retrieved from /home/airflow/.local/lib/python3.11/site-packages/airflow/example_dags/example_skip_dag.py
[2024-10-29T17:09:57.296+0000] {logging_mixin.py:188} INFO - [2024-10-29T17:09:57.296+0000] {dag.py:3096} INFO - Sync 1 DAGs
[2024-10-29T17:09:57.320+0000] {logging_mixin.py:188} INFO - [2024-10-29T17:09:57.320+0000] {dag.py:3954} INFO - Setting next_dagrun for example_skip_dag to 2024-10-28 00:00:00+00:00, run_after=2024-10-29 00:00:00+00:00
[2024-10-29T17:09:57.338+0000] {processor.py:183} INFO - Processing /home/airflow/.local/lib/python3.11/site-packages/airflow/example_dags/example_skip_dag.py took 0.154 seconds
[2024-10-29T17:10:29.050+0000] {processor.py:161} INFO - Started process (PID=739) to work on /home/airflow/.local/lib/python3.11/site-packages/airflow/example_dags/example_skip_dag.py
[2024-10-29T17:10:29.051+0000] {processor.py:830} INFO - Processing file /home/airflow/.local/lib/python3.11/site-packages/airflow/example_dags/example_skip_dag.py for tasks to queue
[2024-10-29T17:10:29.055+0000] {logging_mixin.py:188} INFO - [2024-10-29T17:10:29.054+0000] {dagbag.py:545} INFO - Filling up the DagBag from /home/airflow/.local/lib/python3.11/site-packages/airflow/example_dags/example_skip_dag.py
[2024-10-29T17:10:29.064+0000] {processor.py:840} INFO - DAG(s) 'example_skip_dag' retrieved from /home/airflow/.local/lib/python3.11/site-packages/airflow/example_dags/example_skip_dag.py
[2024-10-29T17:10:29.104+0000] {logging_mixin.py:188} INFO - [2024-10-29T17:10:29.103+0000] {dag.py:3096} INFO - Sync 1 DAGs
[2024-10-29T17:10:29.165+0000] {logging_mixin.py:188} INFO - [2024-10-29T17:10:29.164+0000] {dag.py:3954} INFO - Setting next_dagrun for example_skip_dag to 2024-10-28 00:00:00+00:00, run_after=2024-10-29 00:00:00+00:00
[2024-10-29T17:10:29.216+0000] {processor.py:183} INFO - Processing /home/airflow/.local/lib/python3.11/site-packages/airflow/example_dags/example_skip_dag.py took 0.173 seconds
[2024-10-29T17:10:59.390+0000] {processor.py:161} INFO - Started process (PID=1003) to work on /home/airflow/.local/lib/python3.11/site-packages/airflow/example_dags/example_skip_dag.py
[2024-10-29T17:10:59.392+0000] {processor.py:830} INFO - Processing file /home/airflow/.local/lib/python3.11/site-packages/airflow/example_dags/example_skip_dag.py for tasks to queue
[2024-10-29T17:10:59.396+0000] {logging_mixin.py:188} INFO - [2024-10-29T17:10:59.395+0000] {dagbag.py:545} INFO - Filling up the DagBag from /home/airflow/.local/lib/python3.11/site-packages/airflow/example_dags/example_skip_dag.py
[2024-10-29T17:10:59.404+0000] {processor.py:840} INFO - DAG(s) 'example_skip_dag' retrieved from /home/airflow/.local/lib/python3.11/site-packages/airflow/example_dags/example_skip_dag.py
[2024-10-29T17:10:59.430+0000] {logging_mixin.py:188} INFO - [2024-10-29T17:10:59.430+0000] {dag.py:3096} INFO - Sync 1 DAGs
[2024-10-29T17:10:59.459+0000] {logging_mixin.py:188} INFO - [2024-10-29T17:10:59.459+0000] {dag.py:3954} INFO - Setting next_dagrun for example_skip_dag to 2024-10-28 00:00:00+00:00, run_after=2024-10-29 00:00:00+00:00
[2024-10-29T17:10:59.484+0000] {processor.py:183} INFO - Processing /home/airflow/.local/lib/python3.11/site-packages/airflow/example_dags/example_skip_dag.py took 0.100 seconds
[2024-10-29T17:11:29.970+0000] {processor.py:161} INFO - Started process (PID=1265) to work on /home/airflow/.local/lib/python3.11/site-packages/airflow/example_dags/example_skip_dag.py
[2024-10-29T17:11:29.970+0000] {processor.py:830} INFO - Processing file /home/airflow/.local/lib/python3.11/site-packages/airflow/example_dags/example_skip_dag.py for tasks to queue
[2024-10-29T17:11:29.972+0000] {logging_mixin.py:188} INFO - [2024-10-29T17:11:29.972+0000] {dagbag.py:545} INFO - Filling up the DagBag from /home/airflow/.local/lib/python3.11/site-packages/airflow/example_dags/example_skip_dag.py
[2024-10-29T17:11:29.977+0000] {processor.py:840} INFO - DAG(s) 'example_skip_dag' retrieved from /home/airflow/.local/lib/python3.11/site-packages/airflow/example_dags/example_skip_dag.py
[2024-10-29T17:11:29.996+0000] {logging_mixin.py:188} INFO - [2024-10-29T17:11:29.996+0000] {dag.py:3096} INFO - Sync 1 DAGs
[2024-10-29T17:11:30.016+0000] {logging_mixin.py:188} INFO - [2024-10-29T17:11:30.016+0000] {dag.py:3954} INFO - Setting next_dagrun for example_skip_dag to 2024-10-28 00:00:00+00:00, run_after=2024-10-29 00:00:00+00:00
[2024-10-29T17:11:30.036+0000] {processor.py:183} INFO - Processing /home/airflow/.local/lib/python3.11/site-packages/airflow/example_dags/example_skip_dag.py took 0.071 seconds
[2024-10-29T17:12:00.815+0000] {processor.py:161} INFO - Started process (PID=1531) to work on /home/airflow/.local/lib/python3.11/site-packages/airflow/example_dags/example_skip_dag.py
[2024-10-29T17:12:00.816+0000] {processor.py:830} INFO - Processing file /home/airflow/.local/lib/python3.11/site-packages/airflow/example_dags/example_skip_dag.py for tasks to queue
[2024-10-29T17:12:00.818+0000] {logging_mixin.py:188} INFO - [2024-10-29T17:12:00.817+0000] {dagbag.py:545} INFO - Filling up the DagBag from /home/airflow/.local/lib/python3.11/site-packages/airflow/example_dags/example_skip_dag.py
[2024-10-29T17:12:00.824+0000] {processor.py:840} INFO - DAG(s) 'example_skip_dag' retrieved from /home/airflow/.local/lib/python3.11/site-packages/airflow/example_dags/example_skip_dag.py
[2024-10-29T17:12:00.843+0000] {logging_mixin.py:188} INFO - [2024-10-29T17:12:00.843+0000] {dag.py:3096} INFO - Sync 1 DAGs
[2024-10-29T17:12:00.862+0000] {logging_mixin.py:188} INFO - [2024-10-29T17:12:00.862+0000] {dag.py:3954} INFO - Setting next_dagrun for example_skip_dag to 2024-10-28 00:00:00+00:00, run_after=2024-10-29 00:00:00+00:00
[2024-10-29T17:12:00.879+0000] {processor.py:183} INFO - Processing /home/airflow/.local/lib/python3.11/site-packages/airflow/example_dags/example_skip_dag.py took 0.069 seconds
[2024-10-29T17:12:31.316+0000] {processor.py:161} INFO - Started process (PID=1795) to work on /home/airflow/.local/lib/python3.11/site-packages/airflow/example_dags/example_skip_dag.py
[2024-10-29T17:12:31.317+0000] {processor.py:830} INFO - Processing file /home/airflow/.local/lib/python3.11/site-packages/airflow/example_dags/example_skip_dag.py for tasks to queue
[2024-10-29T17:12:31.319+0000] {logging_mixin.py:188} INFO - [2024-10-29T17:12:31.318+0000] {dagbag.py:545} INFO - Filling up the DagBag from /home/airflow/.local/lib/python3.11/site-packages/airflow/example_dags/example_skip_dag.py
[2024-10-29T17:12:31.325+0000] {processor.py:840} INFO - DAG(s) 'example_skip_dag' retrieved from /home/airflow/.local/lib/python3.11/site-packages/airflow/example_dags/example_skip_dag.py
[2024-10-29T17:12:31.350+0000] {logging_mixin.py:188} INFO - [2024-10-29T17:12:31.350+0000] {dag.py:3096} INFO - Sync 1 DAGs
[2024-10-29T17:12:31.371+0000] {logging_mixin.py:188} INFO - [2024-10-29T17:12:31.371+0000] {dag.py:3954} INFO - Setting next_dagrun for example_skip_dag to 2024-10-28 00:00:00+00:00, run_after=2024-10-29 00:00:00+00:00
[2024-10-29T17:12:31.395+0000] {processor.py:183} INFO - Processing /home/airflow/.local/lib/python3.11/site-packages/airflow/example_dags/example_skip_dag.py took 0.084 seconds
