[2024-10-29T17:02:13.646+0000] {processor.py:161} INFO - Started process (PID=181) to work on /home/airflow/.local/lib/python3.11/site-packages/airflow/example_dags/example_datasets.py
[2024-10-29T17:02:13.647+0000] {processor.py:830} INFO - Processing file /home/airflow/.local/lib/python3.11/site-packages/airflow/example_dags/example_datasets.py for tasks to queue
[2024-10-29T17:02:13.649+0000] {logging_mixin.py:188} INFO - [2024-10-29T17:02:13.649+0000] {dagbag.py:545} INFO - Filling up the DagBag from /home/airflow/.local/lib/python3.11/site-packages/airflow/example_dags/example_datasets.py
[2024-10-29T17:02:13.700+0000] {processor.py:840} INFO - DAG(s) 'consume_1_or_2_with_dataset_expressions', 'dataset_consumes_1_never_scheduled', 'consume_1_and_2_with_dataset_expressions', 'dataset_produces_2', 'dataset_consumes_unknown_never_scheduled', 'conditional_dataset_and_time_based_timetable', 'consume_1_or_both_2_and_3_with_dataset_expressions', 'dataset_produces_1', 'dataset_consumes_1', 'dataset_consumes_1_and_2' retrieved from /home/airflow/.local/lib/python3.11/site-packages/airflow/example_dags/example_datasets.py
[2024-10-29T17:02:14.138+0000] {logging_mixin.py:188} INFO - [2024-10-29T17:02:13.914+0000] {override.py:1829} INFO - Created Permission View: can edit on DAG:consume_1_or_2_with_dataset_expressions
[2024-10-29T17:02:14.208+0000] {logging_mixin.py:188} INFO - [2024-10-29T17:02:14.208+0000] {override.py:1829} INFO - Created Permission View: can delete on DAG:consume_1_or_2_with_dataset_expressions
[2024-10-29T17:02:14.226+0000] {logging_mixin.py:188} INFO - [2024-10-29T17:02:14.226+0000] {override.py:1829} INFO - Created Permission View: can read on DAG:consume_1_or_2_with_dataset_expressions
[2024-10-29T17:02:14.243+0000] {logging_mixin.py:188} INFO - [2024-10-29T17:02:14.242+0000] {override.py:1829} INFO - Created Permission View: can edit on DAG:dataset_consumes_1_never_scheduled
[2024-10-29T17:02:14.250+0000] {logging_mixin.py:188} INFO - [2024-10-29T17:02:14.249+0000] {override.py:1829} INFO - Created Permission View: can delete on DAG:dataset_consumes_1_never_scheduled
[2024-10-29T17:02:14.261+0000] {logging_mixin.py:188} INFO - [2024-10-29T17:02:14.260+0000] {override.py:1829} INFO - Created Permission View: can read on DAG:dataset_consumes_1_never_scheduled
[2024-10-29T17:02:14.277+0000] {logging_mixin.py:188} INFO - [2024-10-29T17:02:14.277+0000] {override.py:1829} INFO - Created Permission View: can edit on DAG:consume_1_and_2_with_dataset_expressions
[2024-10-29T17:02:14.285+0000] {logging_mixin.py:188} INFO - [2024-10-29T17:02:14.285+0000] {override.py:1829} INFO - Created Permission View: can delete on DAG:consume_1_and_2_with_dataset_expressions
[2024-10-29T17:02:14.292+0000] {logging_mixin.py:188} INFO - [2024-10-29T17:02:14.291+0000] {override.py:1829} INFO - Created Permission View: can read on DAG:consume_1_and_2_with_dataset_expressions
[2024-10-29T17:02:14.308+0000] {logging_mixin.py:188} INFO - [2024-10-29T17:02:14.307+0000] {override.py:1829} INFO - Created Permission View: can edit on DAG:dataset_produces_2
[2024-10-29T17:02:14.316+0000] {logging_mixin.py:188} INFO - [2024-10-29T17:02:14.316+0000] {override.py:1829} INFO - Created Permission View: can delete on DAG:dataset_produces_2
[2024-10-29T17:02:14.324+0000] {logging_mixin.py:188} INFO - [2024-10-29T17:02:14.324+0000] {override.py:1829} INFO - Created Permission View: can read on DAG:dataset_produces_2
[2024-10-29T17:02:14.341+0000] {logging_mixin.py:188} INFO - [2024-10-29T17:02:14.341+0000] {override.py:1829} INFO - Created Permission View: can edit on DAG:dataset_consumes_unknown_never_scheduled
[2024-10-29T17:02:14.351+0000] {logging_mixin.py:188} INFO - [2024-10-29T17:02:14.351+0000] {override.py:1829} INFO - Created Permission View: can delete on DAG:dataset_consumes_unknown_never_scheduled
[2024-10-29T17:02:14.360+0000] {logging_mixin.py:188} INFO - [2024-10-29T17:02:14.360+0000] {override.py:1829} INFO - Created Permission View: can read on DAG:dataset_consumes_unknown_never_scheduled
[2024-10-29T17:02:14.376+0000] {logging_mixin.py:188} INFO - [2024-10-29T17:02:14.376+0000] {override.py:1829} INFO - Created Permission View: can edit on DAG:conditional_dataset_and_time_based_timetable
[2024-10-29T17:02:14.385+0000] {logging_mixin.py:188} INFO - [2024-10-29T17:02:14.385+0000] {override.py:1829} INFO - Created Permission View: can delete on DAG:conditional_dataset_and_time_based_timetable
[2024-10-29T17:02:14.394+0000] {logging_mixin.py:188} INFO - [2024-10-29T17:02:14.393+0000] {override.py:1829} INFO - Created Permission View: can read on DAG:conditional_dataset_and_time_based_timetable
[2024-10-29T17:02:14.409+0000] {logging_mixin.py:188} INFO - [2024-10-29T17:02:14.409+0000] {override.py:1829} INFO - Created Permission View: can edit on DAG:consume_1_or_both_2_and_3_with_dataset_expressions
[2024-10-29T17:02:14.417+0000] {logging_mixin.py:188} INFO - [2024-10-29T17:02:14.417+0000] {override.py:1829} INFO - Created Permission View: can delete on DAG:consume_1_or_both_2_and_3_with_dataset_expressions
[2024-10-29T17:02:14.426+0000] {logging_mixin.py:188} INFO - [2024-10-29T17:02:14.425+0000] {override.py:1829} INFO - Created Permission View: can read on DAG:consume_1_or_both_2_and_3_with_dataset_expressions
[2024-10-29T17:02:14.442+0000] {logging_mixin.py:188} INFO - [2024-10-29T17:02:14.442+0000] {override.py:1829} INFO - Created Permission View: can edit on DAG:dataset_produces_1
[2024-10-29T17:02:14.450+0000] {logging_mixin.py:188} INFO - [2024-10-29T17:02:14.450+0000] {override.py:1829} INFO - Created Permission View: can delete on DAG:dataset_produces_1
[2024-10-29T17:02:14.459+0000] {logging_mixin.py:188} INFO - [2024-10-29T17:02:14.458+0000] {override.py:1829} INFO - Created Permission View: can read on DAG:dataset_produces_1
[2024-10-29T17:02:14.473+0000] {logging_mixin.py:188} INFO - [2024-10-29T17:02:14.473+0000] {override.py:1829} INFO - Created Permission View: can edit on DAG:dataset_consumes_1
[2024-10-29T17:02:14.481+0000] {logging_mixin.py:188} INFO - [2024-10-29T17:02:14.481+0000] {override.py:1829} INFO - Created Permission View: can delete on DAG:dataset_consumes_1
[2024-10-29T17:02:14.490+0000] {logging_mixin.py:188} INFO - [2024-10-29T17:02:14.489+0000] {override.py:1829} INFO - Created Permission View: can read on DAG:dataset_consumes_1
[2024-10-29T17:02:14.508+0000] {logging_mixin.py:188} INFO - [2024-10-29T17:02:14.507+0000] {override.py:1829} INFO - Created Permission View: can edit on DAG:dataset_consumes_1_and_2
[2024-10-29T17:02:14.515+0000] {logging_mixin.py:188} INFO - [2024-10-29T17:02:14.514+0000] {override.py:1829} INFO - Created Permission View: can delete on DAG:dataset_consumes_1_and_2
[2024-10-29T17:02:14.522+0000] {logging_mixin.py:188} INFO - [2024-10-29T17:02:14.521+0000] {override.py:1829} INFO - Created Permission View: can read on DAG:dataset_consumes_1_and_2
[2024-10-29T17:02:14.522+0000] {logging_mixin.py:188} INFO - [2024-10-29T17:02:14.522+0000] {dag.py:3096} INFO - Sync 10 DAGs
[2024-10-29T17:02:14.531+0000] {logging_mixin.py:188} INFO - [2024-10-29T17:02:14.530+0000] {dag.py:3118} INFO - Creating ORM DAG for consume_1_and_2_with_dataset_expressions
[2024-10-29T17:02:14.531+0000] {logging_mixin.py:188} INFO - [2024-10-29T17:02:14.531+0000] {dag.py:3118} INFO - Creating ORM DAG for dataset_consumes_unknown_never_scheduled
[2024-10-29T17:02:14.532+0000] {logging_mixin.py:188} INFO - [2024-10-29T17:02:14.532+0000] {dag.py:3118} INFO - Creating ORM DAG for dataset_consumes_1_never_scheduled
[2024-10-29T17:02:14.533+0000] {logging_mixin.py:188} INFO - [2024-10-29T17:02:14.533+0000] {dag.py:3118} INFO - Creating ORM DAG for dataset_produces_2
[2024-10-29T17:02:14.534+0000] {logging_mixin.py:188} INFO - [2024-10-29T17:02:14.533+0000] {dag.py:3118} INFO - Creating ORM DAG for consume_1_or_both_2_and_3_with_dataset_expressions
[2024-10-29T17:02:14.534+0000] {logging_mixin.py:188} INFO - [2024-10-29T17:02:14.534+0000] {dag.py:3118} INFO - Creating ORM DAG for dataset_consumes_1_and_2
[2024-10-29T17:02:14.535+0000] {logging_mixin.py:188} INFO - [2024-10-29T17:02:14.535+0000] {dag.py:3118} INFO - Creating ORM DAG for dataset_produces_1
[2024-10-29T17:02:14.536+0000] {logging_mixin.py:188} INFO - [2024-10-29T17:02:14.536+0000] {dag.py:3118} INFO - Creating ORM DAG for consume_1_or_2_with_dataset_expressions
[2024-10-29T17:02:14.537+0000] {logging_mixin.py:188} INFO - [2024-10-29T17:02:14.536+0000] {dag.py:3118} INFO - Creating ORM DAG for conditional_dataset_and_time_based_timetable
[2024-10-29T17:02:14.537+0000] {logging_mixin.py:188} INFO - [2024-10-29T17:02:14.537+0000] {dag.py:3118} INFO - Creating ORM DAG for dataset_consumes_1
[2024-10-29T17:02:14.548+0000] {logging_mixin.py:188} INFO - [2024-10-29T17:02:14.548+0000] {dag.py:3954} INFO - Setting next_dagrun for conditional_dataset_and_time_based_timetable to 2024-10-23 01:00:00+00:00, run_after=2024-10-23 01:00:00+00:00
[2024-10-29T17:02:14.549+0000] {logging_mixin.py:188} INFO - [2024-10-29T17:02:14.549+0000] {dag.py:3954} INFO - Setting next_dagrun for consume_1_and_2_with_dataset_expressions to None, run_after=None
[2024-10-29T17:02:14.549+0000] {logging_mixin.py:188} INFO - [2024-10-29T17:02:14.549+0000] {dag.py:3954} INFO - Setting next_dagrun for consume_1_or_2_with_dataset_expressions to None, run_after=None
[2024-10-29T17:02:14.550+0000] {logging_mixin.py:188} INFO - [2024-10-29T17:02:14.550+0000] {dag.py:3954} INFO - Setting next_dagrun for consume_1_or_both_2_and_3_with_dataset_expressions to None, run_after=None
[2024-10-29T17:02:14.550+0000] {logging_mixin.py:188} INFO - [2024-10-29T17:02:14.550+0000] {dag.py:3954} INFO - Setting next_dagrun for dataset_consumes_1 to None, run_after=None
[2024-10-29T17:02:14.551+0000] {logging_mixin.py:188} INFO - [2024-10-29T17:02:14.551+0000] {dag.py:3954} INFO - Setting next_dagrun for dataset_consumes_1_and_2 to None, run_after=None
[2024-10-29T17:02:14.552+0000] {logging_mixin.py:188} INFO - [2024-10-29T17:02:14.551+0000] {dag.py:3954} INFO - Setting next_dagrun for dataset_consumes_1_never_scheduled to None, run_after=None
[2024-10-29T17:02:14.552+0000] {logging_mixin.py:188} INFO - [2024-10-29T17:02:14.552+0000] {dag.py:3954} INFO - Setting next_dagrun for dataset_consumes_unknown_never_scheduled to None, run_after=None
[2024-10-29T17:02:14.553+0000] {logging_mixin.py:188} INFO - [2024-10-29T17:02:14.553+0000] {dag.py:3954} INFO - Setting next_dagrun for dataset_produces_1 to 2024-10-28 00:00:00+00:00, run_after=2024-10-29 00:00:00+00:00
[2024-10-29T17:02:14.554+0000] {logging_mixin.py:188} INFO - [2024-10-29T17:02:14.554+0000] {dag.py:3954} INFO - Setting next_dagrun for dataset_produces_2 to None, run_after=None
[2024-10-29T17:02:14.595+0000] {processor.py:183} INFO - Processing /home/airflow/.local/lib/python3.11/site-packages/airflow/example_dags/example_datasets.py took 0.962 seconds
[2024-10-29T17:02:44.854+0000] {processor.py:161} INFO - Started process (PID=453) to work on /home/airflow/.local/lib/python3.11/site-packages/airflow/example_dags/example_datasets.py
[2024-10-29T17:02:44.862+0000] {processor.py:830} INFO - Processing file /home/airflow/.local/lib/python3.11/site-packages/airflow/example_dags/example_datasets.py for tasks to queue
[2024-10-29T17:02:44.869+0000] {logging_mixin.py:188} INFO - [2024-10-29T17:02:44.868+0000] {dagbag.py:545} INFO - Filling up the DagBag from /home/airflow/.local/lib/python3.11/site-packages/airflow/example_dags/example_datasets.py
[2024-10-29T17:02:44.987+0000] {processor.py:840} INFO - DAG(s) 'dataset_consumes_1', 'dataset_consumes_unknown_never_scheduled', 'dataset_consumes_1_and_2', 'dataset_produces_1', 'dataset_consumes_1_never_scheduled', 'conditional_dataset_and_time_based_timetable', 'consume_1_and_2_with_dataset_expressions', 'consume_1_or_both_2_and_3_with_dataset_expressions', 'consume_1_or_2_with_dataset_expressions', 'dataset_produces_2' retrieved from /home/airflow/.local/lib/python3.11/site-packages/airflow/example_dags/example_datasets.py
[2024-10-29T17:02:45.121+0000] {logging_mixin.py:188} INFO - [2024-10-29T17:02:45.120+0000] {dag.py:3096} INFO - Sync 10 DAGs
[2024-10-29T17:02:45.176+0000] {logging_mixin.py:188} INFO - [2024-10-29T17:02:45.176+0000] {dag.py:3954} INFO - Setting next_dagrun for conditional_dataset_and_time_based_timetable to 2024-10-23 01:00:00+00:00, run_after=2024-10-23 01:00:00+00:00
[2024-10-29T17:02:45.190+0000] {logging_mixin.py:188} INFO - [2024-10-29T17:02:45.190+0000] {dag.py:3954} INFO - Setting next_dagrun for consume_1_and_2_with_dataset_expressions to None, run_after=None
[2024-10-29T17:02:45.195+0000] {logging_mixin.py:188} INFO - [2024-10-29T17:02:45.194+0000] {dag.py:3954} INFO - Setting next_dagrun for consume_1_or_2_with_dataset_expressions to None, run_after=None
[2024-10-29T17:02:45.197+0000] {logging_mixin.py:188} INFO - [2024-10-29T17:02:45.197+0000] {dag.py:3954} INFO - Setting next_dagrun for consume_1_or_both_2_and_3_with_dataset_expressions to None, run_after=None
[2024-10-29T17:02:45.200+0000] {logging_mixin.py:188} INFO - [2024-10-29T17:02:45.200+0000] {dag.py:3954} INFO - Setting next_dagrun for dataset_consumes_1 to None, run_after=None
[2024-10-29T17:02:45.204+0000] {logging_mixin.py:188} INFO - [2024-10-29T17:02:45.203+0000] {dag.py:3954} INFO - Setting next_dagrun for dataset_consumes_1_and_2 to None, run_after=None
[2024-10-29T17:02:45.206+0000] {logging_mixin.py:188} INFO - [2024-10-29T17:02:45.206+0000] {dag.py:3954} INFO - Setting next_dagrun for dataset_consumes_1_never_scheduled to None, run_after=None
[2024-10-29T17:02:45.208+0000] {logging_mixin.py:188} INFO - [2024-10-29T17:02:45.208+0000] {dag.py:3954} INFO - Setting next_dagrun for dataset_consumes_unknown_never_scheduled to None, run_after=None
[2024-10-29T17:02:45.213+0000] {logging_mixin.py:188} INFO - [2024-10-29T17:02:45.213+0000] {dag.py:3954} INFO - Setting next_dagrun for dataset_produces_1 to 2024-10-28 00:00:00+00:00, run_after=2024-10-29 00:00:00+00:00
[2024-10-29T17:02:45.216+0000] {logging_mixin.py:188} INFO - [2024-10-29T17:02:45.216+0000] {dag.py:3954} INFO - Setting next_dagrun for dataset_produces_2 to None, run_after=None
[2024-10-29T17:02:45.333+0000] {processor.py:183} INFO - Processing /home/airflow/.local/lib/python3.11/site-packages/airflow/example_dags/example_datasets.py took 0.543 seconds
[2024-10-29T17:03:16.225+0000] {processor.py:161} INFO - Started process (PID=717) to work on /home/airflow/.local/lib/python3.11/site-packages/airflow/example_dags/example_datasets.py
[2024-10-29T17:03:16.226+0000] {processor.py:830} INFO - Processing file /home/airflow/.local/lib/python3.11/site-packages/airflow/example_dags/example_datasets.py for tasks to queue
[2024-10-29T17:03:16.228+0000] {logging_mixin.py:188} INFO - [2024-10-29T17:03:16.227+0000] {dagbag.py:545} INFO - Filling up the DagBag from /home/airflow/.local/lib/python3.11/site-packages/airflow/example_dags/example_datasets.py
[2024-10-29T17:03:16.244+0000] {processor.py:840} INFO - DAG(s) 'conditional_dataset_and_time_based_timetable', 'consume_1_or_2_with_dataset_expressions', 'dataset_produces_1', 'dataset_consumes_unknown_never_scheduled', 'dataset_consumes_1_and_2', 'consume_1_and_2_with_dataset_expressions', 'dataset_consumes_1', 'dataset_consumes_1_never_scheduled', 'consume_1_or_both_2_and_3_with_dataset_expressions', 'dataset_produces_2' retrieved from /home/airflow/.local/lib/python3.11/site-packages/airflow/example_dags/example_datasets.py
[2024-10-29T17:03:16.294+0000] {logging_mixin.py:188} INFO - [2024-10-29T17:03:16.294+0000] {dag.py:3096} INFO - Sync 10 DAGs
[2024-10-29T17:03:16.323+0000] {logging_mixin.py:188} INFO - [2024-10-29T17:03:16.322+0000] {dag.py:3954} INFO - Setting next_dagrun for conditional_dataset_and_time_based_timetable to 2024-10-23 01:00:00+00:00, run_after=2024-10-23 01:00:00+00:00
[2024-10-29T17:03:16.328+0000] {logging_mixin.py:188} INFO - [2024-10-29T17:03:16.328+0000] {dag.py:3954} INFO - Setting next_dagrun for consume_1_and_2_with_dataset_expressions to None, run_after=None
[2024-10-29T17:03:16.331+0000] {logging_mixin.py:188} INFO - [2024-10-29T17:03:16.331+0000] {dag.py:3954} INFO - Setting next_dagrun for consume_1_or_2_with_dataset_expressions to None, run_after=None
[2024-10-29T17:03:16.334+0000] {logging_mixin.py:188} INFO - [2024-10-29T17:03:16.333+0000] {dag.py:3954} INFO - Setting next_dagrun for consume_1_or_both_2_and_3_with_dataset_expressions to None, run_after=None
[2024-10-29T17:03:16.336+0000] {logging_mixin.py:188} INFO - [2024-10-29T17:03:16.336+0000] {dag.py:3954} INFO - Setting next_dagrun for dataset_consumes_1 to None, run_after=None
[2024-10-29T17:03:16.339+0000] {logging_mixin.py:188} INFO - [2024-10-29T17:03:16.339+0000] {dag.py:3954} INFO - Setting next_dagrun for dataset_consumes_1_and_2 to None, run_after=None
[2024-10-29T17:03:16.343+0000] {logging_mixin.py:188} INFO - [2024-10-29T17:03:16.342+0000] {dag.py:3954} INFO - Setting next_dagrun for dataset_consumes_1_never_scheduled to None, run_after=None
[2024-10-29T17:03:16.345+0000] {logging_mixin.py:188} INFO - [2024-10-29T17:03:16.345+0000] {dag.py:3954} INFO - Setting next_dagrun for dataset_consumes_unknown_never_scheduled to None, run_after=None
[2024-10-29T17:03:16.350+0000] {logging_mixin.py:188} INFO - [2024-10-29T17:03:16.349+0000] {dag.py:3954} INFO - Setting next_dagrun for dataset_produces_1 to 2024-10-28 00:00:00+00:00, run_after=2024-10-29 00:00:00+00:00
[2024-10-29T17:03:16.352+0000] {logging_mixin.py:188} INFO - [2024-10-29T17:03:16.352+0000] {dag.py:3954} INFO - Setting next_dagrun for dataset_produces_2 to None, run_after=None
[2024-10-29T17:03:16.398+0000] {processor.py:183} INFO - Processing /home/airflow/.local/lib/python3.11/site-packages/airflow/example_dags/example_datasets.py took 0.179 seconds
[2024-10-29T17:03:46.547+0000] {processor.py:161} INFO - Started process (PID=980) to work on /home/airflow/.local/lib/python3.11/site-packages/airflow/example_dags/example_datasets.py
[2024-10-29T17:03:46.549+0000] {processor.py:830} INFO - Processing file /home/airflow/.local/lib/python3.11/site-packages/airflow/example_dags/example_datasets.py for tasks to queue
[2024-10-29T17:03:46.551+0000] {logging_mixin.py:188} INFO - [2024-10-29T17:03:46.550+0000] {dagbag.py:545} INFO - Filling up the DagBag from /home/airflow/.local/lib/python3.11/site-packages/airflow/example_dags/example_datasets.py
[2024-10-29T17:03:46.570+0000] {processor.py:840} INFO - DAG(s) 'dataset_produces_2', 'consume_1_or_both_2_and_3_with_dataset_expressions', 'dataset_consumes_1_never_scheduled', 'dataset_consumes_unknown_never_scheduled', 'dataset_consumes_1', 'consume_1_or_2_with_dataset_expressions', 'dataset_produces_1', 'consume_1_and_2_with_dataset_expressions', 'conditional_dataset_and_time_based_timetable', 'dataset_consumes_1_and_2' retrieved from /home/airflow/.local/lib/python3.11/site-packages/airflow/example_dags/example_datasets.py
[2024-10-29T17:03:46.670+0000] {logging_mixin.py:188} INFO - [2024-10-29T17:03:46.670+0000] {dag.py:3096} INFO - Sync 10 DAGs
[2024-10-29T17:03:46.718+0000] {logging_mixin.py:188} INFO - [2024-10-29T17:03:46.718+0000] {dag.py:3954} INFO - Setting next_dagrun for conditional_dataset_and_time_based_timetable to 2024-10-23 01:00:00+00:00, run_after=2024-10-23 01:00:00+00:00
[2024-10-29T17:03:46.729+0000] {logging_mixin.py:188} INFO - [2024-10-29T17:03:46.729+0000] {dag.py:3954} INFO - Setting next_dagrun for consume_1_and_2_with_dataset_expressions to None, run_after=None
[2024-10-29T17:03:46.736+0000] {logging_mixin.py:188} INFO - [2024-10-29T17:03:46.736+0000] {dag.py:3954} INFO - Setting next_dagrun for consume_1_or_2_with_dataset_expressions to None, run_after=None
[2024-10-29T17:03:46.740+0000] {logging_mixin.py:188} INFO - [2024-10-29T17:03:46.740+0000] {dag.py:3954} INFO - Setting next_dagrun for consume_1_or_both_2_and_3_with_dataset_expressions to None, run_after=None
[2024-10-29T17:03:46.745+0000] {logging_mixin.py:188} INFO - [2024-10-29T17:03:46.744+0000] {dag.py:3954} INFO - Setting next_dagrun for dataset_consumes_1 to None, run_after=None
[2024-10-29T17:03:46.749+0000] {logging_mixin.py:188} INFO - [2024-10-29T17:03:46.748+0000] {dag.py:3954} INFO - Setting next_dagrun for dataset_consumes_1_and_2 to None, run_after=None
[2024-10-29T17:03:46.753+0000] {logging_mixin.py:188} INFO - [2024-10-29T17:03:46.753+0000] {dag.py:3954} INFO - Setting next_dagrun for dataset_consumes_1_never_scheduled to None, run_after=None
[2024-10-29T17:03:46.761+0000] {logging_mixin.py:188} INFO - [2024-10-29T17:03:46.760+0000] {dag.py:3954} INFO - Setting next_dagrun for dataset_consumes_unknown_never_scheduled to None, run_after=None
[2024-10-29T17:03:46.767+0000] {logging_mixin.py:188} INFO - [2024-10-29T17:03:46.767+0000] {dag.py:3954} INFO - Setting next_dagrun for dataset_produces_1 to 2024-10-28 00:00:00+00:00, run_after=2024-10-29 00:00:00+00:00
[2024-10-29T17:03:46.771+0000] {logging_mixin.py:188} INFO - [2024-10-29T17:03:46.770+0000] {dag.py:3954} INFO - Setting next_dagrun for dataset_produces_2 to None, run_after=None
[2024-10-29T17:03:46.847+0000] {processor.py:183} INFO - Processing /home/airflow/.local/lib/python3.11/site-packages/airflow/example_dags/example_datasets.py took 0.306 seconds
[2024-10-29T17:04:17.082+0000] {processor.py:161} INFO - Started process (PID=1242) to work on /home/airflow/.local/lib/python3.11/site-packages/airflow/example_dags/example_datasets.py
[2024-10-29T17:04:17.084+0000] {processor.py:830} INFO - Processing file /home/airflow/.local/lib/python3.11/site-packages/airflow/example_dags/example_datasets.py for tasks to queue
[2024-10-29T17:04:17.085+0000] {logging_mixin.py:188} INFO - [2024-10-29T17:04:17.085+0000] {dagbag.py:545} INFO - Filling up the DagBag from /home/airflow/.local/lib/python3.11/site-packages/airflow/example_dags/example_datasets.py
[2024-10-29T17:04:17.108+0000] {processor.py:840} INFO - DAG(s) 'dataset_produces_2', 'dataset_consumes_1_and_2', 'consume_1_and_2_with_dataset_expressions', 'dataset_consumes_1_never_scheduled', 'consume_1_or_2_with_dataset_expressions', 'consume_1_or_both_2_and_3_with_dataset_expressions', 'dataset_consumes_1', 'conditional_dataset_and_time_based_timetable', 'dataset_consumes_unknown_never_scheduled', 'dataset_produces_1' retrieved from /home/airflow/.local/lib/python3.11/site-packages/airflow/example_dags/example_datasets.py
[2024-10-29T17:04:17.168+0000] {logging_mixin.py:188} INFO - [2024-10-29T17:04:17.168+0000] {dag.py:3096} INFO - Sync 10 DAGs
[2024-10-29T17:04:17.200+0000] {logging_mixin.py:188} INFO - [2024-10-29T17:04:17.200+0000] {dag.py:3954} INFO - Setting next_dagrun for conditional_dataset_and_time_based_timetable to 2024-10-23 01:00:00+00:00, run_after=2024-10-23 01:00:00+00:00
[2024-10-29T17:04:17.204+0000] {logging_mixin.py:188} INFO - [2024-10-29T17:04:17.203+0000] {dag.py:3954} INFO - Setting next_dagrun for consume_1_and_2_with_dataset_expressions to None, run_after=None
[2024-10-29T17:04:17.205+0000] {logging_mixin.py:188} INFO - [2024-10-29T17:04:17.205+0000] {dag.py:3954} INFO - Setting next_dagrun for consume_1_or_2_with_dataset_expressions to None, run_after=None
[2024-10-29T17:04:17.208+0000] {logging_mixin.py:188} INFO - [2024-10-29T17:04:17.208+0000] {dag.py:3954} INFO - Setting next_dagrun for consume_1_or_both_2_and_3_with_dataset_expressions to None, run_after=None
[2024-10-29T17:04:17.210+0000] {logging_mixin.py:188} INFO - [2024-10-29T17:04:17.210+0000] {dag.py:3954} INFO - Setting next_dagrun for dataset_consumes_1 to None, run_after=None
[2024-10-29T17:04:17.212+0000] {logging_mixin.py:188} INFO - [2024-10-29T17:04:17.212+0000] {dag.py:3954} INFO - Setting next_dagrun for dataset_consumes_1_and_2 to None, run_after=None
[2024-10-29T17:04:17.214+0000] {logging_mixin.py:188} INFO - [2024-10-29T17:04:17.213+0000] {dag.py:3954} INFO - Setting next_dagrun for dataset_consumes_1_never_scheduled to None, run_after=None
[2024-10-29T17:04:17.215+0000] {logging_mixin.py:188} INFO - [2024-10-29T17:04:17.215+0000] {dag.py:3954} INFO - Setting next_dagrun for dataset_consumes_unknown_never_scheduled to None, run_after=None
[2024-10-29T17:04:17.217+0000] {logging_mixin.py:188} INFO - [2024-10-29T17:04:17.217+0000] {dag.py:3954} INFO - Setting next_dagrun for dataset_produces_1 to 2024-10-28 00:00:00+00:00, run_after=2024-10-29 00:00:00+00:00
[2024-10-29T17:04:17.218+0000] {logging_mixin.py:188} INFO - [2024-10-29T17:04:17.218+0000] {dag.py:3954} INFO - Setting next_dagrun for dataset_produces_2 to None, run_after=None
[2024-10-29T17:04:17.252+0000] {processor.py:183} INFO - Processing /home/airflow/.local/lib/python3.11/site-packages/airflow/example_dags/example_datasets.py took 0.181 seconds
[2024-10-29T17:04:47.453+0000] {processor.py:161} INFO - Started process (PID=1504) to work on /home/airflow/.local/lib/python3.11/site-packages/airflow/example_dags/example_datasets.py
[2024-10-29T17:04:47.454+0000] {processor.py:830} INFO - Processing file /home/airflow/.local/lib/python3.11/site-packages/airflow/example_dags/example_datasets.py for tasks to queue
[2024-10-29T17:04:47.456+0000] {logging_mixin.py:188} INFO - [2024-10-29T17:04:47.455+0000] {dagbag.py:545} INFO - Filling up the DagBag from /home/airflow/.local/lib/python3.11/site-packages/airflow/example_dags/example_datasets.py
[2024-10-29T17:04:47.472+0000] {processor.py:840} INFO - DAG(s) 'dataset_consumes_1', 'dataset_consumes_unknown_never_scheduled', 'consume_1_and_2_with_dataset_expressions', 'conditional_dataset_and_time_based_timetable', 'consume_1_or_2_with_dataset_expressions', 'dataset_consumes_1_and_2', 'dataset_produces_2', 'dataset_produces_1', 'dataset_consumes_1_never_scheduled', 'consume_1_or_both_2_and_3_with_dataset_expressions' retrieved from /home/airflow/.local/lib/python3.11/site-packages/airflow/example_dags/example_datasets.py
[2024-10-29T17:04:47.533+0000] {logging_mixin.py:188} INFO - [2024-10-29T17:04:47.533+0000] {dag.py:3096} INFO - Sync 10 DAGs
[2024-10-29T17:04:47.561+0000] {logging_mixin.py:188} INFO - [2024-10-29T17:04:47.561+0000] {dag.py:3954} INFO - Setting next_dagrun for conditional_dataset_and_time_based_timetable to 2024-10-23 01:00:00+00:00, run_after=2024-10-23 01:00:00+00:00
[2024-10-29T17:04:47.565+0000] {logging_mixin.py:188} INFO - [2024-10-29T17:04:47.565+0000] {dag.py:3954} INFO - Setting next_dagrun for consume_1_and_2_with_dataset_expressions to None, run_after=None
[2024-10-29T17:04:47.567+0000] {logging_mixin.py:188} INFO - [2024-10-29T17:04:47.567+0000] {dag.py:3954} INFO - Setting next_dagrun for consume_1_or_2_with_dataset_expressions to None, run_after=None
[2024-10-29T17:04:47.570+0000] {logging_mixin.py:188} INFO - [2024-10-29T17:04:47.570+0000] {dag.py:3954} INFO - Setting next_dagrun for consume_1_or_both_2_and_3_with_dataset_expressions to None, run_after=None
[2024-10-29T17:04:47.572+0000] {logging_mixin.py:188} INFO - [2024-10-29T17:04:47.571+0000] {dag.py:3954} INFO - Setting next_dagrun for dataset_consumes_1 to None, run_after=None
[2024-10-29T17:04:47.575+0000] {logging_mixin.py:188} INFO - [2024-10-29T17:04:47.574+0000] {dag.py:3954} INFO - Setting next_dagrun for dataset_consumes_1_and_2 to None, run_after=None
[2024-10-29T17:04:47.577+0000] {logging_mixin.py:188} INFO - [2024-10-29T17:04:47.577+0000] {dag.py:3954} INFO - Setting next_dagrun for dataset_consumes_1_never_scheduled to None, run_after=None
[2024-10-29T17:04:47.579+0000] {logging_mixin.py:188} INFO - [2024-10-29T17:04:47.579+0000] {dag.py:3954} INFO - Setting next_dagrun for dataset_consumes_unknown_never_scheduled to None, run_after=None
[2024-10-29T17:04:47.582+0000] {logging_mixin.py:188} INFO - [2024-10-29T17:04:47.581+0000] {dag.py:3954} INFO - Setting next_dagrun for dataset_produces_1 to 2024-10-28 00:00:00+00:00, run_after=2024-10-29 00:00:00+00:00
[2024-10-29T17:04:47.583+0000] {logging_mixin.py:188} INFO - [2024-10-29T17:04:47.583+0000] {dag.py:3954} INFO - Setting next_dagrun for dataset_produces_2 to None, run_after=None
[2024-10-29T17:04:47.633+0000] {processor.py:183} INFO - Processing /home/airflow/.local/lib/python3.11/site-packages/airflow/example_dags/example_datasets.py took 0.186 seconds
[2024-10-29T17:05:17.773+0000] {processor.py:161} INFO - Started process (PID=1771) to work on /home/airflow/.local/lib/python3.11/site-packages/airflow/example_dags/example_datasets.py
[2024-10-29T17:05:17.774+0000] {processor.py:830} INFO - Processing file /home/airflow/.local/lib/python3.11/site-packages/airflow/example_dags/example_datasets.py for tasks to queue
[2024-10-29T17:05:17.775+0000] {logging_mixin.py:188} INFO - [2024-10-29T17:05:17.775+0000] {dagbag.py:545} INFO - Filling up the DagBag from /home/airflow/.local/lib/python3.11/site-packages/airflow/example_dags/example_datasets.py
[2024-10-29T17:05:17.788+0000] {processor.py:840} INFO - DAG(s) 'dataset_consumes_1_and_2', 'consume_1_and_2_with_dataset_expressions', 'dataset_produces_2', 'conditional_dataset_and_time_based_timetable', 'consume_1_or_both_2_and_3_with_dataset_expressions', 'dataset_consumes_unknown_never_scheduled', 'dataset_consumes_1_never_scheduled', 'consume_1_or_2_with_dataset_expressions', 'dataset_produces_1', 'dataset_consumes_1' retrieved from /home/airflow/.local/lib/python3.11/site-packages/airflow/example_dags/example_datasets.py
[2024-10-29T17:05:17.837+0000] {logging_mixin.py:188} INFO - [2024-10-29T17:05:17.837+0000] {dag.py:3096} INFO - Sync 10 DAGs
[2024-10-29T17:05:17.864+0000] {logging_mixin.py:188} INFO - [2024-10-29T17:05:17.863+0000] {dag.py:3954} INFO - Setting next_dagrun for conditional_dataset_and_time_based_timetable to 2024-10-23 01:00:00+00:00, run_after=2024-10-23 01:00:00+00:00
[2024-10-29T17:05:17.869+0000] {logging_mixin.py:188} INFO - [2024-10-29T17:05:17.869+0000] {dag.py:3954} INFO - Setting next_dagrun for consume_1_and_2_with_dataset_expressions to None, run_after=None
[2024-10-29T17:05:17.871+0000] {logging_mixin.py:188} INFO - [2024-10-29T17:05:17.871+0000] {dag.py:3954} INFO - Setting next_dagrun for consume_1_or_2_with_dataset_expressions to None, run_after=None
[2024-10-29T17:05:17.873+0000] {logging_mixin.py:188} INFO - [2024-10-29T17:05:17.873+0000] {dag.py:3954} INFO - Setting next_dagrun for consume_1_or_both_2_and_3_with_dataset_expressions to None, run_after=None
[2024-10-29T17:05:17.875+0000] {logging_mixin.py:188} INFO - [2024-10-29T17:05:17.875+0000] {dag.py:3954} INFO - Setting next_dagrun for dataset_consumes_1 to None, run_after=None
[2024-10-29T17:05:17.877+0000] {logging_mixin.py:188} INFO - [2024-10-29T17:05:17.876+0000] {dag.py:3954} INFO - Setting next_dagrun for dataset_consumes_1_and_2 to None, run_after=None
[2024-10-29T17:05:17.878+0000] {logging_mixin.py:188} INFO - [2024-10-29T17:05:17.878+0000] {dag.py:3954} INFO - Setting next_dagrun for dataset_consumes_1_never_scheduled to None, run_after=None
[2024-10-29T17:05:17.880+0000] {logging_mixin.py:188} INFO - [2024-10-29T17:05:17.880+0000] {dag.py:3954} INFO - Setting next_dagrun for dataset_consumes_unknown_never_scheduled to None, run_after=None
[2024-10-29T17:05:17.882+0000] {logging_mixin.py:188} INFO - [2024-10-29T17:05:17.882+0000] {dag.py:3954} INFO - Setting next_dagrun for dataset_produces_1 to 2024-10-28 00:00:00+00:00, run_after=2024-10-29 00:00:00+00:00
[2024-10-29T17:05:17.883+0000] {logging_mixin.py:188} INFO - [2024-10-29T17:05:17.883+0000] {dag.py:3954} INFO - Setting next_dagrun for dataset_produces_2 to None, run_after=None
[2024-10-29T17:05:17.916+0000] {processor.py:183} INFO - Processing /home/airflow/.local/lib/python3.11/site-packages/airflow/example_dags/example_datasets.py took 0.149 seconds
[2024-10-29T17:05:48.017+0000] {processor.py:161} INFO - Started process (PID=2038) to work on /home/airflow/.local/lib/python3.11/site-packages/airflow/example_dags/example_datasets.py
[2024-10-29T17:05:48.018+0000] {processor.py:830} INFO - Processing file /home/airflow/.local/lib/python3.11/site-packages/airflow/example_dags/example_datasets.py for tasks to queue
[2024-10-29T17:05:48.020+0000] {logging_mixin.py:188} INFO - [2024-10-29T17:05:48.020+0000] {dagbag.py:545} INFO - Filling up the DagBag from /home/airflow/.local/lib/python3.11/site-packages/airflow/example_dags/example_datasets.py
[2024-10-29T17:05:48.035+0000] {processor.py:840} INFO - DAG(s) 'consume_1_or_both_2_and_3_with_dataset_expressions', 'dataset_produces_1', 'conditional_dataset_and_time_based_timetable', 'dataset_consumes_1', 'consume_1_and_2_with_dataset_expressions', 'consume_1_or_2_with_dataset_expressions', 'dataset_consumes_1_and_2', 'dataset_consumes_unknown_never_scheduled', 'dataset_produces_2', 'dataset_consumes_1_never_scheduled' retrieved from /home/airflow/.local/lib/python3.11/site-packages/airflow/example_dags/example_datasets.py
[2024-10-29T17:05:48.086+0000] {logging_mixin.py:188} INFO - [2024-10-29T17:05:48.086+0000] {dag.py:3096} INFO - Sync 10 DAGs
[2024-10-29T17:05:48.111+0000] {logging_mixin.py:188} INFO - [2024-10-29T17:05:48.111+0000] {dag.py:3954} INFO - Setting next_dagrun for conditional_dataset_and_time_based_timetable to 2024-10-23 01:00:00+00:00, run_after=2024-10-23 01:00:00+00:00
[2024-10-29T17:05:48.115+0000] {logging_mixin.py:188} INFO - [2024-10-29T17:05:48.114+0000] {dag.py:3954} INFO - Setting next_dagrun for consume_1_and_2_with_dataset_expressions to None, run_after=None
[2024-10-29T17:05:48.117+0000] {logging_mixin.py:188} INFO - [2024-10-29T17:05:48.117+0000] {dag.py:3954} INFO - Setting next_dagrun for consume_1_or_2_with_dataset_expressions to None, run_after=None
[2024-10-29T17:05:48.123+0000] {logging_mixin.py:188} INFO - [2024-10-29T17:05:48.122+0000] {dag.py:3954} INFO - Setting next_dagrun for consume_1_or_both_2_and_3_with_dataset_expressions to None, run_after=None
[2024-10-29T17:05:48.125+0000] {logging_mixin.py:188} INFO - [2024-10-29T17:05:48.125+0000] {dag.py:3954} INFO - Setting next_dagrun for dataset_consumes_1 to None, run_after=None
[2024-10-29T17:05:48.127+0000] {logging_mixin.py:188} INFO - [2024-10-29T17:05:48.127+0000] {dag.py:3954} INFO - Setting next_dagrun for dataset_consumes_1_and_2 to None, run_after=None
[2024-10-29T17:05:48.130+0000] {logging_mixin.py:188} INFO - [2024-10-29T17:05:48.130+0000] {dag.py:3954} INFO - Setting next_dagrun for dataset_consumes_1_never_scheduled to None, run_after=None
[2024-10-29T17:05:48.132+0000] {logging_mixin.py:188} INFO - [2024-10-29T17:05:48.131+0000] {dag.py:3954} INFO - Setting next_dagrun for dataset_consumes_unknown_never_scheduled to None, run_after=None
[2024-10-29T17:05:48.134+0000] {logging_mixin.py:188} INFO - [2024-10-29T17:05:48.134+0000] {dag.py:3954} INFO - Setting next_dagrun for dataset_produces_1 to 2024-10-28 00:00:00+00:00, run_after=2024-10-29 00:00:00+00:00
[2024-10-29T17:05:48.137+0000] {logging_mixin.py:188} INFO - [2024-10-29T17:05:48.136+0000] {dag.py:3954} INFO - Setting next_dagrun for dataset_produces_2 to None, run_after=None
[2024-10-29T17:05:48.182+0000] {processor.py:183} INFO - Processing /home/airflow/.local/lib/python3.11/site-packages/airflow/example_dags/example_datasets.py took 0.172 seconds
[2024-10-29T17:06:18.254+0000] {processor.py:161} INFO - Started process (PID=2305) to work on /home/airflow/.local/lib/python3.11/site-packages/airflow/example_dags/example_datasets.py
[2024-10-29T17:06:18.255+0000] {processor.py:830} INFO - Processing file /home/airflow/.local/lib/python3.11/site-packages/airflow/example_dags/example_datasets.py for tasks to queue
[2024-10-29T17:06:18.257+0000] {logging_mixin.py:188} INFO - [2024-10-29T17:06:18.256+0000] {dagbag.py:545} INFO - Filling up the DagBag from /home/airflow/.local/lib/python3.11/site-packages/airflow/example_dags/example_datasets.py
[2024-10-29T17:06:18.269+0000] {processor.py:840} INFO - DAG(s) 'dataset_produces_1', 'consume_1_and_2_with_dataset_expressions', 'dataset_produces_2', 'dataset_consumes_1_and_2', 'conditional_dataset_and_time_based_timetable', 'dataset_consumes_1_never_scheduled', 'consume_1_or_both_2_and_3_with_dataset_expressions', 'dataset_consumes_unknown_never_scheduled', 'consume_1_or_2_with_dataset_expressions', 'dataset_consumes_1' retrieved from /home/airflow/.local/lib/python3.11/site-packages/airflow/example_dags/example_datasets.py
[2024-10-29T17:06:18.308+0000] {logging_mixin.py:188} INFO - [2024-10-29T17:06:18.308+0000] {dag.py:3096} INFO - Sync 10 DAGs
[2024-10-29T17:06:18.327+0000] {logging_mixin.py:188} INFO - [2024-10-29T17:06:18.327+0000] {dag.py:3954} INFO - Setting next_dagrun for conditional_dataset_and_time_based_timetable to 2024-10-23 01:00:00+00:00, run_after=2024-10-23 01:00:00+00:00
[2024-10-29T17:06:18.330+0000] {logging_mixin.py:188} INFO - [2024-10-29T17:06:18.330+0000] {dag.py:3954} INFO - Setting next_dagrun for consume_1_and_2_with_dataset_expressions to None, run_after=None
[2024-10-29T17:06:18.332+0000] {logging_mixin.py:188} INFO - [2024-10-29T17:06:18.332+0000] {dag.py:3954} INFO - Setting next_dagrun for consume_1_or_2_with_dataset_expressions to None, run_after=None
[2024-10-29T17:06:18.333+0000] {logging_mixin.py:188} INFO - [2024-10-29T17:06:18.333+0000] {dag.py:3954} INFO - Setting next_dagrun for consume_1_or_both_2_and_3_with_dataset_expressions to None, run_after=None
[2024-10-29T17:06:18.334+0000] {logging_mixin.py:188} INFO - [2024-10-29T17:06:18.334+0000] {dag.py:3954} INFO - Setting next_dagrun for dataset_consumes_1 to None, run_after=None
[2024-10-29T17:06:18.336+0000] {logging_mixin.py:188} INFO - [2024-10-29T17:06:18.336+0000] {dag.py:3954} INFO - Setting next_dagrun for dataset_consumes_1_and_2 to None, run_after=None
[2024-10-29T17:06:18.337+0000] {logging_mixin.py:188} INFO - [2024-10-29T17:06:18.337+0000] {dag.py:3954} INFO - Setting next_dagrun for dataset_consumes_1_never_scheduled to None, run_after=None
[2024-10-29T17:06:18.338+0000] {logging_mixin.py:188} INFO - [2024-10-29T17:06:18.338+0000] {dag.py:3954} INFO - Setting next_dagrun for dataset_consumes_unknown_never_scheduled to None, run_after=None
[2024-10-29T17:06:18.340+0000] {logging_mixin.py:188} INFO - [2024-10-29T17:06:18.340+0000] {dag.py:3954} INFO - Setting next_dagrun for dataset_produces_1 to 2024-10-28 00:00:00+00:00, run_after=2024-10-29 00:00:00+00:00
[2024-10-29T17:06:18.341+0000] {logging_mixin.py:188} INFO - [2024-10-29T17:06:18.341+0000] {dag.py:3954} INFO - Setting next_dagrun for dataset_produces_2 to None, run_after=None
[2024-10-29T17:06:18.367+0000] {processor.py:183} INFO - Processing /home/airflow/.local/lib/python3.11/site-packages/airflow/example_dags/example_datasets.py took 0.118 seconds
[2024-10-29T17:06:48.460+0000] {processor.py:161} INFO - Started process (PID=2567) to work on /home/airflow/.local/lib/python3.11/site-packages/airflow/example_dags/example_datasets.py
[2024-10-29T17:06:48.461+0000] {processor.py:830} INFO - Processing file /home/airflow/.local/lib/python3.11/site-packages/airflow/example_dags/example_datasets.py for tasks to queue
[2024-10-29T17:06:48.463+0000] {logging_mixin.py:188} INFO - [2024-10-29T17:06:48.463+0000] {dagbag.py:545} INFO - Filling up the DagBag from /home/airflow/.local/lib/python3.11/site-packages/airflow/example_dags/example_datasets.py
[2024-10-29T17:06:48.476+0000] {processor.py:840} INFO - DAG(s) 'dataset_consumes_1_and_2', 'conditional_dataset_and_time_based_timetable', 'consume_1_and_2_with_dataset_expressions', 'dataset_produces_1', 'consume_1_or_2_with_dataset_expressions', 'consume_1_or_both_2_and_3_with_dataset_expressions', 'dataset_consumes_unknown_never_scheduled', 'dataset_consumes_1_never_scheduled', 'dataset_produces_2', 'dataset_consumes_1' retrieved from /home/airflow/.local/lib/python3.11/site-packages/airflow/example_dags/example_datasets.py
[2024-10-29T17:06:48.516+0000] {logging_mixin.py:188} INFO - [2024-10-29T17:06:48.516+0000] {dag.py:3096} INFO - Sync 10 DAGs
[2024-10-29T17:06:48.538+0000] {logging_mixin.py:188} INFO - [2024-10-29T17:06:48.538+0000] {dag.py:3954} INFO - Setting next_dagrun for conditional_dataset_and_time_based_timetable to 2024-10-23 01:00:00+00:00, run_after=2024-10-23 01:00:00+00:00
[2024-10-29T17:06:48.541+0000] {logging_mixin.py:188} INFO - [2024-10-29T17:06:48.541+0000] {dag.py:3954} INFO - Setting next_dagrun for consume_1_and_2_with_dataset_expressions to None, run_after=None
[2024-10-29T17:06:48.542+0000] {logging_mixin.py:188} INFO - [2024-10-29T17:06:48.542+0000] {dag.py:3954} INFO - Setting next_dagrun for consume_1_or_2_with_dataset_expressions to None, run_after=None
[2024-10-29T17:06:48.544+0000] {logging_mixin.py:188} INFO - [2024-10-29T17:06:48.543+0000] {dag.py:3954} INFO - Setting next_dagrun for consume_1_or_both_2_and_3_with_dataset_expressions to None, run_after=None
[2024-10-29T17:06:48.545+0000] {logging_mixin.py:188} INFO - [2024-10-29T17:06:48.545+0000] {dag.py:3954} INFO - Setting next_dagrun for dataset_consumes_1 to None, run_after=None
[2024-10-29T17:06:48.546+0000] {logging_mixin.py:188} INFO - [2024-10-29T17:06:48.546+0000] {dag.py:3954} INFO - Setting next_dagrun for dataset_consumes_1_and_2 to None, run_after=None
[2024-10-29T17:06:48.547+0000] {logging_mixin.py:188} INFO - [2024-10-29T17:06:48.547+0000] {dag.py:3954} INFO - Setting next_dagrun for dataset_consumes_1_never_scheduled to None, run_after=None
[2024-10-29T17:06:48.548+0000] {logging_mixin.py:188} INFO - [2024-10-29T17:06:48.548+0000] {dag.py:3954} INFO - Setting next_dagrun for dataset_consumes_unknown_never_scheduled to None, run_after=None
[2024-10-29T17:06:48.550+0000] {logging_mixin.py:188} INFO - [2024-10-29T17:06:48.550+0000] {dag.py:3954} INFO - Setting next_dagrun for dataset_produces_1 to 2024-10-28 00:00:00+00:00, run_after=2024-10-29 00:00:00+00:00
[2024-10-29T17:06:48.551+0000] {logging_mixin.py:188} INFO - [2024-10-29T17:06:48.551+0000] {dag.py:3954} INFO - Setting next_dagrun for dataset_produces_2 to None, run_after=None
[2024-10-29T17:06:48.578+0000] {processor.py:183} INFO - Processing /home/airflow/.local/lib/python3.11/site-packages/airflow/example_dags/example_datasets.py took 0.124 seconds
[2024-10-29T17:07:18.855+0000] {processor.py:161} INFO - Started process (PID=2829) to work on /home/airflow/.local/lib/python3.11/site-packages/airflow/example_dags/example_datasets.py
[2024-10-29T17:07:18.856+0000] {processor.py:830} INFO - Processing file /home/airflow/.local/lib/python3.11/site-packages/airflow/example_dags/example_datasets.py for tasks to queue
[2024-10-29T17:07:18.857+0000] {logging_mixin.py:188} INFO - [2024-10-29T17:07:18.857+0000] {dagbag.py:545} INFO - Filling up the DagBag from /home/airflow/.local/lib/python3.11/site-packages/airflow/example_dags/example_datasets.py
[2024-10-29T17:07:18.871+0000] {processor.py:840} INFO - DAG(s) 'consume_1_or_2_with_dataset_expressions', 'dataset_produces_1', 'dataset_produces_2', 'dataset_consumes_1_and_2', 'dataset_consumes_unknown_never_scheduled', 'consume_1_and_2_with_dataset_expressions', 'dataset_consumes_1_never_scheduled', 'dataset_consumes_1', 'conditional_dataset_and_time_based_timetable', 'consume_1_or_both_2_and_3_with_dataset_expressions' retrieved from /home/airflow/.local/lib/python3.11/site-packages/airflow/example_dags/example_datasets.py
[2024-10-29T17:07:18.918+0000] {logging_mixin.py:188} INFO - [2024-10-29T17:07:18.918+0000] {dag.py:3096} INFO - Sync 10 DAGs
[2024-10-29T17:07:18.942+0000] {logging_mixin.py:188} INFO - [2024-10-29T17:07:18.942+0000] {dag.py:3954} INFO - Setting next_dagrun for conditional_dataset_and_time_based_timetable to 2024-10-23 01:00:00+00:00, run_after=2024-10-23 01:00:00+00:00
[2024-10-29T17:07:18.946+0000] {logging_mixin.py:188} INFO - [2024-10-29T17:07:18.946+0000] {dag.py:3954} INFO - Setting next_dagrun for consume_1_and_2_with_dataset_expressions to None, run_after=None
[2024-10-29T17:07:18.948+0000] {logging_mixin.py:188} INFO - [2024-10-29T17:07:18.948+0000] {dag.py:3954} INFO - Setting next_dagrun for consume_1_or_2_with_dataset_expressions to None, run_after=None
[2024-10-29T17:07:18.949+0000] {logging_mixin.py:188} INFO - [2024-10-29T17:07:18.949+0000] {dag.py:3954} INFO - Setting next_dagrun for consume_1_or_both_2_and_3_with_dataset_expressions to None, run_after=None
[2024-10-29T17:07:18.951+0000] {logging_mixin.py:188} INFO - [2024-10-29T17:07:18.950+0000] {dag.py:3954} INFO - Setting next_dagrun for dataset_consumes_1 to None, run_after=None
[2024-10-29T17:07:18.952+0000] {logging_mixin.py:188} INFO - [2024-10-29T17:07:18.952+0000] {dag.py:3954} INFO - Setting next_dagrun for dataset_consumes_1_and_2 to None, run_after=None
[2024-10-29T17:07:18.953+0000] {logging_mixin.py:188} INFO - [2024-10-29T17:07:18.953+0000] {dag.py:3954} INFO - Setting next_dagrun for dataset_consumes_1_never_scheduled to None, run_after=None
[2024-10-29T17:07:18.954+0000] {logging_mixin.py:188} INFO - [2024-10-29T17:07:18.954+0000] {dag.py:3954} INFO - Setting next_dagrun for dataset_consumes_unknown_never_scheduled to None, run_after=None
[2024-10-29T17:07:18.956+0000] {logging_mixin.py:188} INFO - [2024-10-29T17:07:18.956+0000] {dag.py:3954} INFO - Setting next_dagrun for dataset_produces_1 to 2024-10-28 00:00:00+00:00, run_after=2024-10-29 00:00:00+00:00
[2024-10-29T17:07:18.958+0000] {logging_mixin.py:188} INFO - [2024-10-29T17:07:18.958+0000] {dag.py:3954} INFO - Setting next_dagrun for dataset_produces_2 to None, run_after=None
[2024-10-29T17:07:18.988+0000] {processor.py:183} INFO - Processing /home/airflow/.local/lib/python3.11/site-packages/airflow/example_dags/example_datasets.py took 0.140 seconds
[2024-10-29T17:07:49.390+0000] {processor.py:161} INFO - Started process (PID=3096) to work on /home/airflow/.local/lib/python3.11/site-packages/airflow/example_dags/example_datasets.py
[2024-10-29T17:07:49.391+0000] {processor.py:830} INFO - Processing file /home/airflow/.local/lib/python3.11/site-packages/airflow/example_dags/example_datasets.py for tasks to queue
[2024-10-29T17:07:49.394+0000] {logging_mixin.py:188} INFO - [2024-10-29T17:07:49.393+0000] {dagbag.py:545} INFO - Filling up the DagBag from /home/airflow/.local/lib/python3.11/site-packages/airflow/example_dags/example_datasets.py
[2024-10-29T17:07:49.409+0000] {processor.py:840} INFO - DAG(s) 'dataset_consumes_1', 'dataset_consumes_unknown_never_scheduled', 'dataset_produces_1', 'dataset_consumes_1_and_2', 'consume_1_or_2_with_dataset_expressions', 'consume_1_or_both_2_and_3_with_dataset_expressions', 'consume_1_and_2_with_dataset_expressions', 'dataset_consumes_1_never_scheduled', 'conditional_dataset_and_time_based_timetable', 'dataset_produces_2' retrieved from /home/airflow/.local/lib/python3.11/site-packages/airflow/example_dags/example_datasets.py
[2024-10-29T17:07:49.464+0000] {logging_mixin.py:188} INFO - [2024-10-29T17:07:49.463+0000] {dag.py:3096} INFO - Sync 10 DAGs
[2024-10-29T17:07:49.491+0000] {logging_mixin.py:188} INFO - [2024-10-29T17:07:49.491+0000] {dag.py:3954} INFO - Setting next_dagrun for conditional_dataset_and_time_based_timetable to 2024-10-23 01:00:00+00:00, run_after=2024-10-23 01:00:00+00:00
[2024-10-29T17:07:49.495+0000] {logging_mixin.py:188} INFO - [2024-10-29T17:07:49.495+0000] {dag.py:3954} INFO - Setting next_dagrun for consume_1_and_2_with_dataset_expressions to None, run_after=None
[2024-10-29T17:07:49.497+0000] {logging_mixin.py:188} INFO - [2024-10-29T17:07:49.497+0000] {dag.py:3954} INFO - Setting next_dagrun for consume_1_or_2_with_dataset_expressions to None, run_after=None
[2024-10-29T17:07:49.499+0000] {logging_mixin.py:188} INFO - [2024-10-29T17:07:49.499+0000] {dag.py:3954} INFO - Setting next_dagrun for consume_1_or_both_2_and_3_with_dataset_expressions to None, run_after=None
[2024-10-29T17:07:49.500+0000] {logging_mixin.py:188} INFO - [2024-10-29T17:07:49.500+0000] {dag.py:3954} INFO - Setting next_dagrun for dataset_consumes_1 to None, run_after=None
[2024-10-29T17:07:49.501+0000] {logging_mixin.py:188} INFO - [2024-10-29T17:07:49.501+0000] {dag.py:3954} INFO - Setting next_dagrun for dataset_consumes_1_and_2 to None, run_after=None
[2024-10-29T17:07:49.503+0000] {logging_mixin.py:188} INFO - [2024-10-29T17:07:49.502+0000] {dag.py:3954} INFO - Setting next_dagrun for dataset_consumes_1_never_scheduled to None, run_after=None
[2024-10-29T17:07:49.504+0000] {logging_mixin.py:188} INFO - [2024-10-29T17:07:49.503+0000] {dag.py:3954} INFO - Setting next_dagrun for dataset_consumes_unknown_never_scheduled to None, run_after=None
[2024-10-29T17:07:49.505+0000] {logging_mixin.py:188} INFO - [2024-10-29T17:07:49.505+0000] {dag.py:3954} INFO - Setting next_dagrun for dataset_produces_1 to 2024-10-28 00:00:00+00:00, run_after=2024-10-29 00:00:00+00:00
[2024-10-29T17:07:49.506+0000] {logging_mixin.py:188} INFO - [2024-10-29T17:07:49.506+0000] {dag.py:3954} INFO - Setting next_dagrun for dataset_produces_2 to None, run_after=None
[2024-10-29T17:07:49.536+0000] {processor.py:183} INFO - Processing /home/airflow/.local/lib/python3.11/site-packages/airflow/example_dags/example_datasets.py took 0.151 seconds
[2024-10-29T17:08:19.651+0000] {processor.py:161} INFO - Started process (PID=3358) to work on /home/airflow/.local/lib/python3.11/site-packages/airflow/example_dags/example_datasets.py
[2024-10-29T17:08:19.652+0000] {processor.py:830} INFO - Processing file /home/airflow/.local/lib/python3.11/site-packages/airflow/example_dags/example_datasets.py for tasks to queue
[2024-10-29T17:08:19.655+0000] {logging_mixin.py:188} INFO - [2024-10-29T17:08:19.654+0000] {dagbag.py:545} INFO - Filling up the DagBag from /home/airflow/.local/lib/python3.11/site-packages/airflow/example_dags/example_datasets.py
[2024-10-29T17:08:19.672+0000] {processor.py:840} INFO - DAG(s) 'consume_1_or_both_2_and_3_with_dataset_expressions', 'conditional_dataset_and_time_based_timetable', 'dataset_consumes_1_never_scheduled', 'dataset_consumes_1_and_2', 'dataset_consumes_1', 'dataset_produces_1', 'consume_1_and_2_with_dataset_expressions', 'consume_1_or_2_with_dataset_expressions', 'dataset_produces_2', 'dataset_consumes_unknown_never_scheduled' retrieved from /home/airflow/.local/lib/python3.11/site-packages/airflow/example_dags/example_datasets.py
[2024-10-29T17:08:19.737+0000] {logging_mixin.py:188} INFO - [2024-10-29T17:08:19.737+0000] {dag.py:3096} INFO - Sync 10 DAGs
[2024-10-29T17:08:19.782+0000] {logging_mixin.py:188} INFO - [2024-10-29T17:08:19.782+0000] {dag.py:3954} INFO - Setting next_dagrun for conditional_dataset_and_time_based_timetable to 2024-10-23 01:00:00+00:00, run_after=2024-10-23 01:00:00+00:00
[2024-10-29T17:08:19.788+0000] {logging_mixin.py:188} INFO - [2024-10-29T17:08:19.788+0000] {dag.py:3954} INFO - Setting next_dagrun for consume_1_and_2_with_dataset_expressions to None, run_after=None
[2024-10-29T17:08:19.790+0000] {logging_mixin.py:188} INFO - [2024-10-29T17:08:19.790+0000] {dag.py:3954} INFO - Setting next_dagrun for consume_1_or_2_with_dataset_expressions to None, run_after=None
[2024-10-29T17:08:19.794+0000] {logging_mixin.py:188} INFO - [2024-10-29T17:08:19.794+0000] {dag.py:3954} INFO - Setting next_dagrun for consume_1_or_both_2_and_3_with_dataset_expressions to None, run_after=None
[2024-10-29T17:08:19.796+0000] {logging_mixin.py:188} INFO - [2024-10-29T17:08:19.796+0000] {dag.py:3954} INFO - Setting next_dagrun for dataset_consumes_1 to None, run_after=None
[2024-10-29T17:08:19.802+0000] {logging_mixin.py:188} INFO - [2024-10-29T17:08:19.801+0000] {dag.py:3954} INFO - Setting next_dagrun for dataset_consumes_1_and_2 to None, run_after=None
[2024-10-29T17:08:19.804+0000] {logging_mixin.py:188} INFO - [2024-10-29T17:08:19.803+0000] {dag.py:3954} INFO - Setting next_dagrun for dataset_consumes_1_never_scheduled to None, run_after=None
[2024-10-29T17:08:19.808+0000] {logging_mixin.py:188} INFO - [2024-10-29T17:08:19.807+0000] {dag.py:3954} INFO - Setting next_dagrun for dataset_consumes_unknown_never_scheduled to None, run_after=None
[2024-10-29T17:08:19.817+0000] {logging_mixin.py:188} INFO - [2024-10-29T17:08:19.817+0000] {dag.py:3954} INFO - Setting next_dagrun for dataset_produces_1 to 2024-10-28 00:00:00+00:00, run_after=2024-10-29 00:00:00+00:00
[2024-10-29T17:08:19.821+0000] {logging_mixin.py:188} INFO - [2024-10-29T17:08:19.821+0000] {dag.py:3954} INFO - Setting next_dagrun for dataset_produces_2 to None, run_after=None
[2024-10-29T17:08:19.867+0000] {processor.py:183} INFO - Processing /home/airflow/.local/lib/python3.11/site-packages/airflow/example_dags/example_datasets.py took 0.224 seconds
[2024-10-29T17:09:25.851+0000] {processor.py:161} INFO - Started process (PID=182) to work on /home/airflow/.local/lib/python3.11/site-packages/airflow/example_dags/example_datasets.py
[2024-10-29T17:09:25.853+0000] {processor.py:830} INFO - Processing file /home/airflow/.local/lib/python3.11/site-packages/airflow/example_dags/example_datasets.py for tasks to queue
[2024-10-29T17:09:25.856+0000] {logging_mixin.py:188} INFO - [2024-10-29T17:09:25.855+0000] {dagbag.py:545} INFO - Filling up the DagBag from /home/airflow/.local/lib/python3.11/site-packages/airflow/example_dags/example_datasets.py
[2024-10-29T17:09:25.889+0000] {processor.py:840} INFO - DAG(s) 'dataset_produces_2', 'conditional_dataset_and_time_based_timetable', 'dataset_consumes_1', 'consume_1_or_both_2_and_3_with_dataset_expressions', 'consume_1_and_2_with_dataset_expressions', 'dataset_produces_1', 'dataset_consumes_unknown_never_scheduled', 'dataset_consumes_1_and_2', 'consume_1_or_2_with_dataset_expressions', 'dataset_consumes_1_never_scheduled' retrieved from /home/airflow/.local/lib/python3.11/site-packages/airflow/example_dags/example_datasets.py
[2024-10-29T17:09:25.932+0000] {logging_mixin.py:188} INFO - [2024-10-29T17:09:25.932+0000] {dag.py:3096} INFO - Sync 10 DAGs
[2024-10-29T17:09:25.966+0000] {logging_mixin.py:188} INFO - [2024-10-29T17:09:25.966+0000] {dag.py:3954} INFO - Setting next_dagrun for conditional_dataset_and_time_based_timetable to 2024-10-23 01:00:00+00:00, run_after=2024-10-23 01:00:00+00:00
[2024-10-29T17:09:25.971+0000] {logging_mixin.py:188} INFO - [2024-10-29T17:09:25.970+0000] {dag.py:3954} INFO - Setting next_dagrun for consume_1_and_2_with_dataset_expressions to None, run_after=None
[2024-10-29T17:09:25.973+0000] {logging_mixin.py:188} INFO - [2024-10-29T17:09:25.972+0000] {dag.py:3954} INFO - Setting next_dagrun for consume_1_or_2_with_dataset_expressions to None, run_after=None
[2024-10-29T17:09:25.974+0000] {logging_mixin.py:188} INFO - [2024-10-29T17:09:25.974+0000] {dag.py:3954} INFO - Setting next_dagrun for consume_1_or_both_2_and_3_with_dataset_expressions to None, run_after=None
[2024-10-29T17:09:25.976+0000] {logging_mixin.py:188} INFO - [2024-10-29T17:09:25.976+0000] {dag.py:3954} INFO - Setting next_dagrun for dataset_consumes_1 to None, run_after=None
[2024-10-29T17:09:25.978+0000] {logging_mixin.py:188} INFO - [2024-10-29T17:09:25.977+0000] {dag.py:3954} INFO - Setting next_dagrun for dataset_consumes_1_and_2 to None, run_after=None
[2024-10-29T17:09:25.979+0000] {logging_mixin.py:188} INFO - [2024-10-29T17:09:25.979+0000] {dag.py:3954} INFO - Setting next_dagrun for dataset_consumes_1_never_scheduled to None, run_after=None
[2024-10-29T17:09:25.981+0000] {logging_mixin.py:188} INFO - [2024-10-29T17:09:25.981+0000] {dag.py:3954} INFO - Setting next_dagrun for dataset_consumes_unknown_never_scheduled to None, run_after=None
[2024-10-29T17:09:25.983+0000] {logging_mixin.py:188} INFO - [2024-10-29T17:09:25.983+0000] {dag.py:3954} INFO - Setting next_dagrun for dataset_produces_1 to 2024-10-28 00:00:00+00:00, run_after=2024-10-29 00:00:00+00:00
[2024-10-29T17:09:25.985+0000] {logging_mixin.py:188} INFO - [2024-10-29T17:09:25.985+0000] {dag.py:3954} INFO - Setting next_dagrun for dataset_produces_2 to None, run_after=None
[2024-10-29T17:09:26.027+0000] {processor.py:183} INFO - Processing /home/airflow/.local/lib/python3.11/site-packages/airflow/example_dags/example_datasets.py took 0.182 seconds
[2024-10-29T17:09:56.353+0000] {processor.py:161} INFO - Started process (PID=444) to work on /home/airflow/.local/lib/python3.11/site-packages/airflow/example_dags/example_datasets.py
[2024-10-29T17:09:56.354+0000] {processor.py:830} INFO - Processing file /home/airflow/.local/lib/python3.11/site-packages/airflow/example_dags/example_datasets.py for tasks to queue
[2024-10-29T17:09:56.356+0000] {logging_mixin.py:188} INFO - [2024-10-29T17:09:56.356+0000] {dagbag.py:545} INFO - Filling up the DagBag from /home/airflow/.local/lib/python3.11/site-packages/airflow/example_dags/example_datasets.py
[2024-10-29T17:09:56.371+0000] {processor.py:840} INFO - DAG(s) 'consume_1_or_both_2_and_3_with_dataset_expressions', 'dataset_produces_1', 'dataset_produces_2', 'conditional_dataset_and_time_based_timetable', 'consume_1_or_2_with_dataset_expressions', 'dataset_consumes_unknown_never_scheduled', 'dataset_consumes_1_never_scheduled', 'dataset_consumes_1', 'consume_1_and_2_with_dataset_expressions', 'dataset_consumes_1_and_2' retrieved from /home/airflow/.local/lib/python3.11/site-packages/airflow/example_dags/example_datasets.py
[2024-10-29T17:09:56.704+0000] {logging_mixin.py:188} INFO - [2024-10-29T17:09:56.704+0000] {dag.py:3096} INFO - Sync 10 DAGs
[2024-10-29T17:09:56.722+0000] {logging_mixin.py:188} INFO - [2024-10-29T17:09:56.722+0000] {dag.py:3954} INFO - Setting next_dagrun for conditional_dataset_and_time_based_timetable to 2024-10-23 01:00:00+00:00, run_after=2024-10-23 01:00:00+00:00
[2024-10-29T17:09:56.725+0000] {logging_mixin.py:188} INFO - [2024-10-29T17:09:56.725+0000] {dag.py:3954} INFO - Setting next_dagrun for consume_1_and_2_with_dataset_expressions to None, run_after=None
[2024-10-29T17:09:56.726+0000] {logging_mixin.py:188} INFO - [2024-10-29T17:09:56.726+0000] {dag.py:3954} INFO - Setting next_dagrun for consume_1_or_2_with_dataset_expressions to None, run_after=None
[2024-10-29T17:09:56.727+0000] {logging_mixin.py:188} INFO - [2024-10-29T17:09:56.727+0000] {dag.py:3954} INFO - Setting next_dagrun for consume_1_or_both_2_and_3_with_dataset_expressions to None, run_after=None
[2024-10-29T17:09:56.729+0000] {logging_mixin.py:188} INFO - [2024-10-29T17:09:56.729+0000] {dag.py:3954} INFO - Setting next_dagrun for dataset_consumes_1 to None, run_after=None
[2024-10-29T17:09:56.730+0000] {logging_mixin.py:188} INFO - [2024-10-29T17:09:56.730+0000] {dag.py:3954} INFO - Setting next_dagrun for dataset_consumes_1_and_2 to None, run_after=None
[2024-10-29T17:09:56.731+0000] {logging_mixin.py:188} INFO - [2024-10-29T17:09:56.731+0000] {dag.py:3954} INFO - Setting next_dagrun for dataset_consumes_1_never_scheduled to None, run_after=None
[2024-10-29T17:09:56.733+0000] {logging_mixin.py:188} INFO - [2024-10-29T17:09:56.733+0000] {dag.py:3954} INFO - Setting next_dagrun for dataset_consumes_unknown_never_scheduled to None, run_after=None
[2024-10-29T17:09:56.735+0000] {logging_mixin.py:188} INFO - [2024-10-29T17:09:56.735+0000] {dag.py:3954} INFO - Setting next_dagrun for dataset_produces_1 to 2024-10-28 00:00:00+00:00, run_after=2024-10-29 00:00:00+00:00
[2024-10-29T17:09:56.736+0000] {logging_mixin.py:188} INFO - [2024-10-29T17:09:56.736+0000] {dag.py:3954} INFO - Setting next_dagrun for dataset_produces_2 to None, run_after=None
[2024-10-29T17:09:56.772+0000] {processor.py:183} INFO - Processing /home/airflow/.local/lib/python3.11/site-packages/airflow/example_dags/example_datasets.py took 0.428 seconds
[2024-10-29T17:10:27.008+0000] {processor.py:161} INFO - Started process (PID=706) to work on /home/airflow/.local/lib/python3.11/site-packages/airflow/example_dags/example_datasets.py
[2024-10-29T17:10:27.012+0000] {processor.py:830} INFO - Processing file /home/airflow/.local/lib/python3.11/site-packages/airflow/example_dags/example_datasets.py for tasks to queue
[2024-10-29T17:10:27.020+0000] {logging_mixin.py:188} INFO - [2024-10-29T17:10:27.018+0000] {dagbag.py:545} INFO - Filling up the DagBag from /home/airflow/.local/lib/python3.11/site-packages/airflow/example_dags/example_datasets.py
[2024-10-29T17:10:27.108+0000] {processor.py:840} INFO - DAG(s) 'dataset_consumes_1_and_2', 'dataset_consumes_unknown_never_scheduled', 'dataset_produces_2', 'dataset_produces_1', 'consume_1_and_2_with_dataset_expressions', 'dataset_consumes_1_never_scheduled', 'consume_1_or_2_with_dataset_expressions', 'conditional_dataset_and_time_based_timetable', 'dataset_consumes_1', 'consume_1_or_both_2_and_3_with_dataset_expressions' retrieved from /home/airflow/.local/lib/python3.11/site-packages/airflow/example_dags/example_datasets.py
[2024-10-29T17:10:27.307+0000] {logging_mixin.py:188} INFO - [2024-10-29T17:10:27.306+0000] {dag.py:3096} INFO - Sync 10 DAGs
[2024-10-29T17:10:27.426+0000] {logging_mixin.py:188} INFO - [2024-10-29T17:10:27.417+0000] {dag.py:3954} INFO - Setting next_dagrun for conditional_dataset_and_time_based_timetable to 2024-10-23 01:00:00+00:00, run_after=2024-10-23 01:00:00+00:00
[2024-10-29T17:10:27.448+0000] {logging_mixin.py:188} INFO - [2024-10-29T17:10:27.448+0000] {dag.py:3954} INFO - Setting next_dagrun for consume_1_and_2_with_dataset_expressions to None, run_after=None
[2024-10-29T17:10:27.455+0000] {logging_mixin.py:188} INFO - [2024-10-29T17:10:27.454+0000] {dag.py:3954} INFO - Setting next_dagrun for consume_1_or_2_with_dataset_expressions to None, run_after=None
[2024-10-29T17:10:27.470+0000] {logging_mixin.py:188} INFO - [2024-10-29T17:10:27.469+0000] {dag.py:3954} INFO - Setting next_dagrun for consume_1_or_both_2_and_3_with_dataset_expressions to None, run_after=None
[2024-10-29T17:10:27.478+0000] {logging_mixin.py:188} INFO - [2024-10-29T17:10:27.477+0000] {dag.py:3954} INFO - Setting next_dagrun for dataset_consumes_1 to None, run_after=None
[2024-10-29T17:10:27.487+0000] {logging_mixin.py:188} INFO - [2024-10-29T17:10:27.487+0000] {dag.py:3954} INFO - Setting next_dagrun for dataset_consumes_1_and_2 to None, run_after=None
[2024-10-29T17:10:27.494+0000] {logging_mixin.py:188} INFO - [2024-10-29T17:10:27.493+0000] {dag.py:3954} INFO - Setting next_dagrun for dataset_consumes_1_never_scheduled to None, run_after=None
[2024-10-29T17:10:27.501+0000] {logging_mixin.py:188} INFO - [2024-10-29T17:10:27.501+0000] {dag.py:3954} INFO - Setting next_dagrun for dataset_consumes_unknown_never_scheduled to None, run_after=None
[2024-10-29T17:10:27.507+0000] {logging_mixin.py:188} INFO - [2024-10-29T17:10:27.506+0000] {dag.py:3954} INFO - Setting next_dagrun for dataset_produces_1 to 2024-10-28 00:00:00+00:00, run_after=2024-10-29 00:00:00+00:00
[2024-10-29T17:10:27.513+0000] {logging_mixin.py:188} INFO - [2024-10-29T17:10:27.511+0000] {dag.py:3954} INFO - Setting next_dagrun for dataset_produces_2 to None, run_after=None
[2024-10-29T17:10:27.690+0000] {processor.py:183} INFO - Processing /home/airflow/.local/lib/python3.11/site-packages/airflow/example_dags/example_datasets.py took 0.707 seconds
[2024-10-29T17:10:57.873+0000] {processor.py:161} INFO - Started process (PID=973) to work on /home/airflow/.local/lib/python3.11/site-packages/airflow/example_dags/example_datasets.py
[2024-10-29T17:10:57.874+0000] {processor.py:830} INFO - Processing file /home/airflow/.local/lib/python3.11/site-packages/airflow/example_dags/example_datasets.py for tasks to queue
[2024-10-29T17:10:57.876+0000] {logging_mixin.py:188} INFO - [2024-10-29T17:10:57.875+0000] {dagbag.py:545} INFO - Filling up the DagBag from /home/airflow/.local/lib/python3.11/site-packages/airflow/example_dags/example_datasets.py
[2024-10-29T17:10:57.887+0000] {processor.py:840} INFO - DAG(s) 'dataset_produces_1', 'dataset_consumes_1_and_2', 'dataset_consumes_1', 'conditional_dataset_and_time_based_timetable', 'consume_1_or_both_2_and_3_with_dataset_expressions', 'dataset_consumes_unknown_never_scheduled', 'dataset_consumes_1_never_scheduled', 'dataset_produces_2', 'consume_1_or_2_with_dataset_expressions', 'consume_1_and_2_with_dataset_expressions' retrieved from /home/airflow/.local/lib/python3.11/site-packages/airflow/example_dags/example_datasets.py
[2024-10-29T17:10:57.930+0000] {logging_mixin.py:188} INFO - [2024-10-29T17:10:57.930+0000] {dag.py:3096} INFO - Sync 10 DAGs
[2024-10-29T17:10:57.951+0000] {logging_mixin.py:188} INFO - [2024-10-29T17:10:57.951+0000] {dag.py:3954} INFO - Setting next_dagrun for conditional_dataset_and_time_based_timetable to 2024-10-23 01:00:00+00:00, run_after=2024-10-23 01:00:00+00:00
[2024-10-29T17:10:57.955+0000] {logging_mixin.py:188} INFO - [2024-10-29T17:10:57.955+0000] {dag.py:3954} INFO - Setting next_dagrun for consume_1_and_2_with_dataset_expressions to None, run_after=None
[2024-10-29T17:10:57.957+0000] {logging_mixin.py:188} INFO - [2024-10-29T17:10:57.957+0000] {dag.py:3954} INFO - Setting next_dagrun for consume_1_or_2_with_dataset_expressions to None, run_after=None
[2024-10-29T17:10:57.958+0000] {logging_mixin.py:188} INFO - [2024-10-29T17:10:57.958+0000] {dag.py:3954} INFO - Setting next_dagrun for consume_1_or_both_2_and_3_with_dataset_expressions to None, run_after=None
[2024-10-29T17:10:57.959+0000] {logging_mixin.py:188} INFO - [2024-10-29T17:10:57.959+0000] {dag.py:3954} INFO - Setting next_dagrun for dataset_consumes_1 to None, run_after=None
[2024-10-29T17:10:57.961+0000] {logging_mixin.py:188} INFO - [2024-10-29T17:10:57.961+0000] {dag.py:3954} INFO - Setting next_dagrun for dataset_consumes_1_and_2 to None, run_after=None
[2024-10-29T17:10:57.962+0000] {logging_mixin.py:188} INFO - [2024-10-29T17:10:57.962+0000] {dag.py:3954} INFO - Setting next_dagrun for dataset_consumes_1_never_scheduled to None, run_after=None
[2024-10-29T17:10:57.963+0000] {logging_mixin.py:188} INFO - [2024-10-29T17:10:57.963+0000] {dag.py:3954} INFO - Setting next_dagrun for dataset_consumes_unknown_never_scheduled to None, run_after=None
[2024-10-29T17:10:57.965+0000] {logging_mixin.py:188} INFO - [2024-10-29T17:10:57.965+0000] {dag.py:3954} INFO - Setting next_dagrun for dataset_produces_1 to 2024-10-28 00:00:00+00:00, run_after=2024-10-29 00:00:00+00:00
[2024-10-29T17:10:57.966+0000] {logging_mixin.py:188} INFO - [2024-10-29T17:10:57.966+0000] {dag.py:3954} INFO - Setting next_dagrun for dataset_produces_2 to None, run_after=None
[2024-10-29T17:10:57.996+0000] {processor.py:183} INFO - Processing /home/airflow/.local/lib/python3.11/site-packages/airflow/example_dags/example_datasets.py took 0.129 seconds
[2024-10-29T17:11:28.610+0000] {processor.py:161} INFO - Started process (PID=1230) to work on /home/airflow/.local/lib/python3.11/site-packages/airflow/example_dags/example_datasets.py
[2024-10-29T17:11:28.611+0000] {processor.py:830} INFO - Processing file /home/airflow/.local/lib/python3.11/site-packages/airflow/example_dags/example_datasets.py for tasks to queue
[2024-10-29T17:11:28.613+0000] {logging_mixin.py:188} INFO - [2024-10-29T17:11:28.613+0000] {dagbag.py:545} INFO - Filling up the DagBag from /home/airflow/.local/lib/python3.11/site-packages/airflow/example_dags/example_datasets.py
[2024-10-29T17:11:28.625+0000] {processor.py:840} INFO - DAG(s) 'dataset_consumes_1_and_2', 'dataset_consumes_1', 'conditional_dataset_and_time_based_timetable', 'dataset_produces_1', 'dataset_produces_2', 'dataset_consumes_unknown_never_scheduled', 'dataset_consumes_1_never_scheduled', 'consume_1_or_2_with_dataset_expressions', 'consume_1_or_both_2_and_3_with_dataset_expressions', 'consume_1_and_2_with_dataset_expressions' retrieved from /home/airflow/.local/lib/python3.11/site-packages/airflow/example_dags/example_datasets.py
[2024-10-29T17:11:28.669+0000] {logging_mixin.py:188} INFO - [2024-10-29T17:11:28.668+0000] {dag.py:3096} INFO - Sync 10 DAGs
[2024-10-29T17:11:28.694+0000] {logging_mixin.py:188} INFO - [2024-10-29T17:11:28.693+0000] {dag.py:3954} INFO - Setting next_dagrun for conditional_dataset_and_time_based_timetable to 2024-10-23 01:00:00+00:00, run_after=2024-10-23 01:00:00+00:00
[2024-10-29T17:11:28.698+0000] {logging_mixin.py:188} INFO - [2024-10-29T17:11:28.698+0000] {dag.py:3954} INFO - Setting next_dagrun for consume_1_and_2_with_dataset_expressions to None, run_after=None
[2024-10-29T17:11:28.701+0000] {logging_mixin.py:188} INFO - [2024-10-29T17:11:28.700+0000] {dag.py:3954} INFO - Setting next_dagrun for consume_1_or_2_with_dataset_expressions to None, run_after=None
[2024-10-29T17:11:28.702+0000] {logging_mixin.py:188} INFO - [2024-10-29T17:11:28.702+0000] {dag.py:3954} INFO - Setting next_dagrun for consume_1_or_both_2_and_3_with_dataset_expressions to None, run_after=None
[2024-10-29T17:11:28.703+0000] {logging_mixin.py:188} INFO - [2024-10-29T17:11:28.703+0000] {dag.py:3954} INFO - Setting next_dagrun for dataset_consumes_1 to None, run_after=None
[2024-10-29T17:11:28.704+0000] {logging_mixin.py:188} INFO - [2024-10-29T17:11:28.704+0000] {dag.py:3954} INFO - Setting next_dagrun for dataset_consumes_1_and_2 to None, run_after=None
[2024-10-29T17:11:28.705+0000] {logging_mixin.py:188} INFO - [2024-10-29T17:11:28.705+0000] {dag.py:3954} INFO - Setting next_dagrun for dataset_consumes_1_never_scheduled to None, run_after=None
[2024-10-29T17:11:28.706+0000] {logging_mixin.py:188} INFO - [2024-10-29T17:11:28.706+0000] {dag.py:3954} INFO - Setting next_dagrun for dataset_consumes_unknown_never_scheduled to None, run_after=None
[2024-10-29T17:11:28.708+0000] {logging_mixin.py:188} INFO - [2024-10-29T17:11:28.708+0000] {dag.py:3954} INFO - Setting next_dagrun for dataset_produces_1 to 2024-10-28 00:00:00+00:00, run_after=2024-10-29 00:00:00+00:00
[2024-10-29T17:11:28.709+0000] {logging_mixin.py:188} INFO - [2024-10-29T17:11:28.709+0000] {dag.py:3954} INFO - Setting next_dagrun for dataset_produces_2 to None, run_after=None
[2024-10-29T17:11:28.736+0000] {processor.py:183} INFO - Processing /home/airflow/.local/lib/python3.11/site-packages/airflow/example_dags/example_datasets.py took 0.132 seconds
[2024-10-29T17:11:59.449+0000] {processor.py:161} INFO - Started process (PID=1492) to work on /home/airflow/.local/lib/python3.11/site-packages/airflow/example_dags/example_datasets.py
[2024-10-29T17:11:59.450+0000] {processor.py:830} INFO - Processing file /home/airflow/.local/lib/python3.11/site-packages/airflow/example_dags/example_datasets.py for tasks to queue
[2024-10-29T17:11:59.452+0000] {logging_mixin.py:188} INFO - [2024-10-29T17:11:59.452+0000] {dagbag.py:545} INFO - Filling up the DagBag from /home/airflow/.local/lib/python3.11/site-packages/airflow/example_dags/example_datasets.py
[2024-10-29T17:11:59.465+0000] {processor.py:840} INFO - DAG(s) 'consume_1_or_both_2_and_3_with_dataset_expressions', 'dataset_consumes_1_and_2', 'dataset_produces_1', 'consume_1_and_2_with_dataset_expressions', 'consume_1_or_2_with_dataset_expressions', 'dataset_consumes_1', 'conditional_dataset_and_time_based_timetable', 'dataset_consumes_1_never_scheduled', 'dataset_consumes_unknown_never_scheduled', 'dataset_produces_2' retrieved from /home/airflow/.local/lib/python3.11/site-packages/airflow/example_dags/example_datasets.py
[2024-10-29T17:11:59.505+0000] {logging_mixin.py:188} INFO - [2024-10-29T17:11:59.505+0000] {dag.py:3096} INFO - Sync 10 DAGs
[2024-10-29T17:11:59.531+0000] {logging_mixin.py:188} INFO - [2024-10-29T17:11:59.531+0000] {dag.py:3954} INFO - Setting next_dagrun for conditional_dataset_and_time_based_timetable to 2024-10-23 01:00:00+00:00, run_after=2024-10-23 01:00:00+00:00
[2024-10-29T17:11:59.534+0000] {logging_mixin.py:188} INFO - [2024-10-29T17:11:59.534+0000] {dag.py:3954} INFO - Setting next_dagrun for consume_1_and_2_with_dataset_expressions to None, run_after=None
[2024-10-29T17:11:59.536+0000] {logging_mixin.py:188} INFO - [2024-10-29T17:11:59.536+0000] {dag.py:3954} INFO - Setting next_dagrun for consume_1_or_2_with_dataset_expressions to None, run_after=None
[2024-10-29T17:11:59.537+0000] {logging_mixin.py:188} INFO - [2024-10-29T17:11:59.537+0000] {dag.py:3954} INFO - Setting next_dagrun for consume_1_or_both_2_and_3_with_dataset_expressions to None, run_after=None
[2024-10-29T17:11:59.539+0000] {logging_mixin.py:188} INFO - [2024-10-29T17:11:59.538+0000] {dag.py:3954} INFO - Setting next_dagrun for dataset_consumes_1 to None, run_after=None
[2024-10-29T17:11:59.541+0000] {logging_mixin.py:188} INFO - [2024-10-29T17:11:59.541+0000] {dag.py:3954} INFO - Setting next_dagrun for dataset_consumes_1_and_2 to None, run_after=None
[2024-10-29T17:11:59.543+0000] {logging_mixin.py:188} INFO - [2024-10-29T17:11:59.542+0000] {dag.py:3954} INFO - Setting next_dagrun for dataset_consumes_1_never_scheduled to None, run_after=None
[2024-10-29T17:11:59.544+0000] {logging_mixin.py:188} INFO - [2024-10-29T17:11:59.544+0000] {dag.py:3954} INFO - Setting next_dagrun for dataset_consumes_unknown_never_scheduled to None, run_after=None
[2024-10-29T17:11:59.546+0000] {logging_mixin.py:188} INFO - [2024-10-29T17:11:59.546+0000] {dag.py:3954} INFO - Setting next_dagrun for dataset_produces_1 to 2024-10-28 00:00:00+00:00, run_after=2024-10-29 00:00:00+00:00
[2024-10-29T17:11:59.547+0000] {logging_mixin.py:188} INFO - [2024-10-29T17:11:59.547+0000] {dag.py:3954} INFO - Setting next_dagrun for dataset_produces_2 to None, run_after=None
[2024-10-29T17:11:59.576+0000] {processor.py:183} INFO - Processing /home/airflow/.local/lib/python3.11/site-packages/airflow/example_dags/example_datasets.py took 0.133 seconds
[2024-10-29T17:12:29.839+0000] {processor.py:161} INFO - Started process (PID=1754) to work on /home/airflow/.local/lib/python3.11/site-packages/airflow/example_dags/example_datasets.py
[2024-10-29T17:12:29.841+0000] {processor.py:830} INFO - Processing file /home/airflow/.local/lib/python3.11/site-packages/airflow/example_dags/example_datasets.py for tasks to queue
[2024-10-29T17:12:29.842+0000] {logging_mixin.py:188} INFO - [2024-10-29T17:12:29.842+0000] {dagbag.py:545} INFO - Filling up the DagBag from /home/airflow/.local/lib/python3.11/site-packages/airflow/example_dags/example_datasets.py
[2024-10-29T17:12:29.861+0000] {processor.py:840} INFO - DAG(s) 'dataset_consumes_1', 'dataset_consumes_1_and_2', 'dataset_consumes_unknown_never_scheduled', 'conditional_dataset_and_time_based_timetable', 'consume_1_or_2_with_dataset_expressions', 'dataset_consumes_1_never_scheduled', 'consume_1_and_2_with_dataset_expressions', 'consume_1_or_both_2_and_3_with_dataset_expressions', 'dataset_produces_2', 'dataset_produces_1' retrieved from /home/airflow/.local/lib/python3.11/site-packages/airflow/example_dags/example_datasets.py
[2024-10-29T17:12:29.922+0000] {logging_mixin.py:188} INFO - [2024-10-29T17:12:29.922+0000] {dag.py:3096} INFO - Sync 10 DAGs
[2024-10-29T17:12:29.957+0000] {logging_mixin.py:188} INFO - [2024-10-29T17:12:29.956+0000] {dag.py:3954} INFO - Setting next_dagrun for conditional_dataset_and_time_based_timetable to 2024-10-23 01:00:00+00:00, run_after=2024-10-23 01:00:00+00:00
[2024-10-29T17:12:29.965+0000] {logging_mixin.py:188} INFO - [2024-10-29T17:12:29.965+0000] {dag.py:3954} INFO - Setting next_dagrun for consume_1_and_2_with_dataset_expressions to None, run_after=None
[2024-10-29T17:12:29.967+0000] {logging_mixin.py:188} INFO - [2024-10-29T17:12:29.967+0000] {dag.py:3954} INFO - Setting next_dagrun for consume_1_or_2_with_dataset_expressions to None, run_after=None
[2024-10-29T17:12:29.969+0000] {logging_mixin.py:188} INFO - [2024-10-29T17:12:29.969+0000] {dag.py:3954} INFO - Setting next_dagrun for consume_1_or_both_2_and_3_with_dataset_expressions to None, run_after=None
[2024-10-29T17:12:29.971+0000] {logging_mixin.py:188} INFO - [2024-10-29T17:12:29.971+0000] {dag.py:3954} INFO - Setting next_dagrun for dataset_consumes_1 to None, run_after=None
[2024-10-29T17:12:29.972+0000] {logging_mixin.py:188} INFO - [2024-10-29T17:12:29.972+0000] {dag.py:3954} INFO - Setting next_dagrun for dataset_consumes_1_and_2 to None, run_after=None
[2024-10-29T17:12:29.974+0000] {logging_mixin.py:188} INFO - [2024-10-29T17:12:29.973+0000] {dag.py:3954} INFO - Setting next_dagrun for dataset_consumes_1_never_scheduled to None, run_after=None
[2024-10-29T17:12:29.975+0000] {logging_mixin.py:188} INFO - [2024-10-29T17:12:29.975+0000] {dag.py:3954} INFO - Setting next_dagrun for dataset_consumes_unknown_never_scheduled to None, run_after=None
[2024-10-29T17:12:29.977+0000] {logging_mixin.py:188} INFO - [2024-10-29T17:12:29.977+0000] {dag.py:3954} INFO - Setting next_dagrun for dataset_produces_1 to 2024-10-28 00:00:00+00:00, run_after=2024-10-29 00:00:00+00:00
[2024-10-29T17:12:29.978+0000] {logging_mixin.py:188} INFO - [2024-10-29T17:12:29.978+0000] {dag.py:3954} INFO - Setting next_dagrun for dataset_produces_2 to None, run_after=None
[2024-10-29T17:12:30.025+0000] {processor.py:183} INFO - Processing /home/airflow/.local/lib/python3.11/site-packages/airflow/example_dags/example_datasets.py took 0.193 seconds
