[2024-10-29T17:02:18.938+0000] {processor.py:161} INFO - Started process (PID=301) to work on /home/airflow/.local/lib/python3.11/site-packages/airflow/example_dags/example_xcomargs.py
[2024-10-29T17:02:18.939+0000] {processor.py:830} INFO - Processing file /home/airflow/.local/lib/python3.11/site-packages/airflow/example_dags/example_xcomargs.py for tasks to queue
[2024-10-29T17:02:18.941+0000] {logging_mixin.py:188} INFO - [2024-10-29T17:02:18.941+0000] {dagbag.py:545} INFO - Filling up the DagBag from /home/airflow/.local/lib/python3.11/site-packages/airflow/example_dags/example_xcomargs.py
[2024-10-29T17:02:19.114+0000] {processor.py:840} INFO - DAG(s) 'example_xcom_args_with_operators', 'example_xcom_args' retrieved from /home/airflow/.local/lib/python3.11/site-packages/airflow/example_dags/example_xcomargs.py
[2024-10-29T17:02:19.264+0000] {logging_mixin.py:188} INFO - [2024-10-29T17:02:19.263+0000] {override.py:1829} INFO - Created Permission View: can edit on DAG:example_xcom_args_with_operators
[2024-10-29T17:02:19.290+0000] {logging_mixin.py:188} INFO - [2024-10-29T17:02:19.289+0000] {override.py:1829} INFO - Created Permission View: can delete on DAG:example_xcom_args_with_operators
[2024-10-29T17:02:19.312+0000] {logging_mixin.py:188} INFO - [2024-10-29T17:02:19.312+0000] {override.py:1829} INFO - Created Permission View: can read on DAG:example_xcom_args_with_operators
[2024-10-29T17:02:19.363+0000] {logging_mixin.py:188} INFO - [2024-10-29T17:02:19.362+0000] {override.py:1829} INFO - Created Permission View: can edit on DAG:example_xcom_args
[2024-10-29T17:02:19.385+0000] {logging_mixin.py:188} INFO - [2024-10-29T17:02:19.384+0000] {override.py:1829} INFO - Created Permission View: can delete on DAG:example_xcom_args
[2024-10-29T17:02:19.397+0000] {logging_mixin.py:188} INFO - [2024-10-29T17:02:19.396+0000] {override.py:1829} INFO - Created Permission View: can read on DAG:example_xcom_args
[2024-10-29T17:02:19.401+0000] {logging_mixin.py:188} INFO - [2024-10-29T17:02:19.401+0000] {dag.py:3096} INFO - Sync 2 DAGs
[2024-10-29T17:02:19.414+0000] {logging_mixin.py:188} INFO - [2024-10-29T17:02:19.413+0000] {dag.py:3118} INFO - Creating ORM DAG for example_xcom_args_with_operators
[2024-10-29T17:02:19.417+0000] {logging_mixin.py:188} INFO - [2024-10-29T17:02:19.416+0000] {dag.py:3118} INFO - Creating ORM DAG for example_xcom_args
[2024-10-29T17:02:19.419+0000] {logging_mixin.py:188} INFO - [2024-10-29T17:02:19.418+0000] {dag.py:3954} INFO - Setting next_dagrun for example_xcom_args to None, run_after=None
[2024-10-29T17:02:19.420+0000] {logging_mixin.py:188} INFO - [2024-10-29T17:02:19.420+0000] {dag.py:3954} INFO - Setting next_dagrun for example_xcom_args_with_operators to None, run_after=None
[2024-10-29T17:02:19.445+0000] {processor.py:183} INFO - Processing /home/airflow/.local/lib/python3.11/site-packages/airflow/example_dags/example_xcomargs.py took 0.515 seconds
[2024-10-29T17:02:50.041+0000] {processor.py:161} INFO - Started process (PID=563) to work on /home/airflow/.local/lib/python3.11/site-packages/airflow/example_dags/example_xcomargs.py
[2024-10-29T17:02:50.042+0000] {processor.py:830} INFO - Processing file /home/airflow/.local/lib/python3.11/site-packages/airflow/example_dags/example_xcomargs.py for tasks to queue
[2024-10-29T17:02:50.044+0000] {logging_mixin.py:188} INFO - [2024-10-29T17:02:50.044+0000] {dagbag.py:545} INFO - Filling up the DagBag from /home/airflow/.local/lib/python3.11/site-packages/airflow/example_dags/example_xcomargs.py
[2024-10-29T17:02:50.059+0000] {processor.py:840} INFO - DAG(s) 'example_xcom_args', 'example_xcom_args_with_operators' retrieved from /home/airflow/.local/lib/python3.11/site-packages/airflow/example_dags/example_xcomargs.py
[2024-10-29T17:02:50.093+0000] {logging_mixin.py:188} INFO - [2024-10-29T17:02:50.092+0000] {dag.py:3096} INFO - Sync 2 DAGs
[2024-10-29T17:02:50.112+0000] {logging_mixin.py:188} INFO - [2024-10-29T17:02:50.112+0000] {dag.py:3954} INFO - Setting next_dagrun for example_xcom_args to None, run_after=None
[2024-10-29T17:02:50.120+0000] {logging_mixin.py:188} INFO - [2024-10-29T17:02:50.120+0000] {dag.py:3954} INFO - Setting next_dagrun for example_xcom_args_with_operators to None, run_after=None
[2024-10-29T17:02:50.148+0000] {processor.py:183} INFO - Processing /home/airflow/.local/lib/python3.11/site-packages/airflow/example_dags/example_xcomargs.py took 0.113 seconds
[2024-10-29T17:03:20.520+0000] {processor.py:161} INFO - Started process (PID=825) to work on /home/airflow/.local/lib/python3.11/site-packages/airflow/example_dags/example_xcomargs.py
[2024-10-29T17:03:20.521+0000] {processor.py:830} INFO - Processing file /home/airflow/.local/lib/python3.11/site-packages/airflow/example_dags/example_xcomargs.py for tasks to queue
[2024-10-29T17:03:20.522+0000] {logging_mixin.py:188} INFO - [2024-10-29T17:03:20.522+0000] {dagbag.py:545} INFO - Filling up the DagBag from /home/airflow/.local/lib/python3.11/site-packages/airflow/example_dags/example_xcomargs.py
[2024-10-29T17:03:20.531+0000] {processor.py:840} INFO - DAG(s) 'example_xcom_args_with_operators', 'example_xcom_args' retrieved from /home/airflow/.local/lib/python3.11/site-packages/airflow/example_dags/example_xcomargs.py
[2024-10-29T17:03:20.557+0000] {logging_mixin.py:188} INFO - [2024-10-29T17:03:20.556+0000] {dag.py:3096} INFO - Sync 2 DAGs
[2024-10-29T17:03:20.570+0000] {logging_mixin.py:188} INFO - [2024-10-29T17:03:20.569+0000] {dag.py:3954} INFO - Setting next_dagrun for example_xcom_args to None, run_after=None
[2024-10-29T17:03:20.574+0000] {logging_mixin.py:188} INFO - [2024-10-29T17:03:20.573+0000] {dag.py:3954} INFO - Setting next_dagrun for example_xcom_args_with_operators to None, run_after=None
[2024-10-29T17:03:20.593+0000] {processor.py:183} INFO - Processing /home/airflow/.local/lib/python3.11/site-packages/airflow/example_dags/example_xcomargs.py took 0.079 seconds
[2024-10-29T17:03:50.892+0000] {processor.py:161} INFO - Started process (PID=1088) to work on /home/airflow/.local/lib/python3.11/site-packages/airflow/example_dags/example_xcomargs.py
[2024-10-29T17:03:50.894+0000] {processor.py:830} INFO - Processing file /home/airflow/.local/lib/python3.11/site-packages/airflow/example_dags/example_xcomargs.py for tasks to queue
[2024-10-29T17:03:50.896+0000] {logging_mixin.py:188} INFO - [2024-10-29T17:03:50.896+0000] {dagbag.py:545} INFO - Filling up the DagBag from /home/airflow/.local/lib/python3.11/site-packages/airflow/example_dags/example_xcomargs.py
[2024-10-29T17:03:50.907+0000] {processor.py:840} INFO - DAG(s) 'example_xcom_args_with_operators', 'example_xcom_args' retrieved from /home/airflow/.local/lib/python3.11/site-packages/airflow/example_dags/example_xcomargs.py
[2024-10-29T17:03:50.944+0000] {logging_mixin.py:188} INFO - [2024-10-29T17:03:50.943+0000] {dag.py:3096} INFO - Sync 2 DAGs
[2024-10-29T17:03:50.968+0000] {logging_mixin.py:188} INFO - [2024-10-29T17:03:50.967+0000] {dag.py:3954} INFO - Setting next_dagrun for example_xcom_args to None, run_after=None
[2024-10-29T17:03:50.975+0000] {logging_mixin.py:188} INFO - [2024-10-29T17:03:50.974+0000] {dag.py:3954} INFO - Setting next_dagrun for example_xcom_args_with_operators to None, run_after=None
[2024-10-29T17:03:51.014+0000] {processor.py:183} INFO - Processing /home/airflow/.local/lib/python3.11/site-packages/airflow/example_dags/example_xcomargs.py took 0.131 seconds
[2024-10-29T17:04:21.534+0000] {processor.py:161} INFO - Started process (PID=1350) to work on /home/airflow/.local/lib/python3.11/site-packages/airflow/example_dags/example_xcomargs.py
[2024-10-29T17:04:21.536+0000] {processor.py:830} INFO - Processing file /home/airflow/.local/lib/python3.11/site-packages/airflow/example_dags/example_xcomargs.py for tasks to queue
[2024-10-29T17:04:21.539+0000] {logging_mixin.py:188} INFO - [2024-10-29T17:04:21.539+0000] {dagbag.py:545} INFO - Filling up the DagBag from /home/airflow/.local/lib/python3.11/site-packages/airflow/example_dags/example_xcomargs.py
[2024-10-29T17:04:21.555+0000] {processor.py:840} INFO - DAG(s) 'example_xcom_args', 'example_xcom_args_with_operators' retrieved from /home/airflow/.local/lib/python3.11/site-packages/airflow/example_dags/example_xcomargs.py
[2024-10-29T17:04:21.598+0000] {logging_mixin.py:188} INFO - [2024-10-29T17:04:21.598+0000] {dag.py:3096} INFO - Sync 2 DAGs
[2024-10-29T17:04:21.620+0000] {logging_mixin.py:188} INFO - [2024-10-29T17:04:21.619+0000] {dag.py:3954} INFO - Setting next_dagrun for example_xcom_args to None, run_after=None
[2024-10-29T17:04:21.626+0000] {logging_mixin.py:188} INFO - [2024-10-29T17:04:21.626+0000] {dag.py:3954} INFO - Setting next_dagrun for example_xcom_args_with_operators to None, run_after=None
[2024-10-29T17:04:21.663+0000] {processor.py:183} INFO - Processing /home/airflow/.local/lib/python3.11/site-packages/airflow/example_dags/example_xcomargs.py took 0.138 seconds
[2024-10-29T17:04:51.789+0000] {processor.py:161} INFO - Started process (PID=1614) to work on /home/airflow/.local/lib/python3.11/site-packages/airflow/example_dags/example_xcomargs.py
[2024-10-29T17:04:51.790+0000] {processor.py:830} INFO - Processing file /home/airflow/.local/lib/python3.11/site-packages/airflow/example_dags/example_xcomargs.py for tasks to queue
[2024-10-29T17:04:51.792+0000] {logging_mixin.py:188} INFO - [2024-10-29T17:04:51.791+0000] {dagbag.py:545} INFO - Filling up the DagBag from /home/airflow/.local/lib/python3.11/site-packages/airflow/example_dags/example_xcomargs.py
[2024-10-29T17:04:51.800+0000] {processor.py:840} INFO - DAG(s) 'example_xcom_args_with_operators', 'example_xcom_args' retrieved from /home/airflow/.local/lib/python3.11/site-packages/airflow/example_dags/example_xcomargs.py
[2024-10-29T17:04:51.827+0000] {logging_mixin.py:188} INFO - [2024-10-29T17:04:51.826+0000] {dag.py:3096} INFO - Sync 2 DAGs
[2024-10-29T17:04:51.841+0000] {logging_mixin.py:188} INFO - [2024-10-29T17:04:51.841+0000] {dag.py:3954} INFO - Setting next_dagrun for example_xcom_args to None, run_after=None
[2024-10-29T17:04:51.845+0000] {logging_mixin.py:188} INFO - [2024-10-29T17:04:51.845+0000] {dag.py:3954} INFO - Setting next_dagrun for example_xcom_args_with_operators to None, run_after=None
[2024-10-29T17:04:51.862+0000] {processor.py:183} INFO - Processing /home/airflow/.local/lib/python3.11/site-packages/airflow/example_dags/example_xcomargs.py took 0.078 seconds
[2024-10-29T17:05:22.091+0000] {processor.py:161} INFO - Started process (PID=1874) to work on /home/airflow/.local/lib/python3.11/site-packages/airflow/example_dags/example_xcomargs.py
[2024-10-29T17:05:22.093+0000] {processor.py:830} INFO - Processing file /home/airflow/.local/lib/python3.11/site-packages/airflow/example_dags/example_xcomargs.py for tasks to queue
[2024-10-29T17:05:22.095+0000] {logging_mixin.py:188} INFO - [2024-10-29T17:05:22.095+0000] {dagbag.py:545} INFO - Filling up the DagBag from /home/airflow/.local/lib/python3.11/site-packages/airflow/example_dags/example_xcomargs.py
[2024-10-29T17:05:22.104+0000] {processor.py:840} INFO - DAG(s) 'example_xcom_args_with_operators', 'example_xcom_args' retrieved from /home/airflow/.local/lib/python3.11/site-packages/airflow/example_dags/example_xcomargs.py
[2024-10-29T17:05:22.127+0000] {logging_mixin.py:188} INFO - [2024-10-29T17:05:22.127+0000] {dag.py:3096} INFO - Sync 2 DAGs
[2024-10-29T17:05:22.141+0000] {logging_mixin.py:188} INFO - [2024-10-29T17:05:22.141+0000] {dag.py:3954} INFO - Setting next_dagrun for example_xcom_args to None, run_after=None
[2024-10-29T17:05:22.145+0000] {logging_mixin.py:188} INFO - [2024-10-29T17:05:22.145+0000] {dag.py:3954} INFO - Setting next_dagrun for example_xcom_args_with_operators to None, run_after=None
[2024-10-29T17:05:22.165+0000] {processor.py:183} INFO - Processing /home/airflow/.local/lib/python3.11/site-packages/airflow/example_dags/example_xcomargs.py took 0.080 seconds
[2024-10-29T17:05:52.326+0000] {processor.py:161} INFO - Started process (PID=2138) to work on /home/airflow/.local/lib/python3.11/site-packages/airflow/example_dags/example_xcomargs.py
[2024-10-29T17:05:52.327+0000] {processor.py:830} INFO - Processing file /home/airflow/.local/lib/python3.11/site-packages/airflow/example_dags/example_xcomargs.py for tasks to queue
[2024-10-29T17:05:52.329+0000] {logging_mixin.py:188} INFO - [2024-10-29T17:05:52.328+0000] {dagbag.py:545} INFO - Filling up the DagBag from /home/airflow/.local/lib/python3.11/site-packages/airflow/example_dags/example_xcomargs.py
[2024-10-29T17:05:52.338+0000] {processor.py:840} INFO - DAG(s) 'example_xcom_args_with_operators', 'example_xcom_args' retrieved from /home/airflow/.local/lib/python3.11/site-packages/airflow/example_dags/example_xcomargs.py
[2024-10-29T17:05:52.358+0000] {logging_mixin.py:188} INFO - [2024-10-29T17:05:52.357+0000] {dag.py:3096} INFO - Sync 2 DAGs
[2024-10-29T17:05:52.369+0000] {logging_mixin.py:188} INFO - [2024-10-29T17:05:52.369+0000] {dag.py:3954} INFO - Setting next_dagrun for example_xcom_args to None, run_after=None
[2024-10-29T17:05:52.372+0000] {logging_mixin.py:188} INFO - [2024-10-29T17:05:52.372+0000] {dag.py:3954} INFO - Setting next_dagrun for example_xcom_args_with_operators to None, run_after=None
[2024-10-29T17:05:52.392+0000] {processor.py:183} INFO - Processing /home/airflow/.local/lib/python3.11/site-packages/airflow/example_dags/example_xcomargs.py took 0.071 seconds
[2024-10-29T17:06:22.507+0000] {processor.py:161} INFO - Started process (PID=2398) to work on /home/airflow/.local/lib/python3.11/site-packages/airflow/example_dags/example_xcomargs.py
[2024-10-29T17:06:22.508+0000] {processor.py:830} INFO - Processing file /home/airflow/.local/lib/python3.11/site-packages/airflow/example_dags/example_xcomargs.py for tasks to queue
[2024-10-29T17:06:22.510+0000] {logging_mixin.py:188} INFO - [2024-10-29T17:06:22.510+0000] {dagbag.py:545} INFO - Filling up the DagBag from /home/airflow/.local/lib/python3.11/site-packages/airflow/example_dags/example_xcomargs.py
[2024-10-29T17:06:22.518+0000] {processor.py:840} INFO - DAG(s) 'example_xcom_args', 'example_xcom_args_with_operators' retrieved from /home/airflow/.local/lib/python3.11/site-packages/airflow/example_dags/example_xcomargs.py
[2024-10-29T17:06:22.543+0000] {logging_mixin.py:188} INFO - [2024-10-29T17:06:22.543+0000] {dag.py:3096} INFO - Sync 2 DAGs
[2024-10-29T17:06:22.553+0000] {logging_mixin.py:188} INFO - [2024-10-29T17:06:22.553+0000] {dag.py:3954} INFO - Setting next_dagrun for example_xcom_args to None, run_after=None
[2024-10-29T17:06:22.557+0000] {logging_mixin.py:188} INFO - [2024-10-29T17:06:22.557+0000] {dag.py:3954} INFO - Setting next_dagrun for example_xcom_args_with_operators to None, run_after=None
[2024-10-29T17:06:22.573+0000] {processor.py:183} INFO - Processing /home/airflow/.local/lib/python3.11/site-packages/airflow/example_dags/example_xcomargs.py took 0.072 seconds
[2024-10-29T17:06:52.664+0000] {processor.py:161} INFO - Started process (PID=2660) to work on /home/airflow/.local/lib/python3.11/site-packages/airflow/example_dags/example_xcomargs.py
[2024-10-29T17:06:52.666+0000] {processor.py:830} INFO - Processing file /home/airflow/.local/lib/python3.11/site-packages/airflow/example_dags/example_xcomargs.py for tasks to queue
[2024-10-29T17:06:52.668+0000] {logging_mixin.py:188} INFO - [2024-10-29T17:06:52.667+0000] {dagbag.py:545} INFO - Filling up the DagBag from /home/airflow/.local/lib/python3.11/site-packages/airflow/example_dags/example_xcomargs.py
[2024-10-29T17:06:52.677+0000] {processor.py:840} INFO - DAG(s) 'example_xcom_args_with_operators', 'example_xcom_args' retrieved from /home/airflow/.local/lib/python3.11/site-packages/airflow/example_dags/example_xcomargs.py
[2024-10-29T17:06:52.700+0000] {logging_mixin.py:188} INFO - [2024-10-29T17:06:52.700+0000] {dag.py:3096} INFO - Sync 2 DAGs
[2024-10-29T17:06:52.711+0000] {logging_mixin.py:188} INFO - [2024-10-29T17:06:52.711+0000] {dag.py:3954} INFO - Setting next_dagrun for example_xcom_args to None, run_after=None
[2024-10-29T17:06:52.715+0000] {logging_mixin.py:188} INFO - [2024-10-29T17:06:52.715+0000] {dag.py:3954} INFO - Setting next_dagrun for example_xcom_args_with_operators to None, run_after=None
[2024-10-29T17:06:52.732+0000] {processor.py:183} INFO - Processing /home/airflow/.local/lib/python3.11/site-packages/airflow/example_dags/example_xcomargs.py took 0.074 seconds
[2024-10-29T17:07:22.967+0000] {processor.py:161} INFO - Started process (PID=2922) to work on /home/airflow/.local/lib/python3.11/site-packages/airflow/example_dags/example_xcomargs.py
[2024-10-29T17:07:22.968+0000] {processor.py:830} INFO - Processing file /home/airflow/.local/lib/python3.11/site-packages/airflow/example_dags/example_xcomargs.py for tasks to queue
[2024-10-29T17:07:22.970+0000] {logging_mixin.py:188} INFO - [2024-10-29T17:07:22.970+0000] {dagbag.py:545} INFO - Filling up the DagBag from /home/airflow/.local/lib/python3.11/site-packages/airflow/example_dags/example_xcomargs.py
[2024-10-29T17:07:22.979+0000] {processor.py:840} INFO - DAG(s) 'example_xcom_args', 'example_xcom_args_with_operators' retrieved from /home/airflow/.local/lib/python3.11/site-packages/airflow/example_dags/example_xcomargs.py
[2024-10-29T17:07:23.011+0000] {logging_mixin.py:188} INFO - [2024-10-29T17:07:23.011+0000] {dag.py:3096} INFO - Sync 2 DAGs
[2024-10-29T17:07:23.027+0000] {logging_mixin.py:188} INFO - [2024-10-29T17:07:23.027+0000] {dag.py:3954} INFO - Setting next_dagrun for example_xcom_args to None, run_after=None
[2024-10-29T17:07:23.032+0000] {logging_mixin.py:188} INFO - [2024-10-29T17:07:23.032+0000] {dag.py:3954} INFO - Setting next_dagrun for example_xcom_args_with_operators to None, run_after=None
[2024-10-29T17:07:23.060+0000] {processor.py:183} INFO - Processing /home/airflow/.local/lib/python3.11/site-packages/airflow/example_dags/example_xcomargs.py took 0.099 seconds
[2024-10-29T17:07:53.402+0000] {processor.py:161} INFO - Started process (PID=3184) to work on /home/airflow/.local/lib/python3.11/site-packages/airflow/example_dags/example_xcomargs.py
[2024-10-29T17:07:53.403+0000] {processor.py:830} INFO - Processing file /home/airflow/.local/lib/python3.11/site-packages/airflow/example_dags/example_xcomargs.py for tasks to queue
[2024-10-29T17:07:53.406+0000] {logging_mixin.py:188} INFO - [2024-10-29T17:07:53.405+0000] {dagbag.py:545} INFO - Filling up the DagBag from /home/airflow/.local/lib/python3.11/site-packages/airflow/example_dags/example_xcomargs.py
[2024-10-29T17:07:53.421+0000] {processor.py:840} INFO - DAG(s) 'example_xcom_args', 'example_xcom_args_with_operators' retrieved from /home/airflow/.local/lib/python3.11/site-packages/airflow/example_dags/example_xcomargs.py
[2024-10-29T17:07:53.453+0000] {logging_mixin.py:188} INFO - [2024-10-29T17:07:53.453+0000] {dag.py:3096} INFO - Sync 2 DAGs
[2024-10-29T17:07:53.472+0000] {logging_mixin.py:188} INFO - [2024-10-29T17:07:53.471+0000] {dag.py:3954} INFO - Setting next_dagrun for example_xcom_args to None, run_after=None
[2024-10-29T17:07:53.482+0000] {logging_mixin.py:188} INFO - [2024-10-29T17:07:53.482+0000] {dag.py:3954} INFO - Setting next_dagrun for example_xcom_args_with_operators to None, run_after=None
[2024-10-29T17:07:53.514+0000] {processor.py:183} INFO - Processing /home/airflow/.local/lib/python3.11/site-packages/airflow/example_dags/example_xcomargs.py took 0.121 seconds
[2024-10-29T17:08:23.739+0000] {processor.py:161} INFO - Started process (PID=3448) to work on /home/airflow/.local/lib/python3.11/site-packages/airflow/example_dags/example_xcomargs.py
[2024-10-29T17:08:23.740+0000] {processor.py:830} INFO - Processing file /home/airflow/.local/lib/python3.11/site-packages/airflow/example_dags/example_xcomargs.py for tasks to queue
[2024-10-29T17:08:23.742+0000] {logging_mixin.py:188} INFO - [2024-10-29T17:08:23.742+0000] {dagbag.py:545} INFO - Filling up the DagBag from /home/airflow/.local/lib/python3.11/site-packages/airflow/example_dags/example_xcomargs.py
[2024-10-29T17:08:23.753+0000] {processor.py:840} INFO - DAG(s) 'example_xcom_args_with_operators', 'example_xcom_args' retrieved from /home/airflow/.local/lib/python3.11/site-packages/airflow/example_dags/example_xcomargs.py
[2024-10-29T17:08:23.791+0000] {logging_mixin.py:188} INFO - [2024-10-29T17:08:23.790+0000] {dag.py:3096} INFO - Sync 2 DAGs
[2024-10-29T17:08:23.804+0000] {logging_mixin.py:188} INFO - [2024-10-29T17:08:23.803+0000] {dag.py:3954} INFO - Setting next_dagrun for example_xcom_args to None, run_after=None
[2024-10-29T17:08:23.810+0000] {logging_mixin.py:188} INFO - [2024-10-29T17:08:23.809+0000] {dag.py:3954} INFO - Setting next_dagrun for example_xcom_args_with_operators to None, run_after=None
[2024-10-29T17:08:23.836+0000] {processor.py:183} INFO - Processing /home/airflow/.local/lib/python3.11/site-packages/airflow/example_dags/example_xcomargs.py took 0.106 seconds
[2024-10-29T17:09:28.128+0000] {processor.py:161} INFO - Started process (PID=295) to work on /home/airflow/.local/lib/python3.11/site-packages/airflow/example_dags/example_xcomargs.py
[2024-10-29T17:09:28.129+0000] {processor.py:830} INFO - Processing file /home/airflow/.local/lib/python3.11/site-packages/airflow/example_dags/example_xcomargs.py for tasks to queue
[2024-10-29T17:09:28.133+0000] {logging_mixin.py:188} INFO - [2024-10-29T17:09:28.132+0000] {dagbag.py:545} INFO - Filling up the DagBag from /home/airflow/.local/lib/python3.11/site-packages/airflow/example_dags/example_xcomargs.py
[2024-10-29T17:09:28.343+0000] {processor.py:840} INFO - DAG(s) 'example_xcom_args_with_operators', 'example_xcom_args' retrieved from /home/airflow/.local/lib/python3.11/site-packages/airflow/example_dags/example_xcomargs.py
[2024-10-29T17:09:28.355+0000] {logging_mixin.py:188} INFO - [2024-10-29T17:09:28.355+0000] {dag.py:3096} INFO - Sync 2 DAGs
[2024-10-29T17:09:28.365+0000] {logging_mixin.py:188} INFO - [2024-10-29T17:09:28.365+0000] {dag.py:3954} INFO - Setting next_dagrun for example_xcom_args to None, run_after=None
[2024-10-29T17:09:28.370+0000] {logging_mixin.py:188} INFO - [2024-10-29T17:09:28.370+0000] {dag.py:3954} INFO - Setting next_dagrun for example_xcom_args_with_operators to None, run_after=None
[2024-10-29T17:09:28.398+0000] {processor.py:183} INFO - Processing /home/airflow/.local/lib/python3.11/site-packages/airflow/example_dags/example_xcomargs.py took 0.278 seconds
[2024-10-29T17:09:59.091+0000] {processor.py:161} INFO - Started process (PID=557) to work on /home/airflow/.local/lib/python3.11/site-packages/airflow/example_dags/example_xcomargs.py
[2024-10-29T17:09:59.092+0000] {processor.py:830} INFO - Processing file /home/airflow/.local/lib/python3.11/site-packages/airflow/example_dags/example_xcomargs.py for tasks to queue
[2024-10-29T17:09:59.093+0000] {logging_mixin.py:188} INFO - [2024-10-29T17:09:59.093+0000] {dagbag.py:545} INFO - Filling up the DagBag from /home/airflow/.local/lib/python3.11/site-packages/airflow/example_dags/example_xcomargs.py
[2024-10-29T17:09:59.101+0000] {processor.py:840} INFO - DAG(s) 'example_xcom_args', 'example_xcom_args_with_operators' retrieved from /home/airflow/.local/lib/python3.11/site-packages/airflow/example_dags/example_xcomargs.py
[2024-10-29T17:09:59.207+0000] {logging_mixin.py:188} INFO - [2024-10-29T17:09:59.207+0000] {dag.py:3096} INFO - Sync 2 DAGs
[2024-10-29T17:09:59.217+0000] {logging_mixin.py:188} INFO - [2024-10-29T17:09:59.216+0000] {dag.py:3954} INFO - Setting next_dagrun for example_xcom_args to None, run_after=None
[2024-10-29T17:09:59.222+0000] {logging_mixin.py:188} INFO - [2024-10-29T17:09:59.221+0000] {dag.py:3954} INFO - Setting next_dagrun for example_xcom_args_with_operators to None, run_after=None
[2024-10-29T17:09:59.241+0000] {processor.py:183} INFO - Processing /home/airflow/.local/lib/python3.11/site-packages/airflow/example_dags/example_xcomargs.py took 0.155 seconds
[2024-10-29T17:10:30.254+0000] {processor.py:161} INFO - Started process (PID=819) to work on /home/airflow/.local/lib/python3.11/site-packages/airflow/example_dags/example_xcomargs.py
[2024-10-29T17:10:30.256+0000] {processor.py:830} INFO - Processing file /home/airflow/.local/lib/python3.11/site-packages/airflow/example_dags/example_xcomargs.py for tasks to queue
[2024-10-29T17:10:30.260+0000] {logging_mixin.py:188} INFO - [2024-10-29T17:10:30.259+0000] {dagbag.py:545} INFO - Filling up the DagBag from /home/airflow/.local/lib/python3.11/site-packages/airflow/example_dags/example_xcomargs.py
[2024-10-29T17:10:30.281+0000] {processor.py:840} INFO - DAG(s) 'example_xcom_args', 'example_xcom_args_with_operators' retrieved from /home/airflow/.local/lib/python3.11/site-packages/airflow/example_dags/example_xcomargs.py
[2024-10-29T17:10:30.340+0000] {logging_mixin.py:188} INFO - [2024-10-29T17:10:30.340+0000] {dag.py:3096} INFO - Sync 2 DAGs
[2024-10-29T17:10:30.364+0000] {logging_mixin.py:188} INFO - [2024-10-29T17:10:30.363+0000] {dag.py:3954} INFO - Setting next_dagrun for example_xcom_args to None, run_after=None
[2024-10-29T17:10:30.375+0000] {logging_mixin.py:188} INFO - [2024-10-29T17:10:30.374+0000] {dag.py:3954} INFO - Setting next_dagrun for example_xcom_args_with_operators to None, run_after=None
[2024-10-29T17:10:30.423+0000] {processor.py:183} INFO - Processing /home/airflow/.local/lib/python3.11/site-packages/airflow/example_dags/example_xcomargs.py took 0.176 seconds
[2024-10-29T17:11:00.679+0000] {processor.py:161} INFO - Started process (PID=1087) to work on /home/airflow/.local/lib/python3.11/site-packages/airflow/example_dags/example_xcomargs.py
[2024-10-29T17:11:00.680+0000] {processor.py:830} INFO - Processing file /home/airflow/.local/lib/python3.11/site-packages/airflow/example_dags/example_xcomargs.py for tasks to queue
[2024-10-29T17:11:00.682+0000] {logging_mixin.py:188} INFO - [2024-10-29T17:11:00.681+0000] {dagbag.py:545} INFO - Filling up the DagBag from /home/airflow/.local/lib/python3.11/site-packages/airflow/example_dags/example_xcomargs.py
[2024-10-29T17:11:00.690+0000] {processor.py:840} INFO - DAG(s) 'example_xcom_args_with_operators', 'example_xcom_args' retrieved from /home/airflow/.local/lib/python3.11/site-packages/airflow/example_dags/example_xcomargs.py
[2024-10-29T17:11:00.715+0000] {logging_mixin.py:188} INFO - [2024-10-29T17:11:00.715+0000] {dag.py:3096} INFO - Sync 2 DAGs
[2024-10-29T17:11:00.727+0000] {logging_mixin.py:188} INFO - [2024-10-29T17:11:00.726+0000] {dag.py:3954} INFO - Setting next_dagrun for example_xcom_args to None, run_after=None
[2024-10-29T17:11:00.732+0000] {logging_mixin.py:188} INFO - [2024-10-29T17:11:00.731+0000] {dag.py:3954} INFO - Setting next_dagrun for example_xcom_args_with_operators to None, run_after=None
[2024-10-29T17:11:00.771+0000] {processor.py:183} INFO - Processing /home/airflow/.local/lib/python3.11/site-packages/airflow/example_dags/example_xcomargs.py took 0.098 seconds
[2024-10-29T17:11:30.870+0000] {processor.py:161} INFO - Started process (PID=1351) to work on /home/airflow/.local/lib/python3.11/site-packages/airflow/example_dags/example_xcomargs.py
[2024-10-29T17:11:30.871+0000] {processor.py:830} INFO - Processing file /home/airflow/.local/lib/python3.11/site-packages/airflow/example_dags/example_xcomargs.py for tasks to queue
[2024-10-29T17:11:30.872+0000] {logging_mixin.py:188} INFO - [2024-10-29T17:11:30.872+0000] {dagbag.py:545} INFO - Filling up the DagBag from /home/airflow/.local/lib/python3.11/site-packages/airflow/example_dags/example_xcomargs.py
[2024-10-29T17:11:30.879+0000] {processor.py:840} INFO - DAG(s) 'example_xcom_args_with_operators', 'example_xcom_args' retrieved from /home/airflow/.local/lib/python3.11/site-packages/airflow/example_dags/example_xcomargs.py
[2024-10-29T17:11:30.900+0000] {logging_mixin.py:188} INFO - [2024-10-29T17:11:30.900+0000] {dag.py:3096} INFO - Sync 2 DAGs
[2024-10-29T17:11:30.911+0000] {logging_mixin.py:188} INFO - [2024-10-29T17:11:30.911+0000] {dag.py:3954} INFO - Setting next_dagrun for example_xcom_args to None, run_after=None
[2024-10-29T17:11:30.915+0000] {logging_mixin.py:188} INFO - [2024-10-29T17:11:30.915+0000] {dag.py:3954} INFO - Setting next_dagrun for example_xcom_args_with_operators to None, run_after=None
[2024-10-29T17:11:30.932+0000] {processor.py:183} INFO - Processing /home/airflow/.local/lib/python3.11/site-packages/airflow/example_dags/example_xcomargs.py took 0.067 seconds
[2024-10-29T17:12:02.023+0000] {processor.py:161} INFO - Started process (PID=1613) to work on /home/airflow/.local/lib/python3.11/site-packages/airflow/example_dags/example_xcomargs.py
[2024-10-29T17:12:02.024+0000] {processor.py:830} INFO - Processing file /home/airflow/.local/lib/python3.11/site-packages/airflow/example_dags/example_xcomargs.py for tasks to queue
[2024-10-29T17:12:02.026+0000] {logging_mixin.py:188} INFO - [2024-10-29T17:12:02.026+0000] {dagbag.py:545} INFO - Filling up the DagBag from /home/airflow/.local/lib/python3.11/site-packages/airflow/example_dags/example_xcomargs.py
[2024-10-29T17:12:02.034+0000] {processor.py:840} INFO - DAG(s) 'example_xcom_args', 'example_xcom_args_with_operators' retrieved from /home/airflow/.local/lib/python3.11/site-packages/airflow/example_dags/example_xcomargs.py
[2024-10-29T17:12:02.056+0000] {logging_mixin.py:188} INFO - [2024-10-29T17:12:02.056+0000] {dag.py:3096} INFO - Sync 2 DAGs
[2024-10-29T17:12:02.067+0000] {logging_mixin.py:188} INFO - [2024-10-29T17:12:02.067+0000] {dag.py:3954} INFO - Setting next_dagrun for example_xcom_args to None, run_after=None
[2024-10-29T17:12:02.070+0000] {logging_mixin.py:188} INFO - [2024-10-29T17:12:02.070+0000] {dag.py:3954} INFO - Setting next_dagrun for example_xcom_args_with_operators to None, run_after=None
[2024-10-29T17:12:02.087+0000] {processor.py:183} INFO - Processing /home/airflow/.local/lib/python3.11/site-packages/airflow/example_dags/example_xcomargs.py took 0.070 seconds
[2024-10-29T17:12:32.442+0000] {processor.py:161} INFO - Started process (PID=1873) to work on /home/airflow/.local/lib/python3.11/site-packages/airflow/example_dags/example_xcomargs.py
[2024-10-29T17:12:32.443+0000] {processor.py:830} INFO - Processing file /home/airflow/.local/lib/python3.11/site-packages/airflow/example_dags/example_xcomargs.py for tasks to queue
[2024-10-29T17:12:32.445+0000] {logging_mixin.py:188} INFO - [2024-10-29T17:12:32.445+0000] {dagbag.py:545} INFO - Filling up the DagBag from /home/airflow/.local/lib/python3.11/site-packages/airflow/example_dags/example_xcomargs.py
[2024-10-29T17:12:32.453+0000] {processor.py:840} INFO - DAG(s) 'example_xcom_args', 'example_xcom_args_with_operators' retrieved from /home/airflow/.local/lib/python3.11/site-packages/airflow/example_dags/example_xcomargs.py
[2024-10-29T17:12:32.481+0000] {logging_mixin.py:188} INFO - [2024-10-29T17:12:32.481+0000] {dag.py:3096} INFO - Sync 2 DAGs
[2024-10-29T17:12:32.493+0000] {logging_mixin.py:188} INFO - [2024-10-29T17:12:32.493+0000] {dag.py:3954} INFO - Setting next_dagrun for example_xcom_args to None, run_after=None
[2024-10-29T17:12:32.498+0000] {logging_mixin.py:188} INFO - [2024-10-29T17:12:32.497+0000] {dag.py:3954} INFO - Setting next_dagrun for example_xcom_args_with_operators to None, run_after=None
[2024-10-29T17:12:32.519+0000] {processor.py:183} INFO - Processing /home/airflow/.local/lib/python3.11/site-packages/airflow/example_dags/example_xcomargs.py took 0.084 seconds
