[2024-10-29T17:02:22.160+0000] {processor.py:161} INFO - Started process (PID=381) to work on /home/airflow/.local/lib/python3.11/site-packages/airflow/example_dags/example_branch_python_dop_operator_3.py
[2024-10-29T17:02:22.161+0000] {processor.py:830} INFO - Processing file /home/airflow/.local/lib/python3.11/site-packages/airflow/example_dags/example_branch_python_dop_operator_3.py for tasks to queue
[2024-10-29T17:02:22.163+0000] {logging_mixin.py:188} INFO - [2024-10-29T17:02:22.163+0000] {dagbag.py:545} INFO - Filling up the DagBag from /home/airflow/.local/lib/python3.11/site-packages/airflow/example_dags/example_branch_python_dop_operator_3.py
[2024-10-29T17:02:22.175+0000] {processor.py:840} INFO - DAG(s) 'example_branch_dop_operator_v3' retrieved from /home/airflow/.local/lib/python3.11/site-packages/airflow/example_dags/example_branch_python_dop_operator_3.py
[2024-10-29T17:02:22.284+0000] {logging_mixin.py:188} INFO - [2024-10-29T17:02:22.283+0000] {override.py:1829} INFO - Created Permission View: can edit on DAG:example_branch_dop_operator_v3
[2024-10-29T17:02:22.294+0000] {logging_mixin.py:188} INFO - [2024-10-29T17:02:22.294+0000] {override.py:1829} INFO - Created Permission View: can delete on DAG:example_branch_dop_operator_v3
[2024-10-29T17:02:22.303+0000] {logging_mixin.py:188} INFO - [2024-10-29T17:02:22.303+0000] {override.py:1829} INFO - Created Permission View: can read on DAG:example_branch_dop_operator_v3
[2024-10-29T17:02:22.304+0000] {logging_mixin.py:188} INFO - [2024-10-29T17:02:22.304+0000] {dag.py:3096} INFO - Sync 1 DAGs
[2024-10-29T17:02:22.312+0000] {logging_mixin.py:188} INFO - [2024-10-29T17:02:22.312+0000] {dag.py:3118} INFO - Creating ORM DAG for example_branch_dop_operator_v3
[2024-10-29T17:02:22.323+0000] {logging_mixin.py:188} INFO - [2024-10-29T17:02:22.323+0000] {dag.py:3954} INFO - Setting next_dagrun for example_branch_dop_operator_v3 to 2024-10-29 17:01:00+00:00, run_after=2024-10-29 17:02:00+00:00
[2024-10-29T17:02:22.355+0000] {processor.py:183} INFO - Processing /home/airflow/.local/lib/python3.11/site-packages/airflow/example_dags/example_branch_python_dop_operator_3.py took 0.202 seconds
[2024-10-29T17:02:53.169+0000] {processor.py:161} INFO - Started process (PID=643) to work on /home/airflow/.local/lib/python3.11/site-packages/airflow/example_dags/example_branch_python_dop_operator_3.py
[2024-10-29T17:02:53.170+0000] {processor.py:830} INFO - Processing file /home/airflow/.local/lib/python3.11/site-packages/airflow/example_dags/example_branch_python_dop_operator_3.py for tasks to queue
[2024-10-29T17:02:53.173+0000] {logging_mixin.py:188} INFO - [2024-10-29T17:02:53.172+0000] {dagbag.py:545} INFO - Filling up the DagBag from /home/airflow/.local/lib/python3.11/site-packages/airflow/example_dags/example_branch_python_dop_operator_3.py
[2024-10-29T17:02:53.183+0000] {processor.py:840} INFO - DAG(s) 'example_branch_dop_operator_v3' retrieved from /home/airflow/.local/lib/python3.11/site-packages/airflow/example_dags/example_branch_python_dop_operator_3.py
[2024-10-29T17:02:53.206+0000] {logging_mixin.py:188} INFO - [2024-10-29T17:02:53.205+0000] {dag.py:3096} INFO - Sync 1 DAGs
[2024-10-29T17:02:53.237+0000] {logging_mixin.py:188} INFO - [2024-10-29T17:02:53.237+0000] {dag.py:3954} INFO - Setting next_dagrun for example_branch_dop_operator_v3 to 2024-10-29 17:01:00+00:00, run_after=2024-10-29 17:02:00+00:00
[2024-10-29T17:02:53.262+0000] {processor.py:183} INFO - Processing /home/airflow/.local/lib/python3.11/site-packages/airflow/example_dags/example_branch_python_dop_operator_3.py took 0.100 seconds
[2024-10-29T17:03:23.693+0000] {processor.py:161} INFO - Started process (PID=905) to work on /home/airflow/.local/lib/python3.11/site-packages/airflow/example_dags/example_branch_python_dop_operator_3.py
[2024-10-29T17:03:23.694+0000] {processor.py:830} INFO - Processing file /home/airflow/.local/lib/python3.11/site-packages/airflow/example_dags/example_branch_python_dop_operator_3.py for tasks to queue
[2024-10-29T17:03:23.697+0000] {logging_mixin.py:188} INFO - [2024-10-29T17:03:23.697+0000] {dagbag.py:545} INFO - Filling up the DagBag from /home/airflow/.local/lib/python3.11/site-packages/airflow/example_dags/example_branch_python_dop_operator_3.py
[2024-10-29T17:03:23.709+0000] {processor.py:840} INFO - DAG(s) 'example_branch_dop_operator_v3' retrieved from /home/airflow/.local/lib/python3.11/site-packages/airflow/example_dags/example_branch_python_dop_operator_3.py
[2024-10-29T17:03:23.778+0000] {logging_mixin.py:188} INFO - [2024-10-29T17:03:23.777+0000] {dag.py:3096} INFO - Sync 1 DAGs
[2024-10-29T17:03:24.067+0000] {logging_mixin.py:188} INFO - [2024-10-29T17:03:24.052+0000] {dag.py:3954} INFO - Setting next_dagrun for example_branch_dop_operator_v3 to 2024-10-29 17:02:00+00:00, run_after=2024-10-29 17:03:00+00:00
[2024-10-29T17:03:24.176+0000] {processor.py:183} INFO - Processing /home/airflow/.local/lib/python3.11/site-packages/airflow/example_dags/example_branch_python_dop_operator_3.py took 0.496 seconds
[2024-10-29T17:03:54.253+0000] {processor.py:161} INFO - Started process (PID=1163) to work on /home/airflow/.local/lib/python3.11/site-packages/airflow/example_dags/example_branch_python_dop_operator_3.py
[2024-10-29T17:03:54.255+0000] {processor.py:830} INFO - Processing file /home/airflow/.local/lib/python3.11/site-packages/airflow/example_dags/example_branch_python_dop_operator_3.py for tasks to queue
[2024-10-29T17:03:54.258+0000] {logging_mixin.py:188} INFO - [2024-10-29T17:03:54.257+0000] {dagbag.py:545} INFO - Filling up the DagBag from /home/airflow/.local/lib/python3.11/site-packages/airflow/example_dags/example_branch_python_dop_operator_3.py
[2024-10-29T17:03:54.272+0000] {processor.py:840} INFO - DAG(s) 'example_branch_dop_operator_v3' retrieved from /home/airflow/.local/lib/python3.11/site-packages/airflow/example_dags/example_branch_python_dop_operator_3.py
[2024-10-29T17:03:54.296+0000] {logging_mixin.py:188} INFO - [2024-10-29T17:03:54.295+0000] {dag.py:3096} INFO - Sync 1 DAGs
[2024-10-29T17:03:54.698+0000] {logging_mixin.py:188} INFO - [2024-10-29T17:03:54.697+0000] {dag.py:3954} INFO - Setting next_dagrun for example_branch_dop_operator_v3 to 2024-10-29 17:02:00+00:00, run_after=2024-10-29 17:03:00+00:00
[2024-10-29T17:03:54.738+0000] {processor.py:183} INFO - Processing /home/airflow/.local/lib/python3.11/site-packages/airflow/example_dags/example_branch_python_dop_operator_3.py took 0.493 seconds
[2024-10-29T17:04:25.620+0000] {processor.py:161} INFO - Started process (PID=1425) to work on /home/airflow/.local/lib/python3.11/site-packages/airflow/example_dags/example_branch_python_dop_operator_3.py
[2024-10-29T17:04:25.621+0000] {processor.py:830} INFO - Processing file /home/airflow/.local/lib/python3.11/site-packages/airflow/example_dags/example_branch_python_dop_operator_3.py for tasks to queue
[2024-10-29T17:04:25.622+0000] {logging_mixin.py:188} INFO - [2024-10-29T17:04:25.622+0000] {dagbag.py:545} INFO - Filling up the DagBag from /home/airflow/.local/lib/python3.11/site-packages/airflow/example_dags/example_branch_python_dop_operator_3.py
[2024-10-29T17:04:25.632+0000] {processor.py:840} INFO - DAG(s) 'example_branch_dop_operator_v3' retrieved from /home/airflow/.local/lib/python3.11/site-packages/airflow/example_dags/example_branch_python_dop_operator_3.py
[2024-10-29T17:04:25.653+0000] {logging_mixin.py:188} INFO - [2024-10-29T17:04:25.653+0000] {dag.py:3096} INFO - Sync 1 DAGs
[2024-10-29T17:04:25.682+0000] {logging_mixin.py:188} INFO - [2024-10-29T17:04:25.681+0000] {dag.py:3954} INFO - Setting next_dagrun for example_branch_dop_operator_v3 to 2024-10-29 17:03:00+00:00, run_after=2024-10-29 17:04:00+00:00
[2024-10-29T17:04:25.707+0000] {processor.py:183} INFO - Processing /home/airflow/.local/lib/python3.11/site-packages/airflow/example_dags/example_branch_python_dop_operator_3.py took 0.092 seconds
[2024-10-29T17:04:56.642+0000] {processor.py:161} INFO - Started process (PID=1692) to work on /home/airflow/.local/lib/python3.11/site-packages/airflow/example_dags/example_branch_python_dop_operator_3.py
[2024-10-29T17:04:56.643+0000] {processor.py:830} INFO - Processing file /home/airflow/.local/lib/python3.11/site-packages/airflow/example_dags/example_branch_python_dop_operator_3.py for tasks to queue
[2024-10-29T17:04:56.644+0000] {logging_mixin.py:188} INFO - [2024-10-29T17:04:56.644+0000] {dagbag.py:545} INFO - Filling up the DagBag from /home/airflow/.local/lib/python3.11/site-packages/airflow/example_dags/example_branch_python_dop_operator_3.py
[2024-10-29T17:04:56.653+0000] {processor.py:840} INFO - DAG(s) 'example_branch_dop_operator_v3' retrieved from /home/airflow/.local/lib/python3.11/site-packages/airflow/example_dags/example_branch_python_dop_operator_3.py
[2024-10-29T17:04:56.674+0000] {logging_mixin.py:188} INFO - [2024-10-29T17:04:56.674+0000] {dag.py:3096} INFO - Sync 1 DAGs
[2024-10-29T17:04:56.697+0000] {logging_mixin.py:188} INFO - [2024-10-29T17:04:56.696+0000] {dag.py:3954} INFO - Setting next_dagrun for example_branch_dop_operator_v3 to 2024-10-29 17:03:00+00:00, run_after=2024-10-29 17:04:00+00:00
[2024-10-29T17:04:56.722+0000] {processor.py:183} INFO - Processing /home/airflow/.local/lib/python3.11/site-packages/airflow/example_dags/example_branch_python_dop_operator_3.py took 0.086 seconds
[2024-10-29T17:05:26.943+0000] {processor.py:161} INFO - Started process (PID=1954) to work on /home/airflow/.local/lib/python3.11/site-packages/airflow/example_dags/example_branch_python_dop_operator_3.py
[2024-10-29T17:05:26.946+0000] {processor.py:830} INFO - Processing file /home/airflow/.local/lib/python3.11/site-packages/airflow/example_dags/example_branch_python_dop_operator_3.py for tasks to queue
[2024-10-29T17:05:26.949+0000] {logging_mixin.py:188} INFO - [2024-10-29T17:05:26.949+0000] {dagbag.py:545} INFO - Filling up the DagBag from /home/airflow/.local/lib/python3.11/site-packages/airflow/example_dags/example_branch_python_dop_operator_3.py
[2024-10-29T17:05:26.958+0000] {processor.py:840} INFO - DAG(s) 'example_branch_dop_operator_v3' retrieved from /home/airflow/.local/lib/python3.11/site-packages/airflow/example_dags/example_branch_python_dop_operator_3.py
[2024-10-29T17:05:26.979+0000] {logging_mixin.py:188} INFO - [2024-10-29T17:05:26.979+0000] {dag.py:3096} INFO - Sync 1 DAGs
[2024-10-29T17:05:27.012+0000] {logging_mixin.py:188} INFO - [2024-10-29T17:05:27.012+0000] {dag.py:3954} INFO - Setting next_dagrun for example_branch_dop_operator_v3 to 2024-10-29 17:04:00+00:00, run_after=2024-10-29 17:05:00+00:00
[2024-10-29T17:05:27.035+0000] {processor.py:183} INFO - Processing /home/airflow/.local/lib/python3.11/site-packages/airflow/example_dags/example_branch_python_dop_operator_3.py took 0.099 seconds
[2024-10-29T17:05:57.081+0000] {processor.py:161} INFO - Started process (PID=2211) to work on /home/airflow/.local/lib/python3.11/site-packages/airflow/example_dags/example_branch_python_dop_operator_3.py
[2024-10-29T17:05:57.082+0000] {processor.py:830} INFO - Processing file /home/airflow/.local/lib/python3.11/site-packages/airflow/example_dags/example_branch_python_dop_operator_3.py for tasks to queue
[2024-10-29T17:05:57.084+0000] {logging_mixin.py:188} INFO - [2024-10-29T17:05:57.084+0000] {dagbag.py:545} INFO - Filling up the DagBag from /home/airflow/.local/lib/python3.11/site-packages/airflow/example_dags/example_branch_python_dop_operator_3.py
[2024-10-29T17:05:57.096+0000] {processor.py:840} INFO - DAG(s) 'example_branch_dop_operator_v3' retrieved from /home/airflow/.local/lib/python3.11/site-packages/airflow/example_dags/example_branch_python_dop_operator_3.py
[2024-10-29T17:05:57.114+0000] {logging_mixin.py:188} INFO - [2024-10-29T17:05:57.114+0000] {dag.py:3096} INFO - Sync 1 DAGs
[2024-10-29T17:05:57.142+0000] {logging_mixin.py:188} INFO - [2024-10-29T17:05:57.142+0000] {dag.py:3954} INFO - Setting next_dagrun for example_branch_dop_operator_v3 to 2024-10-29 17:04:00+00:00, run_after=2024-10-29 17:05:00+00:00
[2024-10-29T17:05:57.164+0000] {processor.py:183} INFO - Processing /home/airflow/.local/lib/python3.11/site-packages/airflow/example_dags/example_branch_python_dop_operator_3.py took 0.088 seconds
[2024-10-29T17:06:27.408+0000] {processor.py:161} INFO - Started process (PID=2473) to work on /home/airflow/.local/lib/python3.11/site-packages/airflow/example_dags/example_branch_python_dop_operator_3.py
[2024-10-29T17:06:27.409+0000] {processor.py:830} INFO - Processing file /home/airflow/.local/lib/python3.11/site-packages/airflow/example_dags/example_branch_python_dop_operator_3.py for tasks to queue
[2024-10-29T17:06:27.411+0000] {logging_mixin.py:188} INFO - [2024-10-29T17:06:27.411+0000] {dagbag.py:545} INFO - Filling up the DagBag from /home/airflow/.local/lib/python3.11/site-packages/airflow/example_dags/example_branch_python_dop_operator_3.py
[2024-10-29T17:06:27.419+0000] {processor.py:840} INFO - DAG(s) 'example_branch_dop_operator_v3' retrieved from /home/airflow/.local/lib/python3.11/site-packages/airflow/example_dags/example_branch_python_dop_operator_3.py
[2024-10-29T17:06:27.442+0000] {logging_mixin.py:188} INFO - [2024-10-29T17:06:27.442+0000] {dag.py:3096} INFO - Sync 1 DAGs
[2024-10-29T17:06:27.467+0000] {logging_mixin.py:188} INFO - [2024-10-29T17:06:27.467+0000] {dag.py:3954} INFO - Setting next_dagrun for example_branch_dop_operator_v3 to 2024-10-29 17:05:00+00:00, run_after=2024-10-29 17:06:00+00:00
[2024-10-29T17:06:27.492+0000] {processor.py:183} INFO - Processing /home/airflow/.local/lib/python3.11/site-packages/airflow/example_dags/example_branch_python_dop_operator_3.py took 0.089 seconds
[2024-10-29T17:06:57.624+0000] {processor.py:161} INFO - Started process (PID=2735) to work on /home/airflow/.local/lib/python3.11/site-packages/airflow/example_dags/example_branch_python_dop_operator_3.py
[2024-10-29T17:06:57.625+0000] {processor.py:830} INFO - Processing file /home/airflow/.local/lib/python3.11/site-packages/airflow/example_dags/example_branch_python_dop_operator_3.py for tasks to queue
[2024-10-29T17:06:57.627+0000] {logging_mixin.py:188} INFO - [2024-10-29T17:06:57.627+0000] {dagbag.py:545} INFO - Filling up the DagBag from /home/airflow/.local/lib/python3.11/site-packages/airflow/example_dags/example_branch_python_dop_operator_3.py
[2024-10-29T17:06:57.635+0000] {processor.py:840} INFO - DAG(s) 'example_branch_dop_operator_v3' retrieved from /home/airflow/.local/lib/python3.11/site-packages/airflow/example_dags/example_branch_python_dop_operator_3.py
[2024-10-29T17:06:57.657+0000] {logging_mixin.py:188} INFO - [2024-10-29T17:06:57.657+0000] {dag.py:3096} INFO - Sync 1 DAGs
[2024-10-29T17:06:57.683+0000] {logging_mixin.py:188} INFO - [2024-10-29T17:06:57.682+0000] {dag.py:3954} INFO - Setting next_dagrun for example_branch_dop_operator_v3 to 2024-10-29 17:05:00+00:00, run_after=2024-10-29 17:06:00+00:00
[2024-10-29T17:06:57.715+0000] {processor.py:183} INFO - Processing /home/airflow/.local/lib/python3.11/site-packages/airflow/example_dags/example_branch_python_dop_operator_3.py took 0.097 seconds
[2024-10-29T17:07:28.241+0000] {processor.py:161} INFO - Started process (PID=3002) to work on /home/airflow/.local/lib/python3.11/site-packages/airflow/example_dags/example_branch_python_dop_operator_3.py
[2024-10-29T17:07:28.242+0000] {processor.py:830} INFO - Processing file /home/airflow/.local/lib/python3.11/site-packages/airflow/example_dags/example_branch_python_dop_operator_3.py for tasks to queue
[2024-10-29T17:07:28.244+0000] {logging_mixin.py:188} INFO - [2024-10-29T17:07:28.243+0000] {dagbag.py:545} INFO - Filling up the DagBag from /home/airflow/.local/lib/python3.11/site-packages/airflow/example_dags/example_branch_python_dop_operator_3.py
[2024-10-29T17:07:28.255+0000] {processor.py:840} INFO - DAG(s) 'example_branch_dop_operator_v3' retrieved from /home/airflow/.local/lib/python3.11/site-packages/airflow/example_dags/example_branch_python_dop_operator_3.py
[2024-10-29T17:07:28.276+0000] {logging_mixin.py:188} INFO - [2024-10-29T17:07:28.276+0000] {dag.py:3096} INFO - Sync 1 DAGs
[2024-10-29T17:07:28.309+0000] {logging_mixin.py:188} INFO - [2024-10-29T17:07:28.309+0000] {dag.py:3954} INFO - Setting next_dagrun for example_branch_dop_operator_v3 to 2024-10-29 17:06:00+00:00, run_after=2024-10-29 17:07:00+00:00
[2024-10-29T17:07:28.333+0000] {processor.py:183} INFO - Processing /home/airflow/.local/lib/python3.11/site-packages/airflow/example_dags/example_branch_python_dop_operator_3.py took 0.098 seconds
[2024-10-29T17:07:58.512+0000] {processor.py:161} INFO - Started process (PID=3264) to work on /home/airflow/.local/lib/python3.11/site-packages/airflow/example_dags/example_branch_python_dop_operator_3.py
[2024-10-29T17:07:58.513+0000] {processor.py:830} INFO - Processing file /home/airflow/.local/lib/python3.11/site-packages/airflow/example_dags/example_branch_python_dop_operator_3.py for tasks to queue
[2024-10-29T17:07:58.514+0000] {logging_mixin.py:188} INFO - [2024-10-29T17:07:58.514+0000] {dagbag.py:545} INFO - Filling up the DagBag from /home/airflow/.local/lib/python3.11/site-packages/airflow/example_dags/example_branch_python_dop_operator_3.py
[2024-10-29T17:07:58.522+0000] {processor.py:840} INFO - DAG(s) 'example_branch_dop_operator_v3' retrieved from /home/airflow/.local/lib/python3.11/site-packages/airflow/example_dags/example_branch_python_dop_operator_3.py
[2024-10-29T17:07:58.551+0000] {logging_mixin.py:188} INFO - [2024-10-29T17:07:58.551+0000] {dag.py:3096} INFO - Sync 1 DAGs
[2024-10-29T17:07:58.583+0000] {logging_mixin.py:188} INFO - [2024-10-29T17:07:58.583+0000] {dag.py:3954} INFO - Setting next_dagrun for example_branch_dop_operator_v3 to 2024-10-29 17:06:00+00:00, run_after=2024-10-29 17:07:00+00:00
[2024-10-29T17:07:58.610+0000] {processor.py:183} INFO - Processing /home/airflow/.local/lib/python3.11/site-packages/airflow/example_dags/example_branch_python_dop_operator_3.py took 0.104 seconds
[2024-10-29T17:08:29.018+0000] {processor.py:161} INFO - Started process (PID=3526) to work on /home/airflow/.local/lib/python3.11/site-packages/airflow/example_dags/example_branch_python_dop_operator_3.py
[2024-10-29T17:08:29.019+0000] {processor.py:830} INFO - Processing file /home/airflow/.local/lib/python3.11/site-packages/airflow/example_dags/example_branch_python_dop_operator_3.py for tasks to queue
[2024-10-29T17:08:29.022+0000] {logging_mixin.py:188} INFO - [2024-10-29T17:08:29.021+0000] {dagbag.py:545} INFO - Filling up the DagBag from /home/airflow/.local/lib/python3.11/site-packages/airflow/example_dags/example_branch_python_dop_operator_3.py
[2024-10-29T17:08:29.038+0000] {processor.py:840} INFO - DAG(s) 'example_branch_dop_operator_v3' retrieved from /home/airflow/.local/lib/python3.11/site-packages/airflow/example_dags/example_branch_python_dop_operator_3.py
[2024-10-29T17:08:29.064+0000] {logging_mixin.py:188} INFO - [2024-10-29T17:08:29.064+0000] {dag.py:3096} INFO - Sync 1 DAGs
[2024-10-29T17:08:29.107+0000] {logging_mixin.py:188} INFO - [2024-10-29T17:08:29.106+0000] {dag.py:3954} INFO - Setting next_dagrun for example_branch_dop_operator_v3 to 2024-10-29 17:07:00+00:00, run_after=2024-10-29 17:08:00+00:00
[2024-10-29T17:08:29.134+0000] {processor.py:183} INFO - Processing /home/airflow/.local/lib/python3.11/site-packages/airflow/example_dags/example_branch_python_dop_operator_3.py took 0.125 seconds
[2024-10-29T17:09:29.812+0000] {processor.py:161} INFO - Started process (PID=375) to work on /home/airflow/.local/lib/python3.11/site-packages/airflow/example_dags/example_branch_python_dop_operator_3.py
[2024-10-29T17:09:29.814+0000] {processor.py:830} INFO - Processing file /home/airflow/.local/lib/python3.11/site-packages/airflow/example_dags/example_branch_python_dop_operator_3.py for tasks to queue
[2024-10-29T17:09:29.815+0000] {logging_mixin.py:188} INFO - [2024-10-29T17:09:29.815+0000] {dagbag.py:545} INFO - Filling up the DagBag from /home/airflow/.local/lib/python3.11/site-packages/airflow/example_dags/example_branch_python_dop_operator_3.py
[2024-10-29T17:09:29.825+0000] {processor.py:840} INFO - DAG(s) 'example_branch_dop_operator_v3' retrieved from /home/airflow/.local/lib/python3.11/site-packages/airflow/example_dags/example_branch_python_dop_operator_3.py
[2024-10-29T17:09:29.837+0000] {logging_mixin.py:188} INFO - [2024-10-29T17:09:29.837+0000] {dag.py:3096} INFO - Sync 1 DAGs
[2024-10-29T17:09:29.862+0000] {logging_mixin.py:188} INFO - [2024-10-29T17:09:29.862+0000] {dag.py:3954} INFO - Setting next_dagrun for example_branch_dop_operator_v3 to 2024-10-29 17:08:00+00:00, run_after=2024-10-29 17:09:00+00:00
[2024-10-29T17:09:29.914+0000] {processor.py:183} INFO - Processing /home/airflow/.local/lib/python3.11/site-packages/airflow/example_dags/example_branch_python_dop_operator_3.py took 0.109 seconds
[2024-10-29T17:10:01.514+0000] {processor.py:161} INFO - Started process (PID=643) to work on /home/airflow/.local/lib/python3.11/site-packages/airflow/example_dags/example_branch_python_dop_operator_3.py
[2024-10-29T17:10:01.515+0000] {processor.py:830} INFO - Processing file /home/airflow/.local/lib/python3.11/site-packages/airflow/example_dags/example_branch_python_dop_operator_3.py for tasks to queue
[2024-10-29T17:10:01.517+0000] {logging_mixin.py:188} INFO - [2024-10-29T17:10:01.517+0000] {dagbag.py:545} INFO - Filling up the DagBag from /home/airflow/.local/lib/python3.11/site-packages/airflow/example_dags/example_branch_python_dop_operator_3.py
[2024-10-29T17:10:01.525+0000] {processor.py:840} INFO - DAG(s) 'example_branch_dop_operator_v3' retrieved from /home/airflow/.local/lib/python3.11/site-packages/airflow/example_dags/example_branch_python_dop_operator_3.py
[2024-10-29T17:10:01.666+0000] {logging_mixin.py:188} INFO - [2024-10-29T17:10:01.666+0000] {dag.py:3096} INFO - Sync 1 DAGs
[2024-10-29T17:10:01.731+0000] {logging_mixin.py:188} INFO - [2024-10-29T17:10:01.730+0000] {dag.py:3954} INFO - Setting next_dagrun for example_branch_dop_operator_v3 to 2024-10-29 17:09:00+00:00, run_after=2024-10-29 17:10:00+00:00
[2024-10-29T17:10:01.823+0000] {processor.py:183} INFO - Processing /home/airflow/.local/lib/python3.11/site-packages/airflow/example_dags/example_branch_python_dop_operator_3.py took 0.314 seconds
[2024-10-29T17:10:31.996+0000] {processor.py:161} INFO - Started process (PID=905) to work on /home/airflow/.local/lib/python3.11/site-packages/airflow/example_dags/example_branch_python_dop_operator_3.py
[2024-10-29T17:10:31.997+0000] {processor.py:830} INFO - Processing file /home/airflow/.local/lib/python3.11/site-packages/airflow/example_dags/example_branch_python_dop_operator_3.py for tasks to queue
[2024-10-29T17:10:32.001+0000] {logging_mixin.py:188} INFO - [2024-10-29T17:10:32.001+0000] {dagbag.py:545} INFO - Filling up the DagBag from /home/airflow/.local/lib/python3.11/site-packages/airflow/example_dags/example_branch_python_dop_operator_3.py
[2024-10-29T17:10:32.024+0000] {processor.py:840} INFO - DAG(s) 'example_branch_dop_operator_v3' retrieved from /home/airflow/.local/lib/python3.11/site-packages/airflow/example_dags/example_branch_python_dop_operator_3.py
[2024-10-29T17:10:32.063+0000] {logging_mixin.py:188} INFO - [2024-10-29T17:10:32.062+0000] {dag.py:3096} INFO - Sync 1 DAGs
[2024-10-29T17:10:32.091+0000] {logging_mixin.py:188} INFO - [2024-10-29T17:10:32.091+0000] {dag.py:3954} INFO - Setting next_dagrun for example_branch_dop_operator_v3 to 2024-10-29 17:09:00+00:00, run_after=2024-10-29 17:10:00+00:00
[2024-10-29T17:10:32.118+0000] {processor.py:183} INFO - Processing /home/airflow/.local/lib/python3.11/site-packages/airflow/example_dags/example_branch_python_dop_operator_3.py took 0.131 seconds
[2024-10-29T17:11:02.876+0000] {processor.py:161} INFO - Started process (PID=1167) to work on /home/airflow/.local/lib/python3.11/site-packages/airflow/example_dags/example_branch_python_dop_operator_3.py
[2024-10-29T17:11:02.877+0000] {processor.py:830} INFO - Processing file /home/airflow/.local/lib/python3.11/site-packages/airflow/example_dags/example_branch_python_dop_operator_3.py for tasks to queue
[2024-10-29T17:11:02.879+0000] {logging_mixin.py:188} INFO - [2024-10-29T17:11:02.878+0000] {dagbag.py:545} INFO - Filling up the DagBag from /home/airflow/.local/lib/python3.11/site-packages/airflow/example_dags/example_branch_python_dop_operator_3.py
[2024-10-29T17:11:02.889+0000] {processor.py:840} INFO - DAG(s) 'example_branch_dop_operator_v3' retrieved from /home/airflow/.local/lib/python3.11/site-packages/airflow/example_dags/example_branch_python_dop_operator_3.py
[2024-10-29T17:11:02.907+0000] {logging_mixin.py:188} INFO - [2024-10-29T17:11:02.907+0000] {dag.py:3096} INFO - Sync 1 DAGs
[2024-10-29T17:11:02.936+0000] {logging_mixin.py:188} INFO - [2024-10-29T17:11:02.936+0000] {dag.py:3954} INFO - Setting next_dagrun for example_branch_dop_operator_v3 to 2024-10-29 17:10:00+00:00, run_after=2024-10-29 17:11:00+00:00
[2024-10-29T17:11:02.962+0000] {processor.py:183} INFO - Processing /home/airflow/.local/lib/python3.11/site-packages/airflow/example_dags/example_branch_python_dop_operator_3.py took 0.092 seconds
[2024-10-29T17:11:33.801+0000] {processor.py:161} INFO - Started process (PID=1429) to work on /home/airflow/.local/lib/python3.11/site-packages/airflow/example_dags/example_branch_python_dop_operator_3.py
[2024-10-29T17:11:33.802+0000] {processor.py:830} INFO - Processing file /home/airflow/.local/lib/python3.11/site-packages/airflow/example_dags/example_branch_python_dop_operator_3.py for tasks to queue
[2024-10-29T17:11:33.804+0000] {logging_mixin.py:188} INFO - [2024-10-29T17:11:33.804+0000] {dagbag.py:545} INFO - Filling up the DagBag from /home/airflow/.local/lib/python3.11/site-packages/airflow/example_dags/example_branch_python_dop_operator_3.py
[2024-10-29T17:11:33.814+0000] {processor.py:840} INFO - DAG(s) 'example_branch_dop_operator_v3' retrieved from /home/airflow/.local/lib/python3.11/site-packages/airflow/example_dags/example_branch_python_dop_operator_3.py
[2024-10-29T17:11:33.832+0000] {logging_mixin.py:188} INFO - [2024-10-29T17:11:33.832+0000] {dag.py:3096} INFO - Sync 1 DAGs
[2024-10-29T17:11:33.856+0000] {logging_mixin.py:188} INFO - [2024-10-29T17:11:33.856+0000] {dag.py:3954} INFO - Setting next_dagrun for example_branch_dop_operator_v3 to 2024-10-29 17:10:00+00:00, run_after=2024-10-29 17:11:00+00:00
[2024-10-29T17:11:33.878+0000] {processor.py:183} INFO - Processing /home/airflow/.local/lib/python3.11/site-packages/airflow/example_dags/example_branch_python_dop_operator_3.py took 0.082 seconds
[2024-10-29T17:12:03.989+0000] {processor.py:161} INFO - Started process (PID=1691) to work on /home/airflow/.local/lib/python3.11/site-packages/airflow/example_dags/example_branch_python_dop_operator_3.py
[2024-10-29T17:12:03.990+0000] {processor.py:830} INFO - Processing file /home/airflow/.local/lib/python3.11/site-packages/airflow/example_dags/example_branch_python_dop_operator_3.py for tasks to queue
[2024-10-29T17:12:03.992+0000] {logging_mixin.py:188} INFO - [2024-10-29T17:12:03.991+0000] {dagbag.py:545} INFO - Filling up the DagBag from /home/airflow/.local/lib/python3.11/site-packages/airflow/example_dags/example_branch_python_dop_operator_3.py
[2024-10-29T17:12:04.000+0000] {processor.py:840} INFO - DAG(s) 'example_branch_dop_operator_v3' retrieved from /home/airflow/.local/lib/python3.11/site-packages/airflow/example_dags/example_branch_python_dop_operator_3.py
[2024-10-29T17:12:04.020+0000] {logging_mixin.py:188} INFO - [2024-10-29T17:12:04.019+0000] {dag.py:3096} INFO - Sync 1 DAGs
[2024-10-29T17:12:04.044+0000] {logging_mixin.py:188} INFO - [2024-10-29T17:12:04.044+0000] {dag.py:3954} INFO - Setting next_dagrun for example_branch_dop_operator_v3 to 2024-10-29 17:11:00+00:00, run_after=2024-10-29 17:12:00+00:00
[2024-10-29T17:12:04.064+0000] {processor.py:183} INFO - Processing /home/airflow/.local/lib/python3.11/site-packages/airflow/example_dags/example_branch_python_dop_operator_3.py took 0.082 seconds
[2024-10-29T17:12:34.689+0000] {processor.py:161} INFO - Started process (PID=1948) to work on /home/airflow/.local/lib/python3.11/site-packages/airflow/example_dags/example_branch_python_dop_operator_3.py
[2024-10-29T17:12:34.691+0000] {processor.py:830} INFO - Processing file /home/airflow/.local/lib/python3.11/site-packages/airflow/example_dags/example_branch_python_dop_operator_3.py for tasks to queue
[2024-10-29T17:12:34.693+0000] {logging_mixin.py:188} INFO - [2024-10-29T17:12:34.693+0000] {dagbag.py:545} INFO - Filling up the DagBag from /home/airflow/.local/lib/python3.11/site-packages/airflow/example_dags/example_branch_python_dop_operator_3.py
[2024-10-29T17:12:34.704+0000] {processor.py:840} INFO - DAG(s) 'example_branch_dop_operator_v3' retrieved from /home/airflow/.local/lib/python3.11/site-packages/airflow/example_dags/example_branch_python_dop_operator_3.py
[2024-10-29T17:12:34.727+0000] {logging_mixin.py:188} INFO - [2024-10-29T17:12:34.727+0000] {dag.py:3096} INFO - Sync 1 DAGs
[2024-10-29T17:12:34.763+0000] {logging_mixin.py:188} INFO - [2024-10-29T17:12:34.763+0000] {dag.py:3954} INFO - Setting next_dagrun for example_branch_dop_operator_v3 to 2024-10-29 17:11:00+00:00, run_after=2024-10-29 17:12:00+00:00
[2024-10-29T17:12:34.788+0000] {processor.py:183} INFO - Processing /home/airflow/.local/lib/python3.11/site-packages/airflow/example_dags/example_branch_python_dop_operator_3.py took 0.107 seconds
