[2024-10-29T17:02:18.765+0000] {processor.py:161} INFO - Started process (PID=296) to work on /home/airflow/.local/lib/python3.11/site-packages/airflow/example_dags/example_task_group_decorator.py
[2024-10-29T17:02:18.766+0000] {processor.py:830} INFO - Processing file /home/airflow/.local/lib/python3.11/site-packages/airflow/example_dags/example_task_group_decorator.py for tasks to queue
[2024-10-29T17:02:18.768+0000] {logging_mixin.py:188} INFO - [2024-10-29T17:02:18.768+0000] {dagbag.py:545} INFO - Filling up the DagBag from /home/airflow/.local/lib/python3.11/site-packages/airflow/example_dags/example_task_group_decorator.py
[2024-10-29T17:02:18.946+0000] {processor.py:840} INFO - DAG(s) 'example_task_group_decorator' retrieved from /home/airflow/.local/lib/python3.11/site-packages/airflow/example_dags/example_task_group_decorator.py
[2024-10-29T17:02:19.050+0000] {logging_mixin.py:188} INFO - [2024-10-29T17:02:19.049+0000] {override.py:1829} INFO - Created Permission View: can edit on DAG:example_task_group_decorator
[2024-10-29T17:02:19.065+0000] {logging_mixin.py:188} INFO - [2024-10-29T17:02:19.064+0000] {override.py:1829} INFO - Created Permission View: can delete on DAG:example_task_group_decorator
[2024-10-29T17:02:19.078+0000] {logging_mixin.py:188} INFO - [2024-10-29T17:02:19.077+0000] {override.py:1829} INFO - Created Permission View: can read on DAG:example_task_group_decorator
[2024-10-29T17:02:19.079+0000] {logging_mixin.py:188} INFO - [2024-10-29T17:02:19.079+0000] {dag.py:3096} INFO - Sync 1 DAGs
[2024-10-29T17:02:19.090+0000] {logging_mixin.py:188} INFO - [2024-10-29T17:02:19.089+0000] {dag.py:3118} INFO - Creating ORM DAG for example_task_group_decorator
[2024-10-29T17:02:19.105+0000] {logging_mixin.py:188} INFO - [2024-10-29T17:02:19.105+0000] {dag.py:3954} INFO - Setting next_dagrun for example_task_group_decorator to 2024-10-28 00:00:00+00:00, run_after=2024-10-29 00:00:00+00:00
[2024-10-29T17:02:19.137+0000] {processor.py:183} INFO - Processing /home/airflow/.local/lib/python3.11/site-packages/airflow/example_dags/example_task_group_decorator.py took 0.377 seconds
[2024-10-29T17:02:50.038+0000] {processor.py:161} INFO - Started process (PID=560) to work on /home/airflow/.local/lib/python3.11/site-packages/airflow/example_dags/example_task_group_decorator.py
[2024-10-29T17:02:50.040+0000] {processor.py:830} INFO - Processing file /home/airflow/.local/lib/python3.11/site-packages/airflow/example_dags/example_task_group_decorator.py for tasks to queue
[2024-10-29T17:02:50.042+0000] {logging_mixin.py:188} INFO - [2024-10-29T17:02:50.042+0000] {dagbag.py:545} INFO - Filling up the DagBag from /home/airflow/.local/lib/python3.11/site-packages/airflow/example_dags/example_task_group_decorator.py
[2024-10-29T17:02:50.062+0000] {processor.py:840} INFO - DAG(s) 'example_task_group_decorator' retrieved from /home/airflow/.local/lib/python3.11/site-packages/airflow/example_dags/example_task_group_decorator.py
[2024-10-29T17:02:50.093+0000] {logging_mixin.py:188} INFO - [2024-10-29T17:02:50.093+0000] {dag.py:3096} INFO - Sync 1 DAGs
[2024-10-29T17:02:50.135+0000] {logging_mixin.py:188} INFO - [2024-10-29T17:02:50.135+0000] {dag.py:3954} INFO - Setting next_dagrun for example_task_group_decorator to 2024-10-28 00:00:00+00:00, run_after=2024-10-29 00:00:00+00:00
[2024-10-29T17:02:50.164+0000] {processor.py:183} INFO - Processing /home/airflow/.local/lib/python3.11/site-packages/airflow/example_dags/example_task_group_decorator.py took 0.132 seconds
[2024-10-29T17:03:20.519+0000] {processor.py:161} INFO - Started process (PID=822) to work on /home/airflow/.local/lib/python3.11/site-packages/airflow/example_dags/example_task_group_decorator.py
[2024-10-29T17:03:20.520+0000] {processor.py:830} INFO - Processing file /home/airflow/.local/lib/python3.11/site-packages/airflow/example_dags/example_task_group_decorator.py for tasks to queue
[2024-10-29T17:03:20.522+0000] {logging_mixin.py:188} INFO - [2024-10-29T17:03:20.521+0000] {dagbag.py:545} INFO - Filling up the DagBag from /home/airflow/.local/lib/python3.11/site-packages/airflow/example_dags/example_task_group_decorator.py
[2024-10-29T17:03:20.534+0000] {processor.py:840} INFO - DAG(s) 'example_task_group_decorator' retrieved from /home/airflow/.local/lib/python3.11/site-packages/airflow/example_dags/example_task_group_decorator.py
[2024-10-29T17:03:20.563+0000] {logging_mixin.py:188} INFO - [2024-10-29T17:03:20.562+0000] {dag.py:3096} INFO - Sync 1 DAGs
[2024-10-29T17:03:20.581+0000] {logging_mixin.py:188} INFO - [2024-10-29T17:03:20.580+0000] {dag.py:3954} INFO - Setting next_dagrun for example_task_group_decorator to 2024-10-28 00:00:00+00:00, run_after=2024-10-29 00:00:00+00:00
[2024-10-29T17:03:20.601+0000] {processor.py:183} INFO - Processing /home/airflow/.local/lib/python3.11/site-packages/airflow/example_dags/example_task_group_decorator.py took 0.088 seconds
[2024-10-29T17:03:50.884+0000] {processor.py:161} INFO - Started process (PID=1085) to work on /home/airflow/.local/lib/python3.11/site-packages/airflow/example_dags/example_task_group_decorator.py
[2024-10-29T17:03:50.885+0000] {processor.py:830} INFO - Processing file /home/airflow/.local/lib/python3.11/site-packages/airflow/example_dags/example_task_group_decorator.py for tasks to queue
[2024-10-29T17:03:50.887+0000] {logging_mixin.py:188} INFO - [2024-10-29T17:03:50.887+0000] {dagbag.py:545} INFO - Filling up the DagBag from /home/airflow/.local/lib/python3.11/site-packages/airflow/example_dags/example_task_group_decorator.py
[2024-10-29T17:03:50.905+0000] {processor.py:840} INFO - DAG(s) 'example_task_group_decorator' retrieved from /home/airflow/.local/lib/python3.11/site-packages/airflow/example_dags/example_task_group_decorator.py
[2024-10-29T17:03:50.944+0000] {logging_mixin.py:188} INFO - [2024-10-29T17:03:50.944+0000] {dag.py:3096} INFO - Sync 1 DAGs
[2024-10-29T17:03:50.982+0000] {logging_mixin.py:188} INFO - [2024-10-29T17:03:50.982+0000] {dag.py:3954} INFO - Setting next_dagrun for example_task_group_decorator to 2024-10-28 00:00:00+00:00, run_after=2024-10-29 00:00:00+00:00
[2024-10-29T17:03:51.033+0000] {processor.py:183} INFO - Processing /home/airflow/.local/lib/python3.11/site-packages/airflow/example_dags/example_task_group_decorator.py took 0.156 seconds
[2024-10-29T17:04:21.379+0000] {processor.py:161} INFO - Started process (PID=1345) to work on /home/airflow/.local/lib/python3.11/site-packages/airflow/example_dags/example_task_group_decorator.py
[2024-10-29T17:04:21.382+0000] {processor.py:830} INFO - Processing file /home/airflow/.local/lib/python3.11/site-packages/airflow/example_dags/example_task_group_decorator.py for tasks to queue
[2024-10-29T17:04:21.384+0000] {logging_mixin.py:188} INFO - [2024-10-29T17:04:21.384+0000] {dagbag.py:545} INFO - Filling up the DagBag from /home/airflow/.local/lib/python3.11/site-packages/airflow/example_dags/example_task_group_decorator.py
[2024-10-29T17:04:21.401+0000] {processor.py:840} INFO - DAG(s) 'example_task_group_decorator' retrieved from /home/airflow/.local/lib/python3.11/site-packages/airflow/example_dags/example_task_group_decorator.py
[2024-10-29T17:04:21.443+0000] {logging_mixin.py:188} INFO - [2024-10-29T17:04:21.443+0000] {dag.py:3096} INFO - Sync 1 DAGs
[2024-10-29T17:04:21.479+0000] {logging_mixin.py:188} INFO - [2024-10-29T17:04:21.479+0000] {dag.py:3954} INFO - Setting next_dagrun for example_task_group_decorator to 2024-10-28 00:00:00+00:00, run_after=2024-10-29 00:00:00+00:00
[2024-10-29T17:04:21.523+0000] {processor.py:183} INFO - Processing /home/airflow/.local/lib/python3.11/site-packages/airflow/example_dags/example_task_group_decorator.py took 0.150 seconds
[2024-10-29T17:04:51.671+0000] {processor.py:161} INFO - Started process (PID=1609) to work on /home/airflow/.local/lib/python3.11/site-packages/airflow/example_dags/example_task_group_decorator.py
[2024-10-29T17:04:51.672+0000] {processor.py:830} INFO - Processing file /home/airflow/.local/lib/python3.11/site-packages/airflow/example_dags/example_task_group_decorator.py for tasks to queue
[2024-10-29T17:04:51.674+0000] {logging_mixin.py:188} INFO - [2024-10-29T17:04:51.674+0000] {dagbag.py:545} INFO - Filling up the DagBag from /home/airflow/.local/lib/python3.11/site-packages/airflow/example_dags/example_task_group_decorator.py
[2024-10-29T17:04:51.691+0000] {processor.py:840} INFO - DAG(s) 'example_task_group_decorator' retrieved from /home/airflow/.local/lib/python3.11/site-packages/airflow/example_dags/example_task_group_decorator.py
[2024-10-29T17:04:51.716+0000] {logging_mixin.py:188} INFO - [2024-10-29T17:04:51.716+0000] {dag.py:3096} INFO - Sync 1 DAGs
[2024-10-29T17:04:51.737+0000] {logging_mixin.py:188} INFO - [2024-10-29T17:04:51.737+0000] {dag.py:3954} INFO - Setting next_dagrun for example_task_group_decorator to 2024-10-28 00:00:00+00:00, run_after=2024-10-29 00:00:00+00:00
[2024-10-29T17:04:51.753+0000] {processor.py:183} INFO - Processing /home/airflow/.local/lib/python3.11/site-packages/airflow/example_dags/example_task_group_decorator.py took 0.089 seconds
[2024-10-29T17:05:21.993+0000] {processor.py:161} INFO - Started process (PID=1869) to work on /home/airflow/.local/lib/python3.11/site-packages/airflow/example_dags/example_task_group_decorator.py
[2024-10-29T17:05:21.994+0000] {processor.py:830} INFO - Processing file /home/airflow/.local/lib/python3.11/site-packages/airflow/example_dags/example_task_group_decorator.py for tasks to queue
[2024-10-29T17:05:21.996+0000] {logging_mixin.py:188} INFO - [2024-10-29T17:05:21.996+0000] {dagbag.py:545} INFO - Filling up the DagBag from /home/airflow/.local/lib/python3.11/site-packages/airflow/example_dags/example_task_group_decorator.py
[2024-10-29T17:05:22.010+0000] {processor.py:840} INFO - DAG(s) 'example_task_group_decorator' retrieved from /home/airflow/.local/lib/python3.11/site-packages/airflow/example_dags/example_task_group_decorator.py
[2024-10-29T17:05:22.037+0000] {logging_mixin.py:188} INFO - [2024-10-29T17:05:22.036+0000] {dag.py:3096} INFO - Sync 1 DAGs
[2024-10-29T17:05:22.061+0000] {logging_mixin.py:188} INFO - [2024-10-29T17:05:22.060+0000] {dag.py:3954} INFO - Setting next_dagrun for example_task_group_decorator to 2024-10-28 00:00:00+00:00, run_after=2024-10-29 00:00:00+00:00
[2024-10-29T17:05:22.082+0000] {processor.py:183} INFO - Processing /home/airflow/.local/lib/python3.11/site-packages/airflow/example_dags/example_task_group_decorator.py took 0.095 seconds
[2024-10-29T17:05:52.204+0000] {processor.py:161} INFO - Started process (PID=2131) to work on /home/airflow/.local/lib/python3.11/site-packages/airflow/example_dags/example_task_group_decorator.py
[2024-10-29T17:05:52.205+0000] {processor.py:830} INFO - Processing file /home/airflow/.local/lib/python3.11/site-packages/airflow/example_dags/example_task_group_decorator.py for tasks to queue
[2024-10-29T17:05:52.206+0000] {logging_mixin.py:188} INFO - [2024-10-29T17:05:52.206+0000] {dagbag.py:545} INFO - Filling up the DagBag from /home/airflow/.local/lib/python3.11/site-packages/airflow/example_dags/example_task_group_decorator.py
[2024-10-29T17:05:52.218+0000] {processor.py:840} INFO - DAG(s) 'example_task_group_decorator' retrieved from /home/airflow/.local/lib/python3.11/site-packages/airflow/example_dags/example_task_group_decorator.py
[2024-10-29T17:05:52.243+0000] {logging_mixin.py:188} INFO - [2024-10-29T17:05:52.243+0000] {dag.py:3096} INFO - Sync 1 DAGs
[2024-10-29T17:05:52.267+0000] {logging_mixin.py:188} INFO - [2024-10-29T17:05:52.267+0000] {dag.py:3954} INFO - Setting next_dagrun for example_task_group_decorator to 2024-10-28 00:00:00+00:00, run_after=2024-10-29 00:00:00+00:00
[2024-10-29T17:05:52.291+0000] {processor.py:183} INFO - Processing /home/airflow/.local/lib/python3.11/site-packages/airflow/example_dags/example_task_group_decorator.py took 0.092 seconds
[2024-10-29T17:06:22.414+0000] {processor.py:161} INFO - Started process (PID=2393) to work on /home/airflow/.local/lib/python3.11/site-packages/airflow/example_dags/example_task_group_decorator.py
[2024-10-29T17:06:22.415+0000] {processor.py:830} INFO - Processing file /home/airflow/.local/lib/python3.11/site-packages/airflow/example_dags/example_task_group_decorator.py for tasks to queue
[2024-10-29T17:06:22.417+0000] {logging_mixin.py:188} INFO - [2024-10-29T17:06:22.416+0000] {dagbag.py:545} INFO - Filling up the DagBag from /home/airflow/.local/lib/python3.11/site-packages/airflow/example_dags/example_task_group_decorator.py
[2024-10-29T17:06:22.430+0000] {processor.py:840} INFO - DAG(s) 'example_task_group_decorator' retrieved from /home/airflow/.local/lib/python3.11/site-packages/airflow/example_dags/example_task_group_decorator.py
[2024-10-29T17:06:22.456+0000] {logging_mixin.py:188} INFO - [2024-10-29T17:06:22.456+0000] {dag.py:3096} INFO - Sync 1 DAGs
[2024-10-29T17:06:22.474+0000] {logging_mixin.py:188} INFO - [2024-10-29T17:06:22.473+0000] {dag.py:3954} INFO - Setting next_dagrun for example_task_group_decorator to 2024-10-28 00:00:00+00:00, run_after=2024-10-29 00:00:00+00:00
[2024-10-29T17:06:22.493+0000] {processor.py:183} INFO - Processing /home/airflow/.local/lib/python3.11/site-packages/airflow/example_dags/example_task_group_decorator.py took 0.085 seconds
[2024-10-29T17:06:52.570+0000] {processor.py:161} INFO - Started process (PID=2655) to work on /home/airflow/.local/lib/python3.11/site-packages/airflow/example_dags/example_task_group_decorator.py
[2024-10-29T17:06:52.571+0000] {processor.py:830} INFO - Processing file /home/airflow/.local/lib/python3.11/site-packages/airflow/example_dags/example_task_group_decorator.py for tasks to queue
[2024-10-29T17:06:52.574+0000] {logging_mixin.py:188} INFO - [2024-10-29T17:06:52.573+0000] {dagbag.py:545} INFO - Filling up the DagBag from /home/airflow/.local/lib/python3.11/site-packages/airflow/example_dags/example_task_group_decorator.py
[2024-10-29T17:06:52.587+0000] {processor.py:840} INFO - DAG(s) 'example_task_group_decorator' retrieved from /home/airflow/.local/lib/python3.11/site-packages/airflow/example_dags/example_task_group_decorator.py
[2024-10-29T17:06:52.611+0000] {logging_mixin.py:188} INFO - [2024-10-29T17:06:52.610+0000] {dag.py:3096} INFO - Sync 1 DAGs
[2024-10-29T17:06:52.630+0000] {logging_mixin.py:188} INFO - [2024-10-29T17:06:52.630+0000] {dag.py:3954} INFO - Setting next_dagrun for example_task_group_decorator to 2024-10-28 00:00:00+00:00, run_after=2024-10-29 00:00:00+00:00
[2024-10-29T17:06:52.652+0000] {processor.py:183} INFO - Processing /home/airflow/.local/lib/python3.11/site-packages/airflow/example_dags/example_task_group_decorator.py took 0.087 seconds
[2024-10-29T17:07:22.832+0000] {processor.py:161} INFO - Started process (PID=2917) to work on /home/airflow/.local/lib/python3.11/site-packages/airflow/example_dags/example_task_group_decorator.py
[2024-10-29T17:07:22.833+0000] {processor.py:830} INFO - Processing file /home/airflow/.local/lib/python3.11/site-packages/airflow/example_dags/example_task_group_decorator.py for tasks to queue
[2024-10-29T17:07:22.836+0000] {logging_mixin.py:188} INFO - [2024-10-29T17:07:22.835+0000] {dagbag.py:545} INFO - Filling up the DagBag from /home/airflow/.local/lib/python3.11/site-packages/airflow/example_dags/example_task_group_decorator.py
[2024-10-29T17:07:22.860+0000] {processor.py:840} INFO - DAG(s) 'example_task_group_decorator' retrieved from /home/airflow/.local/lib/python3.11/site-packages/airflow/example_dags/example_task_group_decorator.py
[2024-10-29T17:07:22.890+0000] {logging_mixin.py:188} INFO - [2024-10-29T17:07:22.890+0000] {dag.py:3096} INFO - Sync 1 DAGs
[2024-10-29T17:07:22.921+0000] {logging_mixin.py:188} INFO - [2024-10-29T17:07:22.920+0000] {dag.py:3954} INFO - Setting next_dagrun for example_task_group_decorator to 2024-10-28 00:00:00+00:00, run_after=2024-10-29 00:00:00+00:00
[2024-10-29T17:07:22.952+0000] {processor.py:183} INFO - Processing /home/airflow/.local/lib/python3.11/site-packages/airflow/example_dags/example_task_group_decorator.py took 0.127 seconds
[2024-10-29T17:07:53.287+0000] {processor.py:161} INFO - Started process (PID=3179) to work on /home/airflow/.local/lib/python3.11/site-packages/airflow/example_dags/example_task_group_decorator.py
[2024-10-29T17:07:53.288+0000] {processor.py:830} INFO - Processing file /home/airflow/.local/lib/python3.11/site-packages/airflow/example_dags/example_task_group_decorator.py for tasks to queue
[2024-10-29T17:07:53.290+0000] {logging_mixin.py:188} INFO - [2024-10-29T17:07:53.290+0000] {dagbag.py:545} INFO - Filling up the DagBag from /home/airflow/.local/lib/python3.11/site-packages/airflow/example_dags/example_task_group_decorator.py
[2024-10-29T17:07:53.309+0000] {processor.py:840} INFO - DAG(s) 'example_task_group_decorator' retrieved from /home/airflow/.local/lib/python3.11/site-packages/airflow/example_dags/example_task_group_decorator.py
[2024-10-29T17:07:53.343+0000] {logging_mixin.py:188} INFO - [2024-10-29T17:07:53.342+0000] {dag.py:3096} INFO - Sync 1 DAGs
[2024-10-29T17:07:53.368+0000] {logging_mixin.py:188} INFO - [2024-10-29T17:07:53.367+0000] {dag.py:3954} INFO - Setting next_dagrun for example_task_group_decorator to 2024-10-28 00:00:00+00:00, run_after=2024-10-29 00:00:00+00:00
[2024-10-29T17:07:53.395+0000] {processor.py:183} INFO - Processing /home/airflow/.local/lib/python3.11/site-packages/airflow/example_dags/example_task_group_decorator.py took 0.117 seconds
[2024-10-29T17:08:23.586+0000] {processor.py:161} INFO - Started process (PID=3441) to work on /home/airflow/.local/lib/python3.11/site-packages/airflow/example_dags/example_task_group_decorator.py
[2024-10-29T17:08:23.587+0000] {processor.py:830} INFO - Processing file /home/airflow/.local/lib/python3.11/site-packages/airflow/example_dags/example_task_group_decorator.py for tasks to queue
[2024-10-29T17:08:23.589+0000] {logging_mixin.py:188} INFO - [2024-10-29T17:08:23.588+0000] {dagbag.py:545} INFO - Filling up the DagBag from /home/airflow/.local/lib/python3.11/site-packages/airflow/example_dags/example_task_group_decorator.py
[2024-10-29T17:08:23.608+0000] {processor.py:840} INFO - DAG(s) 'example_task_group_decorator' retrieved from /home/airflow/.local/lib/python3.11/site-packages/airflow/example_dags/example_task_group_decorator.py
[2024-10-29T17:08:23.638+0000] {logging_mixin.py:188} INFO - [2024-10-29T17:08:23.638+0000] {dag.py:3096} INFO - Sync 1 DAGs
[2024-10-29T17:08:23.659+0000] {logging_mixin.py:188} INFO - [2024-10-29T17:08:23.658+0000] {dag.py:3954} INFO - Setting next_dagrun for example_task_group_decorator to 2024-10-28 00:00:00+00:00, run_after=2024-10-29 00:00:00+00:00
[2024-10-29T17:08:23.684+0000] {processor.py:183} INFO - Processing /home/airflow/.local/lib/python3.11/site-packages/airflow/example_dags/example_task_group_decorator.py took 0.104 seconds
[2024-10-29T17:09:27.734+0000] {processor.py:161} INFO - Started process (PID=290) to work on /home/airflow/.local/lib/python3.11/site-packages/airflow/example_dags/example_task_group_decorator.py
[2024-10-29T17:09:27.737+0000] {processor.py:830} INFO - Processing file /home/airflow/.local/lib/python3.11/site-packages/airflow/example_dags/example_task_group_decorator.py for tasks to queue
[2024-10-29T17:09:27.740+0000] {logging_mixin.py:188} INFO - [2024-10-29T17:09:27.740+0000] {dagbag.py:545} INFO - Filling up the DagBag from /home/airflow/.local/lib/python3.11/site-packages/airflow/example_dags/example_task_group_decorator.py
[2024-10-29T17:09:28.023+0000] {processor.py:840} INFO - DAG(s) 'example_task_group_decorator' retrieved from /home/airflow/.local/lib/python3.11/site-packages/airflow/example_dags/example_task_group_decorator.py
[2024-10-29T17:09:28.042+0000] {logging_mixin.py:188} INFO - [2024-10-29T17:09:28.041+0000] {dag.py:3096} INFO - Sync 1 DAGs
[2024-10-29T17:09:28.074+0000] {logging_mixin.py:188} INFO - [2024-10-29T17:09:28.074+0000] {dag.py:3954} INFO - Setting next_dagrun for example_task_group_decorator to 2024-10-28 00:00:00+00:00, run_after=2024-10-29 00:00:00+00:00
[2024-10-29T17:09:28.115+0000] {processor.py:183} INFO - Processing /home/airflow/.local/lib/python3.11/site-packages/airflow/example_dags/example_task_group_decorator.py took 0.396 seconds
[2024-10-29T17:09:59.060+0000] {processor.py:161} INFO - Started process (PID=552) to work on /home/airflow/.local/lib/python3.11/site-packages/airflow/example_dags/example_task_group_decorator.py
[2024-10-29T17:09:59.061+0000] {processor.py:830} INFO - Processing file /home/airflow/.local/lib/python3.11/site-packages/airflow/example_dags/example_task_group_decorator.py for tasks to queue
[2024-10-29T17:09:59.062+0000] {logging_mixin.py:188} INFO - [2024-10-29T17:09:59.062+0000] {dagbag.py:545} INFO - Filling up the DagBag from /home/airflow/.local/lib/python3.11/site-packages/airflow/example_dags/example_task_group_decorator.py
[2024-10-29T17:09:59.075+0000] {processor.py:840} INFO - DAG(s) 'example_task_group_decorator' retrieved from /home/airflow/.local/lib/python3.11/site-packages/airflow/example_dags/example_task_group_decorator.py
[2024-10-29T17:09:59.169+0000] {logging_mixin.py:188} INFO - [2024-10-29T17:09:59.169+0000] {dag.py:3096} INFO - Sync 1 DAGs
[2024-10-29T17:09:59.189+0000] {logging_mixin.py:188} INFO - [2024-10-29T17:09:59.189+0000] {dag.py:3954} INFO - Setting next_dagrun for example_task_group_decorator to 2024-10-28 00:00:00+00:00, run_after=2024-10-29 00:00:00+00:00
[2024-10-29T17:09:59.209+0000] {processor.py:183} INFO - Processing /home/airflow/.local/lib/python3.11/site-packages/airflow/example_dags/example_task_group_decorator.py took 0.155 seconds
[2024-10-29T17:10:30.168+0000] {processor.py:161} INFO - Started process (PID=814) to work on /home/airflow/.local/lib/python3.11/site-packages/airflow/example_dags/example_task_group_decorator.py
[2024-10-29T17:10:30.169+0000] {processor.py:830} INFO - Processing file /home/airflow/.local/lib/python3.11/site-packages/airflow/example_dags/example_task_group_decorator.py for tasks to queue
[2024-10-29T17:10:30.171+0000] {logging_mixin.py:188} INFO - [2024-10-29T17:10:30.171+0000] {dagbag.py:545} INFO - Filling up the DagBag from /home/airflow/.local/lib/python3.11/site-packages/airflow/example_dags/example_task_group_decorator.py
[2024-10-29T17:10:30.186+0000] {processor.py:840} INFO - DAG(s) 'example_task_group_decorator' retrieved from /home/airflow/.local/lib/python3.11/site-packages/airflow/example_dags/example_task_group_decorator.py
[2024-10-29T17:10:30.210+0000] {logging_mixin.py:188} INFO - [2024-10-29T17:10:30.209+0000] {dag.py:3096} INFO - Sync 1 DAGs
[2024-10-29T17:10:30.233+0000] {logging_mixin.py:188} INFO - [2024-10-29T17:10:30.233+0000] {dag.py:3954} INFO - Setting next_dagrun for example_task_group_decorator to 2024-10-28 00:00:00+00:00, run_after=2024-10-29 00:00:00+00:00
[2024-10-29T17:10:30.263+0000] {processor.py:183} INFO - Processing /home/airflow/.local/lib/python3.11/site-packages/airflow/example_dags/example_task_group_decorator.py took 0.101 seconds
[2024-10-29T17:11:00.567+0000] {processor.py:161} INFO - Started process (PID=1076) to work on /home/airflow/.local/lib/python3.11/site-packages/airflow/example_dags/example_task_group_decorator.py
[2024-10-29T17:11:00.567+0000] {processor.py:830} INFO - Processing file /home/airflow/.local/lib/python3.11/site-packages/airflow/example_dags/example_task_group_decorator.py for tasks to queue
[2024-10-29T17:11:00.569+0000] {logging_mixin.py:188} INFO - [2024-10-29T17:11:00.569+0000] {dagbag.py:545} INFO - Filling up the DagBag from /home/airflow/.local/lib/python3.11/site-packages/airflow/example_dags/example_task_group_decorator.py
[2024-10-29T17:11:00.581+0000] {processor.py:840} INFO - DAG(s) 'example_task_group_decorator' retrieved from /home/airflow/.local/lib/python3.11/site-packages/airflow/example_dags/example_task_group_decorator.py
[2024-10-29T17:11:00.609+0000] {logging_mixin.py:188} INFO - [2024-10-29T17:11:00.608+0000] {dag.py:3096} INFO - Sync 1 DAGs
[2024-10-29T17:11:00.636+0000] {logging_mixin.py:188} INFO - [2024-10-29T17:11:00.636+0000] {dag.py:3954} INFO - Setting next_dagrun for example_task_group_decorator to 2024-10-28 00:00:00+00:00, run_after=2024-10-29 00:00:00+00:00
[2024-10-29T17:11:00.663+0000] {processor.py:183} INFO - Processing /home/airflow/.local/lib/python3.11/site-packages/airflow/example_dags/example_task_group_decorator.py took 0.102 seconds
[2024-10-29T17:11:30.768+0000] {processor.py:161} INFO - Started process (PID=1344) to work on /home/airflow/.local/lib/python3.11/site-packages/airflow/example_dags/example_task_group_decorator.py
[2024-10-29T17:11:30.769+0000] {processor.py:830} INFO - Processing file /home/airflow/.local/lib/python3.11/site-packages/airflow/example_dags/example_task_group_decorator.py for tasks to queue
[2024-10-29T17:11:30.770+0000] {logging_mixin.py:188} INFO - [2024-10-29T17:11:30.770+0000] {dagbag.py:545} INFO - Filling up the DagBag from /home/airflow/.local/lib/python3.11/site-packages/airflow/example_dags/example_task_group_decorator.py
[2024-10-29T17:11:30.782+0000] {processor.py:840} INFO - DAG(s) 'example_task_group_decorator' retrieved from /home/airflow/.local/lib/python3.11/site-packages/airflow/example_dags/example_task_group_decorator.py
[2024-10-29T17:11:30.805+0000] {logging_mixin.py:188} INFO - [2024-10-29T17:11:30.805+0000] {dag.py:3096} INFO - Sync 1 DAGs
[2024-10-29T17:11:30.824+0000] {logging_mixin.py:188} INFO - [2024-10-29T17:11:30.824+0000] {dag.py:3954} INFO - Setting next_dagrun for example_task_group_decorator to 2024-10-28 00:00:00+00:00, run_after=2024-10-29 00:00:00+00:00
[2024-10-29T17:11:30.844+0000] {processor.py:183} INFO - Processing /home/airflow/.local/lib/python3.11/site-packages/airflow/example_dags/example_task_group_decorator.py took 0.082 seconds
[2024-10-29T17:12:01.889+0000] {processor.py:161} INFO - Started process (PID=1606) to work on /home/airflow/.local/lib/python3.11/site-packages/airflow/example_dags/example_task_group_decorator.py
[2024-10-29T17:12:01.890+0000] {processor.py:830} INFO - Processing file /home/airflow/.local/lib/python3.11/site-packages/airflow/example_dags/example_task_group_decorator.py for tasks to queue
[2024-10-29T17:12:01.892+0000] {logging_mixin.py:188} INFO - [2024-10-29T17:12:01.891+0000] {dagbag.py:545} INFO - Filling up the DagBag from /home/airflow/.local/lib/python3.11/site-packages/airflow/example_dags/example_task_group_decorator.py
[2024-10-29T17:12:01.908+0000] {processor.py:840} INFO - DAG(s) 'example_task_group_decorator' retrieved from /home/airflow/.local/lib/python3.11/site-packages/airflow/example_dags/example_task_group_decorator.py
[2024-10-29T17:12:01.942+0000] {logging_mixin.py:188} INFO - [2024-10-29T17:12:01.941+0000] {dag.py:3096} INFO - Sync 1 DAGs
[2024-10-29T17:12:01.965+0000] {logging_mixin.py:188} INFO - [2024-10-29T17:12:01.965+0000] {dag.py:3954} INFO - Setting next_dagrun for example_task_group_decorator to 2024-10-28 00:00:00+00:00, run_after=2024-10-29 00:00:00+00:00
[2024-10-29T17:12:01.995+0000] {processor.py:183} INFO - Processing /home/airflow/.local/lib/python3.11/site-packages/airflow/example_dags/example_task_group_decorator.py took 0.113 seconds
[2024-10-29T17:12:32.413+0000] {processor.py:161} INFO - Started process (PID=1868) to work on /home/airflow/.local/lib/python3.11/site-packages/airflow/example_dags/example_task_group_decorator.py
[2024-10-29T17:12:32.414+0000] {processor.py:830} INFO - Processing file /home/airflow/.local/lib/python3.11/site-packages/airflow/example_dags/example_task_group_decorator.py for tasks to queue
[2024-10-29T17:12:32.416+0000] {logging_mixin.py:188} INFO - [2024-10-29T17:12:32.415+0000] {dagbag.py:545} INFO - Filling up the DagBag from /home/airflow/.local/lib/python3.11/site-packages/airflow/example_dags/example_task_group_decorator.py
[2024-10-29T17:12:32.430+0000] {processor.py:840} INFO - DAG(s) 'example_task_group_decorator' retrieved from /home/airflow/.local/lib/python3.11/site-packages/airflow/example_dags/example_task_group_decorator.py
[2024-10-29T17:12:32.459+0000] {logging_mixin.py:188} INFO - [2024-10-29T17:12:32.458+0000] {dag.py:3096} INFO - Sync 1 DAGs
[2024-10-29T17:12:32.481+0000] {logging_mixin.py:188} INFO - [2024-10-29T17:12:32.481+0000] {dag.py:3954} INFO - Setting next_dagrun for example_task_group_decorator to 2024-10-28 00:00:00+00:00, run_after=2024-10-29 00:00:00+00:00
[2024-10-29T17:12:32.501+0000] {processor.py:183} INFO - Processing /home/airflow/.local/lib/python3.11/site-packages/airflow/example_dags/example_task_group_decorator.py took 0.097 seconds
