[2024-10-29T17:02:19.483+0000] {processor.py:161} INFO - Started process (PID=311) to work on /home/airflow/.local/lib/python3.11/site-packages/airflow/example_dags/example_setup_teardown.py
[2024-10-29T17:02:19.484+0000] {processor.py:830} INFO - Processing file /home/airflow/.local/lib/python3.11/site-packages/airflow/example_dags/example_setup_teardown.py for tasks to queue
[2024-10-29T17:02:19.485+0000] {logging_mixin.py:188} INFO - [2024-10-29T17:02:19.485+0000] {dagbag.py:545} INFO - Filling up the DagBag from /home/airflow/.local/lib/python3.11/site-packages/airflow/example_dags/example_setup_teardown.py
[2024-10-29T17:02:19.688+0000] {processor.py:840} INFO - DAG(s) 'example_setup_teardown' retrieved from /home/airflow/.local/lib/python3.11/site-packages/airflow/example_dags/example_setup_teardown.py
[2024-10-29T17:02:19.799+0000] {logging_mixin.py:188} INFO - [2024-10-29T17:02:19.798+0000] {override.py:1829} INFO - Created Permission View: can edit on DAG:example_setup_teardown
[2024-10-29T17:02:19.814+0000] {logging_mixin.py:188} INFO - [2024-10-29T17:02:19.814+0000] {override.py:1829} INFO - Created Permission View: can delete on DAG:example_setup_teardown
[2024-10-29T17:02:19.830+0000] {logging_mixin.py:188} INFO - [2024-10-29T17:02:19.830+0000] {override.py:1829} INFO - Created Permission View: can read on DAG:example_setup_teardown
[2024-10-29T17:02:19.831+0000] {logging_mixin.py:188} INFO - [2024-10-29T17:02:19.831+0000] {dag.py:3096} INFO - Sync 1 DAGs
[2024-10-29T17:02:19.842+0000] {logging_mixin.py:188} INFO - [2024-10-29T17:02:19.842+0000] {dag.py:3118} INFO - Creating ORM DAG for example_setup_teardown
[2024-10-29T17:02:19.855+0000] {logging_mixin.py:188} INFO - [2024-10-29T17:02:19.854+0000] {dag.py:3954} INFO - Setting next_dagrun for example_setup_teardown to 2024-10-28 00:00:00+00:00, run_after=2024-10-29 00:00:00+00:00
[2024-10-29T17:02:19.881+0000] {processor.py:183} INFO - Processing /home/airflow/.local/lib/python3.11/site-packages/airflow/example_dags/example_setup_teardown.py took 0.405 seconds
[2024-10-29T17:02:50.208+0000] {processor.py:161} INFO - Started process (PID=573) to work on /home/airflow/.local/lib/python3.11/site-packages/airflow/example_dags/example_setup_teardown.py
[2024-10-29T17:02:50.209+0000] {processor.py:830} INFO - Processing file /home/airflow/.local/lib/python3.11/site-packages/airflow/example_dags/example_setup_teardown.py for tasks to queue
[2024-10-29T17:02:50.211+0000] {logging_mixin.py:188} INFO - [2024-10-29T17:02:50.210+0000] {dagbag.py:545} INFO - Filling up the DagBag from /home/airflow/.local/lib/python3.11/site-packages/airflow/example_dags/example_setup_teardown.py
[2024-10-29T17:02:50.217+0000] {processor.py:840} INFO - DAG(s) 'example_setup_teardown' retrieved from /home/airflow/.local/lib/python3.11/site-packages/airflow/example_dags/example_setup_teardown.py
[2024-10-29T17:02:50.240+0000] {logging_mixin.py:188} INFO - [2024-10-29T17:02:50.240+0000] {dag.py:3096} INFO - Sync 1 DAGs
[2024-10-29T17:02:50.265+0000] {logging_mixin.py:188} INFO - [2024-10-29T17:02:50.265+0000] {dag.py:3954} INFO - Setting next_dagrun for example_setup_teardown to 2024-10-28 00:00:00+00:00, run_after=2024-10-29 00:00:00+00:00
[2024-10-29T17:02:50.298+0000] {processor.py:183} INFO - Processing /home/airflow/.local/lib/python3.11/site-packages/airflow/example_dags/example_setup_teardown.py took 0.096 seconds
[2024-10-29T17:03:20.729+0000] {processor.py:161} INFO - Started process (PID=837) to work on /home/airflow/.local/lib/python3.11/site-packages/airflow/example_dags/example_setup_teardown.py
[2024-10-29T17:03:20.729+0000] {processor.py:830} INFO - Processing file /home/airflow/.local/lib/python3.11/site-packages/airflow/example_dags/example_setup_teardown.py for tasks to queue
[2024-10-29T17:03:20.731+0000] {logging_mixin.py:188} INFO - [2024-10-29T17:03:20.731+0000] {dagbag.py:545} INFO - Filling up the DagBag from /home/airflow/.local/lib/python3.11/site-packages/airflow/example_dags/example_setup_teardown.py
[2024-10-29T17:03:20.737+0000] {processor.py:840} INFO - DAG(s) 'example_setup_teardown' retrieved from /home/airflow/.local/lib/python3.11/site-packages/airflow/example_dags/example_setup_teardown.py
[2024-10-29T17:03:20.758+0000] {logging_mixin.py:188} INFO - [2024-10-29T17:03:20.757+0000] {dag.py:3096} INFO - Sync 1 DAGs
[2024-10-29T17:03:20.777+0000] {logging_mixin.py:188} INFO - [2024-10-29T17:03:20.776+0000] {dag.py:3954} INFO - Setting next_dagrun for example_setup_teardown to 2024-10-28 00:00:00+00:00, run_after=2024-10-29 00:00:00+00:00
[2024-10-29T17:03:20.798+0000] {processor.py:183} INFO - Processing /home/airflow/.local/lib/python3.11/site-packages/airflow/example_dags/example_setup_teardown.py took 0.074 seconds
[2024-10-29T17:03:51.579+0000] {processor.py:161} INFO - Started process (PID=1100) to work on /home/airflow/.local/lib/python3.11/site-packages/airflow/example_dags/example_setup_teardown.py
[2024-10-29T17:03:51.589+0000] {processor.py:830} INFO - Processing file /home/airflow/.local/lib/python3.11/site-packages/airflow/example_dags/example_setup_teardown.py for tasks to queue
[2024-10-29T17:03:51.598+0000] {logging_mixin.py:188} INFO - [2024-10-29T17:03:51.597+0000] {dagbag.py:545} INFO - Filling up the DagBag from /home/airflow/.local/lib/python3.11/site-packages/airflow/example_dags/example_setup_teardown.py
[2024-10-29T17:03:51.632+0000] {processor.py:840} INFO - DAG(s) 'example_setup_teardown' retrieved from /home/airflow/.local/lib/python3.11/site-packages/airflow/example_dags/example_setup_teardown.py
[2024-10-29T17:03:51.693+0000] {logging_mixin.py:188} INFO - [2024-10-29T17:03:51.684+0000] {dag.py:3096} INFO - Sync 1 DAGs
[2024-10-29T17:03:51.753+0000] {logging_mixin.py:188} INFO - [2024-10-29T17:03:51.753+0000] {dag.py:3954} INFO - Setting next_dagrun for example_setup_teardown to 2024-10-28 00:00:00+00:00, run_after=2024-10-29 00:00:00+00:00
[2024-10-29T17:03:51.850+0000] {processor.py:183} INFO - Processing /home/airflow/.local/lib/python3.11/site-packages/airflow/example_dags/example_setup_teardown.py took 0.292 seconds
[2024-10-29T17:04:22.731+0000] {processor.py:161} INFO - Started process (PID=1362) to work on /home/airflow/.local/lib/python3.11/site-packages/airflow/example_dags/example_setup_teardown.py
[2024-10-29T17:04:22.734+0000] {processor.py:830} INFO - Processing file /home/airflow/.local/lib/python3.11/site-packages/airflow/example_dags/example_setup_teardown.py for tasks to queue
[2024-10-29T17:04:22.746+0000] {logging_mixin.py:188} INFO - [2024-10-29T17:04:22.745+0000] {dagbag.py:545} INFO - Filling up the DagBag from /home/airflow/.local/lib/python3.11/site-packages/airflow/example_dags/example_setup_teardown.py
[2024-10-29T17:04:22.762+0000] {processor.py:840} INFO - DAG(s) 'example_setup_teardown' retrieved from /home/airflow/.local/lib/python3.11/site-packages/airflow/example_dags/example_setup_teardown.py
[2024-10-29T17:04:22.795+0000] {logging_mixin.py:188} INFO - [2024-10-29T17:04:22.794+0000] {dag.py:3096} INFO - Sync 1 DAGs
[2024-10-29T17:04:22.824+0000] {logging_mixin.py:188} INFO - [2024-10-29T17:04:22.824+0000] {dag.py:3954} INFO - Setting next_dagrun for example_setup_teardown to 2024-10-28 00:00:00+00:00, run_after=2024-10-29 00:00:00+00:00
[2024-10-29T17:04:22.854+0000] {processor.py:183} INFO - Processing /home/airflow/.local/lib/python3.11/site-packages/airflow/example_dags/example_setup_teardown.py took 0.132 seconds
[2024-10-29T17:04:52.903+0000] {processor.py:161} INFO - Started process (PID=1624) to work on /home/airflow/.local/lib/python3.11/site-packages/airflow/example_dags/example_setup_teardown.py
[2024-10-29T17:04:52.904+0000] {processor.py:830} INFO - Processing file /home/airflow/.local/lib/python3.11/site-packages/airflow/example_dags/example_setup_teardown.py for tasks to queue
[2024-10-29T17:04:52.906+0000] {logging_mixin.py:188} INFO - [2024-10-29T17:04:52.906+0000] {dagbag.py:545} INFO - Filling up the DagBag from /home/airflow/.local/lib/python3.11/site-packages/airflow/example_dags/example_setup_teardown.py
[2024-10-29T17:04:52.912+0000] {processor.py:840} INFO - DAG(s) 'example_setup_teardown' retrieved from /home/airflow/.local/lib/python3.11/site-packages/airflow/example_dags/example_setup_teardown.py
[2024-10-29T17:04:52.932+0000] {logging_mixin.py:188} INFO - [2024-10-29T17:04:52.931+0000] {dag.py:3096} INFO - Sync 1 DAGs
[2024-10-29T17:04:52.951+0000] {logging_mixin.py:188} INFO - [2024-10-29T17:04:52.951+0000] {dag.py:3954} INFO - Setting next_dagrun for example_setup_teardown to 2024-10-28 00:00:00+00:00, run_after=2024-10-29 00:00:00+00:00
[2024-10-29T17:04:52.970+0000] {processor.py:183} INFO - Processing /home/airflow/.local/lib/python3.11/site-packages/airflow/example_dags/example_setup_teardown.py took 0.073 seconds
[2024-10-29T17:05:23.210+0000] {processor.py:161} INFO - Started process (PID=1886) to work on /home/airflow/.local/lib/python3.11/site-packages/airflow/example_dags/example_setup_teardown.py
[2024-10-29T17:05:23.211+0000] {processor.py:830} INFO - Processing file /home/airflow/.local/lib/python3.11/site-packages/airflow/example_dags/example_setup_teardown.py for tasks to queue
[2024-10-29T17:05:23.213+0000] {logging_mixin.py:188} INFO - [2024-10-29T17:05:23.213+0000] {dagbag.py:545} INFO - Filling up the DagBag from /home/airflow/.local/lib/python3.11/site-packages/airflow/example_dags/example_setup_teardown.py
[2024-10-29T17:05:23.220+0000] {processor.py:840} INFO - DAG(s) 'example_setup_teardown' retrieved from /home/airflow/.local/lib/python3.11/site-packages/airflow/example_dags/example_setup_teardown.py
[2024-10-29T17:05:23.241+0000] {logging_mixin.py:188} INFO - [2024-10-29T17:05:23.240+0000] {dag.py:3096} INFO - Sync 1 DAGs
[2024-10-29T17:05:23.260+0000] {logging_mixin.py:188} INFO - [2024-10-29T17:05:23.260+0000] {dag.py:3954} INFO - Setting next_dagrun for example_setup_teardown to 2024-10-28 00:00:00+00:00, run_after=2024-10-29 00:00:00+00:00
[2024-10-29T17:05:23.285+0000] {processor.py:183} INFO - Processing /home/airflow/.local/lib/python3.11/site-packages/airflow/example_dags/example_setup_teardown.py took 0.081 seconds
[2024-10-29T17:05:53.436+0000] {processor.py:161} INFO - Started process (PID=2148) to work on /home/airflow/.local/lib/python3.11/site-packages/airflow/example_dags/example_setup_teardown.py
[2024-10-29T17:05:53.437+0000] {processor.py:830} INFO - Processing file /home/airflow/.local/lib/python3.11/site-packages/airflow/example_dags/example_setup_teardown.py for tasks to queue
[2024-10-29T17:05:53.439+0000] {logging_mixin.py:188} INFO - [2024-10-29T17:05:53.439+0000] {dagbag.py:545} INFO - Filling up the DagBag from /home/airflow/.local/lib/python3.11/site-packages/airflow/example_dags/example_setup_teardown.py
[2024-10-29T17:05:53.446+0000] {processor.py:840} INFO - DAG(s) 'example_setup_teardown' retrieved from /home/airflow/.local/lib/python3.11/site-packages/airflow/example_dags/example_setup_teardown.py
[2024-10-29T17:05:53.465+0000] {logging_mixin.py:188} INFO - [2024-10-29T17:05:53.465+0000] {dag.py:3096} INFO - Sync 1 DAGs
[2024-10-29T17:05:53.485+0000] {logging_mixin.py:188} INFO - [2024-10-29T17:05:53.485+0000] {dag.py:3954} INFO - Setting next_dagrun for example_setup_teardown to 2024-10-28 00:00:00+00:00, run_after=2024-10-29 00:00:00+00:00
[2024-10-29T17:05:53.509+0000] {processor.py:183} INFO - Processing /home/airflow/.local/lib/python3.11/site-packages/airflow/example_dags/example_setup_teardown.py took 0.079 seconds
[2024-10-29T17:06:23.623+0000] {processor.py:161} INFO - Started process (PID=2410) to work on /home/airflow/.local/lib/python3.11/site-packages/airflow/example_dags/example_setup_teardown.py
[2024-10-29T17:06:23.624+0000] {processor.py:830} INFO - Processing file /home/airflow/.local/lib/python3.11/site-packages/airflow/example_dags/example_setup_teardown.py for tasks to queue
[2024-10-29T17:06:23.625+0000] {logging_mixin.py:188} INFO - [2024-10-29T17:06:23.625+0000] {dagbag.py:545} INFO - Filling up the DagBag from /home/airflow/.local/lib/python3.11/site-packages/airflow/example_dags/example_setup_teardown.py
[2024-10-29T17:06:23.632+0000] {processor.py:840} INFO - DAG(s) 'example_setup_teardown' retrieved from /home/airflow/.local/lib/python3.11/site-packages/airflow/example_dags/example_setup_teardown.py
[2024-10-29T17:06:23.657+0000] {logging_mixin.py:188} INFO - [2024-10-29T17:06:23.657+0000] {dag.py:3096} INFO - Sync 1 DAGs
[2024-10-29T17:06:23.680+0000] {logging_mixin.py:188} INFO - [2024-10-29T17:06:23.680+0000] {dag.py:3954} INFO - Setting next_dagrun for example_setup_teardown to 2024-10-28 00:00:00+00:00, run_after=2024-10-29 00:00:00+00:00
[2024-10-29T17:06:23.714+0000] {processor.py:183} INFO - Processing /home/airflow/.local/lib/python3.11/site-packages/airflow/example_dags/example_setup_teardown.py took 0.096 seconds
[2024-10-29T17:06:53.779+0000] {processor.py:161} INFO - Started process (PID=2672) to work on /home/airflow/.local/lib/python3.11/site-packages/airflow/example_dags/example_setup_teardown.py
[2024-10-29T17:06:53.780+0000] {processor.py:830} INFO - Processing file /home/airflow/.local/lib/python3.11/site-packages/airflow/example_dags/example_setup_teardown.py for tasks to queue
[2024-10-29T17:06:53.782+0000] {logging_mixin.py:188} INFO - [2024-10-29T17:06:53.781+0000] {dagbag.py:545} INFO - Filling up the DagBag from /home/airflow/.local/lib/python3.11/site-packages/airflow/example_dags/example_setup_teardown.py
[2024-10-29T17:06:53.788+0000] {processor.py:840} INFO - DAG(s) 'example_setup_teardown' retrieved from /home/airflow/.local/lib/python3.11/site-packages/airflow/example_dags/example_setup_teardown.py
[2024-10-29T17:06:53.808+0000] {logging_mixin.py:188} INFO - [2024-10-29T17:06:53.807+0000] {dag.py:3096} INFO - Sync 1 DAGs
[2024-10-29T17:06:53.827+0000] {logging_mixin.py:188} INFO - [2024-10-29T17:06:53.827+0000] {dag.py:3954} INFO - Setting next_dagrun for example_setup_teardown to 2024-10-28 00:00:00+00:00, run_after=2024-10-29 00:00:00+00:00
[2024-10-29T17:06:53.849+0000] {processor.py:183} INFO - Processing /home/airflow/.local/lib/python3.11/site-packages/airflow/example_dags/example_setup_teardown.py took 0.076 seconds
[2024-10-29T17:07:24.107+0000] {processor.py:161} INFO - Started process (PID=2934) to work on /home/airflow/.local/lib/python3.11/site-packages/airflow/example_dags/example_setup_teardown.py
[2024-10-29T17:07:24.110+0000] {processor.py:830} INFO - Processing file /home/airflow/.local/lib/python3.11/site-packages/airflow/example_dags/example_setup_teardown.py for tasks to queue
[2024-10-29T17:07:24.113+0000] {logging_mixin.py:188} INFO - [2024-10-29T17:07:24.112+0000] {dagbag.py:545} INFO - Filling up the DagBag from /home/airflow/.local/lib/python3.11/site-packages/airflow/example_dags/example_setup_teardown.py
[2024-10-29T17:07:24.122+0000] {processor.py:840} INFO - DAG(s) 'example_setup_teardown' retrieved from /home/airflow/.local/lib/python3.11/site-packages/airflow/example_dags/example_setup_teardown.py
[2024-10-29T17:07:24.144+0000] {logging_mixin.py:188} INFO - [2024-10-29T17:07:24.144+0000] {dag.py:3096} INFO - Sync 1 DAGs
[2024-10-29T17:07:24.171+0000] {logging_mixin.py:188} INFO - [2024-10-29T17:07:24.171+0000] {dag.py:3954} INFO - Setting next_dagrun for example_setup_teardown to 2024-10-28 00:00:00+00:00, run_after=2024-10-29 00:00:00+00:00
[2024-10-29T17:07:24.199+0000] {processor.py:183} INFO - Processing /home/airflow/.local/lib/python3.11/site-packages/airflow/example_dags/example_setup_teardown.py took 0.098 seconds
[2024-10-29T17:07:54.576+0000] {processor.py:161} INFO - Started process (PID=3196) to work on /home/airflow/.local/lib/python3.11/site-packages/airflow/example_dags/example_setup_teardown.py
[2024-10-29T17:07:54.578+0000] {processor.py:830} INFO - Processing file /home/airflow/.local/lib/python3.11/site-packages/airflow/example_dags/example_setup_teardown.py for tasks to queue
[2024-10-29T17:07:54.581+0000] {logging_mixin.py:188} INFO - [2024-10-29T17:07:54.581+0000] {dagbag.py:545} INFO - Filling up the DagBag from /home/airflow/.local/lib/python3.11/site-packages/airflow/example_dags/example_setup_teardown.py
[2024-10-29T17:07:54.591+0000] {processor.py:840} INFO - DAG(s) 'example_setup_teardown' retrieved from /home/airflow/.local/lib/python3.11/site-packages/airflow/example_dags/example_setup_teardown.py
[2024-10-29T17:07:54.626+0000] {logging_mixin.py:188} INFO - [2024-10-29T17:07:54.625+0000] {dag.py:3096} INFO - Sync 1 DAGs
[2024-10-29T17:07:54.668+0000] {logging_mixin.py:188} INFO - [2024-10-29T17:07:54.667+0000] {dag.py:3954} INFO - Setting next_dagrun for example_setup_teardown to 2024-10-28 00:00:00+00:00, run_after=2024-10-29 00:00:00+00:00
[2024-10-29T17:07:54.703+0000] {processor.py:183} INFO - Processing /home/airflow/.local/lib/python3.11/site-packages/airflow/example_dags/example_setup_teardown.py took 0.134 seconds
[2024-10-29T17:08:24.888+0000] {processor.py:161} INFO - Started process (PID=3458) to work on /home/airflow/.local/lib/python3.11/site-packages/airflow/example_dags/example_setup_teardown.py
[2024-10-29T17:08:24.889+0000] {processor.py:830} INFO - Processing file /home/airflow/.local/lib/python3.11/site-packages/airflow/example_dags/example_setup_teardown.py for tasks to queue
[2024-10-29T17:08:24.891+0000] {logging_mixin.py:188} INFO - [2024-10-29T17:08:24.891+0000] {dagbag.py:545} INFO - Filling up the DagBag from /home/airflow/.local/lib/python3.11/site-packages/airflow/example_dags/example_setup_teardown.py
[2024-10-29T17:08:24.898+0000] {processor.py:840} INFO - DAG(s) 'example_setup_teardown' retrieved from /home/airflow/.local/lib/python3.11/site-packages/airflow/example_dags/example_setup_teardown.py
[2024-10-29T17:08:24.918+0000] {logging_mixin.py:188} INFO - [2024-10-29T17:08:24.918+0000] {dag.py:3096} INFO - Sync 1 DAGs
[2024-10-29T17:08:24.941+0000] {logging_mixin.py:188} INFO - [2024-10-29T17:08:24.941+0000] {dag.py:3954} INFO - Setting next_dagrun for example_setup_teardown to 2024-10-28 00:00:00+00:00, run_after=2024-10-29 00:00:00+00:00
[2024-10-29T17:08:24.961+0000] {processor.py:183} INFO - Processing /home/airflow/.local/lib/python3.11/site-packages/airflow/example_dags/example_setup_teardown.py took 0.081 seconds
[2024-10-29T17:09:28.446+0000] {processor.py:161} INFO - Started process (PID=305) to work on /home/airflow/.local/lib/python3.11/site-packages/airflow/example_dags/example_setup_teardown.py
[2024-10-29T17:09:28.447+0000] {processor.py:830} INFO - Processing file /home/airflow/.local/lib/python3.11/site-packages/airflow/example_dags/example_setup_teardown.py for tasks to queue
[2024-10-29T17:09:28.448+0000] {logging_mixin.py:188} INFO - [2024-10-29T17:09:28.448+0000] {dagbag.py:545} INFO - Filling up the DagBag from /home/airflow/.local/lib/python3.11/site-packages/airflow/example_dags/example_setup_teardown.py
[2024-10-29T17:09:28.642+0000] {processor.py:840} INFO - DAG(s) 'example_setup_teardown' retrieved from /home/airflow/.local/lib/python3.11/site-packages/airflow/example_dags/example_setup_teardown.py
[2024-10-29T17:09:28.657+0000] {logging_mixin.py:188} INFO - [2024-10-29T17:09:28.657+0000] {dag.py:3096} INFO - Sync 1 DAGs
[2024-10-29T17:09:28.679+0000] {logging_mixin.py:188} INFO - [2024-10-29T17:09:28.678+0000] {dag.py:3954} INFO - Setting next_dagrun for example_setup_teardown to 2024-10-28 00:00:00+00:00, run_after=2024-10-29 00:00:00+00:00
[2024-10-29T17:09:28.708+0000] {processor.py:183} INFO - Processing /home/airflow/.local/lib/python3.11/site-packages/airflow/example_dags/example_setup_teardown.py took 0.270 seconds
[2024-10-29T17:09:59.286+0000] {processor.py:161} INFO - Started process (PID=567) to work on /home/airflow/.local/lib/python3.11/site-packages/airflow/example_dags/example_setup_teardown.py
[2024-10-29T17:09:59.287+0000] {processor.py:830} INFO - Processing file /home/airflow/.local/lib/python3.11/site-packages/airflow/example_dags/example_setup_teardown.py for tasks to queue
[2024-10-29T17:09:59.290+0000] {logging_mixin.py:188} INFO - [2024-10-29T17:09:59.289+0000] {dagbag.py:545} INFO - Filling up the DagBag from /home/airflow/.local/lib/python3.11/site-packages/airflow/example_dags/example_setup_teardown.py
[2024-10-29T17:09:59.297+0000] {processor.py:840} INFO - DAG(s) 'example_setup_teardown' retrieved from /home/airflow/.local/lib/python3.11/site-packages/airflow/example_dags/example_setup_teardown.py
[2024-10-29T17:09:59.382+0000] {logging_mixin.py:188} INFO - [2024-10-29T17:09:59.381+0000] {dag.py:3096} INFO - Sync 1 DAGs
[2024-10-29T17:09:59.402+0000] {logging_mixin.py:188} INFO - [2024-10-29T17:09:59.402+0000] {dag.py:3954} INFO - Setting next_dagrun for example_setup_teardown to 2024-10-28 00:00:00+00:00, run_after=2024-10-29 00:00:00+00:00
[2024-10-29T17:09:59.424+0000] {processor.py:183} INFO - Processing /home/airflow/.local/lib/python3.11/site-packages/airflow/example_dags/example_setup_teardown.py took 0.144 seconds
[2024-10-29T17:10:30.489+0000] {processor.py:161} INFO - Started process (PID=829) to work on /home/airflow/.local/lib/python3.11/site-packages/airflow/example_dags/example_setup_teardown.py
[2024-10-29T17:10:30.492+0000] {processor.py:830} INFO - Processing file /home/airflow/.local/lib/python3.11/site-packages/airflow/example_dags/example_setup_teardown.py for tasks to queue
[2024-10-29T17:10:30.495+0000] {logging_mixin.py:188} INFO - [2024-10-29T17:10:30.494+0000] {dagbag.py:545} INFO - Filling up the DagBag from /home/airflow/.local/lib/python3.11/site-packages/airflow/example_dags/example_setup_teardown.py
[2024-10-29T17:10:30.521+0000] {processor.py:840} INFO - DAG(s) 'example_setup_teardown' retrieved from /home/airflow/.local/lib/python3.11/site-packages/airflow/example_dags/example_setup_teardown.py
[2024-10-29T17:10:30.569+0000] {logging_mixin.py:188} INFO - [2024-10-29T17:10:30.567+0000] {dag.py:3096} INFO - Sync 1 DAGs
[2024-10-29T17:10:30.620+0000] {logging_mixin.py:188} INFO - [2024-10-29T17:10:30.619+0000] {dag.py:3954} INFO - Setting next_dagrun for example_setup_teardown to 2024-10-28 00:00:00+00:00, run_after=2024-10-29 00:00:00+00:00
[2024-10-29T17:10:30.682+0000] {processor.py:183} INFO - Processing /home/airflow/.local/lib/python3.11/site-packages/airflow/example_dags/example_setup_teardown.py took 0.201 seconds
[2024-10-29T17:11:00.808+0000] {processor.py:161} INFO - Started process (PID=1097) to work on /home/airflow/.local/lib/python3.11/site-packages/airflow/example_dags/example_setup_teardown.py
[2024-10-29T17:11:00.810+0000] {processor.py:830} INFO - Processing file /home/airflow/.local/lib/python3.11/site-packages/airflow/example_dags/example_setup_teardown.py for tasks to queue
[2024-10-29T17:11:00.812+0000] {logging_mixin.py:188} INFO - [2024-10-29T17:11:00.811+0000] {dagbag.py:545} INFO - Filling up the DagBag from /home/airflow/.local/lib/python3.11/site-packages/airflow/example_dags/example_setup_teardown.py
[2024-10-29T17:11:00.819+0000] {processor.py:840} INFO - DAG(s) 'example_setup_teardown' retrieved from /home/airflow/.local/lib/python3.11/site-packages/airflow/example_dags/example_setup_teardown.py
[2024-10-29T17:11:00.839+0000] {logging_mixin.py:188} INFO - [2024-10-29T17:11:00.838+0000] {dag.py:3096} INFO - Sync 1 DAGs
[2024-10-29T17:11:00.862+0000] {logging_mixin.py:188} INFO - [2024-10-29T17:11:00.862+0000] {dag.py:3954} INFO - Setting next_dagrun for example_setup_teardown to 2024-10-28 00:00:00+00:00, run_after=2024-10-29 00:00:00+00:00
[2024-10-29T17:11:00.883+0000] {processor.py:183} INFO - Processing /home/airflow/.local/lib/python3.11/site-packages/airflow/example_dags/example_setup_teardown.py took 0.081 seconds
[2024-10-29T17:11:30.968+0000] {processor.py:161} INFO - Started process (PID=1359) to work on /home/airflow/.local/lib/python3.11/site-packages/airflow/example_dags/example_setup_teardown.py
[2024-10-29T17:11:30.969+0000] {processor.py:830} INFO - Processing file /home/airflow/.local/lib/python3.11/site-packages/airflow/example_dags/example_setup_teardown.py for tasks to queue
[2024-10-29T17:11:30.972+0000] {logging_mixin.py:188} INFO - [2024-10-29T17:11:30.971+0000] {dagbag.py:545} INFO - Filling up the DagBag from /home/airflow/.local/lib/python3.11/site-packages/airflow/example_dags/example_setup_teardown.py
[2024-10-29T17:11:30.979+0000] {processor.py:840} INFO - DAG(s) 'example_setup_teardown' retrieved from /home/airflow/.local/lib/python3.11/site-packages/airflow/example_dags/example_setup_teardown.py
[2024-10-29T17:11:30.998+0000] {logging_mixin.py:188} INFO - [2024-10-29T17:11:30.997+0000] {dag.py:3096} INFO - Sync 1 DAGs
[2024-10-29T17:11:31.017+0000] {logging_mixin.py:188} INFO - [2024-10-29T17:11:31.017+0000] {dag.py:3954} INFO - Setting next_dagrun for example_setup_teardown to 2024-10-28 00:00:00+00:00, run_after=2024-10-29 00:00:00+00:00
[2024-10-29T17:11:31.038+0000] {processor.py:183} INFO - Processing /home/airflow/.local/lib/python3.11/site-packages/airflow/example_dags/example_setup_teardown.py took 0.077 seconds
[2024-10-29T17:12:02.122+0000] {processor.py:161} INFO - Started process (PID=1621) to work on /home/airflow/.local/lib/python3.11/site-packages/airflow/example_dags/example_setup_teardown.py
[2024-10-29T17:12:02.123+0000] {processor.py:830} INFO - Processing file /home/airflow/.local/lib/python3.11/site-packages/airflow/example_dags/example_setup_teardown.py for tasks to queue
[2024-10-29T17:12:02.124+0000] {logging_mixin.py:188} INFO - [2024-10-29T17:12:02.124+0000] {dagbag.py:545} INFO - Filling up the DagBag from /home/airflow/.local/lib/python3.11/site-packages/airflow/example_dags/example_setup_teardown.py
[2024-10-29T17:12:02.130+0000] {processor.py:840} INFO - DAG(s) 'example_setup_teardown' retrieved from /home/airflow/.local/lib/python3.11/site-packages/airflow/example_dags/example_setup_teardown.py
[2024-10-29T17:12:02.149+0000] {logging_mixin.py:188} INFO - [2024-10-29T17:12:02.149+0000] {dag.py:3096} INFO - Sync 1 DAGs
[2024-10-29T17:12:02.168+0000] {logging_mixin.py:188} INFO - [2024-10-29T17:12:02.167+0000] {dag.py:3954} INFO - Setting next_dagrun for example_setup_teardown to 2024-10-28 00:00:00+00:00, run_after=2024-10-29 00:00:00+00:00
[2024-10-29T17:12:02.188+0000] {processor.py:183} INFO - Processing /home/airflow/.local/lib/python3.11/site-packages/airflow/example_dags/example_setup_teardown.py took 0.072 seconds
[2024-10-29T17:12:32.559+0000] {processor.py:161} INFO - Started process (PID=1883) to work on /home/airflow/.local/lib/python3.11/site-packages/airflow/example_dags/example_setup_teardown.py
[2024-10-29T17:12:32.562+0000] {processor.py:830} INFO - Processing file /home/airflow/.local/lib/python3.11/site-packages/airflow/example_dags/example_setup_teardown.py for tasks to queue
[2024-10-29T17:12:32.571+0000] {logging_mixin.py:188} INFO - [2024-10-29T17:12:32.570+0000] {dagbag.py:545} INFO - Filling up the DagBag from /home/airflow/.local/lib/python3.11/site-packages/airflow/example_dags/example_setup_teardown.py
[2024-10-29T17:12:32.583+0000] {processor.py:840} INFO - DAG(s) 'example_setup_teardown' retrieved from /home/airflow/.local/lib/python3.11/site-packages/airflow/example_dags/example_setup_teardown.py
[2024-10-29T17:12:32.620+0000] {logging_mixin.py:188} INFO - [2024-10-29T17:12:32.619+0000] {dag.py:3096} INFO - Sync 1 DAGs
[2024-10-29T17:12:32.644+0000] {logging_mixin.py:188} INFO - [2024-10-29T17:12:32.643+0000] {dag.py:3954} INFO - Setting next_dagrun for example_setup_teardown to 2024-10-28 00:00:00+00:00, run_after=2024-10-29 00:00:00+00:00
[2024-10-29T17:12:32.670+0000] {processor.py:183} INFO - Processing /home/airflow/.local/lib/python3.11/site-packages/airflow/example_dags/example_setup_teardown.py took 0.123 seconds
