[2024-10-29T17:02:22.571+0000] {processor.py:161} INFO - Started process (PID=396) to work on /home/airflow/.local/lib/python3.11/site-packages/airflow/example_dags/example_complex.py
[2024-10-29T17:02:22.572+0000] {processor.py:830} INFO - Processing file /home/airflow/.local/lib/python3.11/site-packages/airflow/example_dags/example_complex.py for tasks to queue
[2024-10-29T17:02:22.575+0000] {logging_mixin.py:188} INFO - [2024-10-29T17:02:22.574+0000] {dagbag.py:545} INFO - Filling up the DagBag from /home/airflow/.local/lib/python3.11/site-packages/airflow/example_dags/example_complex.py
[2024-10-29T17:02:22.589+0000] {processor.py:840} INFO - DAG(s) 'example_complex' retrieved from /home/airflow/.local/lib/python3.11/site-packages/airflow/example_dags/example_complex.py
[2024-10-29T17:02:22.726+0000] {logging_mixin.py:188} INFO - [2024-10-29T17:02:22.725+0000] {override.py:1829} INFO - Created Permission View: can edit on DAG:example_complex
[2024-10-29T17:02:22.742+0000] {logging_mixin.py:188} INFO - [2024-10-29T17:02:22.742+0000] {override.py:1829} INFO - Created Permission View: can delete on DAG:example_complex
[2024-10-29T17:02:22.754+0000] {logging_mixin.py:188} INFO - [2024-10-29T17:02:22.754+0000] {override.py:1829} INFO - Created Permission View: can read on DAG:example_complex
[2024-10-29T17:02:22.755+0000] {logging_mixin.py:188} INFO - [2024-10-29T17:02:22.755+0000] {dag.py:3096} INFO - Sync 1 DAGs
[2024-10-29T17:02:22.768+0000] {logging_mixin.py:188} INFO - [2024-10-29T17:02:22.768+0000] {dag.py:3118} INFO - Creating ORM DAG for example_complex
[2024-10-29T17:02:22.769+0000] {logging_mixin.py:188} INFO - [2024-10-29T17:02:22.769+0000] {dag.py:3954} INFO - Setting next_dagrun for example_complex to None, run_after=None
[2024-10-29T17:02:22.791+0000] {processor.py:183} INFO - Processing /home/airflow/.local/lib/python3.11/site-packages/airflow/example_dags/example_complex.py took 0.231 seconds
[2024-10-29T17:02:53.421+0000] {processor.py:161} INFO - Started process (PID=658) to work on /home/airflow/.local/lib/python3.11/site-packages/airflow/example_dags/example_complex.py
[2024-10-29T17:02:53.423+0000] {processor.py:830} INFO - Processing file /home/airflow/.local/lib/python3.11/site-packages/airflow/example_dags/example_complex.py for tasks to queue
[2024-10-29T17:02:53.425+0000] {logging_mixin.py:188} INFO - [2024-10-29T17:02:53.424+0000] {dagbag.py:545} INFO - Filling up the DagBag from /home/airflow/.local/lib/python3.11/site-packages/airflow/example_dags/example_complex.py
[2024-10-29T17:02:53.434+0000] {processor.py:840} INFO - DAG(s) 'example_complex' retrieved from /home/airflow/.local/lib/python3.11/site-packages/airflow/example_dags/example_complex.py
[2024-10-29T17:02:53.467+0000] {logging_mixin.py:188} INFO - [2024-10-29T17:02:53.466+0000] {dag.py:3096} INFO - Sync 1 DAGs
[2024-10-29T17:02:53.481+0000] {logging_mixin.py:188} INFO - [2024-10-29T17:02:53.481+0000] {dag.py:3954} INFO - Setting next_dagrun for example_complex to None, run_after=None
[2024-10-29T17:02:53.503+0000] {processor.py:183} INFO - Processing /home/airflow/.local/lib/python3.11/site-packages/airflow/example_dags/example_complex.py took 0.089 seconds
[2024-10-29T17:03:24.775+0000] {processor.py:161} INFO - Started process (PID=922) to work on /home/airflow/.local/lib/python3.11/site-packages/airflow/example_dags/example_complex.py
[2024-10-29T17:03:24.776+0000] {processor.py:830} INFO - Processing file /home/airflow/.local/lib/python3.11/site-packages/airflow/example_dags/example_complex.py for tasks to queue
[2024-10-29T17:03:24.778+0000] {logging_mixin.py:188} INFO - [2024-10-29T17:03:24.778+0000] {dagbag.py:545} INFO - Filling up the DagBag from /home/airflow/.local/lib/python3.11/site-packages/airflow/example_dags/example_complex.py
[2024-10-29T17:03:24.791+0000] {processor.py:840} INFO - DAG(s) 'example_complex' retrieved from /home/airflow/.local/lib/python3.11/site-packages/airflow/example_dags/example_complex.py
[2024-10-29T17:03:24.831+0000] {logging_mixin.py:188} INFO - [2024-10-29T17:03:24.831+0000] {dag.py:3096} INFO - Sync 1 DAGs
[2024-10-29T17:03:24.846+0000] {logging_mixin.py:188} INFO - [2024-10-29T17:03:24.846+0000] {dag.py:3954} INFO - Setting next_dagrun for example_complex to None, run_after=None
[2024-10-29T17:03:24.882+0000] {processor.py:183} INFO - Processing /home/airflow/.local/lib/python3.11/site-packages/airflow/example_dags/example_complex.py took 0.113 seconds
[2024-10-29T17:03:55.484+0000] {processor.py:161} INFO - Started process (PID=1183) to work on /home/airflow/.local/lib/python3.11/site-packages/airflow/example_dags/example_complex.py
[2024-10-29T17:03:55.502+0000] {processor.py:830} INFO - Processing file /home/airflow/.local/lib/python3.11/site-packages/airflow/example_dags/example_complex.py for tasks to queue
[2024-10-29T17:03:55.508+0000] {logging_mixin.py:188} INFO - [2024-10-29T17:03:55.507+0000] {dagbag.py:545} INFO - Filling up the DagBag from /home/airflow/.local/lib/python3.11/site-packages/airflow/example_dags/example_complex.py
[2024-10-29T17:03:55.534+0000] {processor.py:840} INFO - DAG(s) 'example_complex' retrieved from /home/airflow/.local/lib/python3.11/site-packages/airflow/example_dags/example_complex.py
[2024-10-29T17:03:55.620+0000] {logging_mixin.py:188} INFO - [2024-10-29T17:03:55.620+0000] {dag.py:3096} INFO - Sync 1 DAGs
[2024-10-29T17:03:55.645+0000] {logging_mixin.py:188} INFO - [2024-10-29T17:03:55.644+0000] {dag.py:3954} INFO - Setting next_dagrun for example_complex to None, run_after=None
[2024-10-29T17:03:55.679+0000] {processor.py:183} INFO - Processing /home/airflow/.local/lib/python3.11/site-packages/airflow/example_dags/example_complex.py took 0.203 seconds
[2024-10-29T17:04:25.871+0000] {processor.py:161} INFO - Started process (PID=1445) to work on /home/airflow/.local/lib/python3.11/site-packages/airflow/example_dags/example_complex.py
[2024-10-29T17:04:25.872+0000] {processor.py:830} INFO - Processing file /home/airflow/.local/lib/python3.11/site-packages/airflow/example_dags/example_complex.py for tasks to queue
[2024-10-29T17:04:25.874+0000] {logging_mixin.py:188} INFO - [2024-10-29T17:04:25.873+0000] {dagbag.py:545} INFO - Filling up the DagBag from /home/airflow/.local/lib/python3.11/site-packages/airflow/example_dags/example_complex.py
[2024-10-29T17:04:25.883+0000] {processor.py:840} INFO - DAG(s) 'example_complex' retrieved from /home/airflow/.local/lib/python3.11/site-packages/airflow/example_dags/example_complex.py
[2024-10-29T17:04:25.912+0000] {logging_mixin.py:188} INFO - [2024-10-29T17:04:25.912+0000] {dag.py:3096} INFO - Sync 1 DAGs
[2024-10-29T17:04:25.923+0000] {logging_mixin.py:188} INFO - [2024-10-29T17:04:25.923+0000] {dag.py:3954} INFO - Setting next_dagrun for example_complex to None, run_after=None
[2024-10-29T17:04:25.946+0000] {processor.py:183} INFO - Processing /home/airflow/.local/lib/python3.11/site-packages/airflow/example_dags/example_complex.py took 0.080 seconds
[2024-10-29T17:04:56.875+0000] {processor.py:161} INFO - Started process (PID=1707) to work on /home/airflow/.local/lib/python3.11/site-packages/airflow/example_dags/example_complex.py
[2024-10-29T17:04:56.876+0000] {processor.py:830} INFO - Processing file /home/airflow/.local/lib/python3.11/site-packages/airflow/example_dags/example_complex.py for tasks to queue
[2024-10-29T17:04:56.878+0000] {logging_mixin.py:188} INFO - [2024-10-29T17:04:56.877+0000] {dagbag.py:545} INFO - Filling up the DagBag from /home/airflow/.local/lib/python3.11/site-packages/airflow/example_dags/example_complex.py
[2024-10-29T17:04:56.888+0000] {processor.py:840} INFO - DAG(s) 'example_complex' retrieved from /home/airflow/.local/lib/python3.11/site-packages/airflow/example_dags/example_complex.py
[2024-10-29T17:04:56.919+0000] {logging_mixin.py:188} INFO - [2024-10-29T17:04:56.919+0000] {dag.py:3096} INFO - Sync 1 DAGs
[2024-10-29T17:04:56.932+0000] {logging_mixin.py:188} INFO - [2024-10-29T17:04:56.931+0000] {dag.py:3954} INFO - Setting next_dagrun for example_complex to None, run_after=None
[2024-10-29T17:04:56.953+0000] {processor.py:183} INFO - Processing /home/airflow/.local/lib/python3.11/site-packages/airflow/example_dags/example_complex.py took 0.083 seconds
[2024-10-29T17:05:27.183+0000] {processor.py:161} INFO - Started process (PID=1969) to work on /home/airflow/.local/lib/python3.11/site-packages/airflow/example_dags/example_complex.py
[2024-10-29T17:05:27.184+0000] {processor.py:830} INFO - Processing file /home/airflow/.local/lib/python3.11/site-packages/airflow/example_dags/example_complex.py for tasks to queue
[2024-10-29T17:05:27.186+0000] {logging_mixin.py:188} INFO - [2024-10-29T17:05:27.186+0000] {dagbag.py:545} INFO - Filling up the DagBag from /home/airflow/.local/lib/python3.11/site-packages/airflow/example_dags/example_complex.py
[2024-10-29T17:05:27.197+0000] {processor.py:840} INFO - DAG(s) 'example_complex' retrieved from /home/airflow/.local/lib/python3.11/site-packages/airflow/example_dags/example_complex.py
[2024-10-29T17:05:27.229+0000] {logging_mixin.py:188} INFO - [2024-10-29T17:05:27.229+0000] {dag.py:3096} INFO - Sync 1 DAGs
[2024-10-29T17:05:27.241+0000] {logging_mixin.py:188} INFO - [2024-10-29T17:05:27.240+0000] {dag.py:3954} INFO - Setting next_dagrun for example_complex to None, run_after=None
[2024-10-29T17:05:27.260+0000] {processor.py:183} INFO - Processing /home/airflow/.local/lib/python3.11/site-packages/airflow/example_dags/example_complex.py took 0.085 seconds
[2024-10-29T17:05:57.468+0000] {processor.py:161} INFO - Started process (PID=2233) to work on /home/airflow/.local/lib/python3.11/site-packages/airflow/example_dags/example_complex.py
[2024-10-29T17:05:57.471+0000] {processor.py:830} INFO - Processing file /home/airflow/.local/lib/python3.11/site-packages/airflow/example_dags/example_complex.py for tasks to queue
[2024-10-29T17:05:57.474+0000] {logging_mixin.py:188} INFO - [2024-10-29T17:05:57.474+0000] {dagbag.py:545} INFO - Filling up the DagBag from /home/airflow/.local/lib/python3.11/site-packages/airflow/example_dags/example_complex.py
[2024-10-29T17:05:57.486+0000] {processor.py:840} INFO - DAG(s) 'example_complex' retrieved from /home/airflow/.local/lib/python3.11/site-packages/airflow/example_dags/example_complex.py
[2024-10-29T17:05:57.520+0000] {logging_mixin.py:188} INFO - [2024-10-29T17:05:57.520+0000] {dag.py:3096} INFO - Sync 1 DAGs
[2024-10-29T17:05:57.534+0000] {logging_mixin.py:188} INFO - [2024-10-29T17:05:57.533+0000] {dag.py:3954} INFO - Setting next_dagrun for example_complex to None, run_after=None
[2024-10-29T17:05:57.562+0000] {processor.py:183} INFO - Processing /home/airflow/.local/lib/python3.11/site-packages/airflow/example_dags/example_complex.py took 0.104 seconds
[2024-10-29T17:06:27.740+0000] {processor.py:161} INFO - Started process (PID=2493) to work on /home/airflow/.local/lib/python3.11/site-packages/airflow/example_dags/example_complex.py
[2024-10-29T17:06:27.740+0000] {processor.py:830} INFO - Processing file /home/airflow/.local/lib/python3.11/site-packages/airflow/example_dags/example_complex.py for tasks to queue
[2024-10-29T17:06:27.742+0000] {logging_mixin.py:188} INFO - [2024-10-29T17:06:27.742+0000] {dagbag.py:545} INFO - Filling up the DagBag from /home/airflow/.local/lib/python3.11/site-packages/airflow/example_dags/example_complex.py
[2024-10-29T17:06:27.752+0000] {processor.py:840} INFO - DAG(s) 'example_complex' retrieved from /home/airflow/.local/lib/python3.11/site-packages/airflow/example_dags/example_complex.py
[2024-10-29T17:06:27.778+0000] {logging_mixin.py:188} INFO - [2024-10-29T17:06:27.778+0000] {dag.py:3096} INFO - Sync 1 DAGs
[2024-10-29T17:06:27.788+0000] {logging_mixin.py:188} INFO - [2024-10-29T17:06:27.788+0000] {dag.py:3954} INFO - Setting next_dagrun for example_complex to None, run_after=None
[2024-10-29T17:06:27.807+0000] {processor.py:183} INFO - Processing /home/airflow/.local/lib/python3.11/site-packages/airflow/example_dags/example_complex.py took 0.073 seconds
[2024-10-29T17:06:58.104+0000] {processor.py:161} INFO - Started process (PID=2757) to work on /home/airflow/.local/lib/python3.11/site-packages/airflow/example_dags/example_complex.py
[2024-10-29T17:06:58.105+0000] {processor.py:830} INFO - Processing file /home/airflow/.local/lib/python3.11/site-packages/airflow/example_dags/example_complex.py for tasks to queue
[2024-10-29T17:06:58.107+0000] {logging_mixin.py:188} INFO - [2024-10-29T17:06:58.107+0000] {dagbag.py:545} INFO - Filling up the DagBag from /home/airflow/.local/lib/python3.11/site-packages/airflow/example_dags/example_complex.py
[2024-10-29T17:06:58.119+0000] {processor.py:840} INFO - DAG(s) 'example_complex' retrieved from /home/airflow/.local/lib/python3.11/site-packages/airflow/example_dags/example_complex.py
[2024-10-29T17:06:58.154+0000] {logging_mixin.py:188} INFO - [2024-10-29T17:06:58.153+0000] {dag.py:3096} INFO - Sync 1 DAGs
[2024-10-29T17:06:58.172+0000] {logging_mixin.py:188} INFO - [2024-10-29T17:06:58.171+0000] {dag.py:3954} INFO - Setting next_dagrun for example_complex to None, run_after=None
[2024-10-29T17:06:58.195+0000] {processor.py:183} INFO - Processing /home/airflow/.local/lib/python3.11/site-packages/airflow/example_dags/example_complex.py took 0.098 seconds
[2024-10-29T17:07:28.499+0000] {processor.py:161} INFO - Started process (PID=3017) to work on /home/airflow/.local/lib/python3.11/site-packages/airflow/example_dags/example_complex.py
[2024-10-29T17:07:28.500+0000] {processor.py:830} INFO - Processing file /home/airflow/.local/lib/python3.11/site-packages/airflow/example_dags/example_complex.py for tasks to queue
[2024-10-29T17:07:28.502+0000] {logging_mixin.py:188} INFO - [2024-10-29T17:07:28.502+0000] {dagbag.py:545} INFO - Filling up the DagBag from /home/airflow/.local/lib/python3.11/site-packages/airflow/example_dags/example_complex.py
[2024-10-29T17:07:28.511+0000] {processor.py:840} INFO - DAG(s) 'example_complex' retrieved from /home/airflow/.local/lib/python3.11/site-packages/airflow/example_dags/example_complex.py
[2024-10-29T17:07:28.538+0000] {logging_mixin.py:188} INFO - [2024-10-29T17:07:28.538+0000] {dag.py:3096} INFO - Sync 1 DAGs
[2024-10-29T17:07:28.549+0000] {logging_mixin.py:188} INFO - [2024-10-29T17:07:28.549+0000] {dag.py:3954} INFO - Setting next_dagrun for example_complex to None, run_after=None
[2024-10-29T17:07:28.566+0000] {processor.py:183} INFO - Processing /home/airflow/.local/lib/python3.11/site-packages/airflow/example_dags/example_complex.py took 0.073 seconds
[2024-10-29T17:07:58.777+0000] {processor.py:161} INFO - Started process (PID=3280) to work on /home/airflow/.local/lib/python3.11/site-packages/airflow/example_dags/example_complex.py
[2024-10-29T17:07:58.779+0000] {processor.py:830} INFO - Processing file /home/airflow/.local/lib/python3.11/site-packages/airflow/example_dags/example_complex.py for tasks to queue
[2024-10-29T17:07:58.781+0000] {logging_mixin.py:188} INFO - [2024-10-29T17:07:58.781+0000] {dagbag.py:545} INFO - Filling up the DagBag from /home/airflow/.local/lib/python3.11/site-packages/airflow/example_dags/example_complex.py
[2024-10-29T17:07:58.794+0000] {processor.py:840} INFO - DAG(s) 'example_complex' retrieved from /home/airflow/.local/lib/python3.11/site-packages/airflow/example_dags/example_complex.py
[2024-10-29T17:07:58.826+0000] {logging_mixin.py:188} INFO - [2024-10-29T17:07:58.825+0000] {dag.py:3096} INFO - Sync 1 DAGs
[2024-10-29T17:07:58.838+0000] {logging_mixin.py:188} INFO - [2024-10-29T17:07:58.838+0000] {dag.py:3954} INFO - Setting next_dagrun for example_complex to None, run_after=None
[2024-10-29T17:07:58.858+0000] {processor.py:183} INFO - Processing /home/airflow/.local/lib/python3.11/site-packages/airflow/example_dags/example_complex.py took 0.088 seconds
[2024-10-29T17:08:29.453+0000] {processor.py:161} INFO - Started process (PID=3586) to work on /home/airflow/.local/lib/python3.11/site-packages/airflow/example_dags/example_complex.py
[2024-10-29T17:08:29.454+0000] {processor.py:830} INFO - Processing file /home/airflow/.local/lib/python3.11/site-packages/airflow/example_dags/example_complex.py for tasks to queue
[2024-10-29T17:08:29.458+0000] {logging_mixin.py:188} INFO - [2024-10-29T17:08:29.457+0000] {dagbag.py:545} INFO - Filling up the DagBag from /home/airflow/.local/lib/python3.11/site-packages/airflow/example_dags/example_complex.py
[2024-10-29T17:08:29.487+0000] {processor.py:840} INFO - DAG(s) 'example_complex' retrieved from /home/airflow/.local/lib/python3.11/site-packages/airflow/example_dags/example_complex.py
[2024-10-29T17:08:29.548+0000] {logging_mixin.py:188} INFO - [2024-10-29T17:08:29.547+0000] {dag.py:3096} INFO - Sync 1 DAGs
[2024-10-29T17:08:29.567+0000] {logging_mixin.py:188} INFO - [2024-10-29T17:08:29.567+0000] {dag.py:3954} INFO - Setting next_dagrun for example_complex to None, run_after=None
[2024-10-29T17:08:29.590+0000] {processor.py:183} INFO - Processing /home/airflow/.local/lib/python3.11/site-packages/airflow/example_dags/example_complex.py took 0.152 seconds
[2024-10-29T17:09:30.300+0000] {processor.py:161} INFO - Started process (PID=398) to work on /home/airflow/.local/lib/python3.11/site-packages/airflow/example_dags/example_complex.py
[2024-10-29T17:09:30.301+0000] {processor.py:830} INFO - Processing file /home/airflow/.local/lib/python3.11/site-packages/airflow/example_dags/example_complex.py for tasks to queue
[2024-10-29T17:09:30.303+0000] {logging_mixin.py:188} INFO - [2024-10-29T17:09:30.303+0000] {dagbag.py:545} INFO - Filling up the DagBag from /home/airflow/.local/lib/python3.11/site-packages/airflow/example_dags/example_complex.py
[2024-10-29T17:09:30.314+0000] {processor.py:840} INFO - DAG(s) 'example_complex' retrieved from /home/airflow/.local/lib/python3.11/site-packages/airflow/example_dags/example_complex.py
[2024-10-29T17:09:30.331+0000] {logging_mixin.py:188} INFO - [2024-10-29T17:09:30.331+0000] {dag.py:3096} INFO - Sync 1 DAGs
[2024-10-29T17:09:30.344+0000] {logging_mixin.py:188} INFO - [2024-10-29T17:09:30.344+0000] {dag.py:3954} INFO - Setting next_dagrun for example_complex to None, run_after=None
[2024-10-29T17:09:30.371+0000] {processor.py:183} INFO - Processing /home/airflow/.local/lib/python3.11/site-packages/airflow/example_dags/example_complex.py took 0.078 seconds
[2024-10-29T17:10:02.154+0000] {processor.py:161} INFO - Started process (PID=658) to work on /home/airflow/.local/lib/python3.11/site-packages/airflow/example_dags/example_complex.py
[2024-10-29T17:10:02.168+0000] {processor.py:830} INFO - Processing file /home/airflow/.local/lib/python3.11/site-packages/airflow/example_dags/example_complex.py for tasks to queue
[2024-10-29T17:10:02.174+0000] {logging_mixin.py:188} INFO - [2024-10-29T17:10:02.173+0000] {dagbag.py:545} INFO - Filling up the DagBag from /home/airflow/.local/lib/python3.11/site-packages/airflow/example_dags/example_complex.py
[2024-10-29T17:10:02.211+0000] {processor.py:840} INFO - DAG(s) 'example_complex' retrieved from /home/airflow/.local/lib/python3.11/site-packages/airflow/example_dags/example_complex.py
[2024-10-29T17:10:02.576+0000] {logging_mixin.py:188} INFO - [2024-10-29T17:10:02.570+0000] {dag.py:3096} INFO - Sync 1 DAGs
[2024-10-29T17:10:02.609+0000] {logging_mixin.py:188} INFO - [2024-10-29T17:10:02.608+0000] {dag.py:3954} INFO - Setting next_dagrun for example_complex to None, run_after=None
[2024-10-29T17:10:02.690+0000] {processor.py:183} INFO - Processing /home/airflow/.local/lib/python3.11/site-packages/airflow/example_dags/example_complex.py took 0.559 seconds
[2024-10-29T17:10:33.204+0000] {processor.py:161} INFO - Started process (PID=920) to work on /home/airflow/.local/lib/python3.11/site-packages/airflow/example_dags/example_complex.py
[2024-10-29T17:10:33.205+0000] {processor.py:830} INFO - Processing file /home/airflow/.local/lib/python3.11/site-packages/airflow/example_dags/example_complex.py for tasks to queue
[2024-10-29T17:10:33.207+0000] {logging_mixin.py:188} INFO - [2024-10-29T17:10:33.207+0000] {dagbag.py:545} INFO - Filling up the DagBag from /home/airflow/.local/lib/python3.11/site-packages/airflow/example_dags/example_complex.py
[2024-10-29T17:10:33.218+0000] {processor.py:840} INFO - DAG(s) 'example_complex' retrieved from /home/airflow/.local/lib/python3.11/site-packages/airflow/example_dags/example_complex.py
[2024-10-29T17:10:33.249+0000] {logging_mixin.py:188} INFO - [2024-10-29T17:10:33.249+0000] {dag.py:3096} INFO - Sync 1 DAGs
[2024-10-29T17:10:33.261+0000] {logging_mixin.py:188} INFO - [2024-10-29T17:10:33.261+0000] {dag.py:3954} INFO - Setting next_dagrun for example_complex to None, run_after=None
[2024-10-29T17:10:33.281+0000] {processor.py:183} INFO - Processing /home/airflow/.local/lib/python3.11/site-packages/airflow/example_dags/example_complex.py took 0.084 seconds
[2024-10-29T17:11:04.019+0000] {processor.py:161} INFO - Started process (PID=1182) to work on /home/airflow/.local/lib/python3.11/site-packages/airflow/example_dags/example_complex.py
[2024-10-29T17:11:04.020+0000] {processor.py:830} INFO - Processing file /home/airflow/.local/lib/python3.11/site-packages/airflow/example_dags/example_complex.py for tasks to queue
[2024-10-29T17:11:04.022+0000] {logging_mixin.py:188} INFO - [2024-10-29T17:11:04.022+0000] {dagbag.py:545} INFO - Filling up the DagBag from /home/airflow/.local/lib/python3.11/site-packages/airflow/example_dags/example_complex.py
[2024-10-29T17:11:04.032+0000] {processor.py:840} INFO - DAG(s) 'example_complex' retrieved from /home/airflow/.local/lib/python3.11/site-packages/airflow/example_dags/example_complex.py
[2024-10-29T17:11:04.064+0000] {logging_mixin.py:188} INFO - [2024-10-29T17:11:04.064+0000] {dag.py:3096} INFO - Sync 1 DAGs
[2024-10-29T17:11:04.076+0000] {logging_mixin.py:188} INFO - [2024-10-29T17:11:04.076+0000] {dag.py:3954} INFO - Setting next_dagrun for example_complex to None, run_after=None
[2024-10-29T17:11:04.103+0000] {processor.py:183} INFO - Processing /home/airflow/.local/lib/python3.11/site-packages/airflow/example_dags/example_complex.py took 0.090 seconds
[2024-10-29T17:11:34.932+0000] {processor.py:161} INFO - Started process (PID=1444) to work on /home/airflow/.local/lib/python3.11/site-packages/airflow/example_dags/example_complex.py
[2024-10-29T17:11:34.933+0000] {processor.py:830} INFO - Processing file /home/airflow/.local/lib/python3.11/site-packages/airflow/example_dags/example_complex.py for tasks to queue
[2024-10-29T17:11:34.935+0000] {logging_mixin.py:188} INFO - [2024-10-29T17:11:34.934+0000] {dagbag.py:545} INFO - Filling up the DagBag from /home/airflow/.local/lib/python3.11/site-packages/airflow/example_dags/example_complex.py
[2024-10-29T17:11:34.944+0000] {processor.py:840} INFO - DAG(s) 'example_complex' retrieved from /home/airflow/.local/lib/python3.11/site-packages/airflow/example_dags/example_complex.py
[2024-10-29T17:11:34.971+0000] {logging_mixin.py:188} INFO - [2024-10-29T17:11:34.970+0000] {dag.py:3096} INFO - Sync 1 DAGs
[2024-10-29T17:11:34.981+0000] {logging_mixin.py:188} INFO - [2024-10-29T17:11:34.981+0000] {dag.py:3954} INFO - Setting next_dagrun for example_complex to None, run_after=None
[2024-10-29T17:11:35.001+0000] {processor.py:183} INFO - Processing /home/airflow/.local/lib/python3.11/site-packages/airflow/example_dags/example_complex.py took 0.074 seconds
[2024-10-29T17:12:05.238+0000] {processor.py:161} INFO - Started process (PID=1706) to work on /home/airflow/.local/lib/python3.11/site-packages/airflow/example_dags/example_complex.py
[2024-10-29T17:12:05.238+0000] {processor.py:830} INFO - Processing file /home/airflow/.local/lib/python3.11/site-packages/airflow/example_dags/example_complex.py for tasks to queue
[2024-10-29T17:12:05.240+0000] {logging_mixin.py:188} INFO - [2024-10-29T17:12:05.240+0000] {dagbag.py:545} INFO - Filling up the DagBag from /home/airflow/.local/lib/python3.11/site-packages/airflow/example_dags/example_complex.py
[2024-10-29T17:12:05.249+0000] {processor.py:840} INFO - DAG(s) 'example_complex' retrieved from /home/airflow/.local/lib/python3.11/site-packages/airflow/example_dags/example_complex.py
[2024-10-29T17:12:05.276+0000] {logging_mixin.py:188} INFO - [2024-10-29T17:12:05.276+0000] {dag.py:3096} INFO - Sync 1 DAGs
[2024-10-29T17:12:05.288+0000] {logging_mixin.py:188} INFO - [2024-10-29T17:12:05.287+0000] {dag.py:3954} INFO - Setting next_dagrun for example_complex to None, run_after=None
[2024-10-29T17:12:05.307+0000] {processor.py:183} INFO - Processing /home/airflow/.local/lib/python3.11/site-packages/airflow/example_dags/example_complex.py took 0.074 seconds
[2024-10-29T17:12:36.010+0000] {processor.py:161} INFO - Started process (PID=1968) to work on /home/airflow/.local/lib/python3.11/site-packages/airflow/example_dags/example_complex.py
[2024-10-29T17:12:36.013+0000] {processor.py:830} INFO - Processing file /home/airflow/.local/lib/python3.11/site-packages/airflow/example_dags/example_complex.py for tasks to queue
[2024-10-29T17:12:36.017+0000] {logging_mixin.py:188} INFO - [2024-10-29T17:12:36.016+0000] {dagbag.py:545} INFO - Filling up the DagBag from /home/airflow/.local/lib/python3.11/site-packages/airflow/example_dags/example_complex.py
[2024-10-29T17:12:36.033+0000] {processor.py:840} INFO - DAG(s) 'example_complex' retrieved from /home/airflow/.local/lib/python3.11/site-packages/airflow/example_dags/example_complex.py
[2024-10-29T17:12:36.078+0000] {logging_mixin.py:188} INFO - [2024-10-29T17:12:36.078+0000] {dag.py:3096} INFO - Sync 1 DAGs
[2024-10-29T17:12:36.102+0000] {logging_mixin.py:188} INFO - [2024-10-29T17:12:36.101+0000] {dag.py:3954} INFO - Setting next_dagrun for example_complex to None, run_after=None
[2024-10-29T17:12:36.127+0000] {processor.py:183} INFO - Processing /home/airflow/.local/lib/python3.11/site-packages/airflow/example_dags/example_complex.py took 0.124 seconds
