[2024-10-29T17:02:17.411+0000] {processor.py:161} INFO - Started process (PID=266) to work on /home/airflow/.local/lib/python3.11/site-packages/airflow/example_dags/example_params_trigger_ui.py
[2024-10-29T17:02:17.412+0000] {processor.py:830} INFO - Processing file /home/airflow/.local/lib/python3.11/site-packages/airflow/example_dags/example_params_trigger_ui.py for tasks to queue
[2024-10-29T17:02:17.414+0000] {logging_mixin.py:188} INFO - [2024-10-29T17:02:17.414+0000] {dagbag.py:545} INFO - Filling up the DagBag from /home/airflow/.local/lib/python3.11/site-packages/airflow/example_dags/example_params_trigger_ui.py
[2024-10-29T17:02:17.428+0000] {processor.py:840} INFO - DAG(s) 'example_params_trigger_ui' retrieved from /home/airflow/.local/lib/python3.11/site-packages/airflow/example_dags/example_params_trigger_ui.py
[2024-10-29T17:02:17.710+0000] {logging_mixin.py:188} INFO - [2024-10-29T17:02:17.709+0000] {override.py:1829} INFO - Created Permission View: can edit on DAG:example_params_trigger_ui
[2024-10-29T17:02:17.739+0000] {logging_mixin.py:188} INFO - [2024-10-29T17:02:17.738+0000] {override.py:1829} INFO - Created Permission View: can delete on DAG:example_params_trigger_ui
[2024-10-29T17:02:17.753+0000] {logging_mixin.py:188} INFO - [2024-10-29T17:02:17.752+0000] {override.py:1829} INFO - Created Permission View: can read on DAG:example_params_trigger_ui
[2024-10-29T17:02:17.754+0000] {logging_mixin.py:188} INFO - [2024-10-29T17:02:17.754+0000] {dag.py:3096} INFO - Sync 1 DAGs
[2024-10-29T17:02:17.778+0000] {logging_mixin.py:188} INFO - [2024-10-29T17:02:17.777+0000] {dag.py:3118} INFO - Creating ORM DAG for example_params_trigger_ui
[2024-10-29T17:02:17.780+0000] {logging_mixin.py:188} INFO - [2024-10-29T17:02:17.779+0000] {dag.py:3954} INFO - Setting next_dagrun for example_params_trigger_ui to None, run_after=None
[2024-10-29T17:02:17.803+0000] {processor.py:183} INFO - Processing /home/airflow/.local/lib/python3.11/site-packages/airflow/example_dags/example_params_trigger_ui.py took 0.397 seconds
[2024-10-29T17:02:48.514+0000] {processor.py:161} INFO - Started process (PID=528) to work on /home/airflow/.local/lib/python3.11/site-packages/airflow/example_dags/example_params_trigger_ui.py
[2024-10-29T17:02:48.515+0000] {processor.py:830} INFO - Processing file /home/airflow/.local/lib/python3.11/site-packages/airflow/example_dags/example_params_trigger_ui.py for tasks to queue
[2024-10-29T17:02:48.517+0000] {logging_mixin.py:188} INFO - [2024-10-29T17:02:48.517+0000] {dagbag.py:545} INFO - Filling up the DagBag from /home/airflow/.local/lib/python3.11/site-packages/airflow/example_dags/example_params_trigger_ui.py
[2024-10-29T17:02:48.532+0000] {processor.py:840} INFO - DAG(s) 'example_params_trigger_ui' retrieved from /home/airflow/.local/lib/python3.11/site-packages/airflow/example_dags/example_params_trigger_ui.py
[2024-10-29T17:02:48.590+0000] {logging_mixin.py:188} INFO - [2024-10-29T17:02:48.590+0000] {dag.py:3096} INFO - Sync 1 DAGs
[2024-10-29T17:02:48.607+0000] {logging_mixin.py:188} INFO - [2024-10-29T17:02:48.606+0000] {dag.py:3954} INFO - Setting next_dagrun for example_params_trigger_ui to None, run_after=None
[2024-10-29T17:02:48.654+0000] {processor.py:183} INFO - Processing /home/airflow/.local/lib/python3.11/site-packages/airflow/example_dags/example_params_trigger_ui.py took 0.145 seconds
[2024-10-29T17:03:19.038+0000] {processor.py:161} INFO - Started process (PID=790) to work on /home/airflow/.local/lib/python3.11/site-packages/airflow/example_dags/example_params_trigger_ui.py
[2024-10-29T17:03:19.039+0000] {processor.py:830} INFO - Processing file /home/airflow/.local/lib/python3.11/site-packages/airflow/example_dags/example_params_trigger_ui.py for tasks to queue
[2024-10-29T17:03:19.041+0000] {logging_mixin.py:188} INFO - [2024-10-29T17:03:19.040+0000] {dagbag.py:545} INFO - Filling up the DagBag from /home/airflow/.local/lib/python3.11/site-packages/airflow/example_dags/example_params_trigger_ui.py
[2024-10-29T17:03:19.055+0000] {processor.py:840} INFO - DAG(s) 'example_params_trigger_ui' retrieved from /home/airflow/.local/lib/python3.11/site-packages/airflow/example_dags/example_params_trigger_ui.py
[2024-10-29T17:03:19.103+0000] {logging_mixin.py:188} INFO - [2024-10-29T17:03:19.103+0000] {dag.py:3096} INFO - Sync 1 DAGs
[2024-10-29T17:03:19.119+0000] {logging_mixin.py:188} INFO - [2024-10-29T17:03:19.119+0000] {dag.py:3954} INFO - Setting next_dagrun for example_params_trigger_ui to None, run_after=None
[2024-10-29T17:03:19.145+0000] {processor.py:183} INFO - Processing /home/airflow/.local/lib/python3.11/site-packages/airflow/example_dags/example_params_trigger_ui.py took 0.112 seconds
[2024-10-29T17:03:49.782+0000] {processor.py:161} INFO - Started process (PID=1053) to work on /home/airflow/.local/lib/python3.11/site-packages/airflow/example_dags/example_params_trigger_ui.py
[2024-10-29T17:03:49.787+0000] {processor.py:830} INFO - Processing file /home/airflow/.local/lib/python3.11/site-packages/airflow/example_dags/example_params_trigger_ui.py for tasks to queue
[2024-10-29T17:03:49.789+0000] {logging_mixin.py:188} INFO - [2024-10-29T17:03:49.789+0000] {dagbag.py:545} INFO - Filling up the DagBag from /home/airflow/.local/lib/python3.11/site-packages/airflow/example_dags/example_params_trigger_ui.py
[2024-10-29T17:03:49.802+0000] {processor.py:840} INFO - DAG(s) 'example_params_trigger_ui' retrieved from /home/airflow/.local/lib/python3.11/site-packages/airflow/example_dags/example_params_trigger_ui.py
[2024-10-29T17:03:49.855+0000] {logging_mixin.py:188} INFO - [2024-10-29T17:03:49.855+0000] {dag.py:3096} INFO - Sync 1 DAGs
[2024-10-29T17:03:49.882+0000] {logging_mixin.py:188} INFO - [2024-10-29T17:03:49.882+0000] {dag.py:3954} INFO - Setting next_dagrun for example_params_trigger_ui to None, run_after=None
[2024-10-29T17:03:49.917+0000] {processor.py:183} INFO - Processing /home/airflow/.local/lib/python3.11/site-packages/airflow/example_dags/example_params_trigger_ui.py took 0.142 seconds
[2024-10-29T17:04:20.035+0000] {processor.py:161} INFO - Started process (PID=1315) to work on /home/airflow/.local/lib/python3.11/site-packages/airflow/example_dags/example_params_trigger_ui.py
[2024-10-29T17:04:20.037+0000] {processor.py:830} INFO - Processing file /home/airflow/.local/lib/python3.11/site-packages/airflow/example_dags/example_params_trigger_ui.py for tasks to queue
[2024-10-29T17:04:20.038+0000] {logging_mixin.py:188} INFO - [2024-10-29T17:04:20.038+0000] {dagbag.py:545} INFO - Filling up the DagBag from /home/airflow/.local/lib/python3.11/site-packages/airflow/example_dags/example_params_trigger_ui.py
[2024-10-29T17:04:20.052+0000] {processor.py:840} INFO - DAG(s) 'example_params_trigger_ui' retrieved from /home/airflow/.local/lib/python3.11/site-packages/airflow/example_dags/example_params_trigger_ui.py
[2024-10-29T17:04:20.092+0000] {logging_mixin.py:188} INFO - [2024-10-29T17:04:20.091+0000] {dag.py:3096} INFO - Sync 1 DAGs
[2024-10-29T17:04:20.103+0000] {logging_mixin.py:188} INFO - [2024-10-29T17:04:20.103+0000] {dag.py:3954} INFO - Setting next_dagrun for example_params_trigger_ui to None, run_after=None
[2024-10-29T17:04:20.128+0000] {processor.py:183} INFO - Processing /home/airflow/.local/lib/python3.11/site-packages/airflow/example_dags/example_params_trigger_ui.py took 0.099 seconds
[2024-10-29T17:04:50.256+0000] {processor.py:161} INFO - Started process (PID=1577) to work on /home/airflow/.local/lib/python3.11/site-packages/airflow/example_dags/example_params_trigger_ui.py
[2024-10-29T17:04:50.257+0000] {processor.py:830} INFO - Processing file /home/airflow/.local/lib/python3.11/site-packages/airflow/example_dags/example_params_trigger_ui.py for tasks to queue
[2024-10-29T17:04:50.258+0000] {logging_mixin.py:188} INFO - [2024-10-29T17:04:50.258+0000] {dagbag.py:545} INFO - Filling up the DagBag from /home/airflow/.local/lib/python3.11/site-packages/airflow/example_dags/example_params_trigger_ui.py
[2024-10-29T17:04:50.271+0000] {processor.py:840} INFO - DAG(s) 'example_params_trigger_ui' retrieved from /home/airflow/.local/lib/python3.11/site-packages/airflow/example_dags/example_params_trigger_ui.py
[2024-10-29T17:04:50.312+0000] {logging_mixin.py:188} INFO - [2024-10-29T17:04:50.312+0000] {dag.py:3096} INFO - Sync 1 DAGs
[2024-10-29T17:04:50.322+0000] {logging_mixin.py:188} INFO - [2024-10-29T17:04:50.322+0000] {dag.py:3954} INFO - Setting next_dagrun for example_params_trigger_ui to None, run_after=None
[2024-10-29T17:04:50.350+0000] {processor.py:183} INFO - Processing /home/airflow/.local/lib/python3.11/site-packages/airflow/example_dags/example_params_trigger_ui.py took 0.100 seconds
[2024-10-29T17:05:20.504+0000] {processor.py:161} INFO - Started process (PID=1839) to work on /home/airflow/.local/lib/python3.11/site-packages/airflow/example_dags/example_params_trigger_ui.py
[2024-10-29T17:05:20.506+0000] {processor.py:830} INFO - Processing file /home/airflow/.local/lib/python3.11/site-packages/airflow/example_dags/example_params_trigger_ui.py for tasks to queue
[2024-10-29T17:05:20.508+0000] {logging_mixin.py:188} INFO - [2024-10-29T17:05:20.508+0000] {dagbag.py:545} INFO - Filling up the DagBag from /home/airflow/.local/lib/python3.11/site-packages/airflow/example_dags/example_params_trigger_ui.py
[2024-10-29T17:05:20.533+0000] {processor.py:840} INFO - DAG(s) 'example_params_trigger_ui' retrieved from /home/airflow/.local/lib/python3.11/site-packages/airflow/example_dags/example_params_trigger_ui.py
[2024-10-29T17:05:20.633+0000] {logging_mixin.py:188} INFO - [2024-10-29T17:05:20.632+0000] {dag.py:3096} INFO - Sync 1 DAGs
[2024-10-29T17:05:20.648+0000] {logging_mixin.py:188} INFO - [2024-10-29T17:05:20.648+0000] {dag.py:3954} INFO - Setting next_dagrun for example_params_trigger_ui to None, run_after=None
[2024-10-29T17:05:20.676+0000] {processor.py:183} INFO - Processing /home/airflow/.local/lib/python3.11/site-packages/airflow/example_dags/example_params_trigger_ui.py took 0.180 seconds
[2024-10-29T17:05:50.807+0000] {processor.py:161} INFO - Started process (PID=2101) to work on /home/airflow/.local/lib/python3.11/site-packages/airflow/example_dags/example_params_trigger_ui.py
[2024-10-29T17:05:50.808+0000] {processor.py:830} INFO - Processing file /home/airflow/.local/lib/python3.11/site-packages/airflow/example_dags/example_params_trigger_ui.py for tasks to queue
[2024-10-29T17:05:50.811+0000] {logging_mixin.py:188} INFO - [2024-10-29T17:05:50.810+0000] {dagbag.py:545} INFO - Filling up the DagBag from /home/airflow/.local/lib/python3.11/site-packages/airflow/example_dags/example_params_trigger_ui.py
[2024-10-29T17:05:50.827+0000] {processor.py:840} INFO - DAG(s) 'example_params_trigger_ui' retrieved from /home/airflow/.local/lib/python3.11/site-packages/airflow/example_dags/example_params_trigger_ui.py
[2024-10-29T17:05:50.886+0000] {logging_mixin.py:188} INFO - [2024-10-29T17:05:50.886+0000] {dag.py:3096} INFO - Sync 1 DAGs
[2024-10-29T17:05:50.903+0000] {logging_mixin.py:188} INFO - [2024-10-29T17:05:50.902+0000] {dag.py:3954} INFO - Setting next_dagrun for example_params_trigger_ui to None, run_after=None
[2024-10-29T17:05:50.929+0000] {processor.py:183} INFO - Processing /home/airflow/.local/lib/python3.11/site-packages/airflow/example_dags/example_params_trigger_ui.py took 0.135 seconds
[2024-10-29T17:06:20.990+0000] {processor.py:161} INFO - Started process (PID=2363) to work on /home/airflow/.local/lib/python3.11/site-packages/airflow/example_dags/example_params_trigger_ui.py
[2024-10-29T17:06:20.991+0000] {processor.py:830} INFO - Processing file /home/airflow/.local/lib/python3.11/site-packages/airflow/example_dags/example_params_trigger_ui.py for tasks to queue
[2024-10-29T17:06:20.992+0000] {logging_mixin.py:188} INFO - [2024-10-29T17:06:20.992+0000] {dagbag.py:545} INFO - Filling up the DagBag from /home/airflow/.local/lib/python3.11/site-packages/airflow/example_dags/example_params_trigger_ui.py
[2024-10-29T17:06:21.011+0000] {processor.py:840} INFO - DAG(s) 'example_params_trigger_ui' retrieved from /home/airflow/.local/lib/python3.11/site-packages/airflow/example_dags/example_params_trigger_ui.py
[2024-10-29T17:06:21.076+0000] {logging_mixin.py:188} INFO - [2024-10-29T17:06:21.076+0000] {dag.py:3096} INFO - Sync 1 DAGs
[2024-10-29T17:06:21.089+0000] {logging_mixin.py:188} INFO - [2024-10-29T17:06:21.089+0000] {dag.py:3954} INFO - Setting next_dagrun for example_params_trigger_ui to None, run_after=None
[2024-10-29T17:06:21.112+0000] {processor.py:183} INFO - Processing /home/airflow/.local/lib/python3.11/site-packages/airflow/example_dags/example_params_trigger_ui.py took 0.128 seconds
[2024-10-29T17:06:51.249+0000] {processor.py:161} INFO - Started process (PID=2627) to work on /home/airflow/.local/lib/python3.11/site-packages/airflow/example_dags/example_params_trigger_ui.py
[2024-10-29T17:06:51.250+0000] {processor.py:830} INFO - Processing file /home/airflow/.local/lib/python3.11/site-packages/airflow/example_dags/example_params_trigger_ui.py for tasks to queue
[2024-10-29T17:06:51.251+0000] {logging_mixin.py:188} INFO - [2024-10-29T17:06:51.251+0000] {dagbag.py:545} INFO - Filling up the DagBag from /home/airflow/.local/lib/python3.11/site-packages/airflow/example_dags/example_params_trigger_ui.py
[2024-10-29T17:06:51.263+0000] {processor.py:840} INFO - DAG(s) 'example_params_trigger_ui' retrieved from /home/airflow/.local/lib/python3.11/site-packages/airflow/example_dags/example_params_trigger_ui.py
[2024-10-29T17:06:51.303+0000] {logging_mixin.py:188} INFO - [2024-10-29T17:06:51.303+0000] {dag.py:3096} INFO - Sync 1 DAGs
[2024-10-29T17:06:51.314+0000] {logging_mixin.py:188} INFO - [2024-10-29T17:06:51.314+0000] {dag.py:3954} INFO - Setting next_dagrun for example_params_trigger_ui to None, run_after=None
[2024-10-29T17:06:51.333+0000] {processor.py:183} INFO - Processing /home/airflow/.local/lib/python3.11/site-packages/airflow/example_dags/example_params_trigger_ui.py took 0.090 seconds
[2024-10-29T17:07:21.406+0000] {processor.py:161} INFO - Started process (PID=2887) to work on /home/airflow/.local/lib/python3.11/site-packages/airflow/example_dags/example_params_trigger_ui.py
[2024-10-29T17:07:21.407+0000] {processor.py:830} INFO - Processing file /home/airflow/.local/lib/python3.11/site-packages/airflow/example_dags/example_params_trigger_ui.py for tasks to queue
[2024-10-29T17:07:21.410+0000] {logging_mixin.py:188} INFO - [2024-10-29T17:07:21.409+0000] {dagbag.py:545} INFO - Filling up the DagBag from /home/airflow/.local/lib/python3.11/site-packages/airflow/example_dags/example_params_trigger_ui.py
[2024-10-29T17:07:21.424+0000] {processor.py:840} INFO - DAG(s) 'example_params_trigger_ui' retrieved from /home/airflow/.local/lib/python3.11/site-packages/airflow/example_dags/example_params_trigger_ui.py
[2024-10-29T17:07:21.463+0000] {logging_mixin.py:188} INFO - [2024-10-29T17:07:21.463+0000] {dag.py:3096} INFO - Sync 1 DAGs
[2024-10-29T17:07:21.474+0000] {logging_mixin.py:188} INFO - [2024-10-29T17:07:21.474+0000] {dag.py:3954} INFO - Setting next_dagrun for example_params_trigger_ui to None, run_after=None
[2024-10-29T17:07:21.496+0000] {processor.py:183} INFO - Processing /home/airflow/.local/lib/python3.11/site-packages/airflow/example_dags/example_params_trigger_ui.py took 0.095 seconds
[2024-10-29T17:07:51.935+0000] {processor.py:161} INFO - Started process (PID=3149) to work on /home/airflow/.local/lib/python3.11/site-packages/airflow/example_dags/example_params_trigger_ui.py
[2024-10-29T17:07:51.936+0000] {processor.py:830} INFO - Processing file /home/airflow/.local/lib/python3.11/site-packages/airflow/example_dags/example_params_trigger_ui.py for tasks to queue
[2024-10-29T17:07:51.939+0000] {logging_mixin.py:188} INFO - [2024-10-29T17:07:51.938+0000] {dagbag.py:545} INFO - Filling up the DagBag from /home/airflow/.local/lib/python3.11/site-packages/airflow/example_dags/example_params_trigger_ui.py
[2024-10-29T17:07:51.953+0000] {processor.py:840} INFO - DAG(s) 'example_params_trigger_ui' retrieved from /home/airflow/.local/lib/python3.11/site-packages/airflow/example_dags/example_params_trigger_ui.py
[2024-10-29T17:07:51.993+0000] {logging_mixin.py:188} INFO - [2024-10-29T17:07:51.993+0000] {dag.py:3096} INFO - Sync 1 DAGs
[2024-10-29T17:07:52.007+0000] {logging_mixin.py:188} INFO - [2024-10-29T17:07:52.007+0000] {dag.py:3954} INFO - Setting next_dagrun for example_params_trigger_ui to None, run_after=None
[2024-10-29T17:07:52.026+0000] {processor.py:183} INFO - Processing /home/airflow/.local/lib/python3.11/site-packages/airflow/example_dags/example_params_trigger_ui.py took 0.098 seconds
[2024-10-29T17:08:22.231+0000] {processor.py:161} INFO - Started process (PID=3411) to work on /home/airflow/.local/lib/python3.11/site-packages/airflow/example_dags/example_params_trigger_ui.py
[2024-10-29T17:08:22.232+0000] {processor.py:830} INFO - Processing file /home/airflow/.local/lib/python3.11/site-packages/airflow/example_dags/example_params_trigger_ui.py for tasks to queue
[2024-10-29T17:08:22.233+0000] {logging_mixin.py:188} INFO - [2024-10-29T17:08:22.233+0000] {dagbag.py:545} INFO - Filling up the DagBag from /home/airflow/.local/lib/python3.11/site-packages/airflow/example_dags/example_params_trigger_ui.py
[2024-10-29T17:08:22.245+0000] {processor.py:840} INFO - DAG(s) 'example_params_trigger_ui' retrieved from /home/airflow/.local/lib/python3.11/site-packages/airflow/example_dags/example_params_trigger_ui.py
[2024-10-29T17:08:22.280+0000] {logging_mixin.py:188} INFO - [2024-10-29T17:08:22.280+0000] {dag.py:3096} INFO - Sync 1 DAGs
[2024-10-29T17:08:22.291+0000] {logging_mixin.py:188} INFO - [2024-10-29T17:08:22.290+0000] {dag.py:3954} INFO - Setting next_dagrun for example_params_trigger_ui to None, run_after=None
[2024-10-29T17:08:22.311+0000] {processor.py:183} INFO - Processing /home/airflow/.local/lib/python3.11/site-packages/airflow/example_dags/example_params_trigger_ui.py took 0.087 seconds
[2024-10-29T17:09:26.812+0000] {processor.py:161} INFO - Started process (PID=260) to work on /home/airflow/.local/lib/python3.11/site-packages/airflow/example_dags/example_params_trigger_ui.py
[2024-10-29T17:09:26.813+0000] {processor.py:830} INFO - Processing file /home/airflow/.local/lib/python3.11/site-packages/airflow/example_dags/example_params_trigger_ui.py for tasks to queue
[2024-10-29T17:09:26.814+0000] {logging_mixin.py:188} INFO - [2024-10-29T17:09:26.814+0000] {dagbag.py:545} INFO - Filling up the DagBag from /home/airflow/.local/lib/python3.11/site-packages/airflow/example_dags/example_params_trigger_ui.py
[2024-10-29T17:09:26.830+0000] {processor.py:840} INFO - DAG(s) 'example_params_trigger_ui' retrieved from /home/airflow/.local/lib/python3.11/site-packages/airflow/example_dags/example_params_trigger_ui.py
[2024-10-29T17:09:26.845+0000] {logging_mixin.py:188} INFO - [2024-10-29T17:09:26.844+0000] {dag.py:3096} INFO - Sync 1 DAGs
[2024-10-29T17:09:26.861+0000] {logging_mixin.py:188} INFO - [2024-10-29T17:09:26.860+0000] {dag.py:3954} INFO - Setting next_dagrun for example_params_trigger_ui to None, run_after=None
[2024-10-29T17:09:26.884+0000] {processor.py:183} INFO - Processing /home/airflow/.local/lib/python3.11/site-packages/airflow/example_dags/example_params_trigger_ui.py took 0.077 seconds
[2024-10-29T17:09:58.249+0000] {processor.py:161} INFO - Started process (PID=522) to work on /home/airflow/.local/lib/python3.11/site-packages/airflow/example_dags/example_params_trigger_ui.py
[2024-10-29T17:09:58.250+0000] {processor.py:830} INFO - Processing file /home/airflow/.local/lib/python3.11/site-packages/airflow/example_dags/example_params_trigger_ui.py for tasks to queue
[2024-10-29T17:09:58.252+0000] {logging_mixin.py:188} INFO - [2024-10-29T17:09:58.252+0000] {dagbag.py:545} INFO - Filling up the DagBag from /home/airflow/.local/lib/python3.11/site-packages/airflow/example_dags/example_params_trigger_ui.py
[2024-10-29T17:09:58.268+0000] {processor.py:840} INFO - DAG(s) 'example_params_trigger_ui' retrieved from /home/airflow/.local/lib/python3.11/site-packages/airflow/example_dags/example_params_trigger_ui.py
[2024-10-29T17:09:58.507+0000] {logging_mixin.py:188} INFO - [2024-10-29T17:09:58.507+0000] {dag.py:3096} INFO - Sync 1 DAGs
[2024-10-29T17:09:58.518+0000] {logging_mixin.py:188} INFO - [2024-10-29T17:09:58.517+0000] {dag.py:3954} INFO - Setting next_dagrun for example_params_trigger_ui to None, run_after=None
[2024-10-29T17:09:58.553+0000] {processor.py:183} INFO - Processing /home/airflow/.local/lib/python3.11/site-packages/airflow/example_dags/example_params_trigger_ui.py took 0.313 seconds
[2024-10-29T17:10:29.713+0000] {processor.py:161} INFO - Started process (PID=786) to work on /home/airflow/.local/lib/python3.11/site-packages/airflow/example_dags/example_params_trigger_ui.py
[2024-10-29T17:10:29.715+0000] {processor.py:830} INFO - Processing file /home/airflow/.local/lib/python3.11/site-packages/airflow/example_dags/example_params_trigger_ui.py for tasks to queue
[2024-10-29T17:10:29.718+0000] {logging_mixin.py:188} INFO - [2024-10-29T17:10:29.717+0000] {dagbag.py:545} INFO - Filling up the DagBag from /home/airflow/.local/lib/python3.11/site-packages/airflow/example_dags/example_params_trigger_ui.py
[2024-10-29T17:10:29.734+0000] {processor.py:840} INFO - DAG(s) 'example_params_trigger_ui' retrieved from /home/airflow/.local/lib/python3.11/site-packages/airflow/example_dags/example_params_trigger_ui.py
[2024-10-29T17:10:29.785+0000] {logging_mixin.py:188} INFO - [2024-10-29T17:10:29.785+0000] {dag.py:3096} INFO - Sync 1 DAGs
[2024-10-29T17:10:29.800+0000] {logging_mixin.py:188} INFO - [2024-10-29T17:10:29.800+0000] {dag.py:3954} INFO - Setting next_dagrun for example_params_trigger_ui to None, run_after=None
[2024-10-29T17:10:29.825+0000] {processor.py:183} INFO - Processing /home/airflow/.local/lib/python3.11/site-packages/airflow/example_dags/example_params_trigger_ui.py took 0.119 seconds
[2024-10-29T17:11:00.121+0000] {processor.py:161} INFO - Started process (PID=1046) to work on /home/airflow/.local/lib/python3.11/site-packages/airflow/example_dags/example_params_trigger_ui.py
[2024-10-29T17:11:00.122+0000] {processor.py:830} INFO - Processing file /home/airflow/.local/lib/python3.11/site-packages/airflow/example_dags/example_params_trigger_ui.py for tasks to queue
[2024-10-29T17:11:00.123+0000] {logging_mixin.py:188} INFO - [2024-10-29T17:11:00.123+0000] {dagbag.py:545} INFO - Filling up the DagBag from /home/airflow/.local/lib/python3.11/site-packages/airflow/example_dags/example_params_trigger_ui.py
[2024-10-29T17:11:00.136+0000] {processor.py:840} INFO - DAG(s) 'example_params_trigger_ui' retrieved from /home/airflow/.local/lib/python3.11/site-packages/airflow/example_dags/example_params_trigger_ui.py
[2024-10-29T17:11:00.175+0000] {logging_mixin.py:188} INFO - [2024-10-29T17:11:00.175+0000] {dag.py:3096} INFO - Sync 1 DAGs
[2024-10-29T17:11:00.186+0000] {logging_mixin.py:188} INFO - [2024-10-29T17:11:00.186+0000] {dag.py:3954} INFO - Setting next_dagrun for example_params_trigger_ui to None, run_after=None
[2024-10-29T17:11:00.208+0000] {processor.py:183} INFO - Processing /home/airflow/.local/lib/python3.11/site-packages/airflow/example_dags/example_params_trigger_ui.py took 0.092 seconds
[2024-10-29T17:11:30.435+0000] {processor.py:161} INFO - Started process (PID=1308) to work on /home/airflow/.local/lib/python3.11/site-packages/airflow/example_dags/example_params_trigger_ui.py
[2024-10-29T17:11:30.436+0000] {processor.py:830} INFO - Processing file /home/airflow/.local/lib/python3.11/site-packages/airflow/example_dags/example_params_trigger_ui.py for tasks to queue
[2024-10-29T17:11:30.437+0000] {logging_mixin.py:188} INFO - [2024-10-29T17:11:30.437+0000] {dagbag.py:545} INFO - Filling up the DagBag from /home/airflow/.local/lib/python3.11/site-packages/airflow/example_dags/example_params_trigger_ui.py
[2024-10-29T17:11:30.450+0000] {processor.py:840} INFO - DAG(s) 'example_params_trigger_ui' retrieved from /home/airflow/.local/lib/python3.11/site-packages/airflow/example_dags/example_params_trigger_ui.py
[2024-10-29T17:11:30.491+0000] {logging_mixin.py:188} INFO - [2024-10-29T17:11:30.491+0000] {dag.py:3096} INFO - Sync 1 DAGs
[2024-10-29T17:11:30.503+0000] {logging_mixin.py:188} INFO - [2024-10-29T17:11:30.503+0000] {dag.py:3954} INFO - Setting next_dagrun for example_params_trigger_ui to None, run_after=None
[2024-10-29T17:11:30.522+0000] {processor.py:183} INFO - Processing /home/airflow/.local/lib/python3.11/site-packages/airflow/example_dags/example_params_trigger_ui.py took 0.093 seconds
[2024-10-29T17:12:01.447+0000] {processor.py:161} INFO - Started process (PID=1578) to work on /home/airflow/.local/lib/python3.11/site-packages/airflow/example_dags/example_params_trigger_ui.py
[2024-10-29T17:12:01.448+0000] {processor.py:830} INFO - Processing file /home/airflow/.local/lib/python3.11/site-packages/airflow/example_dags/example_params_trigger_ui.py for tasks to queue
[2024-10-29T17:12:01.450+0000] {logging_mixin.py:188} INFO - [2024-10-29T17:12:01.449+0000] {dagbag.py:545} INFO - Filling up the DagBag from /home/airflow/.local/lib/python3.11/site-packages/airflow/example_dags/example_params_trigger_ui.py
[2024-10-29T17:12:01.461+0000] {processor.py:840} INFO - DAG(s) 'example_params_trigger_ui' retrieved from /home/airflow/.local/lib/python3.11/site-packages/airflow/example_dags/example_params_trigger_ui.py
[2024-10-29T17:12:01.499+0000] {logging_mixin.py:188} INFO - [2024-10-29T17:12:01.499+0000] {dag.py:3096} INFO - Sync 1 DAGs
[2024-10-29T17:12:01.510+0000] {logging_mixin.py:188} INFO - [2024-10-29T17:12:01.510+0000] {dag.py:3954} INFO - Setting next_dagrun for example_params_trigger_ui to None, run_after=None
[2024-10-29T17:12:01.528+0000] {processor.py:183} INFO - Processing /home/airflow/.local/lib/python3.11/site-packages/airflow/example_dags/example_params_trigger_ui.py took 0.087 seconds
[2024-10-29T17:12:31.930+0000] {processor.py:161} INFO - Started process (PID=1838) to work on /home/airflow/.local/lib/python3.11/site-packages/airflow/example_dags/example_params_trigger_ui.py
[2024-10-29T17:12:31.931+0000] {processor.py:830} INFO - Processing file /home/airflow/.local/lib/python3.11/site-packages/airflow/example_dags/example_params_trigger_ui.py for tasks to queue
[2024-10-29T17:12:31.933+0000] {logging_mixin.py:188} INFO - [2024-10-29T17:12:31.932+0000] {dagbag.py:545} INFO - Filling up the DagBag from /home/airflow/.local/lib/python3.11/site-packages/airflow/example_dags/example_params_trigger_ui.py
[2024-10-29T17:12:31.955+0000] {processor.py:840} INFO - DAG(s) 'example_params_trigger_ui' retrieved from /home/airflow/.local/lib/python3.11/site-packages/airflow/example_dags/example_params_trigger_ui.py
[2024-10-29T17:12:32.031+0000] {logging_mixin.py:188} INFO - [2024-10-29T17:12:32.031+0000] {dag.py:3096} INFO - Sync 1 DAGs
[2024-10-29T17:12:32.053+0000] {logging_mixin.py:188} INFO - [2024-10-29T17:12:32.052+0000] {dag.py:3954} INFO - Setting next_dagrun for example_params_trigger_ui to None, run_after=None
[2024-10-29T17:12:32.089+0000] {processor.py:183} INFO - Processing /home/airflow/.local/lib/python3.11/site-packages/airflow/example_dags/example_params_trigger_ui.py took 0.166 seconds
