[2024-10-29T17:02:16.639+0000] {processor.py:161} INFO - Started process (PID=243) to work on /home/airflow/.local/lib/python3.11/site-packages/airflow/example_dags/example_sensor_decorator.py
[2024-10-29T17:02:16.640+0000] {processor.py:830} INFO - Processing file /home/airflow/.local/lib/python3.11/site-packages/airflow/example_dags/example_sensor_decorator.py for tasks to queue
[2024-10-29T17:02:16.641+0000] {logging_mixin.py:188} INFO - [2024-10-29T17:02:16.641+0000] {dagbag.py:545} INFO - Filling up the DagBag from /home/airflow/.local/lib/python3.11/site-packages/airflow/example_dags/example_sensor_decorator.py
[2024-10-29T17:02:16.648+0000] {processor.py:840} INFO - DAG(s) 'example_sensor_decorator' retrieved from /home/airflow/.local/lib/python3.11/site-packages/airflow/example_dags/example_sensor_decorator.py
[2024-10-29T17:02:16.876+0000] {logging_mixin.py:188} INFO - [2024-10-29T17:02:16.875+0000] {override.py:1829} INFO - Created Permission View: can edit on DAG:example_sensor_decorator
[2024-10-29T17:02:16.887+0000] {logging_mixin.py:188} INFO - [2024-10-29T17:02:16.887+0000] {override.py:1829} INFO - Created Permission View: can delete on DAG:example_sensor_decorator
[2024-10-29T17:02:16.896+0000] {logging_mixin.py:188} INFO - [2024-10-29T17:02:16.895+0000] {override.py:1829} INFO - Created Permission View: can read on DAG:example_sensor_decorator
[2024-10-29T17:02:16.896+0000] {logging_mixin.py:188} INFO - [2024-10-29T17:02:16.896+0000] {dag.py:3096} INFO - Sync 1 DAGs
[2024-10-29T17:02:16.907+0000] {logging_mixin.py:188} INFO - [2024-10-29T17:02:16.907+0000] {dag.py:3118} INFO - Creating ORM DAG for example_sensor_decorator
[2024-10-29T17:02:16.908+0000] {logging_mixin.py:188} INFO - [2024-10-29T17:02:16.907+0000] {dag.py:3954} INFO - Setting next_dagrun for example_sensor_decorator to None, run_after=None
[2024-10-29T17:02:16.931+0000] {processor.py:183} INFO - Processing /home/airflow/.local/lib/python3.11/site-packages/airflow/example_dags/example_sensor_decorator.py took 0.298 seconds
[2024-10-29T17:02:47.283+0000] {processor.py:161} INFO - Started process (PID=505) to work on /home/airflow/.local/lib/python3.11/site-packages/airflow/example_dags/example_sensor_decorator.py
[2024-10-29T17:02:47.285+0000] {processor.py:830} INFO - Processing file /home/airflow/.local/lib/python3.11/site-packages/airflow/example_dags/example_sensor_decorator.py for tasks to queue
[2024-10-29T17:02:47.288+0000] {logging_mixin.py:188} INFO - [2024-10-29T17:02:47.288+0000] {dagbag.py:545} INFO - Filling up the DagBag from /home/airflow/.local/lib/python3.11/site-packages/airflow/example_dags/example_sensor_decorator.py
[2024-10-29T17:02:47.294+0000] {processor.py:840} INFO - DAG(s) 'example_sensor_decorator' retrieved from /home/airflow/.local/lib/python3.11/site-packages/airflow/example_dags/example_sensor_decorator.py
[2024-10-29T17:02:47.315+0000] {logging_mixin.py:188} INFO - [2024-10-29T17:02:47.315+0000] {dag.py:3096} INFO - Sync 1 DAGs
[2024-10-29T17:02:47.329+0000] {logging_mixin.py:188} INFO - [2024-10-29T17:02:47.329+0000] {dag.py:3954} INFO - Setting next_dagrun for example_sensor_decorator to None, run_after=None
[2024-10-29T17:02:47.354+0000] {processor.py:183} INFO - Processing /home/airflow/.local/lib/python3.11/site-packages/airflow/example_dags/example_sensor_decorator.py took 0.081 seconds
[2024-10-29T17:03:17.798+0000] {processor.py:161} INFO - Started process (PID=765) to work on /home/airflow/.local/lib/python3.11/site-packages/airflow/example_dags/example_sensor_decorator.py
[2024-10-29T17:03:17.799+0000] {processor.py:830} INFO - Processing file /home/airflow/.local/lib/python3.11/site-packages/airflow/example_dags/example_sensor_decorator.py for tasks to queue
[2024-10-29T17:03:17.801+0000] {logging_mixin.py:188} INFO - [2024-10-29T17:03:17.800+0000] {dagbag.py:545} INFO - Filling up the DagBag from /home/airflow/.local/lib/python3.11/site-packages/airflow/example_dags/example_sensor_decorator.py
[2024-10-29T17:03:17.806+0000] {processor.py:840} INFO - DAG(s) 'example_sensor_decorator' retrieved from /home/airflow/.local/lib/python3.11/site-packages/airflow/example_dags/example_sensor_decorator.py
[2024-10-29T17:03:17.824+0000] {logging_mixin.py:188} INFO - [2024-10-29T17:03:17.823+0000] {dag.py:3096} INFO - Sync 1 DAGs
[2024-10-29T17:03:17.837+0000] {logging_mixin.py:188} INFO - [2024-10-29T17:03:17.837+0000] {dag.py:3954} INFO - Setting next_dagrun for example_sensor_decorator to None, run_after=None
[2024-10-29T17:03:17.863+0000] {processor.py:183} INFO - Processing /home/airflow/.local/lib/python3.11/site-packages/airflow/example_dags/example_sensor_decorator.py took 0.071 seconds
[2024-10-29T17:03:48.542+0000] {processor.py:161} INFO - Started process (PID=1028) to work on /home/airflow/.local/lib/python3.11/site-packages/airflow/example_dags/example_sensor_decorator.py
[2024-10-29T17:03:48.544+0000] {processor.py:830} INFO - Processing file /home/airflow/.local/lib/python3.11/site-packages/airflow/example_dags/example_sensor_decorator.py for tasks to queue
[2024-10-29T17:03:48.546+0000] {logging_mixin.py:188} INFO - [2024-10-29T17:03:48.546+0000] {dagbag.py:545} INFO - Filling up the DagBag from /home/airflow/.local/lib/python3.11/site-packages/airflow/example_dags/example_sensor_decorator.py
[2024-10-29T17:03:48.553+0000] {processor.py:840} INFO - DAG(s) 'example_sensor_decorator' retrieved from /home/airflow/.local/lib/python3.11/site-packages/airflow/example_dags/example_sensor_decorator.py
[2024-10-29T17:03:48.575+0000] {logging_mixin.py:188} INFO - [2024-10-29T17:03:48.574+0000] {dag.py:3096} INFO - Sync 1 DAGs
[2024-10-29T17:03:48.589+0000] {logging_mixin.py:188} INFO - [2024-10-29T17:03:48.588+0000] {dag.py:3954} INFO - Setting next_dagrun for example_sensor_decorator to None, run_after=None
[2024-10-29T17:03:48.616+0000] {processor.py:183} INFO - Processing /home/airflow/.local/lib/python3.11/site-packages/airflow/example_dags/example_sensor_decorator.py took 0.079 seconds
[2024-10-29T17:04:18.708+0000] {processor.py:161} INFO - Started process (PID=1290) to work on /home/airflow/.local/lib/python3.11/site-packages/airflow/example_dags/example_sensor_decorator.py
[2024-10-29T17:04:18.710+0000] {processor.py:830} INFO - Processing file /home/airflow/.local/lib/python3.11/site-packages/airflow/example_dags/example_sensor_decorator.py for tasks to queue
[2024-10-29T17:04:18.712+0000] {logging_mixin.py:188} INFO - [2024-10-29T17:04:18.711+0000] {dagbag.py:545} INFO - Filling up the DagBag from /home/airflow/.local/lib/python3.11/site-packages/airflow/example_dags/example_sensor_decorator.py
[2024-10-29T17:04:18.718+0000] {processor.py:840} INFO - DAG(s) 'example_sensor_decorator' retrieved from /home/airflow/.local/lib/python3.11/site-packages/airflow/example_dags/example_sensor_decorator.py
[2024-10-29T17:04:18.743+0000] {logging_mixin.py:188} INFO - [2024-10-29T17:04:18.743+0000] {dag.py:3096} INFO - Sync 1 DAGs
[2024-10-29T17:04:18.756+0000] {logging_mixin.py:188} INFO - [2024-10-29T17:04:18.756+0000] {dag.py:3954} INFO - Setting next_dagrun for example_sensor_decorator to None, run_after=None
[2024-10-29T17:04:18.779+0000] {processor.py:183} INFO - Processing /home/airflow/.local/lib/python3.11/site-packages/airflow/example_dags/example_sensor_decorator.py took 0.078 seconds
[2024-10-29T17:04:49.037+0000] {processor.py:161} INFO - Started process (PID=1552) to work on /home/airflow/.local/lib/python3.11/site-packages/airflow/example_dags/example_sensor_decorator.py
[2024-10-29T17:04:49.038+0000] {processor.py:830} INFO - Processing file /home/airflow/.local/lib/python3.11/site-packages/airflow/example_dags/example_sensor_decorator.py for tasks to queue
[2024-10-29T17:04:49.040+0000] {logging_mixin.py:188} INFO - [2024-10-29T17:04:49.040+0000] {dagbag.py:545} INFO - Filling up the DagBag from /home/airflow/.local/lib/python3.11/site-packages/airflow/example_dags/example_sensor_decorator.py
[2024-10-29T17:04:49.047+0000] {processor.py:840} INFO - DAG(s) 'example_sensor_decorator' retrieved from /home/airflow/.local/lib/python3.11/site-packages/airflow/example_dags/example_sensor_decorator.py
[2024-10-29T17:04:49.065+0000] {logging_mixin.py:188} INFO - [2024-10-29T17:04:49.065+0000] {dag.py:3096} INFO - Sync 1 DAGs
[2024-10-29T17:04:49.077+0000] {logging_mixin.py:188} INFO - [2024-10-29T17:04:49.077+0000] {dag.py:3954} INFO - Setting next_dagrun for example_sensor_decorator to None, run_after=None
[2024-10-29T17:04:49.096+0000] {processor.py:183} INFO - Processing /home/airflow/.local/lib/python3.11/site-packages/airflow/example_dags/example_sensor_decorator.py took 0.065 seconds
[2024-10-29T17:05:19.225+0000] {processor.py:161} INFO - Started process (PID=1814) to work on /home/airflow/.local/lib/python3.11/site-packages/airflow/example_dags/example_sensor_decorator.py
[2024-10-29T17:05:19.226+0000] {processor.py:830} INFO - Processing file /home/airflow/.local/lib/python3.11/site-packages/airflow/example_dags/example_sensor_decorator.py for tasks to queue
[2024-10-29T17:05:19.228+0000] {logging_mixin.py:188} INFO - [2024-10-29T17:05:19.228+0000] {dagbag.py:545} INFO - Filling up the DagBag from /home/airflow/.local/lib/python3.11/site-packages/airflow/example_dags/example_sensor_decorator.py
[2024-10-29T17:05:19.235+0000] {processor.py:840} INFO - DAG(s) 'example_sensor_decorator' retrieved from /home/airflow/.local/lib/python3.11/site-packages/airflow/example_dags/example_sensor_decorator.py
[2024-10-29T17:05:19.257+0000] {logging_mixin.py:188} INFO - [2024-10-29T17:05:19.256+0000] {dag.py:3096} INFO - Sync 1 DAGs
[2024-10-29T17:05:19.272+0000] {logging_mixin.py:188} INFO - [2024-10-29T17:05:19.271+0000] {dag.py:3954} INFO - Setting next_dagrun for example_sensor_decorator to None, run_after=None
[2024-10-29T17:05:19.293+0000] {processor.py:183} INFO - Processing /home/airflow/.local/lib/python3.11/site-packages/airflow/example_dags/example_sensor_decorator.py took 0.073 seconds
[2024-10-29T17:05:49.467+0000] {processor.py:161} INFO - Started process (PID=2076) to work on /home/airflow/.local/lib/python3.11/site-packages/airflow/example_dags/example_sensor_decorator.py
[2024-10-29T17:05:49.468+0000] {processor.py:830} INFO - Processing file /home/airflow/.local/lib/python3.11/site-packages/airflow/example_dags/example_sensor_decorator.py for tasks to queue
[2024-10-29T17:05:49.470+0000] {logging_mixin.py:188} INFO - [2024-10-29T17:05:49.469+0000] {dagbag.py:545} INFO - Filling up the DagBag from /home/airflow/.local/lib/python3.11/site-packages/airflow/example_dags/example_sensor_decorator.py
[2024-10-29T17:05:49.476+0000] {processor.py:840} INFO - DAG(s) 'example_sensor_decorator' retrieved from /home/airflow/.local/lib/python3.11/site-packages/airflow/example_dags/example_sensor_decorator.py
[2024-10-29T17:05:49.493+0000] {logging_mixin.py:188} INFO - [2024-10-29T17:05:49.493+0000] {dag.py:3096} INFO - Sync 1 DAGs
[2024-10-29T17:05:49.505+0000] {logging_mixin.py:188} INFO - [2024-10-29T17:05:49.504+0000] {dag.py:3954} INFO - Setting next_dagrun for example_sensor_decorator to None, run_after=None
[2024-10-29T17:05:49.523+0000] {processor.py:183} INFO - Processing /home/airflow/.local/lib/python3.11/site-packages/airflow/example_dags/example_sensor_decorator.py took 0.062 seconds
[2024-10-29T17:06:19.641+0000] {processor.py:161} INFO - Started process (PID=2338) to work on /home/airflow/.local/lib/python3.11/site-packages/airflow/example_dags/example_sensor_decorator.py
[2024-10-29T17:06:19.642+0000] {processor.py:830} INFO - Processing file /home/airflow/.local/lib/python3.11/site-packages/airflow/example_dags/example_sensor_decorator.py for tasks to queue
[2024-10-29T17:06:19.644+0000] {logging_mixin.py:188} INFO - [2024-10-29T17:06:19.644+0000] {dagbag.py:545} INFO - Filling up the DagBag from /home/airflow/.local/lib/python3.11/site-packages/airflow/example_dags/example_sensor_decorator.py
[2024-10-29T17:06:19.650+0000] {processor.py:840} INFO - DAG(s) 'example_sensor_decorator' retrieved from /home/airflow/.local/lib/python3.11/site-packages/airflow/example_dags/example_sensor_decorator.py
[2024-10-29T17:06:19.673+0000] {logging_mixin.py:188} INFO - [2024-10-29T17:06:19.672+0000] {dag.py:3096} INFO - Sync 1 DAGs
[2024-10-29T17:06:19.686+0000] {logging_mixin.py:188} INFO - [2024-10-29T17:06:19.686+0000] {dag.py:3954} INFO - Setting next_dagrun for example_sensor_decorator to None, run_after=None
[2024-10-29T17:06:19.709+0000] {processor.py:183} INFO - Processing /home/airflow/.local/lib/python3.11/site-packages/airflow/example_dags/example_sensor_decorator.py took 0.074 seconds
[2024-10-29T17:06:49.833+0000] {processor.py:161} INFO - Started process (PID=2600) to work on /home/airflow/.local/lib/python3.11/site-packages/airflow/example_dags/example_sensor_decorator.py
[2024-10-29T17:06:49.834+0000] {processor.py:830} INFO - Processing file /home/airflow/.local/lib/python3.11/site-packages/airflow/example_dags/example_sensor_decorator.py for tasks to queue
[2024-10-29T17:06:49.836+0000] {logging_mixin.py:188} INFO - [2024-10-29T17:06:49.835+0000] {dagbag.py:545} INFO - Filling up the DagBag from /home/airflow/.local/lib/python3.11/site-packages/airflow/example_dags/example_sensor_decorator.py
[2024-10-29T17:06:49.841+0000] {processor.py:840} INFO - DAG(s) 'example_sensor_decorator' retrieved from /home/airflow/.local/lib/python3.11/site-packages/airflow/example_dags/example_sensor_decorator.py
[2024-10-29T17:06:49.859+0000] {logging_mixin.py:188} INFO - [2024-10-29T17:06:49.859+0000] {dag.py:3096} INFO - Sync 1 DAGs
[2024-10-29T17:06:49.870+0000] {logging_mixin.py:188} INFO - [2024-10-29T17:06:49.870+0000] {dag.py:3954} INFO - Setting next_dagrun for example_sensor_decorator to None, run_after=None
[2024-10-29T17:06:49.888+0000] {processor.py:183} INFO - Processing /home/airflow/.local/lib/python3.11/site-packages/airflow/example_dags/example_sensor_decorator.py took 0.061 seconds
[2024-10-29T17:07:20.194+0000] {processor.py:161} INFO - Started process (PID=2862) to work on /home/airflow/.local/lib/python3.11/site-packages/airflow/example_dags/example_sensor_decorator.py
[2024-10-29T17:07:20.195+0000] {processor.py:830} INFO - Processing file /home/airflow/.local/lib/python3.11/site-packages/airflow/example_dags/example_sensor_decorator.py for tasks to queue
[2024-10-29T17:07:20.196+0000] {logging_mixin.py:188} INFO - [2024-10-29T17:07:20.196+0000] {dagbag.py:545} INFO - Filling up the DagBag from /home/airflow/.local/lib/python3.11/site-packages/airflow/example_dags/example_sensor_decorator.py
[2024-10-29T17:07:20.203+0000] {processor.py:840} INFO - DAG(s) 'example_sensor_decorator' retrieved from /home/airflow/.local/lib/python3.11/site-packages/airflow/example_dags/example_sensor_decorator.py
[2024-10-29T17:07:20.222+0000] {logging_mixin.py:188} INFO - [2024-10-29T17:07:20.222+0000] {dag.py:3096} INFO - Sync 1 DAGs
[2024-10-29T17:07:20.233+0000] {logging_mixin.py:188} INFO - [2024-10-29T17:07:20.233+0000] {dag.py:3954} INFO - Setting next_dagrun for example_sensor_decorator to None, run_after=None
[2024-10-29T17:07:20.255+0000] {processor.py:183} INFO - Processing /home/airflow/.local/lib/python3.11/site-packages/airflow/example_dags/example_sensor_decorator.py took 0.066 seconds
[2024-10-29T17:07:50.717+0000] {processor.py:161} INFO - Started process (PID=3124) to work on /home/airflow/.local/lib/python3.11/site-packages/airflow/example_dags/example_sensor_decorator.py
[2024-10-29T17:07:50.719+0000] {processor.py:830} INFO - Processing file /home/airflow/.local/lib/python3.11/site-packages/airflow/example_dags/example_sensor_decorator.py for tasks to queue
[2024-10-29T17:07:50.720+0000] {logging_mixin.py:188} INFO - [2024-10-29T17:07:50.720+0000] {dagbag.py:545} INFO - Filling up the DagBag from /home/airflow/.local/lib/python3.11/site-packages/airflow/example_dags/example_sensor_decorator.py
[2024-10-29T17:07:50.726+0000] {processor.py:840} INFO - DAG(s) 'example_sensor_decorator' retrieved from /home/airflow/.local/lib/python3.11/site-packages/airflow/example_dags/example_sensor_decorator.py
[2024-10-29T17:07:50.748+0000] {logging_mixin.py:188} INFO - [2024-10-29T17:07:50.747+0000] {dag.py:3096} INFO - Sync 1 DAGs
[2024-10-29T17:07:50.759+0000] {logging_mixin.py:188} INFO - [2024-10-29T17:07:50.758+0000] {dag.py:3954} INFO - Setting next_dagrun for example_sensor_decorator to None, run_after=None
[2024-10-29T17:07:50.778+0000] {processor.py:183} INFO - Processing /home/airflow/.local/lib/python3.11/site-packages/airflow/example_dags/example_sensor_decorator.py took 0.067 seconds
[2024-10-29T17:08:21.028+0000] {processor.py:161} INFO - Started process (PID=3386) to work on /home/airflow/.local/lib/python3.11/site-packages/airflow/example_dags/example_sensor_decorator.py
[2024-10-29T17:08:21.029+0000] {processor.py:830} INFO - Processing file /home/airflow/.local/lib/python3.11/site-packages/airflow/example_dags/example_sensor_decorator.py for tasks to queue
[2024-10-29T17:08:21.031+0000] {logging_mixin.py:188} INFO - [2024-10-29T17:08:21.031+0000] {dagbag.py:545} INFO - Filling up the DagBag from /home/airflow/.local/lib/python3.11/site-packages/airflow/example_dags/example_sensor_decorator.py
[2024-10-29T17:08:21.037+0000] {processor.py:840} INFO - DAG(s) 'example_sensor_decorator' retrieved from /home/airflow/.local/lib/python3.11/site-packages/airflow/example_dags/example_sensor_decorator.py
[2024-10-29T17:08:21.056+0000] {logging_mixin.py:188} INFO - [2024-10-29T17:08:21.056+0000] {dag.py:3096} INFO - Sync 1 DAGs
[2024-10-29T17:08:21.068+0000] {logging_mixin.py:188} INFO - [2024-10-29T17:08:21.068+0000] {dag.py:3954} INFO - Setting next_dagrun for example_sensor_decorator to None, run_after=None
[2024-10-29T17:08:21.087+0000] {processor.py:183} INFO - Processing /home/airflow/.local/lib/python3.11/site-packages/airflow/example_dags/example_sensor_decorator.py took 0.065 seconds
[2024-10-29T17:09:26.585+0000] {processor.py:161} INFO - Started process (PID=235) to work on /home/airflow/.local/lib/python3.11/site-packages/airflow/example_dags/example_sensor_decorator.py
[2024-10-29T17:09:26.586+0000] {processor.py:830} INFO - Processing file /home/airflow/.local/lib/python3.11/site-packages/airflow/example_dags/example_sensor_decorator.py for tasks to queue
[2024-10-29T17:09:26.589+0000] {logging_mixin.py:188} INFO - [2024-10-29T17:09:26.588+0000] {dagbag.py:545} INFO - Filling up the DagBag from /home/airflow/.local/lib/python3.11/site-packages/airflow/example_dags/example_sensor_decorator.py
[2024-10-29T17:09:26.597+0000] {processor.py:840} INFO - DAG(s) 'example_sensor_decorator' retrieved from /home/airflow/.local/lib/python3.11/site-packages/airflow/example_dags/example_sensor_decorator.py
[2024-10-29T17:09:26.610+0000] {logging_mixin.py:188} INFO - [2024-10-29T17:09:26.610+0000] {dag.py:3096} INFO - Sync 1 DAGs
[2024-10-29T17:09:26.627+0000] {logging_mixin.py:188} INFO - [2024-10-29T17:09:26.627+0000] {dag.py:3954} INFO - Setting next_dagrun for example_sensor_decorator to None, run_after=None
[2024-10-29T17:09:26.649+0000] {processor.py:183} INFO - Processing /home/airflow/.local/lib/python3.11/site-packages/airflow/example_dags/example_sensor_decorator.py took 0.072 seconds
[2024-10-29T17:09:57.567+0000] {processor.py:161} INFO - Started process (PID=497) to work on /home/airflow/.local/lib/python3.11/site-packages/airflow/example_dags/example_sensor_decorator.py
[2024-10-29T17:09:57.568+0000] {processor.py:830} INFO - Processing file /home/airflow/.local/lib/python3.11/site-packages/airflow/example_dags/example_sensor_decorator.py for tasks to queue
[2024-10-29T17:09:57.571+0000] {logging_mixin.py:188} INFO - [2024-10-29T17:09:57.571+0000] {dagbag.py:545} INFO - Filling up the DagBag from /home/airflow/.local/lib/python3.11/site-packages/airflow/example_dags/example_sensor_decorator.py
[2024-10-29T17:09:57.579+0000] {processor.py:840} INFO - DAG(s) 'example_sensor_decorator' retrieved from /home/airflow/.local/lib/python3.11/site-packages/airflow/example_dags/example_sensor_decorator.py
[2024-10-29T17:09:57.773+0000] {logging_mixin.py:188} INFO - [2024-10-29T17:09:57.772+0000] {dag.py:3096} INFO - Sync 1 DAGs
[2024-10-29T17:09:57.792+0000] {logging_mixin.py:188} INFO - [2024-10-29T17:09:57.791+0000] {dag.py:3954} INFO - Setting next_dagrun for example_sensor_decorator to None, run_after=None
[2024-10-29T17:09:57.814+0000] {processor.py:183} INFO - Processing /home/airflow/.local/lib/python3.11/site-packages/airflow/example_dags/example_sensor_decorator.py took 0.252 seconds
[2024-10-29T17:10:29.369+0000] {processor.py:161} INFO - Started process (PID=759) to work on /home/airflow/.local/lib/python3.11/site-packages/airflow/example_dags/example_sensor_decorator.py
[2024-10-29T17:10:29.370+0000] {processor.py:830} INFO - Processing file /home/airflow/.local/lib/python3.11/site-packages/airflow/example_dags/example_sensor_decorator.py for tasks to queue
[2024-10-29T17:10:29.372+0000] {logging_mixin.py:188} INFO - [2024-10-29T17:10:29.372+0000] {dagbag.py:545} INFO - Filling up the DagBag from /home/airflow/.local/lib/python3.11/site-packages/airflow/example_dags/example_sensor_decorator.py
[2024-10-29T17:10:29.380+0000] {processor.py:840} INFO - DAG(s) 'example_sensor_decorator' retrieved from /home/airflow/.local/lib/python3.11/site-packages/airflow/example_dags/example_sensor_decorator.py
[2024-10-29T17:10:29.398+0000] {logging_mixin.py:188} INFO - [2024-10-29T17:10:29.398+0000] {dag.py:3096} INFO - Sync 1 DAGs
[2024-10-29T17:10:29.411+0000] {logging_mixin.py:188} INFO - [2024-10-29T17:10:29.410+0000] {dag.py:3954} INFO - Setting next_dagrun for example_sensor_decorator to None, run_after=None
[2024-10-29T17:10:29.431+0000] {processor.py:183} INFO - Processing /home/airflow/.local/lib/python3.11/site-packages/airflow/example_dags/example_sensor_decorator.py took 0.068 seconds
[2024-10-29T17:10:59.726+0000] {processor.py:161} INFO - Started process (PID=1021) to work on /home/airflow/.local/lib/python3.11/site-packages/airflow/example_dags/example_sensor_decorator.py
[2024-10-29T17:10:59.729+0000] {processor.py:830} INFO - Processing file /home/airflow/.local/lib/python3.11/site-packages/airflow/example_dags/example_sensor_decorator.py for tasks to queue
[2024-10-29T17:10:59.731+0000] {logging_mixin.py:188} INFO - [2024-10-29T17:10:59.731+0000] {dagbag.py:545} INFO - Filling up the DagBag from /home/airflow/.local/lib/python3.11/site-packages/airflow/example_dags/example_sensor_decorator.py
[2024-10-29T17:10:59.739+0000] {processor.py:840} INFO - DAG(s) 'example_sensor_decorator' retrieved from /home/airflow/.local/lib/python3.11/site-packages/airflow/example_dags/example_sensor_decorator.py
[2024-10-29T17:10:59.764+0000] {logging_mixin.py:188} INFO - [2024-10-29T17:10:59.764+0000] {dag.py:3096} INFO - Sync 1 DAGs
[2024-10-29T17:10:59.783+0000] {logging_mixin.py:188} INFO - [2024-10-29T17:10:59.783+0000] {dag.py:3954} INFO - Setting next_dagrun for example_sensor_decorator to None, run_after=None
[2024-10-29T17:10:59.805+0000] {processor.py:183} INFO - Processing /home/airflow/.local/lib/python3.11/site-packages/airflow/example_dags/example_sensor_decorator.py took 0.089 seconds
[2024-10-29T17:11:30.176+0000] {processor.py:161} INFO - Started process (PID=1283) to work on /home/airflow/.local/lib/python3.11/site-packages/airflow/example_dags/example_sensor_decorator.py
[2024-10-29T17:11:30.177+0000] {processor.py:830} INFO - Processing file /home/airflow/.local/lib/python3.11/site-packages/airflow/example_dags/example_sensor_decorator.py for tasks to queue
[2024-10-29T17:11:30.179+0000] {logging_mixin.py:188} INFO - [2024-10-29T17:11:30.179+0000] {dagbag.py:545} INFO - Filling up the DagBag from /home/airflow/.local/lib/python3.11/site-packages/airflow/example_dags/example_sensor_decorator.py
[2024-10-29T17:11:30.185+0000] {processor.py:840} INFO - DAG(s) 'example_sensor_decorator' retrieved from /home/airflow/.local/lib/python3.11/site-packages/airflow/example_dags/example_sensor_decorator.py
[2024-10-29T17:11:30.203+0000] {logging_mixin.py:188} INFO - [2024-10-29T17:11:30.202+0000] {dag.py:3096} INFO - Sync 1 DAGs
[2024-10-29T17:11:30.213+0000] {logging_mixin.py:188} INFO - [2024-10-29T17:11:30.212+0000] {dag.py:3954} INFO - Setting next_dagrun for example_sensor_decorator to None, run_after=None
[2024-10-29T17:11:30.232+0000] {processor.py:183} INFO - Processing /home/airflow/.local/lib/python3.11/site-packages/airflow/example_dags/example_sensor_decorator.py took 0.061 seconds
[2024-10-29T17:12:01.124+0000] {processor.py:161} INFO - Started process (PID=1553) to work on /home/airflow/.local/lib/python3.11/site-packages/airflow/example_dags/example_sensor_decorator.py
[2024-10-29T17:12:01.125+0000] {processor.py:830} INFO - Processing file /home/airflow/.local/lib/python3.11/site-packages/airflow/example_dags/example_sensor_decorator.py for tasks to queue
[2024-10-29T17:12:01.126+0000] {logging_mixin.py:188} INFO - [2024-10-29T17:12:01.126+0000] {dagbag.py:545} INFO - Filling up the DagBag from /home/airflow/.local/lib/python3.11/site-packages/airflow/example_dags/example_sensor_decorator.py
[2024-10-29T17:12:01.132+0000] {processor.py:840} INFO - DAG(s) 'example_sensor_decorator' retrieved from /home/airflow/.local/lib/python3.11/site-packages/airflow/example_dags/example_sensor_decorator.py
[2024-10-29T17:12:01.151+0000] {logging_mixin.py:188} INFO - [2024-10-29T17:12:01.150+0000] {dag.py:3096} INFO - Sync 1 DAGs
[2024-10-29T17:12:01.162+0000] {logging_mixin.py:188} INFO - [2024-10-29T17:12:01.161+0000] {dag.py:3954} INFO - Setting next_dagrun for example_sensor_decorator to None, run_after=None
[2024-10-29T17:12:01.182+0000] {processor.py:183} INFO - Processing /home/airflow/.local/lib/python3.11/site-packages/airflow/example_dags/example_sensor_decorator.py took 0.063 seconds
[2024-10-29T17:12:31.549+0000] {processor.py:161} INFO - Started process (PID=1813) to work on /home/airflow/.local/lib/python3.11/site-packages/airflow/example_dags/example_sensor_decorator.py
[2024-10-29T17:12:31.550+0000] {processor.py:830} INFO - Processing file /home/airflow/.local/lib/python3.11/site-packages/airflow/example_dags/example_sensor_decorator.py for tasks to queue
[2024-10-29T17:12:31.552+0000] {logging_mixin.py:188} INFO - [2024-10-29T17:12:31.552+0000] {dagbag.py:545} INFO - Filling up the DagBag from /home/airflow/.local/lib/python3.11/site-packages/airflow/example_dags/example_sensor_decorator.py
[2024-10-29T17:12:31.558+0000] {processor.py:840} INFO - DAG(s) 'example_sensor_decorator' retrieved from /home/airflow/.local/lib/python3.11/site-packages/airflow/example_dags/example_sensor_decorator.py
[2024-10-29T17:12:31.580+0000] {logging_mixin.py:188} INFO - [2024-10-29T17:12:31.579+0000] {dag.py:3096} INFO - Sync 1 DAGs
[2024-10-29T17:12:31.593+0000] {logging_mixin.py:188} INFO - [2024-10-29T17:12:31.592+0000] {dag.py:3954} INFO - Setting next_dagrun for example_sensor_decorator to None, run_after=None
[2024-10-29T17:12:31.614+0000] {processor.py:183} INFO - Processing /home/airflow/.local/lib/python3.11/site-packages/airflow/example_dags/example_sensor_decorator.py took 0.072 seconds
