[2024-10-29T17:02:16.329+0000] {processor.py:161} INFO - Started process (PID=238) to work on /home/airflow/.local/lib/python3.11/site-packages/airflow/example_dags/tutorial_taskflow_api.py
[2024-10-29T17:02:16.330+0000] {processor.py:830} INFO - Processing file /home/airflow/.local/lib/python3.11/site-packages/airflow/example_dags/tutorial_taskflow_api.py for tasks to queue
[2024-10-29T17:02:16.332+0000] {logging_mixin.py:188} INFO - [2024-10-29T17:02:16.331+0000] {dagbag.py:545} INFO - Filling up the DagBag from /home/airflow/.local/lib/python3.11/site-packages/airflow/example_dags/tutorial_taskflow_api.py
[2024-10-29T17:02:16.341+0000] {processor.py:840} INFO - DAG(s) 'tutorial_taskflow_api' retrieved from /home/airflow/.local/lib/python3.11/site-packages/airflow/example_dags/tutorial_taskflow_api.py
[2024-10-29T17:02:16.560+0000] {logging_mixin.py:188} INFO - [2024-10-29T17:02:16.560+0000] {override.py:1829} INFO - Created Permission View: can edit on DAG:tutorial_taskflow_api
[2024-10-29T17:02:16.570+0000] {logging_mixin.py:188} INFO - [2024-10-29T17:02:16.569+0000] {override.py:1829} INFO - Created Permission View: can delete on DAG:tutorial_taskflow_api
[2024-10-29T17:02:16.577+0000] {logging_mixin.py:188} INFO - [2024-10-29T17:02:16.577+0000] {override.py:1829} INFO - Created Permission View: can read on DAG:tutorial_taskflow_api
[2024-10-29T17:02:16.578+0000] {logging_mixin.py:188} INFO - [2024-10-29T17:02:16.578+0000] {dag.py:3096} INFO - Sync 1 DAGs
[2024-10-29T17:02:16.586+0000] {logging_mixin.py:188} INFO - [2024-10-29T17:02:16.586+0000] {dag.py:3118} INFO - Creating ORM DAG for tutorial_taskflow_api
[2024-10-29T17:02:16.587+0000] {logging_mixin.py:188} INFO - [2024-10-29T17:02:16.587+0000] {dag.py:3954} INFO - Setting next_dagrun for tutorial_taskflow_api to None, run_after=None
[2024-10-29T17:02:16.602+0000] {processor.py:183} INFO - Processing /home/airflow/.local/lib/python3.11/site-packages/airflow/example_dags/tutorial_taskflow_api.py took 0.279 seconds
[2024-10-29T17:02:47.167+0000] {processor.py:161} INFO - Started process (PID=500) to work on /home/airflow/.local/lib/python3.11/site-packages/airflow/example_dags/tutorial_taskflow_api.py
[2024-10-29T17:02:47.168+0000] {processor.py:830} INFO - Processing file /home/airflow/.local/lib/python3.11/site-packages/airflow/example_dags/tutorial_taskflow_api.py for tasks to queue
[2024-10-29T17:02:47.169+0000] {logging_mixin.py:188} INFO - [2024-10-29T17:02:47.169+0000] {dagbag.py:545} INFO - Filling up the DagBag from /home/airflow/.local/lib/python3.11/site-packages/airflow/example_dags/tutorial_taskflow_api.py
[2024-10-29T17:02:47.175+0000] {processor.py:840} INFO - DAG(s) 'tutorial_taskflow_api' retrieved from /home/airflow/.local/lib/python3.11/site-packages/airflow/example_dags/tutorial_taskflow_api.py
[2024-10-29T17:02:47.196+0000] {logging_mixin.py:188} INFO - [2024-10-29T17:02:47.195+0000] {dag.py:3096} INFO - Sync 1 DAGs
[2024-10-29T17:02:47.208+0000] {logging_mixin.py:188} INFO - [2024-10-29T17:02:47.208+0000] {dag.py:3954} INFO - Setting next_dagrun for tutorial_taskflow_api to None, run_after=None
[2024-10-29T17:02:47.238+0000] {processor.py:183} INFO - Processing /home/airflow/.local/lib/python3.11/site-packages/airflow/example_dags/tutorial_taskflow_api.py took 0.077 seconds
[2024-10-29T17:03:17.785+0000] {processor.py:161} INFO - Started process (PID=762) to work on /home/airflow/.local/lib/python3.11/site-packages/airflow/example_dags/tutorial_taskflow_api.py
[2024-10-29T17:03:17.786+0000] {processor.py:830} INFO - Processing file /home/airflow/.local/lib/python3.11/site-packages/airflow/example_dags/tutorial_taskflow_api.py for tasks to queue
[2024-10-29T17:03:17.787+0000] {logging_mixin.py:188} INFO - [2024-10-29T17:03:17.787+0000] {dagbag.py:545} INFO - Filling up the DagBag from /home/airflow/.local/lib/python3.11/site-packages/airflow/example_dags/tutorial_taskflow_api.py
[2024-10-29T17:03:17.794+0000] {processor.py:840} INFO - DAG(s) 'tutorial_taskflow_api' retrieved from /home/airflow/.local/lib/python3.11/site-packages/airflow/example_dags/tutorial_taskflow_api.py
[2024-10-29T17:03:17.811+0000] {logging_mixin.py:188} INFO - [2024-10-29T17:03:17.811+0000] {dag.py:3096} INFO - Sync 1 DAGs
[2024-10-29T17:03:17.822+0000] {logging_mixin.py:188} INFO - [2024-10-29T17:03:17.822+0000] {dag.py:3954} INFO - Setting next_dagrun for tutorial_taskflow_api to None, run_after=None
[2024-10-29T17:03:17.846+0000] {processor.py:183} INFO - Processing /home/airflow/.local/lib/python3.11/site-packages/airflow/example_dags/tutorial_taskflow_api.py took 0.067 seconds
[2024-10-29T17:03:48.525+0000] {processor.py:161} INFO - Started process (PID=1025) to work on /home/airflow/.local/lib/python3.11/site-packages/airflow/example_dags/tutorial_taskflow_api.py
[2024-10-29T17:03:48.526+0000] {processor.py:830} INFO - Processing file /home/airflow/.local/lib/python3.11/site-packages/airflow/example_dags/tutorial_taskflow_api.py for tasks to queue
[2024-10-29T17:03:48.528+0000] {logging_mixin.py:188} INFO - [2024-10-29T17:03:48.528+0000] {dagbag.py:545} INFO - Filling up the DagBag from /home/airflow/.local/lib/python3.11/site-packages/airflow/example_dags/tutorial_taskflow_api.py
[2024-10-29T17:03:48.536+0000] {processor.py:840} INFO - DAG(s) 'tutorial_taskflow_api' retrieved from /home/airflow/.local/lib/python3.11/site-packages/airflow/example_dags/tutorial_taskflow_api.py
[2024-10-29T17:03:48.555+0000] {logging_mixin.py:188} INFO - [2024-10-29T17:03:48.555+0000] {dag.py:3096} INFO - Sync 1 DAGs
[2024-10-29T17:03:48.569+0000] {logging_mixin.py:188} INFO - [2024-10-29T17:03:48.569+0000] {dag.py:3954} INFO - Setting next_dagrun for tutorial_taskflow_api to None, run_after=None
[2024-10-29T17:03:48.592+0000] {processor.py:183} INFO - Processing /home/airflow/.local/lib/python3.11/site-packages/airflow/example_dags/tutorial_taskflow_api.py took 0.072 seconds
[2024-10-29T17:04:18.642+0000] {processor.py:161} INFO - Started process (PID=1285) to work on /home/airflow/.local/lib/python3.11/site-packages/airflow/example_dags/tutorial_taskflow_api.py
[2024-10-29T17:04:18.643+0000] {processor.py:830} INFO - Processing file /home/airflow/.local/lib/python3.11/site-packages/airflow/example_dags/tutorial_taskflow_api.py for tasks to queue
[2024-10-29T17:04:18.645+0000] {logging_mixin.py:188} INFO - [2024-10-29T17:04:18.645+0000] {dagbag.py:545} INFO - Filling up the DagBag from /home/airflow/.local/lib/python3.11/site-packages/airflow/example_dags/tutorial_taskflow_api.py
[2024-10-29T17:04:18.654+0000] {processor.py:840} INFO - DAG(s) 'tutorial_taskflow_api' retrieved from /home/airflow/.local/lib/python3.11/site-packages/airflow/example_dags/tutorial_taskflow_api.py
[2024-10-29T17:04:18.684+0000] {logging_mixin.py:188} INFO - [2024-10-29T17:04:18.683+0000] {dag.py:3096} INFO - Sync 1 DAGs
[2024-10-29T17:04:18.700+0000] {logging_mixin.py:188} INFO - [2024-10-29T17:04:18.699+0000] {dag.py:3954} INFO - Setting next_dagrun for tutorial_taskflow_api to None, run_after=None
[2024-10-29T17:04:18.726+0000] {processor.py:183} INFO - Processing /home/airflow/.local/lib/python3.11/site-packages/airflow/example_dags/tutorial_taskflow_api.py took 0.091 seconds
[2024-10-29T17:04:49.017+0000] {processor.py:161} INFO - Started process (PID=1547) to work on /home/airflow/.local/lib/python3.11/site-packages/airflow/example_dags/tutorial_taskflow_api.py
[2024-10-29T17:04:49.018+0000] {processor.py:830} INFO - Processing file /home/airflow/.local/lib/python3.11/site-packages/airflow/example_dags/tutorial_taskflow_api.py for tasks to queue
[2024-10-29T17:04:49.020+0000] {logging_mixin.py:188} INFO - [2024-10-29T17:04:49.020+0000] {dagbag.py:545} INFO - Filling up the DagBag from /home/airflow/.local/lib/python3.11/site-packages/airflow/example_dags/tutorial_taskflow_api.py
[2024-10-29T17:04:49.027+0000] {processor.py:840} INFO - DAG(s) 'tutorial_taskflow_api' retrieved from /home/airflow/.local/lib/python3.11/site-packages/airflow/example_dags/tutorial_taskflow_api.py
[2024-10-29T17:04:49.045+0000] {logging_mixin.py:188} INFO - [2024-10-29T17:04:49.045+0000] {dag.py:3096} INFO - Sync 1 DAGs
[2024-10-29T17:04:49.056+0000] {logging_mixin.py:188} INFO - [2024-10-29T17:04:49.056+0000] {dag.py:3954} INFO - Setting next_dagrun for tutorial_taskflow_api to None, run_after=None
[2024-10-29T17:04:49.076+0000] {processor.py:183} INFO - Processing /home/airflow/.local/lib/python3.11/site-packages/airflow/example_dags/tutorial_taskflow_api.py took 0.064 seconds
[2024-10-29T17:05:19.207+0000] {processor.py:161} INFO - Started process (PID=1809) to work on /home/airflow/.local/lib/python3.11/site-packages/airflow/example_dags/tutorial_taskflow_api.py
[2024-10-29T17:05:19.209+0000] {processor.py:830} INFO - Processing file /home/airflow/.local/lib/python3.11/site-packages/airflow/example_dags/tutorial_taskflow_api.py for tasks to queue
[2024-10-29T17:05:19.211+0000] {logging_mixin.py:188} INFO - [2024-10-29T17:05:19.211+0000] {dagbag.py:545} INFO - Filling up the DagBag from /home/airflow/.local/lib/python3.11/site-packages/airflow/example_dags/tutorial_taskflow_api.py
[2024-10-29T17:05:19.217+0000] {processor.py:840} INFO - DAG(s) 'tutorial_taskflow_api' retrieved from /home/airflow/.local/lib/python3.11/site-packages/airflow/example_dags/tutorial_taskflow_api.py
[2024-10-29T17:05:19.234+0000] {logging_mixin.py:188} INFO - [2024-10-29T17:05:19.234+0000] {dag.py:3096} INFO - Sync 1 DAGs
[2024-10-29T17:05:19.244+0000] {logging_mixin.py:188} INFO - [2024-10-29T17:05:19.244+0000] {dag.py:3954} INFO - Setting next_dagrun for tutorial_taskflow_api to None, run_after=None
[2024-10-29T17:05:19.266+0000] {processor.py:183} INFO - Processing /home/airflow/.local/lib/python3.11/site-packages/airflow/example_dags/tutorial_taskflow_api.py took 0.065 seconds
[2024-10-29T17:05:49.446+0000] {processor.py:161} INFO - Started process (PID=2071) to work on /home/airflow/.local/lib/python3.11/site-packages/airflow/example_dags/tutorial_taskflow_api.py
[2024-10-29T17:05:49.447+0000] {processor.py:830} INFO - Processing file /home/airflow/.local/lib/python3.11/site-packages/airflow/example_dags/tutorial_taskflow_api.py for tasks to queue
[2024-10-29T17:05:49.449+0000] {logging_mixin.py:188} INFO - [2024-10-29T17:05:49.448+0000] {dagbag.py:545} INFO - Filling up the DagBag from /home/airflow/.local/lib/python3.11/site-packages/airflow/example_dags/tutorial_taskflow_api.py
[2024-10-29T17:05:49.455+0000] {processor.py:840} INFO - DAG(s) 'tutorial_taskflow_api' retrieved from /home/airflow/.local/lib/python3.11/site-packages/airflow/example_dags/tutorial_taskflow_api.py
[2024-10-29T17:05:49.474+0000] {logging_mixin.py:188} INFO - [2024-10-29T17:05:49.474+0000] {dag.py:3096} INFO - Sync 1 DAGs
[2024-10-29T17:05:49.484+0000] {logging_mixin.py:188} INFO - [2024-10-29T17:05:49.484+0000] {dag.py:3954} INFO - Setting next_dagrun for tutorial_taskflow_api to None, run_after=None
[2024-10-29T17:05:49.502+0000] {processor.py:183} INFO - Processing /home/airflow/.local/lib/python3.11/site-packages/airflow/example_dags/tutorial_taskflow_api.py took 0.062 seconds
[2024-10-29T17:06:19.624+0000] {processor.py:161} INFO - Started process (PID=2333) to work on /home/airflow/.local/lib/python3.11/site-packages/airflow/example_dags/tutorial_taskflow_api.py
[2024-10-29T17:06:19.624+0000] {processor.py:830} INFO - Processing file /home/airflow/.local/lib/python3.11/site-packages/airflow/example_dags/tutorial_taskflow_api.py for tasks to queue
[2024-10-29T17:06:19.627+0000] {logging_mixin.py:188} INFO - [2024-10-29T17:06:19.626+0000] {dagbag.py:545} INFO - Filling up the DagBag from /home/airflow/.local/lib/python3.11/site-packages/airflow/example_dags/tutorial_taskflow_api.py
[2024-10-29T17:06:19.633+0000] {processor.py:840} INFO - DAG(s) 'tutorial_taskflow_api' retrieved from /home/airflow/.local/lib/python3.11/site-packages/airflow/example_dags/tutorial_taskflow_api.py
[2024-10-29T17:06:19.651+0000] {logging_mixin.py:188} INFO - [2024-10-29T17:06:19.650+0000] {dag.py:3096} INFO - Sync 1 DAGs
[2024-10-29T17:06:19.665+0000] {logging_mixin.py:188} INFO - [2024-10-29T17:06:19.665+0000] {dag.py:3954} INFO - Setting next_dagrun for tutorial_taskflow_api to None, run_after=None
[2024-10-29T17:06:19.689+0000] {processor.py:183} INFO - Processing /home/airflow/.local/lib/python3.11/site-packages/airflow/example_dags/tutorial_taskflow_api.py took 0.071 seconds
[2024-10-29T17:06:49.824+0000] {processor.py:161} INFO - Started process (PID=2597) to work on /home/airflow/.local/lib/python3.11/site-packages/airflow/example_dags/tutorial_taskflow_api.py
[2024-10-29T17:06:49.825+0000] {processor.py:830} INFO - Processing file /home/airflow/.local/lib/python3.11/site-packages/airflow/example_dags/tutorial_taskflow_api.py for tasks to queue
[2024-10-29T17:06:49.826+0000] {logging_mixin.py:188} INFO - [2024-10-29T17:06:49.826+0000] {dagbag.py:545} INFO - Filling up the DagBag from /home/airflow/.local/lib/python3.11/site-packages/airflow/example_dags/tutorial_taskflow_api.py
[2024-10-29T17:06:49.832+0000] {processor.py:840} INFO - DAG(s) 'tutorial_taskflow_api' retrieved from /home/airflow/.local/lib/python3.11/site-packages/airflow/example_dags/tutorial_taskflow_api.py
[2024-10-29T17:06:49.852+0000] {logging_mixin.py:188} INFO - [2024-10-29T17:06:49.851+0000] {dag.py:3096} INFO - Sync 1 DAGs
[2024-10-29T17:06:49.863+0000] {logging_mixin.py:188} INFO - [2024-10-29T17:06:49.863+0000] {dag.py:3954} INFO - Setting next_dagrun for tutorial_taskflow_api to None, run_after=None
[2024-10-29T17:06:49.882+0000] {processor.py:183} INFO - Processing /home/airflow/.local/lib/python3.11/site-packages/airflow/example_dags/tutorial_taskflow_api.py took 0.063 seconds
[2024-10-29T17:07:20.176+0000] {processor.py:161} INFO - Started process (PID=2857) to work on /home/airflow/.local/lib/python3.11/site-packages/airflow/example_dags/tutorial_taskflow_api.py
[2024-10-29T17:07:20.177+0000] {processor.py:830} INFO - Processing file /home/airflow/.local/lib/python3.11/site-packages/airflow/example_dags/tutorial_taskflow_api.py for tasks to queue
[2024-10-29T17:07:20.179+0000] {logging_mixin.py:188} INFO - [2024-10-29T17:07:20.179+0000] {dagbag.py:545} INFO - Filling up the DagBag from /home/airflow/.local/lib/python3.11/site-packages/airflow/example_dags/tutorial_taskflow_api.py
[2024-10-29T17:07:20.186+0000] {processor.py:840} INFO - DAG(s) 'tutorial_taskflow_api' retrieved from /home/airflow/.local/lib/python3.11/site-packages/airflow/example_dags/tutorial_taskflow_api.py
[2024-10-29T17:07:20.204+0000] {logging_mixin.py:188} INFO - [2024-10-29T17:07:20.204+0000] {dag.py:3096} INFO - Sync 1 DAGs
[2024-10-29T17:07:20.216+0000] {logging_mixin.py:188} INFO - [2024-10-29T17:07:20.216+0000] {dag.py:3954} INFO - Setting next_dagrun for tutorial_taskflow_api to None, run_after=None
[2024-10-29T17:07:20.235+0000] {processor.py:183} INFO - Processing /home/airflow/.local/lib/python3.11/site-packages/airflow/example_dags/tutorial_taskflow_api.py took 0.066 seconds
[2024-10-29T17:07:50.697+0000] {processor.py:161} INFO - Started process (PID=3121) to work on /home/airflow/.local/lib/python3.11/site-packages/airflow/example_dags/tutorial_taskflow_api.py
[2024-10-29T17:07:50.699+0000] {processor.py:830} INFO - Processing file /home/airflow/.local/lib/python3.11/site-packages/airflow/example_dags/tutorial_taskflow_api.py for tasks to queue
[2024-10-29T17:07:50.701+0000] {logging_mixin.py:188} INFO - [2024-10-29T17:07:50.700+0000] {dagbag.py:545} INFO - Filling up the DagBag from /home/airflow/.local/lib/python3.11/site-packages/airflow/example_dags/tutorial_taskflow_api.py
[2024-10-29T17:07:50.710+0000] {processor.py:840} INFO - DAG(s) 'tutorial_taskflow_api' retrieved from /home/airflow/.local/lib/python3.11/site-packages/airflow/example_dags/tutorial_taskflow_api.py
[2024-10-29T17:07:50.730+0000] {logging_mixin.py:188} INFO - [2024-10-29T17:07:50.730+0000] {dag.py:3096} INFO - Sync 1 DAGs
[2024-10-29T17:07:50.744+0000] {logging_mixin.py:188} INFO - [2024-10-29T17:07:50.744+0000] {dag.py:3954} INFO - Setting next_dagrun for tutorial_taskflow_api to None, run_after=None
[2024-10-29T17:07:50.763+0000] {processor.py:183} INFO - Processing /home/airflow/.local/lib/python3.11/site-packages/airflow/example_dags/tutorial_taskflow_api.py took 0.072 seconds
[2024-10-29T17:08:21.013+0000] {processor.py:161} INFO - Started process (PID=3383) to work on /home/airflow/.local/lib/python3.11/site-packages/airflow/example_dags/tutorial_taskflow_api.py
[2024-10-29T17:08:21.015+0000] {processor.py:830} INFO - Processing file /home/airflow/.local/lib/python3.11/site-packages/airflow/example_dags/tutorial_taskflow_api.py for tasks to queue
[2024-10-29T17:08:21.016+0000] {logging_mixin.py:188} INFO - [2024-10-29T17:08:21.016+0000] {dagbag.py:545} INFO - Filling up the DagBag from /home/airflow/.local/lib/python3.11/site-packages/airflow/example_dags/tutorial_taskflow_api.py
[2024-10-29T17:08:21.024+0000] {processor.py:840} INFO - DAG(s) 'tutorial_taskflow_api' retrieved from /home/airflow/.local/lib/python3.11/site-packages/airflow/example_dags/tutorial_taskflow_api.py
[2024-10-29T17:08:21.042+0000] {logging_mixin.py:188} INFO - [2024-10-29T17:08:21.042+0000] {dag.py:3096} INFO - Sync 1 DAGs
[2024-10-29T17:08:21.053+0000] {logging_mixin.py:188} INFO - [2024-10-29T17:08:21.053+0000] {dag.py:3954} INFO - Setting next_dagrun for tutorial_taskflow_api to None, run_after=None
[2024-10-29T17:08:21.072+0000] {processor.py:183} INFO - Processing /home/airflow/.local/lib/python3.11/site-packages/airflow/example_dags/tutorial_taskflow_api.py took 0.064 seconds
[2024-10-29T17:09:26.505+0000] {processor.py:161} INFO - Started process (PID=230) to work on /home/airflow/.local/lib/python3.11/site-packages/airflow/example_dags/tutorial_taskflow_api.py
[2024-10-29T17:09:26.506+0000] {processor.py:830} INFO - Processing file /home/airflow/.local/lib/python3.11/site-packages/airflow/example_dags/tutorial_taskflow_api.py for tasks to queue
[2024-10-29T17:09:26.508+0000] {logging_mixin.py:188} INFO - [2024-10-29T17:09:26.507+0000] {dagbag.py:545} INFO - Filling up the DagBag from /home/airflow/.local/lib/python3.11/site-packages/airflow/example_dags/tutorial_taskflow_api.py
[2024-10-29T17:09:26.516+0000] {processor.py:840} INFO - DAG(s) 'tutorial_taskflow_api' retrieved from /home/airflow/.local/lib/python3.11/site-packages/airflow/example_dags/tutorial_taskflow_api.py
[2024-10-29T17:09:26.530+0000] {logging_mixin.py:188} INFO - [2024-10-29T17:09:26.529+0000] {dag.py:3096} INFO - Sync 1 DAGs
[2024-10-29T17:09:26.542+0000] {logging_mixin.py:188} INFO - [2024-10-29T17:09:26.542+0000] {dag.py:3954} INFO - Setting next_dagrun for tutorial_taskflow_api to None, run_after=None
[2024-10-29T17:09:26.567+0000] {processor.py:183} INFO - Processing /home/airflow/.local/lib/python3.11/site-packages/airflow/example_dags/tutorial_taskflow_api.py took 0.069 seconds
[2024-10-29T17:09:57.504+0000] {processor.py:161} INFO - Started process (PID=492) to work on /home/airflow/.local/lib/python3.11/site-packages/airflow/example_dags/tutorial_taskflow_api.py
[2024-10-29T17:09:57.505+0000] {processor.py:830} INFO - Processing file /home/airflow/.local/lib/python3.11/site-packages/airflow/example_dags/tutorial_taskflow_api.py for tasks to queue
[2024-10-29T17:09:57.507+0000] {logging_mixin.py:188} INFO - [2024-10-29T17:09:57.507+0000] {dagbag.py:545} INFO - Filling up the DagBag from /home/airflow/.local/lib/python3.11/site-packages/airflow/example_dags/tutorial_taskflow_api.py
[2024-10-29T17:09:57.514+0000] {processor.py:840} INFO - DAG(s) 'tutorial_taskflow_api' retrieved from /home/airflow/.local/lib/python3.11/site-packages/airflow/example_dags/tutorial_taskflow_api.py
[2024-10-29T17:09:57.639+0000] {logging_mixin.py:188} INFO - [2024-10-29T17:09:57.638+0000] {dag.py:3096} INFO - Sync 1 DAGs
[2024-10-29T17:09:57.651+0000] {logging_mixin.py:188} INFO - [2024-10-29T17:09:57.651+0000] {dag.py:3954} INFO - Setting next_dagrun for tutorial_taskflow_api to None, run_after=None
[2024-10-29T17:09:57.675+0000] {processor.py:183} INFO - Processing /home/airflow/.local/lib/python3.11/site-packages/airflow/example_dags/tutorial_taskflow_api.py took 0.178 seconds
[2024-10-29T17:10:29.331+0000] {processor.py:161} INFO - Started process (PID=754) to work on /home/airflow/.local/lib/python3.11/site-packages/airflow/example_dags/tutorial_taskflow_api.py
[2024-10-29T17:10:29.332+0000] {processor.py:830} INFO - Processing file /home/airflow/.local/lib/python3.11/site-packages/airflow/example_dags/tutorial_taskflow_api.py for tasks to queue
[2024-10-29T17:10:29.334+0000] {logging_mixin.py:188} INFO - [2024-10-29T17:10:29.333+0000] {dagbag.py:545} INFO - Filling up the DagBag from /home/airflow/.local/lib/python3.11/site-packages/airflow/example_dags/tutorial_taskflow_api.py
[2024-10-29T17:10:29.340+0000] {processor.py:840} INFO - DAG(s) 'tutorial_taskflow_api' retrieved from /home/airflow/.local/lib/python3.11/site-packages/airflow/example_dags/tutorial_taskflow_api.py
[2024-10-29T17:10:29.362+0000] {logging_mixin.py:188} INFO - [2024-10-29T17:10:29.361+0000] {dag.py:3096} INFO - Sync 1 DAGs
[2024-10-29T17:10:29.374+0000] {logging_mixin.py:188} INFO - [2024-10-29T17:10:29.373+0000] {dag.py:3954} INFO - Setting next_dagrun for tutorial_taskflow_api to None, run_after=None
[2024-10-29T17:10:29.395+0000] {processor.py:183} INFO - Processing /home/airflow/.local/lib/python3.11/site-packages/airflow/example_dags/tutorial_taskflow_api.py took 0.072 seconds
[2024-10-29T17:10:59.700+0000] {processor.py:161} INFO - Started process (PID=1016) to work on /home/airflow/.local/lib/python3.11/site-packages/airflow/example_dags/tutorial_taskflow_api.py
[2024-10-29T17:10:59.701+0000] {processor.py:830} INFO - Processing file /home/airflow/.local/lib/python3.11/site-packages/airflow/example_dags/tutorial_taskflow_api.py for tasks to queue
[2024-10-29T17:10:59.703+0000] {logging_mixin.py:188} INFO - [2024-10-29T17:10:59.702+0000] {dagbag.py:545} INFO - Filling up the DagBag from /home/airflow/.local/lib/python3.11/site-packages/airflow/example_dags/tutorial_taskflow_api.py
[2024-10-29T17:10:59.710+0000] {processor.py:840} INFO - DAG(s) 'tutorial_taskflow_api' retrieved from /home/airflow/.local/lib/python3.11/site-packages/airflow/example_dags/tutorial_taskflow_api.py
[2024-10-29T17:10:59.738+0000] {logging_mixin.py:188} INFO - [2024-10-29T17:10:59.737+0000] {dag.py:3096} INFO - Sync 1 DAGs
[2024-10-29T17:10:59.751+0000] {logging_mixin.py:188} INFO - [2024-10-29T17:10:59.751+0000] {dag.py:3954} INFO - Setting next_dagrun for tutorial_taskflow_api to None, run_after=None
[2024-10-29T17:10:59.785+0000] {processor.py:183} INFO - Processing /home/airflow/.local/lib/python3.11/site-packages/airflow/example_dags/tutorial_taskflow_api.py took 0.092 seconds
[2024-10-29T17:11:30.102+0000] {processor.py:161} INFO - Started process (PID=1278) to work on /home/airflow/.local/lib/python3.11/site-packages/airflow/example_dags/tutorial_taskflow_api.py
[2024-10-29T17:11:30.103+0000] {processor.py:830} INFO - Processing file /home/airflow/.local/lib/python3.11/site-packages/airflow/example_dags/tutorial_taskflow_api.py for tasks to queue
[2024-10-29T17:11:30.105+0000] {logging_mixin.py:188} INFO - [2024-10-29T17:11:30.105+0000] {dagbag.py:545} INFO - Filling up the DagBag from /home/airflow/.local/lib/python3.11/site-packages/airflow/example_dags/tutorial_taskflow_api.py
[2024-10-29T17:11:30.112+0000] {processor.py:840} INFO - DAG(s) 'tutorial_taskflow_api' retrieved from /home/airflow/.local/lib/python3.11/site-packages/airflow/example_dags/tutorial_taskflow_api.py
[2024-10-29T17:11:30.135+0000] {logging_mixin.py:188} INFO - [2024-10-29T17:11:30.135+0000] {dag.py:3096} INFO - Sync 1 DAGs
[2024-10-29T17:11:30.146+0000] {logging_mixin.py:188} INFO - [2024-10-29T17:11:30.146+0000] {dag.py:3954} INFO - Setting next_dagrun for tutorial_taskflow_api to None, run_after=None
[2024-10-29T17:11:30.168+0000] {processor.py:183} INFO - Processing /home/airflow/.local/lib/python3.11/site-packages/airflow/example_dags/tutorial_taskflow_api.py took 0.073 seconds
[2024-10-29T17:12:01.033+0000] {processor.py:161} INFO - Started process (PID=1546) to work on /home/airflow/.local/lib/python3.11/site-packages/airflow/example_dags/tutorial_taskflow_api.py
[2024-10-29T17:12:01.034+0000] {processor.py:830} INFO - Processing file /home/airflow/.local/lib/python3.11/site-packages/airflow/example_dags/tutorial_taskflow_api.py for tasks to queue
[2024-10-29T17:12:01.036+0000] {logging_mixin.py:188} INFO - [2024-10-29T17:12:01.036+0000] {dagbag.py:545} INFO - Filling up the DagBag from /home/airflow/.local/lib/python3.11/site-packages/airflow/example_dags/tutorial_taskflow_api.py
[2024-10-29T17:12:01.042+0000] {processor.py:840} INFO - DAG(s) 'tutorial_taskflow_api' retrieved from /home/airflow/.local/lib/python3.11/site-packages/airflow/example_dags/tutorial_taskflow_api.py
[2024-10-29T17:12:01.060+0000] {logging_mixin.py:188} INFO - [2024-10-29T17:12:01.060+0000] {dag.py:3096} INFO - Sync 1 DAGs
[2024-10-29T17:12:01.073+0000] {logging_mixin.py:188} INFO - [2024-10-29T17:12:01.073+0000] {dag.py:3954} INFO - Setting next_dagrun for tutorial_taskflow_api to None, run_after=None
[2024-10-29T17:12:01.092+0000] {processor.py:183} INFO - Processing /home/airflow/.local/lib/python3.11/site-packages/airflow/example_dags/tutorial_taskflow_api.py took 0.064 seconds
[2024-10-29T17:12:31.468+0000] {processor.py:161} INFO - Started process (PID=1808) to work on /home/airflow/.local/lib/python3.11/site-packages/airflow/example_dags/tutorial_taskflow_api.py
[2024-10-29T17:12:31.469+0000] {processor.py:830} INFO - Processing file /home/airflow/.local/lib/python3.11/site-packages/airflow/example_dags/tutorial_taskflow_api.py for tasks to queue
[2024-10-29T17:12:31.471+0000] {logging_mixin.py:188} INFO - [2024-10-29T17:12:31.470+0000] {dagbag.py:545} INFO - Filling up the DagBag from /home/airflow/.local/lib/python3.11/site-packages/airflow/example_dags/tutorial_taskflow_api.py
[2024-10-29T17:12:31.479+0000] {processor.py:840} INFO - DAG(s) 'tutorial_taskflow_api' retrieved from /home/airflow/.local/lib/python3.11/site-packages/airflow/example_dags/tutorial_taskflow_api.py
[2024-10-29T17:12:31.499+0000] {logging_mixin.py:188} INFO - [2024-10-29T17:12:31.498+0000] {dag.py:3096} INFO - Sync 1 DAGs
[2024-10-29T17:12:31.511+0000] {logging_mixin.py:188} INFO - [2024-10-29T17:12:31.511+0000] {dag.py:3954} INFO - Setting next_dagrun for tutorial_taskflow_api to None, run_after=None
[2024-10-29T17:12:31.536+0000] {processor.py:183} INFO - Processing /home/airflow/.local/lib/python3.11/site-packages/airflow/example_dags/tutorial_taskflow_api.py took 0.073 seconds
