[2024-11-03T09:41:05.897+0000] {processor.py:161} INFO - Started process (PID=325) to work on /home/airflow/.local/lib/python3.11/site-packages/airflow/example_dags/example_xcom.py
[2024-11-03T09:41:05.898+0000] {processor.py:830} INFO - Processing file /home/airflow/.local/lib/python3.11/site-packages/airflow/example_dags/example_xcom.py for tasks to queue
[2024-11-03T09:41:05.899+0000] {logging_mixin.py:188} INFO - [2024-11-03T09:41:05.899+0000] {dagbag.py:545} INFO - Filling up the DagBag from /home/airflow/.local/lib/python3.11/site-packages/airflow/example_dags/example_xcom.py
[2024-11-03T09:41:05.909+0000] {processor.py:840} INFO - DAG(s) 'example_xcom' retrieved from /home/airflow/.local/lib/python3.11/site-packages/airflow/example_dags/example_xcom.py
[2024-11-03T09:41:05.922+0000] {logging_mixin.py:188} INFO - [2024-11-03T09:41:05.922+0000] {dag.py:3096} INFO - Sync 1 DAGs
[2024-11-03T09:41:05.945+0000] {logging_mixin.py:188} INFO - [2024-11-03T09:41:05.944+0000] {dag.py:3954} INFO - Setting next_dagrun for example_xcom to 2021-01-01 00:00:00+00:00, run_after=2021-01-01 00:00:00+00:00
[2024-11-03T09:41:05.963+0000] {processor.py:183} INFO - Processing /home/airflow/.local/lib/python3.11/site-packages/airflow/example_dags/example_xcom.py took 0.071 seconds
[2024-11-03T09:41:37.293+0000] {processor.py:161} INFO - Started process (PID=591) to work on /home/airflow/.local/lib/python3.11/site-packages/airflow/example_dags/example_xcom.py
[2024-11-03T09:41:37.294+0000] {processor.py:830} INFO - Processing file /home/airflow/.local/lib/python3.11/site-packages/airflow/example_dags/example_xcom.py for tasks to queue
[2024-11-03T09:41:37.295+0000] {logging_mixin.py:188} INFO - [2024-11-03T09:41:37.295+0000] {dagbag.py:545} INFO - Filling up the DagBag from /home/airflow/.local/lib/python3.11/site-packages/airflow/example_dags/example_xcom.py
[2024-11-03T09:41:37.302+0000] {processor.py:840} INFO - DAG(s) 'example_xcom' retrieved from /home/airflow/.local/lib/python3.11/site-packages/airflow/example_dags/example_xcom.py
[2024-11-03T09:41:37.382+0000] {logging_mixin.py:188} INFO - [2024-11-03T09:41:37.382+0000] {dag.py:3096} INFO - Sync 1 DAGs
[2024-11-03T09:41:37.396+0000] {logging_mixin.py:188} INFO - [2024-11-03T09:41:37.396+0000] {dag.py:3954} INFO - Setting next_dagrun for example_xcom to 2021-01-01 00:00:00+00:00, run_after=2021-01-01 00:00:00+00:00
[2024-11-03T09:41:37.413+0000] {processor.py:183} INFO - Processing /home/airflow/.local/lib/python3.11/site-packages/airflow/example_dags/example_xcom.py took 0.124 seconds
[2024-11-03T09:42:07.781+0000] {processor.py:161} INFO - Started process (PID=857) to work on /home/airflow/.local/lib/python3.11/site-packages/airflow/example_dags/example_xcom.py
[2024-11-03T09:42:07.782+0000] {processor.py:830} INFO - Processing file /home/airflow/.local/lib/python3.11/site-packages/airflow/example_dags/example_xcom.py for tasks to queue
[2024-11-03T09:42:07.783+0000] {logging_mixin.py:188} INFO - [2024-11-03T09:42:07.783+0000] {dagbag.py:545} INFO - Filling up the DagBag from /home/airflow/.local/lib/python3.11/site-packages/airflow/example_dags/example_xcom.py
[2024-11-03T09:42:07.790+0000] {processor.py:840} INFO - DAG(s) 'example_xcom' retrieved from /home/airflow/.local/lib/python3.11/site-packages/airflow/example_dags/example_xcom.py
[2024-11-03T09:42:07.809+0000] {logging_mixin.py:188} INFO - [2024-11-03T09:42:07.808+0000] {dag.py:3096} INFO - Sync 1 DAGs
[2024-11-03T09:42:07.826+0000] {logging_mixin.py:188} INFO - [2024-11-03T09:42:07.826+0000] {dag.py:3954} INFO - Setting next_dagrun for example_xcom to 2021-01-01 00:00:00+00:00, run_after=2021-01-01 00:00:00+00:00
[2024-11-03T09:42:07.843+0000] {processor.py:183} INFO - Processing /home/airflow/.local/lib/python3.11/site-packages/airflow/example_dags/example_xcom.py took 0.068 seconds
[2024-11-03T09:42:38.028+0000] {processor.py:161} INFO - Started process (PID=1123) to work on /home/airflow/.local/lib/python3.11/site-packages/airflow/example_dags/example_xcom.py
[2024-11-03T09:42:38.029+0000] {processor.py:830} INFO - Processing file /home/airflow/.local/lib/python3.11/site-packages/airflow/example_dags/example_xcom.py for tasks to queue
[2024-11-03T09:42:38.031+0000] {logging_mixin.py:188} INFO - [2024-11-03T09:42:38.031+0000] {dagbag.py:545} INFO - Filling up the DagBag from /home/airflow/.local/lib/python3.11/site-packages/airflow/example_dags/example_xcom.py
[2024-11-03T09:42:38.038+0000] {processor.py:840} INFO - DAG(s) 'example_xcom' retrieved from /home/airflow/.local/lib/python3.11/site-packages/airflow/example_dags/example_xcom.py
[2024-11-03T09:42:38.057+0000] {logging_mixin.py:188} INFO - [2024-11-03T09:42:38.056+0000] {dag.py:3096} INFO - Sync 1 DAGs
[2024-11-03T09:42:38.076+0000] {logging_mixin.py:188} INFO - [2024-11-03T09:42:38.076+0000] {dag.py:3954} INFO - Setting next_dagrun for example_xcom to 2021-01-01 00:00:00+00:00, run_after=2021-01-01 00:00:00+00:00
[2024-11-03T09:42:38.095+0000] {processor.py:183} INFO - Processing /home/airflow/.local/lib/python3.11/site-packages/airflow/example_dags/example_xcom.py took 0.072 seconds
[2024-11-03T09:43:08.479+0000] {processor.py:161} INFO - Started process (PID=1394) to work on /home/airflow/.local/lib/python3.11/site-packages/airflow/example_dags/example_xcom.py
[2024-11-03T09:43:08.480+0000] {processor.py:830} INFO - Processing file /home/airflow/.local/lib/python3.11/site-packages/airflow/example_dags/example_xcom.py for tasks to queue
[2024-11-03T09:43:08.481+0000] {logging_mixin.py:188} INFO - [2024-11-03T09:43:08.481+0000] {dagbag.py:545} INFO - Filling up the DagBag from /home/airflow/.local/lib/python3.11/site-packages/airflow/example_dags/example_xcom.py
[2024-11-03T09:43:08.488+0000] {processor.py:840} INFO - DAG(s) 'example_xcom' retrieved from /home/airflow/.local/lib/python3.11/site-packages/airflow/example_dags/example_xcom.py
[2024-11-03T09:43:08.505+0000] {logging_mixin.py:188} INFO - [2024-11-03T09:43:08.505+0000] {dag.py:3096} INFO - Sync 1 DAGs
[2024-11-03T09:43:08.522+0000] {logging_mixin.py:188} INFO - [2024-11-03T09:43:08.522+0000] {dag.py:3954} INFO - Setting next_dagrun for example_xcom to 2021-01-01 00:00:00+00:00, run_after=2021-01-01 00:00:00+00:00
[2024-11-03T09:43:08.538+0000] {processor.py:183} INFO - Processing /home/airflow/.local/lib/python3.11/site-packages/airflow/example_dags/example_xcom.py took 0.064 seconds
[2024-11-03T09:43:39.365+0000] {processor.py:161} INFO - Started process (PID=1670) to work on /home/airflow/.local/lib/python3.11/site-packages/airflow/example_dags/example_xcom.py
[2024-11-03T09:43:39.366+0000] {processor.py:830} INFO - Processing file /home/airflow/.local/lib/python3.11/site-packages/airflow/example_dags/example_xcom.py for tasks to queue
[2024-11-03T09:43:39.367+0000] {logging_mixin.py:188} INFO - [2024-11-03T09:43:39.367+0000] {dagbag.py:545} INFO - Filling up the DagBag from /home/airflow/.local/lib/python3.11/site-packages/airflow/example_dags/example_xcom.py
[2024-11-03T09:43:39.373+0000] {processor.py:840} INFO - DAG(s) 'example_xcom' retrieved from /home/airflow/.local/lib/python3.11/site-packages/airflow/example_dags/example_xcom.py
[2024-11-03T09:43:39.390+0000] {logging_mixin.py:188} INFO - [2024-11-03T09:43:39.390+0000] {dag.py:3096} INFO - Sync 1 DAGs
[2024-11-03T09:43:39.407+0000] {logging_mixin.py:188} INFO - [2024-11-03T09:43:39.407+0000] {dag.py:3954} INFO - Setting next_dagrun for example_xcom to 2021-01-01 00:00:00+00:00, run_after=2021-01-01 00:00:00+00:00
[2024-11-03T09:43:39.426+0000] {processor.py:183} INFO - Processing /home/airflow/.local/lib/python3.11/site-packages/airflow/example_dags/example_xcom.py took 0.066 seconds
[2024-11-03T09:44:10.106+0000] {processor.py:161} INFO - Started process (PID=1936) to work on /home/airflow/.local/lib/python3.11/site-packages/airflow/example_dags/example_xcom.py
[2024-11-03T09:44:10.106+0000] {processor.py:830} INFO - Processing file /home/airflow/.local/lib/python3.11/site-packages/airflow/example_dags/example_xcom.py for tasks to queue
[2024-11-03T09:44:10.108+0000] {logging_mixin.py:188} INFO - [2024-11-03T09:44:10.108+0000] {dagbag.py:545} INFO - Filling up the DagBag from /home/airflow/.local/lib/python3.11/site-packages/airflow/example_dags/example_xcom.py
[2024-11-03T09:44:10.115+0000] {processor.py:840} INFO - DAG(s) 'example_xcom' retrieved from /home/airflow/.local/lib/python3.11/site-packages/airflow/example_dags/example_xcom.py
[2024-11-03T09:44:10.135+0000] {logging_mixin.py:188} INFO - [2024-11-03T09:44:10.135+0000] {dag.py:3096} INFO - Sync 1 DAGs
[2024-11-03T09:44:10.155+0000] {logging_mixin.py:188} INFO - [2024-11-03T09:44:10.155+0000] {dag.py:3954} INFO - Setting next_dagrun for example_xcom to 2021-01-01 00:00:00+00:00, run_after=2021-01-01 00:00:00+00:00
[2024-11-03T09:44:10.170+0000] {processor.py:183} INFO - Processing /home/airflow/.local/lib/python3.11/site-packages/airflow/example_dags/example_xcom.py took 0.069 seconds
[2024-11-03T09:44:40.342+0000] {processor.py:161} INFO - Started process (PID=2227) to work on /home/airflow/.local/lib/python3.11/site-packages/airflow/example_dags/example_xcom.py
[2024-11-03T09:44:40.343+0000] {processor.py:830} INFO - Processing file /home/airflow/.local/lib/python3.11/site-packages/airflow/example_dags/example_xcom.py for tasks to queue
[2024-11-03T09:44:40.345+0000] {logging_mixin.py:188} INFO - [2024-11-03T09:44:40.344+0000] {dagbag.py:545} INFO - Filling up the DagBag from /home/airflow/.local/lib/python3.11/site-packages/airflow/example_dags/example_xcom.py
[2024-11-03T09:44:40.351+0000] {processor.py:840} INFO - DAG(s) 'example_xcom' retrieved from /home/airflow/.local/lib/python3.11/site-packages/airflow/example_dags/example_xcom.py
[2024-11-03T09:44:40.368+0000] {logging_mixin.py:188} INFO - [2024-11-03T09:44:40.368+0000] {dag.py:3096} INFO - Sync 1 DAGs
[2024-11-03T09:44:40.386+0000] {logging_mixin.py:188} INFO - [2024-11-03T09:44:40.385+0000] {dag.py:3954} INFO - Setting next_dagrun for example_xcom to 2021-01-01 00:00:00+00:00, run_after=2021-01-01 00:00:00+00:00
[2024-11-03T09:44:40.404+0000] {processor.py:183} INFO - Processing /home/airflow/.local/lib/python3.11/site-packages/airflow/example_dags/example_xcom.py took 0.067 seconds
[2024-11-03T09:45:10.483+0000] {processor.py:161} INFO - Started process (PID=2508) to work on /home/airflow/.local/lib/python3.11/site-packages/airflow/example_dags/example_xcom.py
[2024-11-03T09:45:10.484+0000] {processor.py:830} INFO - Processing file /home/airflow/.local/lib/python3.11/site-packages/airflow/example_dags/example_xcom.py for tasks to queue
[2024-11-03T09:45:10.486+0000] {logging_mixin.py:188} INFO - [2024-11-03T09:45:10.486+0000] {dagbag.py:545} INFO - Filling up the DagBag from /home/airflow/.local/lib/python3.11/site-packages/airflow/example_dags/example_xcom.py
[2024-11-03T09:45:10.492+0000] {processor.py:840} INFO - DAG(s) 'example_xcom' retrieved from /home/airflow/.local/lib/python3.11/site-packages/airflow/example_dags/example_xcom.py
[2024-11-03T09:45:10.510+0000] {logging_mixin.py:188} INFO - [2024-11-03T09:45:10.510+0000] {dag.py:3096} INFO - Sync 1 DAGs
[2024-11-03T09:45:10.527+0000] {logging_mixin.py:188} INFO - [2024-11-03T09:45:10.527+0000] {dag.py:3954} INFO - Setting next_dagrun for example_xcom to 2021-01-01 00:00:00+00:00, run_after=2021-01-01 00:00:00+00:00
[2024-11-03T09:45:10.544+0000] {processor.py:183} INFO - Processing /home/airflow/.local/lib/python3.11/site-packages/airflow/example_dags/example_xcom.py took 0.066 seconds
[2024-11-03T09:45:40.669+0000] {processor.py:161} INFO - Started process (PID=2779) to work on /home/airflow/.local/lib/python3.11/site-packages/airflow/example_dags/example_xcom.py
[2024-11-03T09:45:40.669+0000] {processor.py:830} INFO - Processing file /home/airflow/.local/lib/python3.11/site-packages/airflow/example_dags/example_xcom.py for tasks to queue
[2024-11-03T09:45:40.671+0000] {logging_mixin.py:188} INFO - [2024-11-03T09:45:40.671+0000] {dagbag.py:545} INFO - Filling up the DagBag from /home/airflow/.local/lib/python3.11/site-packages/airflow/example_dags/example_xcom.py
[2024-11-03T09:45:40.677+0000] {processor.py:840} INFO - DAG(s) 'example_xcom' retrieved from /home/airflow/.local/lib/python3.11/site-packages/airflow/example_dags/example_xcom.py
[2024-11-03T09:45:40.694+0000] {logging_mixin.py:188} INFO - [2024-11-03T09:45:40.694+0000] {dag.py:3096} INFO - Sync 1 DAGs
[2024-11-03T09:45:40.711+0000] {logging_mixin.py:188} INFO - [2024-11-03T09:45:40.711+0000] {dag.py:3954} INFO - Setting next_dagrun for example_xcom to 2021-01-01 00:00:00+00:00, run_after=2021-01-01 00:00:00+00:00
[2024-11-03T09:45:40.729+0000] {processor.py:183} INFO - Processing /home/airflow/.local/lib/python3.11/site-packages/airflow/example_dags/example_xcom.py took 0.065 seconds
[2024-11-03T09:46:11.686+0000] {processor.py:161} INFO - Started process (PID=3055) to work on /home/airflow/.local/lib/python3.11/site-packages/airflow/example_dags/example_xcom.py
[2024-11-03T09:46:11.687+0000] {processor.py:830} INFO - Processing file /home/airflow/.local/lib/python3.11/site-packages/airflow/example_dags/example_xcom.py for tasks to queue
[2024-11-03T09:46:11.688+0000] {logging_mixin.py:188} INFO - [2024-11-03T09:46:11.688+0000] {dagbag.py:545} INFO - Filling up the DagBag from /home/airflow/.local/lib/python3.11/site-packages/airflow/example_dags/example_xcom.py
[2024-11-03T09:46:11.696+0000] {processor.py:840} INFO - DAG(s) 'example_xcom' retrieved from /home/airflow/.local/lib/python3.11/site-packages/airflow/example_dags/example_xcom.py
[2024-11-03T09:46:11.721+0000] {logging_mixin.py:188} INFO - [2024-11-03T09:46:11.721+0000] {dag.py:3096} INFO - Sync 1 DAGs
[2024-11-03T09:46:11.740+0000] {logging_mixin.py:188} INFO - [2024-11-03T09:46:11.740+0000] {dag.py:3954} INFO - Setting next_dagrun for example_xcom to 2021-01-01 00:00:00+00:00, run_after=2021-01-01 00:00:00+00:00
[2024-11-03T09:46:11.756+0000] {processor.py:183} INFO - Processing /home/airflow/.local/lib/python3.11/site-packages/airflow/example_dags/example_xcom.py took 0.075 seconds
[2024-11-03T09:46:41.884+0000] {processor.py:161} INFO - Started process (PID=3351) to work on /home/airflow/.local/lib/python3.11/site-packages/airflow/example_dags/example_xcom.py
[2024-11-03T09:46:41.885+0000] {processor.py:830} INFO - Processing file /home/airflow/.local/lib/python3.11/site-packages/airflow/example_dags/example_xcom.py for tasks to queue
[2024-11-03T09:46:41.888+0000] {logging_mixin.py:188} INFO - [2024-11-03T09:46:41.887+0000] {dagbag.py:545} INFO - Filling up the DagBag from /home/airflow/.local/lib/python3.11/site-packages/airflow/example_dags/example_xcom.py
[2024-11-03T09:46:41.896+0000] {processor.py:840} INFO - DAG(s) 'example_xcom' retrieved from /home/airflow/.local/lib/python3.11/site-packages/airflow/example_dags/example_xcom.py
[2024-11-03T09:46:41.915+0000] {logging_mixin.py:188} INFO - [2024-11-03T09:46:41.915+0000] {dag.py:3096} INFO - Sync 1 DAGs
[2024-11-03T09:46:41.932+0000] {logging_mixin.py:188} INFO - [2024-11-03T09:46:41.932+0000] {dag.py:3954} INFO - Setting next_dagrun for example_xcom to 2021-01-01 00:00:00+00:00, run_after=2021-01-01 00:00:00+00:00
[2024-11-03T09:46:41.950+0000] {processor.py:183} INFO - Processing /home/airflow/.local/lib/python3.11/site-packages/airflow/example_dags/example_xcom.py took 0.075 seconds
[2024-11-03T09:47:12.907+0000] {processor.py:161} INFO - Started process (PID=3617) to work on /home/airflow/.local/lib/python3.11/site-packages/airflow/example_dags/example_xcom.py
[2024-11-03T09:47:12.908+0000] {processor.py:830} INFO - Processing file /home/airflow/.local/lib/python3.11/site-packages/airflow/example_dags/example_xcom.py for tasks to queue
[2024-11-03T09:47:12.910+0000] {logging_mixin.py:188} INFO - [2024-11-03T09:47:12.909+0000] {dagbag.py:545} INFO - Filling up the DagBag from /home/airflow/.local/lib/python3.11/site-packages/airflow/example_dags/example_xcom.py
[2024-11-03T09:47:12.917+0000] {processor.py:840} INFO - DAG(s) 'example_xcom' retrieved from /home/airflow/.local/lib/python3.11/site-packages/airflow/example_dags/example_xcom.py
[2024-11-03T09:47:12.935+0000] {logging_mixin.py:188} INFO - [2024-11-03T09:47:12.935+0000] {dag.py:3096} INFO - Sync 1 DAGs
[2024-11-03T09:47:12.953+0000] {logging_mixin.py:188} INFO - [2024-11-03T09:47:12.953+0000] {dag.py:3954} INFO - Setting next_dagrun for example_xcom to 2021-01-01 00:00:00+00:00, run_after=2021-01-01 00:00:00+00:00
[2024-11-03T09:47:12.975+0000] {processor.py:183} INFO - Processing /home/airflow/.local/lib/python3.11/site-packages/airflow/example_dags/example_xcom.py took 0.073 seconds
[2024-11-03T09:47:43.890+0000] {processor.py:161} INFO - Started process (PID=3883) to work on /home/airflow/.local/lib/python3.11/site-packages/airflow/example_dags/example_xcom.py
[2024-11-03T09:47:43.891+0000] {processor.py:830} INFO - Processing file /home/airflow/.local/lib/python3.11/site-packages/airflow/example_dags/example_xcom.py for tasks to queue
[2024-11-03T09:47:43.892+0000] {logging_mixin.py:188} INFO - [2024-11-03T09:47:43.892+0000] {dagbag.py:545} INFO - Filling up the DagBag from /home/airflow/.local/lib/python3.11/site-packages/airflow/example_dags/example_xcom.py
[2024-11-03T09:47:43.899+0000] {processor.py:840} INFO - DAG(s) 'example_xcom' retrieved from /home/airflow/.local/lib/python3.11/site-packages/airflow/example_dags/example_xcom.py
[2024-11-03T09:47:43.918+0000] {logging_mixin.py:188} INFO - [2024-11-03T09:47:43.917+0000] {dag.py:3096} INFO - Sync 1 DAGs
[2024-11-03T09:47:43.935+0000] {logging_mixin.py:188} INFO - [2024-11-03T09:47:43.935+0000] {dag.py:3954} INFO - Setting next_dagrun for example_xcom to 2021-01-01 00:00:00+00:00, run_after=2021-01-01 00:00:00+00:00
[2024-11-03T09:47:43.953+0000] {processor.py:183} INFO - Processing /home/airflow/.local/lib/python3.11/site-packages/airflow/example_dags/example_xcom.py took 0.068 seconds
[2024-11-03T09:48:14.154+0000] {processor.py:161} INFO - Started process (PID=4154) to work on /home/airflow/.local/lib/python3.11/site-packages/airflow/example_dags/example_xcom.py
[2024-11-03T09:48:14.155+0000] {processor.py:830} INFO - Processing file /home/airflow/.local/lib/python3.11/site-packages/airflow/example_dags/example_xcom.py for tasks to queue
[2024-11-03T09:48:14.156+0000] {logging_mixin.py:188} INFO - [2024-11-03T09:48:14.156+0000] {dagbag.py:545} INFO - Filling up the DagBag from /home/airflow/.local/lib/python3.11/site-packages/airflow/example_dags/example_xcom.py
[2024-11-03T09:48:14.163+0000] {processor.py:840} INFO - DAG(s) 'example_xcom' retrieved from /home/airflow/.local/lib/python3.11/site-packages/airflow/example_dags/example_xcom.py
[2024-11-03T09:48:14.184+0000] {logging_mixin.py:188} INFO - [2024-11-03T09:48:14.184+0000] {dag.py:3096} INFO - Sync 1 DAGs
[2024-11-03T09:48:14.201+0000] {logging_mixin.py:188} INFO - [2024-11-03T09:48:14.201+0000] {dag.py:3954} INFO - Setting next_dagrun for example_xcom to 2021-01-01 00:00:00+00:00, run_after=2021-01-01 00:00:00+00:00
[2024-11-03T09:48:14.221+0000] {processor.py:183} INFO - Processing /home/airflow/.local/lib/python3.11/site-packages/airflow/example_dags/example_xcom.py took 0.071 seconds
[2024-11-03T09:48:45.187+0000] {processor.py:161} INFO - Started process (PID=4427) to work on /home/airflow/.local/lib/python3.11/site-packages/airflow/example_dags/example_xcom.py
[2024-11-03T09:48:45.188+0000] {processor.py:830} INFO - Processing file /home/airflow/.local/lib/python3.11/site-packages/airflow/example_dags/example_xcom.py for tasks to queue
[2024-11-03T09:48:45.189+0000] {logging_mixin.py:188} INFO - [2024-11-03T09:48:45.189+0000] {dagbag.py:545} INFO - Filling up the DagBag from /home/airflow/.local/lib/python3.11/site-packages/airflow/example_dags/example_xcom.py
[2024-11-03T09:48:45.196+0000] {processor.py:840} INFO - DAG(s) 'example_xcom' retrieved from /home/airflow/.local/lib/python3.11/site-packages/airflow/example_dags/example_xcom.py
[2024-11-03T09:48:45.217+0000] {logging_mixin.py:188} INFO - [2024-11-03T09:48:45.217+0000] {dag.py:3096} INFO - Sync 1 DAGs
[2024-11-03T09:48:45.237+0000] {logging_mixin.py:188} INFO - [2024-11-03T09:48:45.237+0000] {dag.py:3954} INFO - Setting next_dagrun for example_xcom to 2021-01-01 00:00:00+00:00, run_after=2021-01-01 00:00:00+00:00
[2024-11-03T09:48:45.255+0000] {processor.py:183} INFO - Processing /home/airflow/.local/lib/python3.11/site-packages/airflow/example_dags/example_xcom.py took 0.075 seconds
[2024-11-03T09:49:16.008+0000] {processor.py:161} INFO - Started process (PID=4709) to work on /home/airflow/.local/lib/python3.11/site-packages/airflow/example_dags/example_xcom.py
[2024-11-03T09:49:16.009+0000] {processor.py:830} INFO - Processing file /home/airflow/.local/lib/python3.11/site-packages/airflow/example_dags/example_xcom.py for tasks to queue
[2024-11-03T09:49:16.009+0000] {logging_mixin.py:188} INFO - [2024-11-03T09:49:16.009+0000] {dagbag.py:545} INFO - Filling up the DagBag from /home/airflow/.local/lib/python3.11/site-packages/airflow/example_dags/example_xcom.py
[2024-11-03T09:49:16.016+0000] {processor.py:840} INFO - DAG(s) 'example_xcom' retrieved from /home/airflow/.local/lib/python3.11/site-packages/airflow/example_dags/example_xcom.py
[2024-11-03T09:49:16.034+0000] {logging_mixin.py:188} INFO - [2024-11-03T09:49:16.033+0000] {dag.py:3096} INFO - Sync 1 DAGs
[2024-11-03T09:49:16.049+0000] {logging_mixin.py:188} INFO - [2024-11-03T09:49:16.049+0000] {dag.py:3954} INFO - Setting next_dagrun for example_xcom to 2021-01-01 00:00:00+00:00, run_after=2021-01-01 00:00:00+00:00
[2024-11-03T09:49:16.066+0000] {processor.py:183} INFO - Processing /home/airflow/.local/lib/python3.11/site-packages/airflow/example_dags/example_xcom.py took 0.063 seconds
[2024-11-03T09:49:46.200+0000] {processor.py:161} INFO - Started process (PID=4975) to work on /home/airflow/.local/lib/python3.11/site-packages/airflow/example_dags/example_xcom.py
[2024-11-03T09:49:46.201+0000] {processor.py:830} INFO - Processing file /home/airflow/.local/lib/python3.11/site-packages/airflow/example_dags/example_xcom.py for tasks to queue
[2024-11-03T09:49:46.201+0000] {logging_mixin.py:188} INFO - [2024-11-03T09:49:46.201+0000] {dagbag.py:545} INFO - Filling up the DagBag from /home/airflow/.local/lib/python3.11/site-packages/airflow/example_dags/example_xcom.py
[2024-11-03T09:49:46.208+0000] {processor.py:840} INFO - DAG(s) 'example_xcom' retrieved from /home/airflow/.local/lib/python3.11/site-packages/airflow/example_dags/example_xcom.py
[2024-11-03T09:49:46.230+0000] {logging_mixin.py:188} INFO - [2024-11-03T09:49:46.230+0000] {dag.py:3096} INFO - Sync 1 DAGs
[2024-11-03T09:49:46.249+0000] {logging_mixin.py:188} INFO - [2024-11-03T09:49:46.248+0000] {dag.py:3954} INFO - Setting next_dagrun for example_xcom to 2021-01-01 00:00:00+00:00, run_after=2021-01-01 00:00:00+00:00
[2024-11-03T09:49:46.266+0000] {processor.py:183} INFO - Processing /home/airflow/.local/lib/python3.11/site-packages/airflow/example_dags/example_xcom.py took 0.072 seconds
[2024-11-03T09:50:16.451+0000] {processor.py:161} INFO - Started process (PID=5243) to work on /home/airflow/.local/lib/python3.11/site-packages/airflow/example_dags/example_xcom.py
[2024-11-03T09:50:16.452+0000] {processor.py:830} INFO - Processing file /home/airflow/.local/lib/python3.11/site-packages/airflow/example_dags/example_xcom.py for tasks to queue
[2024-11-03T09:50:16.453+0000] {logging_mixin.py:188} INFO - [2024-11-03T09:50:16.452+0000] {dagbag.py:545} INFO - Filling up the DagBag from /home/airflow/.local/lib/python3.11/site-packages/airflow/example_dags/example_xcom.py
[2024-11-03T09:50:16.459+0000] {processor.py:840} INFO - DAG(s) 'example_xcom' retrieved from /home/airflow/.local/lib/python3.11/site-packages/airflow/example_dags/example_xcom.py
[2024-11-03T09:50:16.495+0000] {logging_mixin.py:188} INFO - [2024-11-03T09:50:16.494+0000] {dag.py:3096} INFO - Sync 1 DAGs
[2024-11-03T09:50:16.517+0000] {logging_mixin.py:188} INFO - [2024-11-03T09:50:16.517+0000] {dag.py:3954} INFO - Setting next_dagrun for example_xcom to 2021-01-01 00:00:00+00:00, run_after=2021-01-01 00:00:00+00:00
[2024-11-03T09:50:16.534+0000] {processor.py:183} INFO - Processing /home/airflow/.local/lib/python3.11/site-packages/airflow/example_dags/example_xcom.py took 0.088 seconds
[2024-11-03T09:50:47.478+0000] {processor.py:161} INFO - Started process (PID=5509) to work on /home/airflow/.local/lib/python3.11/site-packages/airflow/example_dags/example_xcom.py
[2024-11-03T09:50:47.479+0000] {processor.py:830} INFO - Processing file /home/airflow/.local/lib/python3.11/site-packages/airflow/example_dags/example_xcom.py for tasks to queue
[2024-11-03T09:50:47.480+0000] {logging_mixin.py:188} INFO - [2024-11-03T09:50:47.479+0000] {dagbag.py:545} INFO - Filling up the DagBag from /home/airflow/.local/lib/python3.11/site-packages/airflow/example_dags/example_xcom.py
[2024-11-03T09:50:47.486+0000] {processor.py:840} INFO - DAG(s) 'example_xcom' retrieved from /home/airflow/.local/lib/python3.11/site-packages/airflow/example_dags/example_xcom.py
[2024-11-03T09:50:47.504+0000] {logging_mixin.py:188} INFO - [2024-11-03T09:50:47.504+0000] {dag.py:3096} INFO - Sync 1 DAGs
[2024-11-03T09:50:47.523+0000] {logging_mixin.py:188} INFO - [2024-11-03T09:50:47.523+0000] {dag.py:3954} INFO - Setting next_dagrun for example_xcom to 2021-01-01 00:00:00+00:00, run_after=2021-01-01 00:00:00+00:00
[2024-11-03T09:50:47.536+0000] {processor.py:183} INFO - Processing /home/airflow/.local/lib/python3.11/site-packages/airflow/example_dags/example_xcom.py took 0.063 seconds
[2024-11-03T09:51:18.250+0000] {processor.py:161} INFO - Started process (PID=5775) to work on /home/airflow/.local/lib/python3.11/site-packages/airflow/example_dags/example_xcom.py
[2024-11-03T09:51:18.251+0000] {processor.py:830} INFO - Processing file /home/airflow/.local/lib/python3.11/site-packages/airflow/example_dags/example_xcom.py for tasks to queue
[2024-11-03T09:51:18.252+0000] {logging_mixin.py:188} INFO - [2024-11-03T09:51:18.252+0000] {dagbag.py:545} INFO - Filling up the DagBag from /home/airflow/.local/lib/python3.11/site-packages/airflow/example_dags/example_xcom.py
[2024-11-03T09:51:18.258+0000] {processor.py:840} INFO - DAG(s) 'example_xcom' retrieved from /home/airflow/.local/lib/python3.11/site-packages/airflow/example_dags/example_xcom.py
[2024-11-03T09:51:18.275+0000] {logging_mixin.py:188} INFO - [2024-11-03T09:51:18.275+0000] {dag.py:3096} INFO - Sync 1 DAGs
[2024-11-03T09:51:18.295+0000] {logging_mixin.py:188} INFO - [2024-11-03T09:51:18.295+0000] {dag.py:3954} INFO - Setting next_dagrun for example_xcom to 2021-01-01 00:00:00+00:00, run_after=2021-01-01 00:00:00+00:00
[2024-11-03T09:51:18.310+0000] {processor.py:183} INFO - Processing /home/airflow/.local/lib/python3.11/site-packages/airflow/example_dags/example_xcom.py took 0.066 seconds
[2024-11-03T09:51:49.040+0000] {processor.py:161} INFO - Started process (PID=6041) to work on /home/airflow/.local/lib/python3.11/site-packages/airflow/example_dags/example_xcom.py
[2024-11-03T09:51:49.041+0000] {processor.py:830} INFO - Processing file /home/airflow/.local/lib/python3.11/site-packages/airflow/example_dags/example_xcom.py for tasks to queue
[2024-11-03T09:51:49.042+0000] {logging_mixin.py:188} INFO - [2024-11-03T09:51:49.041+0000] {dagbag.py:545} INFO - Filling up the DagBag from /home/airflow/.local/lib/python3.11/site-packages/airflow/example_dags/example_xcom.py
[2024-11-03T09:51:49.048+0000] {processor.py:840} INFO - DAG(s) 'example_xcom' retrieved from /home/airflow/.local/lib/python3.11/site-packages/airflow/example_dags/example_xcom.py
[2024-11-03T09:51:49.068+0000] {logging_mixin.py:188} INFO - [2024-11-03T09:51:49.068+0000] {dag.py:3096} INFO - Sync 1 DAGs
[2024-11-03T09:51:49.088+0000] {logging_mixin.py:188} INFO - [2024-11-03T09:51:49.087+0000] {dag.py:3954} INFO - Setting next_dagrun for example_xcom to 2021-01-01 00:00:00+00:00, run_after=2021-01-01 00:00:00+00:00
[2024-11-03T09:51:49.102+0000] {processor.py:183} INFO - Processing /home/airflow/.local/lib/python3.11/site-packages/airflow/example_dags/example_xcom.py took 0.068 seconds
[2024-11-03T09:52:19.863+0000] {processor.py:161} INFO - Started process (PID=6307) to work on /home/airflow/.local/lib/python3.11/site-packages/airflow/example_dags/example_xcom.py
[2024-11-03T09:52:19.864+0000] {processor.py:830} INFO - Processing file /home/airflow/.local/lib/python3.11/site-packages/airflow/example_dags/example_xcom.py for tasks to queue
[2024-11-03T09:52:19.865+0000] {logging_mixin.py:188} INFO - [2024-11-03T09:52:19.865+0000] {dagbag.py:545} INFO - Filling up the DagBag from /home/airflow/.local/lib/python3.11/site-packages/airflow/example_dags/example_xcom.py
[2024-11-03T09:52:19.872+0000] {processor.py:840} INFO - DAG(s) 'example_xcom' retrieved from /home/airflow/.local/lib/python3.11/site-packages/airflow/example_dags/example_xcom.py
[2024-11-03T09:52:19.892+0000] {logging_mixin.py:188} INFO - [2024-11-03T09:52:19.892+0000] {dag.py:3096} INFO - Sync 1 DAGs
[2024-11-03T09:52:19.912+0000] {logging_mixin.py:188} INFO - [2024-11-03T09:52:19.912+0000] {dag.py:3954} INFO - Setting next_dagrun for example_xcom to 2021-01-01 00:00:00+00:00, run_after=2021-01-01 00:00:00+00:00
[2024-11-03T09:52:19.934+0000] {processor.py:183} INFO - Processing /home/airflow/.local/lib/python3.11/site-packages/airflow/example_dags/example_xcom.py took 0.080 seconds
[2024-11-03T09:52:50.189+0000] {processor.py:161} INFO - Started process (PID=6573) to work on /home/airflow/.local/lib/python3.11/site-packages/airflow/example_dags/example_xcom.py
[2024-11-03T09:52:50.190+0000] {processor.py:830} INFO - Processing file /home/airflow/.local/lib/python3.11/site-packages/airflow/example_dags/example_xcom.py for tasks to queue
[2024-11-03T09:52:50.191+0000] {logging_mixin.py:188} INFO - [2024-11-03T09:52:50.190+0000] {dagbag.py:545} INFO - Filling up the DagBag from /home/airflow/.local/lib/python3.11/site-packages/airflow/example_dags/example_xcom.py
[2024-11-03T09:52:50.197+0000] {processor.py:840} INFO - DAG(s) 'example_xcom' retrieved from /home/airflow/.local/lib/python3.11/site-packages/airflow/example_dags/example_xcom.py
[2024-11-03T09:52:50.214+0000] {logging_mixin.py:188} INFO - [2024-11-03T09:52:50.214+0000] {dag.py:3096} INFO - Sync 1 DAGs
[2024-11-03T09:52:50.230+0000] {logging_mixin.py:188} INFO - [2024-11-03T09:52:50.230+0000] {dag.py:3954} INFO - Setting next_dagrun for example_xcom to 2021-01-01 00:00:00+00:00, run_after=2021-01-01 00:00:00+00:00
[2024-11-03T09:52:50.247+0000] {processor.py:183} INFO - Processing /home/airflow/.local/lib/python3.11/site-packages/airflow/example_dags/example_xcom.py took 0.063 seconds
[2024-11-03T09:53:20.297+0000] {processor.py:161} INFO - Started process (PID=6839) to work on /home/airflow/.local/lib/python3.11/site-packages/airflow/example_dags/example_xcom.py
[2024-11-03T09:53:20.298+0000] {processor.py:830} INFO - Processing file /home/airflow/.local/lib/python3.11/site-packages/airflow/example_dags/example_xcom.py for tasks to queue
[2024-11-03T09:53:20.299+0000] {logging_mixin.py:188} INFO - [2024-11-03T09:53:20.299+0000] {dagbag.py:545} INFO - Filling up the DagBag from /home/airflow/.local/lib/python3.11/site-packages/airflow/example_dags/example_xcom.py
[2024-11-03T09:53:20.307+0000] {processor.py:840} INFO - DAG(s) 'example_xcom' retrieved from /home/airflow/.local/lib/python3.11/site-packages/airflow/example_dags/example_xcom.py
[2024-11-03T09:53:20.332+0000] {logging_mixin.py:188} INFO - [2024-11-03T09:53:20.332+0000] {dag.py:3096} INFO - Sync 1 DAGs
[2024-11-03T09:53:20.353+0000] {logging_mixin.py:188} INFO - [2024-11-03T09:53:20.352+0000] {dag.py:3954} INFO - Setting next_dagrun for example_xcom to 2021-01-01 00:00:00+00:00, run_after=2021-01-01 00:00:00+00:00
[2024-11-03T09:53:20.377+0000] {processor.py:183} INFO - Processing /home/airflow/.local/lib/python3.11/site-packages/airflow/example_dags/example_xcom.py took 0.086 seconds
[2024-11-03T09:53:50.529+0000] {processor.py:161} INFO - Started process (PID=7125) to work on /home/airflow/.local/lib/python3.11/site-packages/airflow/example_dags/example_xcom.py
[2024-11-03T09:53:50.529+0000] {processor.py:830} INFO - Processing file /home/airflow/.local/lib/python3.11/site-packages/airflow/example_dags/example_xcom.py for tasks to queue
[2024-11-03T09:53:50.530+0000] {logging_mixin.py:188} INFO - [2024-11-03T09:53:50.530+0000] {dagbag.py:545} INFO - Filling up the DagBag from /home/airflow/.local/lib/python3.11/site-packages/airflow/example_dags/example_xcom.py
[2024-11-03T09:53:50.537+0000] {processor.py:840} INFO - DAG(s) 'example_xcom' retrieved from /home/airflow/.local/lib/python3.11/site-packages/airflow/example_dags/example_xcom.py
[2024-11-03T09:53:50.556+0000] {logging_mixin.py:188} INFO - [2024-11-03T09:53:50.556+0000] {dag.py:3096} INFO - Sync 1 DAGs
[2024-11-03T09:53:50.575+0000] {logging_mixin.py:188} INFO - [2024-11-03T09:53:50.574+0000] {dag.py:3954} INFO - Setting next_dagrun for example_xcom to 2021-01-01 00:00:00+00:00, run_after=2021-01-01 00:00:00+00:00
[2024-11-03T09:53:50.590+0000] {processor.py:183} INFO - Processing /home/airflow/.local/lib/python3.11/site-packages/airflow/example_dags/example_xcom.py took 0.066 seconds
[2024-11-03T09:54:20.730+0000] {processor.py:161} INFO - Started process (PID=7391) to work on /home/airflow/.local/lib/python3.11/site-packages/airflow/example_dags/example_xcom.py
[2024-11-03T09:54:20.731+0000] {processor.py:830} INFO - Processing file /home/airflow/.local/lib/python3.11/site-packages/airflow/example_dags/example_xcom.py for tasks to queue
[2024-11-03T09:54:20.731+0000] {logging_mixin.py:188} INFO - [2024-11-03T09:54:20.731+0000] {dagbag.py:545} INFO - Filling up the DagBag from /home/airflow/.local/lib/python3.11/site-packages/airflow/example_dags/example_xcom.py
[2024-11-03T09:54:20.738+0000] {processor.py:840} INFO - DAG(s) 'example_xcom' retrieved from /home/airflow/.local/lib/python3.11/site-packages/airflow/example_dags/example_xcom.py
[2024-11-03T09:54:20.755+0000] {logging_mixin.py:188} INFO - [2024-11-03T09:54:20.754+0000] {dag.py:3096} INFO - Sync 1 DAGs
[2024-11-03T09:54:20.772+0000] {logging_mixin.py:188} INFO - [2024-11-03T09:54:20.772+0000] {dag.py:3954} INFO - Setting next_dagrun for example_xcom to 2021-01-01 00:00:00+00:00, run_after=2021-01-01 00:00:00+00:00
[2024-11-03T09:54:20.788+0000] {processor.py:183} INFO - Processing /home/airflow/.local/lib/python3.11/site-packages/airflow/example_dags/example_xcom.py took 0.063 seconds
[2024-11-03T09:54:51.394+0000] {processor.py:161} INFO - Started process (PID=7657) to work on /home/airflow/.local/lib/python3.11/site-packages/airflow/example_dags/example_xcom.py
[2024-11-03T09:54:51.395+0000] {processor.py:830} INFO - Processing file /home/airflow/.local/lib/python3.11/site-packages/airflow/example_dags/example_xcom.py for tasks to queue
[2024-11-03T09:54:51.396+0000] {logging_mixin.py:188} INFO - [2024-11-03T09:54:51.395+0000] {dagbag.py:545} INFO - Filling up the DagBag from /home/airflow/.local/lib/python3.11/site-packages/airflow/example_dags/example_xcom.py
[2024-11-03T09:54:51.402+0000] {processor.py:840} INFO - DAG(s) 'example_xcom' retrieved from /home/airflow/.local/lib/python3.11/site-packages/airflow/example_dags/example_xcom.py
[2024-11-03T09:54:51.420+0000] {logging_mixin.py:188} INFO - [2024-11-03T09:54:51.420+0000] {dag.py:3096} INFO - Sync 1 DAGs
[2024-11-03T09:54:51.439+0000] {logging_mixin.py:188} INFO - [2024-11-03T09:54:51.439+0000] {dag.py:3954} INFO - Setting next_dagrun for example_xcom to 2021-01-01 00:00:00+00:00, run_after=2021-01-01 00:00:00+00:00
[2024-11-03T09:54:51.453+0000] {processor.py:183} INFO - Processing /home/airflow/.local/lib/python3.11/site-packages/airflow/example_dags/example_xcom.py took 0.064 seconds
[2024-11-03T09:55:21.842+0000] {processor.py:161} INFO - Started process (PID=7923) to work on /home/airflow/.local/lib/python3.11/site-packages/airflow/example_dags/example_xcom.py
[2024-11-03T09:55:21.843+0000] {processor.py:830} INFO - Processing file /home/airflow/.local/lib/python3.11/site-packages/airflow/example_dags/example_xcom.py for tasks to queue
[2024-11-03T09:55:21.844+0000] {logging_mixin.py:188} INFO - [2024-11-03T09:55:21.844+0000] {dagbag.py:545} INFO - Filling up the DagBag from /home/airflow/.local/lib/python3.11/site-packages/airflow/example_dags/example_xcom.py
[2024-11-03T09:55:21.850+0000] {processor.py:840} INFO - DAG(s) 'example_xcom' retrieved from /home/airflow/.local/lib/python3.11/site-packages/airflow/example_dags/example_xcom.py
[2024-11-03T09:55:21.869+0000] {logging_mixin.py:188} INFO - [2024-11-03T09:55:21.868+0000] {dag.py:3096} INFO - Sync 1 DAGs
[2024-11-03T09:55:21.885+0000] {logging_mixin.py:188} INFO - [2024-11-03T09:55:21.885+0000] {dag.py:3954} INFO - Setting next_dagrun for example_xcom to 2021-01-01 00:00:00+00:00, run_after=2021-01-01 00:00:00+00:00
[2024-11-03T09:55:21.901+0000] {processor.py:183} INFO - Processing /home/airflow/.local/lib/python3.11/site-packages/airflow/example_dags/example_xcom.py took 0.064 seconds
[2024-11-03T09:55:52.492+0000] {processor.py:161} INFO - Started process (PID=8189) to work on /home/airflow/.local/lib/python3.11/site-packages/airflow/example_dags/example_xcom.py
[2024-11-03T09:55:52.493+0000] {processor.py:830} INFO - Processing file /home/airflow/.local/lib/python3.11/site-packages/airflow/example_dags/example_xcom.py for tasks to queue
[2024-11-03T09:55:52.494+0000] {logging_mixin.py:188} INFO - [2024-11-03T09:55:52.493+0000] {dagbag.py:545} INFO - Filling up the DagBag from /home/airflow/.local/lib/python3.11/site-packages/airflow/example_dags/example_xcom.py
[2024-11-03T09:55:52.502+0000] {processor.py:840} INFO - DAG(s) 'example_xcom' retrieved from /home/airflow/.local/lib/python3.11/site-packages/airflow/example_dags/example_xcom.py
[2024-11-03T09:55:52.525+0000] {logging_mixin.py:188} INFO - [2024-11-03T09:55:52.525+0000] {dag.py:3096} INFO - Sync 1 DAGs
[2024-11-03T09:55:52.543+0000] {logging_mixin.py:188} INFO - [2024-11-03T09:55:52.543+0000] {dag.py:3954} INFO - Setting next_dagrun for example_xcom to 2021-01-01 00:00:00+00:00, run_after=2021-01-01 00:00:00+00:00
[2024-11-03T09:55:52.560+0000] {processor.py:183} INFO - Processing /home/airflow/.local/lib/python3.11/site-packages/airflow/example_dags/example_xcom.py took 0.074 seconds
[2024-11-03T16:27:44.377+0000] {processor.py:161} INFO - Started process (PID=325) to work on /home/airflow/.local/lib/python3.11/site-packages/airflow/example_dags/example_xcom.py
[2024-11-03T16:27:44.378+0000] {processor.py:830} INFO - Processing file /home/airflow/.local/lib/python3.11/site-packages/airflow/example_dags/example_xcom.py for tasks to queue
[2024-11-03T16:27:44.380+0000] {logging_mixin.py:188} INFO - [2024-11-03T16:27:44.380+0000] {dagbag.py:545} INFO - Filling up the DagBag from /home/airflow/.local/lib/python3.11/site-packages/airflow/example_dags/example_xcom.py
[2024-11-03T16:27:44.392+0000] {processor.py:840} INFO - DAG(s) 'example_xcom' retrieved from /home/airflow/.local/lib/python3.11/site-packages/airflow/example_dags/example_xcom.py
[2024-11-03T16:27:44.406+0000] {logging_mixin.py:188} INFO - [2024-11-03T16:27:44.406+0000] {dag.py:3096} INFO - Sync 1 DAGs
[2024-11-03T16:27:44.428+0000] {logging_mixin.py:188} INFO - [2024-11-03T16:27:44.428+0000] {dag.py:3954} INFO - Setting next_dagrun for example_xcom to 2021-01-01 00:00:00+00:00, run_after=2021-01-01 00:00:00+00:00
[2024-11-03T16:27:44.447+0000] {processor.py:183} INFO - Processing /home/airflow/.local/lib/python3.11/site-packages/airflow/example_dags/example_xcom.py took 0.075 seconds
[2024-11-03T16:28:15.669+0000] {processor.py:161} INFO - Started process (PID=592) to work on /home/airflow/.local/lib/python3.11/site-packages/airflow/example_dags/example_xcom.py
[2024-11-03T16:28:15.670+0000] {processor.py:830} INFO - Processing file /home/airflow/.local/lib/python3.11/site-packages/airflow/example_dags/example_xcom.py for tasks to queue
[2024-11-03T16:28:15.672+0000] {logging_mixin.py:188} INFO - [2024-11-03T16:28:15.671+0000] {dagbag.py:545} INFO - Filling up the DagBag from /home/airflow/.local/lib/python3.11/site-packages/airflow/example_dags/example_xcom.py
[2024-11-03T16:28:15.678+0000] {processor.py:840} INFO - DAG(s) 'example_xcom' retrieved from /home/airflow/.local/lib/python3.11/site-packages/airflow/example_dags/example_xcom.py
[2024-11-03T16:28:15.762+0000] {logging_mixin.py:188} INFO - [2024-11-03T16:28:15.761+0000] {dag.py:3096} INFO - Sync 1 DAGs
[2024-11-03T16:28:15.779+0000] {logging_mixin.py:188} INFO - [2024-11-03T16:28:15.779+0000] {dag.py:3954} INFO - Setting next_dagrun for example_xcom to 2021-01-01 00:00:00+00:00, run_after=2021-01-01 00:00:00+00:00
[2024-11-03T16:28:15.795+0000] {processor.py:183} INFO - Processing /home/airflow/.local/lib/python3.11/site-packages/airflow/example_dags/example_xcom.py took 0.135 seconds
