[2024-11-03T09:41:05.007+0000] {processor.py:161} INFO - Started process (PID=250) to work on /home/airflow/.local/lib/python3.11/site-packages/airflow/example_dags/example_latest_only.py
[2024-11-03T09:41:05.008+0000] {processor.py:830} INFO - Processing file /home/airflow/.local/lib/python3.11/site-packages/airflow/example_dags/example_latest_only.py for tasks to queue
[2024-11-03T09:41:05.009+0000] {logging_mixin.py:188} INFO - [2024-11-03T09:41:05.009+0000] {dagbag.py:545} INFO - Filling up the DagBag from /home/airflow/.local/lib/python3.11/site-packages/airflow/example_dags/example_latest_only.py
[2024-11-03T09:41:05.015+0000] {processor.py:840} INFO - DAG(s) 'latest_only' retrieved from /home/airflow/.local/lib/python3.11/site-packages/airflow/example_dags/example_latest_only.py
[2024-11-03T09:41:05.025+0000] {logging_mixin.py:188} INFO - [2024-11-03T09:41:05.025+0000] {dag.py:3096} INFO - Sync 1 DAGs
[2024-11-03T09:41:05.043+0000] {logging_mixin.py:188} INFO - [2024-11-03T09:41:05.043+0000] {dag.py:3954} INFO - Setting next_dagrun for latest_only to 2024-11-03 04:00:00+00:00, run_after=2024-11-03 08:00:00+00:00
[2024-11-03T09:41:05.062+0000] {processor.py:183} INFO - Processing /home/airflow/.local/lib/python3.11/site-packages/airflow/example_dags/example_latest_only.py took 0.059 seconds
[2024-11-03T09:41:35.690+0000] {processor.py:161} INFO - Started process (PID=516) to work on /home/airflow/.local/lib/python3.11/site-packages/airflow/example_dags/example_latest_only.py
[2024-11-03T09:41:35.691+0000] {processor.py:830} INFO - Processing file /home/airflow/.local/lib/python3.11/site-packages/airflow/example_dags/example_latest_only.py for tasks to queue
[2024-11-03T09:41:35.693+0000] {logging_mixin.py:188} INFO - [2024-11-03T09:41:35.693+0000] {dagbag.py:545} INFO - Filling up the DagBag from /home/airflow/.local/lib/python3.11/site-packages/airflow/example_dags/example_latest_only.py
[2024-11-03T09:41:35.697+0000] {processor.py:840} INFO - DAG(s) 'latest_only' retrieved from /home/airflow/.local/lib/python3.11/site-packages/airflow/example_dags/example_latest_only.py
[2024-11-03T09:41:35.793+0000] {logging_mixin.py:188} INFO - [2024-11-03T09:41:35.793+0000] {dag.py:3096} INFO - Sync 1 DAGs
[2024-11-03T09:41:35.810+0000] {logging_mixin.py:188} INFO - [2024-11-03T09:41:35.810+0000] {dag.py:3954} INFO - Setting next_dagrun for latest_only to 2024-11-03 04:00:00+00:00, run_after=2024-11-03 08:00:00+00:00
[2024-11-03T09:41:35.827+0000] {processor.py:183} INFO - Processing /home/airflow/.local/lib/python3.11/site-packages/airflow/example_dags/example_latest_only.py took 0.142 seconds
[2024-11-03T09:42:06.015+0000] {processor.py:161} INFO - Started process (PID=782) to work on /home/airflow/.local/lib/python3.11/site-packages/airflow/example_dags/example_latest_only.py
[2024-11-03T09:42:06.017+0000] {processor.py:830} INFO - Processing file /home/airflow/.local/lib/python3.11/site-packages/airflow/example_dags/example_latest_only.py for tasks to queue
[2024-11-03T09:42:06.018+0000] {logging_mixin.py:188} INFO - [2024-11-03T09:42:06.018+0000] {dagbag.py:545} INFO - Filling up the DagBag from /home/airflow/.local/lib/python3.11/site-packages/airflow/example_dags/example_latest_only.py
[2024-11-03T09:42:06.023+0000] {processor.py:840} INFO - DAG(s) 'latest_only' retrieved from /home/airflow/.local/lib/python3.11/site-packages/airflow/example_dags/example_latest_only.py
[2024-11-03T09:42:06.041+0000] {logging_mixin.py:188} INFO - [2024-11-03T09:42:06.041+0000] {dag.py:3096} INFO - Sync 1 DAGs
[2024-11-03T09:42:06.060+0000] {logging_mixin.py:188} INFO - [2024-11-03T09:42:06.060+0000] {dag.py:3954} INFO - Setting next_dagrun for latest_only to 2024-11-03 04:00:00+00:00, run_after=2024-11-03 08:00:00+00:00
[2024-11-03T09:42:06.076+0000] {processor.py:183} INFO - Processing /home/airflow/.local/lib/python3.11/site-packages/airflow/example_dags/example_latest_only.py took 0.066 seconds
[2024-11-03T09:42:37.195+0000] {processor.py:161} INFO - Started process (PID=1048) to work on /home/airflow/.local/lib/python3.11/site-packages/airflow/example_dags/example_latest_only.py
[2024-11-03T09:42:37.196+0000] {processor.py:830} INFO - Processing file /home/airflow/.local/lib/python3.11/site-packages/airflow/example_dags/example_latest_only.py for tasks to queue
[2024-11-03T09:42:37.198+0000] {logging_mixin.py:188} INFO - [2024-11-03T09:42:37.197+0000] {dagbag.py:545} INFO - Filling up the DagBag from /home/airflow/.local/lib/python3.11/site-packages/airflow/example_dags/example_latest_only.py
[2024-11-03T09:42:37.202+0000] {processor.py:840} INFO - DAG(s) 'latest_only' retrieved from /home/airflow/.local/lib/python3.11/site-packages/airflow/example_dags/example_latest_only.py
[2024-11-03T09:42:37.222+0000] {logging_mixin.py:188} INFO - [2024-11-03T09:42:37.222+0000] {dag.py:3096} INFO - Sync 1 DAGs
[2024-11-03T09:42:37.244+0000] {logging_mixin.py:188} INFO - [2024-11-03T09:42:37.244+0000] {dag.py:3954} INFO - Setting next_dagrun for latest_only to 2024-11-03 04:00:00+00:00, run_after=2024-11-03 08:00:00+00:00
[2024-11-03T09:42:37.262+0000] {processor.py:183} INFO - Processing /home/airflow/.local/lib/python3.11/site-packages/airflow/example_dags/example_latest_only.py took 0.073 seconds
[2024-11-03T09:43:07.608+0000] {processor.py:161} INFO - Started process (PID=1319) to work on /home/airflow/.local/lib/python3.11/site-packages/airflow/example_dags/example_latest_only.py
[2024-11-03T09:43:07.609+0000] {processor.py:830} INFO - Processing file /home/airflow/.local/lib/python3.11/site-packages/airflow/example_dags/example_latest_only.py for tasks to queue
[2024-11-03T09:43:07.610+0000] {logging_mixin.py:188} INFO - [2024-11-03T09:43:07.610+0000] {dagbag.py:545} INFO - Filling up the DagBag from /home/airflow/.local/lib/python3.11/site-packages/airflow/example_dags/example_latest_only.py
[2024-11-03T09:43:07.615+0000] {processor.py:840} INFO - DAG(s) 'latest_only' retrieved from /home/airflow/.local/lib/python3.11/site-packages/airflow/example_dags/example_latest_only.py
[2024-11-03T09:43:07.633+0000] {logging_mixin.py:188} INFO - [2024-11-03T09:43:07.633+0000] {dag.py:3096} INFO - Sync 1 DAGs
[2024-11-03T09:43:07.650+0000] {logging_mixin.py:188} INFO - [2024-11-03T09:43:07.650+0000] {dag.py:3954} INFO - Setting next_dagrun for latest_only to 2024-11-03 04:00:00+00:00, run_after=2024-11-03 08:00:00+00:00
[2024-11-03T09:43:07.666+0000] {processor.py:183} INFO - Processing /home/airflow/.local/lib/python3.11/site-packages/airflow/example_dags/example_latest_only.py took 0.063 seconds
[2024-11-03T09:43:38.561+0000] {processor.py:161} INFO - Started process (PID=1595) to work on /home/airflow/.local/lib/python3.11/site-packages/airflow/example_dags/example_latest_only.py
[2024-11-03T09:43:38.562+0000] {processor.py:830} INFO - Processing file /home/airflow/.local/lib/python3.11/site-packages/airflow/example_dags/example_latest_only.py for tasks to queue
[2024-11-03T09:43:38.564+0000] {logging_mixin.py:188} INFO - [2024-11-03T09:43:38.564+0000] {dagbag.py:545} INFO - Filling up the DagBag from /home/airflow/.local/lib/python3.11/site-packages/airflow/example_dags/example_latest_only.py
[2024-11-03T09:43:38.570+0000] {processor.py:840} INFO - DAG(s) 'latest_only' retrieved from /home/airflow/.local/lib/python3.11/site-packages/airflow/example_dags/example_latest_only.py
[2024-11-03T09:43:38.595+0000] {logging_mixin.py:188} INFO - [2024-11-03T09:43:38.594+0000] {dag.py:3096} INFO - Sync 1 DAGs
[2024-11-03T09:43:38.616+0000] {logging_mixin.py:188} INFO - [2024-11-03T09:43:38.616+0000] {dag.py:3954} INFO - Setting next_dagrun for latest_only to 2024-11-03 04:00:00+00:00, run_after=2024-11-03 08:00:00+00:00
[2024-11-03T09:43:38.635+0000] {processor.py:183} INFO - Processing /home/airflow/.local/lib/python3.11/site-packages/airflow/example_dags/example_latest_only.py took 0.079 seconds
[2024-11-03T09:44:09.328+0000] {processor.py:161} INFO - Started process (PID=1861) to work on /home/airflow/.local/lib/python3.11/site-packages/airflow/example_dags/example_latest_only.py
[2024-11-03T09:44:09.329+0000] {processor.py:830} INFO - Processing file /home/airflow/.local/lib/python3.11/site-packages/airflow/example_dags/example_latest_only.py for tasks to queue
[2024-11-03T09:44:09.330+0000] {logging_mixin.py:188} INFO - [2024-11-03T09:44:09.330+0000] {dagbag.py:545} INFO - Filling up the DagBag from /home/airflow/.local/lib/python3.11/site-packages/airflow/example_dags/example_latest_only.py
[2024-11-03T09:44:09.334+0000] {processor.py:840} INFO - DAG(s) 'latest_only' retrieved from /home/airflow/.local/lib/python3.11/site-packages/airflow/example_dags/example_latest_only.py
[2024-11-03T09:44:09.353+0000] {logging_mixin.py:188} INFO - [2024-11-03T09:44:09.353+0000] {dag.py:3096} INFO - Sync 1 DAGs
[2024-11-03T09:44:09.372+0000] {logging_mixin.py:188} INFO - [2024-11-03T09:44:09.372+0000] {dag.py:3954} INFO - Setting next_dagrun for latest_only to 2024-11-03 04:00:00+00:00, run_after=2024-11-03 08:00:00+00:00
[2024-11-03T09:44:09.394+0000] {processor.py:183} INFO - Processing /home/airflow/.local/lib/python3.11/site-packages/airflow/example_dags/example_latest_only.py took 0.071 seconds
[2024-11-03T09:44:39.453+0000] {processor.py:161} INFO - Started process (PID=2152) to work on /home/airflow/.local/lib/python3.11/site-packages/airflow/example_dags/example_latest_only.py
[2024-11-03T09:44:39.454+0000] {processor.py:830} INFO - Processing file /home/airflow/.local/lib/python3.11/site-packages/airflow/example_dags/example_latest_only.py for tasks to queue
[2024-11-03T09:44:39.456+0000] {logging_mixin.py:188} INFO - [2024-11-03T09:44:39.455+0000] {dagbag.py:545} INFO - Filling up the DagBag from /home/airflow/.local/lib/python3.11/site-packages/airflow/example_dags/example_latest_only.py
[2024-11-03T09:44:39.460+0000] {processor.py:840} INFO - DAG(s) 'latest_only' retrieved from /home/airflow/.local/lib/python3.11/site-packages/airflow/example_dags/example_latest_only.py
[2024-11-03T09:44:39.476+0000] {logging_mixin.py:188} INFO - [2024-11-03T09:44:39.476+0000] {dag.py:3096} INFO - Sync 1 DAGs
[2024-11-03T09:44:39.496+0000] {logging_mixin.py:188} INFO - [2024-11-03T09:44:39.495+0000] {dag.py:3954} INFO - Setting next_dagrun for latest_only to 2024-11-03 04:00:00+00:00, run_after=2024-11-03 08:00:00+00:00
[2024-11-03T09:44:39.512+0000] {processor.py:183} INFO - Processing /home/airflow/.local/lib/python3.11/site-packages/airflow/example_dags/example_latest_only.py took 0.064 seconds
[2024-11-03T09:45:09.623+0000] {processor.py:161} INFO - Started process (PID=2433) to work on /home/airflow/.local/lib/python3.11/site-packages/airflow/example_dags/example_latest_only.py
[2024-11-03T09:45:09.624+0000] {processor.py:830} INFO - Processing file /home/airflow/.local/lib/python3.11/site-packages/airflow/example_dags/example_latest_only.py for tasks to queue
[2024-11-03T09:45:09.626+0000] {logging_mixin.py:188} INFO - [2024-11-03T09:45:09.626+0000] {dagbag.py:545} INFO - Filling up the DagBag from /home/airflow/.local/lib/python3.11/site-packages/airflow/example_dags/example_latest_only.py
[2024-11-03T09:45:09.631+0000] {processor.py:840} INFO - DAG(s) 'latest_only' retrieved from /home/airflow/.local/lib/python3.11/site-packages/airflow/example_dags/example_latest_only.py
[2024-11-03T09:45:09.647+0000] {logging_mixin.py:188} INFO - [2024-11-03T09:45:09.647+0000] {dag.py:3096} INFO - Sync 1 DAGs
[2024-11-03T09:45:09.665+0000] {logging_mixin.py:188} INFO - [2024-11-03T09:45:09.664+0000] {dag.py:3954} INFO - Setting next_dagrun for latest_only to 2024-11-03 04:00:00+00:00, run_after=2024-11-03 08:00:00+00:00
[2024-11-03T09:45:09.680+0000] {processor.py:183} INFO - Processing /home/airflow/.local/lib/python3.11/site-packages/airflow/example_dags/example_latest_only.py took 0.062 seconds
[2024-11-03T09:45:39.734+0000] {processor.py:161} INFO - Started process (PID=2704) to work on /home/airflow/.local/lib/python3.11/site-packages/airflow/example_dags/example_latest_only.py
[2024-11-03T09:45:39.735+0000] {processor.py:830} INFO - Processing file /home/airflow/.local/lib/python3.11/site-packages/airflow/example_dags/example_latest_only.py for tasks to queue
[2024-11-03T09:45:39.737+0000] {logging_mixin.py:188} INFO - [2024-11-03T09:45:39.736+0000] {dagbag.py:545} INFO - Filling up the DagBag from /home/airflow/.local/lib/python3.11/site-packages/airflow/example_dags/example_latest_only.py
[2024-11-03T09:45:39.741+0000] {processor.py:840} INFO - DAG(s) 'latest_only' retrieved from /home/airflow/.local/lib/python3.11/site-packages/airflow/example_dags/example_latest_only.py
[2024-11-03T09:45:39.758+0000] {logging_mixin.py:188} INFO - [2024-11-03T09:45:39.758+0000] {dag.py:3096} INFO - Sync 1 DAGs
[2024-11-03T09:45:39.777+0000] {logging_mixin.py:188} INFO - [2024-11-03T09:45:39.777+0000] {dag.py:3954} INFO - Setting next_dagrun for latest_only to 2024-11-03 04:00:00+00:00, run_after=2024-11-03 08:00:00+00:00
[2024-11-03T09:45:39.793+0000] {processor.py:183} INFO - Processing /home/airflow/.local/lib/python3.11/site-packages/airflow/example_dags/example_latest_only.py took 0.064 seconds
[2024-11-03T09:46:10.749+0000] {processor.py:161} INFO - Started process (PID=2975) to work on /home/airflow/.local/lib/python3.11/site-packages/airflow/example_dags/example_latest_only.py
[2024-11-03T09:46:10.749+0000] {processor.py:830} INFO - Processing file /home/airflow/.local/lib/python3.11/site-packages/airflow/example_dags/example_latest_only.py for tasks to queue
[2024-11-03T09:46:10.750+0000] {logging_mixin.py:188} INFO - [2024-11-03T09:46:10.750+0000] {dagbag.py:545} INFO - Filling up the DagBag from /home/airflow/.local/lib/python3.11/site-packages/airflow/example_dags/example_latest_only.py
[2024-11-03T09:46:10.755+0000] {processor.py:840} INFO - DAG(s) 'latest_only' retrieved from /home/airflow/.local/lib/python3.11/site-packages/airflow/example_dags/example_latest_only.py
[2024-11-03T09:46:10.773+0000] {logging_mixin.py:188} INFO - [2024-11-03T09:46:10.773+0000] {dag.py:3096} INFO - Sync 1 DAGs
[2024-11-03T09:46:10.791+0000] {logging_mixin.py:188} INFO - [2024-11-03T09:46:10.791+0000] {dag.py:3954} INFO - Setting next_dagrun for latest_only to 2024-11-03 04:00:00+00:00, run_after=2024-11-03 08:00:00+00:00
[2024-11-03T09:46:10.809+0000] {processor.py:183} INFO - Processing /home/airflow/.local/lib/python3.11/site-packages/airflow/example_dags/example_latest_only.py took 0.065 seconds
[2024-11-03T09:46:40.882+0000] {processor.py:161} INFO - Started process (PID=3271) to work on /home/airflow/.local/lib/python3.11/site-packages/airflow/example_dags/example_latest_only.py
[2024-11-03T09:46:40.883+0000] {processor.py:830} INFO - Processing file /home/airflow/.local/lib/python3.11/site-packages/airflow/example_dags/example_latest_only.py for tasks to queue
[2024-11-03T09:46:40.884+0000] {logging_mixin.py:188} INFO - [2024-11-03T09:46:40.884+0000] {dagbag.py:545} INFO - Filling up the DagBag from /home/airflow/.local/lib/python3.11/site-packages/airflow/example_dags/example_latest_only.py
[2024-11-03T09:46:40.890+0000] {processor.py:840} INFO - DAG(s) 'latest_only' retrieved from /home/airflow/.local/lib/python3.11/site-packages/airflow/example_dags/example_latest_only.py
[2024-11-03T09:46:40.917+0000] {logging_mixin.py:188} INFO - [2024-11-03T09:46:40.917+0000] {dag.py:3096} INFO - Sync 1 DAGs
[2024-11-03T09:46:40.946+0000] {logging_mixin.py:188} INFO - [2024-11-03T09:46:40.946+0000] {dag.py:3954} INFO - Setting next_dagrun for latest_only to 2024-11-03 04:00:00+00:00, run_after=2024-11-03 08:00:00+00:00
[2024-11-03T09:46:40.974+0000] {processor.py:183} INFO - Processing /home/airflow/.local/lib/python3.11/site-packages/airflow/example_dags/example_latest_only.py took 0.097 seconds
[2024-11-03T09:47:11.978+0000] {processor.py:161} INFO - Started process (PID=3542) to work on /home/airflow/.local/lib/python3.11/site-packages/airflow/example_dags/example_latest_only.py
[2024-11-03T09:47:11.978+0000] {processor.py:830} INFO - Processing file /home/airflow/.local/lib/python3.11/site-packages/airflow/example_dags/example_latest_only.py for tasks to queue
[2024-11-03T09:47:11.979+0000] {logging_mixin.py:188} INFO - [2024-11-03T09:47:11.979+0000] {dagbag.py:545} INFO - Filling up the DagBag from /home/airflow/.local/lib/python3.11/site-packages/airflow/example_dags/example_latest_only.py
[2024-11-03T09:47:11.984+0000] {processor.py:840} INFO - DAG(s) 'latest_only' retrieved from /home/airflow/.local/lib/python3.11/site-packages/airflow/example_dags/example_latest_only.py
[2024-11-03T09:47:12.005+0000] {logging_mixin.py:188} INFO - [2024-11-03T09:47:12.005+0000] {dag.py:3096} INFO - Sync 1 DAGs
[2024-11-03T09:47:12.023+0000] {logging_mixin.py:188} INFO - [2024-11-03T09:47:12.023+0000] {dag.py:3954} INFO - Setting next_dagrun for latest_only to 2024-11-03 04:00:00+00:00, run_after=2024-11-03 08:00:00+00:00
[2024-11-03T09:47:12.039+0000] {processor.py:183} INFO - Processing /home/airflow/.local/lib/python3.11/site-packages/airflow/example_dags/example_latest_only.py took 0.067 seconds
[2024-11-03T09:47:42.098+0000] {processor.py:161} INFO - Started process (PID=3803) to work on /home/airflow/.local/lib/python3.11/site-packages/airflow/example_dags/example_latest_only.py
[2024-11-03T09:47:42.099+0000] {processor.py:830} INFO - Processing file /home/airflow/.local/lib/python3.11/site-packages/airflow/example_dags/example_latest_only.py for tasks to queue
[2024-11-03T09:47:42.100+0000] {logging_mixin.py:188} INFO - [2024-11-03T09:47:42.099+0000] {dagbag.py:545} INFO - Filling up the DagBag from /home/airflow/.local/lib/python3.11/site-packages/airflow/example_dags/example_latest_only.py
[2024-11-03T09:47:42.104+0000] {processor.py:840} INFO - DAG(s) 'latest_only' retrieved from /home/airflow/.local/lib/python3.11/site-packages/airflow/example_dags/example_latest_only.py
[2024-11-03T09:47:42.121+0000] {logging_mixin.py:188} INFO - [2024-11-03T09:47:42.120+0000] {dag.py:3096} INFO - Sync 1 DAGs
[2024-11-03T09:47:42.139+0000] {logging_mixin.py:188} INFO - [2024-11-03T09:47:42.138+0000] {dag.py:3954} INFO - Setting next_dagrun for latest_only to 2024-11-03 04:00:00+00:00, run_after=2024-11-03 08:00:00+00:00
[2024-11-03T09:47:42.155+0000] {processor.py:183} INFO - Processing /home/airflow/.local/lib/python3.11/site-packages/airflow/example_dags/example_latest_only.py took 0.062 seconds
[2024-11-03T09:48:13.097+0000] {processor.py:161} INFO - Started process (PID=4079) to work on /home/airflow/.local/lib/python3.11/site-packages/airflow/example_dags/example_latest_only.py
[2024-11-03T09:48:13.099+0000] {processor.py:830} INFO - Processing file /home/airflow/.local/lib/python3.11/site-packages/airflow/example_dags/example_latest_only.py for tasks to queue
[2024-11-03T09:48:13.100+0000] {logging_mixin.py:188} INFO - [2024-11-03T09:48:13.099+0000] {dagbag.py:545} INFO - Filling up the DagBag from /home/airflow/.local/lib/python3.11/site-packages/airflow/example_dags/example_latest_only.py
[2024-11-03T09:48:13.105+0000] {processor.py:840} INFO - DAG(s) 'latest_only' retrieved from /home/airflow/.local/lib/python3.11/site-packages/airflow/example_dags/example_latest_only.py
[2024-11-03T09:48:13.127+0000] {logging_mixin.py:188} INFO - [2024-11-03T09:48:13.127+0000] {dag.py:3096} INFO - Sync 1 DAGs
[2024-11-03T09:48:13.156+0000] {logging_mixin.py:188} INFO - [2024-11-03T09:48:13.156+0000] {dag.py:3954} INFO - Setting next_dagrun for latest_only to 2024-11-03 04:00:00+00:00, run_after=2024-11-03 08:00:00+00:00
[2024-11-03T09:48:13.180+0000] {processor.py:183} INFO - Processing /home/airflow/.local/lib/python3.11/site-packages/airflow/example_dags/example_latest_only.py took 0.088 seconds
[2024-11-03T09:48:43.318+0000] {processor.py:161} INFO - Started process (PID=4350) to work on /home/airflow/.local/lib/python3.11/site-packages/airflow/example_dags/example_latest_only.py
[2024-11-03T09:48:43.318+0000] {processor.py:830} INFO - Processing file /home/airflow/.local/lib/python3.11/site-packages/airflow/example_dags/example_latest_only.py for tasks to queue
[2024-11-03T09:48:43.319+0000] {logging_mixin.py:188} INFO - [2024-11-03T09:48:43.319+0000] {dagbag.py:545} INFO - Filling up the DagBag from /home/airflow/.local/lib/python3.11/site-packages/airflow/example_dags/example_latest_only.py
[2024-11-03T09:48:43.325+0000] {processor.py:840} INFO - DAG(s) 'latest_only' retrieved from /home/airflow/.local/lib/python3.11/site-packages/airflow/example_dags/example_latest_only.py
[2024-11-03T09:48:43.348+0000] {logging_mixin.py:188} INFO - [2024-11-03T09:48:43.347+0000] {dag.py:3096} INFO - Sync 1 DAGs
[2024-11-03T09:48:43.372+0000] {logging_mixin.py:188} INFO - [2024-11-03T09:48:43.372+0000] {dag.py:3954} INFO - Setting next_dagrun for latest_only to 2024-11-03 04:00:00+00:00, run_after=2024-11-03 08:00:00+00:00
[2024-11-03T09:48:43.394+0000] {processor.py:183} INFO - Processing /home/airflow/.local/lib/python3.11/site-packages/airflow/example_dags/example_latest_only.py took 0.081 seconds
[2024-11-03T09:49:14.111+0000] {processor.py:161} INFO - Started process (PID=4634) to work on /home/airflow/.local/lib/python3.11/site-packages/airflow/example_dags/example_latest_only.py
[2024-11-03T09:49:14.112+0000] {processor.py:830} INFO - Processing file /home/airflow/.local/lib/python3.11/site-packages/airflow/example_dags/example_latest_only.py for tasks to queue
[2024-11-03T09:49:14.113+0000] {logging_mixin.py:188} INFO - [2024-11-03T09:49:14.113+0000] {dagbag.py:545} INFO - Filling up the DagBag from /home/airflow/.local/lib/python3.11/site-packages/airflow/example_dags/example_latest_only.py
[2024-11-03T09:49:14.119+0000] {processor.py:840} INFO - DAG(s) 'latest_only' retrieved from /home/airflow/.local/lib/python3.11/site-packages/airflow/example_dags/example_latest_only.py
[2024-11-03T09:49:14.142+0000] {logging_mixin.py:188} INFO - [2024-11-03T09:49:14.141+0000] {dag.py:3096} INFO - Sync 1 DAGs
[2024-11-03T09:49:14.164+0000] {logging_mixin.py:188} INFO - [2024-11-03T09:49:14.164+0000] {dag.py:3954} INFO - Setting next_dagrun for latest_only to 2024-11-03 04:00:00+00:00, run_after=2024-11-03 08:00:00+00:00
[2024-11-03T09:49:14.184+0000] {processor.py:183} INFO - Processing /home/airflow/.local/lib/python3.11/site-packages/airflow/example_dags/example_latest_only.py took 0.080 seconds
[2024-11-03T09:49:44.254+0000] {processor.py:161} INFO - Started process (PID=4900) to work on /home/airflow/.local/lib/python3.11/site-packages/airflow/example_dags/example_latest_only.py
[2024-11-03T09:49:44.255+0000] {processor.py:830} INFO - Processing file /home/airflow/.local/lib/python3.11/site-packages/airflow/example_dags/example_latest_only.py for tasks to queue
[2024-11-03T09:49:44.256+0000] {logging_mixin.py:188} INFO - [2024-11-03T09:49:44.256+0000] {dagbag.py:545} INFO - Filling up the DagBag from /home/airflow/.local/lib/python3.11/site-packages/airflow/example_dags/example_latest_only.py
[2024-11-03T09:49:44.260+0000] {processor.py:840} INFO - DAG(s) 'latest_only' retrieved from /home/airflow/.local/lib/python3.11/site-packages/airflow/example_dags/example_latest_only.py
[2024-11-03T09:49:44.278+0000] {logging_mixin.py:188} INFO - [2024-11-03T09:49:44.278+0000] {dag.py:3096} INFO - Sync 1 DAGs
[2024-11-03T09:49:44.297+0000] {logging_mixin.py:188} INFO - [2024-11-03T09:49:44.296+0000] {dag.py:3954} INFO - Setting next_dagrun for latest_only to 2024-11-03 04:00:00+00:00, run_after=2024-11-03 08:00:00+00:00
[2024-11-03T09:49:44.312+0000] {processor.py:183} INFO - Processing /home/airflow/.local/lib/python3.11/site-packages/airflow/example_dags/example_latest_only.py took 0.063 seconds
[2024-11-03T09:50:14.552+0000] {processor.py:161} INFO - Started process (PID=5166) to work on /home/airflow/.local/lib/python3.11/site-packages/airflow/example_dags/example_latest_only.py
[2024-11-03T09:50:14.554+0000] {processor.py:830} INFO - Processing file /home/airflow/.local/lib/python3.11/site-packages/airflow/example_dags/example_latest_only.py for tasks to queue
[2024-11-03T09:50:14.555+0000] {logging_mixin.py:188} INFO - [2024-11-03T09:50:14.554+0000] {dagbag.py:545} INFO - Filling up the DagBag from /home/airflow/.local/lib/python3.11/site-packages/airflow/example_dags/example_latest_only.py
[2024-11-03T09:50:14.562+0000] {processor.py:840} INFO - DAG(s) 'latest_only' retrieved from /home/airflow/.local/lib/python3.11/site-packages/airflow/example_dags/example_latest_only.py
[2024-11-03T09:50:14.583+0000] {logging_mixin.py:188} INFO - [2024-11-03T09:50:14.583+0000] {dag.py:3096} INFO - Sync 1 DAGs
[2024-11-03T09:50:14.605+0000] {logging_mixin.py:188} INFO - [2024-11-03T09:50:14.605+0000] {dag.py:3954} INFO - Setting next_dagrun for latest_only to 2024-11-03 04:00:00+00:00, run_after=2024-11-03 08:00:00+00:00
[2024-11-03T09:50:14.622+0000] {processor.py:183} INFO - Processing /home/airflow/.local/lib/python3.11/site-packages/airflow/example_dags/example_latest_only.py took 0.079 seconds
[2024-11-03T09:50:44.772+0000] {processor.py:161} INFO - Started process (PID=5432) to work on /home/airflow/.local/lib/python3.11/site-packages/airflow/example_dags/example_latest_only.py
[2024-11-03T09:50:44.773+0000] {processor.py:830} INFO - Processing file /home/airflow/.local/lib/python3.11/site-packages/airflow/example_dags/example_latest_only.py for tasks to queue
[2024-11-03T09:50:44.774+0000] {logging_mixin.py:188} INFO - [2024-11-03T09:50:44.774+0000] {dagbag.py:545} INFO - Filling up the DagBag from /home/airflow/.local/lib/python3.11/site-packages/airflow/example_dags/example_latest_only.py
[2024-11-03T09:50:44.780+0000] {processor.py:840} INFO - DAG(s) 'latest_only' retrieved from /home/airflow/.local/lib/python3.11/site-packages/airflow/example_dags/example_latest_only.py
[2024-11-03T09:50:44.797+0000] {logging_mixin.py:188} INFO - [2024-11-03T09:50:44.796+0000] {dag.py:3096} INFO - Sync 1 DAGs
[2024-11-03T09:50:44.816+0000] {logging_mixin.py:188} INFO - [2024-11-03T09:50:44.815+0000] {dag.py:3954} INFO - Setting next_dagrun for latest_only to 2024-11-03 04:00:00+00:00, run_after=2024-11-03 08:00:00+00:00
[2024-11-03T09:50:44.832+0000] {processor.py:183} INFO - Processing /home/airflow/.local/lib/python3.11/site-packages/airflow/example_dags/example_latest_only.py took 0.066 seconds
[2024-11-03T09:51:15.519+0000] {processor.py:161} INFO - Started process (PID=5698) to work on /home/airflow/.local/lib/python3.11/site-packages/airflow/example_dags/example_latest_only.py
[2024-11-03T09:51:15.521+0000] {processor.py:830} INFO - Processing file /home/airflow/.local/lib/python3.11/site-packages/airflow/example_dags/example_latest_only.py for tasks to queue
[2024-11-03T09:51:15.522+0000] {logging_mixin.py:188} INFO - [2024-11-03T09:51:15.521+0000] {dagbag.py:545} INFO - Filling up the DagBag from /home/airflow/.local/lib/python3.11/site-packages/airflow/example_dags/example_latest_only.py
[2024-11-03T09:51:15.527+0000] {processor.py:840} INFO - DAG(s) 'latest_only' retrieved from /home/airflow/.local/lib/python3.11/site-packages/airflow/example_dags/example_latest_only.py
[2024-11-03T09:51:15.549+0000] {logging_mixin.py:188} INFO - [2024-11-03T09:51:15.548+0000] {dag.py:3096} INFO - Sync 1 DAGs
[2024-11-03T09:51:15.568+0000] {logging_mixin.py:188} INFO - [2024-11-03T09:51:15.567+0000] {dag.py:3954} INFO - Setting next_dagrun for latest_only to 2024-11-03 04:00:00+00:00, run_after=2024-11-03 08:00:00+00:00
[2024-11-03T09:51:15.586+0000] {processor.py:183} INFO - Processing /home/airflow/.local/lib/python3.11/site-packages/airflow/example_dags/example_latest_only.py took 0.073 seconds
[2024-11-03T09:51:46.268+0000] {processor.py:161} INFO - Started process (PID=5964) to work on /home/airflow/.local/lib/python3.11/site-packages/airflow/example_dags/example_latest_only.py
[2024-11-03T09:51:46.269+0000] {processor.py:830} INFO - Processing file /home/airflow/.local/lib/python3.11/site-packages/airflow/example_dags/example_latest_only.py for tasks to queue
[2024-11-03T09:51:46.269+0000] {logging_mixin.py:188} INFO - [2024-11-03T09:51:46.269+0000] {dagbag.py:545} INFO - Filling up the DagBag from /home/airflow/.local/lib/python3.11/site-packages/airflow/example_dags/example_latest_only.py
[2024-11-03T09:51:46.275+0000] {processor.py:840} INFO - DAG(s) 'latest_only' retrieved from /home/airflow/.local/lib/python3.11/site-packages/airflow/example_dags/example_latest_only.py
[2024-11-03T09:51:46.294+0000] {logging_mixin.py:188} INFO - [2024-11-03T09:51:46.293+0000] {dag.py:3096} INFO - Sync 1 DAGs
[2024-11-03T09:51:46.317+0000] {logging_mixin.py:188} INFO - [2024-11-03T09:51:46.317+0000] {dag.py:3954} INFO - Setting next_dagrun for latest_only to 2024-11-03 04:00:00+00:00, run_after=2024-11-03 08:00:00+00:00
[2024-11-03T09:51:46.332+0000] {processor.py:183} INFO - Processing /home/airflow/.local/lib/python3.11/site-packages/airflow/example_dags/example_latest_only.py took 0.070 seconds
[2024-11-03T09:52:17.033+0000] {processor.py:161} INFO - Started process (PID=6230) to work on /home/airflow/.local/lib/python3.11/site-packages/airflow/example_dags/example_latest_only.py
[2024-11-03T09:52:17.034+0000] {processor.py:830} INFO - Processing file /home/airflow/.local/lib/python3.11/site-packages/airflow/example_dags/example_latest_only.py for tasks to queue
[2024-11-03T09:52:17.035+0000] {logging_mixin.py:188} INFO - [2024-11-03T09:52:17.035+0000] {dagbag.py:545} INFO - Filling up the DagBag from /home/airflow/.local/lib/python3.11/site-packages/airflow/example_dags/example_latest_only.py
[2024-11-03T09:52:17.040+0000] {processor.py:840} INFO - DAG(s) 'latest_only' retrieved from /home/airflow/.local/lib/python3.11/site-packages/airflow/example_dags/example_latest_only.py
[2024-11-03T09:52:17.057+0000] {logging_mixin.py:188} INFO - [2024-11-03T09:52:17.057+0000] {dag.py:3096} INFO - Sync 1 DAGs
[2024-11-03T09:52:17.075+0000] {logging_mixin.py:188} INFO - [2024-11-03T09:52:17.075+0000] {dag.py:3954} INFO - Setting next_dagrun for latest_only to 2024-11-03 04:00:00+00:00, run_after=2024-11-03 08:00:00+00:00
[2024-11-03T09:52:17.092+0000] {processor.py:183} INFO - Processing /home/airflow/.local/lib/python3.11/site-packages/airflow/example_dags/example_latest_only.py took 0.064 seconds
[2024-11-03T09:52:47.184+0000] {processor.py:161} INFO - Started process (PID=6496) to work on /home/airflow/.local/lib/python3.11/site-packages/airflow/example_dags/example_latest_only.py
[2024-11-03T09:52:47.185+0000] {processor.py:830} INFO - Processing file /home/airflow/.local/lib/python3.11/site-packages/airflow/example_dags/example_latest_only.py for tasks to queue
[2024-11-03T09:52:47.186+0000] {logging_mixin.py:188} INFO - [2024-11-03T09:52:47.185+0000] {dagbag.py:545} INFO - Filling up the DagBag from /home/airflow/.local/lib/python3.11/site-packages/airflow/example_dags/example_latest_only.py
[2024-11-03T09:52:47.190+0000] {processor.py:840} INFO - DAG(s) 'latest_only' retrieved from /home/airflow/.local/lib/python3.11/site-packages/airflow/example_dags/example_latest_only.py
[2024-11-03T09:52:47.211+0000] {logging_mixin.py:188} INFO - [2024-11-03T09:52:47.210+0000] {dag.py:3096} INFO - Sync 1 DAGs
[2024-11-03T09:52:47.230+0000] {logging_mixin.py:188} INFO - [2024-11-03T09:52:47.230+0000] {dag.py:3954} INFO - Setting next_dagrun for latest_only to 2024-11-03 04:00:00+00:00, run_after=2024-11-03 08:00:00+00:00
[2024-11-03T09:52:47.250+0000] {processor.py:183} INFO - Processing /home/airflow/.local/lib/python3.11/site-packages/airflow/example_dags/example_latest_only.py took 0.071 seconds
[2024-11-03T09:53:17.415+0000] {processor.py:161} INFO - Started process (PID=6762) to work on /home/airflow/.local/lib/python3.11/site-packages/airflow/example_dags/example_latest_only.py
[2024-11-03T09:53:17.416+0000] {processor.py:830} INFO - Processing file /home/airflow/.local/lib/python3.11/site-packages/airflow/example_dags/example_latest_only.py for tasks to queue
[2024-11-03T09:53:17.417+0000] {logging_mixin.py:188} INFO - [2024-11-03T09:53:17.416+0000] {dagbag.py:545} INFO - Filling up the DagBag from /home/airflow/.local/lib/python3.11/site-packages/airflow/example_dags/example_latest_only.py
[2024-11-03T09:53:17.421+0000] {processor.py:840} INFO - DAG(s) 'latest_only' retrieved from /home/airflow/.local/lib/python3.11/site-packages/airflow/example_dags/example_latest_only.py
[2024-11-03T09:53:17.439+0000] {logging_mixin.py:188} INFO - [2024-11-03T09:53:17.439+0000] {dag.py:3096} INFO - Sync 1 DAGs
[2024-11-03T09:53:17.455+0000] {logging_mixin.py:188} INFO - [2024-11-03T09:53:17.455+0000] {dag.py:3954} INFO - Setting next_dagrun for latest_only to 2024-11-03 04:00:00+00:00, run_after=2024-11-03 08:00:00+00:00
[2024-11-03T09:53:17.471+0000] {processor.py:183} INFO - Processing /home/airflow/.local/lib/python3.11/site-packages/airflow/example_dags/example_latest_only.py took 0.061 seconds
[2024-11-03T09:53:47.605+0000] {processor.py:161} INFO - Started process (PID=7048) to work on /home/airflow/.local/lib/python3.11/site-packages/airflow/example_dags/example_latest_only.py
[2024-11-03T09:53:47.606+0000] {processor.py:830} INFO - Processing file /home/airflow/.local/lib/python3.11/site-packages/airflow/example_dags/example_latest_only.py for tasks to queue
[2024-11-03T09:53:47.606+0000] {logging_mixin.py:188} INFO - [2024-11-03T09:53:47.606+0000] {dagbag.py:545} INFO - Filling up the DagBag from /home/airflow/.local/lib/python3.11/site-packages/airflow/example_dags/example_latest_only.py
[2024-11-03T09:53:47.612+0000] {processor.py:840} INFO - DAG(s) 'latest_only' retrieved from /home/airflow/.local/lib/python3.11/site-packages/airflow/example_dags/example_latest_only.py
[2024-11-03T09:53:47.632+0000] {logging_mixin.py:188} INFO - [2024-11-03T09:53:47.632+0000] {dag.py:3096} INFO - Sync 1 DAGs
[2024-11-03T09:53:47.651+0000] {logging_mixin.py:188} INFO - [2024-11-03T09:53:47.651+0000] {dag.py:3954} INFO - Setting next_dagrun for latest_only to 2024-11-03 04:00:00+00:00, run_after=2024-11-03 08:00:00+00:00
[2024-11-03T09:53:47.666+0000] {processor.py:183} INFO - Processing /home/airflow/.local/lib/python3.11/site-packages/airflow/example_dags/example_latest_only.py took 0.067 seconds
[2024-11-03T09:54:18.032+0000] {processor.py:161} INFO - Started process (PID=7314) to work on /home/airflow/.local/lib/python3.11/site-packages/airflow/example_dags/example_latest_only.py
[2024-11-03T09:54:18.033+0000] {processor.py:830} INFO - Processing file /home/airflow/.local/lib/python3.11/site-packages/airflow/example_dags/example_latest_only.py for tasks to queue
[2024-11-03T09:54:18.034+0000] {logging_mixin.py:188} INFO - [2024-11-03T09:54:18.034+0000] {dagbag.py:545} INFO - Filling up the DagBag from /home/airflow/.local/lib/python3.11/site-packages/airflow/example_dags/example_latest_only.py
[2024-11-03T09:54:18.038+0000] {processor.py:840} INFO - DAG(s) 'latest_only' retrieved from /home/airflow/.local/lib/python3.11/site-packages/airflow/example_dags/example_latest_only.py
[2024-11-03T09:54:18.057+0000] {logging_mixin.py:188} INFO - [2024-11-03T09:54:18.057+0000] {dag.py:3096} INFO - Sync 1 DAGs
[2024-11-03T09:54:18.075+0000] {logging_mixin.py:188} INFO - [2024-11-03T09:54:18.075+0000] {dag.py:3954} INFO - Setting next_dagrun for latest_only to 2024-11-03 04:00:00+00:00, run_after=2024-11-03 08:00:00+00:00
[2024-11-03T09:54:18.090+0000] {processor.py:183} INFO - Processing /home/airflow/.local/lib/python3.11/site-packages/airflow/example_dags/example_latest_only.py took 0.063 seconds
[2024-11-03T09:54:48.681+0000] {processor.py:161} INFO - Started process (PID=7580) to work on /home/airflow/.local/lib/python3.11/site-packages/airflow/example_dags/example_latest_only.py
[2024-11-03T09:54:48.682+0000] {processor.py:830} INFO - Processing file /home/airflow/.local/lib/python3.11/site-packages/airflow/example_dags/example_latest_only.py for tasks to queue
[2024-11-03T09:54:48.683+0000] {logging_mixin.py:188} INFO - [2024-11-03T09:54:48.683+0000] {dagbag.py:545} INFO - Filling up the DagBag from /home/airflow/.local/lib/python3.11/site-packages/airflow/example_dags/example_latest_only.py
[2024-11-03T09:54:48.687+0000] {processor.py:840} INFO - DAG(s) 'latest_only' retrieved from /home/airflow/.local/lib/python3.11/site-packages/airflow/example_dags/example_latest_only.py
[2024-11-03T09:54:48.704+0000] {logging_mixin.py:188} INFO - [2024-11-03T09:54:48.704+0000] {dag.py:3096} INFO - Sync 1 DAGs
[2024-11-03T09:54:48.722+0000] {logging_mixin.py:188} INFO - [2024-11-03T09:54:48.722+0000] {dag.py:3954} INFO - Setting next_dagrun for latest_only to 2024-11-03 04:00:00+00:00, run_after=2024-11-03 08:00:00+00:00
[2024-11-03T09:54:48.740+0000] {processor.py:183} INFO - Processing /home/airflow/.local/lib/python3.11/site-packages/airflow/example_dags/example_latest_only.py took 0.064 seconds
[2024-11-03T09:55:19.080+0000] {processor.py:161} INFO - Started process (PID=7846) to work on /home/airflow/.local/lib/python3.11/site-packages/airflow/example_dags/example_latest_only.py
[2024-11-03T09:55:19.081+0000] {processor.py:830} INFO - Processing file /home/airflow/.local/lib/python3.11/site-packages/airflow/example_dags/example_latest_only.py for tasks to queue
[2024-11-03T09:55:19.082+0000] {logging_mixin.py:188} INFO - [2024-11-03T09:55:19.082+0000] {dagbag.py:545} INFO - Filling up the DagBag from /home/airflow/.local/lib/python3.11/site-packages/airflow/example_dags/example_latest_only.py
[2024-11-03T09:55:19.087+0000] {processor.py:840} INFO - DAG(s) 'latest_only' retrieved from /home/airflow/.local/lib/python3.11/site-packages/airflow/example_dags/example_latest_only.py
[2024-11-03T09:55:19.105+0000] {logging_mixin.py:188} INFO - [2024-11-03T09:55:19.104+0000] {dag.py:3096} INFO - Sync 1 DAGs
[2024-11-03T09:55:19.126+0000] {logging_mixin.py:188} INFO - [2024-11-03T09:55:19.126+0000] {dag.py:3954} INFO - Setting next_dagrun for latest_only to 2024-11-03 04:00:00+00:00, run_after=2024-11-03 08:00:00+00:00
[2024-11-03T09:55:19.142+0000] {processor.py:183} INFO - Processing /home/airflow/.local/lib/python3.11/site-packages/airflow/example_dags/example_latest_only.py took 0.067 seconds
[2024-11-03T09:55:49.638+0000] {processor.py:161} INFO - Started process (PID=8112) to work on /home/airflow/.local/lib/python3.11/site-packages/airflow/example_dags/example_latest_only.py
[2024-11-03T09:55:49.639+0000] {processor.py:830} INFO - Processing file /home/airflow/.local/lib/python3.11/site-packages/airflow/example_dags/example_latest_only.py for tasks to queue
[2024-11-03T09:55:49.640+0000] {logging_mixin.py:188} INFO - [2024-11-03T09:55:49.640+0000] {dagbag.py:545} INFO - Filling up the DagBag from /home/airflow/.local/lib/python3.11/site-packages/airflow/example_dags/example_latest_only.py
[2024-11-03T09:55:49.644+0000] {processor.py:840} INFO - DAG(s) 'latest_only' retrieved from /home/airflow/.local/lib/python3.11/site-packages/airflow/example_dags/example_latest_only.py
[2024-11-03T09:55:49.665+0000] {logging_mixin.py:188} INFO - [2024-11-03T09:55:49.664+0000] {dag.py:3096} INFO - Sync 1 DAGs
[2024-11-03T09:55:49.683+0000] {logging_mixin.py:188} INFO - [2024-11-03T09:55:49.683+0000] {dag.py:3954} INFO - Setting next_dagrun for latest_only to 2024-11-03 04:00:00+00:00, run_after=2024-11-03 08:00:00+00:00
[2024-11-03T09:55:49.698+0000] {processor.py:183} INFO - Processing /home/airflow/.local/lib/python3.11/site-packages/airflow/example_dags/example_latest_only.py took 0.065 seconds
[2024-11-03T16:27:43.364+0000] {processor.py:161} INFO - Started process (PID=250) to work on /home/airflow/.local/lib/python3.11/site-packages/airflow/example_dags/example_latest_only.py
[2024-11-03T16:27:43.366+0000] {processor.py:830} INFO - Processing file /home/airflow/.local/lib/python3.11/site-packages/airflow/example_dags/example_latest_only.py for tasks to queue
[2024-11-03T16:27:43.368+0000] {logging_mixin.py:188} INFO - [2024-11-03T16:27:43.368+0000] {dagbag.py:545} INFO - Filling up the DagBag from /home/airflow/.local/lib/python3.11/site-packages/airflow/example_dags/example_latest_only.py
[2024-11-03T16:27:43.376+0000] {processor.py:840} INFO - DAG(s) 'latest_only' retrieved from /home/airflow/.local/lib/python3.11/site-packages/airflow/example_dags/example_latest_only.py
[2024-11-03T16:27:43.387+0000] {logging_mixin.py:188} INFO - [2024-11-03T16:27:43.387+0000] {dag.py:3096} INFO - Sync 1 DAGs
[2024-11-03T16:27:43.409+0000] {logging_mixin.py:188} INFO - [2024-11-03T16:27:43.409+0000] {dag.py:3954} INFO - Setting next_dagrun for latest_only to 2024-11-03 12:00:00+00:00, run_after=2024-11-03 16:00:00+00:00
[2024-11-03T16:27:43.432+0000] {processor.py:183} INFO - Processing /home/airflow/.local/lib/python3.11/site-packages/airflow/example_dags/example_latest_only.py took 0.073 seconds
[2024-11-03T16:28:14.227+0000] {processor.py:161} INFO - Started process (PID=517) to work on /home/airflow/.local/lib/python3.11/site-packages/airflow/example_dags/example_latest_only.py
[2024-11-03T16:28:14.228+0000] {processor.py:830} INFO - Processing file /home/airflow/.local/lib/python3.11/site-packages/airflow/example_dags/example_latest_only.py for tasks to queue
[2024-11-03T16:28:14.230+0000] {logging_mixin.py:188} INFO - [2024-11-03T16:28:14.229+0000] {dagbag.py:545} INFO - Filling up the DagBag from /home/airflow/.local/lib/python3.11/site-packages/airflow/example_dags/example_latest_only.py
[2024-11-03T16:28:14.234+0000] {processor.py:840} INFO - DAG(s) 'latest_only' retrieved from /home/airflow/.local/lib/python3.11/site-packages/airflow/example_dags/example_latest_only.py
[2024-11-03T16:28:14.340+0000] {logging_mixin.py:188} INFO - [2024-11-03T16:28:14.340+0000] {dag.py:3096} INFO - Sync 1 DAGs
[2024-11-03T16:28:14.360+0000] {logging_mixin.py:188} INFO - [2024-11-03T16:28:14.360+0000] {dag.py:3954} INFO - Setting next_dagrun for latest_only to 2024-11-03 12:00:00+00:00, run_after=2024-11-03 16:00:00+00:00
[2024-11-03T16:28:14.380+0000] {processor.py:183} INFO - Processing /home/airflow/.local/lib/python3.11/site-packages/airflow/example_dags/example_latest_only.py took 0.159 seconds
