[2024-11-03T09:41:06.855+0000] {processor.py:161} INFO - Started process (PID=405) to work on /home/airflow/.local/lib/python3.11/site-packages/airflow/example_dags/example_sensors.py
[2024-11-03T09:41:06.856+0000] {processor.py:830} INFO - Processing file /home/airflow/.local/lib/python3.11/site-packages/airflow/example_dags/example_sensors.py for tasks to queue
[2024-11-03T09:41:06.858+0000] {logging_mixin.py:188} INFO - [2024-11-03T09:41:06.858+0000] {dagbag.py:545} INFO - Filling up the DagBag from /home/airflow/.local/lib/python3.11/site-packages/airflow/example_dags/example_sensors.py
[2024-11-03T09:41:06.867+0000] {processor.py:840} INFO - DAG(s) 'example_sensors' retrieved from /home/airflow/.local/lib/python3.11/site-packages/airflow/example_dags/example_sensors.py
[2024-11-03T09:41:06.877+0000] {logging_mixin.py:188} INFO - [2024-11-03T09:41:06.876+0000] {dag.py:3096} INFO - Sync 1 DAGs
[2024-11-03T09:41:06.888+0000] {logging_mixin.py:188} INFO - [2024-11-03T09:41:06.887+0000] {dag.py:3954} INFO - Setting next_dagrun for example_sensors to None, run_after=None
[2024-11-03T09:41:06.904+0000] {processor.py:183} INFO - Processing /home/airflow/.local/lib/python3.11/site-packages/airflow/example_dags/example_sensors.py took 0.054 seconds
[2024-11-03T09:41:38.824+0000] {processor.py:161} INFO - Started process (PID=671) to work on /home/airflow/.local/lib/python3.11/site-packages/airflow/example_dags/example_sensors.py
[2024-11-03T09:41:38.825+0000] {processor.py:830} INFO - Processing file /home/airflow/.local/lib/python3.11/site-packages/airflow/example_dags/example_sensors.py for tasks to queue
[2024-11-03T09:41:38.826+0000] {logging_mixin.py:188} INFO - [2024-11-03T09:41:38.826+0000] {dagbag.py:545} INFO - Filling up the DagBag from /home/airflow/.local/lib/python3.11/site-packages/airflow/example_dags/example_sensors.py
[2024-11-03T09:41:38.836+0000] {processor.py:840} INFO - DAG(s) 'example_sensors' retrieved from /home/airflow/.local/lib/python3.11/site-packages/airflow/example_dags/example_sensors.py
[2024-11-03T09:41:38.921+0000] {logging_mixin.py:188} INFO - [2024-11-03T09:41:38.921+0000] {dag.py:3096} INFO - Sync 1 DAGs
[2024-11-03T09:41:38.930+0000] {logging_mixin.py:188} INFO - [2024-11-03T09:41:38.929+0000] {dag.py:3954} INFO - Setting next_dagrun for example_sensors to None, run_after=None
[2024-11-03T09:41:38.946+0000] {processor.py:183} INFO - Processing /home/airflow/.local/lib/python3.11/site-packages/airflow/example_dags/example_sensors.py took 0.127 seconds
[2024-11-03T09:42:09.806+0000] {processor.py:161} INFO - Started process (PID=937) to work on /home/airflow/.local/lib/python3.11/site-packages/airflow/example_dags/example_sensors.py
[2024-11-03T09:42:09.807+0000] {processor.py:830} INFO - Processing file /home/airflow/.local/lib/python3.11/site-packages/airflow/example_dags/example_sensors.py for tasks to queue
[2024-11-03T09:42:09.809+0000] {logging_mixin.py:188} INFO - [2024-11-03T09:42:09.808+0000] {dagbag.py:545} INFO - Filling up the DagBag from /home/airflow/.local/lib/python3.11/site-packages/airflow/example_dags/example_sensors.py
[2024-11-03T09:42:09.819+0000] {processor.py:840} INFO - DAG(s) 'example_sensors' retrieved from /home/airflow/.local/lib/python3.11/site-packages/airflow/example_dags/example_sensors.py
[2024-11-03T09:42:09.855+0000] {logging_mixin.py:188} INFO - [2024-11-03T09:42:09.854+0000] {dag.py:3096} INFO - Sync 1 DAGs
[2024-11-03T09:42:09.868+0000] {logging_mixin.py:188} INFO - [2024-11-03T09:42:09.868+0000] {dag.py:3954} INFO - Setting next_dagrun for example_sensors to None, run_after=None
[2024-11-03T09:42:09.892+0000] {processor.py:183} INFO - Processing /home/airflow/.local/lib/python3.11/site-packages/airflow/example_dags/example_sensors.py took 0.091 seconds
[2024-11-03T09:42:40.089+0000] {processor.py:161} INFO - Started process (PID=1203) to work on /home/airflow/.local/lib/python3.11/site-packages/airflow/example_dags/example_sensors.py
[2024-11-03T09:42:40.090+0000] {processor.py:830} INFO - Processing file /home/airflow/.local/lib/python3.11/site-packages/airflow/example_dags/example_sensors.py for tasks to queue
[2024-11-03T09:42:40.091+0000] {logging_mixin.py:188} INFO - [2024-11-03T09:42:40.091+0000] {dagbag.py:545} INFO - Filling up the DagBag from /home/airflow/.local/lib/python3.11/site-packages/airflow/example_dags/example_sensors.py
[2024-11-03T09:42:40.099+0000] {processor.py:840} INFO - DAG(s) 'example_sensors' retrieved from /home/airflow/.local/lib/python3.11/site-packages/airflow/example_dags/example_sensors.py
[2024-11-03T09:42:40.120+0000] {logging_mixin.py:188} INFO - [2024-11-03T09:42:40.120+0000] {dag.py:3096} INFO - Sync 1 DAGs
[2024-11-03T09:42:40.130+0000] {logging_mixin.py:188} INFO - [2024-11-03T09:42:40.130+0000] {dag.py:3954} INFO - Setting next_dagrun for example_sensors to None, run_after=None
[2024-11-03T09:42:40.148+0000] {processor.py:183} INFO - Processing /home/airflow/.local/lib/python3.11/site-packages/airflow/example_dags/example_sensors.py took 0.064 seconds
[2024-11-03T09:43:10.370+0000] {processor.py:161} INFO - Started process (PID=1474) to work on /home/airflow/.local/lib/python3.11/site-packages/airflow/example_dags/example_sensors.py
[2024-11-03T09:43:10.371+0000] {processor.py:830} INFO - Processing file /home/airflow/.local/lib/python3.11/site-packages/airflow/example_dags/example_sensors.py for tasks to queue
[2024-11-03T09:43:10.374+0000] {logging_mixin.py:188} INFO - [2024-11-03T09:43:10.374+0000] {dagbag.py:545} INFO - Filling up the DagBag from /home/airflow/.local/lib/python3.11/site-packages/airflow/example_dags/example_sensors.py
[2024-11-03T09:43:10.383+0000] {processor.py:840} INFO - DAG(s) 'example_sensors' retrieved from /home/airflow/.local/lib/python3.11/site-packages/airflow/example_dags/example_sensors.py
[2024-11-03T09:43:10.407+0000] {logging_mixin.py:188} INFO - [2024-11-03T09:43:10.406+0000] {dag.py:3096} INFO - Sync 1 DAGs
[2024-11-03T09:43:10.417+0000] {logging_mixin.py:188} INFO - [2024-11-03T09:43:10.417+0000] {dag.py:3954} INFO - Setting next_dagrun for example_sensors to None, run_after=None
[2024-11-03T09:43:10.433+0000] {processor.py:183} INFO - Processing /home/airflow/.local/lib/python3.11/site-packages/airflow/example_dags/example_sensors.py took 0.068 seconds
[2024-11-03T09:43:41.162+0000] {processor.py:161} INFO - Started process (PID=1750) to work on /home/airflow/.local/lib/python3.11/site-packages/airflow/example_dags/example_sensors.py
[2024-11-03T09:43:41.163+0000] {processor.py:830} INFO - Processing file /home/airflow/.local/lib/python3.11/site-packages/airflow/example_dags/example_sensors.py for tasks to queue
[2024-11-03T09:43:41.165+0000] {logging_mixin.py:188} INFO - [2024-11-03T09:43:41.164+0000] {dagbag.py:545} INFO - Filling up the DagBag from /home/airflow/.local/lib/python3.11/site-packages/airflow/example_dags/example_sensors.py
[2024-11-03T09:43:41.173+0000] {processor.py:840} INFO - DAG(s) 'example_sensors' retrieved from /home/airflow/.local/lib/python3.11/site-packages/airflow/example_dags/example_sensors.py
[2024-11-03T09:43:41.194+0000] {logging_mixin.py:188} INFO - [2024-11-03T09:43:41.194+0000] {dag.py:3096} INFO - Sync 1 DAGs
[2024-11-03T09:43:41.208+0000] {logging_mixin.py:188} INFO - [2024-11-03T09:43:41.208+0000] {dag.py:3954} INFO - Setting next_dagrun for example_sensors to None, run_after=None
[2024-11-03T09:43:41.227+0000] {processor.py:183} INFO - Processing /home/airflow/.local/lib/python3.11/site-packages/airflow/example_dags/example_sensors.py took 0.070 seconds
[2024-11-03T09:44:11.949+0000] {processor.py:161} INFO - Started process (PID=2016) to work on /home/airflow/.local/lib/python3.11/site-packages/airflow/example_dags/example_sensors.py
[2024-11-03T09:44:11.951+0000] {processor.py:830} INFO - Processing file /home/airflow/.local/lib/python3.11/site-packages/airflow/example_dags/example_sensors.py for tasks to queue
[2024-11-03T09:44:11.958+0000] {logging_mixin.py:188} INFO - [2024-11-03T09:44:11.957+0000] {dagbag.py:545} INFO - Filling up the DagBag from /home/airflow/.local/lib/python3.11/site-packages/airflow/example_dags/example_sensors.py
[2024-11-03T09:44:11.978+0000] {processor.py:840} INFO - DAG(s) 'example_sensors' retrieved from /home/airflow/.local/lib/python3.11/site-packages/airflow/example_dags/example_sensors.py
[2024-11-03T09:44:12.018+0000] {logging_mixin.py:188} INFO - [2024-11-03T09:44:12.017+0000] {dag.py:3096} INFO - Sync 1 DAGs
[2024-11-03T09:44:12.040+0000] {logging_mixin.py:188} INFO - [2024-11-03T09:44:12.039+0000] {dag.py:3954} INFO - Setting next_dagrun for example_sensors to None, run_after=None
[2024-11-03T09:44:12.064+0000] {processor.py:183} INFO - Processing /home/airflow/.local/lib/python3.11/site-packages/airflow/example_dags/example_sensors.py took 0.135 seconds
[2024-11-03T09:44:42.337+0000] {processor.py:161} INFO - Started process (PID=2312) to work on /home/airflow/.local/lib/python3.11/site-packages/airflow/example_dags/example_sensors.py
[2024-11-03T09:44:42.338+0000] {processor.py:830} INFO - Processing file /home/airflow/.local/lib/python3.11/site-packages/airflow/example_dags/example_sensors.py for tasks to queue
[2024-11-03T09:44:42.341+0000] {logging_mixin.py:188} INFO - [2024-11-03T09:44:42.340+0000] {dagbag.py:545} INFO - Filling up the DagBag from /home/airflow/.local/lib/python3.11/site-packages/airflow/example_dags/example_sensors.py
[2024-11-03T09:44:42.349+0000] {processor.py:840} INFO - DAG(s) 'example_sensors' retrieved from /home/airflow/.local/lib/python3.11/site-packages/airflow/example_dags/example_sensors.py
[2024-11-03T09:44:42.372+0000] {logging_mixin.py:188} INFO - [2024-11-03T09:44:42.371+0000] {dag.py:3096} INFO - Sync 1 DAGs
[2024-11-03T09:44:42.382+0000] {logging_mixin.py:188} INFO - [2024-11-03T09:44:42.382+0000] {dag.py:3954} INFO - Setting next_dagrun for example_sensors to None, run_after=None
[2024-11-03T09:44:42.402+0000] {processor.py:183} INFO - Processing /home/airflow/.local/lib/python3.11/site-packages/airflow/example_dags/example_sensors.py took 0.071 seconds
[2024-11-03T09:45:13.638+0000] {processor.py:161} INFO - Started process (PID=2593) to work on /home/airflow/.local/lib/python3.11/site-packages/airflow/example_dags/example_sensors.py
[2024-11-03T09:45:13.639+0000] {processor.py:830} INFO - Processing file /home/airflow/.local/lib/python3.11/site-packages/airflow/example_dags/example_sensors.py for tasks to queue
[2024-11-03T09:45:13.641+0000] {logging_mixin.py:188} INFO - [2024-11-03T09:45:13.641+0000] {dagbag.py:545} INFO - Filling up the DagBag from /home/airflow/.local/lib/python3.11/site-packages/airflow/example_dags/example_sensors.py
[2024-11-03T09:45:13.649+0000] {processor.py:840} INFO - DAG(s) 'example_sensors' retrieved from /home/airflow/.local/lib/python3.11/site-packages/airflow/example_dags/example_sensors.py
[2024-11-03T09:45:13.672+0000] {logging_mixin.py:188} INFO - [2024-11-03T09:45:13.672+0000] {dag.py:3096} INFO - Sync 1 DAGs
[2024-11-03T09:45:13.682+0000] {logging_mixin.py:188} INFO - [2024-11-03T09:45:13.681+0000] {dag.py:3954} INFO - Setting next_dagrun for example_sensors to None, run_after=None
[2024-11-03T09:45:13.699+0000] {processor.py:183} INFO - Processing /home/airflow/.local/lib/python3.11/site-packages/airflow/example_dags/example_sensors.py took 0.067 seconds
[2024-11-03T09:45:44.566+0000] {processor.py:161} INFO - Started process (PID=2859) to work on /home/airflow/.local/lib/python3.11/site-packages/airflow/example_dags/example_sensors.py
[2024-11-03T09:45:44.567+0000] {processor.py:830} INFO - Processing file /home/airflow/.local/lib/python3.11/site-packages/airflow/example_dags/example_sensors.py for tasks to queue
[2024-11-03T09:45:44.570+0000] {logging_mixin.py:188} INFO - [2024-11-03T09:45:44.569+0000] {dagbag.py:545} INFO - Filling up the DagBag from /home/airflow/.local/lib/python3.11/site-packages/airflow/example_dags/example_sensors.py
[2024-11-03T09:45:44.578+0000] {processor.py:840} INFO - DAG(s) 'example_sensors' retrieved from /home/airflow/.local/lib/python3.11/site-packages/airflow/example_dags/example_sensors.py
[2024-11-03T09:45:44.603+0000] {logging_mixin.py:188} INFO - [2024-11-03T09:45:44.603+0000] {dag.py:3096} INFO - Sync 1 DAGs
[2024-11-03T09:45:44.615+0000] {logging_mixin.py:188} INFO - [2024-11-03T09:45:44.614+0000] {dag.py:3954} INFO - Setting next_dagrun for example_sensors to None, run_after=None
[2024-11-03T09:45:44.634+0000] {processor.py:183} INFO - Processing /home/airflow/.local/lib/python3.11/site-packages/airflow/example_dags/example_sensors.py took 0.073 seconds
[2024-11-03T09:46:15.556+0000] {processor.py:161} INFO - Started process (PID=3140) to work on /home/airflow/.local/lib/python3.11/site-packages/airflow/example_dags/example_sensors.py
[2024-11-03T09:46:15.557+0000] {processor.py:830} INFO - Processing file /home/airflow/.local/lib/python3.11/site-packages/airflow/example_dags/example_sensors.py for tasks to queue
[2024-11-03T09:46:15.558+0000] {logging_mixin.py:188} INFO - [2024-11-03T09:46:15.558+0000] {dagbag.py:545} INFO - Filling up the DagBag from /home/airflow/.local/lib/python3.11/site-packages/airflow/example_dags/example_sensors.py
[2024-11-03T09:46:15.569+0000] {processor.py:840} INFO - DAG(s) 'example_sensors' retrieved from /home/airflow/.local/lib/python3.11/site-packages/airflow/example_dags/example_sensors.py
[2024-11-03T09:46:15.594+0000] {logging_mixin.py:188} INFO - [2024-11-03T09:46:15.594+0000] {dag.py:3096} INFO - Sync 1 DAGs
[2024-11-03T09:46:15.606+0000] {logging_mixin.py:188} INFO - [2024-11-03T09:46:15.605+0000] {dag.py:3954} INFO - Setting next_dagrun for example_sensors to None, run_after=None
[2024-11-03T09:46:15.629+0000] {processor.py:183} INFO - Processing /home/airflow/.local/lib/python3.11/site-packages/airflow/example_dags/example_sensors.py took 0.080 seconds
[2024-11-03T09:46:45.793+0000] {processor.py:161} INFO - Started process (PID=3431) to work on /home/airflow/.local/lib/python3.11/site-packages/airflow/example_dags/example_sensors.py
[2024-11-03T09:46:45.794+0000] {processor.py:830} INFO - Processing file /home/airflow/.local/lib/python3.11/site-packages/airflow/example_dags/example_sensors.py for tasks to queue
[2024-11-03T09:46:45.794+0000] {logging_mixin.py:188} INFO - [2024-11-03T09:46:45.794+0000] {dagbag.py:545} INFO - Filling up the DagBag from /home/airflow/.local/lib/python3.11/site-packages/airflow/example_dags/example_sensors.py
[2024-11-03T09:46:45.804+0000] {processor.py:840} INFO - DAG(s) 'example_sensors' retrieved from /home/airflow/.local/lib/python3.11/site-packages/airflow/example_dags/example_sensors.py
[2024-11-03T09:46:45.825+0000] {logging_mixin.py:188} INFO - [2024-11-03T09:46:45.825+0000] {dag.py:3096} INFO - Sync 1 DAGs
[2024-11-03T09:46:45.837+0000] {logging_mixin.py:188} INFO - [2024-11-03T09:46:45.836+0000] {dag.py:3954} INFO - Setting next_dagrun for example_sensors to None, run_after=None
[2024-11-03T09:46:45.855+0000] {processor.py:183} INFO - Processing /home/airflow/.local/lib/python3.11/site-packages/airflow/example_dags/example_sensors.py took 0.068 seconds
[2024-11-03T09:47:16.038+0000] {processor.py:161} INFO - Started process (PID=3697) to work on /home/airflow/.local/lib/python3.11/site-packages/airflow/example_dags/example_sensors.py
[2024-11-03T09:47:16.039+0000] {processor.py:830} INFO - Processing file /home/airflow/.local/lib/python3.11/site-packages/airflow/example_dags/example_sensors.py for tasks to queue
[2024-11-03T09:47:16.040+0000] {logging_mixin.py:188} INFO - [2024-11-03T09:47:16.040+0000] {dagbag.py:545} INFO - Filling up the DagBag from /home/airflow/.local/lib/python3.11/site-packages/airflow/example_dags/example_sensors.py
[2024-11-03T09:47:16.048+0000] {processor.py:840} INFO - DAG(s) 'example_sensors' retrieved from /home/airflow/.local/lib/python3.11/site-packages/airflow/example_dags/example_sensors.py
[2024-11-03T09:47:16.072+0000] {logging_mixin.py:188} INFO - [2024-11-03T09:47:16.072+0000] {dag.py:3096} INFO - Sync 1 DAGs
[2024-11-03T09:47:16.083+0000] {logging_mixin.py:188} INFO - [2024-11-03T09:47:16.082+0000] {dag.py:3954} INFO - Setting next_dagrun for example_sensors to None, run_after=None
[2024-11-03T09:47:16.103+0000] {processor.py:183} INFO - Processing /home/airflow/.local/lib/python3.11/site-packages/airflow/example_dags/example_sensors.py took 0.070 seconds
[2024-11-03T09:47:46.785+0000] {processor.py:161} INFO - Started process (PID=3963) to work on /home/airflow/.local/lib/python3.11/site-packages/airflow/example_dags/example_sensors.py
[2024-11-03T09:47:46.786+0000] {processor.py:830} INFO - Processing file /home/airflow/.local/lib/python3.11/site-packages/airflow/example_dags/example_sensors.py for tasks to queue
[2024-11-03T09:47:46.787+0000] {logging_mixin.py:188} INFO - [2024-11-03T09:47:46.787+0000] {dagbag.py:545} INFO - Filling up the DagBag from /home/airflow/.local/lib/python3.11/site-packages/airflow/example_dags/example_sensors.py
[2024-11-03T09:47:46.795+0000] {processor.py:840} INFO - DAG(s) 'example_sensors' retrieved from /home/airflow/.local/lib/python3.11/site-packages/airflow/example_dags/example_sensors.py
[2024-11-03T09:47:46.817+0000] {logging_mixin.py:188} INFO - [2024-11-03T09:47:46.816+0000] {dag.py:3096} INFO - Sync 1 DAGs
[2024-11-03T09:47:46.827+0000] {logging_mixin.py:188} INFO - [2024-11-03T09:47:46.827+0000] {dag.py:3954} INFO - Setting next_dagrun for example_sensors to None, run_after=None
[2024-11-03T09:47:46.843+0000] {processor.py:183} INFO - Processing /home/airflow/.local/lib/python3.11/site-packages/airflow/example_dags/example_sensors.py took 0.063 seconds
[2024-11-03T09:48:17.043+0000] {processor.py:161} INFO - Started process (PID=4234) to work on /home/airflow/.local/lib/python3.11/site-packages/airflow/example_dags/example_sensors.py
[2024-11-03T09:48:17.044+0000] {processor.py:830} INFO - Processing file /home/airflow/.local/lib/python3.11/site-packages/airflow/example_dags/example_sensors.py for tasks to queue
[2024-11-03T09:48:17.045+0000] {logging_mixin.py:188} INFO - [2024-11-03T09:48:17.045+0000] {dagbag.py:545} INFO - Filling up the DagBag from /home/airflow/.local/lib/python3.11/site-packages/airflow/example_dags/example_sensors.py
[2024-11-03T09:48:17.053+0000] {processor.py:840} INFO - DAG(s) 'example_sensors' retrieved from /home/airflow/.local/lib/python3.11/site-packages/airflow/example_dags/example_sensors.py
[2024-11-03T09:48:17.075+0000] {logging_mixin.py:188} INFO - [2024-11-03T09:48:17.074+0000] {dag.py:3096} INFO - Sync 1 DAGs
[2024-11-03T09:48:17.088+0000] {logging_mixin.py:188} INFO - [2024-11-03T09:48:17.088+0000] {dag.py:3954} INFO - Setting next_dagrun for example_sensors to None, run_after=None
[2024-11-03T09:48:17.104+0000] {processor.py:183} INFO - Processing /home/airflow/.local/lib/python3.11/site-packages/airflow/example_dags/example_sensors.py took 0.065 seconds
[2024-11-03T09:48:48.052+0000] {processor.py:161} INFO - Started process (PID=4511) to work on /home/airflow/.local/lib/python3.11/site-packages/airflow/example_dags/example_sensors.py
[2024-11-03T09:48:48.053+0000] {processor.py:830} INFO - Processing file /home/airflow/.local/lib/python3.11/site-packages/airflow/example_dags/example_sensors.py for tasks to queue
[2024-11-03T09:48:48.054+0000] {logging_mixin.py:188} INFO - [2024-11-03T09:48:48.053+0000] {dagbag.py:545} INFO - Filling up the DagBag from /home/airflow/.local/lib/python3.11/site-packages/airflow/example_dags/example_sensors.py
[2024-11-03T09:48:48.067+0000] {processor.py:840} INFO - DAG(s) 'example_sensors' retrieved from /home/airflow/.local/lib/python3.11/site-packages/airflow/example_dags/example_sensors.py
[2024-11-03T09:48:48.089+0000] {logging_mixin.py:188} INFO - [2024-11-03T09:48:48.089+0000] {dag.py:3096} INFO - Sync 1 DAGs
[2024-11-03T09:48:48.101+0000] {logging_mixin.py:188} INFO - [2024-11-03T09:48:48.100+0000] {dag.py:3954} INFO - Setting next_dagrun for example_sensors to None, run_after=None
[2024-11-03T09:48:48.123+0000] {processor.py:183} INFO - Processing /home/airflow/.local/lib/python3.11/site-packages/airflow/example_dags/example_sensors.py took 0.076 seconds
[2024-11-03T09:49:19.225+0000] {processor.py:161} INFO - Started process (PID=4791) to work on /home/airflow/.local/lib/python3.11/site-packages/airflow/example_dags/example_sensors.py
[2024-11-03T09:49:19.226+0000] {processor.py:830} INFO - Processing file /home/airflow/.local/lib/python3.11/site-packages/airflow/example_dags/example_sensors.py for tasks to queue
[2024-11-03T09:49:19.228+0000] {logging_mixin.py:188} INFO - [2024-11-03T09:49:19.228+0000] {dagbag.py:545} INFO - Filling up the DagBag from /home/airflow/.local/lib/python3.11/site-packages/airflow/example_dags/example_sensors.py
[2024-11-03T09:49:19.238+0000] {processor.py:840} INFO - DAG(s) 'example_sensors' retrieved from /home/airflow/.local/lib/python3.11/site-packages/airflow/example_dags/example_sensors.py
[2024-11-03T09:49:19.264+0000] {logging_mixin.py:188} INFO - [2024-11-03T09:49:19.264+0000] {dag.py:3096} INFO - Sync 1 DAGs
[2024-11-03T09:49:19.275+0000] {logging_mixin.py:188} INFO - [2024-11-03T09:49:19.275+0000] {dag.py:3954} INFO - Setting next_dagrun for example_sensors to None, run_after=None
[2024-11-03T09:49:19.298+0000] {processor.py:183} INFO - Processing /home/airflow/.local/lib/python3.11/site-packages/airflow/example_dags/example_sensors.py took 0.081 seconds
[2024-11-03T09:49:49.370+0000] {processor.py:161} INFO - Started process (PID=5055) to work on /home/airflow/.local/lib/python3.11/site-packages/airflow/example_dags/example_sensors.py
[2024-11-03T09:49:49.371+0000] {processor.py:830} INFO - Processing file /home/airflow/.local/lib/python3.11/site-packages/airflow/example_dags/example_sensors.py for tasks to queue
[2024-11-03T09:49:49.372+0000] {logging_mixin.py:188} INFO - [2024-11-03T09:49:49.372+0000] {dagbag.py:545} INFO - Filling up the DagBag from /home/airflow/.local/lib/python3.11/site-packages/airflow/example_dags/example_sensors.py
[2024-11-03T09:49:49.382+0000] {processor.py:840} INFO - DAG(s) 'example_sensors' retrieved from /home/airflow/.local/lib/python3.11/site-packages/airflow/example_dags/example_sensors.py
[2024-11-03T09:49:49.412+0000] {logging_mixin.py:188} INFO - [2024-11-03T09:49:49.412+0000] {dag.py:3096} INFO - Sync 1 DAGs
[2024-11-03T09:49:49.426+0000] {logging_mixin.py:188} INFO - [2024-11-03T09:49:49.426+0000] {dag.py:3954} INFO - Setting next_dagrun for example_sensors to None, run_after=None
[2024-11-03T09:49:49.444+0000] {processor.py:183} INFO - Processing /home/airflow/.local/lib/python3.11/site-packages/airflow/example_dags/example_sensors.py took 0.080 seconds
[2024-11-03T09:50:19.509+0000] {processor.py:161} INFO - Started process (PID=5318) to work on /home/airflow/.local/lib/python3.11/site-packages/airflow/example_dags/example_sensors.py
[2024-11-03T09:50:19.510+0000] {processor.py:830} INFO - Processing file /home/airflow/.local/lib/python3.11/site-packages/airflow/example_dags/example_sensors.py for tasks to queue
[2024-11-03T09:50:19.511+0000] {logging_mixin.py:188} INFO - [2024-11-03T09:50:19.511+0000] {dagbag.py:545} INFO - Filling up the DagBag from /home/airflow/.local/lib/python3.11/site-packages/airflow/example_dags/example_sensors.py
[2024-11-03T09:50:19.519+0000] {processor.py:840} INFO - DAG(s) 'example_sensors' retrieved from /home/airflow/.local/lib/python3.11/site-packages/airflow/example_dags/example_sensors.py
[2024-11-03T09:50:19.542+0000] {logging_mixin.py:188} INFO - [2024-11-03T09:50:19.542+0000] {dag.py:3096} INFO - Sync 1 DAGs
[2024-11-03T09:50:19.554+0000] {logging_mixin.py:188} INFO - [2024-11-03T09:50:19.553+0000] {dag.py:3954} INFO - Setting next_dagrun for example_sensors to None, run_after=None
[2024-11-03T09:50:19.572+0000] {processor.py:183} INFO - Processing /home/airflow/.local/lib/python3.11/site-packages/airflow/example_dags/example_sensors.py took 0.069 seconds
[2024-11-03T09:50:50.428+0000] {processor.py:161} INFO - Started process (PID=5587) to work on /home/airflow/.local/lib/python3.11/site-packages/airflow/example_dags/example_sensors.py
[2024-11-03T09:50:50.429+0000] {processor.py:830} INFO - Processing file /home/airflow/.local/lib/python3.11/site-packages/airflow/example_dags/example_sensors.py for tasks to queue
[2024-11-03T09:50:50.430+0000] {logging_mixin.py:188} INFO - [2024-11-03T09:50:50.429+0000] {dagbag.py:545} INFO - Filling up the DagBag from /home/airflow/.local/lib/python3.11/site-packages/airflow/example_dags/example_sensors.py
[2024-11-03T09:50:50.438+0000] {processor.py:840} INFO - DAG(s) 'example_sensors' retrieved from /home/airflow/.local/lib/python3.11/site-packages/airflow/example_dags/example_sensors.py
[2024-11-03T09:50:50.461+0000] {logging_mixin.py:188} INFO - [2024-11-03T09:50:50.461+0000] {dag.py:3096} INFO - Sync 1 DAGs
[2024-11-03T09:50:50.473+0000] {logging_mixin.py:188} INFO - [2024-11-03T09:50:50.473+0000] {dag.py:3954} INFO - Setting next_dagrun for example_sensors to None, run_after=None
[2024-11-03T09:50:50.494+0000] {processor.py:183} INFO - Processing /home/airflow/.local/lib/python3.11/site-packages/airflow/example_dags/example_sensors.py took 0.071 seconds
[2024-11-03T09:51:21.207+0000] {processor.py:161} INFO - Started process (PID=5853) to work on /home/airflow/.local/lib/python3.11/site-packages/airflow/example_dags/example_sensors.py
[2024-11-03T09:51:21.208+0000] {processor.py:830} INFO - Processing file /home/airflow/.local/lib/python3.11/site-packages/airflow/example_dags/example_sensors.py for tasks to queue
[2024-11-03T09:51:21.210+0000] {logging_mixin.py:188} INFO - [2024-11-03T09:51:21.209+0000] {dagbag.py:545} INFO - Filling up the DagBag from /home/airflow/.local/lib/python3.11/site-packages/airflow/example_dags/example_sensors.py
[2024-11-03T09:51:21.219+0000] {processor.py:840} INFO - DAG(s) 'example_sensors' retrieved from /home/airflow/.local/lib/python3.11/site-packages/airflow/example_dags/example_sensors.py
[2024-11-03T09:51:21.242+0000] {logging_mixin.py:188} INFO - [2024-11-03T09:51:21.242+0000] {dag.py:3096} INFO - Sync 1 DAGs
[2024-11-03T09:51:21.255+0000] {logging_mixin.py:188} INFO - [2024-11-03T09:51:21.255+0000] {dag.py:3954} INFO - Setting next_dagrun for example_sensors to None, run_after=None
[2024-11-03T09:51:21.277+0000] {processor.py:183} INFO - Processing /home/airflow/.local/lib/python3.11/site-packages/airflow/example_dags/example_sensors.py took 0.076 seconds
[2024-11-03T09:51:52.050+0000] {processor.py:161} INFO - Started process (PID=6121) to work on /home/airflow/.local/lib/python3.11/site-packages/airflow/example_dags/example_sensors.py
[2024-11-03T09:51:52.051+0000] {processor.py:830} INFO - Processing file /home/airflow/.local/lib/python3.11/site-packages/airflow/example_dags/example_sensors.py for tasks to queue
[2024-11-03T09:51:52.052+0000] {logging_mixin.py:188} INFO - [2024-11-03T09:51:52.052+0000] {dagbag.py:545} INFO - Filling up the DagBag from /home/airflow/.local/lib/python3.11/site-packages/airflow/example_dags/example_sensors.py
[2024-11-03T09:51:52.061+0000] {processor.py:840} INFO - DAG(s) 'example_sensors' retrieved from /home/airflow/.local/lib/python3.11/site-packages/airflow/example_dags/example_sensors.py
[2024-11-03T09:51:52.084+0000] {logging_mixin.py:188} INFO - [2024-11-03T09:51:52.083+0000] {dag.py:3096} INFO - Sync 1 DAGs
[2024-11-03T09:51:52.094+0000] {logging_mixin.py:188} INFO - [2024-11-03T09:51:52.094+0000] {dag.py:3954} INFO - Setting next_dagrun for example_sensors to None, run_after=None
[2024-11-03T09:51:52.112+0000] {processor.py:183} INFO - Processing /home/airflow/.local/lib/python3.11/site-packages/airflow/example_dags/example_sensors.py took 0.067 seconds
[2024-11-03T09:52:23.014+0000] {processor.py:161} INFO - Started process (PID=6385) to work on /home/airflow/.local/lib/python3.11/site-packages/airflow/example_dags/example_sensors.py
[2024-11-03T09:52:23.016+0000] {processor.py:830} INFO - Processing file /home/airflow/.local/lib/python3.11/site-packages/airflow/example_dags/example_sensors.py for tasks to queue
[2024-11-03T09:52:23.017+0000] {logging_mixin.py:188} INFO - [2024-11-03T09:52:23.017+0000] {dagbag.py:545} INFO - Filling up the DagBag from /home/airflow/.local/lib/python3.11/site-packages/airflow/example_dags/example_sensors.py
[2024-11-03T09:52:23.029+0000] {processor.py:840} INFO - DAG(s) 'example_sensors' retrieved from /home/airflow/.local/lib/python3.11/site-packages/airflow/example_dags/example_sensors.py
[2024-11-03T09:52:23.052+0000] {logging_mixin.py:188} INFO - [2024-11-03T09:52:23.052+0000] {dag.py:3096} INFO - Sync 1 DAGs
[2024-11-03T09:52:23.064+0000] {logging_mixin.py:188} INFO - [2024-11-03T09:52:23.063+0000] {dag.py:3954} INFO - Setting next_dagrun for example_sensors to None, run_after=None
[2024-11-03T09:52:23.084+0000] {processor.py:183} INFO - Processing /home/airflow/.local/lib/python3.11/site-packages/airflow/example_dags/example_sensors.py took 0.077 seconds
[2024-11-03T09:52:53.235+0000] {processor.py:161} INFO - Started process (PID=6651) to work on /home/airflow/.local/lib/python3.11/site-packages/airflow/example_dags/example_sensors.py
[2024-11-03T09:52:53.237+0000] {processor.py:830} INFO - Processing file /home/airflow/.local/lib/python3.11/site-packages/airflow/example_dags/example_sensors.py for tasks to queue
[2024-11-03T09:52:53.238+0000] {logging_mixin.py:188} INFO - [2024-11-03T09:52:53.237+0000] {dagbag.py:545} INFO - Filling up the DagBag from /home/airflow/.local/lib/python3.11/site-packages/airflow/example_dags/example_sensors.py
[2024-11-03T09:52:53.248+0000] {processor.py:840} INFO - DAG(s) 'example_sensors' retrieved from /home/airflow/.local/lib/python3.11/site-packages/airflow/example_dags/example_sensors.py
[2024-11-03T09:52:53.277+0000] {logging_mixin.py:188} INFO - [2024-11-03T09:52:53.277+0000] {dag.py:3096} INFO - Sync 1 DAGs
[2024-11-03T09:52:53.291+0000] {logging_mixin.py:188} INFO - [2024-11-03T09:52:53.290+0000] {dag.py:3954} INFO - Setting next_dagrun for example_sensors to None, run_after=None
[2024-11-03T09:52:53.321+0000] {processor.py:183} INFO - Processing /home/airflow/.local/lib/python3.11/site-packages/airflow/example_dags/example_sensors.py took 0.092 seconds
[2024-11-03T09:53:23.355+0000] {processor.py:161} INFO - Started process (PID=6914) to work on /home/airflow/.local/lib/python3.11/site-packages/airflow/example_dags/example_sensors.py
[2024-11-03T09:53:23.356+0000] {processor.py:830} INFO - Processing file /home/airflow/.local/lib/python3.11/site-packages/airflow/example_dags/example_sensors.py for tasks to queue
[2024-11-03T09:53:23.357+0000] {logging_mixin.py:188} INFO - [2024-11-03T09:53:23.356+0000] {dagbag.py:545} INFO - Filling up the DagBag from /home/airflow/.local/lib/python3.11/site-packages/airflow/example_dags/example_sensors.py
[2024-11-03T09:53:23.365+0000] {processor.py:840} INFO - DAG(s) 'example_sensors' retrieved from /home/airflow/.local/lib/python3.11/site-packages/airflow/example_dags/example_sensors.py
[2024-11-03T09:53:23.389+0000] {logging_mixin.py:188} INFO - [2024-11-03T09:53:23.389+0000] {dag.py:3096} INFO - Sync 1 DAGs
[2024-11-03T09:53:23.399+0000] {logging_mixin.py:188} INFO - [2024-11-03T09:53:23.398+0000] {dag.py:3954} INFO - Setting next_dagrun for example_sensors to None, run_after=None
[2024-11-03T09:53:23.413+0000] {processor.py:183} INFO - Processing /home/airflow/.local/lib/python3.11/site-packages/airflow/example_dags/example_sensors.py took 0.063 seconds
[2024-11-03T09:53:53.521+0000] {processor.py:161} INFO - Started process (PID=7200) to work on /home/airflow/.local/lib/python3.11/site-packages/airflow/example_dags/example_sensors.py
[2024-11-03T09:53:53.522+0000] {processor.py:830} INFO - Processing file /home/airflow/.local/lib/python3.11/site-packages/airflow/example_dags/example_sensors.py for tasks to queue
[2024-11-03T09:53:53.523+0000] {logging_mixin.py:188} INFO - [2024-11-03T09:53:53.523+0000] {dagbag.py:545} INFO - Filling up the DagBag from /home/airflow/.local/lib/python3.11/site-packages/airflow/example_dags/example_sensors.py
[2024-11-03T09:53:53.532+0000] {processor.py:840} INFO - DAG(s) 'example_sensors' retrieved from /home/airflow/.local/lib/python3.11/site-packages/airflow/example_dags/example_sensors.py
[2024-11-03T09:53:53.553+0000] {logging_mixin.py:188} INFO - [2024-11-03T09:53:53.552+0000] {dag.py:3096} INFO - Sync 1 DAGs
[2024-11-03T09:53:53.563+0000] {logging_mixin.py:188} INFO - [2024-11-03T09:53:53.563+0000] {dag.py:3954} INFO - Setting next_dagrun for example_sensors to None, run_after=None
[2024-11-03T09:53:53.587+0000] {processor.py:183} INFO - Processing /home/airflow/.local/lib/python3.11/site-packages/airflow/example_dags/example_sensors.py took 0.071 seconds
[2024-11-03T09:54:23.681+0000] {processor.py:161} INFO - Started process (PID=7466) to work on /home/airflow/.local/lib/python3.11/site-packages/airflow/example_dags/example_sensors.py
[2024-11-03T09:54:23.682+0000] {processor.py:830} INFO - Processing file /home/airflow/.local/lib/python3.11/site-packages/airflow/example_dags/example_sensors.py for tasks to queue
[2024-11-03T09:54:23.683+0000] {logging_mixin.py:188} INFO - [2024-11-03T09:54:23.682+0000] {dagbag.py:545} INFO - Filling up the DagBag from /home/airflow/.local/lib/python3.11/site-packages/airflow/example_dags/example_sensors.py
[2024-11-03T09:54:23.695+0000] {processor.py:840} INFO - DAG(s) 'example_sensors' retrieved from /home/airflow/.local/lib/python3.11/site-packages/airflow/example_dags/example_sensors.py
[2024-11-03T09:54:23.722+0000] {logging_mixin.py:188} INFO - [2024-11-03T09:54:23.722+0000] {dag.py:3096} INFO - Sync 1 DAGs
[2024-11-03T09:54:23.736+0000] {logging_mixin.py:188} INFO - [2024-11-03T09:54:23.736+0000] {dag.py:3954} INFO - Setting next_dagrun for example_sensors to None, run_after=None
[2024-11-03T09:54:23.754+0000] {processor.py:183} INFO - Processing /home/airflow/.local/lib/python3.11/site-packages/airflow/example_dags/example_sensors.py took 0.079 seconds
[2024-11-03T09:54:54.069+0000] {processor.py:161} INFO - Started process (PID=7730) to work on /home/airflow/.local/lib/python3.11/site-packages/airflow/example_dags/example_sensors.py
[2024-11-03T09:54:54.070+0000] {processor.py:830} INFO - Processing file /home/airflow/.local/lib/python3.11/site-packages/airflow/example_dags/example_sensors.py for tasks to queue
[2024-11-03T09:54:54.071+0000] {logging_mixin.py:188} INFO - [2024-11-03T09:54:54.071+0000] {dagbag.py:545} INFO - Filling up the DagBag from /home/airflow/.local/lib/python3.11/site-packages/airflow/example_dags/example_sensors.py
[2024-11-03T09:54:54.079+0000] {processor.py:840} INFO - DAG(s) 'example_sensors' retrieved from /home/airflow/.local/lib/python3.11/site-packages/airflow/example_dags/example_sensors.py
[2024-11-03T09:54:54.102+0000] {logging_mixin.py:188} INFO - [2024-11-03T09:54:54.102+0000] {dag.py:3096} INFO - Sync 1 DAGs
[2024-11-03T09:54:54.113+0000] {logging_mixin.py:188} INFO - [2024-11-03T09:54:54.112+0000] {dag.py:3954} INFO - Setting next_dagrun for example_sensors to None, run_after=None
[2024-11-03T09:54:54.131+0000] {processor.py:183} INFO - Processing /home/airflow/.local/lib/python3.11/site-packages/airflow/example_dags/example_sensors.py took 0.067 seconds
[2024-11-03T09:55:24.678+0000] {processor.py:161} INFO - Started process (PID=7998) to work on /home/airflow/.local/lib/python3.11/site-packages/airflow/example_dags/example_sensors.py
[2024-11-03T09:55:24.679+0000] {processor.py:830} INFO - Processing file /home/airflow/.local/lib/python3.11/site-packages/airflow/example_dags/example_sensors.py for tasks to queue
[2024-11-03T09:55:24.680+0000] {logging_mixin.py:188} INFO - [2024-11-03T09:55:24.679+0000] {dagbag.py:545} INFO - Filling up the DagBag from /home/airflow/.local/lib/python3.11/site-packages/airflow/example_dags/example_sensors.py
[2024-11-03T09:55:24.688+0000] {processor.py:840} INFO - DAG(s) 'example_sensors' retrieved from /home/airflow/.local/lib/python3.11/site-packages/airflow/example_dags/example_sensors.py
[2024-11-03T09:55:24.712+0000] {logging_mixin.py:188} INFO - [2024-11-03T09:55:24.712+0000] {dag.py:3096} INFO - Sync 1 DAGs
[2024-11-03T09:55:24.723+0000] {logging_mixin.py:188} INFO - [2024-11-03T09:55:24.723+0000] {dag.py:3954} INFO - Setting next_dagrun for example_sensors to None, run_after=None
[2024-11-03T09:55:24.740+0000] {processor.py:183} INFO - Processing /home/airflow/.local/lib/python3.11/site-packages/airflow/example_dags/example_sensors.py took 0.067 seconds
[2024-11-03T09:55:55.171+0000] {processor.py:161} INFO - Started process (PID=8262) to work on /home/airflow/.local/lib/python3.11/site-packages/airflow/example_dags/example_sensors.py
[2024-11-03T09:55:55.172+0000] {processor.py:830} INFO - Processing file /home/airflow/.local/lib/python3.11/site-packages/airflow/example_dags/example_sensors.py for tasks to queue
[2024-11-03T09:55:55.173+0000] {logging_mixin.py:188} INFO - [2024-11-03T09:55:55.173+0000] {dagbag.py:545} INFO - Filling up the DagBag from /home/airflow/.local/lib/python3.11/site-packages/airflow/example_dags/example_sensors.py
[2024-11-03T09:55:55.181+0000] {processor.py:840} INFO - DAG(s) 'example_sensors' retrieved from /home/airflow/.local/lib/python3.11/site-packages/airflow/example_dags/example_sensors.py
[2024-11-03T09:55:55.205+0000] {logging_mixin.py:188} INFO - [2024-11-03T09:55:55.205+0000] {dag.py:3096} INFO - Sync 1 DAGs
[2024-11-03T09:55:55.215+0000] {logging_mixin.py:188} INFO - [2024-11-03T09:55:55.215+0000] {dag.py:3954} INFO - Setting next_dagrun for example_sensors to None, run_after=None
[2024-11-03T09:55:55.233+0000] {processor.py:183} INFO - Processing /home/airflow/.local/lib/python3.11/site-packages/airflow/example_dags/example_sensors.py took 0.067 seconds
[2024-11-03T16:27:45.449+0000] {processor.py:161} INFO - Started process (PID=405) to work on /home/airflow/.local/lib/python3.11/site-packages/airflow/example_dags/example_sensors.py
[2024-11-03T16:27:45.450+0000] {processor.py:830} INFO - Processing file /home/airflow/.local/lib/python3.11/site-packages/airflow/example_dags/example_sensors.py for tasks to queue
[2024-11-03T16:27:45.453+0000] {logging_mixin.py:188} INFO - [2024-11-03T16:27:45.452+0000] {dagbag.py:545} INFO - Filling up the DagBag from /home/airflow/.local/lib/python3.11/site-packages/airflow/example_dags/example_sensors.py
[2024-11-03T16:27:45.472+0000] {processor.py:840} INFO - DAG(s) 'example_sensors' retrieved from /home/airflow/.local/lib/python3.11/site-packages/airflow/example_dags/example_sensors.py
[2024-11-03T16:27:45.488+0000] {logging_mixin.py:188} INFO - [2024-11-03T16:27:45.487+0000] {dag.py:3096} INFO - Sync 1 DAGs
[2024-11-03T16:27:45.507+0000] {logging_mixin.py:188} INFO - [2024-11-03T16:27:45.507+0000] {dag.py:3954} INFO - Setting next_dagrun for example_sensors to None, run_after=None
[2024-11-03T16:27:45.530+0000] {processor.py:183} INFO - Processing /home/airflow/.local/lib/python3.11/site-packages/airflow/example_dags/example_sensors.py took 0.088 seconds
[2024-11-03T16:28:17.325+0000] {processor.py:161} INFO - Started process (PID=679) to work on /home/airflow/.local/lib/python3.11/site-packages/airflow/example_dags/example_sensors.py
[2024-11-03T16:28:17.326+0000] {processor.py:830} INFO - Processing file /home/airflow/.local/lib/python3.11/site-packages/airflow/example_dags/example_sensors.py for tasks to queue
[2024-11-03T16:28:17.330+0000] {logging_mixin.py:188} INFO - [2024-11-03T16:28:17.329+0000] {dagbag.py:545} INFO - Filling up the DagBag from /home/airflow/.local/lib/python3.11/site-packages/airflow/example_dags/example_sensors.py
[2024-11-03T16:28:17.344+0000] {processor.py:840} INFO - DAG(s) 'example_sensors' retrieved from /home/airflow/.local/lib/python3.11/site-packages/airflow/example_dags/example_sensors.py
[2024-11-03T16:28:17.494+0000] {logging_mixin.py:188} INFO - [2024-11-03T16:28:17.493+0000] {dag.py:3096} INFO - Sync 1 DAGs
[2024-11-03T16:28:17.513+0000] {logging_mixin.py:188} INFO - [2024-11-03T16:28:17.513+0000] {dag.py:3954} INFO - Setting next_dagrun for example_sensors to None, run_after=None
[2024-11-03T16:28:17.541+0000] {processor.py:183} INFO - Processing /home/airflow/.local/lib/python3.11/site-packages/airflow/example_dags/example_sensors.py took 0.222 seconds
