[2024-11-03T09:41:05.771+0000] {processor.py:161} INFO - Started process (PID=310) to work on /home/airflow/.local/lib/python3.11/site-packages/airflow/example_dags/example_setup_teardown.py
[2024-11-03T09:41:05.772+0000] {processor.py:830} INFO - Processing file /home/airflow/.local/lib/python3.11/site-packages/airflow/example_dags/example_setup_teardown.py for tasks to queue
[2024-11-03T09:41:05.774+0000] {logging_mixin.py:188} INFO - [2024-11-03T09:41:05.774+0000] {dagbag.py:545} INFO - Filling up the DagBag from /home/airflow/.local/lib/python3.11/site-packages/airflow/example_dags/example_setup_teardown.py
[2024-11-03T09:41:05.783+0000] {processor.py:840} INFO - DAG(s) 'example_setup_teardown' retrieved from /home/airflow/.local/lib/python3.11/site-packages/airflow/example_dags/example_setup_teardown.py
[2024-11-03T09:41:05.792+0000] {logging_mixin.py:188} INFO - [2024-11-03T09:41:05.792+0000] {dag.py:3096} INFO - Sync 1 DAGs
[2024-11-03T09:41:05.812+0000] {logging_mixin.py:188} INFO - [2024-11-03T09:41:05.812+0000] {dag.py:3954} INFO - Setting next_dagrun for example_setup_teardown to 2024-11-02 00:00:00+00:00, run_after=2024-11-03 00:00:00+00:00
[2024-11-03T09:41:05.830+0000] {processor.py:183} INFO - Processing /home/airflow/.local/lib/python3.11/site-packages/airflow/example_dags/example_setup_teardown.py took 0.064 seconds
[2024-11-03T09:41:36.985+0000] {processor.py:161} INFO - Started process (PID=576) to work on /home/airflow/.local/lib/python3.11/site-packages/airflow/example_dags/example_setup_teardown.py
[2024-11-03T09:41:36.985+0000] {processor.py:830} INFO - Processing file /home/airflow/.local/lib/python3.11/site-packages/airflow/example_dags/example_setup_teardown.py for tasks to queue
[2024-11-03T09:41:36.987+0000] {logging_mixin.py:188} INFO - [2024-11-03T09:41:36.987+0000] {dagbag.py:545} INFO - Filling up the DagBag from /home/airflow/.local/lib/python3.11/site-packages/airflow/example_dags/example_setup_teardown.py
[2024-11-03T09:41:36.993+0000] {processor.py:840} INFO - DAG(s) 'example_setup_teardown' retrieved from /home/airflow/.local/lib/python3.11/site-packages/airflow/example_dags/example_setup_teardown.py
[2024-11-03T09:41:37.076+0000] {logging_mixin.py:188} INFO - [2024-11-03T09:41:37.076+0000] {dag.py:3096} INFO - Sync 1 DAGs
[2024-11-03T09:41:37.092+0000] {logging_mixin.py:188} INFO - [2024-11-03T09:41:37.092+0000] {dag.py:3954} INFO - Setting next_dagrun for example_setup_teardown to 2024-11-02 00:00:00+00:00, run_after=2024-11-03 00:00:00+00:00
[2024-11-03T09:41:37.112+0000] {processor.py:183} INFO - Processing /home/airflow/.local/lib/python3.11/site-packages/airflow/example_dags/example_setup_teardown.py took 0.132 seconds
[2024-11-03T09:42:07.649+0000] {processor.py:161} INFO - Started process (PID=842) to work on /home/airflow/.local/lib/python3.11/site-packages/airflow/example_dags/example_setup_teardown.py
[2024-11-03T09:42:07.650+0000] {processor.py:830} INFO - Processing file /home/airflow/.local/lib/python3.11/site-packages/airflow/example_dags/example_setup_teardown.py for tasks to queue
[2024-11-03T09:42:07.652+0000] {logging_mixin.py:188} INFO - [2024-11-03T09:42:07.652+0000] {dagbag.py:545} INFO - Filling up the DagBag from /home/airflow/.local/lib/python3.11/site-packages/airflow/example_dags/example_setup_teardown.py
[2024-11-03T09:42:07.659+0000] {processor.py:840} INFO - DAG(s) 'example_setup_teardown' retrieved from /home/airflow/.local/lib/python3.11/site-packages/airflow/example_dags/example_setup_teardown.py
[2024-11-03T09:42:07.679+0000] {logging_mixin.py:188} INFO - [2024-11-03T09:42:07.679+0000] {dag.py:3096} INFO - Sync 1 DAGs
[2024-11-03T09:42:07.700+0000] {logging_mixin.py:188} INFO - [2024-11-03T09:42:07.700+0000] {dag.py:3954} INFO - Setting next_dagrun for example_setup_teardown to 2024-11-02 00:00:00+00:00, run_after=2024-11-03 00:00:00+00:00
[2024-11-03T09:42:07.717+0000] {processor.py:183} INFO - Processing /home/airflow/.local/lib/python3.11/site-packages/airflow/example_dags/example_setup_teardown.py took 0.074 seconds
[2024-11-03T09:42:37.895+0000] {processor.py:161} INFO - Started process (PID=1108) to work on /home/airflow/.local/lib/python3.11/site-packages/airflow/example_dags/example_setup_teardown.py
[2024-11-03T09:42:37.896+0000] {processor.py:830} INFO - Processing file /home/airflow/.local/lib/python3.11/site-packages/airflow/example_dags/example_setup_teardown.py for tasks to queue
[2024-11-03T09:42:37.898+0000] {logging_mixin.py:188} INFO - [2024-11-03T09:42:37.898+0000] {dagbag.py:545} INFO - Filling up the DagBag from /home/airflow/.local/lib/python3.11/site-packages/airflow/example_dags/example_setup_teardown.py
[2024-11-03T09:42:37.905+0000] {processor.py:840} INFO - DAG(s) 'example_setup_teardown' retrieved from /home/airflow/.local/lib/python3.11/site-packages/airflow/example_dags/example_setup_teardown.py
[2024-11-03T09:42:37.929+0000] {logging_mixin.py:188} INFO - [2024-11-03T09:42:37.929+0000] {dag.py:3096} INFO - Sync 1 DAGs
[2024-11-03T09:42:37.951+0000] {logging_mixin.py:188} INFO - [2024-11-03T09:42:37.951+0000] {dag.py:3954} INFO - Setting next_dagrun for example_setup_teardown to 2024-11-02 00:00:00+00:00, run_after=2024-11-03 00:00:00+00:00
[2024-11-03T09:42:37.968+0000] {processor.py:183} INFO - Processing /home/airflow/.local/lib/python3.11/site-packages/airflow/example_dags/example_setup_teardown.py took 0.078 seconds
[2024-11-03T09:43:08.290+0000] {processor.py:161} INFO - Started process (PID=1379) to work on /home/airflow/.local/lib/python3.11/site-packages/airflow/example_dags/example_setup_teardown.py
[2024-11-03T09:43:08.290+0000] {processor.py:830} INFO - Processing file /home/airflow/.local/lib/python3.11/site-packages/airflow/example_dags/example_setup_teardown.py for tasks to queue
[2024-11-03T09:43:08.292+0000] {logging_mixin.py:188} INFO - [2024-11-03T09:43:08.292+0000] {dagbag.py:545} INFO - Filling up the DagBag from /home/airflow/.local/lib/python3.11/site-packages/airflow/example_dags/example_setup_teardown.py
[2024-11-03T09:43:08.297+0000] {processor.py:840} INFO - DAG(s) 'example_setup_teardown' retrieved from /home/airflow/.local/lib/python3.11/site-packages/airflow/example_dags/example_setup_teardown.py
[2024-11-03T09:43:08.316+0000] {logging_mixin.py:188} INFO - [2024-11-03T09:43:08.316+0000] {dag.py:3096} INFO - Sync 1 DAGs
[2024-11-03T09:43:08.336+0000] {logging_mixin.py:188} INFO - [2024-11-03T09:43:08.335+0000] {dag.py:3954} INFO - Setting next_dagrun for example_setup_teardown to 2024-11-02 00:00:00+00:00, run_after=2024-11-03 00:00:00+00:00
[2024-11-03T09:43:08.357+0000] {processor.py:183} INFO - Processing /home/airflow/.local/lib/python3.11/site-packages/airflow/example_dags/example_setup_teardown.py took 0.072 seconds
[2024-11-03T09:43:39.251+0000] {processor.py:161} INFO - Started process (PID=1655) to work on /home/airflow/.local/lib/python3.11/site-packages/airflow/example_dags/example_setup_teardown.py
[2024-11-03T09:43:39.252+0000] {processor.py:830} INFO - Processing file /home/airflow/.local/lib/python3.11/site-packages/airflow/example_dags/example_setup_teardown.py for tasks to queue
[2024-11-03T09:43:39.254+0000] {logging_mixin.py:188} INFO - [2024-11-03T09:43:39.253+0000] {dagbag.py:545} INFO - Filling up the DagBag from /home/airflow/.local/lib/python3.11/site-packages/airflow/example_dags/example_setup_teardown.py
[2024-11-03T09:43:39.260+0000] {processor.py:840} INFO - DAG(s) 'example_setup_teardown' retrieved from /home/airflow/.local/lib/python3.11/site-packages/airflow/example_dags/example_setup_teardown.py
[2024-11-03T09:43:39.277+0000] {logging_mixin.py:188} INFO - [2024-11-03T09:43:39.276+0000] {dag.py:3096} INFO - Sync 1 DAGs
[2024-11-03T09:43:39.293+0000] {logging_mixin.py:188} INFO - [2024-11-03T09:43:39.293+0000] {dag.py:3954} INFO - Setting next_dagrun for example_setup_teardown to 2024-11-02 00:00:00+00:00, run_after=2024-11-03 00:00:00+00:00
[2024-11-03T09:43:39.311+0000] {processor.py:183} INFO - Processing /home/airflow/.local/lib/python3.11/site-packages/airflow/example_dags/example_setup_teardown.py took 0.065 seconds
[2024-11-03T09:44:09.993+0000] {processor.py:161} INFO - Started process (PID=1921) to work on /home/airflow/.local/lib/python3.11/site-packages/airflow/example_dags/example_setup_teardown.py
[2024-11-03T09:44:09.994+0000] {processor.py:830} INFO - Processing file /home/airflow/.local/lib/python3.11/site-packages/airflow/example_dags/example_setup_teardown.py for tasks to queue
[2024-11-03T09:44:09.996+0000] {logging_mixin.py:188} INFO - [2024-11-03T09:44:09.995+0000] {dagbag.py:545} INFO - Filling up the DagBag from /home/airflow/.local/lib/python3.11/site-packages/airflow/example_dags/example_setup_teardown.py
[2024-11-03T09:44:10.001+0000] {processor.py:840} INFO - DAG(s) 'example_setup_teardown' retrieved from /home/airflow/.local/lib/python3.11/site-packages/airflow/example_dags/example_setup_teardown.py
[2024-11-03T09:44:10.019+0000] {logging_mixin.py:188} INFO - [2024-11-03T09:44:10.018+0000] {dag.py:3096} INFO - Sync 1 DAGs
[2024-11-03T09:44:10.035+0000] {logging_mixin.py:188} INFO - [2024-11-03T09:44:10.035+0000] {dag.py:3954} INFO - Setting next_dagrun for example_setup_teardown to 2024-11-02 00:00:00+00:00, run_after=2024-11-03 00:00:00+00:00
[2024-11-03T09:44:10.050+0000] {processor.py:183} INFO - Processing /home/airflow/.local/lib/python3.11/site-packages/airflow/example_dags/example_setup_teardown.py took 0.062 seconds
[2024-11-03T09:44:40.240+0000] {processor.py:161} INFO - Started process (PID=2214) to work on /home/airflow/.local/lib/python3.11/site-packages/airflow/example_dags/example_setup_teardown.py
[2024-11-03T09:44:40.241+0000] {processor.py:830} INFO - Processing file /home/airflow/.local/lib/python3.11/site-packages/airflow/example_dags/example_setup_teardown.py for tasks to queue
[2024-11-03T09:44:40.242+0000] {logging_mixin.py:188} INFO - [2024-11-03T09:44:40.242+0000] {dagbag.py:545} INFO - Filling up the DagBag from /home/airflow/.local/lib/python3.11/site-packages/airflow/example_dags/example_setup_teardown.py
[2024-11-03T09:44:40.248+0000] {processor.py:840} INFO - DAG(s) 'example_setup_teardown' retrieved from /home/airflow/.local/lib/python3.11/site-packages/airflow/example_dags/example_setup_teardown.py
[2024-11-03T09:44:40.264+0000] {logging_mixin.py:188} INFO - [2024-11-03T09:44:40.264+0000] {dag.py:3096} INFO - Sync 1 DAGs
[2024-11-03T09:44:40.281+0000] {logging_mixin.py:188} INFO - [2024-11-03T09:44:40.281+0000] {dag.py:3954} INFO - Setting next_dagrun for example_setup_teardown to 2024-11-02 00:00:00+00:00, run_after=2024-11-03 00:00:00+00:00
[2024-11-03T09:44:40.299+0000] {processor.py:183} INFO - Processing /home/airflow/.local/lib/python3.11/site-packages/airflow/example_dags/example_setup_teardown.py took 0.064 seconds
[2024-11-03T09:45:10.378+0000] {processor.py:161} INFO - Started process (PID=2494) to work on /home/airflow/.local/lib/python3.11/site-packages/airflow/example_dags/example_setup_teardown.py
[2024-11-03T09:45:10.379+0000] {processor.py:830} INFO - Processing file /home/airflow/.local/lib/python3.11/site-packages/airflow/example_dags/example_setup_teardown.py for tasks to queue
[2024-11-03T09:45:10.380+0000] {logging_mixin.py:188} INFO - [2024-11-03T09:45:10.380+0000] {dagbag.py:545} INFO - Filling up the DagBag from /home/airflow/.local/lib/python3.11/site-packages/airflow/example_dags/example_setup_teardown.py
[2024-11-03T09:45:10.385+0000] {processor.py:840} INFO - DAG(s) 'example_setup_teardown' retrieved from /home/airflow/.local/lib/python3.11/site-packages/airflow/example_dags/example_setup_teardown.py
[2024-11-03T09:45:10.402+0000] {logging_mixin.py:188} INFO - [2024-11-03T09:45:10.402+0000] {dag.py:3096} INFO - Sync 1 DAGs
[2024-11-03T09:45:10.420+0000] {logging_mixin.py:188} INFO - [2024-11-03T09:45:10.420+0000] {dag.py:3954} INFO - Setting next_dagrun for example_setup_teardown to 2024-11-02 00:00:00+00:00, run_after=2024-11-03 00:00:00+00:00
[2024-11-03T09:45:10.435+0000] {processor.py:183} INFO - Processing /home/airflow/.local/lib/python3.11/site-packages/airflow/example_dags/example_setup_teardown.py took 0.062 seconds
[2024-11-03T09:45:40.487+0000] {processor.py:161} INFO - Started process (PID=2764) to work on /home/airflow/.local/lib/python3.11/site-packages/airflow/example_dags/example_setup_teardown.py
[2024-11-03T09:45:40.488+0000] {processor.py:830} INFO - Processing file /home/airflow/.local/lib/python3.11/site-packages/airflow/example_dags/example_setup_teardown.py for tasks to queue
[2024-11-03T09:45:40.490+0000] {logging_mixin.py:188} INFO - [2024-11-03T09:45:40.489+0000] {dagbag.py:545} INFO - Filling up the DagBag from /home/airflow/.local/lib/python3.11/site-packages/airflow/example_dags/example_setup_teardown.py
[2024-11-03T09:45:40.496+0000] {processor.py:840} INFO - DAG(s) 'example_setup_teardown' retrieved from /home/airflow/.local/lib/python3.11/site-packages/airflow/example_dags/example_setup_teardown.py
[2024-11-03T09:45:40.513+0000] {logging_mixin.py:188} INFO - [2024-11-03T09:45:40.513+0000] {dag.py:3096} INFO - Sync 1 DAGs
[2024-11-03T09:45:40.531+0000] {logging_mixin.py:188} INFO - [2024-11-03T09:45:40.531+0000] {dag.py:3954} INFO - Setting next_dagrun for example_setup_teardown to 2024-11-02 00:00:00+00:00, run_after=2024-11-03 00:00:00+00:00
[2024-11-03T09:45:40.548+0000] {processor.py:183} INFO - Processing /home/airflow/.local/lib/python3.11/site-packages/airflow/example_dags/example_setup_teardown.py took 0.066 seconds
[2024-11-03T09:46:11.522+0000] {processor.py:161} INFO - Started process (PID=3040) to work on /home/airflow/.local/lib/python3.11/site-packages/airflow/example_dags/example_setup_teardown.py
[2024-11-03T09:46:11.524+0000] {processor.py:830} INFO - Processing file /home/airflow/.local/lib/python3.11/site-packages/airflow/example_dags/example_setup_teardown.py for tasks to queue
[2024-11-03T09:46:11.525+0000] {logging_mixin.py:188} INFO - [2024-11-03T09:46:11.524+0000] {dagbag.py:545} INFO - Filling up the DagBag from /home/airflow/.local/lib/python3.11/site-packages/airflow/example_dags/example_setup_teardown.py
[2024-11-03T09:46:11.534+0000] {processor.py:840} INFO - DAG(s) 'example_setup_teardown' retrieved from /home/airflow/.local/lib/python3.11/site-packages/airflow/example_dags/example_setup_teardown.py
[2024-11-03T09:46:11.560+0000] {logging_mixin.py:188} INFO - [2024-11-03T09:46:11.559+0000] {dag.py:3096} INFO - Sync 1 DAGs
[2024-11-03T09:46:11.584+0000] {logging_mixin.py:188} INFO - [2024-11-03T09:46:11.583+0000] {dag.py:3954} INFO - Setting next_dagrun for example_setup_teardown to 2024-11-02 00:00:00+00:00, run_after=2024-11-03 00:00:00+00:00
[2024-11-03T09:46:11.604+0000] {processor.py:183} INFO - Processing /home/airflow/.local/lib/python3.11/site-packages/airflow/example_dags/example_setup_teardown.py took 0.087 seconds
[2024-11-03T09:46:41.681+0000] {processor.py:161} INFO - Started process (PID=3336) to work on /home/airflow/.local/lib/python3.11/site-packages/airflow/example_dags/example_setup_teardown.py
[2024-11-03T09:46:41.682+0000] {processor.py:830} INFO - Processing file /home/airflow/.local/lib/python3.11/site-packages/airflow/example_dags/example_setup_teardown.py for tasks to queue
[2024-11-03T09:46:41.683+0000] {logging_mixin.py:188} INFO - [2024-11-03T09:46:41.682+0000] {dagbag.py:545} INFO - Filling up the DagBag from /home/airflow/.local/lib/python3.11/site-packages/airflow/example_dags/example_setup_teardown.py
[2024-11-03T09:46:41.691+0000] {processor.py:840} INFO - DAG(s) 'example_setup_teardown' retrieved from /home/airflow/.local/lib/python3.11/site-packages/airflow/example_dags/example_setup_teardown.py
[2024-11-03T09:46:41.727+0000] {logging_mixin.py:188} INFO - [2024-11-03T09:46:41.726+0000] {dag.py:3096} INFO - Sync 1 DAGs
[2024-11-03T09:46:41.768+0000] {logging_mixin.py:188} INFO - [2024-11-03T09:46:41.768+0000] {dag.py:3954} INFO - Setting next_dagrun for example_setup_teardown to 2024-11-02 00:00:00+00:00, run_after=2024-11-03 00:00:00+00:00
[2024-11-03T09:46:41.807+0000] {processor.py:183} INFO - Processing /home/airflow/.local/lib/python3.11/site-packages/airflow/example_dags/example_setup_teardown.py took 0.132 seconds
[2024-11-03T09:47:12.787+0000] {processor.py:161} INFO - Started process (PID=3602) to work on /home/airflow/.local/lib/python3.11/site-packages/airflow/example_dags/example_setup_teardown.py
[2024-11-03T09:47:12.789+0000] {processor.py:830} INFO - Processing file /home/airflow/.local/lib/python3.11/site-packages/airflow/example_dags/example_setup_teardown.py for tasks to queue
[2024-11-03T09:47:12.790+0000] {logging_mixin.py:188} INFO - [2024-11-03T09:47:12.790+0000] {dagbag.py:545} INFO - Filling up the DagBag from /home/airflow/.local/lib/python3.11/site-packages/airflow/example_dags/example_setup_teardown.py
[2024-11-03T09:47:12.797+0000] {processor.py:840} INFO - DAG(s) 'example_setup_teardown' retrieved from /home/airflow/.local/lib/python3.11/site-packages/airflow/example_dags/example_setup_teardown.py
[2024-11-03T09:47:12.815+0000] {logging_mixin.py:188} INFO - [2024-11-03T09:47:12.814+0000] {dag.py:3096} INFO - Sync 1 DAGs
[2024-11-03T09:47:12.833+0000] {logging_mixin.py:188} INFO - [2024-11-03T09:47:12.832+0000] {dag.py:3954} INFO - Setting next_dagrun for example_setup_teardown to 2024-11-02 00:00:00+00:00, run_after=2024-11-03 00:00:00+00:00
[2024-11-03T09:47:12.849+0000] {processor.py:183} INFO - Processing /home/airflow/.local/lib/python3.11/site-packages/airflow/example_dags/example_setup_teardown.py took 0.067 seconds
[2024-11-03T09:47:43.791+0000] {processor.py:161} INFO - Started process (PID=3870) to work on /home/airflow/.local/lib/python3.11/site-packages/airflow/example_dags/example_setup_teardown.py
[2024-11-03T09:47:43.792+0000] {processor.py:830} INFO - Processing file /home/airflow/.local/lib/python3.11/site-packages/airflow/example_dags/example_setup_teardown.py for tasks to queue
[2024-11-03T09:47:43.793+0000] {logging_mixin.py:188} INFO - [2024-11-03T09:47:43.792+0000] {dagbag.py:545} INFO - Filling up the DagBag from /home/airflow/.local/lib/python3.11/site-packages/airflow/example_dags/example_setup_teardown.py
[2024-11-03T09:47:43.799+0000] {processor.py:840} INFO - DAG(s) 'example_setup_teardown' retrieved from /home/airflow/.local/lib/python3.11/site-packages/airflow/example_dags/example_setup_teardown.py
[2024-11-03T09:47:43.817+0000] {logging_mixin.py:188} INFO - [2024-11-03T09:47:43.817+0000] {dag.py:3096} INFO - Sync 1 DAGs
[2024-11-03T09:47:43.836+0000] {logging_mixin.py:188} INFO - [2024-11-03T09:47:43.836+0000] {dag.py:3954} INFO - Setting next_dagrun for example_setup_teardown to 2024-11-02 00:00:00+00:00, run_after=2024-11-03 00:00:00+00:00
[2024-11-03T09:47:43.851+0000] {processor.py:183} INFO - Processing /home/airflow/.local/lib/python3.11/site-packages/airflow/example_dags/example_setup_teardown.py took 0.065 seconds
[2024-11-03T09:48:14.047+0000] {processor.py:161} INFO - Started process (PID=4139) to work on /home/airflow/.local/lib/python3.11/site-packages/airflow/example_dags/example_setup_teardown.py
[2024-11-03T09:48:14.047+0000] {processor.py:830} INFO - Processing file /home/airflow/.local/lib/python3.11/site-packages/airflow/example_dags/example_setup_teardown.py for tasks to queue
[2024-11-03T09:48:14.048+0000] {logging_mixin.py:188} INFO - [2024-11-03T09:48:14.048+0000] {dagbag.py:545} INFO - Filling up the DagBag from /home/airflow/.local/lib/python3.11/site-packages/airflow/example_dags/example_setup_teardown.py
[2024-11-03T09:48:14.055+0000] {processor.py:840} INFO - DAG(s) 'example_setup_teardown' retrieved from /home/airflow/.local/lib/python3.11/site-packages/airflow/example_dags/example_setup_teardown.py
[2024-11-03T09:48:14.071+0000] {logging_mixin.py:188} INFO - [2024-11-03T09:48:14.071+0000] {dag.py:3096} INFO - Sync 1 DAGs
[2024-11-03T09:48:14.090+0000] {logging_mixin.py:188} INFO - [2024-11-03T09:48:14.089+0000] {dag.py:3954} INFO - Setting next_dagrun for example_setup_teardown to 2024-11-02 00:00:00+00:00, run_after=2024-11-03 00:00:00+00:00
[2024-11-03T09:48:14.105+0000] {processor.py:183} INFO - Processing /home/airflow/.local/lib/python3.11/site-packages/airflow/example_dags/example_setup_teardown.py took 0.064 seconds
[2024-11-03T09:48:45.037+0000] {processor.py:161} INFO - Started process (PID=4412) to work on /home/airflow/.local/lib/python3.11/site-packages/airflow/example_dags/example_setup_teardown.py
[2024-11-03T09:48:45.038+0000] {processor.py:830} INFO - Processing file /home/airflow/.local/lib/python3.11/site-packages/airflow/example_dags/example_setup_teardown.py for tasks to queue
[2024-11-03T09:48:45.039+0000] {logging_mixin.py:188} INFO - [2024-11-03T09:48:45.038+0000] {dagbag.py:545} INFO - Filling up the DagBag from /home/airflow/.local/lib/python3.11/site-packages/airflow/example_dags/example_setup_teardown.py
[2024-11-03T09:48:45.048+0000] {processor.py:840} INFO - DAG(s) 'example_setup_teardown' retrieved from /home/airflow/.local/lib/python3.11/site-packages/airflow/example_dags/example_setup_teardown.py
[2024-11-03T09:48:45.068+0000] {logging_mixin.py:188} INFO - [2024-11-03T09:48:45.068+0000] {dag.py:3096} INFO - Sync 1 DAGs
[2024-11-03T09:48:45.087+0000] {logging_mixin.py:188} INFO - [2024-11-03T09:48:45.087+0000] {dag.py:3954} INFO - Setting next_dagrun for example_setup_teardown to 2024-11-02 00:00:00+00:00, run_after=2024-11-03 00:00:00+00:00
[2024-11-03T09:48:45.105+0000] {processor.py:183} INFO - Processing /home/airflow/.local/lib/python3.11/site-packages/airflow/example_dags/example_setup_teardown.py took 0.073 seconds
[2024-11-03T09:49:15.824+0000] {processor.py:161} INFO - Started process (PID=4696) to work on /home/airflow/.local/lib/python3.11/site-packages/airflow/example_dags/example_setup_teardown.py
[2024-11-03T09:49:15.825+0000] {processor.py:830} INFO - Processing file /home/airflow/.local/lib/python3.11/site-packages/airflow/example_dags/example_setup_teardown.py for tasks to queue
[2024-11-03T09:49:15.826+0000] {logging_mixin.py:188} INFO - [2024-11-03T09:49:15.825+0000] {dagbag.py:545} INFO - Filling up the DagBag from /home/airflow/.local/lib/python3.11/site-packages/airflow/example_dags/example_setup_teardown.py
[2024-11-03T09:49:15.832+0000] {processor.py:840} INFO - DAG(s) 'example_setup_teardown' retrieved from /home/airflow/.local/lib/python3.11/site-packages/airflow/example_dags/example_setup_teardown.py
[2024-11-03T09:49:15.853+0000] {logging_mixin.py:188} INFO - [2024-11-03T09:49:15.853+0000] {dag.py:3096} INFO - Sync 1 DAGs
[2024-11-03T09:49:15.870+0000] {logging_mixin.py:188} INFO - [2024-11-03T09:49:15.870+0000] {dag.py:3954} INFO - Setting next_dagrun for example_setup_teardown to 2024-11-02 00:00:00+00:00, run_after=2024-11-03 00:00:00+00:00
[2024-11-03T09:49:15.884+0000] {processor.py:183} INFO - Processing /home/airflow/.local/lib/python3.11/site-packages/airflow/example_dags/example_setup_teardown.py took 0.065 seconds
[2024-11-03T09:49:45.973+0000] {processor.py:161} INFO - Started process (PID=4962) to work on /home/airflow/.local/lib/python3.11/site-packages/airflow/example_dags/example_setup_teardown.py
[2024-11-03T09:49:45.974+0000] {processor.py:830} INFO - Processing file /home/airflow/.local/lib/python3.11/site-packages/airflow/example_dags/example_setup_teardown.py for tasks to queue
[2024-11-03T09:49:45.975+0000] {logging_mixin.py:188} INFO - [2024-11-03T09:49:45.975+0000] {dagbag.py:545} INFO - Filling up the DagBag from /home/airflow/.local/lib/python3.11/site-packages/airflow/example_dags/example_setup_teardown.py
[2024-11-03T09:49:45.983+0000] {processor.py:840} INFO - DAG(s) 'example_setup_teardown' retrieved from /home/airflow/.local/lib/python3.11/site-packages/airflow/example_dags/example_setup_teardown.py
[2024-11-03T09:49:46.001+0000] {logging_mixin.py:188} INFO - [2024-11-03T09:49:46.001+0000] {dag.py:3096} INFO - Sync 1 DAGs
[2024-11-03T09:49:46.020+0000] {logging_mixin.py:188} INFO - [2024-11-03T09:49:46.020+0000] {dag.py:3954} INFO - Setting next_dagrun for example_setup_teardown to 2024-11-02 00:00:00+00:00, run_after=2024-11-03 00:00:00+00:00
[2024-11-03T09:49:46.038+0000] {processor.py:183} INFO - Processing /home/airflow/.local/lib/python3.11/site-packages/airflow/example_dags/example_setup_teardown.py took 0.071 seconds
[2024-11-03T09:50:16.262+0000] {processor.py:161} INFO - Started process (PID=5228) to work on /home/airflow/.local/lib/python3.11/site-packages/airflow/example_dags/example_setup_teardown.py
[2024-11-03T09:50:16.262+0000] {processor.py:830} INFO - Processing file /home/airflow/.local/lib/python3.11/site-packages/airflow/example_dags/example_setup_teardown.py for tasks to queue
[2024-11-03T09:50:16.263+0000] {logging_mixin.py:188} INFO - [2024-11-03T09:50:16.263+0000] {dagbag.py:545} INFO - Filling up the DagBag from /home/airflow/.local/lib/python3.11/site-packages/airflow/example_dags/example_setup_teardown.py
[2024-11-03T09:50:16.270+0000] {processor.py:840} INFO - DAG(s) 'example_setup_teardown' retrieved from /home/airflow/.local/lib/python3.11/site-packages/airflow/example_dags/example_setup_teardown.py
[2024-11-03T09:50:16.286+0000] {logging_mixin.py:188} INFO - [2024-11-03T09:50:16.286+0000] {dag.py:3096} INFO - Sync 1 DAGs
[2024-11-03T09:50:16.304+0000] {logging_mixin.py:188} INFO - [2024-11-03T09:50:16.304+0000] {dag.py:3954} INFO - Setting next_dagrun for example_setup_teardown to 2024-11-02 00:00:00+00:00, run_after=2024-11-03 00:00:00+00:00
[2024-11-03T09:50:16.320+0000] {processor.py:183} INFO - Processing /home/airflow/.local/lib/python3.11/site-packages/airflow/example_dags/example_setup_teardown.py took 0.063 seconds
[2024-11-03T09:50:46.367+0000] {processor.py:161} INFO - Started process (PID=5492) to work on /home/airflow/.local/lib/python3.11/site-packages/airflow/example_dags/example_setup_teardown.py
[2024-11-03T09:50:46.368+0000] {processor.py:830} INFO - Processing file /home/airflow/.local/lib/python3.11/site-packages/airflow/example_dags/example_setup_teardown.py for tasks to queue
[2024-11-03T09:50:46.369+0000] {logging_mixin.py:188} INFO - [2024-11-03T09:50:46.369+0000] {dagbag.py:545} INFO - Filling up the DagBag from /home/airflow/.local/lib/python3.11/site-packages/airflow/example_dags/example_setup_teardown.py
[2024-11-03T09:50:46.376+0000] {processor.py:840} INFO - DAG(s) 'example_setup_teardown' retrieved from /home/airflow/.local/lib/python3.11/site-packages/airflow/example_dags/example_setup_teardown.py
[2024-11-03T09:50:46.393+0000] {logging_mixin.py:188} INFO - [2024-11-03T09:50:46.393+0000] {dag.py:3096} INFO - Sync 1 DAGs
[2024-11-03T09:50:46.411+0000] {logging_mixin.py:188} INFO - [2024-11-03T09:50:46.410+0000] {dag.py:3954} INFO - Setting next_dagrun for example_setup_teardown to 2024-11-02 00:00:00+00:00, run_after=2024-11-03 00:00:00+00:00
[2024-11-03T09:50:46.429+0000] {processor.py:183} INFO - Processing /home/airflow/.local/lib/python3.11/site-packages/airflow/example_dags/example_setup_teardown.py took 0.068 seconds
[2024-11-03T09:51:17.105+0000] {processor.py:161} INFO - Started process (PID=5758) to work on /home/airflow/.local/lib/python3.11/site-packages/airflow/example_dags/example_setup_teardown.py
[2024-11-03T09:51:17.107+0000] {processor.py:830} INFO - Processing file /home/airflow/.local/lib/python3.11/site-packages/airflow/example_dags/example_setup_teardown.py for tasks to queue
[2024-11-03T09:51:17.108+0000] {logging_mixin.py:188} INFO - [2024-11-03T09:51:17.108+0000] {dagbag.py:545} INFO - Filling up the DagBag from /home/airflow/.local/lib/python3.11/site-packages/airflow/example_dags/example_setup_teardown.py
[2024-11-03T09:51:17.115+0000] {processor.py:840} INFO - DAG(s) 'example_setup_teardown' retrieved from /home/airflow/.local/lib/python3.11/site-packages/airflow/example_dags/example_setup_teardown.py
[2024-11-03T09:51:17.135+0000] {logging_mixin.py:188} INFO - [2024-11-03T09:51:17.134+0000] {dag.py:3096} INFO - Sync 1 DAGs
[2024-11-03T09:51:17.152+0000] {logging_mixin.py:188} INFO - [2024-11-03T09:51:17.152+0000] {dag.py:3954} INFO - Setting next_dagrun for example_setup_teardown to 2024-11-02 00:00:00+00:00, run_after=2024-11-03 00:00:00+00:00
[2024-11-03T09:51:17.170+0000] {processor.py:183} INFO - Processing /home/airflow/.local/lib/python3.11/site-packages/airflow/example_dags/example_setup_teardown.py took 0.070 seconds
[2024-11-03T09:51:47.891+0000] {processor.py:161} INFO - Started process (PID=6024) to work on /home/airflow/.local/lib/python3.11/site-packages/airflow/example_dags/example_setup_teardown.py
[2024-11-03T09:51:47.892+0000] {processor.py:830} INFO - Processing file /home/airflow/.local/lib/python3.11/site-packages/airflow/example_dags/example_setup_teardown.py for tasks to queue
[2024-11-03T09:51:47.893+0000] {logging_mixin.py:188} INFO - [2024-11-03T09:51:47.892+0000] {dagbag.py:545} INFO - Filling up the DagBag from /home/airflow/.local/lib/python3.11/site-packages/airflow/example_dags/example_setup_teardown.py
[2024-11-03T09:51:47.900+0000] {processor.py:840} INFO - DAG(s) 'example_setup_teardown' retrieved from /home/airflow/.local/lib/python3.11/site-packages/airflow/example_dags/example_setup_teardown.py
[2024-11-03T09:51:47.921+0000] {logging_mixin.py:188} INFO - [2024-11-03T09:51:47.920+0000] {dag.py:3096} INFO - Sync 1 DAGs
[2024-11-03T09:51:47.942+0000] {logging_mixin.py:188} INFO - [2024-11-03T09:51:47.942+0000] {dag.py:3954} INFO - Setting next_dagrun for example_setup_teardown to 2024-11-02 00:00:00+00:00, run_after=2024-11-03 00:00:00+00:00
[2024-11-03T09:51:47.959+0000] {processor.py:183} INFO - Processing /home/airflow/.local/lib/python3.11/site-packages/airflow/example_dags/example_setup_teardown.py took 0.074 seconds
[2024-11-03T09:52:18.627+0000] {processor.py:161} INFO - Started process (PID=6290) to work on /home/airflow/.local/lib/python3.11/site-packages/airflow/example_dags/example_setup_teardown.py
[2024-11-03T09:52:18.628+0000] {processor.py:830} INFO - Processing file /home/airflow/.local/lib/python3.11/site-packages/airflow/example_dags/example_setup_teardown.py for tasks to queue
[2024-11-03T09:52:18.629+0000] {logging_mixin.py:188} INFO - [2024-11-03T09:52:18.629+0000] {dagbag.py:545} INFO - Filling up the DagBag from /home/airflow/.local/lib/python3.11/site-packages/airflow/example_dags/example_setup_teardown.py
[2024-11-03T09:52:18.637+0000] {processor.py:840} INFO - DAG(s) 'example_setup_teardown' retrieved from /home/airflow/.local/lib/python3.11/site-packages/airflow/example_dags/example_setup_teardown.py
[2024-11-03T09:52:18.661+0000] {logging_mixin.py:188} INFO - [2024-11-03T09:52:18.661+0000] {dag.py:3096} INFO - Sync 1 DAGs
[2024-11-03T09:52:18.685+0000] {logging_mixin.py:188} INFO - [2024-11-03T09:52:18.684+0000] {dag.py:3954} INFO - Setting next_dagrun for example_setup_teardown to 2024-11-02 00:00:00+00:00, run_after=2024-11-03 00:00:00+00:00
[2024-11-03T09:52:18.704+0000] {processor.py:183} INFO - Processing /home/airflow/.local/lib/python3.11/site-packages/airflow/example_dags/example_setup_teardown.py took 0.083 seconds
[2024-11-03T09:52:48.940+0000] {processor.py:161} INFO - Started process (PID=6556) to work on /home/airflow/.local/lib/python3.11/site-packages/airflow/example_dags/example_setup_teardown.py
[2024-11-03T09:52:48.941+0000] {processor.py:830} INFO - Processing file /home/airflow/.local/lib/python3.11/site-packages/airflow/example_dags/example_setup_teardown.py for tasks to queue
[2024-11-03T09:52:48.942+0000] {logging_mixin.py:188} INFO - [2024-11-03T09:52:48.942+0000] {dagbag.py:545} INFO - Filling up the DagBag from /home/airflow/.local/lib/python3.11/site-packages/airflow/example_dags/example_setup_teardown.py
[2024-11-03T09:52:48.951+0000] {processor.py:840} INFO - DAG(s) 'example_setup_teardown' retrieved from /home/airflow/.local/lib/python3.11/site-packages/airflow/example_dags/example_setup_teardown.py
[2024-11-03T09:52:48.973+0000] {logging_mixin.py:188} INFO - [2024-11-03T09:52:48.973+0000] {dag.py:3096} INFO - Sync 1 DAGs
[2024-11-03T09:52:48.997+0000] {logging_mixin.py:188} INFO - [2024-11-03T09:52:48.997+0000] {dag.py:3954} INFO - Setting next_dagrun for example_setup_teardown to 2024-11-02 00:00:00+00:00, run_after=2024-11-03 00:00:00+00:00
[2024-11-03T09:52:49.022+0000] {processor.py:183} INFO - Processing /home/airflow/.local/lib/python3.11/site-packages/airflow/example_dags/example_setup_teardown.py took 0.089 seconds
[2024-11-03T09:53:19.091+0000] {processor.py:161} INFO - Started process (PID=6822) to work on /home/airflow/.local/lib/python3.11/site-packages/airflow/example_dags/example_setup_teardown.py
[2024-11-03T09:53:19.092+0000] {processor.py:830} INFO - Processing file /home/airflow/.local/lib/python3.11/site-packages/airflow/example_dags/example_setup_teardown.py for tasks to queue
[2024-11-03T09:53:19.093+0000] {logging_mixin.py:188} INFO - [2024-11-03T09:53:19.092+0000] {dagbag.py:545} INFO - Filling up the DagBag from /home/airflow/.local/lib/python3.11/site-packages/airflow/example_dags/example_setup_teardown.py
[2024-11-03T09:53:19.099+0000] {processor.py:840} INFO - DAG(s) 'example_setup_teardown' retrieved from /home/airflow/.local/lib/python3.11/site-packages/airflow/example_dags/example_setup_teardown.py
[2024-11-03T09:53:19.117+0000] {logging_mixin.py:188} INFO - [2024-11-03T09:53:19.117+0000] {dag.py:3096} INFO - Sync 1 DAGs
[2024-11-03T09:53:19.136+0000] {logging_mixin.py:188} INFO - [2024-11-03T09:53:19.136+0000] {dag.py:3954} INFO - Setting next_dagrun for example_setup_teardown to 2024-11-02 00:00:00+00:00, run_after=2024-11-03 00:00:00+00:00
[2024-11-03T09:53:19.155+0000] {processor.py:183} INFO - Processing /home/airflow/.local/lib/python3.11/site-packages/airflow/example_dags/example_setup_teardown.py took 0.068 seconds
[2024-11-03T09:53:49.333+0000] {processor.py:161} INFO - Started process (PID=7108) to work on /home/airflow/.local/lib/python3.11/site-packages/airflow/example_dags/example_setup_teardown.py
[2024-11-03T09:53:49.334+0000] {processor.py:830} INFO - Processing file /home/airflow/.local/lib/python3.11/site-packages/airflow/example_dags/example_setup_teardown.py for tasks to queue
[2024-11-03T09:53:49.334+0000] {logging_mixin.py:188} INFO - [2024-11-03T09:53:49.334+0000] {dagbag.py:545} INFO - Filling up the DagBag from /home/airflow/.local/lib/python3.11/site-packages/airflow/example_dags/example_setup_teardown.py
[2024-11-03T09:53:49.340+0000] {processor.py:840} INFO - DAG(s) 'example_setup_teardown' retrieved from /home/airflow/.local/lib/python3.11/site-packages/airflow/example_dags/example_setup_teardown.py
[2024-11-03T09:53:49.357+0000] {logging_mixin.py:188} INFO - [2024-11-03T09:53:49.357+0000] {dag.py:3096} INFO - Sync 1 DAGs
[2024-11-03T09:53:49.377+0000] {logging_mixin.py:188} INFO - [2024-11-03T09:53:49.377+0000] {dag.py:3954} INFO - Setting next_dagrun for example_setup_teardown to 2024-11-02 00:00:00+00:00, run_after=2024-11-03 00:00:00+00:00
[2024-11-03T09:53:49.393+0000] {processor.py:183} INFO - Processing /home/airflow/.local/lib/python3.11/site-packages/airflow/example_dags/example_setup_teardown.py took 0.065 seconds
[2024-11-03T09:54:19.591+0000] {processor.py:161} INFO - Started process (PID=7374) to work on /home/airflow/.local/lib/python3.11/site-packages/airflow/example_dags/example_setup_teardown.py
[2024-11-03T09:54:19.591+0000] {processor.py:830} INFO - Processing file /home/airflow/.local/lib/python3.11/site-packages/airflow/example_dags/example_setup_teardown.py for tasks to queue
[2024-11-03T09:54:19.592+0000] {logging_mixin.py:188} INFO - [2024-11-03T09:54:19.592+0000] {dagbag.py:545} INFO - Filling up the DagBag from /home/airflow/.local/lib/python3.11/site-packages/airflow/example_dags/example_setup_teardown.py
[2024-11-03T09:54:19.599+0000] {processor.py:840} INFO - DAG(s) 'example_setup_teardown' retrieved from /home/airflow/.local/lib/python3.11/site-packages/airflow/example_dags/example_setup_teardown.py
[2024-11-03T09:54:19.617+0000] {logging_mixin.py:188} INFO - [2024-11-03T09:54:19.616+0000] {dag.py:3096} INFO - Sync 1 DAGs
[2024-11-03T09:54:19.635+0000] {logging_mixin.py:188} INFO - [2024-11-03T09:54:19.635+0000] {dag.py:3954} INFO - Setting next_dagrun for example_setup_teardown to 2024-11-02 00:00:00+00:00, run_after=2024-11-03 00:00:00+00:00
[2024-11-03T09:54:19.650+0000] {processor.py:183} INFO - Processing /home/airflow/.local/lib/python3.11/site-packages/airflow/example_dags/example_setup_teardown.py took 0.065 seconds
[2024-11-03T09:54:50.263+0000] {processor.py:161} INFO - Started process (PID=7640) to work on /home/airflow/.local/lib/python3.11/site-packages/airflow/example_dags/example_setup_teardown.py
[2024-11-03T09:54:50.264+0000] {processor.py:830} INFO - Processing file /home/airflow/.local/lib/python3.11/site-packages/airflow/example_dags/example_setup_teardown.py for tasks to queue
[2024-11-03T09:54:50.265+0000] {logging_mixin.py:188} INFO - [2024-11-03T09:54:50.264+0000] {dagbag.py:545} INFO - Filling up the DagBag from /home/airflow/.local/lib/python3.11/site-packages/airflow/example_dags/example_setup_teardown.py
[2024-11-03T09:54:50.271+0000] {processor.py:840} INFO - DAG(s) 'example_setup_teardown' retrieved from /home/airflow/.local/lib/python3.11/site-packages/airflow/example_dags/example_setup_teardown.py
[2024-11-03T09:54:50.289+0000] {logging_mixin.py:188} INFO - [2024-11-03T09:54:50.289+0000] {dag.py:3096} INFO - Sync 1 DAGs
[2024-11-03T09:54:50.308+0000] {logging_mixin.py:188} INFO - [2024-11-03T09:54:50.308+0000] {dag.py:3954} INFO - Setting next_dagrun for example_setup_teardown to 2024-11-02 00:00:00+00:00, run_after=2024-11-03 00:00:00+00:00
[2024-11-03T09:54:50.323+0000] {processor.py:183} INFO - Processing /home/airflow/.local/lib/python3.11/site-packages/airflow/example_dags/example_setup_teardown.py took 0.066 seconds
[2024-11-03T09:55:20.739+0000] {processor.py:161} INFO - Started process (PID=7908) to work on /home/airflow/.local/lib/python3.11/site-packages/airflow/example_dags/example_setup_teardown.py
[2024-11-03T09:55:20.740+0000] {processor.py:830} INFO - Processing file /home/airflow/.local/lib/python3.11/site-packages/airflow/example_dags/example_setup_teardown.py for tasks to queue
[2024-11-03T09:55:20.741+0000] {logging_mixin.py:188} INFO - [2024-11-03T09:55:20.740+0000] {dagbag.py:545} INFO - Filling up the DagBag from /home/airflow/.local/lib/python3.11/site-packages/airflow/example_dags/example_setup_teardown.py
[2024-11-03T09:55:20.747+0000] {processor.py:840} INFO - DAG(s) 'example_setup_teardown' retrieved from /home/airflow/.local/lib/python3.11/site-packages/airflow/example_dags/example_setup_teardown.py
[2024-11-03T09:55:20.764+0000] {logging_mixin.py:188} INFO - [2024-11-03T09:55:20.763+0000] {dag.py:3096} INFO - Sync 1 DAGs
[2024-11-03T09:55:20.781+0000] {logging_mixin.py:188} INFO - [2024-11-03T09:55:20.781+0000] {dag.py:3954} INFO - Setting next_dagrun for example_setup_teardown to 2024-11-02 00:00:00+00:00, run_after=2024-11-03 00:00:00+00:00
[2024-11-03T09:55:20.799+0000] {processor.py:183} INFO - Processing /home/airflow/.local/lib/python3.11/site-packages/airflow/example_dags/example_setup_teardown.py took 0.065 seconds
[2024-11-03T09:55:51.365+0000] {processor.py:161} INFO - Started process (PID=8174) to work on /home/airflow/.local/lib/python3.11/site-packages/airflow/example_dags/example_setup_teardown.py
[2024-11-03T09:55:51.366+0000] {processor.py:830} INFO - Processing file /home/airflow/.local/lib/python3.11/site-packages/airflow/example_dags/example_setup_teardown.py for tasks to queue
[2024-11-03T09:55:51.367+0000] {logging_mixin.py:188} INFO - [2024-11-03T09:55:51.367+0000] {dagbag.py:545} INFO - Filling up the DagBag from /home/airflow/.local/lib/python3.11/site-packages/airflow/example_dags/example_setup_teardown.py
[2024-11-03T09:55:51.374+0000] {processor.py:840} INFO - DAG(s) 'example_setup_teardown' retrieved from /home/airflow/.local/lib/python3.11/site-packages/airflow/example_dags/example_setup_teardown.py
[2024-11-03T09:55:51.392+0000] {logging_mixin.py:188} INFO - [2024-11-03T09:55:51.391+0000] {dag.py:3096} INFO - Sync 1 DAGs
[2024-11-03T09:55:51.411+0000] {logging_mixin.py:188} INFO - [2024-11-03T09:55:51.411+0000] {dag.py:3954} INFO - Setting next_dagrun for example_setup_teardown to 2024-11-02 00:00:00+00:00, run_after=2024-11-03 00:00:00+00:00
[2024-11-03T09:55:51.427+0000] {processor.py:183} INFO - Processing /home/airflow/.local/lib/python3.11/site-packages/airflow/example_dags/example_setup_teardown.py took 0.067 seconds
[2024-11-03T16:27:44.224+0000] {processor.py:161} INFO - Started process (PID=310) to work on /home/airflow/.local/lib/python3.11/site-packages/airflow/example_dags/example_setup_teardown.py
[2024-11-03T16:27:44.226+0000] {processor.py:830} INFO - Processing file /home/airflow/.local/lib/python3.11/site-packages/airflow/example_dags/example_setup_teardown.py for tasks to queue
[2024-11-03T16:27:44.229+0000] {logging_mixin.py:188} INFO - [2024-11-03T16:27:44.228+0000] {dagbag.py:545} INFO - Filling up the DagBag from /home/airflow/.local/lib/python3.11/site-packages/airflow/example_dags/example_setup_teardown.py
[2024-11-03T16:27:44.241+0000] {processor.py:840} INFO - DAG(s) 'example_setup_teardown' retrieved from /home/airflow/.local/lib/python3.11/site-packages/airflow/example_dags/example_setup_teardown.py
[2024-11-03T16:27:44.253+0000] {logging_mixin.py:188} INFO - [2024-11-03T16:27:44.253+0000] {dag.py:3096} INFO - Sync 1 DAGs
[2024-11-03T16:27:44.280+0000] {logging_mixin.py:188} INFO - [2024-11-03T16:27:44.280+0000] {dag.py:3954} INFO - Setting next_dagrun for example_setup_teardown to 2024-11-02 00:00:00+00:00, run_after=2024-11-03 00:00:00+00:00
[2024-11-03T16:27:44.305+0000] {processor.py:183} INFO - Processing /home/airflow/.local/lib/python3.11/site-packages/airflow/example_dags/example_setup_teardown.py took 0.086 seconds
[2024-11-03T16:28:15.446+0000] {processor.py:161} INFO - Started process (PID=577) to work on /home/airflow/.local/lib/python3.11/site-packages/airflow/example_dags/example_setup_teardown.py
[2024-11-03T16:28:15.447+0000] {processor.py:830} INFO - Processing file /home/airflow/.local/lib/python3.11/site-packages/airflow/example_dags/example_setup_teardown.py for tasks to queue
[2024-11-03T16:28:15.448+0000] {logging_mixin.py:188} INFO - [2024-11-03T16:28:15.448+0000] {dagbag.py:545} INFO - Filling up the DagBag from /home/airflow/.local/lib/python3.11/site-packages/airflow/example_dags/example_setup_teardown.py
[2024-11-03T16:28:15.454+0000] {processor.py:840} INFO - DAG(s) 'example_setup_teardown' retrieved from /home/airflow/.local/lib/python3.11/site-packages/airflow/example_dags/example_setup_teardown.py
[2024-11-03T16:28:15.549+0000] {logging_mixin.py:188} INFO - [2024-11-03T16:28:15.549+0000] {dag.py:3096} INFO - Sync 1 DAGs
[2024-11-03T16:28:15.568+0000] {logging_mixin.py:188} INFO - [2024-11-03T16:28:15.568+0000] {dag.py:3954} INFO - Setting next_dagrun for example_setup_teardown to 2024-11-02 00:00:00+00:00, run_after=2024-11-03 00:00:00+00:00
[2024-11-03T16:28:15.586+0000] {processor.py:183} INFO - Processing /home/airflow/.local/lib/python3.11/site-packages/airflow/example_dags/example_setup_teardown.py took 0.145 seconds
