[2024-11-03T09:41:06.091+0000] {processor.py:161} INFO - Started process (PID=345) to work on /home/airflow/.local/lib/python3.11/site-packages/airflow/example_dags/example_subdag_operator.py
[2024-11-03T09:41:06.092+0000] {processor.py:830} INFO - Processing file /home/airflow/.local/lib/python3.11/site-packages/airflow/example_dags/example_subdag_operator.py for tasks to queue
[2024-11-03T09:41:06.095+0000] {logging_mixin.py:188} INFO - [2024-11-03T09:41:06.095+0000] {dagbag.py:545} INFO - Filling up the DagBag from /home/airflow/.local/lib/python3.11/site-packages/airflow/example_dags/example_subdag_operator.py
[2024-11-03T09:41:06.121+0000] {processor.py:840} INFO - DAG(s) 'example_subdag_operator.section-1', 'example_subdag_operator.section-2', 'example_subdag_operator' retrieved from /home/airflow/.local/lib/python3.11/site-packages/airflow/example_dags/example_subdag_operator.py
[2024-11-03T09:41:06.125+0000] {logging_mixin.py:188} INFO - [2024-11-03T09:41:06.124+0000] {dag.py:3096} INFO - Sync 3 DAGs
[2024-11-03T09:41:06.151+0000] {logging_mixin.py:188} INFO - [2024-11-03T09:41:06.151+0000] {dag.py:3954} INFO - Setting next_dagrun for example_subdag_operator to 2022-01-01 00:00:00+00:00, run_after=2022-01-01 00:00:00+00:00
[2024-11-03T09:41:06.156+0000] {logging_mixin.py:188} INFO - [2024-11-03T09:41:06.156+0000] {dag.py:3954} INFO - Setting next_dagrun for example_subdag_operator.section-1 to None, run_after=None
[2024-11-03T09:41:06.159+0000] {logging_mixin.py:188} INFO - [2024-11-03T09:41:06.158+0000] {dag.py:3954} INFO - Setting next_dagrun for example_subdag_operator.section-2 to None, run_after=None
[2024-11-03T09:41:06.172+0000] {logging_mixin.py:188} INFO - [2024-11-03T09:41:06.172+0000] {dag.py:3096} INFO - Sync 2 DAGs
[2024-11-03T09:41:06.179+0000] {logging_mixin.py:188} INFO - [2024-11-03T09:41:06.179+0000] {dag.py:3954} INFO - Setting next_dagrun for example_subdag_operator.section-1 to None, run_after=None
[2024-11-03T09:41:06.180+0000] {logging_mixin.py:188} INFO - [2024-11-03T09:41:06.180+0000] {dag.py:3954} INFO - Setting next_dagrun for example_subdag_operator.section-2 to None, run_after=None
[2024-11-03T09:41:06.193+0000] {processor.py:183} INFO - Processing /home/airflow/.local/lib/python3.11/site-packages/airflow/example_dags/example_subdag_operator.py took 0.109 seconds
[2024-11-03T09:41:37.736+0000] {processor.py:161} INFO - Started process (PID=613) to work on /home/airflow/.local/lib/python3.11/site-packages/airflow/example_dags/example_subdag_operator.py
[2024-11-03T09:41:37.736+0000] {processor.py:830} INFO - Processing file /home/airflow/.local/lib/python3.11/site-packages/airflow/example_dags/example_subdag_operator.py for tasks to queue
[2024-11-03T09:41:37.738+0000] {logging_mixin.py:188} INFO - [2024-11-03T09:41:37.738+0000] {dagbag.py:545} INFO - Filling up the DagBag from /home/airflow/.local/lib/python3.11/site-packages/airflow/example_dags/example_subdag_operator.py
[2024-11-03T09:41:37.757+0000] {processor.py:840} INFO - DAG(s) 'example_subdag_operator.section-1', 'example_subdag_operator.section-2', 'example_subdag_operator' retrieved from /home/airflow/.local/lib/python3.11/site-packages/airflow/example_dags/example_subdag_operator.py
[2024-11-03T09:41:37.827+0000] {logging_mixin.py:188} INFO - [2024-11-03T09:41:37.826+0000] {dag.py:3096} INFO - Sync 3 DAGs
[2024-11-03T09:41:37.841+0000] {logging_mixin.py:188} INFO - [2024-11-03T09:41:37.841+0000] {dag.py:3954} INFO - Setting next_dagrun for example_subdag_operator to 2022-01-01 00:00:00+00:00, run_after=2022-01-01 00:00:00+00:00
[2024-11-03T09:41:37.845+0000] {logging_mixin.py:188} INFO - [2024-11-03T09:41:37.844+0000] {dag.py:3954} INFO - Setting next_dagrun for example_subdag_operator.section-1 to None, run_after=None
[2024-11-03T09:41:37.847+0000] {logging_mixin.py:188} INFO - [2024-11-03T09:41:37.847+0000] {dag.py:3954} INFO - Setting next_dagrun for example_subdag_operator.section-2 to None, run_after=None
[2024-11-03T09:41:37.854+0000] {logging_mixin.py:188} INFO - [2024-11-03T09:41:37.854+0000] {dag.py:3096} INFO - Sync 2 DAGs
[2024-11-03T09:41:37.859+0000] {logging_mixin.py:188} INFO - [2024-11-03T09:41:37.859+0000] {dag.py:3954} INFO - Setting next_dagrun for example_subdag_operator.section-1 to None, run_after=None
[2024-11-03T09:41:37.859+0000] {logging_mixin.py:188} INFO - [2024-11-03T09:41:37.859+0000] {dag.py:3954} INFO - Setting next_dagrun for example_subdag_operator.section-2 to None, run_after=None
[2024-11-03T09:41:37.867+0000] {processor.py:183} INFO - Processing /home/airflow/.local/lib/python3.11/site-packages/airflow/example_dags/example_subdag_operator.py took 0.136 seconds
[2024-11-03T09:42:07.972+0000] {processor.py:161} INFO - Started process (PID=877) to work on /home/airflow/.local/lib/python3.11/site-packages/airflow/example_dags/example_subdag_operator.py
[2024-11-03T09:42:07.973+0000] {processor.py:830} INFO - Processing file /home/airflow/.local/lib/python3.11/site-packages/airflow/example_dags/example_subdag_operator.py for tasks to queue
[2024-11-03T09:42:07.975+0000] {logging_mixin.py:188} INFO - [2024-11-03T09:42:07.974+0000] {dagbag.py:545} INFO - Filling up the DagBag from /home/airflow/.local/lib/python3.11/site-packages/airflow/example_dags/example_subdag_operator.py
[2024-11-03T09:42:07.996+0000] {processor.py:840} INFO - DAG(s) 'example_subdag_operator.section-1', 'example_subdag_operator.section-2', 'example_subdag_operator' retrieved from /home/airflow/.local/lib/python3.11/site-packages/airflow/example_dags/example_subdag_operator.py
[2024-11-03T09:42:08.010+0000] {logging_mixin.py:188} INFO - [2024-11-03T09:42:08.010+0000] {dag.py:3096} INFO - Sync 3 DAGs
[2024-11-03T09:42:08.030+0000] {logging_mixin.py:188} INFO - [2024-11-03T09:42:08.030+0000] {dag.py:3954} INFO - Setting next_dagrun for example_subdag_operator to 2022-01-01 00:00:00+00:00, run_after=2022-01-01 00:00:00+00:00
[2024-11-03T09:42:08.034+0000] {logging_mixin.py:188} INFO - [2024-11-03T09:42:08.034+0000] {dag.py:3954} INFO - Setting next_dagrun for example_subdag_operator.section-1 to None, run_after=None
[2024-11-03T09:42:08.036+0000] {logging_mixin.py:188} INFO - [2024-11-03T09:42:08.035+0000] {dag.py:3954} INFO - Setting next_dagrun for example_subdag_operator.section-2 to None, run_after=None
[2024-11-03T09:42:08.043+0000] {logging_mixin.py:188} INFO - [2024-11-03T09:42:08.043+0000] {dag.py:3096} INFO - Sync 2 DAGs
[2024-11-03T09:42:08.048+0000] {logging_mixin.py:188} INFO - [2024-11-03T09:42:08.047+0000] {dag.py:3954} INFO - Setting next_dagrun for example_subdag_operator.section-1 to None, run_after=None
[2024-11-03T09:42:08.048+0000] {logging_mixin.py:188} INFO - [2024-11-03T09:42:08.048+0000] {dag.py:3954} INFO - Setting next_dagrun for example_subdag_operator.section-2 to None, run_after=None
[2024-11-03T09:42:08.057+0000] {processor.py:183} INFO - Processing /home/airflow/.local/lib/python3.11/site-packages/airflow/example_dags/example_subdag_operator.py took 0.091 seconds
[2024-11-03T09:42:38.210+0000] {processor.py:161} INFO - Started process (PID=1143) to work on /home/airflow/.local/lib/python3.11/site-packages/airflow/example_dags/example_subdag_operator.py
[2024-11-03T09:42:38.211+0000] {processor.py:830} INFO - Processing file /home/airflow/.local/lib/python3.11/site-packages/airflow/example_dags/example_subdag_operator.py for tasks to queue
[2024-11-03T09:42:38.212+0000] {logging_mixin.py:188} INFO - [2024-11-03T09:42:38.212+0000] {dagbag.py:545} INFO - Filling up the DagBag from /home/airflow/.local/lib/python3.11/site-packages/airflow/example_dags/example_subdag_operator.py
[2024-11-03T09:42:38.237+0000] {processor.py:840} INFO - DAG(s) 'example_subdag_operator.section-1', 'example_subdag_operator.section-2', 'example_subdag_operator' retrieved from /home/airflow/.local/lib/python3.11/site-packages/airflow/example_dags/example_subdag_operator.py
[2024-11-03T09:42:38.251+0000] {logging_mixin.py:188} INFO - [2024-11-03T09:42:38.251+0000] {dag.py:3096} INFO - Sync 3 DAGs
[2024-11-03T09:42:38.272+0000] {logging_mixin.py:188} INFO - [2024-11-03T09:42:38.271+0000] {dag.py:3954} INFO - Setting next_dagrun for example_subdag_operator to 2022-01-01 00:00:00+00:00, run_after=2022-01-01 00:00:00+00:00
[2024-11-03T09:42:38.275+0000] {logging_mixin.py:188} INFO - [2024-11-03T09:42:38.275+0000] {dag.py:3954} INFO - Setting next_dagrun for example_subdag_operator.section-1 to None, run_after=None
[2024-11-03T09:42:38.277+0000] {logging_mixin.py:188} INFO - [2024-11-03T09:42:38.277+0000] {dag.py:3954} INFO - Setting next_dagrun for example_subdag_operator.section-2 to None, run_after=None
[2024-11-03T09:42:38.284+0000] {logging_mixin.py:188} INFO - [2024-11-03T09:42:38.284+0000] {dag.py:3096} INFO - Sync 2 DAGs
[2024-11-03T09:42:38.290+0000] {logging_mixin.py:188} INFO - [2024-11-03T09:42:38.289+0000] {dag.py:3954} INFO - Setting next_dagrun for example_subdag_operator.section-1 to None, run_after=None
[2024-11-03T09:42:38.290+0000] {logging_mixin.py:188} INFO - [2024-11-03T09:42:38.290+0000] {dag.py:3954} INFO - Setting next_dagrun for example_subdag_operator.section-2 to None, run_after=None
[2024-11-03T09:42:38.301+0000] {processor.py:183} INFO - Processing /home/airflow/.local/lib/python3.11/site-packages/airflow/example_dags/example_subdag_operator.py took 0.097 seconds
[2024-11-03T09:43:08.741+0000] {processor.py:161} INFO - Started process (PID=1416) to work on /home/airflow/.local/lib/python3.11/site-packages/airflow/example_dags/example_subdag_operator.py
[2024-11-03T09:43:08.742+0000] {processor.py:830} INFO - Processing file /home/airflow/.local/lib/python3.11/site-packages/airflow/example_dags/example_subdag_operator.py for tasks to queue
[2024-11-03T09:43:08.743+0000] {logging_mixin.py:188} INFO - [2024-11-03T09:43:08.743+0000] {dagbag.py:545} INFO - Filling up the DagBag from /home/airflow/.local/lib/python3.11/site-packages/airflow/example_dags/example_subdag_operator.py
[2024-11-03T09:43:08.768+0000] {processor.py:840} INFO - DAG(s) 'example_subdag_operator.section-1', 'example_subdag_operator.section-2', 'example_subdag_operator' retrieved from /home/airflow/.local/lib/python3.11/site-packages/airflow/example_dags/example_subdag_operator.py
[2024-11-03T09:43:08.783+0000] {logging_mixin.py:188} INFO - [2024-11-03T09:43:08.783+0000] {dag.py:3096} INFO - Sync 3 DAGs
[2024-11-03T09:43:08.803+0000] {logging_mixin.py:188} INFO - [2024-11-03T09:43:08.803+0000] {dag.py:3954} INFO - Setting next_dagrun for example_subdag_operator to 2022-01-01 00:00:00+00:00, run_after=2022-01-01 00:00:00+00:00
[2024-11-03T09:43:08.807+0000] {logging_mixin.py:188} INFO - [2024-11-03T09:43:08.807+0000] {dag.py:3954} INFO - Setting next_dagrun for example_subdag_operator.section-1 to None, run_after=None
[2024-11-03T09:43:08.810+0000] {logging_mixin.py:188} INFO - [2024-11-03T09:43:08.809+0000] {dag.py:3954} INFO - Setting next_dagrun for example_subdag_operator.section-2 to None, run_after=None
[2024-11-03T09:43:08.818+0000] {logging_mixin.py:188} INFO - [2024-11-03T09:43:08.818+0000] {dag.py:3096} INFO - Sync 2 DAGs
[2024-11-03T09:43:08.823+0000] {logging_mixin.py:188} INFO - [2024-11-03T09:43:08.822+0000] {dag.py:3954} INFO - Setting next_dagrun for example_subdag_operator.section-1 to None, run_after=None
[2024-11-03T09:43:08.823+0000] {logging_mixin.py:188} INFO - [2024-11-03T09:43:08.823+0000] {dag.py:3954} INFO - Setting next_dagrun for example_subdag_operator.section-2 to None, run_after=None
[2024-11-03T09:43:08.833+0000] {processor.py:183} INFO - Processing /home/airflow/.local/lib/python3.11/site-packages/airflow/example_dags/example_subdag_operator.py took 0.098 seconds
[2024-11-03T09:43:39.533+0000] {processor.py:161} INFO - Started process (PID=1690) to work on /home/airflow/.local/lib/python3.11/site-packages/airflow/example_dags/example_subdag_operator.py
[2024-11-03T09:43:39.534+0000] {processor.py:830} INFO - Processing file /home/airflow/.local/lib/python3.11/site-packages/airflow/example_dags/example_subdag_operator.py for tasks to queue
[2024-11-03T09:43:39.535+0000] {logging_mixin.py:188} INFO - [2024-11-03T09:43:39.535+0000] {dagbag.py:545} INFO - Filling up the DagBag from /home/airflow/.local/lib/python3.11/site-packages/airflow/example_dags/example_subdag_operator.py
[2024-11-03T09:43:39.554+0000] {processor.py:840} INFO - DAG(s) 'example_subdag_operator.section-1', 'example_subdag_operator.section-2', 'example_subdag_operator' retrieved from /home/airflow/.local/lib/python3.11/site-packages/airflow/example_dags/example_subdag_operator.py
[2024-11-03T09:43:39.566+0000] {logging_mixin.py:188} INFO - [2024-11-03T09:43:39.566+0000] {dag.py:3096} INFO - Sync 3 DAGs
[2024-11-03T09:43:39.583+0000] {logging_mixin.py:188} INFO - [2024-11-03T09:43:39.583+0000] {dag.py:3954} INFO - Setting next_dagrun for example_subdag_operator to 2022-01-01 00:00:00+00:00, run_after=2022-01-01 00:00:00+00:00
[2024-11-03T09:43:39.587+0000] {logging_mixin.py:188} INFO - [2024-11-03T09:43:39.587+0000] {dag.py:3954} INFO - Setting next_dagrun for example_subdag_operator.section-1 to None, run_after=None
[2024-11-03T09:43:39.588+0000] {logging_mixin.py:188} INFO - [2024-11-03T09:43:39.588+0000] {dag.py:3954} INFO - Setting next_dagrun for example_subdag_operator.section-2 to None, run_after=None
[2024-11-03T09:43:39.594+0000] {logging_mixin.py:188} INFO - [2024-11-03T09:43:39.594+0000] {dag.py:3096} INFO - Sync 2 DAGs
[2024-11-03T09:43:39.598+0000] {logging_mixin.py:188} INFO - [2024-11-03T09:43:39.598+0000] {dag.py:3954} INFO - Setting next_dagrun for example_subdag_operator.section-1 to None, run_after=None
[2024-11-03T09:43:39.599+0000] {logging_mixin.py:188} INFO - [2024-11-03T09:43:39.599+0000] {dag.py:3954} INFO - Setting next_dagrun for example_subdag_operator.section-2 to None, run_after=None
[2024-11-03T09:43:39.610+0000] {processor.py:183} INFO - Processing /home/airflow/.local/lib/python3.11/site-packages/airflow/example_dags/example_subdag_operator.py took 0.082 seconds
[2024-11-03T09:44:10.278+0000] {processor.py:161} INFO - Started process (PID=1956) to work on /home/airflow/.local/lib/python3.11/site-packages/airflow/example_dags/example_subdag_operator.py
[2024-11-03T09:44:10.279+0000] {processor.py:830} INFO - Processing file /home/airflow/.local/lib/python3.11/site-packages/airflow/example_dags/example_subdag_operator.py for tasks to queue
[2024-11-03T09:44:10.280+0000] {logging_mixin.py:188} INFO - [2024-11-03T09:44:10.280+0000] {dagbag.py:545} INFO - Filling up the DagBag from /home/airflow/.local/lib/python3.11/site-packages/airflow/example_dags/example_subdag_operator.py
[2024-11-03T09:44:10.299+0000] {processor.py:840} INFO - DAG(s) 'example_subdag_operator.section-1', 'example_subdag_operator.section-2', 'example_subdag_operator' retrieved from /home/airflow/.local/lib/python3.11/site-packages/airflow/example_dags/example_subdag_operator.py
[2024-11-03T09:44:10.312+0000] {logging_mixin.py:188} INFO - [2024-11-03T09:44:10.312+0000] {dag.py:3096} INFO - Sync 3 DAGs
[2024-11-03T09:44:10.330+0000] {logging_mixin.py:188} INFO - [2024-11-03T09:44:10.330+0000] {dag.py:3954} INFO - Setting next_dagrun for example_subdag_operator to 2022-01-01 00:00:00+00:00, run_after=2022-01-01 00:00:00+00:00
[2024-11-03T09:44:10.334+0000] {logging_mixin.py:188} INFO - [2024-11-03T09:44:10.333+0000] {dag.py:3954} INFO - Setting next_dagrun for example_subdag_operator.section-1 to None, run_after=None
[2024-11-03T09:44:10.335+0000] {logging_mixin.py:188} INFO - [2024-11-03T09:44:10.335+0000] {dag.py:3954} INFO - Setting next_dagrun for example_subdag_operator.section-2 to None, run_after=None
[2024-11-03T09:44:10.343+0000] {logging_mixin.py:188} INFO - [2024-11-03T09:44:10.343+0000] {dag.py:3096} INFO - Sync 2 DAGs
[2024-11-03T09:44:10.349+0000] {logging_mixin.py:188} INFO - [2024-11-03T09:44:10.349+0000] {dag.py:3954} INFO - Setting next_dagrun for example_subdag_operator.section-1 to None, run_after=None
[2024-11-03T09:44:10.350+0000] {logging_mixin.py:188} INFO - [2024-11-03T09:44:10.350+0000] {dag.py:3954} INFO - Setting next_dagrun for example_subdag_operator.section-2 to None, run_after=None
[2024-11-03T09:44:10.359+0000] {processor.py:183} INFO - Processing /home/airflow/.local/lib/python3.11/site-packages/airflow/example_dags/example_subdag_operator.py took 0.086 seconds
[2024-11-03T09:44:40.605+0000] {processor.py:161} INFO - Started process (PID=2249) to work on /home/airflow/.local/lib/python3.11/site-packages/airflow/example_dags/example_subdag_operator.py
[2024-11-03T09:44:40.606+0000] {processor.py:830} INFO - Processing file /home/airflow/.local/lib/python3.11/site-packages/airflow/example_dags/example_subdag_operator.py for tasks to queue
[2024-11-03T09:44:40.608+0000] {logging_mixin.py:188} INFO - [2024-11-03T09:44:40.608+0000] {dagbag.py:545} INFO - Filling up the DagBag from /home/airflow/.local/lib/python3.11/site-packages/airflow/example_dags/example_subdag_operator.py
[2024-11-03T09:44:40.629+0000] {processor.py:840} INFO - DAG(s) 'example_subdag_operator.section-1', 'example_subdag_operator.section-2', 'example_subdag_operator' retrieved from /home/airflow/.local/lib/python3.11/site-packages/airflow/example_dags/example_subdag_operator.py
[2024-11-03T09:44:40.642+0000] {logging_mixin.py:188} INFO - [2024-11-03T09:44:40.642+0000] {dag.py:3096} INFO - Sync 3 DAGs
[2024-11-03T09:44:40.660+0000] {logging_mixin.py:188} INFO - [2024-11-03T09:44:40.660+0000] {dag.py:3954} INFO - Setting next_dagrun for example_subdag_operator to 2022-01-01 00:00:00+00:00, run_after=2022-01-01 00:00:00+00:00
[2024-11-03T09:44:40.664+0000] {logging_mixin.py:188} INFO - [2024-11-03T09:44:40.664+0000] {dag.py:3954} INFO - Setting next_dagrun for example_subdag_operator.section-1 to None, run_after=None
[2024-11-03T09:44:40.665+0000] {logging_mixin.py:188} INFO - [2024-11-03T09:44:40.665+0000] {dag.py:3954} INFO - Setting next_dagrun for example_subdag_operator.section-2 to None, run_after=None
[2024-11-03T09:44:40.673+0000] {logging_mixin.py:188} INFO - [2024-11-03T09:44:40.673+0000] {dag.py:3096} INFO - Sync 2 DAGs
[2024-11-03T09:44:40.678+0000] {logging_mixin.py:188} INFO - [2024-11-03T09:44:40.677+0000] {dag.py:3954} INFO - Setting next_dagrun for example_subdag_operator.section-1 to None, run_after=None
[2024-11-03T09:44:40.679+0000] {logging_mixin.py:188} INFO - [2024-11-03T09:44:40.678+0000] {dag.py:3954} INFO - Setting next_dagrun for example_subdag_operator.section-2 to None, run_after=None
[2024-11-03T09:44:40.690+0000] {processor.py:183} INFO - Processing /home/airflow/.local/lib/python3.11/site-packages/airflow/example_dags/example_subdag_operator.py took 0.090 seconds
[2024-11-03T09:45:10.734+0000] {processor.py:161} INFO - Started process (PID=2530) to work on /home/airflow/.local/lib/python3.11/site-packages/airflow/example_dags/example_subdag_operator.py
[2024-11-03T09:45:10.734+0000] {processor.py:830} INFO - Processing file /home/airflow/.local/lib/python3.11/site-packages/airflow/example_dags/example_subdag_operator.py for tasks to queue
[2024-11-03T09:45:10.736+0000] {logging_mixin.py:188} INFO - [2024-11-03T09:45:10.736+0000] {dagbag.py:545} INFO - Filling up the DagBag from /home/airflow/.local/lib/python3.11/site-packages/airflow/example_dags/example_subdag_operator.py
[2024-11-03T09:45:10.755+0000] {processor.py:840} INFO - DAG(s) 'example_subdag_operator.section-1', 'example_subdag_operator.section-2', 'example_subdag_operator' retrieved from /home/airflow/.local/lib/python3.11/site-packages/airflow/example_dags/example_subdag_operator.py
[2024-11-03T09:45:10.768+0000] {logging_mixin.py:188} INFO - [2024-11-03T09:45:10.767+0000] {dag.py:3096} INFO - Sync 3 DAGs
[2024-11-03T09:45:10.785+0000] {logging_mixin.py:188} INFO - [2024-11-03T09:45:10.784+0000] {dag.py:3954} INFO - Setting next_dagrun for example_subdag_operator to 2022-01-01 00:00:00+00:00, run_after=2022-01-01 00:00:00+00:00
[2024-11-03T09:45:10.787+0000] {logging_mixin.py:188} INFO - [2024-11-03T09:45:10.787+0000] {dag.py:3954} INFO - Setting next_dagrun for example_subdag_operator.section-1 to None, run_after=None
[2024-11-03T09:45:10.788+0000] {logging_mixin.py:188} INFO - [2024-11-03T09:45:10.788+0000] {dag.py:3954} INFO - Setting next_dagrun for example_subdag_operator.section-2 to None, run_after=None
[2024-11-03T09:45:10.794+0000] {logging_mixin.py:188} INFO - [2024-11-03T09:45:10.794+0000] {dag.py:3096} INFO - Sync 2 DAGs
[2024-11-03T09:45:10.798+0000] {logging_mixin.py:188} INFO - [2024-11-03T09:45:10.798+0000] {dag.py:3954} INFO - Setting next_dagrun for example_subdag_operator.section-1 to None, run_after=None
[2024-11-03T09:45:10.799+0000] {logging_mixin.py:188} INFO - [2024-11-03T09:45:10.799+0000] {dag.py:3954} INFO - Setting next_dagrun for example_subdag_operator.section-2 to None, run_after=None
[2024-11-03T09:45:10.808+0000] {processor.py:183} INFO - Processing /home/airflow/.local/lib/python3.11/site-packages/airflow/example_dags/example_subdag_operator.py took 0.079 seconds
[2024-11-03T09:45:40.952+0000] {processor.py:161} INFO - Started process (PID=2801) to work on /home/airflow/.local/lib/python3.11/site-packages/airflow/example_dags/example_subdag_operator.py
[2024-11-03T09:45:40.953+0000] {processor.py:830} INFO - Processing file /home/airflow/.local/lib/python3.11/site-packages/airflow/example_dags/example_subdag_operator.py for tasks to queue
[2024-11-03T09:45:40.955+0000] {logging_mixin.py:188} INFO - [2024-11-03T09:45:40.955+0000] {dagbag.py:545} INFO - Filling up the DagBag from /home/airflow/.local/lib/python3.11/site-packages/airflow/example_dags/example_subdag_operator.py
[2024-11-03T09:45:40.981+0000] {processor.py:840} INFO - DAG(s) 'example_subdag_operator.section-1', 'example_subdag_operator.section-2', 'example_subdag_operator' retrieved from /home/airflow/.local/lib/python3.11/site-packages/airflow/example_dags/example_subdag_operator.py
[2024-11-03T09:45:40.994+0000] {logging_mixin.py:188} INFO - [2024-11-03T09:45:40.994+0000] {dag.py:3096} INFO - Sync 3 DAGs
[2024-11-03T09:45:41.012+0000] {logging_mixin.py:188} INFO - [2024-11-03T09:45:41.012+0000] {dag.py:3954} INFO - Setting next_dagrun for example_subdag_operator to 2022-01-01 00:00:00+00:00, run_after=2022-01-01 00:00:00+00:00
[2024-11-03T09:45:41.015+0000] {logging_mixin.py:188} INFO - [2024-11-03T09:45:41.015+0000] {dag.py:3954} INFO - Setting next_dagrun for example_subdag_operator.section-1 to None, run_after=None
[2024-11-03T09:45:41.017+0000] {logging_mixin.py:188} INFO - [2024-11-03T09:45:41.016+0000] {dag.py:3954} INFO - Setting next_dagrun for example_subdag_operator.section-2 to None, run_after=None
[2024-11-03T09:45:41.024+0000] {logging_mixin.py:188} INFO - [2024-11-03T09:45:41.024+0000] {dag.py:3096} INFO - Sync 2 DAGs
[2024-11-03T09:45:41.029+0000] {logging_mixin.py:188} INFO - [2024-11-03T09:45:41.029+0000] {dag.py:3954} INFO - Setting next_dagrun for example_subdag_operator.section-1 to None, run_after=None
[2024-11-03T09:45:41.029+0000] {logging_mixin.py:188} INFO - [2024-11-03T09:45:41.029+0000] {dag.py:3954} INFO - Setting next_dagrun for example_subdag_operator.section-2 to None, run_after=None
[2024-11-03T09:45:41.038+0000] {processor.py:183} INFO - Processing /home/airflow/.local/lib/python3.11/site-packages/airflow/example_dags/example_subdag_operator.py took 0.091 seconds
[2024-11-03T09:46:11.863+0000] {processor.py:161} INFO - Started process (PID=3075) to work on /home/airflow/.local/lib/python3.11/site-packages/airflow/example_dags/example_subdag_operator.py
[2024-11-03T09:46:11.864+0000] {processor.py:830} INFO - Processing file /home/airflow/.local/lib/python3.11/site-packages/airflow/example_dags/example_subdag_operator.py for tasks to queue
[2024-11-03T09:46:11.865+0000] {logging_mixin.py:188} INFO - [2024-11-03T09:46:11.865+0000] {dagbag.py:545} INFO - Filling up the DagBag from /home/airflow/.local/lib/python3.11/site-packages/airflow/example_dags/example_subdag_operator.py
[2024-11-03T09:46:11.888+0000] {processor.py:840} INFO - DAG(s) 'example_subdag_operator.section-1', 'example_subdag_operator.section-2', 'example_subdag_operator' retrieved from /home/airflow/.local/lib/python3.11/site-packages/airflow/example_dags/example_subdag_operator.py
[2024-11-03T09:46:11.905+0000] {logging_mixin.py:188} INFO - [2024-11-03T09:46:11.905+0000] {dag.py:3096} INFO - Sync 3 DAGs
[2024-11-03T09:46:11.930+0000] {logging_mixin.py:188} INFO - [2024-11-03T09:46:11.930+0000] {dag.py:3954} INFO - Setting next_dagrun for example_subdag_operator to 2022-01-01 00:00:00+00:00, run_after=2022-01-01 00:00:00+00:00
[2024-11-03T09:46:11.934+0000] {logging_mixin.py:188} INFO - [2024-11-03T09:46:11.933+0000] {dag.py:3954} INFO - Setting next_dagrun for example_subdag_operator.section-1 to None, run_after=None
[2024-11-03T09:46:11.935+0000] {logging_mixin.py:188} INFO - [2024-11-03T09:46:11.935+0000] {dag.py:3954} INFO - Setting next_dagrun for example_subdag_operator.section-2 to None, run_after=None
[2024-11-03T09:46:11.941+0000] {logging_mixin.py:188} INFO - [2024-11-03T09:46:11.941+0000] {dag.py:3096} INFO - Sync 2 DAGs
[2024-11-03T09:46:11.946+0000] {logging_mixin.py:188} INFO - [2024-11-03T09:46:11.946+0000] {dag.py:3954} INFO - Setting next_dagrun for example_subdag_operator.section-1 to None, run_after=None
[2024-11-03T09:46:11.947+0000] {logging_mixin.py:188} INFO - [2024-11-03T09:46:11.947+0000] {dag.py:3954} INFO - Setting next_dagrun for example_subdag_operator.section-2 to None, run_after=None
[2024-11-03T09:46:11.956+0000] {processor.py:183} INFO - Processing /home/airflow/.local/lib/python3.11/site-packages/airflow/example_dags/example_subdag_operator.py took 0.097 seconds
[2024-11-03T09:46:42.089+0000] {processor.py:161} INFO - Started process (PID=3371) to work on /home/airflow/.local/lib/python3.11/site-packages/airflow/example_dags/example_subdag_operator.py
[2024-11-03T09:46:42.091+0000] {processor.py:830} INFO - Processing file /home/airflow/.local/lib/python3.11/site-packages/airflow/example_dags/example_subdag_operator.py for tasks to queue
[2024-11-03T09:46:42.092+0000] {logging_mixin.py:188} INFO - [2024-11-03T09:46:42.091+0000] {dagbag.py:545} INFO - Filling up the DagBag from /home/airflow/.local/lib/python3.11/site-packages/airflow/example_dags/example_subdag_operator.py
[2024-11-03T09:46:42.115+0000] {processor.py:840} INFO - DAG(s) 'example_subdag_operator.section-1', 'example_subdag_operator.section-2', 'example_subdag_operator' retrieved from /home/airflow/.local/lib/python3.11/site-packages/airflow/example_dags/example_subdag_operator.py
[2024-11-03T09:46:42.129+0000] {logging_mixin.py:188} INFO - [2024-11-03T09:46:42.129+0000] {dag.py:3096} INFO - Sync 3 DAGs
[2024-11-03T09:46:42.149+0000] {logging_mixin.py:188} INFO - [2024-11-03T09:46:42.148+0000] {dag.py:3954} INFO - Setting next_dagrun for example_subdag_operator to 2022-01-01 00:00:00+00:00, run_after=2022-01-01 00:00:00+00:00
[2024-11-03T09:46:42.152+0000] {logging_mixin.py:188} INFO - [2024-11-03T09:46:42.152+0000] {dag.py:3954} INFO - Setting next_dagrun for example_subdag_operator.section-1 to None, run_after=None
[2024-11-03T09:46:42.154+0000] {logging_mixin.py:188} INFO - [2024-11-03T09:46:42.154+0000] {dag.py:3954} INFO - Setting next_dagrun for example_subdag_operator.section-2 to None, run_after=None
[2024-11-03T09:46:42.161+0000] {logging_mixin.py:188} INFO - [2024-11-03T09:46:42.161+0000] {dag.py:3096} INFO - Sync 2 DAGs
[2024-11-03T09:46:42.166+0000] {logging_mixin.py:188} INFO - [2024-11-03T09:46:42.165+0000] {dag.py:3954} INFO - Setting next_dagrun for example_subdag_operator.section-1 to None, run_after=None
[2024-11-03T09:46:42.166+0000] {logging_mixin.py:188} INFO - [2024-11-03T09:46:42.166+0000] {dag.py:3954} INFO - Setting next_dagrun for example_subdag_operator.section-2 to None, run_after=None
[2024-11-03T09:46:42.176+0000] {processor.py:183} INFO - Processing /home/airflow/.local/lib/python3.11/site-packages/airflow/example_dags/example_subdag_operator.py took 0.092 seconds
[2024-11-03T09:47:13.099+0000] {processor.py:161} INFO - Started process (PID=3637) to work on /home/airflow/.local/lib/python3.11/site-packages/airflow/example_dags/example_subdag_operator.py
[2024-11-03T09:47:13.100+0000] {processor.py:830} INFO - Processing file /home/airflow/.local/lib/python3.11/site-packages/airflow/example_dags/example_subdag_operator.py for tasks to queue
[2024-11-03T09:47:13.102+0000] {logging_mixin.py:188} INFO - [2024-11-03T09:47:13.101+0000] {dagbag.py:545} INFO - Filling up the DagBag from /home/airflow/.local/lib/python3.11/site-packages/airflow/example_dags/example_subdag_operator.py
[2024-11-03T09:47:13.123+0000] {processor.py:840} INFO - DAG(s) 'example_subdag_operator.section-1', 'example_subdag_operator.section-2', 'example_subdag_operator' retrieved from /home/airflow/.local/lib/python3.11/site-packages/airflow/example_dags/example_subdag_operator.py
[2024-11-03T09:47:13.137+0000] {logging_mixin.py:188} INFO - [2024-11-03T09:47:13.137+0000] {dag.py:3096} INFO - Sync 3 DAGs
[2024-11-03T09:47:13.155+0000] {logging_mixin.py:188} INFO - [2024-11-03T09:47:13.155+0000] {dag.py:3954} INFO - Setting next_dagrun for example_subdag_operator to 2022-01-01 00:00:00+00:00, run_after=2022-01-01 00:00:00+00:00
[2024-11-03T09:47:13.160+0000] {logging_mixin.py:188} INFO - [2024-11-03T09:47:13.159+0000] {dag.py:3954} INFO - Setting next_dagrun for example_subdag_operator.section-1 to None, run_after=None
[2024-11-03T09:47:13.161+0000] {logging_mixin.py:188} INFO - [2024-11-03T09:47:13.161+0000] {dag.py:3954} INFO - Setting next_dagrun for example_subdag_operator.section-2 to None, run_after=None
[2024-11-03T09:47:13.167+0000] {logging_mixin.py:188} INFO - [2024-11-03T09:47:13.167+0000] {dag.py:3096} INFO - Sync 2 DAGs
[2024-11-03T09:47:13.173+0000] {logging_mixin.py:188} INFO - [2024-11-03T09:47:13.172+0000] {dag.py:3954} INFO - Setting next_dagrun for example_subdag_operator.section-1 to None, run_after=None
[2024-11-03T09:47:13.173+0000] {logging_mixin.py:188} INFO - [2024-11-03T09:47:13.173+0000] {dag.py:3954} INFO - Setting next_dagrun for example_subdag_operator.section-2 to None, run_after=None
[2024-11-03T09:47:13.183+0000] {processor.py:183} INFO - Processing /home/airflow/.local/lib/python3.11/site-packages/airflow/example_dags/example_subdag_operator.py took 0.090 seconds
[2024-11-03T09:47:44.156+0000] {processor.py:161} INFO - Started process (PID=3905) to work on /home/airflow/.local/lib/python3.11/site-packages/airflow/example_dags/example_subdag_operator.py
[2024-11-03T09:47:44.157+0000] {processor.py:830} INFO - Processing file /home/airflow/.local/lib/python3.11/site-packages/airflow/example_dags/example_subdag_operator.py for tasks to queue
[2024-11-03T09:47:44.158+0000] {logging_mixin.py:188} INFO - [2024-11-03T09:47:44.158+0000] {dagbag.py:545} INFO - Filling up the DagBag from /home/airflow/.local/lib/python3.11/site-packages/airflow/example_dags/example_subdag_operator.py
[2024-11-03T09:47:44.180+0000] {processor.py:840} INFO - DAG(s) 'example_subdag_operator.section-1', 'example_subdag_operator.section-2', 'example_subdag_operator' retrieved from /home/airflow/.local/lib/python3.11/site-packages/airflow/example_dags/example_subdag_operator.py
[2024-11-03T09:47:44.194+0000] {logging_mixin.py:188} INFO - [2024-11-03T09:47:44.194+0000] {dag.py:3096} INFO - Sync 3 DAGs
[2024-11-03T09:47:44.211+0000] {logging_mixin.py:188} INFO - [2024-11-03T09:47:44.211+0000] {dag.py:3954} INFO - Setting next_dagrun for example_subdag_operator to 2022-01-01 00:00:00+00:00, run_after=2022-01-01 00:00:00+00:00
[2024-11-03T09:47:44.214+0000] {logging_mixin.py:188} INFO - [2024-11-03T09:47:44.214+0000] {dag.py:3954} INFO - Setting next_dagrun for example_subdag_operator.section-1 to None, run_after=None
[2024-11-03T09:47:44.216+0000] {logging_mixin.py:188} INFO - [2024-11-03T09:47:44.215+0000] {dag.py:3954} INFO - Setting next_dagrun for example_subdag_operator.section-2 to None, run_after=None
[2024-11-03T09:47:44.222+0000] {logging_mixin.py:188} INFO - [2024-11-03T09:47:44.222+0000] {dag.py:3096} INFO - Sync 2 DAGs
[2024-11-03T09:47:44.227+0000] {logging_mixin.py:188} INFO - [2024-11-03T09:47:44.227+0000] {dag.py:3954} INFO - Setting next_dagrun for example_subdag_operator.section-1 to None, run_after=None
[2024-11-03T09:47:44.228+0000] {logging_mixin.py:188} INFO - [2024-11-03T09:47:44.228+0000] {dag.py:3954} INFO - Setting next_dagrun for example_subdag_operator.section-2 to None, run_after=None
[2024-11-03T09:47:44.237+0000] {processor.py:183} INFO - Processing /home/airflow/.local/lib/python3.11/site-packages/airflow/example_dags/example_subdag_operator.py took 0.087 seconds
[2024-11-03T09:48:14.333+0000] {processor.py:161} INFO - Started process (PID=4174) to work on /home/airflow/.local/lib/python3.11/site-packages/airflow/example_dags/example_subdag_operator.py
[2024-11-03T09:48:14.334+0000] {processor.py:830} INFO - Processing file /home/airflow/.local/lib/python3.11/site-packages/airflow/example_dags/example_subdag_operator.py for tasks to queue
[2024-11-03T09:48:14.335+0000] {logging_mixin.py:188} INFO - [2024-11-03T09:48:14.334+0000] {dagbag.py:545} INFO - Filling up the DagBag from /home/airflow/.local/lib/python3.11/site-packages/airflow/example_dags/example_subdag_operator.py
[2024-11-03T09:48:14.354+0000] {processor.py:840} INFO - DAG(s) 'example_subdag_operator.section-1', 'example_subdag_operator.section-2', 'example_subdag_operator' retrieved from /home/airflow/.local/lib/python3.11/site-packages/airflow/example_dags/example_subdag_operator.py
[2024-11-03T09:48:14.368+0000] {logging_mixin.py:188} INFO - [2024-11-03T09:48:14.368+0000] {dag.py:3096} INFO - Sync 3 DAGs
[2024-11-03T09:48:14.387+0000] {logging_mixin.py:188} INFO - [2024-11-03T09:48:14.387+0000] {dag.py:3954} INFO - Setting next_dagrun for example_subdag_operator to 2022-01-01 00:00:00+00:00, run_after=2022-01-01 00:00:00+00:00
[2024-11-03T09:48:14.391+0000] {logging_mixin.py:188} INFO - [2024-11-03T09:48:14.390+0000] {dag.py:3954} INFO - Setting next_dagrun for example_subdag_operator.section-1 to None, run_after=None
[2024-11-03T09:48:14.392+0000] {logging_mixin.py:188} INFO - [2024-11-03T09:48:14.392+0000] {dag.py:3954} INFO - Setting next_dagrun for example_subdag_operator.section-2 to None, run_after=None
[2024-11-03T09:48:14.398+0000] {logging_mixin.py:188} INFO - [2024-11-03T09:48:14.398+0000] {dag.py:3096} INFO - Sync 2 DAGs
[2024-11-03T09:48:14.404+0000] {logging_mixin.py:188} INFO - [2024-11-03T09:48:14.404+0000] {dag.py:3954} INFO - Setting next_dagrun for example_subdag_operator.section-1 to None, run_after=None
[2024-11-03T09:48:14.404+0000] {logging_mixin.py:188} INFO - [2024-11-03T09:48:14.404+0000] {dag.py:3954} INFO - Setting next_dagrun for example_subdag_operator.section-2 to None, run_after=None
[2024-11-03T09:48:14.414+0000] {processor.py:183} INFO - Processing /home/airflow/.local/lib/python3.11/site-packages/airflow/example_dags/example_subdag_operator.py took 0.086 seconds
[2024-11-03T09:48:45.374+0000] {processor.py:161} INFO - Started process (PID=4447) to work on /home/airflow/.local/lib/python3.11/site-packages/airflow/example_dags/example_subdag_operator.py
[2024-11-03T09:48:45.375+0000] {processor.py:830} INFO - Processing file /home/airflow/.local/lib/python3.11/site-packages/airflow/example_dags/example_subdag_operator.py for tasks to queue
[2024-11-03T09:48:45.376+0000] {logging_mixin.py:188} INFO - [2024-11-03T09:48:45.376+0000] {dagbag.py:545} INFO - Filling up the DagBag from /home/airflow/.local/lib/python3.11/site-packages/airflow/example_dags/example_subdag_operator.py
[2024-11-03T09:48:45.396+0000] {processor.py:840} INFO - DAG(s) 'example_subdag_operator.section-1', 'example_subdag_operator.section-2', 'example_subdag_operator' retrieved from /home/airflow/.local/lib/python3.11/site-packages/airflow/example_dags/example_subdag_operator.py
[2024-11-03T09:48:45.410+0000] {logging_mixin.py:188} INFO - [2024-11-03T09:48:45.410+0000] {dag.py:3096} INFO - Sync 3 DAGs
[2024-11-03T09:48:45.430+0000] {logging_mixin.py:188} INFO - [2024-11-03T09:48:45.430+0000] {dag.py:3954} INFO - Setting next_dagrun for example_subdag_operator to 2022-01-01 00:00:00+00:00, run_after=2022-01-01 00:00:00+00:00
[2024-11-03T09:48:45.434+0000] {logging_mixin.py:188} INFO - [2024-11-03T09:48:45.434+0000] {dag.py:3954} INFO - Setting next_dagrun for example_subdag_operator.section-1 to None, run_after=None
[2024-11-03T09:48:45.435+0000] {logging_mixin.py:188} INFO - [2024-11-03T09:48:45.435+0000] {dag.py:3954} INFO - Setting next_dagrun for example_subdag_operator.section-2 to None, run_after=None
[2024-11-03T09:48:45.442+0000] {logging_mixin.py:188} INFO - [2024-11-03T09:48:45.442+0000] {dag.py:3096} INFO - Sync 2 DAGs
[2024-11-03T09:48:45.447+0000] {logging_mixin.py:188} INFO - [2024-11-03T09:48:45.446+0000] {dag.py:3954} INFO - Setting next_dagrun for example_subdag_operator.section-1 to None, run_after=None
[2024-11-03T09:48:45.447+0000] {logging_mixin.py:188} INFO - [2024-11-03T09:48:45.447+0000] {dag.py:3954} INFO - Setting next_dagrun for example_subdag_operator.section-2 to None, run_after=None
[2024-11-03T09:48:45.458+0000] {processor.py:183} INFO - Processing /home/airflow/.local/lib/python3.11/site-packages/airflow/example_dags/example_subdag_operator.py took 0.090 seconds
[2024-11-03T09:49:16.290+0000] {processor.py:161} INFO - Started process (PID=4731) to work on /home/airflow/.local/lib/python3.11/site-packages/airflow/example_dags/example_subdag_operator.py
[2024-11-03T09:49:16.291+0000] {processor.py:830} INFO - Processing file /home/airflow/.local/lib/python3.11/site-packages/airflow/example_dags/example_subdag_operator.py for tasks to queue
[2024-11-03T09:49:16.292+0000] {logging_mixin.py:188} INFO - [2024-11-03T09:49:16.292+0000] {dagbag.py:545} INFO - Filling up the DagBag from /home/airflow/.local/lib/python3.11/site-packages/airflow/example_dags/example_subdag_operator.py
[2024-11-03T09:49:16.311+0000] {processor.py:840} INFO - DAG(s) 'example_subdag_operator.section-1', 'example_subdag_operator.section-2', 'example_subdag_operator' retrieved from /home/airflow/.local/lib/python3.11/site-packages/airflow/example_dags/example_subdag_operator.py
[2024-11-03T09:49:16.326+0000] {logging_mixin.py:188} INFO - [2024-11-03T09:49:16.326+0000] {dag.py:3096} INFO - Sync 3 DAGs
[2024-11-03T09:49:16.344+0000] {logging_mixin.py:188} INFO - [2024-11-03T09:49:16.344+0000] {dag.py:3954} INFO - Setting next_dagrun for example_subdag_operator to 2022-01-01 00:00:00+00:00, run_after=2022-01-01 00:00:00+00:00
[2024-11-03T09:49:16.348+0000] {logging_mixin.py:188} INFO - [2024-11-03T09:49:16.348+0000] {dag.py:3954} INFO - Setting next_dagrun for example_subdag_operator.section-1 to None, run_after=None
[2024-11-03T09:49:16.350+0000] {logging_mixin.py:188} INFO - [2024-11-03T09:49:16.350+0000] {dag.py:3954} INFO - Setting next_dagrun for example_subdag_operator.section-2 to None, run_after=None
[2024-11-03T09:49:16.357+0000] {logging_mixin.py:188} INFO - [2024-11-03T09:49:16.357+0000] {dag.py:3096} INFO - Sync 2 DAGs
[2024-11-03T09:49:16.361+0000] {logging_mixin.py:188} INFO - [2024-11-03T09:49:16.361+0000] {dag.py:3954} INFO - Setting next_dagrun for example_subdag_operator.section-1 to None, run_after=None
[2024-11-03T09:49:16.362+0000] {logging_mixin.py:188} INFO - [2024-11-03T09:49:16.362+0000] {dag.py:3954} INFO - Setting next_dagrun for example_subdag_operator.section-2 to None, run_after=None
[2024-11-03T09:49:16.372+0000] {processor.py:183} INFO - Processing /home/airflow/.local/lib/python3.11/site-packages/airflow/example_dags/example_subdag_operator.py took 0.087 seconds
[2024-11-03T09:49:46.495+0000] {processor.py:161} INFO - Started process (PID=4997) to work on /home/airflow/.local/lib/python3.11/site-packages/airflow/example_dags/example_subdag_operator.py
[2024-11-03T09:49:46.496+0000] {processor.py:830} INFO - Processing file /home/airflow/.local/lib/python3.11/site-packages/airflow/example_dags/example_subdag_operator.py for tasks to queue
[2024-11-03T09:49:46.497+0000] {logging_mixin.py:188} INFO - [2024-11-03T09:49:46.497+0000] {dagbag.py:545} INFO - Filling up the DagBag from /home/airflow/.local/lib/python3.11/site-packages/airflow/example_dags/example_subdag_operator.py
[2024-11-03T09:49:46.521+0000] {processor.py:840} INFO - DAG(s) 'example_subdag_operator.section-1', 'example_subdag_operator.section-2', 'example_subdag_operator' retrieved from /home/airflow/.local/lib/python3.11/site-packages/airflow/example_dags/example_subdag_operator.py
[2024-11-03T09:49:46.534+0000] {logging_mixin.py:188} INFO - [2024-11-03T09:49:46.534+0000] {dag.py:3096} INFO - Sync 3 DAGs
[2024-11-03T09:49:46.552+0000] {logging_mixin.py:188} INFO - [2024-11-03T09:49:46.552+0000] {dag.py:3954} INFO - Setting next_dagrun for example_subdag_operator to 2022-01-01 00:00:00+00:00, run_after=2022-01-01 00:00:00+00:00
[2024-11-03T09:49:46.555+0000] {logging_mixin.py:188} INFO - [2024-11-03T09:49:46.555+0000] {dag.py:3954} INFO - Setting next_dagrun for example_subdag_operator.section-1 to None, run_after=None
[2024-11-03T09:49:46.557+0000] {logging_mixin.py:188} INFO - [2024-11-03T09:49:46.557+0000] {dag.py:3954} INFO - Setting next_dagrun for example_subdag_operator.section-2 to None, run_after=None
[2024-11-03T09:49:46.570+0000] {logging_mixin.py:188} INFO - [2024-11-03T09:49:46.569+0000] {dag.py:3096} INFO - Sync 2 DAGs
[2024-11-03T09:49:46.579+0000] {logging_mixin.py:188} INFO - [2024-11-03T09:49:46.578+0000] {dag.py:3954} INFO - Setting next_dagrun for example_subdag_operator.section-1 to None, run_after=None
[2024-11-03T09:49:46.580+0000] {logging_mixin.py:188} INFO - [2024-11-03T09:49:46.580+0000] {dag.py:3954} INFO - Setting next_dagrun for example_subdag_operator.section-2 to None, run_after=None
[2024-11-03T09:49:46.599+0000] {processor.py:183} INFO - Processing /home/airflow/.local/lib/python3.11/site-packages/airflow/example_dags/example_subdag_operator.py took 0.108 seconds
[2024-11-03T09:50:16.759+0000] {processor.py:161} INFO - Started process (PID=5263) to work on /home/airflow/.local/lib/python3.11/site-packages/airflow/example_dags/example_subdag_operator.py
[2024-11-03T09:50:16.760+0000] {processor.py:830} INFO - Processing file /home/airflow/.local/lib/python3.11/site-packages/airflow/example_dags/example_subdag_operator.py for tasks to queue
[2024-11-03T09:50:16.761+0000] {logging_mixin.py:188} INFO - [2024-11-03T09:50:16.760+0000] {dagbag.py:545} INFO - Filling up the DagBag from /home/airflow/.local/lib/python3.11/site-packages/airflow/example_dags/example_subdag_operator.py
[2024-11-03T09:50:16.782+0000] {processor.py:840} INFO - DAG(s) 'example_subdag_operator.section-1', 'example_subdag_operator.section-2', 'example_subdag_operator' retrieved from /home/airflow/.local/lib/python3.11/site-packages/airflow/example_dags/example_subdag_operator.py
[2024-11-03T09:50:16.798+0000] {logging_mixin.py:188} INFO - [2024-11-03T09:50:16.798+0000] {dag.py:3096} INFO - Sync 3 DAGs
[2024-11-03T09:50:16.821+0000] {logging_mixin.py:188} INFO - [2024-11-03T09:50:16.820+0000] {dag.py:3954} INFO - Setting next_dagrun for example_subdag_operator to 2022-01-01 00:00:00+00:00, run_after=2022-01-01 00:00:00+00:00
[2024-11-03T09:50:16.825+0000] {logging_mixin.py:188} INFO - [2024-11-03T09:50:16.825+0000] {dag.py:3954} INFO - Setting next_dagrun for example_subdag_operator.section-1 to None, run_after=None
[2024-11-03T09:50:16.827+0000] {logging_mixin.py:188} INFO - [2024-11-03T09:50:16.827+0000] {dag.py:3954} INFO - Setting next_dagrun for example_subdag_operator.section-2 to None, run_after=None
[2024-11-03T09:50:16.833+0000] {logging_mixin.py:188} INFO - [2024-11-03T09:50:16.833+0000] {dag.py:3096} INFO - Sync 2 DAGs
[2024-11-03T09:50:16.840+0000] {logging_mixin.py:188} INFO - [2024-11-03T09:50:16.839+0000] {dag.py:3954} INFO - Setting next_dagrun for example_subdag_operator.section-1 to None, run_after=None
[2024-11-03T09:50:16.840+0000] {logging_mixin.py:188} INFO - [2024-11-03T09:50:16.840+0000] {dag.py:3954} INFO - Setting next_dagrun for example_subdag_operator.section-2 to None, run_after=None
[2024-11-03T09:50:16.850+0000] {processor.py:183} INFO - Processing /home/airflow/.local/lib/python3.11/site-packages/airflow/example_dags/example_subdag_operator.py took 0.097 seconds
[2024-11-03T09:50:47.648+0000] {processor.py:161} INFO - Started process (PID=5527) to work on /home/airflow/.local/lib/python3.11/site-packages/airflow/example_dags/example_subdag_operator.py
[2024-11-03T09:50:47.648+0000] {processor.py:830} INFO - Processing file /home/airflow/.local/lib/python3.11/site-packages/airflow/example_dags/example_subdag_operator.py for tasks to queue
[2024-11-03T09:50:47.649+0000] {logging_mixin.py:188} INFO - [2024-11-03T09:50:47.649+0000] {dagbag.py:545} INFO - Filling up the DagBag from /home/airflow/.local/lib/python3.11/site-packages/airflow/example_dags/example_subdag_operator.py
[2024-11-03T09:50:47.667+0000] {processor.py:840} INFO - DAG(s) 'example_subdag_operator.section-1', 'example_subdag_operator.section-2', 'example_subdag_operator' retrieved from /home/airflow/.local/lib/python3.11/site-packages/airflow/example_dags/example_subdag_operator.py
[2024-11-03T09:50:47.681+0000] {logging_mixin.py:188} INFO - [2024-11-03T09:50:47.680+0000] {dag.py:3096} INFO - Sync 3 DAGs
[2024-11-03T09:50:47.699+0000] {logging_mixin.py:188} INFO - [2024-11-03T09:50:47.699+0000] {dag.py:3954} INFO - Setting next_dagrun for example_subdag_operator to 2022-01-01 00:00:00+00:00, run_after=2022-01-01 00:00:00+00:00
[2024-11-03T09:50:47.702+0000] {logging_mixin.py:188} INFO - [2024-11-03T09:50:47.702+0000] {dag.py:3954} INFO - Setting next_dagrun for example_subdag_operator.section-1 to None, run_after=None
[2024-11-03T09:50:47.703+0000] {logging_mixin.py:188} INFO - [2024-11-03T09:50:47.703+0000] {dag.py:3954} INFO - Setting next_dagrun for example_subdag_operator.section-2 to None, run_after=None
[2024-11-03T09:50:47.710+0000] {logging_mixin.py:188} INFO - [2024-11-03T09:50:47.709+0000] {dag.py:3096} INFO - Sync 2 DAGs
[2024-11-03T09:50:47.714+0000] {logging_mixin.py:188} INFO - [2024-11-03T09:50:47.714+0000] {dag.py:3954} INFO - Setting next_dagrun for example_subdag_operator.section-1 to None, run_after=None
[2024-11-03T09:50:47.715+0000] {logging_mixin.py:188} INFO - [2024-11-03T09:50:47.715+0000] {dag.py:3954} INFO - Setting next_dagrun for example_subdag_operator.section-2 to None, run_after=None
[2024-11-03T09:50:47.725+0000] {processor.py:183} INFO - Processing /home/airflow/.local/lib/python3.11/site-packages/airflow/example_dags/example_subdag_operator.py took 0.082 seconds
[2024-11-03T09:51:18.428+0000] {processor.py:161} INFO - Started process (PID=5793) to work on /home/airflow/.local/lib/python3.11/site-packages/airflow/example_dags/example_subdag_operator.py
[2024-11-03T09:51:18.429+0000] {processor.py:830} INFO - Processing file /home/airflow/.local/lib/python3.11/site-packages/airflow/example_dags/example_subdag_operator.py for tasks to queue
[2024-11-03T09:51:18.430+0000] {logging_mixin.py:188} INFO - [2024-11-03T09:51:18.430+0000] {dagbag.py:545} INFO - Filling up the DagBag from /home/airflow/.local/lib/python3.11/site-packages/airflow/example_dags/example_subdag_operator.py
[2024-11-03T09:51:18.449+0000] {processor.py:840} INFO - DAG(s) 'example_subdag_operator.section-1', 'example_subdag_operator.section-2', 'example_subdag_operator' retrieved from /home/airflow/.local/lib/python3.11/site-packages/airflow/example_dags/example_subdag_operator.py
[2024-11-03T09:51:18.462+0000] {logging_mixin.py:188} INFO - [2024-11-03T09:51:18.462+0000] {dag.py:3096} INFO - Sync 3 DAGs
[2024-11-03T09:51:18.478+0000] {logging_mixin.py:188} INFO - [2024-11-03T09:51:18.478+0000] {dag.py:3954} INFO - Setting next_dagrun for example_subdag_operator to 2022-01-01 00:00:00+00:00, run_after=2022-01-01 00:00:00+00:00
[2024-11-03T09:51:18.482+0000] {logging_mixin.py:188} INFO - [2024-11-03T09:51:18.482+0000] {dag.py:3954} INFO - Setting next_dagrun for example_subdag_operator.section-1 to None, run_after=None
[2024-11-03T09:51:18.484+0000] {logging_mixin.py:188} INFO - [2024-11-03T09:51:18.483+0000] {dag.py:3954} INFO - Setting next_dagrun for example_subdag_operator.section-2 to None, run_after=None
[2024-11-03T09:51:18.492+0000] {logging_mixin.py:188} INFO - [2024-11-03T09:51:18.491+0000] {dag.py:3096} INFO - Sync 2 DAGs
[2024-11-03T09:51:18.497+0000] {logging_mixin.py:188} INFO - [2024-11-03T09:51:18.496+0000] {dag.py:3954} INFO - Setting next_dagrun for example_subdag_operator.section-1 to None, run_after=None
[2024-11-03T09:51:18.497+0000] {logging_mixin.py:188} INFO - [2024-11-03T09:51:18.497+0000] {dag.py:3954} INFO - Setting next_dagrun for example_subdag_operator.section-2 to None, run_after=None
[2024-11-03T09:51:18.507+0000] {processor.py:183} INFO - Processing /home/airflow/.local/lib/python3.11/site-packages/airflow/example_dags/example_subdag_operator.py took 0.084 seconds
[2024-11-03T09:51:49.214+0000] {processor.py:161} INFO - Started process (PID=6059) to work on /home/airflow/.local/lib/python3.11/site-packages/airflow/example_dags/example_subdag_operator.py
[2024-11-03T09:51:49.215+0000] {processor.py:830} INFO - Processing file /home/airflow/.local/lib/python3.11/site-packages/airflow/example_dags/example_subdag_operator.py for tasks to queue
[2024-11-03T09:51:49.215+0000] {logging_mixin.py:188} INFO - [2024-11-03T09:51:49.215+0000] {dagbag.py:545} INFO - Filling up the DagBag from /home/airflow/.local/lib/python3.11/site-packages/airflow/example_dags/example_subdag_operator.py
[2024-11-03T09:51:49.233+0000] {processor.py:840} INFO - DAG(s) 'example_subdag_operator.section-1', 'example_subdag_operator.section-2', 'example_subdag_operator' retrieved from /home/airflow/.local/lib/python3.11/site-packages/airflow/example_dags/example_subdag_operator.py
[2024-11-03T09:51:49.246+0000] {logging_mixin.py:188} INFO - [2024-11-03T09:51:49.246+0000] {dag.py:3096} INFO - Sync 3 DAGs
[2024-11-03T09:51:49.264+0000] {logging_mixin.py:188} INFO - [2024-11-03T09:51:49.264+0000] {dag.py:3954} INFO - Setting next_dagrun for example_subdag_operator to 2022-01-01 00:00:00+00:00, run_after=2022-01-01 00:00:00+00:00
[2024-11-03T09:51:49.268+0000] {logging_mixin.py:188} INFO - [2024-11-03T09:51:49.267+0000] {dag.py:3954} INFO - Setting next_dagrun for example_subdag_operator.section-1 to None, run_after=None
[2024-11-03T09:51:49.269+0000] {logging_mixin.py:188} INFO - [2024-11-03T09:51:49.269+0000] {dag.py:3954} INFO - Setting next_dagrun for example_subdag_operator.section-2 to None, run_after=None
[2024-11-03T09:51:49.275+0000] {logging_mixin.py:188} INFO - [2024-11-03T09:51:49.275+0000] {dag.py:3096} INFO - Sync 2 DAGs
[2024-11-03T09:51:49.281+0000] {logging_mixin.py:188} INFO - [2024-11-03T09:51:49.281+0000] {dag.py:3954} INFO - Setting next_dagrun for example_subdag_operator.section-1 to None, run_after=None
[2024-11-03T09:51:49.282+0000] {logging_mixin.py:188} INFO - [2024-11-03T09:51:49.282+0000] {dag.py:3954} INFO - Setting next_dagrun for example_subdag_operator.section-2 to None, run_after=None
[2024-11-03T09:51:49.293+0000] {processor.py:183} INFO - Processing /home/airflow/.local/lib/python3.11/site-packages/airflow/example_dags/example_subdag_operator.py took 0.084 seconds
[2024-11-03T09:52:20.077+0000] {processor.py:161} INFO - Started process (PID=6325) to work on /home/airflow/.local/lib/python3.11/site-packages/airflow/example_dags/example_subdag_operator.py
[2024-11-03T09:52:20.078+0000] {processor.py:830} INFO - Processing file /home/airflow/.local/lib/python3.11/site-packages/airflow/example_dags/example_subdag_operator.py for tasks to queue
[2024-11-03T09:52:20.078+0000] {logging_mixin.py:188} INFO - [2024-11-03T09:52:20.078+0000] {dagbag.py:545} INFO - Filling up the DagBag from /home/airflow/.local/lib/python3.11/site-packages/airflow/example_dags/example_subdag_operator.py
[2024-11-03T09:52:20.098+0000] {processor.py:840} INFO - DAG(s) 'example_subdag_operator.section-1', 'example_subdag_operator.section-2', 'example_subdag_operator' retrieved from /home/airflow/.local/lib/python3.11/site-packages/airflow/example_dags/example_subdag_operator.py
[2024-11-03T09:52:20.115+0000] {logging_mixin.py:188} INFO - [2024-11-03T09:52:20.115+0000] {dag.py:3096} INFO - Sync 3 DAGs
[2024-11-03T09:52:20.136+0000] {logging_mixin.py:188} INFO - [2024-11-03T09:52:20.135+0000] {dag.py:3954} INFO - Setting next_dagrun for example_subdag_operator to 2022-01-01 00:00:00+00:00, run_after=2022-01-01 00:00:00+00:00
[2024-11-03T09:52:20.140+0000] {logging_mixin.py:188} INFO - [2024-11-03T09:52:20.139+0000] {dag.py:3954} INFO - Setting next_dagrun for example_subdag_operator.section-1 to None, run_after=None
[2024-11-03T09:52:20.141+0000] {logging_mixin.py:188} INFO - [2024-11-03T09:52:20.141+0000] {dag.py:3954} INFO - Setting next_dagrun for example_subdag_operator.section-2 to None, run_after=None
[2024-11-03T09:52:20.149+0000] {logging_mixin.py:188} INFO - [2024-11-03T09:52:20.149+0000] {dag.py:3096} INFO - Sync 2 DAGs
[2024-11-03T09:52:20.154+0000] {logging_mixin.py:188} INFO - [2024-11-03T09:52:20.154+0000] {dag.py:3954} INFO - Setting next_dagrun for example_subdag_operator.section-1 to None, run_after=None
[2024-11-03T09:52:20.155+0000] {logging_mixin.py:188} INFO - [2024-11-03T09:52:20.155+0000] {dag.py:3954} INFO - Setting next_dagrun for example_subdag_operator.section-2 to None, run_after=None
[2024-11-03T09:52:20.171+0000] {processor.py:183} INFO - Processing /home/airflow/.local/lib/python3.11/site-packages/airflow/example_dags/example_subdag_operator.py took 0.099 seconds
[2024-11-03T09:52:50.373+0000] {processor.py:161} INFO - Started process (PID=6593) to work on /home/airflow/.local/lib/python3.11/site-packages/airflow/example_dags/example_subdag_operator.py
[2024-11-03T09:52:50.375+0000] {processor.py:830} INFO - Processing file /home/airflow/.local/lib/python3.11/site-packages/airflow/example_dags/example_subdag_operator.py for tasks to queue
[2024-11-03T09:52:50.376+0000] {logging_mixin.py:188} INFO - [2024-11-03T09:52:50.375+0000] {dagbag.py:545} INFO - Filling up the DagBag from /home/airflow/.local/lib/python3.11/site-packages/airflow/example_dags/example_subdag_operator.py
[2024-11-03T09:52:50.406+0000] {processor.py:840} INFO - DAG(s) 'example_subdag_operator.section-1', 'example_subdag_operator.section-2', 'example_subdag_operator' retrieved from /home/airflow/.local/lib/python3.11/site-packages/airflow/example_dags/example_subdag_operator.py
[2024-11-03T09:52:50.428+0000] {logging_mixin.py:188} INFO - [2024-11-03T09:52:50.427+0000] {dag.py:3096} INFO - Sync 3 DAGs
[2024-11-03T09:52:50.444+0000] {logging_mixin.py:188} INFO - [2024-11-03T09:52:50.444+0000] {dag.py:3954} INFO - Setting next_dagrun for example_subdag_operator to 2022-01-01 00:00:00+00:00, run_after=2022-01-01 00:00:00+00:00
[2024-11-03T09:52:50.448+0000] {logging_mixin.py:188} INFO - [2024-11-03T09:52:50.447+0000] {dag.py:3954} INFO - Setting next_dagrun for example_subdag_operator.section-1 to None, run_after=None
[2024-11-03T09:52:50.449+0000] {logging_mixin.py:188} INFO - [2024-11-03T09:52:50.449+0000] {dag.py:3954} INFO - Setting next_dagrun for example_subdag_operator.section-2 to None, run_after=None
[2024-11-03T09:52:50.454+0000] {logging_mixin.py:188} INFO - [2024-11-03T09:52:50.454+0000] {dag.py:3096} INFO - Sync 2 DAGs
[2024-11-03T09:52:50.458+0000] {logging_mixin.py:188} INFO - [2024-11-03T09:52:50.458+0000] {dag.py:3954} INFO - Setting next_dagrun for example_subdag_operator.section-1 to None, run_after=None
[2024-11-03T09:52:50.459+0000] {logging_mixin.py:188} INFO - [2024-11-03T09:52:50.459+0000] {dag.py:3954} INFO - Setting next_dagrun for example_subdag_operator.section-2 to None, run_after=None
[2024-11-03T09:52:50.469+0000] {processor.py:183} INFO - Processing /home/airflow/.local/lib/python3.11/site-packages/airflow/example_dags/example_subdag_operator.py took 0.102 seconds
[2024-11-03T09:53:20.605+0000] {processor.py:161} INFO - Started process (PID=6859) to work on /home/airflow/.local/lib/python3.11/site-packages/airflow/example_dags/example_subdag_operator.py
[2024-11-03T09:53:20.605+0000] {processor.py:830} INFO - Processing file /home/airflow/.local/lib/python3.11/site-packages/airflow/example_dags/example_subdag_operator.py for tasks to queue
[2024-11-03T09:53:20.606+0000] {logging_mixin.py:188} INFO - [2024-11-03T09:53:20.606+0000] {dagbag.py:545} INFO - Filling up the DagBag from /home/airflow/.local/lib/python3.11/site-packages/airflow/example_dags/example_subdag_operator.py
[2024-11-03T09:53:20.629+0000] {processor.py:840} INFO - DAG(s) 'example_subdag_operator.section-1', 'example_subdag_operator.section-2', 'example_subdag_operator' retrieved from /home/airflow/.local/lib/python3.11/site-packages/airflow/example_dags/example_subdag_operator.py
[2024-11-03T09:53:20.646+0000] {logging_mixin.py:188} INFO - [2024-11-03T09:53:20.646+0000] {dag.py:3096} INFO - Sync 3 DAGs
[2024-11-03T09:53:20.665+0000] {logging_mixin.py:188} INFO - [2024-11-03T09:53:20.664+0000] {dag.py:3954} INFO - Setting next_dagrun for example_subdag_operator to 2022-01-01 00:00:00+00:00, run_after=2022-01-01 00:00:00+00:00
[2024-11-03T09:53:20.668+0000] {logging_mixin.py:188} INFO - [2024-11-03T09:53:20.668+0000] {dag.py:3954} INFO - Setting next_dagrun for example_subdag_operator.section-1 to None, run_after=None
[2024-11-03T09:53:20.670+0000] {logging_mixin.py:188} INFO - [2024-11-03T09:53:20.670+0000] {dag.py:3954} INFO - Setting next_dagrun for example_subdag_operator.section-2 to None, run_after=None
[2024-11-03T09:53:20.678+0000] {logging_mixin.py:188} INFO - [2024-11-03T09:53:20.677+0000] {dag.py:3096} INFO - Sync 2 DAGs
[2024-11-03T09:53:20.683+0000] {logging_mixin.py:188} INFO - [2024-11-03T09:53:20.683+0000] {dag.py:3954} INFO - Setting next_dagrun for example_subdag_operator.section-1 to None, run_after=None
[2024-11-03T09:53:20.684+0000] {logging_mixin.py:188} INFO - [2024-11-03T09:53:20.684+0000] {dag.py:3954} INFO - Setting next_dagrun for example_subdag_operator.section-2 to None, run_after=None
[2024-11-03T09:53:20.693+0000] {processor.py:183} INFO - Processing /home/airflow/.local/lib/python3.11/site-packages/airflow/example_dags/example_subdag_operator.py took 0.094 seconds
[2024-11-03T09:53:50.816+0000] {processor.py:161} INFO - Started process (PID=7150) to work on /home/airflow/.local/lib/python3.11/site-packages/airflow/example_dags/example_subdag_operator.py
[2024-11-03T09:53:50.817+0000] {processor.py:830} INFO - Processing file /home/airflow/.local/lib/python3.11/site-packages/airflow/example_dags/example_subdag_operator.py for tasks to queue
[2024-11-03T09:53:50.818+0000] {logging_mixin.py:188} INFO - [2024-11-03T09:53:50.817+0000] {dagbag.py:545} INFO - Filling up the DagBag from /home/airflow/.local/lib/python3.11/site-packages/airflow/example_dags/example_subdag_operator.py
[2024-11-03T09:53:50.837+0000] {processor.py:840} INFO - DAG(s) 'example_subdag_operator.section-1', 'example_subdag_operator.section-2', 'example_subdag_operator' retrieved from /home/airflow/.local/lib/python3.11/site-packages/airflow/example_dags/example_subdag_operator.py
[2024-11-03T09:53:50.851+0000] {logging_mixin.py:188} INFO - [2024-11-03T09:53:50.851+0000] {dag.py:3096} INFO - Sync 3 DAGs
[2024-11-03T09:53:50.870+0000] {logging_mixin.py:188} INFO - [2024-11-03T09:53:50.869+0000] {dag.py:3954} INFO - Setting next_dagrun for example_subdag_operator to 2022-01-01 00:00:00+00:00, run_after=2022-01-01 00:00:00+00:00
[2024-11-03T09:53:50.873+0000] {logging_mixin.py:188} INFO - [2024-11-03T09:53:50.873+0000] {dag.py:3954} INFO - Setting next_dagrun for example_subdag_operator.section-1 to None, run_after=None
[2024-11-03T09:53:50.875+0000] {logging_mixin.py:188} INFO - [2024-11-03T09:53:50.875+0000] {dag.py:3954} INFO - Setting next_dagrun for example_subdag_operator.section-2 to None, run_after=None
[2024-11-03T09:53:50.882+0000] {logging_mixin.py:188} INFO - [2024-11-03T09:53:50.881+0000] {dag.py:3096} INFO - Sync 2 DAGs
[2024-11-03T09:53:50.887+0000] {logging_mixin.py:188} INFO - [2024-11-03T09:53:50.886+0000] {dag.py:3954} INFO - Setting next_dagrun for example_subdag_operator.section-1 to None, run_after=None
[2024-11-03T09:53:50.887+0000] {logging_mixin.py:188} INFO - [2024-11-03T09:53:50.887+0000] {dag.py:3954} INFO - Setting next_dagrun for example_subdag_operator.section-2 to None, run_after=None
[2024-11-03T09:53:50.897+0000] {processor.py:183} INFO - Processing /home/airflow/.local/lib/python3.11/site-packages/airflow/example_dags/example_subdag_operator.py took 0.086 seconds
[2024-11-03T09:54:20.981+0000] {processor.py:161} INFO - Started process (PID=7416) to work on /home/airflow/.local/lib/python3.11/site-packages/airflow/example_dags/example_subdag_operator.py
[2024-11-03T09:54:20.982+0000] {processor.py:830} INFO - Processing file /home/airflow/.local/lib/python3.11/site-packages/airflow/example_dags/example_subdag_operator.py for tasks to queue
[2024-11-03T09:54:20.983+0000] {logging_mixin.py:188} INFO - [2024-11-03T09:54:20.983+0000] {dagbag.py:545} INFO - Filling up the DagBag from /home/airflow/.local/lib/python3.11/site-packages/airflow/example_dags/example_subdag_operator.py
[2024-11-03T09:54:21.004+0000] {processor.py:840} INFO - DAG(s) 'example_subdag_operator.section-1', 'example_subdag_operator.section-2', 'example_subdag_operator' retrieved from /home/airflow/.local/lib/python3.11/site-packages/airflow/example_dags/example_subdag_operator.py
[2024-11-03T09:54:21.017+0000] {logging_mixin.py:188} INFO - [2024-11-03T09:54:21.017+0000] {dag.py:3096} INFO - Sync 3 DAGs
[2024-11-03T09:54:21.035+0000] {logging_mixin.py:188} INFO - [2024-11-03T09:54:21.034+0000] {dag.py:3954} INFO - Setting next_dagrun for example_subdag_operator to 2022-01-01 00:00:00+00:00, run_after=2022-01-01 00:00:00+00:00
[2024-11-03T09:54:21.038+0000] {logging_mixin.py:188} INFO - [2024-11-03T09:54:21.038+0000] {dag.py:3954} INFO - Setting next_dagrun for example_subdag_operator.section-1 to None, run_after=None
[2024-11-03T09:54:21.039+0000] {logging_mixin.py:188} INFO - [2024-11-03T09:54:21.039+0000] {dag.py:3954} INFO - Setting next_dagrun for example_subdag_operator.section-2 to None, run_after=None
[2024-11-03T09:54:21.045+0000] {logging_mixin.py:188} INFO - [2024-11-03T09:54:21.045+0000] {dag.py:3096} INFO - Sync 2 DAGs
[2024-11-03T09:54:21.049+0000] {logging_mixin.py:188} INFO - [2024-11-03T09:54:21.049+0000] {dag.py:3954} INFO - Setting next_dagrun for example_subdag_operator.section-1 to None, run_after=None
[2024-11-03T09:54:21.050+0000] {logging_mixin.py:188} INFO - [2024-11-03T09:54:21.050+0000] {dag.py:3954} INFO - Setting next_dagrun for example_subdag_operator.section-2 to None, run_after=None
[2024-11-03T09:54:21.060+0000] {processor.py:183} INFO - Processing /home/airflow/.local/lib/python3.11/site-packages/airflow/example_dags/example_subdag_operator.py took 0.084 seconds
[2024-11-03T09:54:51.567+0000] {processor.py:161} INFO - Started process (PID=7677) to work on /home/airflow/.local/lib/python3.11/site-packages/airflow/example_dags/example_subdag_operator.py
[2024-11-03T09:54:51.568+0000] {processor.py:830} INFO - Processing file /home/airflow/.local/lib/python3.11/site-packages/airflow/example_dags/example_subdag_operator.py for tasks to queue
[2024-11-03T09:54:51.569+0000] {logging_mixin.py:188} INFO - [2024-11-03T09:54:51.568+0000] {dagbag.py:545} INFO - Filling up the DagBag from /home/airflow/.local/lib/python3.11/site-packages/airflow/example_dags/example_subdag_operator.py
[2024-11-03T09:54:51.587+0000] {processor.py:840} INFO - DAG(s) 'example_subdag_operator.section-1', 'example_subdag_operator.section-2', 'example_subdag_operator' retrieved from /home/airflow/.local/lib/python3.11/site-packages/airflow/example_dags/example_subdag_operator.py
[2024-11-03T09:54:51.600+0000] {logging_mixin.py:188} INFO - [2024-11-03T09:54:51.600+0000] {dag.py:3096} INFO - Sync 3 DAGs
[2024-11-03T09:54:51.617+0000] {logging_mixin.py:188} INFO - [2024-11-03T09:54:51.617+0000] {dag.py:3954} INFO - Setting next_dagrun for example_subdag_operator to 2022-01-01 00:00:00+00:00, run_after=2022-01-01 00:00:00+00:00
[2024-11-03T09:54:51.621+0000] {logging_mixin.py:188} INFO - [2024-11-03T09:54:51.621+0000] {dag.py:3954} INFO - Setting next_dagrun for example_subdag_operator.section-1 to None, run_after=None
[2024-11-03T09:54:51.623+0000] {logging_mixin.py:188} INFO - [2024-11-03T09:54:51.623+0000] {dag.py:3954} INFO - Setting next_dagrun for example_subdag_operator.section-2 to None, run_after=None
[2024-11-03T09:54:51.629+0000] {logging_mixin.py:188} INFO - [2024-11-03T09:54:51.629+0000] {dag.py:3096} INFO - Sync 2 DAGs
[2024-11-03T09:54:51.634+0000] {logging_mixin.py:188} INFO - [2024-11-03T09:54:51.634+0000] {dag.py:3954} INFO - Setting next_dagrun for example_subdag_operator.section-1 to None, run_after=None
[2024-11-03T09:54:51.634+0000] {logging_mixin.py:188} INFO - [2024-11-03T09:54:51.634+0000] {dag.py:3954} INFO - Setting next_dagrun for example_subdag_operator.section-2 to None, run_after=None
[2024-11-03T09:54:51.644+0000] {processor.py:183} INFO - Processing /home/airflow/.local/lib/python3.11/site-packages/airflow/example_dags/example_subdag_operator.py took 0.081 seconds
[2024-11-03T09:55:22.014+0000] {processor.py:161} INFO - Started process (PID=7941) to work on /home/airflow/.local/lib/python3.11/site-packages/airflow/example_dags/example_subdag_operator.py
[2024-11-03T09:55:22.015+0000] {processor.py:830} INFO - Processing file /home/airflow/.local/lib/python3.11/site-packages/airflow/example_dags/example_subdag_operator.py for tasks to queue
[2024-11-03T09:55:22.016+0000] {logging_mixin.py:188} INFO - [2024-11-03T09:55:22.015+0000] {dagbag.py:545} INFO - Filling up the DagBag from /home/airflow/.local/lib/python3.11/site-packages/airflow/example_dags/example_subdag_operator.py
[2024-11-03T09:55:22.035+0000] {processor.py:840} INFO - DAG(s) 'example_subdag_operator.section-1', 'example_subdag_operator.section-2', 'example_subdag_operator' retrieved from /home/airflow/.local/lib/python3.11/site-packages/airflow/example_dags/example_subdag_operator.py
[2024-11-03T09:55:22.048+0000] {logging_mixin.py:188} INFO - [2024-11-03T09:55:22.048+0000] {dag.py:3096} INFO - Sync 3 DAGs
[2024-11-03T09:55:22.068+0000] {logging_mixin.py:188} INFO - [2024-11-03T09:55:22.068+0000] {dag.py:3954} INFO - Setting next_dagrun for example_subdag_operator to 2022-01-01 00:00:00+00:00, run_after=2022-01-01 00:00:00+00:00
[2024-11-03T09:55:22.071+0000] {logging_mixin.py:188} INFO - [2024-11-03T09:55:22.071+0000] {dag.py:3954} INFO - Setting next_dagrun for example_subdag_operator.section-1 to None, run_after=None
[2024-11-03T09:55:22.073+0000] {logging_mixin.py:188} INFO - [2024-11-03T09:55:22.072+0000] {dag.py:3954} INFO - Setting next_dagrun for example_subdag_operator.section-2 to None, run_after=None
[2024-11-03T09:55:22.079+0000] {logging_mixin.py:188} INFO - [2024-11-03T09:55:22.079+0000] {dag.py:3096} INFO - Sync 2 DAGs
[2024-11-03T09:55:22.084+0000] {logging_mixin.py:188} INFO - [2024-11-03T09:55:22.084+0000] {dag.py:3954} INFO - Setting next_dagrun for example_subdag_operator.section-1 to None, run_after=None
[2024-11-03T09:55:22.084+0000] {logging_mixin.py:188} INFO - [2024-11-03T09:55:22.084+0000] {dag.py:3954} INFO - Setting next_dagrun for example_subdag_operator.section-2 to None, run_after=None
[2024-11-03T09:55:22.095+0000] {processor.py:183} INFO - Processing /home/airflow/.local/lib/python3.11/site-packages/airflow/example_dags/example_subdag_operator.py took 0.086 seconds
[2024-11-03T09:55:52.674+0000] {processor.py:161} INFO - Started process (PID=8209) to work on /home/airflow/.local/lib/python3.11/site-packages/airflow/example_dags/example_subdag_operator.py
[2024-11-03T09:55:52.675+0000] {processor.py:830} INFO - Processing file /home/airflow/.local/lib/python3.11/site-packages/airflow/example_dags/example_subdag_operator.py for tasks to queue
[2024-11-03T09:55:52.676+0000] {logging_mixin.py:188} INFO - [2024-11-03T09:55:52.676+0000] {dagbag.py:545} INFO - Filling up the DagBag from /home/airflow/.local/lib/python3.11/site-packages/airflow/example_dags/example_subdag_operator.py
[2024-11-03T09:55:52.694+0000] {processor.py:840} INFO - DAG(s) 'example_subdag_operator.section-1', 'example_subdag_operator.section-2', 'example_subdag_operator' retrieved from /home/airflow/.local/lib/python3.11/site-packages/airflow/example_dags/example_subdag_operator.py
[2024-11-03T09:55:52.707+0000] {logging_mixin.py:188} INFO - [2024-11-03T09:55:52.707+0000] {dag.py:3096} INFO - Sync 3 DAGs
[2024-11-03T09:55:52.725+0000] {logging_mixin.py:188} INFO - [2024-11-03T09:55:52.724+0000] {dag.py:3954} INFO - Setting next_dagrun for example_subdag_operator to 2022-01-01 00:00:00+00:00, run_after=2022-01-01 00:00:00+00:00
[2024-11-03T09:55:52.728+0000] {logging_mixin.py:188} INFO - [2024-11-03T09:55:52.728+0000] {dag.py:3954} INFO - Setting next_dagrun for example_subdag_operator.section-1 to None, run_after=None
[2024-11-03T09:55:52.730+0000] {logging_mixin.py:188} INFO - [2024-11-03T09:55:52.730+0000] {dag.py:3954} INFO - Setting next_dagrun for example_subdag_operator.section-2 to None, run_after=None
[2024-11-03T09:55:52.737+0000] {logging_mixin.py:188} INFO - [2024-11-03T09:55:52.736+0000] {dag.py:3096} INFO - Sync 2 DAGs
[2024-11-03T09:55:52.741+0000] {logging_mixin.py:188} INFO - [2024-11-03T09:55:52.740+0000] {dag.py:3954} INFO - Setting next_dagrun for example_subdag_operator.section-1 to None, run_after=None
[2024-11-03T09:55:52.741+0000] {logging_mixin.py:188} INFO - [2024-11-03T09:55:52.741+0000] {dag.py:3954} INFO - Setting next_dagrun for example_subdag_operator.section-2 to None, run_after=None
[2024-11-03T09:55:52.750+0000] {processor.py:183} INFO - Processing /home/airflow/.local/lib/python3.11/site-packages/airflow/example_dags/example_subdag_operator.py took 0.080 seconds
[2024-11-03T16:27:44.581+0000] {processor.py:161} INFO - Started process (PID=345) to work on /home/airflow/.local/lib/python3.11/site-packages/airflow/example_dags/example_subdag_operator.py
[2024-11-03T16:27:44.583+0000] {processor.py:830} INFO - Processing file /home/airflow/.local/lib/python3.11/site-packages/airflow/example_dags/example_subdag_operator.py for tasks to queue
[2024-11-03T16:27:44.587+0000] {logging_mixin.py:188} INFO - [2024-11-03T16:27:44.586+0000] {dagbag.py:545} INFO - Filling up the DagBag from /home/airflow/.local/lib/python3.11/site-packages/airflow/example_dags/example_subdag_operator.py
[2024-11-03T16:27:44.626+0000] {processor.py:840} INFO - DAG(s) 'example_subdag_operator.section-1', 'example_subdag_operator.section-2', 'example_subdag_operator' retrieved from /home/airflow/.local/lib/python3.11/site-packages/airflow/example_dags/example_subdag_operator.py
[2024-11-03T16:27:44.632+0000] {logging_mixin.py:188} INFO - [2024-11-03T16:27:44.631+0000] {dag.py:3096} INFO - Sync 3 DAGs
[2024-11-03T16:27:44.672+0000] {logging_mixin.py:188} INFO - [2024-11-03T16:27:44.672+0000] {dag.py:3954} INFO - Setting next_dagrun for example_subdag_operator to 2022-01-01 00:00:00+00:00, run_after=2022-01-01 00:00:00+00:00
[2024-11-03T16:27:44.680+0000] {logging_mixin.py:188} INFO - [2024-11-03T16:27:44.680+0000] {dag.py:3954} INFO - Setting next_dagrun for example_subdag_operator.section-1 to None, run_after=None
[2024-11-03T16:27:44.682+0000] {logging_mixin.py:188} INFO - [2024-11-03T16:27:44.682+0000] {dag.py:3954} INFO - Setting next_dagrun for example_subdag_operator.section-2 to None, run_after=None
[2024-11-03T16:27:44.694+0000] {logging_mixin.py:188} INFO - [2024-11-03T16:27:44.694+0000] {dag.py:3096} INFO - Sync 2 DAGs
[2024-11-03T16:27:44.708+0000] {logging_mixin.py:188} INFO - [2024-11-03T16:27:44.708+0000] {dag.py:3954} INFO - Setting next_dagrun for example_subdag_operator.section-1 to None, run_after=None
[2024-11-03T16:27:44.710+0000] {logging_mixin.py:188} INFO - [2024-11-03T16:27:44.710+0000] {dag.py:3954} INFO - Setting next_dagrun for example_subdag_operator.section-2 to None, run_after=None
[2024-11-03T16:27:44.727+0000] {processor.py:183} INFO - Processing /home/airflow/.local/lib/python3.11/site-packages/airflow/example_dags/example_subdag_operator.py took 0.152 seconds
[2024-11-03T16:28:15.987+0000] {processor.py:161} INFO - Started process (PID=612) to work on /home/airflow/.local/lib/python3.11/site-packages/airflow/example_dags/example_subdag_operator.py
[2024-11-03T16:28:15.988+0000] {processor.py:830} INFO - Processing file /home/airflow/.local/lib/python3.11/site-packages/airflow/example_dags/example_subdag_operator.py for tasks to queue
[2024-11-03T16:28:15.991+0000] {logging_mixin.py:188} INFO - [2024-11-03T16:28:15.990+0000] {dagbag.py:545} INFO - Filling up the DagBag from /home/airflow/.local/lib/python3.11/site-packages/airflow/example_dags/example_subdag_operator.py
[2024-11-03T16:28:16.016+0000] {processor.py:840} INFO - DAG(s) 'example_subdag_operator.section-1', 'example_subdag_operator.section-2', 'example_subdag_operator' retrieved from /home/airflow/.local/lib/python3.11/site-packages/airflow/example_dags/example_subdag_operator.py
[2024-11-03T16:28:16.107+0000] {logging_mixin.py:188} INFO - [2024-11-03T16:28:16.107+0000] {dag.py:3096} INFO - Sync 3 DAGs
[2024-11-03T16:28:16.125+0000] {logging_mixin.py:188} INFO - [2024-11-03T16:28:16.125+0000] {dag.py:3954} INFO - Setting next_dagrun for example_subdag_operator to 2022-01-01 00:00:00+00:00, run_after=2022-01-01 00:00:00+00:00
[2024-11-03T16:28:16.129+0000] {logging_mixin.py:188} INFO - [2024-11-03T16:28:16.129+0000] {dag.py:3954} INFO - Setting next_dagrun for example_subdag_operator.section-1 to None, run_after=None
[2024-11-03T16:28:16.131+0000] {logging_mixin.py:188} INFO - [2024-11-03T16:28:16.130+0000] {dag.py:3954} INFO - Setting next_dagrun for example_subdag_operator.section-2 to None, run_after=None
[2024-11-03T16:28:16.141+0000] {logging_mixin.py:188} INFO - [2024-11-03T16:28:16.141+0000] {dag.py:3096} INFO - Sync 2 DAGs
[2024-11-03T16:28:16.146+0000] {logging_mixin.py:188} INFO - [2024-11-03T16:28:16.146+0000] {dag.py:3954} INFO - Setting next_dagrun for example_subdag_operator.section-1 to None, run_after=None
[2024-11-03T16:28:16.146+0000] {logging_mixin.py:188} INFO - [2024-11-03T16:28:16.146+0000] {dag.py:3954} INFO - Setting next_dagrun for example_subdag_operator.section-2 to None, run_after=None
[2024-11-03T16:28:16.155+0000] {processor.py:183} INFO - Processing /home/airflow/.local/lib/python3.11/site-packages/airflow/example_dags/example_subdag_operator.py took 0.174 seconds
