[2024-11-03T09:41:06.591+0000] {processor.py:161} INFO - Started process (PID=380) to work on /home/airflow/.local/lib/python3.11/site-packages/airflow/example_dags/example_branch_python_dop_operator_3.py
[2024-11-03T09:41:06.592+0000] {processor.py:830} INFO - Processing file /home/airflow/.local/lib/python3.11/site-packages/airflow/example_dags/example_branch_python_dop_operator_3.py for tasks to queue
[2024-11-03T09:41:06.594+0000] {logging_mixin.py:188} INFO - [2024-11-03T09:41:06.594+0000] {dagbag.py:545} INFO - Filling up the DagBag from /home/airflow/.local/lib/python3.11/site-packages/airflow/example_dags/example_branch_python_dop_operator_3.py
[2024-11-03T09:41:06.604+0000] {processor.py:840} INFO - DAG(s) 'example_branch_dop_operator_v3' retrieved from /home/airflow/.local/lib/python3.11/site-packages/airflow/example_dags/example_branch_python_dop_operator_3.py
[2024-11-03T09:41:06.617+0000] {logging_mixin.py:188} INFO - [2024-11-03T09:41:06.617+0000] {dag.py:3096} INFO - Sync 1 DAGs
[2024-11-03T09:41:06.642+0000] {logging_mixin.py:188} INFO - [2024-11-03T09:41:06.642+0000] {dag.py:3954} INFO - Setting next_dagrun for example_branch_dop_operator_v3 to 2024-11-03 09:40:00+00:00, run_after=2024-11-03 09:41:00+00:00
[2024-11-03T09:41:06.662+0000] {processor.py:183} INFO - Processing /home/airflow/.local/lib/python3.11/site-packages/airflow/example_dags/example_branch_python_dop_operator_3.py took 0.075 seconds
[2024-11-03T09:41:38.351+0000] {processor.py:161} INFO - Started process (PID=646) to work on /home/airflow/.local/lib/python3.11/site-packages/airflow/example_dags/example_branch_python_dop_operator_3.py
[2024-11-03T09:41:38.352+0000] {processor.py:830} INFO - Processing file /home/airflow/.local/lib/python3.11/site-packages/airflow/example_dags/example_branch_python_dop_operator_3.py for tasks to queue
[2024-11-03T09:41:38.354+0000] {logging_mixin.py:188} INFO - [2024-11-03T09:41:38.354+0000] {dagbag.py:545} INFO - Filling up the DagBag from /home/airflow/.local/lib/python3.11/site-packages/airflow/example_dags/example_branch_python_dop_operator_3.py
[2024-11-03T09:41:38.361+0000] {processor.py:840} INFO - DAG(s) 'example_branch_dop_operator_v3' retrieved from /home/airflow/.local/lib/python3.11/site-packages/airflow/example_dags/example_branch_python_dop_operator_3.py
[2024-11-03T09:41:38.435+0000] {logging_mixin.py:188} INFO - [2024-11-03T09:41:38.435+0000] {dag.py:3096} INFO - Sync 1 DAGs
[2024-11-03T09:41:38.454+0000] {logging_mixin.py:188} INFO - [2024-11-03T09:41:38.453+0000] {dag.py:3954} INFO - Setting next_dagrun for example_branch_dop_operator_v3 to 2024-11-03 09:40:00+00:00, run_after=2024-11-03 09:41:00+00:00
[2024-11-03T09:41:38.472+0000] {processor.py:183} INFO - Processing /home/airflow/.local/lib/python3.11/site-packages/airflow/example_dags/example_branch_python_dop_operator_3.py took 0.125 seconds
[2024-11-03T09:42:09.427+0000] {processor.py:161} INFO - Started process (PID=912) to work on /home/airflow/.local/lib/python3.11/site-packages/airflow/example_dags/example_branch_python_dop_operator_3.py
[2024-11-03T09:42:09.428+0000] {processor.py:830} INFO - Processing file /home/airflow/.local/lib/python3.11/site-packages/airflow/example_dags/example_branch_python_dop_operator_3.py for tasks to queue
[2024-11-03T09:42:09.430+0000] {logging_mixin.py:188} INFO - [2024-11-03T09:42:09.430+0000] {dagbag.py:545} INFO - Filling up the DagBag from /home/airflow/.local/lib/python3.11/site-packages/airflow/example_dags/example_branch_python_dop_operator_3.py
[2024-11-03T09:42:09.438+0000] {processor.py:840} INFO - DAG(s) 'example_branch_dop_operator_v3' retrieved from /home/airflow/.local/lib/python3.11/site-packages/airflow/example_dags/example_branch_python_dop_operator_3.py
[2024-11-03T09:42:09.459+0000] {logging_mixin.py:188} INFO - [2024-11-03T09:42:09.459+0000] {dag.py:3096} INFO - Sync 1 DAGs
[2024-11-03T09:42:09.482+0000] {logging_mixin.py:188} INFO - [2024-11-03T09:42:09.482+0000] {dag.py:3954} INFO - Setting next_dagrun for example_branch_dop_operator_v3 to 2024-11-03 09:41:00+00:00, run_after=2024-11-03 09:42:00+00:00
[2024-11-03T09:42:09.503+0000] {processor.py:183} INFO - Processing /home/airflow/.local/lib/python3.11/site-packages/airflow/example_dags/example_branch_python_dop_operator_3.py took 0.081 seconds
[2024-11-03T09:42:39.571+0000] {processor.py:161} INFO - Started process (PID=1175) to work on /home/airflow/.local/lib/python3.11/site-packages/airflow/example_dags/example_branch_python_dop_operator_3.py
[2024-11-03T09:42:39.572+0000] {processor.py:830} INFO - Processing file /home/airflow/.local/lib/python3.11/site-packages/airflow/example_dags/example_branch_python_dop_operator_3.py for tasks to queue
[2024-11-03T09:42:39.574+0000] {logging_mixin.py:188} INFO - [2024-11-03T09:42:39.574+0000] {dagbag.py:545} INFO - Filling up the DagBag from /home/airflow/.local/lib/python3.11/site-packages/airflow/example_dags/example_branch_python_dop_operator_3.py
[2024-11-03T09:42:39.581+0000] {processor.py:840} INFO - DAG(s) 'example_branch_dop_operator_v3' retrieved from /home/airflow/.local/lib/python3.11/site-packages/airflow/example_dags/example_branch_python_dop_operator_3.py
[2024-11-03T09:42:39.597+0000] {logging_mixin.py:188} INFO - [2024-11-03T09:42:39.597+0000] {dag.py:3096} INFO - Sync 1 DAGs
[2024-11-03T09:42:39.618+0000] {logging_mixin.py:188} INFO - [2024-11-03T09:42:39.618+0000] {dag.py:3954} INFO - Setting next_dagrun for example_branch_dop_operator_v3 to 2024-11-03 09:41:00+00:00, run_after=2024-11-03 09:42:00+00:00
[2024-11-03T09:42:39.635+0000] {processor.py:183} INFO - Processing /home/airflow/.local/lib/python3.11/site-packages/airflow/example_dags/example_branch_python_dop_operator_3.py took 0.069 seconds
[2024-11-03T09:43:10.051+0000] {processor.py:161} INFO - Started process (PID=1449) to work on /home/airflow/.local/lib/python3.11/site-packages/airflow/example_dags/example_branch_python_dop_operator_3.py
[2024-11-03T09:43:10.051+0000] {processor.py:830} INFO - Processing file /home/airflow/.local/lib/python3.11/site-packages/airflow/example_dags/example_branch_python_dop_operator_3.py for tasks to queue
[2024-11-03T09:43:10.053+0000] {logging_mixin.py:188} INFO - [2024-11-03T09:43:10.053+0000] {dagbag.py:545} INFO - Filling up the DagBag from /home/airflow/.local/lib/python3.11/site-packages/airflow/example_dags/example_branch_python_dop_operator_3.py
[2024-11-03T09:43:10.060+0000] {processor.py:840} INFO - DAG(s) 'example_branch_dop_operator_v3' retrieved from /home/airflow/.local/lib/python3.11/site-packages/airflow/example_dags/example_branch_python_dop_operator_3.py
[2024-11-03T09:43:10.080+0000] {logging_mixin.py:188} INFO - [2024-11-03T09:43:10.080+0000] {dag.py:3096} INFO - Sync 1 DAGs
[2024-11-03T09:43:10.100+0000] {logging_mixin.py:188} INFO - [2024-11-03T09:43:10.099+0000] {dag.py:3954} INFO - Setting next_dagrun for example_branch_dop_operator_v3 to 2024-11-03 09:42:00+00:00, run_after=2024-11-03 09:43:00+00:00
[2024-11-03T09:43:10.119+0000] {processor.py:183} INFO - Processing /home/airflow/.local/lib/python3.11/site-packages/airflow/example_dags/example_branch_python_dop_operator_3.py took 0.073 seconds
[2024-11-03T09:43:40.815+0000] {processor.py:161} INFO - Started process (PID=1725) to work on /home/airflow/.local/lib/python3.11/site-packages/airflow/example_dags/example_branch_python_dop_operator_3.py
[2024-11-03T09:43:40.816+0000] {processor.py:830} INFO - Processing file /home/airflow/.local/lib/python3.11/site-packages/airflow/example_dags/example_branch_python_dop_operator_3.py for tasks to queue
[2024-11-03T09:43:40.818+0000] {logging_mixin.py:188} INFO - [2024-11-03T09:43:40.817+0000] {dagbag.py:545} INFO - Filling up the DagBag from /home/airflow/.local/lib/python3.11/site-packages/airflow/example_dags/example_branch_python_dop_operator_3.py
[2024-11-03T09:43:40.825+0000] {processor.py:840} INFO - DAG(s) 'example_branch_dop_operator_v3' retrieved from /home/airflow/.local/lib/python3.11/site-packages/airflow/example_dags/example_branch_python_dop_operator_3.py
[2024-11-03T09:43:40.843+0000] {logging_mixin.py:188} INFO - [2024-11-03T09:43:40.842+0000] {dag.py:3096} INFO - Sync 1 DAGs
[2024-11-03T09:43:40.863+0000] {logging_mixin.py:188} INFO - [2024-11-03T09:43:40.862+0000] {dag.py:3954} INFO - Setting next_dagrun for example_branch_dop_operator_v3 to 2024-11-03 09:42:00+00:00, run_after=2024-11-03 09:43:00+00:00
[2024-11-03T09:43:40.880+0000] {processor.py:183} INFO - Processing /home/airflow/.local/lib/python3.11/site-packages/airflow/example_dags/example_branch_python_dop_operator_3.py took 0.069 seconds
[2024-11-03T09:44:11.562+0000] {processor.py:161} INFO - Started process (PID=1991) to work on /home/airflow/.local/lib/python3.11/site-packages/airflow/example_dags/example_branch_python_dop_operator_3.py
[2024-11-03T09:44:11.562+0000] {processor.py:830} INFO - Processing file /home/airflow/.local/lib/python3.11/site-packages/airflow/example_dags/example_branch_python_dop_operator_3.py for tasks to queue
[2024-11-03T09:44:11.564+0000] {logging_mixin.py:188} INFO - [2024-11-03T09:44:11.564+0000] {dagbag.py:545} INFO - Filling up the DagBag from /home/airflow/.local/lib/python3.11/site-packages/airflow/example_dags/example_branch_python_dop_operator_3.py
[2024-11-03T09:44:11.571+0000] {processor.py:840} INFO - DAG(s) 'example_branch_dop_operator_v3' retrieved from /home/airflow/.local/lib/python3.11/site-packages/airflow/example_dags/example_branch_python_dop_operator_3.py
[2024-11-03T09:44:11.587+0000] {logging_mixin.py:188} INFO - [2024-11-03T09:44:11.587+0000] {dag.py:3096} INFO - Sync 1 DAGs
[2024-11-03T09:44:11.606+0000] {logging_mixin.py:188} INFO - [2024-11-03T09:44:11.606+0000] {dag.py:3954} INFO - Setting next_dagrun for example_branch_dop_operator_v3 to 2024-11-03 09:43:00+00:00, run_after=2024-11-03 09:44:00+00:00
[2024-11-03T09:44:11.624+0000] {processor.py:183} INFO - Processing /home/airflow/.local/lib/python3.11/site-packages/airflow/example_dags/example_branch_python_dop_operator_3.py took 0.067 seconds
[2024-11-03T09:44:42.036+0000] {processor.py:161} INFO - Started process (PID=2287) to work on /home/airflow/.local/lib/python3.11/site-packages/airflow/example_dags/example_branch_python_dop_operator_3.py
[2024-11-03T09:44:42.037+0000] {processor.py:830} INFO - Processing file /home/airflow/.local/lib/python3.11/site-packages/airflow/example_dags/example_branch_python_dop_operator_3.py for tasks to queue
[2024-11-03T09:44:42.039+0000] {logging_mixin.py:188} INFO - [2024-11-03T09:44:42.039+0000] {dagbag.py:545} INFO - Filling up the DagBag from /home/airflow/.local/lib/python3.11/site-packages/airflow/example_dags/example_branch_python_dop_operator_3.py
[2024-11-03T09:44:42.046+0000] {processor.py:840} INFO - DAG(s) 'example_branch_dop_operator_v3' retrieved from /home/airflow/.local/lib/python3.11/site-packages/airflow/example_dags/example_branch_python_dop_operator_3.py
[2024-11-03T09:44:42.063+0000] {logging_mixin.py:188} INFO - [2024-11-03T09:44:42.063+0000] {dag.py:3096} INFO - Sync 1 DAGs
[2024-11-03T09:44:42.086+0000] {logging_mixin.py:188} INFO - [2024-11-03T09:44:42.086+0000] {dag.py:3954} INFO - Setting next_dagrun for example_branch_dop_operator_v3 to 2024-11-03 09:43:00+00:00, run_after=2024-11-03 09:44:00+00:00
[2024-11-03T09:44:42.103+0000] {processor.py:183} INFO - Processing /home/airflow/.local/lib/python3.11/site-packages/airflow/example_dags/example_branch_python_dop_operator_3.py took 0.072 seconds
[2024-11-03T09:45:13.194+0000] {processor.py:161} INFO - Started process (PID=2568) to work on /home/airflow/.local/lib/python3.11/site-packages/airflow/example_dags/example_branch_python_dop_operator_3.py
[2024-11-03T09:45:13.195+0000] {processor.py:830} INFO - Processing file /home/airflow/.local/lib/python3.11/site-packages/airflow/example_dags/example_branch_python_dop_operator_3.py for tasks to queue
[2024-11-03T09:45:13.198+0000] {logging_mixin.py:188} INFO - [2024-11-03T09:45:13.197+0000] {dagbag.py:545} INFO - Filling up the DagBag from /home/airflow/.local/lib/python3.11/site-packages/airflow/example_dags/example_branch_python_dop_operator_3.py
[2024-11-03T09:45:13.212+0000] {processor.py:840} INFO - DAG(s) 'example_branch_dop_operator_v3' retrieved from /home/airflow/.local/lib/python3.11/site-packages/airflow/example_dags/example_branch_python_dop_operator_3.py
[2024-11-03T09:45:13.241+0000] {logging_mixin.py:188} INFO - [2024-11-03T09:45:13.240+0000] {dag.py:3096} INFO - Sync 1 DAGs
[2024-11-03T09:45:13.274+0000] {logging_mixin.py:188} INFO - [2024-11-03T09:45:13.273+0000] {dag.py:3954} INFO - Setting next_dagrun for example_branch_dop_operator_v3 to 2024-11-03 09:44:00+00:00, run_after=2024-11-03 09:45:00+00:00
[2024-11-03T09:45:13.301+0000] {processor.py:183} INFO - Processing /home/airflow/.local/lib/python3.11/site-packages/airflow/example_dags/example_branch_python_dop_operator_3.py took 0.114 seconds
[2024-11-03T09:45:44.249+0000] {processor.py:161} INFO - Started process (PID=2834) to work on /home/airflow/.local/lib/python3.11/site-packages/airflow/example_dags/example_branch_python_dop_operator_3.py
[2024-11-03T09:45:44.250+0000] {processor.py:830} INFO - Processing file /home/airflow/.local/lib/python3.11/site-packages/airflow/example_dags/example_branch_python_dop_operator_3.py for tasks to queue
[2024-11-03T09:45:44.252+0000] {logging_mixin.py:188} INFO - [2024-11-03T09:45:44.251+0000] {dagbag.py:545} INFO - Filling up the DagBag from /home/airflow/.local/lib/python3.11/site-packages/airflow/example_dags/example_branch_python_dop_operator_3.py
[2024-11-03T09:45:44.258+0000] {processor.py:840} INFO - DAG(s) 'example_branch_dop_operator_v3' retrieved from /home/airflow/.local/lib/python3.11/site-packages/airflow/example_dags/example_branch_python_dop_operator_3.py
[2024-11-03T09:45:44.275+0000] {logging_mixin.py:188} INFO - [2024-11-03T09:45:44.275+0000] {dag.py:3096} INFO - Sync 1 DAGs
[2024-11-03T09:45:44.295+0000] {logging_mixin.py:188} INFO - [2024-11-03T09:45:44.295+0000] {dag.py:3954} INFO - Setting next_dagrun for example_branch_dop_operator_v3 to 2024-11-03 09:44:00+00:00, run_after=2024-11-03 09:45:00+00:00
[2024-11-03T09:45:44.313+0000] {processor.py:183} INFO - Processing /home/airflow/.local/lib/python3.11/site-packages/airflow/example_dags/example_branch_python_dop_operator_3.py took 0.068 seconds
[2024-11-03T09:46:15.237+0000] {processor.py:161} INFO - Started process (PID=3115) to work on /home/airflow/.local/lib/python3.11/site-packages/airflow/example_dags/example_branch_python_dop_operator_3.py
[2024-11-03T09:46:15.238+0000] {processor.py:830} INFO - Processing file /home/airflow/.local/lib/python3.11/site-packages/airflow/example_dags/example_branch_python_dop_operator_3.py for tasks to queue
[2024-11-03T09:46:15.239+0000] {logging_mixin.py:188} INFO - [2024-11-03T09:46:15.238+0000] {dagbag.py:545} INFO - Filling up the DagBag from /home/airflow/.local/lib/python3.11/site-packages/airflow/example_dags/example_branch_python_dop_operator_3.py
[2024-11-03T09:46:15.246+0000] {processor.py:840} INFO - DAG(s) 'example_branch_dop_operator_v3' retrieved from /home/airflow/.local/lib/python3.11/site-packages/airflow/example_dags/example_branch_python_dop_operator_3.py
[2024-11-03T09:46:15.266+0000] {logging_mixin.py:188} INFO - [2024-11-03T09:46:15.266+0000] {dag.py:3096} INFO - Sync 1 DAGs
[2024-11-03T09:46:15.288+0000] {logging_mixin.py:188} INFO - [2024-11-03T09:46:15.288+0000] {dag.py:3954} INFO - Setting next_dagrun for example_branch_dop_operator_v3 to 2024-11-03 09:45:00+00:00, run_after=2024-11-03 09:46:00+00:00
[2024-11-03T09:46:15.305+0000] {processor.py:183} INFO - Processing /home/airflow/.local/lib/python3.11/site-packages/airflow/example_dags/example_branch_python_dop_operator_3.py took 0.073 seconds
[2024-11-03T09:46:45.402+0000] {processor.py:161} INFO - Started process (PID=3403) to work on /home/airflow/.local/lib/python3.11/site-packages/airflow/example_dags/example_branch_python_dop_operator_3.py
[2024-11-03T09:46:45.403+0000] {processor.py:830} INFO - Processing file /home/airflow/.local/lib/python3.11/site-packages/airflow/example_dags/example_branch_python_dop_operator_3.py for tasks to queue
[2024-11-03T09:46:45.403+0000] {logging_mixin.py:188} INFO - [2024-11-03T09:46:45.403+0000] {dagbag.py:545} INFO - Filling up the DagBag from /home/airflow/.local/lib/python3.11/site-packages/airflow/example_dags/example_branch_python_dop_operator_3.py
[2024-11-03T09:46:45.410+0000] {processor.py:840} INFO - DAG(s) 'example_branch_dop_operator_v3' retrieved from /home/airflow/.local/lib/python3.11/site-packages/airflow/example_dags/example_branch_python_dop_operator_3.py
[2024-11-03T09:46:45.429+0000] {logging_mixin.py:188} INFO - [2024-11-03T09:46:45.428+0000] {dag.py:3096} INFO - Sync 1 DAGs
[2024-11-03T09:46:45.449+0000] {logging_mixin.py:188} INFO - [2024-11-03T09:46:45.449+0000] {dag.py:3954} INFO - Setting next_dagrun for example_branch_dop_operator_v3 to 2024-11-03 09:45:00+00:00, run_after=2024-11-03 09:46:00+00:00
[2024-11-03T09:46:45.467+0000] {processor.py:183} INFO - Processing /home/airflow/.local/lib/python3.11/site-packages/airflow/example_dags/example_branch_python_dop_operator_3.py took 0.070 seconds
[2024-11-03T09:47:15.543+0000] {processor.py:161} INFO - Started process (PID=3669) to work on /home/airflow/.local/lib/python3.11/site-packages/airflow/example_dags/example_branch_python_dop_operator_3.py
[2024-11-03T09:47:15.544+0000] {processor.py:830} INFO - Processing file /home/airflow/.local/lib/python3.11/site-packages/airflow/example_dags/example_branch_python_dop_operator_3.py for tasks to queue
[2024-11-03T09:47:15.544+0000] {logging_mixin.py:188} INFO - [2024-11-03T09:47:15.544+0000] {dagbag.py:545} INFO - Filling up the DagBag from /home/airflow/.local/lib/python3.11/site-packages/airflow/example_dags/example_branch_python_dop_operator_3.py
[2024-11-03T09:47:15.551+0000] {processor.py:840} INFO - DAG(s) 'example_branch_dop_operator_v3' retrieved from /home/airflow/.local/lib/python3.11/site-packages/airflow/example_dags/example_branch_python_dop_operator_3.py
[2024-11-03T09:47:15.568+0000] {logging_mixin.py:188} INFO - [2024-11-03T09:47:15.568+0000] {dag.py:3096} INFO - Sync 1 DAGs
[2024-11-03T09:47:15.587+0000] {logging_mixin.py:188} INFO - [2024-11-03T09:47:15.587+0000] {dag.py:3954} INFO - Setting next_dagrun for example_branch_dop_operator_v3 to 2024-11-03 09:46:00+00:00, run_after=2024-11-03 09:47:00+00:00
[2024-11-03T09:47:15.603+0000] {processor.py:183} INFO - Processing /home/airflow/.local/lib/python3.11/site-packages/airflow/example_dags/example_branch_python_dop_operator_3.py took 0.065 seconds
[2024-11-03T09:47:46.463+0000] {processor.py:161} INFO - Started process (PID=3938) to work on /home/airflow/.local/lib/python3.11/site-packages/airflow/example_dags/example_branch_python_dop_operator_3.py
[2024-11-03T09:47:46.464+0000] {processor.py:830} INFO - Processing file /home/airflow/.local/lib/python3.11/site-packages/airflow/example_dags/example_branch_python_dop_operator_3.py for tasks to queue
[2024-11-03T09:47:46.464+0000] {logging_mixin.py:188} INFO - [2024-11-03T09:47:46.464+0000] {dagbag.py:545} INFO - Filling up the DagBag from /home/airflow/.local/lib/python3.11/site-packages/airflow/example_dags/example_branch_python_dop_operator_3.py
[2024-11-03T09:47:46.472+0000] {processor.py:840} INFO - DAG(s) 'example_branch_dop_operator_v3' retrieved from /home/airflow/.local/lib/python3.11/site-packages/airflow/example_dags/example_branch_python_dop_operator_3.py
[2024-11-03T09:47:46.490+0000] {logging_mixin.py:188} INFO - [2024-11-03T09:47:46.490+0000] {dag.py:3096} INFO - Sync 1 DAGs
[2024-11-03T09:47:46.510+0000] {logging_mixin.py:188} INFO - [2024-11-03T09:47:46.510+0000] {dag.py:3954} INFO - Setting next_dagrun for example_branch_dop_operator_v3 to 2024-11-03 09:46:00+00:00, run_after=2024-11-03 09:47:00+00:00
[2024-11-03T09:47:46.526+0000] {processor.py:183} INFO - Processing /home/airflow/.local/lib/python3.11/site-packages/airflow/example_dags/example_branch_python_dop_operator_3.py took 0.068 seconds
[2024-11-03T09:48:16.723+0000] {processor.py:161} INFO - Started process (PID=4209) to work on /home/airflow/.local/lib/python3.11/site-packages/airflow/example_dags/example_branch_python_dop_operator_3.py
[2024-11-03T09:48:16.724+0000] {processor.py:830} INFO - Processing file /home/airflow/.local/lib/python3.11/site-packages/airflow/example_dags/example_branch_python_dop_operator_3.py for tasks to queue
[2024-11-03T09:48:16.725+0000] {logging_mixin.py:188} INFO - [2024-11-03T09:48:16.724+0000] {dagbag.py:545} INFO - Filling up the DagBag from /home/airflow/.local/lib/python3.11/site-packages/airflow/example_dags/example_branch_python_dop_operator_3.py
[2024-11-03T09:48:16.732+0000] {processor.py:840} INFO - DAG(s) 'example_branch_dop_operator_v3' retrieved from /home/airflow/.local/lib/python3.11/site-packages/airflow/example_dags/example_branch_python_dop_operator_3.py
[2024-11-03T09:48:16.749+0000] {logging_mixin.py:188} INFO - [2024-11-03T09:48:16.749+0000] {dag.py:3096} INFO - Sync 1 DAGs
[2024-11-03T09:48:16.769+0000] {logging_mixin.py:188} INFO - [2024-11-03T09:48:16.769+0000] {dag.py:3954} INFO - Setting next_dagrun for example_branch_dop_operator_v3 to 2024-11-03 09:47:00+00:00, run_after=2024-11-03 09:48:00+00:00
[2024-11-03T09:48:16.789+0000] {processor.py:183} INFO - Processing /home/airflow/.local/lib/python3.11/site-packages/airflow/example_dags/example_branch_python_dop_operator_3.py took 0.071 seconds
[2024-11-03T09:48:47.690+0000] {processor.py:161} INFO - Started process (PID=4484) to work on /home/airflow/.local/lib/python3.11/site-packages/airflow/example_dags/example_branch_python_dop_operator_3.py
[2024-11-03T09:48:47.691+0000] {processor.py:830} INFO - Processing file /home/airflow/.local/lib/python3.11/site-packages/airflow/example_dags/example_branch_python_dop_operator_3.py for tasks to queue
[2024-11-03T09:48:47.692+0000] {logging_mixin.py:188} INFO - [2024-11-03T09:48:47.691+0000] {dagbag.py:545} INFO - Filling up the DagBag from /home/airflow/.local/lib/python3.11/site-packages/airflow/example_dags/example_branch_python_dop_operator_3.py
[2024-11-03T09:48:47.699+0000] {processor.py:840} INFO - DAG(s) 'example_branch_dop_operator_v3' retrieved from /home/airflow/.local/lib/python3.11/site-packages/airflow/example_dags/example_branch_python_dop_operator_3.py
[2024-11-03T09:48:47.718+0000] {logging_mixin.py:188} INFO - [2024-11-03T09:48:47.718+0000] {dag.py:3096} INFO - Sync 1 DAGs
[2024-11-03T09:48:47.740+0000] {logging_mixin.py:188} INFO - [2024-11-03T09:48:47.740+0000] {dag.py:3954} INFO - Setting next_dagrun for example_branch_dop_operator_v3 to 2024-11-03 09:47:00+00:00, run_after=2024-11-03 09:48:00+00:00
[2024-11-03T09:48:47.760+0000] {processor.py:183} INFO - Processing /home/airflow/.local/lib/python3.11/site-packages/airflow/example_dags/example_branch_python_dop_operator_3.py took 0.078 seconds
[2024-11-03T09:49:18.616+0000] {processor.py:161} INFO - Started process (PID=4764) to work on /home/airflow/.local/lib/python3.11/site-packages/airflow/example_dags/example_branch_python_dop_operator_3.py
[2024-11-03T09:49:18.617+0000] {processor.py:830} INFO - Processing file /home/airflow/.local/lib/python3.11/site-packages/airflow/example_dags/example_branch_python_dop_operator_3.py for tasks to queue
[2024-11-03T09:49:18.618+0000] {logging_mixin.py:188} INFO - [2024-11-03T09:49:18.618+0000] {dagbag.py:545} INFO - Filling up the DagBag from /home/airflow/.local/lib/python3.11/site-packages/airflow/example_dags/example_branch_python_dop_operator_3.py
[2024-11-03T09:49:18.625+0000] {processor.py:840} INFO - DAG(s) 'example_branch_dop_operator_v3' retrieved from /home/airflow/.local/lib/python3.11/site-packages/airflow/example_dags/example_branch_python_dop_operator_3.py
[2024-11-03T09:49:18.643+0000] {logging_mixin.py:188} INFO - [2024-11-03T09:49:18.643+0000] {dag.py:3096} INFO - Sync 1 DAGs
[2024-11-03T09:49:18.665+0000] {logging_mixin.py:188} INFO - [2024-11-03T09:49:18.665+0000] {dag.py:3954} INFO - Setting next_dagrun for example_branch_dop_operator_v3 to 2024-11-03 09:48:00+00:00, run_after=2024-11-03 09:49:00+00:00
[2024-11-03T09:49:18.684+0000] {processor.py:183} INFO - Processing /home/airflow/.local/lib/python3.11/site-packages/airflow/example_dags/example_branch_python_dop_operator_3.py took 0.073 seconds
[2024-11-03T09:49:48.946+0000] {processor.py:161} INFO - Started process (PID=5027) to work on /home/airflow/.local/lib/python3.11/site-packages/airflow/example_dags/example_branch_python_dop_operator_3.py
[2024-11-03T09:49:48.947+0000] {processor.py:830} INFO - Processing file /home/airflow/.local/lib/python3.11/site-packages/airflow/example_dags/example_branch_python_dop_operator_3.py for tasks to queue
[2024-11-03T09:49:48.948+0000] {logging_mixin.py:188} INFO - [2024-11-03T09:49:48.947+0000] {dagbag.py:545} INFO - Filling up the DagBag from /home/airflow/.local/lib/python3.11/site-packages/airflow/example_dags/example_branch_python_dop_operator_3.py
[2024-11-03T09:49:48.954+0000] {processor.py:840} INFO - DAG(s) 'example_branch_dop_operator_v3' retrieved from /home/airflow/.local/lib/python3.11/site-packages/airflow/example_dags/example_branch_python_dop_operator_3.py
[2024-11-03T09:49:48.973+0000] {logging_mixin.py:188} INFO - [2024-11-03T09:49:48.972+0000] {dag.py:3096} INFO - Sync 1 DAGs
[2024-11-03T09:49:48.996+0000] {logging_mixin.py:188} INFO - [2024-11-03T09:49:48.996+0000] {dag.py:3954} INFO - Setting next_dagrun for example_branch_dop_operator_v3 to 2024-11-03 09:48:00+00:00, run_after=2024-11-03 09:49:00+00:00
[2024-11-03T09:49:49.012+0000] {processor.py:183} INFO - Processing /home/airflow/.local/lib/python3.11/site-packages/airflow/example_dags/example_branch_python_dop_operator_3.py took 0.071 seconds
[2024-11-03T09:50:19.096+0000] {processor.py:161} INFO - Started process (PID=5293) to work on /home/airflow/.local/lib/python3.11/site-packages/airflow/example_dags/example_branch_python_dop_operator_3.py
[2024-11-03T09:50:19.097+0000] {processor.py:830} INFO - Processing file /home/airflow/.local/lib/python3.11/site-packages/airflow/example_dags/example_branch_python_dop_operator_3.py for tasks to queue
[2024-11-03T09:50:19.098+0000] {logging_mixin.py:188} INFO - [2024-11-03T09:50:19.097+0000] {dagbag.py:545} INFO - Filling up the DagBag from /home/airflow/.local/lib/python3.11/site-packages/airflow/example_dags/example_branch_python_dop_operator_3.py
[2024-11-03T09:50:19.105+0000] {processor.py:840} INFO - DAG(s) 'example_branch_dop_operator_v3' retrieved from /home/airflow/.local/lib/python3.11/site-packages/airflow/example_dags/example_branch_python_dop_operator_3.py
[2024-11-03T09:50:19.127+0000] {logging_mixin.py:188} INFO - [2024-11-03T09:50:19.127+0000] {dag.py:3096} INFO - Sync 1 DAGs
[2024-11-03T09:50:19.151+0000] {logging_mixin.py:188} INFO - [2024-11-03T09:50:19.150+0000] {dag.py:3954} INFO - Setting next_dagrun for example_branch_dop_operator_v3 to 2024-11-03 09:49:00+00:00, run_after=2024-11-03 09:50:00+00:00
[2024-11-03T09:50:19.169+0000] {processor.py:183} INFO - Processing /home/airflow/.local/lib/python3.11/site-packages/airflow/example_dags/example_branch_python_dop_operator_3.py took 0.078 seconds
[2024-11-03T09:50:50.033+0000] {processor.py:161} INFO - Started process (PID=5562) to work on /home/airflow/.local/lib/python3.11/site-packages/airflow/example_dags/example_branch_python_dop_operator_3.py
[2024-11-03T09:50:50.033+0000] {processor.py:830} INFO - Processing file /home/airflow/.local/lib/python3.11/site-packages/airflow/example_dags/example_branch_python_dop_operator_3.py for tasks to queue
[2024-11-03T09:50:50.034+0000] {logging_mixin.py:188} INFO - [2024-11-03T09:50:50.034+0000] {dagbag.py:545} INFO - Filling up the DagBag from /home/airflow/.local/lib/python3.11/site-packages/airflow/example_dags/example_branch_python_dop_operator_3.py
[2024-11-03T09:50:50.041+0000] {processor.py:840} INFO - DAG(s) 'example_branch_dop_operator_v3' retrieved from /home/airflow/.local/lib/python3.11/site-packages/airflow/example_dags/example_branch_python_dop_operator_3.py
[2024-11-03T09:50:50.058+0000] {logging_mixin.py:188} INFO - [2024-11-03T09:50:50.058+0000] {dag.py:3096} INFO - Sync 1 DAGs
[2024-11-03T09:50:50.078+0000] {logging_mixin.py:188} INFO - [2024-11-03T09:50:50.078+0000] {dag.py:3954} INFO - Setting next_dagrun for example_branch_dop_operator_v3 to 2024-11-03 09:49:00+00:00, run_after=2024-11-03 09:50:00+00:00
[2024-11-03T09:50:50.096+0000] {processor.py:183} INFO - Processing /home/airflow/.local/lib/python3.11/site-packages/airflow/example_dags/example_branch_python_dop_operator_3.py took 0.068 seconds
[2024-11-03T09:51:20.748+0000] {processor.py:161} INFO - Started process (PID=5828) to work on /home/airflow/.local/lib/python3.11/site-packages/airflow/example_dags/example_branch_python_dop_operator_3.py
[2024-11-03T09:51:20.749+0000] {processor.py:830} INFO - Processing file /home/airflow/.local/lib/python3.11/site-packages/airflow/example_dags/example_branch_python_dop_operator_3.py for tasks to queue
[2024-11-03T09:51:20.749+0000] {logging_mixin.py:188} INFO - [2024-11-03T09:51:20.749+0000] {dagbag.py:545} INFO - Filling up the DagBag from /home/airflow/.local/lib/python3.11/site-packages/airflow/example_dags/example_branch_python_dop_operator_3.py
[2024-11-03T09:51:20.756+0000] {processor.py:840} INFO - DAG(s) 'example_branch_dop_operator_v3' retrieved from /home/airflow/.local/lib/python3.11/site-packages/airflow/example_dags/example_branch_python_dop_operator_3.py
[2024-11-03T09:51:20.776+0000] {logging_mixin.py:188} INFO - [2024-11-03T09:51:20.776+0000] {dag.py:3096} INFO - Sync 1 DAGs
[2024-11-03T09:51:20.796+0000] {logging_mixin.py:188} INFO - [2024-11-03T09:51:20.796+0000] {dag.py:3954} INFO - Setting next_dagrun for example_branch_dop_operator_v3 to 2024-11-03 09:50:00+00:00, run_after=2024-11-03 09:51:00+00:00
[2024-11-03T09:51:20.811+0000] {processor.py:183} INFO - Processing /home/airflow/.local/lib/python3.11/site-packages/airflow/example_dags/example_branch_python_dop_operator_3.py took 0.068 seconds
[2024-11-03T09:51:51.536+0000] {processor.py:161} INFO - Started process (PID=6094) to work on /home/airflow/.local/lib/python3.11/site-packages/airflow/example_dags/example_branch_python_dop_operator_3.py
[2024-11-03T09:51:51.537+0000] {processor.py:830} INFO - Processing file /home/airflow/.local/lib/python3.11/site-packages/airflow/example_dags/example_branch_python_dop_operator_3.py for tasks to queue
[2024-11-03T09:51:51.538+0000] {logging_mixin.py:188} INFO - [2024-11-03T09:51:51.537+0000] {dagbag.py:545} INFO - Filling up the DagBag from /home/airflow/.local/lib/python3.11/site-packages/airflow/example_dags/example_branch_python_dop_operator_3.py
[2024-11-03T09:51:51.546+0000] {processor.py:840} INFO - DAG(s) 'example_branch_dop_operator_v3' retrieved from /home/airflow/.local/lib/python3.11/site-packages/airflow/example_dags/example_branch_python_dop_operator_3.py
[2024-11-03T09:51:51.565+0000] {logging_mixin.py:188} INFO - [2024-11-03T09:51:51.565+0000] {dag.py:3096} INFO - Sync 1 DAGs
[2024-11-03T09:51:51.585+0000] {logging_mixin.py:188} INFO - [2024-11-03T09:51:51.584+0000] {dag.py:3954} INFO - Setting next_dagrun for example_branch_dop_operator_v3 to 2024-11-03 09:50:00+00:00, run_after=2024-11-03 09:51:00+00:00
[2024-11-03T09:51:51.602+0000] {processor.py:183} INFO - Processing /home/airflow/.local/lib/python3.11/site-packages/airflow/example_dags/example_branch_python_dop_operator_3.py took 0.070 seconds
[2024-11-03T09:52:22.542+0000] {processor.py:161} INFO - Started process (PID=6360) to work on /home/airflow/.local/lib/python3.11/site-packages/airflow/example_dags/example_branch_python_dop_operator_3.py
[2024-11-03T09:52:22.543+0000] {processor.py:830} INFO - Processing file /home/airflow/.local/lib/python3.11/site-packages/airflow/example_dags/example_branch_python_dop_operator_3.py for tasks to queue
[2024-11-03T09:52:22.544+0000] {logging_mixin.py:188} INFO - [2024-11-03T09:52:22.544+0000] {dagbag.py:545} INFO - Filling up the DagBag from /home/airflow/.local/lib/python3.11/site-packages/airflow/example_dags/example_branch_python_dop_operator_3.py
[2024-11-03T09:52:22.551+0000] {processor.py:840} INFO - DAG(s) 'example_branch_dop_operator_v3' retrieved from /home/airflow/.local/lib/python3.11/site-packages/airflow/example_dags/example_branch_python_dop_operator_3.py
[2024-11-03T09:52:22.569+0000] {logging_mixin.py:188} INFO - [2024-11-03T09:52:22.569+0000] {dag.py:3096} INFO - Sync 1 DAGs
[2024-11-03T09:52:22.590+0000] {logging_mixin.py:188} INFO - [2024-11-03T09:52:22.590+0000] {dag.py:3954} INFO - Setting next_dagrun for example_branch_dop_operator_v3 to 2024-11-03 09:51:00+00:00, run_after=2024-11-03 09:52:00+00:00
[2024-11-03T09:52:22.607+0000] {processor.py:183} INFO - Processing /home/airflow/.local/lib/python3.11/site-packages/airflow/example_dags/example_branch_python_dop_operator_3.py took 0.069 seconds
[2024-11-03T09:52:52.732+0000] {processor.py:161} INFO - Started process (PID=6623) to work on /home/airflow/.local/lib/python3.11/site-packages/airflow/example_dags/example_branch_python_dop_operator_3.py
[2024-11-03T09:52:52.733+0000] {processor.py:830} INFO - Processing file /home/airflow/.local/lib/python3.11/site-packages/airflow/example_dags/example_branch_python_dop_operator_3.py for tasks to queue
[2024-11-03T09:52:52.734+0000] {logging_mixin.py:188} INFO - [2024-11-03T09:52:52.734+0000] {dagbag.py:545} INFO - Filling up the DagBag from /home/airflow/.local/lib/python3.11/site-packages/airflow/example_dags/example_branch_python_dop_operator_3.py
[2024-11-03T09:52:52.742+0000] {processor.py:840} INFO - DAG(s) 'example_branch_dop_operator_v3' retrieved from /home/airflow/.local/lib/python3.11/site-packages/airflow/example_dags/example_branch_python_dop_operator_3.py
[2024-11-03T09:52:52.764+0000] {logging_mixin.py:188} INFO - [2024-11-03T09:52:52.764+0000] {dag.py:3096} INFO - Sync 1 DAGs
[2024-11-03T09:52:52.790+0000] {logging_mixin.py:188} INFO - [2024-11-03T09:52:52.790+0000] {dag.py:3954} INFO - Setting next_dagrun for example_branch_dop_operator_v3 to 2024-11-03 09:51:00+00:00, run_after=2024-11-03 09:52:00+00:00
[2024-11-03T09:52:52.808+0000] {processor.py:183} INFO - Processing /home/airflow/.local/lib/python3.11/site-packages/airflow/example_dags/example_branch_python_dop_operator_3.py took 0.082 seconds
[2024-11-03T09:53:22.984+0000] {processor.py:161} INFO - Started process (PID=6889) to work on /home/airflow/.local/lib/python3.11/site-packages/airflow/example_dags/example_branch_python_dop_operator_3.py
[2024-11-03T09:53:22.985+0000] {processor.py:830} INFO - Processing file /home/airflow/.local/lib/python3.11/site-packages/airflow/example_dags/example_branch_python_dop_operator_3.py for tasks to queue
[2024-11-03T09:53:22.986+0000] {logging_mixin.py:188} INFO - [2024-11-03T09:53:22.986+0000] {dagbag.py:545} INFO - Filling up the DagBag from /home/airflow/.local/lib/python3.11/site-packages/airflow/example_dags/example_branch_python_dop_operator_3.py
[2024-11-03T09:53:22.993+0000] {processor.py:840} INFO - DAG(s) 'example_branch_dop_operator_v3' retrieved from /home/airflow/.local/lib/python3.11/site-packages/airflow/example_dags/example_branch_python_dop_operator_3.py
[2024-11-03T09:53:23.011+0000] {logging_mixin.py:188} INFO - [2024-11-03T09:53:23.010+0000] {dag.py:3096} INFO - Sync 1 DAGs
[2024-11-03T09:53:23.031+0000] {logging_mixin.py:188} INFO - [2024-11-03T09:53:23.031+0000] {dag.py:3954} INFO - Setting next_dagrun for example_branch_dop_operator_v3 to 2024-11-03 09:52:00+00:00, run_after=2024-11-03 09:53:00+00:00
[2024-11-03T09:53:23.046+0000] {processor.py:183} INFO - Processing /home/airflow/.local/lib/python3.11/site-packages/airflow/example_dags/example_branch_python_dop_operator_3.py took 0.066 seconds
[2024-11-03T09:53:53.129+0000] {processor.py:161} INFO - Started process (PID=7175) to work on /home/airflow/.local/lib/python3.11/site-packages/airflow/example_dags/example_branch_python_dop_operator_3.py
[2024-11-03T09:53:53.129+0000] {processor.py:830} INFO - Processing file /home/airflow/.local/lib/python3.11/site-packages/airflow/example_dags/example_branch_python_dop_operator_3.py for tasks to queue
[2024-11-03T09:53:53.130+0000] {logging_mixin.py:188} INFO - [2024-11-03T09:53:53.130+0000] {dagbag.py:545} INFO - Filling up the DagBag from /home/airflow/.local/lib/python3.11/site-packages/airflow/example_dags/example_branch_python_dop_operator_3.py
[2024-11-03T09:53:53.137+0000] {processor.py:840} INFO - DAG(s) 'example_branch_dop_operator_v3' retrieved from /home/airflow/.local/lib/python3.11/site-packages/airflow/example_dags/example_branch_python_dop_operator_3.py
[2024-11-03T09:53:53.154+0000] {logging_mixin.py:188} INFO - [2024-11-03T09:53:53.154+0000] {dag.py:3096} INFO - Sync 1 DAGs
[2024-11-03T09:53:53.176+0000] {logging_mixin.py:188} INFO - [2024-11-03T09:53:53.175+0000] {dag.py:3954} INFO - Setting next_dagrun for example_branch_dop_operator_v3 to 2024-11-03 09:52:00+00:00, run_after=2024-11-03 09:53:00+00:00
[2024-11-03T09:53:53.190+0000] {processor.py:183} INFO - Processing /home/airflow/.local/lib/python3.11/site-packages/airflow/example_dags/example_branch_python_dop_operator_3.py took 0.066 seconds
[2024-11-03T09:54:23.291+0000] {processor.py:161} INFO - Started process (PID=7441) to work on /home/airflow/.local/lib/python3.11/site-packages/airflow/example_dags/example_branch_python_dop_operator_3.py
[2024-11-03T09:54:23.292+0000] {processor.py:830} INFO - Processing file /home/airflow/.local/lib/python3.11/site-packages/airflow/example_dags/example_branch_python_dop_operator_3.py for tasks to queue
[2024-11-03T09:54:23.293+0000] {logging_mixin.py:188} INFO - [2024-11-03T09:54:23.292+0000] {dagbag.py:545} INFO - Filling up the DagBag from /home/airflow/.local/lib/python3.11/site-packages/airflow/example_dags/example_branch_python_dop_operator_3.py
[2024-11-03T09:54:23.300+0000] {processor.py:840} INFO - DAG(s) 'example_branch_dop_operator_v3' retrieved from /home/airflow/.local/lib/python3.11/site-packages/airflow/example_dags/example_branch_python_dop_operator_3.py
[2024-11-03T09:54:23.318+0000] {logging_mixin.py:188} INFO - [2024-11-03T09:54:23.318+0000] {dag.py:3096} INFO - Sync 1 DAGs
[2024-11-03T09:54:23.338+0000] {logging_mixin.py:188} INFO - [2024-11-03T09:54:23.338+0000] {dag.py:3954} INFO - Setting next_dagrun for example_branch_dop_operator_v3 to 2024-11-03 09:53:00+00:00, run_after=2024-11-03 09:54:00+00:00
[2024-11-03T09:54:23.355+0000] {processor.py:183} INFO - Processing /home/airflow/.local/lib/python3.11/site-packages/airflow/example_dags/example_branch_python_dop_operator_3.py took 0.069 seconds
[2024-11-03T09:54:53.866+0000] {processor.py:161} INFO - Started process (PID=7707) to work on /home/airflow/.local/lib/python3.11/site-packages/airflow/example_dags/example_branch_python_dop_operator_3.py
[2024-11-03T09:54:53.867+0000] {processor.py:830} INFO - Processing file /home/airflow/.local/lib/python3.11/site-packages/airflow/example_dags/example_branch_python_dop_operator_3.py for tasks to queue
[2024-11-03T09:54:53.868+0000] {logging_mixin.py:188} INFO - [2024-11-03T09:54:53.868+0000] {dagbag.py:545} INFO - Filling up the DagBag from /home/airflow/.local/lib/python3.11/site-packages/airflow/example_dags/example_branch_python_dop_operator_3.py
[2024-11-03T09:54:53.875+0000] {processor.py:840} INFO - DAG(s) 'example_branch_dop_operator_v3' retrieved from /home/airflow/.local/lib/python3.11/site-packages/airflow/example_dags/example_branch_python_dop_operator_3.py
[2024-11-03T09:54:53.895+0000] {logging_mixin.py:188} INFO - [2024-11-03T09:54:53.895+0000] {dag.py:3096} INFO - Sync 1 DAGs
[2024-11-03T09:54:53.915+0000] {logging_mixin.py:188} INFO - [2024-11-03T09:54:53.915+0000] {dag.py:3954} INFO - Setting next_dagrun for example_branch_dop_operator_v3 to 2024-11-03 09:53:00+00:00, run_after=2024-11-03 09:54:00+00:00
[2024-11-03T09:54:53.932+0000] {processor.py:183} INFO - Processing /home/airflow/.local/lib/python3.11/site-packages/airflow/example_dags/example_branch_python_dop_operator_3.py took 0.071 seconds
[2024-11-03T09:55:24.397+0000] {processor.py:161} INFO - Started process (PID=7973) to work on /home/airflow/.local/lib/python3.11/site-packages/airflow/example_dags/example_branch_python_dop_operator_3.py
[2024-11-03T09:55:24.398+0000] {processor.py:830} INFO - Processing file /home/airflow/.local/lib/python3.11/site-packages/airflow/example_dags/example_branch_python_dop_operator_3.py for tasks to queue
[2024-11-03T09:55:24.399+0000] {logging_mixin.py:188} INFO - [2024-11-03T09:55:24.398+0000] {dagbag.py:545} INFO - Filling up the DagBag from /home/airflow/.local/lib/python3.11/site-packages/airflow/example_dags/example_branch_python_dop_operator_3.py
[2024-11-03T09:55:24.406+0000] {processor.py:840} INFO - DAG(s) 'example_branch_dop_operator_v3' retrieved from /home/airflow/.local/lib/python3.11/site-packages/airflow/example_dags/example_branch_python_dop_operator_3.py
[2024-11-03T09:55:24.424+0000] {logging_mixin.py:188} INFO - [2024-11-03T09:55:24.423+0000] {dag.py:3096} INFO - Sync 1 DAGs
[2024-11-03T09:55:24.443+0000] {logging_mixin.py:188} INFO - [2024-11-03T09:55:24.443+0000] {dag.py:3954} INFO - Setting next_dagrun for example_branch_dop_operator_v3 to 2024-11-03 09:54:00+00:00, run_after=2024-11-03 09:55:00+00:00
[2024-11-03T09:55:24.461+0000] {processor.py:183} INFO - Processing /home/airflow/.local/lib/python3.11/site-packages/airflow/example_dags/example_branch_python_dop_operator_3.py took 0.069 seconds
[2024-11-03T09:55:54.965+0000] {processor.py:161} INFO - Started process (PID=8239) to work on /home/airflow/.local/lib/python3.11/site-packages/airflow/example_dags/example_branch_python_dop_operator_3.py
[2024-11-03T09:55:54.966+0000] {processor.py:830} INFO - Processing file /home/airflow/.local/lib/python3.11/site-packages/airflow/example_dags/example_branch_python_dop_operator_3.py for tasks to queue
[2024-11-03T09:55:54.967+0000] {logging_mixin.py:188} INFO - [2024-11-03T09:55:54.966+0000] {dagbag.py:545} INFO - Filling up the DagBag from /home/airflow/.local/lib/python3.11/site-packages/airflow/example_dags/example_branch_python_dop_operator_3.py
[2024-11-03T09:55:54.974+0000] {processor.py:840} INFO - DAG(s) 'example_branch_dop_operator_v3' retrieved from /home/airflow/.local/lib/python3.11/site-packages/airflow/example_dags/example_branch_python_dop_operator_3.py
[2024-11-03T09:55:54.991+0000] {logging_mixin.py:188} INFO - [2024-11-03T09:55:54.991+0000] {dag.py:3096} INFO - Sync 1 DAGs
[2024-11-03T09:55:55.011+0000] {logging_mixin.py:188} INFO - [2024-11-03T09:55:55.011+0000] {dag.py:3954} INFO - Setting next_dagrun for example_branch_dop_operator_v3 to 2024-11-03 09:54:00+00:00, run_after=2024-11-03 09:55:00+00:00
[2024-11-03T09:55:55.028+0000] {processor.py:183} INFO - Processing /home/airflow/.local/lib/python3.11/site-packages/airflow/example_dags/example_branch_python_dop_operator_3.py took 0.068 seconds
[2024-11-03T16:27:45.105+0000] {processor.py:161} INFO - Started process (PID=380) to work on /home/airflow/.local/lib/python3.11/site-packages/airflow/example_dags/example_branch_python_dop_operator_3.py
[2024-11-03T16:27:45.106+0000] {processor.py:830} INFO - Processing file /home/airflow/.local/lib/python3.11/site-packages/airflow/example_dags/example_branch_python_dop_operator_3.py for tasks to queue
[2024-11-03T16:27:45.110+0000] {logging_mixin.py:188} INFO - [2024-11-03T16:27:45.110+0000] {dagbag.py:545} INFO - Filling up the DagBag from /home/airflow/.local/lib/python3.11/site-packages/airflow/example_dags/example_branch_python_dop_operator_3.py
[2024-11-03T16:27:45.121+0000] {processor.py:840} INFO - DAG(s) 'example_branch_dop_operator_v3' retrieved from /home/airflow/.local/lib/python3.11/site-packages/airflow/example_dags/example_branch_python_dop_operator_3.py
[2024-11-03T16:27:45.137+0000] {logging_mixin.py:188} INFO - [2024-11-03T16:27:45.137+0000] {dag.py:3096} INFO - Sync 1 DAGs
[2024-11-03T16:27:45.178+0000] {logging_mixin.py:188} INFO - [2024-11-03T16:27:45.177+0000] {dag.py:3954} INFO - Setting next_dagrun for example_branch_dop_operator_v3 to 2024-11-03 16:26:00+00:00, run_after=2024-11-03 16:27:00+00:00
[2024-11-03T16:27:45.208+0000] {processor.py:183} INFO - Processing /home/airflow/.local/lib/python3.11/site-packages/airflow/example_dags/example_branch_python_dop_operator_3.py took 0.111 seconds
[2024-11-03T16:28:16.730+0000] {processor.py:161} INFO - Started process (PID=654) to work on /home/airflow/.local/lib/python3.11/site-packages/airflow/example_dags/example_branch_python_dop_operator_3.py
[2024-11-03T16:28:16.731+0000] {processor.py:830} INFO - Processing file /home/airflow/.local/lib/python3.11/site-packages/airflow/example_dags/example_branch_python_dop_operator_3.py for tasks to queue
[2024-11-03T16:28:16.736+0000] {logging_mixin.py:188} INFO - [2024-11-03T16:28:16.735+0000] {dagbag.py:545} INFO - Filling up the DagBag from /home/airflow/.local/lib/python3.11/site-packages/airflow/example_dags/example_branch_python_dop_operator_3.py
[2024-11-03T16:28:16.749+0000] {processor.py:840} INFO - DAG(s) 'example_branch_dop_operator_v3' retrieved from /home/airflow/.local/lib/python3.11/site-packages/airflow/example_dags/example_branch_python_dop_operator_3.py
[2024-11-03T16:28:16.886+0000] {logging_mixin.py:188} INFO - [2024-11-03T16:28:16.886+0000] {dag.py:3096} INFO - Sync 1 DAGs
[2024-11-03T16:28:16.922+0000] {logging_mixin.py:188} INFO - [2024-11-03T16:28:16.921+0000] {dag.py:3954} INFO - Setting next_dagrun for example_branch_dop_operator_v3 to 2024-11-03 16:27:00+00:00, run_after=2024-11-03 16:28:00+00:00
[2024-11-03T16:28:16.957+0000] {processor.py:183} INFO - Processing /home/airflow/.local/lib/python3.11/site-packages/airflow/example_dags/example_branch_python_dop_operator_3.py took 0.235 seconds
