[2024-11-03T09:41:04.822+0000] {processor.py:161} INFO - Started process (PID=232) to work on /home/airflow/.local/lib/python3.11/site-packages/airflow/example_dags/example_python_decorator.py
[2024-11-03T09:41:04.823+0000] {processor.py:830} INFO - Processing file /home/airflow/.local/lib/python3.11/site-packages/airflow/example_dags/example_python_decorator.py for tasks to queue
[2024-11-03T09:41:04.825+0000] {logging_mixin.py:188} INFO - [2024-11-03T09:41:04.825+0000] {dagbag.py:545} INFO - Filling up the DagBag from /home/airflow/.local/lib/python3.11/site-packages/airflow/example_dags/example_python_decorator.py
[2024-11-03T09:41:04.839+0000] {processor.py:840} INFO - DAG(s) 'example_python_decorator' retrieved from /home/airflow/.local/lib/python3.11/site-packages/airflow/example_dags/example_python_decorator.py
[2024-11-03T09:41:04.850+0000] {logging_mixin.py:188} INFO - [2024-11-03T09:41:04.850+0000] {dag.py:3096} INFO - Sync 1 DAGs
[2024-11-03T09:41:04.863+0000] {logging_mixin.py:188} INFO - [2024-11-03T09:41:04.863+0000] {dag.py:3954} INFO - Setting next_dagrun for example_python_decorator to None, run_after=None
[2024-11-03T09:41:04.886+0000] {processor.py:183} INFO - Processing /home/airflow/.local/lib/python3.11/site-packages/airflow/example_dags/example_python_decorator.py took 0.068 seconds
[2024-11-03T09:41:35.362+0000] {processor.py:161} INFO - Started process (PID=496) to work on /home/airflow/.local/lib/python3.11/site-packages/airflow/example_dags/example_python_decorator.py
[2024-11-03T09:41:35.363+0000] {processor.py:830} INFO - Processing file /home/airflow/.local/lib/python3.11/site-packages/airflow/example_dags/example_python_decorator.py for tasks to queue
[2024-11-03T09:41:35.365+0000] {logging_mixin.py:188} INFO - [2024-11-03T09:41:35.364+0000] {dagbag.py:545} INFO - Filling up the DagBag from /home/airflow/.local/lib/python3.11/site-packages/airflow/example_dags/example_python_decorator.py
[2024-11-03T09:41:35.375+0000] {processor.py:840} INFO - DAG(s) 'example_python_decorator' retrieved from /home/airflow/.local/lib/python3.11/site-packages/airflow/example_dags/example_python_decorator.py
[2024-11-03T09:41:35.457+0000] {logging_mixin.py:188} INFO - [2024-11-03T09:41:35.457+0000] {dag.py:3096} INFO - Sync 1 DAGs
[2024-11-03T09:41:35.466+0000] {logging_mixin.py:188} INFO - [2024-11-03T09:41:35.466+0000] {dag.py:3954} INFO - Setting next_dagrun for example_python_decorator to None, run_after=None
[2024-11-03T09:41:35.482+0000] {processor.py:183} INFO - Processing /home/airflow/.local/lib/python3.11/site-packages/airflow/example_dags/example_python_decorator.py took 0.125 seconds
[2024-11-03T09:42:05.829+0000] {processor.py:161} INFO - Started process (PID=762) to work on /home/airflow/.local/lib/python3.11/site-packages/airflow/example_dags/example_python_decorator.py
[2024-11-03T09:42:05.830+0000] {processor.py:830} INFO - Processing file /home/airflow/.local/lib/python3.11/site-packages/airflow/example_dags/example_python_decorator.py for tasks to queue
[2024-11-03T09:42:05.832+0000] {logging_mixin.py:188} INFO - [2024-11-03T09:42:05.831+0000] {dagbag.py:545} INFO - Filling up the DagBag from /home/airflow/.local/lib/python3.11/site-packages/airflow/example_dags/example_python_decorator.py
[2024-11-03T09:42:05.844+0000] {processor.py:840} INFO - DAG(s) 'example_python_decorator' retrieved from /home/airflow/.local/lib/python3.11/site-packages/airflow/example_dags/example_python_decorator.py
[2024-11-03T09:42:05.868+0000] {logging_mixin.py:188} INFO - [2024-11-03T09:42:05.867+0000] {dag.py:3096} INFO - Sync 1 DAGs
[2024-11-03T09:42:05.880+0000] {logging_mixin.py:188} INFO - [2024-11-03T09:42:05.879+0000] {dag.py:3954} INFO - Setting next_dagrun for example_python_decorator to None, run_after=None
[2024-11-03T09:42:05.900+0000] {processor.py:183} INFO - Processing /home/airflow/.local/lib/python3.11/site-packages/airflow/example_dags/example_python_decorator.py took 0.077 seconds
[2024-11-03T09:42:36.999+0000] {processor.py:161} INFO - Started process (PID=1028) to work on /home/airflow/.local/lib/python3.11/site-packages/airflow/example_dags/example_python_decorator.py
[2024-11-03T09:42:37.000+0000] {processor.py:830} INFO - Processing file /home/airflow/.local/lib/python3.11/site-packages/airflow/example_dags/example_python_decorator.py for tasks to queue
[2024-11-03T09:42:37.001+0000] {logging_mixin.py:188} INFO - [2024-11-03T09:42:37.001+0000] {dagbag.py:545} INFO - Filling up the DagBag from /home/airflow/.local/lib/python3.11/site-packages/airflow/example_dags/example_python_decorator.py
[2024-11-03T09:42:37.014+0000] {processor.py:840} INFO - DAG(s) 'example_python_decorator' retrieved from /home/airflow/.local/lib/python3.11/site-packages/airflow/example_dags/example_python_decorator.py
[2024-11-03T09:42:37.035+0000] {logging_mixin.py:188} INFO - [2024-11-03T09:42:37.035+0000] {dag.py:3096} INFO - Sync 1 DAGs
[2024-11-03T09:42:37.048+0000] {logging_mixin.py:188} INFO - [2024-11-03T09:42:37.048+0000] {dag.py:3954} INFO - Setting next_dagrun for example_python_decorator to None, run_after=None
[2024-11-03T09:42:37.068+0000] {processor.py:183} INFO - Processing /home/airflow/.local/lib/python3.11/site-packages/airflow/example_dags/example_python_decorator.py took 0.075 seconds
[2024-11-03T09:43:07.399+0000] {processor.py:161} INFO - Started process (PID=1299) to work on /home/airflow/.local/lib/python3.11/site-packages/airflow/example_dags/example_python_decorator.py
[2024-11-03T09:43:07.400+0000] {processor.py:830} INFO - Processing file /home/airflow/.local/lib/python3.11/site-packages/airflow/example_dags/example_python_decorator.py for tasks to queue
[2024-11-03T09:43:07.403+0000] {logging_mixin.py:188} INFO - [2024-11-03T09:43:07.402+0000] {dagbag.py:545} INFO - Filling up the DagBag from /home/airflow/.local/lib/python3.11/site-packages/airflow/example_dags/example_python_decorator.py
[2024-11-03T09:43:07.416+0000] {processor.py:840} INFO - DAG(s) 'example_python_decorator' retrieved from /home/airflow/.local/lib/python3.11/site-packages/airflow/example_dags/example_python_decorator.py
[2024-11-03T09:43:07.436+0000] {logging_mixin.py:188} INFO - [2024-11-03T09:43:07.436+0000] {dag.py:3096} INFO - Sync 1 DAGs
[2024-11-03T09:43:07.446+0000] {logging_mixin.py:188} INFO - [2024-11-03T09:43:07.446+0000] {dag.py:3954} INFO - Setting next_dagrun for example_python_decorator to None, run_after=None
[2024-11-03T09:43:07.469+0000] {processor.py:183} INFO - Processing /home/airflow/.local/lib/python3.11/site-packages/airflow/example_dags/example_python_decorator.py took 0.075 seconds
[2024-11-03T09:43:38.356+0000] {processor.py:161} INFO - Started process (PID=1577) to work on /home/airflow/.local/lib/python3.11/site-packages/airflow/example_dags/example_python_decorator.py
[2024-11-03T09:43:38.357+0000] {processor.py:830} INFO - Processing file /home/airflow/.local/lib/python3.11/site-packages/airflow/example_dags/example_python_decorator.py for tasks to queue
[2024-11-03T09:43:38.358+0000] {logging_mixin.py:188} INFO - [2024-11-03T09:43:38.358+0000] {dagbag.py:545} INFO - Filling up the DagBag from /home/airflow/.local/lib/python3.11/site-packages/airflow/example_dags/example_python_decorator.py
[2024-11-03T09:43:38.369+0000] {processor.py:840} INFO - DAG(s) 'example_python_decorator' retrieved from /home/airflow/.local/lib/python3.11/site-packages/airflow/example_dags/example_python_decorator.py
[2024-11-03T09:43:38.388+0000] {logging_mixin.py:188} INFO - [2024-11-03T09:43:38.388+0000] {dag.py:3096} INFO - Sync 1 DAGs
[2024-11-03T09:43:38.397+0000] {logging_mixin.py:188} INFO - [2024-11-03T09:43:38.397+0000] {dag.py:3954} INFO - Setting next_dagrun for example_python_decorator to None, run_after=None
[2024-11-03T09:43:38.415+0000] {processor.py:183} INFO - Processing /home/airflow/.local/lib/python3.11/site-packages/airflow/example_dags/example_python_decorator.py took 0.064 seconds
[2024-11-03T09:44:09.123+0000] {processor.py:161} INFO - Started process (PID=1843) to work on /home/airflow/.local/lib/python3.11/site-packages/airflow/example_dags/example_python_decorator.py
[2024-11-03T09:44:09.124+0000] {processor.py:830} INFO - Processing file /home/airflow/.local/lib/python3.11/site-packages/airflow/example_dags/example_python_decorator.py for tasks to queue
[2024-11-03T09:44:09.125+0000] {logging_mixin.py:188} INFO - [2024-11-03T09:44:09.125+0000] {dagbag.py:545} INFO - Filling up the DagBag from /home/airflow/.local/lib/python3.11/site-packages/airflow/example_dags/example_python_decorator.py
[2024-11-03T09:44:09.138+0000] {processor.py:840} INFO - DAG(s) 'example_python_decorator' retrieved from /home/airflow/.local/lib/python3.11/site-packages/airflow/example_dags/example_python_decorator.py
[2024-11-03T09:44:09.163+0000] {logging_mixin.py:188} INFO - [2024-11-03T09:44:09.163+0000] {dag.py:3096} INFO - Sync 1 DAGs
[2024-11-03T09:44:09.176+0000] {logging_mixin.py:188} INFO - [2024-11-03T09:44:09.176+0000] {dag.py:3954} INFO - Setting next_dagrun for example_python_decorator to None, run_after=None
[2024-11-03T09:44:09.199+0000] {processor.py:183} INFO - Processing /home/airflow/.local/lib/python3.11/site-packages/airflow/example_dags/example_python_decorator.py took 0.084 seconds
[2024-11-03T09:44:39.288+0000] {processor.py:161} INFO - Started process (PID=2134) to work on /home/airflow/.local/lib/python3.11/site-packages/airflow/example_dags/example_python_decorator.py
[2024-11-03T09:44:39.289+0000] {processor.py:830} INFO - Processing file /home/airflow/.local/lib/python3.11/site-packages/airflow/example_dags/example_python_decorator.py for tasks to queue
[2024-11-03T09:44:39.290+0000] {logging_mixin.py:188} INFO - [2024-11-03T09:44:39.290+0000] {dagbag.py:545} INFO - Filling up the DagBag from /home/airflow/.local/lib/python3.11/site-packages/airflow/example_dags/example_python_decorator.py
[2024-11-03T09:44:39.302+0000] {processor.py:840} INFO - DAG(s) 'example_python_decorator' retrieved from /home/airflow/.local/lib/python3.11/site-packages/airflow/example_dags/example_python_decorator.py
[2024-11-03T09:44:39.320+0000] {logging_mixin.py:188} INFO - [2024-11-03T09:44:39.320+0000] {dag.py:3096} INFO - Sync 1 DAGs
[2024-11-03T09:44:39.330+0000] {logging_mixin.py:188} INFO - [2024-11-03T09:44:39.330+0000] {dag.py:3954} INFO - Setting next_dagrun for example_python_decorator to None, run_after=None
[2024-11-03T09:44:39.348+0000] {processor.py:183} INFO - Processing /home/airflow/.local/lib/python3.11/site-packages/airflow/example_dags/example_python_decorator.py took 0.065 seconds
[2024-11-03T09:45:09.391+0000] {processor.py:161} INFO - Started process (PID=2410) to work on /home/airflow/.local/lib/python3.11/site-packages/airflow/example_dags/example_python_decorator.py
[2024-11-03T09:45:09.392+0000] {processor.py:830} INFO - Processing file /home/airflow/.local/lib/python3.11/site-packages/airflow/example_dags/example_python_decorator.py for tasks to queue
[2024-11-03T09:45:09.393+0000] {logging_mixin.py:188} INFO - [2024-11-03T09:45:09.393+0000] {dagbag.py:545} INFO - Filling up the DagBag from /home/airflow/.local/lib/python3.11/site-packages/airflow/example_dags/example_python_decorator.py
[2024-11-03T09:45:09.404+0000] {processor.py:840} INFO - DAG(s) 'example_python_decorator' retrieved from /home/airflow/.local/lib/python3.11/site-packages/airflow/example_dags/example_python_decorator.py
[2024-11-03T09:45:09.423+0000] {logging_mixin.py:188} INFO - [2024-11-03T09:45:09.422+0000] {dag.py:3096} INFO - Sync 1 DAGs
[2024-11-03T09:45:09.435+0000] {logging_mixin.py:188} INFO - [2024-11-03T09:45:09.434+0000] {dag.py:3954} INFO - Setting next_dagrun for example_python_decorator to None, run_after=None
[2024-11-03T09:45:09.452+0000] {processor.py:183} INFO - Processing /home/airflow/.local/lib/python3.11/site-packages/airflow/example_dags/example_python_decorator.py took 0.066 seconds
[2024-11-03T09:45:39.595+0000] {processor.py:161} INFO - Started process (PID=2689) to work on /home/airflow/.local/lib/python3.11/site-packages/airflow/example_dags/example_python_decorator.py
[2024-11-03T09:45:39.596+0000] {processor.py:830} INFO - Processing file /home/airflow/.local/lib/python3.11/site-packages/airflow/example_dags/example_python_decorator.py for tasks to queue
[2024-11-03T09:45:39.598+0000] {logging_mixin.py:188} INFO - [2024-11-03T09:45:39.597+0000] {dagbag.py:545} INFO - Filling up the DagBag from /home/airflow/.local/lib/python3.11/site-packages/airflow/example_dags/example_python_decorator.py
[2024-11-03T09:45:39.608+0000] {processor.py:840} INFO - DAG(s) 'example_python_decorator' retrieved from /home/airflow/.local/lib/python3.11/site-packages/airflow/example_dags/example_python_decorator.py
[2024-11-03T09:45:39.627+0000] {logging_mixin.py:188} INFO - [2024-11-03T09:45:39.627+0000] {dag.py:3096} INFO - Sync 1 DAGs
[2024-11-03T09:45:39.638+0000] {logging_mixin.py:188} INFO - [2024-11-03T09:45:39.637+0000] {dag.py:3954} INFO - Setting next_dagrun for example_python_decorator to None, run_after=None
[2024-11-03T09:45:39.653+0000] {processor.py:183} INFO - Processing /home/airflow/.local/lib/python3.11/site-packages/airflow/example_dags/example_python_decorator.py took 0.063 seconds
[2024-11-03T09:46:10.568+0000] {processor.py:161} INFO - Started process (PID=2957) to work on /home/airflow/.local/lib/python3.11/site-packages/airflow/example_dags/example_python_decorator.py
[2024-11-03T09:46:10.569+0000] {processor.py:830} INFO - Processing file /home/airflow/.local/lib/python3.11/site-packages/airflow/example_dags/example_python_decorator.py for tasks to queue
[2024-11-03T09:46:10.570+0000] {logging_mixin.py:188} INFO - [2024-11-03T09:46:10.570+0000] {dagbag.py:545} INFO - Filling up the DagBag from /home/airflow/.local/lib/python3.11/site-packages/airflow/example_dags/example_python_decorator.py
[2024-11-03T09:46:10.580+0000] {processor.py:840} INFO - DAG(s) 'example_python_decorator' retrieved from /home/airflow/.local/lib/python3.11/site-packages/airflow/example_dags/example_python_decorator.py
[2024-11-03T09:46:10.600+0000] {logging_mixin.py:188} INFO - [2024-11-03T09:46:10.600+0000] {dag.py:3096} INFO - Sync 1 DAGs
[2024-11-03T09:46:10.610+0000] {logging_mixin.py:188} INFO - [2024-11-03T09:46:10.610+0000] {dag.py:3954} INFO - Setting next_dagrun for example_python_decorator to None, run_after=None
[2024-11-03T09:46:10.631+0000] {processor.py:183} INFO - Processing /home/airflow/.local/lib/python3.11/site-packages/airflow/example_dags/example_python_decorator.py took 0.068 seconds
[2024-11-03T09:46:40.730+0000] {processor.py:161} INFO - Started process (PID=3256) to work on /home/airflow/.local/lib/python3.11/site-packages/airflow/example_dags/example_python_decorator.py
[2024-11-03T09:46:40.731+0000] {processor.py:830} INFO - Processing file /home/airflow/.local/lib/python3.11/site-packages/airflow/example_dags/example_python_decorator.py for tasks to queue
[2024-11-03T09:46:40.732+0000] {logging_mixin.py:188} INFO - [2024-11-03T09:46:40.732+0000] {dagbag.py:545} INFO - Filling up the DagBag from /home/airflow/.local/lib/python3.11/site-packages/airflow/example_dags/example_python_decorator.py
[2024-11-03T09:46:40.745+0000] {processor.py:840} INFO - DAG(s) 'example_python_decorator' retrieved from /home/airflow/.local/lib/python3.11/site-packages/airflow/example_dags/example_python_decorator.py
[2024-11-03T09:46:40.778+0000] {logging_mixin.py:188} INFO - [2024-11-03T09:46:40.778+0000] {dag.py:3096} INFO - Sync 1 DAGs
[2024-11-03T09:46:40.794+0000] {logging_mixin.py:188} INFO - [2024-11-03T09:46:40.794+0000] {dag.py:3954} INFO - Setting next_dagrun for example_python_decorator to None, run_after=None
[2024-11-03T09:46:40.813+0000] {processor.py:183} INFO - Processing /home/airflow/.local/lib/python3.11/site-packages/airflow/example_dags/example_python_decorator.py took 0.089 seconds
[2024-11-03T09:47:11.746+0000] {processor.py:161} INFO - Started process (PID=3524) to work on /home/airflow/.local/lib/python3.11/site-packages/airflow/example_dags/example_python_decorator.py
[2024-11-03T09:47:11.747+0000] {processor.py:830} INFO - Processing file /home/airflow/.local/lib/python3.11/site-packages/airflow/example_dags/example_python_decorator.py for tasks to queue
[2024-11-03T09:47:11.748+0000] {logging_mixin.py:188} INFO - [2024-11-03T09:47:11.748+0000] {dagbag.py:545} INFO - Filling up the DagBag from /home/airflow/.local/lib/python3.11/site-packages/airflow/example_dags/example_python_decorator.py
[2024-11-03T09:47:11.759+0000] {processor.py:840} INFO - DAG(s) 'example_python_decorator' retrieved from /home/airflow/.local/lib/python3.11/site-packages/airflow/example_dags/example_python_decorator.py
[2024-11-03T09:47:11.778+0000] {logging_mixin.py:188} INFO - [2024-11-03T09:47:11.778+0000] {dag.py:3096} INFO - Sync 1 DAGs
[2024-11-03T09:47:11.790+0000] {logging_mixin.py:188} INFO - [2024-11-03T09:47:11.790+0000] {dag.py:3954} INFO - Setting next_dagrun for example_python_decorator to None, run_after=None
[2024-11-03T09:47:11.821+0000] {processor.py:183} INFO - Processing /home/airflow/.local/lib/python3.11/site-packages/airflow/example_dags/example_python_decorator.py took 0.080 seconds
[2024-11-03T09:47:41.991+0000] {processor.py:161} INFO - Started process (PID=3788) to work on /home/airflow/.local/lib/python3.11/site-packages/airflow/example_dags/example_python_decorator.py
[2024-11-03T09:47:41.993+0000] {processor.py:830} INFO - Processing file /home/airflow/.local/lib/python3.11/site-packages/airflow/example_dags/example_python_decorator.py for tasks to queue
[2024-11-03T09:47:41.994+0000] {logging_mixin.py:188} INFO - [2024-11-03T09:47:41.993+0000] {dagbag.py:545} INFO - Filling up the DagBag from /home/airflow/.local/lib/python3.11/site-packages/airflow/example_dags/example_python_decorator.py
[2024-11-03T09:47:42.005+0000] {processor.py:840} INFO - DAG(s) 'example_python_decorator' retrieved from /home/airflow/.local/lib/python3.11/site-packages/airflow/example_dags/example_python_decorator.py
[2024-11-03T09:47:42.023+0000] {logging_mixin.py:188} INFO - [2024-11-03T09:47:42.023+0000] {dag.py:3096} INFO - Sync 1 DAGs
[2024-11-03T09:47:42.033+0000] {logging_mixin.py:188} INFO - [2024-11-03T09:47:42.033+0000] {dag.py:3954} INFO - Setting next_dagrun for example_python_decorator to None, run_after=None
[2024-11-03T09:47:42.050+0000] {processor.py:183} INFO - Processing /home/airflow/.local/lib/python3.11/site-packages/airflow/example_dags/example_python_decorator.py took 0.064 seconds
[2024-11-03T09:48:12.874+0000] {processor.py:161} INFO - Started process (PID=4059) to work on /home/airflow/.local/lib/python3.11/site-packages/airflow/example_dags/example_python_decorator.py
[2024-11-03T09:48:12.875+0000] {processor.py:830} INFO - Processing file /home/airflow/.local/lib/python3.11/site-packages/airflow/example_dags/example_python_decorator.py for tasks to queue
[2024-11-03T09:48:12.876+0000] {logging_mixin.py:188} INFO - [2024-11-03T09:48:12.876+0000] {dagbag.py:545} INFO - Filling up the DagBag from /home/airflow/.local/lib/python3.11/site-packages/airflow/example_dags/example_python_decorator.py
[2024-11-03T09:48:12.890+0000] {processor.py:840} INFO - DAG(s) 'example_python_decorator' retrieved from /home/airflow/.local/lib/python3.11/site-packages/airflow/example_dags/example_python_decorator.py
[2024-11-03T09:48:12.913+0000] {logging_mixin.py:188} INFO - [2024-11-03T09:48:12.913+0000] {dag.py:3096} INFO - Sync 1 DAGs
[2024-11-03T09:48:12.924+0000] {logging_mixin.py:188} INFO - [2024-11-03T09:48:12.924+0000] {dag.py:3954} INFO - Setting next_dagrun for example_python_decorator to None, run_after=None
[2024-11-03T09:48:12.942+0000] {processor.py:183} INFO - Processing /home/airflow/.local/lib/python3.11/site-packages/airflow/example_dags/example_python_decorator.py took 0.078 seconds
[2024-11-03T09:48:43.128+0000] {processor.py:161} INFO - Started process (PID=4330) to work on /home/airflow/.local/lib/python3.11/site-packages/airflow/example_dags/example_python_decorator.py
[2024-11-03T09:48:43.129+0000] {processor.py:830} INFO - Processing file /home/airflow/.local/lib/python3.11/site-packages/airflow/example_dags/example_python_decorator.py for tasks to queue
[2024-11-03T09:48:43.130+0000] {logging_mixin.py:188} INFO - [2024-11-03T09:48:43.130+0000] {dagbag.py:545} INFO - Filling up the DagBag from /home/airflow/.local/lib/python3.11/site-packages/airflow/example_dags/example_python_decorator.py
[2024-11-03T09:48:43.143+0000] {processor.py:840} INFO - DAG(s) 'example_python_decorator' retrieved from /home/airflow/.local/lib/python3.11/site-packages/airflow/example_dags/example_python_decorator.py
[2024-11-03T09:48:43.163+0000] {logging_mixin.py:188} INFO - [2024-11-03T09:48:43.163+0000] {dag.py:3096} INFO - Sync 1 DAGs
[2024-11-03T09:48:43.175+0000] {logging_mixin.py:188} INFO - [2024-11-03T09:48:43.175+0000] {dag.py:3954} INFO - Setting next_dagrun for example_python_decorator to None, run_after=None
[2024-11-03T09:48:43.196+0000] {processor.py:183} INFO - Processing /home/airflow/.local/lib/python3.11/site-packages/airflow/example_dags/example_python_decorator.py took 0.075 seconds
[2024-11-03T09:49:13.906+0000] {processor.py:161} INFO - Started process (PID=4614) to work on /home/airflow/.local/lib/python3.11/site-packages/airflow/example_dags/example_python_decorator.py
[2024-11-03T09:49:13.907+0000] {processor.py:830} INFO - Processing file /home/airflow/.local/lib/python3.11/site-packages/airflow/example_dags/example_python_decorator.py for tasks to queue
[2024-11-03T09:49:13.909+0000] {logging_mixin.py:188} INFO - [2024-11-03T09:49:13.908+0000] {dagbag.py:545} INFO - Filling up the DagBag from /home/airflow/.local/lib/python3.11/site-packages/airflow/example_dags/example_python_decorator.py
[2024-11-03T09:49:13.922+0000] {processor.py:840} INFO - DAG(s) 'example_python_decorator' retrieved from /home/airflow/.local/lib/python3.11/site-packages/airflow/example_dags/example_python_decorator.py
[2024-11-03T09:49:13.941+0000] {logging_mixin.py:188} INFO - [2024-11-03T09:49:13.941+0000] {dag.py:3096} INFO - Sync 1 DAGs
[2024-11-03T09:49:13.951+0000] {logging_mixin.py:188} INFO - [2024-11-03T09:49:13.951+0000] {dag.py:3954} INFO - Setting next_dagrun for example_python_decorator to None, run_after=None
[2024-11-03T09:49:13.970+0000] {processor.py:183} INFO - Processing /home/airflow/.local/lib/python3.11/site-packages/airflow/example_dags/example_python_decorator.py took 0.069 seconds
[2024-11-03T09:49:44.077+0000] {processor.py:161} INFO - Started process (PID=4880) to work on /home/airflow/.local/lib/python3.11/site-packages/airflow/example_dags/example_python_decorator.py
[2024-11-03T09:49:44.078+0000] {processor.py:830} INFO - Processing file /home/airflow/.local/lib/python3.11/site-packages/airflow/example_dags/example_python_decorator.py for tasks to queue
[2024-11-03T09:49:44.079+0000] {logging_mixin.py:188} INFO - [2024-11-03T09:49:44.079+0000] {dagbag.py:545} INFO - Filling up the DagBag from /home/airflow/.local/lib/python3.11/site-packages/airflow/example_dags/example_python_decorator.py
[2024-11-03T09:49:44.090+0000] {processor.py:840} INFO - DAG(s) 'example_python_decorator' retrieved from /home/airflow/.local/lib/python3.11/site-packages/airflow/example_dags/example_python_decorator.py
[2024-11-03T09:49:44.109+0000] {logging_mixin.py:188} INFO - [2024-11-03T09:49:44.109+0000] {dag.py:3096} INFO - Sync 1 DAGs
[2024-11-03T09:49:44.122+0000] {logging_mixin.py:188} INFO - [2024-11-03T09:49:44.122+0000] {dag.py:3954} INFO - Setting next_dagrun for example_python_decorator to None, run_after=None
[2024-11-03T09:49:44.139+0000] {processor.py:183} INFO - Processing /home/airflow/.local/lib/python3.11/site-packages/airflow/example_dags/example_python_decorator.py took 0.067 seconds
[2024-11-03T09:50:14.361+0000] {processor.py:161} INFO - Started process (PID=5146) to work on /home/airflow/.local/lib/python3.11/site-packages/airflow/example_dags/example_python_decorator.py
[2024-11-03T09:50:14.362+0000] {processor.py:830} INFO - Processing file /home/airflow/.local/lib/python3.11/site-packages/airflow/example_dags/example_python_decorator.py for tasks to queue
[2024-11-03T09:50:14.363+0000] {logging_mixin.py:188} INFO - [2024-11-03T09:50:14.363+0000] {dagbag.py:545} INFO - Filling up the DagBag from /home/airflow/.local/lib/python3.11/site-packages/airflow/example_dags/example_python_decorator.py
[2024-11-03T09:50:14.375+0000] {processor.py:840} INFO - DAG(s) 'example_python_decorator' retrieved from /home/airflow/.local/lib/python3.11/site-packages/airflow/example_dags/example_python_decorator.py
[2024-11-03T09:50:14.396+0000] {logging_mixin.py:188} INFO - [2024-11-03T09:50:14.396+0000] {dag.py:3096} INFO - Sync 1 DAGs
[2024-11-03T09:50:14.407+0000] {logging_mixin.py:188} INFO - [2024-11-03T09:50:14.407+0000] {dag.py:3954} INFO - Setting next_dagrun for example_python_decorator to None, run_after=None
[2024-11-03T09:50:14.424+0000] {processor.py:183} INFO - Processing /home/airflow/.local/lib/python3.11/site-packages/airflow/example_dags/example_python_decorator.py took 0.070 seconds
[2024-11-03T09:50:44.596+0000] {processor.py:161} INFO - Started process (PID=5412) to work on /home/airflow/.local/lib/python3.11/site-packages/airflow/example_dags/example_python_decorator.py
[2024-11-03T09:50:44.597+0000] {processor.py:830} INFO - Processing file /home/airflow/.local/lib/python3.11/site-packages/airflow/example_dags/example_python_decorator.py for tasks to queue
[2024-11-03T09:50:44.598+0000] {logging_mixin.py:188} INFO - [2024-11-03T09:50:44.597+0000] {dagbag.py:545} INFO - Filling up the DagBag from /home/airflow/.local/lib/python3.11/site-packages/airflow/example_dags/example_python_decorator.py
[2024-11-03T09:50:44.609+0000] {processor.py:840} INFO - DAG(s) 'example_python_decorator' retrieved from /home/airflow/.local/lib/python3.11/site-packages/airflow/example_dags/example_python_decorator.py
[2024-11-03T09:50:44.631+0000] {logging_mixin.py:188} INFO - [2024-11-03T09:50:44.631+0000] {dag.py:3096} INFO - Sync 1 DAGs
[2024-11-03T09:50:44.642+0000] {logging_mixin.py:188} INFO - [2024-11-03T09:50:44.642+0000] {dag.py:3954} INFO - Setting next_dagrun for example_python_decorator to None, run_after=None
[2024-11-03T09:50:44.657+0000] {processor.py:183} INFO - Processing /home/airflow/.local/lib/python3.11/site-packages/airflow/example_dags/example_python_decorator.py took 0.067 seconds
[2024-11-03T09:51:15.310+0000] {processor.py:161} INFO - Started process (PID=5678) to work on /home/airflow/.local/lib/python3.11/site-packages/airflow/example_dags/example_python_decorator.py
[2024-11-03T09:51:15.310+0000] {processor.py:830} INFO - Processing file /home/airflow/.local/lib/python3.11/site-packages/airflow/example_dags/example_python_decorator.py for tasks to queue
[2024-11-03T09:51:15.311+0000] {logging_mixin.py:188} INFO - [2024-11-03T09:51:15.311+0000] {dagbag.py:545} INFO - Filling up the DagBag from /home/airflow/.local/lib/python3.11/site-packages/airflow/example_dags/example_python_decorator.py
[2024-11-03T09:51:15.322+0000] {processor.py:840} INFO - DAG(s) 'example_python_decorator' retrieved from /home/airflow/.local/lib/python3.11/site-packages/airflow/example_dags/example_python_decorator.py
[2024-11-03T09:51:15.341+0000] {logging_mixin.py:188} INFO - [2024-11-03T09:51:15.341+0000] {dag.py:3096} INFO - Sync 1 DAGs
[2024-11-03T09:51:15.353+0000] {logging_mixin.py:188} INFO - [2024-11-03T09:51:15.353+0000] {dag.py:3954} INFO - Setting next_dagrun for example_python_decorator to None, run_after=None
[2024-11-03T09:51:15.368+0000] {processor.py:183} INFO - Processing /home/airflow/.local/lib/python3.11/site-packages/airflow/example_dags/example_python_decorator.py took 0.064 seconds
[2024-11-03T09:51:46.063+0000] {processor.py:161} INFO - Started process (PID=5944) to work on /home/airflow/.local/lib/python3.11/site-packages/airflow/example_dags/example_python_decorator.py
[2024-11-03T09:51:46.064+0000] {processor.py:830} INFO - Processing file /home/airflow/.local/lib/python3.11/site-packages/airflow/example_dags/example_python_decorator.py for tasks to queue
[2024-11-03T09:51:46.065+0000] {logging_mixin.py:188} INFO - [2024-11-03T09:51:46.065+0000] {dagbag.py:545} INFO - Filling up the DagBag from /home/airflow/.local/lib/python3.11/site-packages/airflow/example_dags/example_python_decorator.py
[2024-11-03T09:51:46.077+0000] {processor.py:840} INFO - DAG(s) 'example_python_decorator' retrieved from /home/airflow/.local/lib/python3.11/site-packages/airflow/example_dags/example_python_decorator.py
[2024-11-03T09:51:46.097+0000] {logging_mixin.py:188} INFO - [2024-11-03T09:51:46.097+0000] {dag.py:3096} INFO - Sync 1 DAGs
[2024-11-03T09:51:46.108+0000] {logging_mixin.py:188} INFO - [2024-11-03T09:51:46.108+0000] {dag.py:3954} INFO - Setting next_dagrun for example_python_decorator to None, run_after=None
[2024-11-03T09:51:46.128+0000] {processor.py:183} INFO - Processing /home/airflow/.local/lib/python3.11/site-packages/airflow/example_dags/example_python_decorator.py took 0.071 seconds
[2024-11-03T09:52:16.867+0000] {processor.py:161} INFO - Started process (PID=6210) to work on /home/airflow/.local/lib/python3.11/site-packages/airflow/example_dags/example_python_decorator.py
[2024-11-03T09:52:16.868+0000] {processor.py:830} INFO - Processing file /home/airflow/.local/lib/python3.11/site-packages/airflow/example_dags/example_python_decorator.py for tasks to queue
[2024-11-03T09:52:16.868+0000] {logging_mixin.py:188} INFO - [2024-11-03T09:52:16.868+0000] {dagbag.py:545} INFO - Filling up the DagBag from /home/airflow/.local/lib/python3.11/site-packages/airflow/example_dags/example_python_decorator.py
[2024-11-03T09:52:16.879+0000] {processor.py:840} INFO - DAG(s) 'example_python_decorator' retrieved from /home/airflow/.local/lib/python3.11/site-packages/airflow/example_dags/example_python_decorator.py
[2024-11-03T09:52:16.899+0000] {logging_mixin.py:188} INFO - [2024-11-03T09:52:16.899+0000] {dag.py:3096} INFO - Sync 1 DAGs
[2024-11-03T09:52:16.909+0000] {logging_mixin.py:188} INFO - [2024-11-03T09:52:16.909+0000] {dag.py:3954} INFO - Setting next_dagrun for example_python_decorator to None, run_after=None
[2024-11-03T09:52:16.925+0000] {processor.py:183} INFO - Processing /home/airflow/.local/lib/python3.11/site-packages/airflow/example_dags/example_python_decorator.py took 0.064 seconds
[2024-11-03T09:52:47.014+0000] {processor.py:161} INFO - Started process (PID=6476) to work on /home/airflow/.local/lib/python3.11/site-packages/airflow/example_dags/example_python_decorator.py
[2024-11-03T09:52:47.015+0000] {processor.py:830} INFO - Processing file /home/airflow/.local/lib/python3.11/site-packages/airflow/example_dags/example_python_decorator.py for tasks to queue
[2024-11-03T09:52:47.016+0000] {logging_mixin.py:188} INFO - [2024-11-03T09:52:47.016+0000] {dagbag.py:545} INFO - Filling up the DagBag from /home/airflow/.local/lib/python3.11/site-packages/airflow/example_dags/example_python_decorator.py
[2024-11-03T09:52:47.027+0000] {processor.py:840} INFO - DAG(s) 'example_python_decorator' retrieved from /home/airflow/.local/lib/python3.11/site-packages/airflow/example_dags/example_python_decorator.py
[2024-11-03T09:52:47.048+0000] {logging_mixin.py:188} INFO - [2024-11-03T09:52:47.047+0000] {dag.py:3096} INFO - Sync 1 DAGs
[2024-11-03T09:52:47.057+0000] {logging_mixin.py:188} INFO - [2024-11-03T09:52:47.057+0000] {dag.py:3954} INFO - Setting next_dagrun for example_python_decorator to None, run_after=None
[2024-11-03T09:52:47.073+0000] {processor.py:183} INFO - Processing /home/airflow/.local/lib/python3.11/site-packages/airflow/example_dags/example_python_decorator.py took 0.064 seconds
[2024-11-03T09:53:17.247+0000] {processor.py:161} INFO - Started process (PID=6742) to work on /home/airflow/.local/lib/python3.11/site-packages/airflow/example_dags/example_python_decorator.py
[2024-11-03T09:53:17.248+0000] {processor.py:830} INFO - Processing file /home/airflow/.local/lib/python3.11/site-packages/airflow/example_dags/example_python_decorator.py for tasks to queue
[2024-11-03T09:53:17.249+0000] {logging_mixin.py:188} INFO - [2024-11-03T09:53:17.248+0000] {dagbag.py:545} INFO - Filling up the DagBag from /home/airflow/.local/lib/python3.11/site-packages/airflow/example_dags/example_python_decorator.py
[2024-11-03T09:53:17.261+0000] {processor.py:840} INFO - DAG(s) 'example_python_decorator' retrieved from /home/airflow/.local/lib/python3.11/site-packages/airflow/example_dags/example_python_decorator.py
[2024-11-03T09:53:17.280+0000] {logging_mixin.py:188} INFO - [2024-11-03T09:53:17.280+0000] {dag.py:3096} INFO - Sync 1 DAGs
[2024-11-03T09:53:17.290+0000] {logging_mixin.py:188} INFO - [2024-11-03T09:53:17.290+0000] {dag.py:3954} INFO - Setting next_dagrun for example_python_decorator to None, run_after=None
[2024-11-03T09:53:17.306+0000] {processor.py:183} INFO - Processing /home/airflow/.local/lib/python3.11/site-packages/airflow/example_dags/example_python_decorator.py took 0.065 seconds
[2024-11-03T09:53:47.420+0000] {processor.py:161} INFO - Started process (PID=7029) to work on /home/airflow/.local/lib/python3.11/site-packages/airflow/example_dags/example_python_decorator.py
[2024-11-03T09:53:47.421+0000] {processor.py:830} INFO - Processing file /home/airflow/.local/lib/python3.11/site-packages/airflow/example_dags/example_python_decorator.py for tasks to queue
[2024-11-03T09:53:47.422+0000] {logging_mixin.py:188} INFO - [2024-11-03T09:53:47.422+0000] {dagbag.py:545} INFO - Filling up the DagBag from /home/airflow/.local/lib/python3.11/site-packages/airflow/example_dags/example_python_decorator.py
[2024-11-03T09:53:47.434+0000] {processor.py:840} INFO - DAG(s) 'example_python_decorator' retrieved from /home/airflow/.local/lib/python3.11/site-packages/airflow/example_dags/example_python_decorator.py
[2024-11-03T09:53:47.458+0000] {logging_mixin.py:188} INFO - [2024-11-03T09:53:47.457+0000] {dag.py:3096} INFO - Sync 1 DAGs
[2024-11-03T09:53:47.468+0000] {logging_mixin.py:188} INFO - [2024-11-03T09:53:47.468+0000] {dag.py:3954} INFO - Setting next_dagrun for example_python_decorator to None, run_after=None
[2024-11-03T09:53:47.485+0000] {processor.py:183} INFO - Processing /home/airflow/.local/lib/python3.11/site-packages/airflow/example_dags/example_python_decorator.py took 0.069 seconds
[2024-11-03T09:54:17.851+0000] {processor.py:161} INFO - Started process (PID=7296) to work on /home/airflow/.local/lib/python3.11/site-packages/airflow/example_dags/example_python_decorator.py
[2024-11-03T09:54:17.852+0000] {processor.py:830} INFO - Processing file /home/airflow/.local/lib/python3.11/site-packages/airflow/example_dags/example_python_decorator.py for tasks to queue
[2024-11-03T09:54:17.853+0000] {logging_mixin.py:188} INFO - [2024-11-03T09:54:17.852+0000] {dagbag.py:545} INFO - Filling up the DagBag from /home/airflow/.local/lib/python3.11/site-packages/airflow/example_dags/example_python_decorator.py
[2024-11-03T09:54:17.864+0000] {processor.py:840} INFO - DAG(s) 'example_python_decorator' retrieved from /home/airflow/.local/lib/python3.11/site-packages/airflow/example_dags/example_python_decorator.py
[2024-11-03T09:54:17.885+0000] {logging_mixin.py:188} INFO - [2024-11-03T09:54:17.884+0000] {dag.py:3096} INFO - Sync 1 DAGs
[2024-11-03T09:54:17.894+0000] {logging_mixin.py:188} INFO - [2024-11-03T09:54:17.894+0000] {dag.py:3954} INFO - Setting next_dagrun for example_python_decorator to None, run_after=None
[2024-11-03T09:54:17.912+0000] {processor.py:183} INFO - Processing /home/airflow/.local/lib/python3.11/site-packages/airflow/example_dags/example_python_decorator.py took 0.066 seconds
[2024-11-03T09:54:48.500+0000] {processor.py:161} INFO - Started process (PID=7560) to work on /home/airflow/.local/lib/python3.11/site-packages/airflow/example_dags/example_python_decorator.py
[2024-11-03T09:54:48.500+0000] {processor.py:830} INFO - Processing file /home/airflow/.local/lib/python3.11/site-packages/airflow/example_dags/example_python_decorator.py for tasks to queue
[2024-11-03T09:54:48.501+0000] {logging_mixin.py:188} INFO - [2024-11-03T09:54:48.501+0000] {dagbag.py:545} INFO - Filling up the DagBag from /home/airflow/.local/lib/python3.11/site-packages/airflow/example_dags/example_python_decorator.py
[2024-11-03T09:54:48.512+0000] {processor.py:840} INFO - DAG(s) 'example_python_decorator' retrieved from /home/airflow/.local/lib/python3.11/site-packages/airflow/example_dags/example_python_decorator.py
[2024-11-03T09:54:48.531+0000] {logging_mixin.py:188} INFO - [2024-11-03T09:54:48.531+0000] {dag.py:3096} INFO - Sync 1 DAGs
[2024-11-03T09:54:48.540+0000] {logging_mixin.py:188} INFO - [2024-11-03T09:54:48.540+0000] {dag.py:3954} INFO - Setting next_dagrun for example_python_decorator to None, run_after=None
[2024-11-03T09:54:48.559+0000] {processor.py:183} INFO - Processing /home/airflow/.local/lib/python3.11/site-packages/airflow/example_dags/example_python_decorator.py took 0.064 seconds
[2024-11-03T09:55:18.900+0000] {processor.py:161} INFO - Started process (PID=7826) to work on /home/airflow/.local/lib/python3.11/site-packages/airflow/example_dags/example_python_decorator.py
[2024-11-03T09:55:18.901+0000] {processor.py:830} INFO - Processing file /home/airflow/.local/lib/python3.11/site-packages/airflow/example_dags/example_python_decorator.py for tasks to queue
[2024-11-03T09:55:18.902+0000] {logging_mixin.py:188} INFO - [2024-11-03T09:55:18.901+0000] {dagbag.py:545} INFO - Filling up the DagBag from /home/airflow/.local/lib/python3.11/site-packages/airflow/example_dags/example_python_decorator.py
[2024-11-03T09:55:18.912+0000] {processor.py:840} INFO - DAG(s) 'example_python_decorator' retrieved from /home/airflow/.local/lib/python3.11/site-packages/airflow/example_dags/example_python_decorator.py
[2024-11-03T09:55:18.932+0000] {logging_mixin.py:188} INFO - [2024-11-03T09:55:18.932+0000] {dag.py:3096} INFO - Sync 1 DAGs
[2024-11-03T09:55:18.942+0000] {logging_mixin.py:188} INFO - [2024-11-03T09:55:18.942+0000] {dag.py:3954} INFO - Setting next_dagrun for example_python_decorator to None, run_after=None
[2024-11-03T09:55:18.958+0000] {processor.py:183} INFO - Processing /home/airflow/.local/lib/python3.11/site-packages/airflow/example_dags/example_python_decorator.py took 0.062 seconds
[2024-11-03T09:55:49.463+0000] {processor.py:161} INFO - Started process (PID=8092) to work on /home/airflow/.local/lib/python3.11/site-packages/airflow/example_dags/example_python_decorator.py
[2024-11-03T09:55:49.464+0000] {processor.py:830} INFO - Processing file /home/airflow/.local/lib/python3.11/site-packages/airflow/example_dags/example_python_decorator.py for tasks to queue
[2024-11-03T09:55:49.465+0000] {logging_mixin.py:188} INFO - [2024-11-03T09:55:49.464+0000] {dagbag.py:545} INFO - Filling up the DagBag from /home/airflow/.local/lib/python3.11/site-packages/airflow/example_dags/example_python_decorator.py
[2024-11-03T09:55:49.476+0000] {processor.py:840} INFO - DAG(s) 'example_python_decorator' retrieved from /home/airflow/.local/lib/python3.11/site-packages/airflow/example_dags/example_python_decorator.py
[2024-11-03T09:55:49.495+0000] {logging_mixin.py:188} INFO - [2024-11-03T09:55:49.495+0000] {dag.py:3096} INFO - Sync 1 DAGs
[2024-11-03T09:55:49.506+0000] {logging_mixin.py:188} INFO - [2024-11-03T09:55:49.506+0000] {dag.py:3954} INFO - Setting next_dagrun for example_python_decorator to None, run_after=None
[2024-11-03T09:55:49.523+0000] {processor.py:183} INFO - Processing /home/airflow/.local/lib/python3.11/site-packages/airflow/example_dags/example_python_decorator.py took 0.065 seconds
[2024-11-03T16:27:43.145+0000] {processor.py:161} INFO - Started process (PID=232) to work on /home/airflow/.local/lib/python3.11/site-packages/airflow/example_dags/example_python_decorator.py
[2024-11-03T16:27:43.146+0000] {processor.py:830} INFO - Processing file /home/airflow/.local/lib/python3.11/site-packages/airflow/example_dags/example_python_decorator.py for tasks to queue
[2024-11-03T16:27:43.148+0000] {logging_mixin.py:188} INFO - [2024-11-03T16:27:43.148+0000] {dagbag.py:545} INFO - Filling up the DagBag from /home/airflow/.local/lib/python3.11/site-packages/airflow/example_dags/example_python_decorator.py
[2024-11-03T16:27:43.169+0000] {processor.py:840} INFO - DAG(s) 'example_python_decorator' retrieved from /home/airflow/.local/lib/python3.11/site-packages/airflow/example_dags/example_python_decorator.py
[2024-11-03T16:27:43.182+0000] {logging_mixin.py:188} INFO - [2024-11-03T16:27:43.182+0000] {dag.py:3096} INFO - Sync 1 DAGs
[2024-11-03T16:27:43.195+0000] {logging_mixin.py:188} INFO - [2024-11-03T16:27:43.195+0000] {dag.py:3954} INFO - Setting next_dagrun for example_python_decorator to None, run_after=None
[2024-11-03T16:27:43.222+0000] {processor.py:183} INFO - Processing /home/airflow/.local/lib/python3.11/site-packages/airflow/example_dags/example_python_decorator.py took 0.083 seconds
[2024-11-03T16:28:13.840+0000] {processor.py:161} INFO - Started process (PID=497) to work on /home/airflow/.local/lib/python3.11/site-packages/airflow/example_dags/example_python_decorator.py
[2024-11-03T16:28:13.841+0000] {processor.py:830} INFO - Processing file /home/airflow/.local/lib/python3.11/site-packages/airflow/example_dags/example_python_decorator.py for tasks to queue
[2024-11-03T16:28:13.844+0000] {logging_mixin.py:188} INFO - [2024-11-03T16:28:13.844+0000] {dagbag.py:545} INFO - Filling up the DagBag from /home/airflow/.local/lib/python3.11/site-packages/airflow/example_dags/example_python_decorator.py
[2024-11-03T16:28:13.856+0000] {processor.py:840} INFO - DAG(s) 'example_python_decorator' retrieved from /home/airflow/.local/lib/python3.11/site-packages/airflow/example_dags/example_python_decorator.py
[2024-11-03T16:28:13.972+0000] {logging_mixin.py:188} INFO - [2024-11-03T16:28:13.972+0000] {dag.py:3096} INFO - Sync 1 DAGs
[2024-11-03T16:28:13.985+0000] {logging_mixin.py:188} INFO - [2024-11-03T16:28:13.984+0000] {dag.py:3954} INFO - Setting next_dagrun for example_python_decorator to None, run_after=None
[2024-11-03T16:28:14.013+0000] {processor.py:183} INFO - Processing /home/airflow/.local/lib/python3.11/site-packages/airflow/example_dags/example_python_decorator.py took 0.179 seconds
