[2024-11-03T09:41:05.677+0000] {processor.py:161} INFO - Started process (PID=300) to work on /home/airflow/.local/lib/python3.11/site-packages/airflow/example_dags/example_xcomargs.py
[2024-11-03T09:41:05.678+0000] {processor.py:830} INFO - Processing file /home/airflow/.local/lib/python3.11/site-packages/airflow/example_dags/example_xcomargs.py for tasks to queue
[2024-11-03T09:41:05.681+0000] {logging_mixin.py:188} INFO - [2024-11-03T09:41:05.680+0000] {dagbag.py:545} INFO - Filling up the DagBag from /home/airflow/.local/lib/python3.11/site-packages/airflow/example_dags/example_xcomargs.py
[2024-11-03T09:41:05.692+0000] {processor.py:840} INFO - DAG(s) 'example_xcom_args_with_operators', 'example_xcom_args' retrieved from /home/airflow/.local/lib/python3.11/site-packages/airflow/example_dags/example_xcomargs.py
[2024-11-03T09:41:05.704+0000] {logging_mixin.py:188} INFO - [2024-11-03T09:41:05.704+0000] {dag.py:3096} INFO - Sync 2 DAGs
[2024-11-03T09:41:05.717+0000] {logging_mixin.py:188} INFO - [2024-11-03T09:41:05.717+0000] {dag.py:3954} INFO - Setting next_dagrun for example_xcom_args to None, run_after=None
[2024-11-03T09:41:05.721+0000] {logging_mixin.py:188} INFO - [2024-11-03T09:41:05.721+0000] {dag.py:3954} INFO - Setting next_dagrun for example_xcom_args_with_operators to None, run_after=None
[2024-11-03T09:41:05.738+0000] {processor.py:183} INFO - Processing /home/airflow/.local/lib/python3.11/site-packages/airflow/example_dags/example_xcomargs.py took 0.067 seconds
[2024-11-03T09:41:36.829+0000] {processor.py:161} INFO - Started process (PID=568) to work on /home/airflow/.local/lib/python3.11/site-packages/airflow/example_dags/example_xcomargs.py
[2024-11-03T09:41:36.829+0000] {processor.py:830} INFO - Processing file /home/airflow/.local/lib/python3.11/site-packages/airflow/example_dags/example_xcomargs.py for tasks to queue
[2024-11-03T09:41:36.831+0000] {logging_mixin.py:188} INFO - [2024-11-03T09:41:36.831+0000] {dagbag.py:545} INFO - Filling up the DagBag from /home/airflow/.local/lib/python3.11/site-packages/airflow/example_dags/example_xcomargs.py
[2024-11-03T09:41:36.839+0000] {processor.py:840} INFO - DAG(s) 'example_xcom_args', 'example_xcom_args_with_operators' retrieved from /home/airflow/.local/lib/python3.11/site-packages/airflow/example_dags/example_xcomargs.py
[2024-11-03T09:41:36.924+0000] {logging_mixin.py:188} INFO - [2024-11-03T09:41:36.924+0000] {dag.py:3096} INFO - Sync 2 DAGs
[2024-11-03T09:41:36.933+0000] {logging_mixin.py:188} INFO - [2024-11-03T09:41:36.933+0000] {dag.py:3954} INFO - Setting next_dagrun for example_xcom_args to None, run_after=None
[2024-11-03T09:41:36.936+0000] {logging_mixin.py:188} INFO - [2024-11-03T09:41:36.935+0000] {dag.py:3954} INFO - Setting next_dagrun for example_xcom_args_with_operators to None, run_after=None
[2024-11-03T09:41:36.951+0000] {processor.py:183} INFO - Processing /home/airflow/.local/lib/python3.11/site-packages/airflow/example_dags/example_xcomargs.py took 0.127 seconds
[2024-11-03T09:42:07.547+0000] {processor.py:161} INFO - Started process (PID=832) to work on /home/airflow/.local/lib/python3.11/site-packages/airflow/example_dags/example_xcomargs.py
[2024-11-03T09:42:07.548+0000] {processor.py:830} INFO - Processing file /home/airflow/.local/lib/python3.11/site-packages/airflow/example_dags/example_xcomargs.py for tasks to queue
[2024-11-03T09:42:07.550+0000] {logging_mixin.py:188} INFO - [2024-11-03T09:42:07.550+0000] {dagbag.py:545} INFO - Filling up the DagBag from /home/airflow/.local/lib/python3.11/site-packages/airflow/example_dags/example_xcomargs.py
[2024-11-03T09:42:07.559+0000] {processor.py:840} INFO - DAG(s) 'example_xcom_args_with_operators', 'example_xcom_args' retrieved from /home/airflow/.local/lib/python3.11/site-packages/airflow/example_dags/example_xcomargs.py
[2024-11-03T09:42:07.582+0000] {logging_mixin.py:188} INFO - [2024-11-03T09:42:07.582+0000] {dag.py:3096} INFO - Sync 2 DAGs
[2024-11-03T09:42:07.596+0000] {logging_mixin.py:188} INFO - [2024-11-03T09:42:07.596+0000] {dag.py:3954} INFO - Setting next_dagrun for example_xcom_args to None, run_after=None
[2024-11-03T09:42:07.600+0000] {logging_mixin.py:188} INFO - [2024-11-03T09:42:07.600+0000] {dag.py:3954} INFO - Setting next_dagrun for example_xcom_args_with_operators to None, run_after=None
[2024-11-03T09:42:07.617+0000] {processor.py:183} INFO - Processing /home/airflow/.local/lib/python3.11/site-packages/airflow/example_dags/example_xcomargs.py took 0.076 seconds
[2024-11-03T09:42:37.803+0000] {processor.py:161} INFO - Started process (PID=1098) to work on /home/airflow/.local/lib/python3.11/site-packages/airflow/example_dags/example_xcomargs.py
[2024-11-03T09:42:37.804+0000] {processor.py:830} INFO - Processing file /home/airflow/.local/lib/python3.11/site-packages/airflow/example_dags/example_xcomargs.py for tasks to queue
[2024-11-03T09:42:37.805+0000] {logging_mixin.py:188} INFO - [2024-11-03T09:42:37.805+0000] {dagbag.py:545} INFO - Filling up the DagBag from /home/airflow/.local/lib/python3.11/site-packages/airflow/example_dags/example_xcomargs.py
[2024-11-03T09:42:37.813+0000] {processor.py:840} INFO - DAG(s) 'example_xcom_args', 'example_xcom_args_with_operators' retrieved from /home/airflow/.local/lib/python3.11/site-packages/airflow/example_dags/example_xcomargs.py
[2024-11-03T09:42:37.835+0000] {logging_mixin.py:188} INFO - [2024-11-03T09:42:37.835+0000] {dag.py:3096} INFO - Sync 2 DAGs
[2024-11-03T09:42:37.846+0000] {logging_mixin.py:188} INFO - [2024-11-03T09:42:37.845+0000] {dag.py:3954} INFO - Setting next_dagrun for example_xcom_args to None, run_after=None
[2024-11-03T09:42:37.849+0000] {logging_mixin.py:188} INFO - [2024-11-03T09:42:37.849+0000] {dag.py:3954} INFO - Setting next_dagrun for example_xcom_args_with_operators to None, run_after=None
[2024-11-03T09:42:37.864+0000] {processor.py:183} INFO - Processing /home/airflow/.local/lib/python3.11/site-packages/airflow/example_dags/example_xcomargs.py took 0.067 seconds
[2024-11-03T09:43:08.192+0000] {processor.py:161} INFO - Started process (PID=1369) to work on /home/airflow/.local/lib/python3.11/site-packages/airflow/example_dags/example_xcomargs.py
[2024-11-03T09:43:08.193+0000] {processor.py:830} INFO - Processing file /home/airflow/.local/lib/python3.11/site-packages/airflow/example_dags/example_xcomargs.py for tasks to queue
[2024-11-03T09:43:08.194+0000] {logging_mixin.py:188} INFO - [2024-11-03T09:43:08.194+0000] {dagbag.py:545} INFO - Filling up the DagBag from /home/airflow/.local/lib/python3.11/site-packages/airflow/example_dags/example_xcomargs.py
[2024-11-03T09:43:08.201+0000] {processor.py:840} INFO - DAG(s) 'example_xcom_args', 'example_xcom_args_with_operators' retrieved from /home/airflow/.local/lib/python3.11/site-packages/airflow/example_dags/example_xcomargs.py
[2024-11-03T09:43:08.221+0000] {logging_mixin.py:188} INFO - [2024-11-03T09:43:08.221+0000] {dag.py:3096} INFO - Sync 2 DAGs
[2024-11-03T09:43:08.231+0000] {logging_mixin.py:188} INFO - [2024-11-03T09:43:08.231+0000] {dag.py:3954} INFO - Setting next_dagrun for example_xcom_args to None, run_after=None
[2024-11-03T09:43:08.235+0000] {logging_mixin.py:188} INFO - [2024-11-03T09:43:08.234+0000] {dag.py:3954} INFO - Setting next_dagrun for example_xcom_args_with_operators to None, run_after=None
[2024-11-03T09:43:08.250+0000] {processor.py:183} INFO - Processing /home/airflow/.local/lib/python3.11/site-packages/airflow/example_dags/example_xcomargs.py took 0.063 seconds
[2024-11-03T09:43:39.164+0000] {processor.py:161} INFO - Started process (PID=1645) to work on /home/airflow/.local/lib/python3.11/site-packages/airflow/example_dags/example_xcomargs.py
[2024-11-03T09:43:39.165+0000] {processor.py:830} INFO - Processing file /home/airflow/.local/lib/python3.11/site-packages/airflow/example_dags/example_xcomargs.py for tasks to queue
[2024-11-03T09:43:39.167+0000] {logging_mixin.py:188} INFO - [2024-11-03T09:43:39.167+0000] {dagbag.py:545} INFO - Filling up the DagBag from /home/airflow/.local/lib/python3.11/site-packages/airflow/example_dags/example_xcomargs.py
[2024-11-03T09:43:39.174+0000] {processor.py:840} INFO - DAG(s) 'example_xcom_args', 'example_xcom_args_with_operators' retrieved from /home/airflow/.local/lib/python3.11/site-packages/airflow/example_dags/example_xcomargs.py
[2024-11-03T09:43:39.193+0000] {logging_mixin.py:188} INFO - [2024-11-03T09:43:39.193+0000] {dag.py:3096} INFO - Sync 2 DAGs
[2024-11-03T09:43:39.205+0000] {logging_mixin.py:188} INFO - [2024-11-03T09:43:39.205+0000] {dag.py:3954} INFO - Setting next_dagrun for example_xcom_args to None, run_after=None
[2024-11-03T09:43:39.209+0000] {logging_mixin.py:188} INFO - [2024-11-03T09:43:39.209+0000] {dag.py:3954} INFO - Setting next_dagrun for example_xcom_args_with_operators to None, run_after=None
[2024-11-03T09:43:39.224+0000] {processor.py:183} INFO - Processing /home/airflow/.local/lib/python3.11/site-packages/airflow/example_dags/example_xcomargs.py took 0.065 seconds
[2024-11-03T09:44:09.904+0000] {processor.py:161} INFO - Started process (PID=1912) to work on /home/airflow/.local/lib/python3.11/site-packages/airflow/example_dags/example_xcomargs.py
[2024-11-03T09:44:09.905+0000] {processor.py:830} INFO - Processing file /home/airflow/.local/lib/python3.11/site-packages/airflow/example_dags/example_xcomargs.py for tasks to queue
[2024-11-03T09:44:09.907+0000] {logging_mixin.py:188} INFO - [2024-11-03T09:44:09.907+0000] {dagbag.py:545} INFO - Filling up the DagBag from /home/airflow/.local/lib/python3.11/site-packages/airflow/example_dags/example_xcomargs.py
[2024-11-03T09:44:09.914+0000] {processor.py:840} INFO - DAG(s) 'example_xcom_args', 'example_xcom_args_with_operators' retrieved from /home/airflow/.local/lib/python3.11/site-packages/airflow/example_dags/example_xcomargs.py
[2024-11-03T09:44:09.934+0000] {logging_mixin.py:188} INFO - [2024-11-03T09:44:09.933+0000] {dag.py:3096} INFO - Sync 2 DAGs
[2024-11-03T09:44:09.945+0000] {logging_mixin.py:188} INFO - [2024-11-03T09:44:09.944+0000] {dag.py:3954} INFO - Setting next_dagrun for example_xcom_args to None, run_after=None
[2024-11-03T09:44:09.948+0000] {logging_mixin.py:188} INFO - [2024-11-03T09:44:09.948+0000] {dag.py:3954} INFO - Setting next_dagrun for example_xcom_args_with_operators to None, run_after=None
[2024-11-03T09:44:09.964+0000] {processor.py:183} INFO - Processing /home/airflow/.local/lib/python3.11/site-packages/airflow/example_dags/example_xcomargs.py took 0.064 seconds
[2024-11-03T09:44:40.148+0000] {processor.py:161} INFO - Started process (PID=2204) to work on /home/airflow/.local/lib/python3.11/site-packages/airflow/example_dags/example_xcomargs.py
[2024-11-03T09:44:40.149+0000] {processor.py:830} INFO - Processing file /home/airflow/.local/lib/python3.11/site-packages/airflow/example_dags/example_xcomargs.py for tasks to queue
[2024-11-03T09:44:40.151+0000] {logging_mixin.py:188} INFO - [2024-11-03T09:44:40.150+0000] {dagbag.py:545} INFO - Filling up the DagBag from /home/airflow/.local/lib/python3.11/site-packages/airflow/example_dags/example_xcomargs.py
[2024-11-03T09:44:40.158+0000] {processor.py:840} INFO - DAG(s) 'example_xcom_args', 'example_xcom_args_with_operators' retrieved from /home/airflow/.local/lib/python3.11/site-packages/airflow/example_dags/example_xcomargs.py
[2024-11-03T09:44:40.178+0000] {logging_mixin.py:188} INFO - [2024-11-03T09:44:40.178+0000] {dag.py:3096} INFO - Sync 2 DAGs
[2024-11-03T09:44:40.192+0000] {logging_mixin.py:188} INFO - [2024-11-03T09:44:40.192+0000] {dag.py:3954} INFO - Setting next_dagrun for example_xcom_args to None, run_after=None
[2024-11-03T09:44:40.195+0000] {logging_mixin.py:188} INFO - [2024-11-03T09:44:40.195+0000] {dag.py:3954} INFO - Setting next_dagrun for example_xcom_args_with_operators to None, run_after=None
[2024-11-03T09:44:40.209+0000] {processor.py:183} INFO - Processing /home/airflow/.local/lib/python3.11/site-packages/airflow/example_dags/example_xcomargs.py took 0.066 seconds
[2024-11-03T09:45:10.287+0000] {processor.py:161} INFO - Started process (PID=2485) to work on /home/airflow/.local/lib/python3.11/site-packages/airflow/example_dags/example_xcomargs.py
[2024-11-03T09:45:10.288+0000] {processor.py:830} INFO - Processing file /home/airflow/.local/lib/python3.11/site-packages/airflow/example_dags/example_xcomargs.py for tasks to queue
[2024-11-03T09:45:10.290+0000] {logging_mixin.py:188} INFO - [2024-11-03T09:45:10.290+0000] {dagbag.py:545} INFO - Filling up the DagBag from /home/airflow/.local/lib/python3.11/site-packages/airflow/example_dags/example_xcomargs.py
[2024-11-03T09:45:10.298+0000] {processor.py:840} INFO - DAG(s) 'example_xcom_args', 'example_xcom_args_with_operators' retrieved from /home/airflow/.local/lib/python3.11/site-packages/airflow/example_dags/example_xcomargs.py
[2024-11-03T09:45:10.318+0000] {logging_mixin.py:188} INFO - [2024-11-03T09:45:10.318+0000] {dag.py:3096} INFO - Sync 2 DAGs
[2024-11-03T09:45:10.330+0000] {logging_mixin.py:188} INFO - [2024-11-03T09:45:10.330+0000] {dag.py:3954} INFO - Setting next_dagrun for example_xcom_args to None, run_after=None
[2024-11-03T09:45:10.334+0000] {logging_mixin.py:188} INFO - [2024-11-03T09:45:10.333+0000] {dag.py:3954} INFO - Setting next_dagrun for example_xcom_args_with_operators to None, run_after=None
[2024-11-03T09:45:10.350+0000] {processor.py:183} INFO - Processing /home/airflow/.local/lib/python3.11/site-packages/airflow/example_dags/example_xcomargs.py took 0.067 seconds
[2024-11-03T09:45:40.387+0000] {processor.py:161} INFO - Started process (PID=2754) to work on /home/airflow/.local/lib/python3.11/site-packages/airflow/example_dags/example_xcomargs.py
[2024-11-03T09:45:40.388+0000] {processor.py:830} INFO - Processing file /home/airflow/.local/lib/python3.11/site-packages/airflow/example_dags/example_xcomargs.py for tasks to queue
[2024-11-03T09:45:40.390+0000] {logging_mixin.py:188} INFO - [2024-11-03T09:45:40.390+0000] {dagbag.py:545} INFO - Filling up the DagBag from /home/airflow/.local/lib/python3.11/site-packages/airflow/example_dags/example_xcomargs.py
[2024-11-03T09:45:40.397+0000] {processor.py:840} INFO - DAG(s) 'example_xcom_args_with_operators', 'example_xcom_args' retrieved from /home/airflow/.local/lib/python3.11/site-packages/airflow/example_dags/example_xcomargs.py
[2024-11-03T09:45:40.416+0000] {logging_mixin.py:188} INFO - [2024-11-03T09:45:40.416+0000] {dag.py:3096} INFO - Sync 2 DAGs
[2024-11-03T09:45:40.426+0000] {logging_mixin.py:188} INFO - [2024-11-03T09:45:40.426+0000] {dag.py:3954} INFO - Setting next_dagrun for example_xcom_args to None, run_after=None
[2024-11-03T09:45:40.430+0000] {logging_mixin.py:188} INFO - [2024-11-03T09:45:40.430+0000] {dag.py:3954} INFO - Setting next_dagrun for example_xcom_args_with_operators to None, run_after=None
[2024-11-03T09:45:40.444+0000] {processor.py:183} INFO - Processing /home/airflow/.local/lib/python3.11/site-packages/airflow/example_dags/example_xcomargs.py took 0.063 seconds
[2024-11-03T09:46:11.425+0000] {processor.py:161} INFO - Started process (PID=3030) to work on /home/airflow/.local/lib/python3.11/site-packages/airflow/example_dags/example_xcomargs.py
[2024-11-03T09:46:11.426+0000] {processor.py:830} INFO - Processing file /home/airflow/.local/lib/python3.11/site-packages/airflow/example_dags/example_xcomargs.py for tasks to queue
[2024-11-03T09:46:11.427+0000] {logging_mixin.py:188} INFO - [2024-11-03T09:46:11.427+0000] {dagbag.py:545} INFO - Filling up the DagBag from /home/airflow/.local/lib/python3.11/site-packages/airflow/example_dags/example_xcomargs.py
[2024-11-03T09:46:11.434+0000] {processor.py:840} INFO - DAG(s) 'example_xcom_args_with_operators', 'example_xcom_args' retrieved from /home/airflow/.local/lib/python3.11/site-packages/airflow/example_dags/example_xcomargs.py
[2024-11-03T09:46:11.455+0000] {logging_mixin.py:188} INFO - [2024-11-03T09:46:11.455+0000] {dag.py:3096} INFO - Sync 2 DAGs
[2024-11-03T09:46:11.466+0000] {logging_mixin.py:188} INFO - [2024-11-03T09:46:11.466+0000] {dag.py:3954} INFO - Setting next_dagrun for example_xcom_args to None, run_after=None
[2024-11-03T09:46:11.471+0000] {logging_mixin.py:188} INFO - [2024-11-03T09:46:11.471+0000] {dag.py:3954} INFO - Setting next_dagrun for example_xcom_args_with_operators to None, run_after=None
[2024-11-03T09:46:11.489+0000] {processor.py:183} INFO - Processing /home/airflow/.local/lib/python3.11/site-packages/airflow/example_dags/example_xcomargs.py took 0.071 seconds
[2024-11-03T09:46:41.579+0000] {processor.py:161} INFO - Started process (PID=3326) to work on /home/airflow/.local/lib/python3.11/site-packages/airflow/example_dags/example_xcomargs.py
[2024-11-03T09:46:41.580+0000] {processor.py:830} INFO - Processing file /home/airflow/.local/lib/python3.11/site-packages/airflow/example_dags/example_xcomargs.py for tasks to queue
[2024-11-03T09:46:41.581+0000] {logging_mixin.py:188} INFO - [2024-11-03T09:46:41.580+0000] {dagbag.py:545} INFO - Filling up the DagBag from /home/airflow/.local/lib/python3.11/site-packages/airflow/example_dags/example_xcomargs.py
[2024-11-03T09:46:41.588+0000] {processor.py:840} INFO - DAG(s) 'example_xcom_args_with_operators', 'example_xcom_args' retrieved from /home/airflow/.local/lib/python3.11/site-packages/airflow/example_dags/example_xcomargs.py
[2024-11-03T09:46:41.610+0000] {logging_mixin.py:188} INFO - [2024-11-03T09:46:41.610+0000] {dag.py:3096} INFO - Sync 2 DAGs
[2024-11-03T09:46:41.624+0000] {logging_mixin.py:188} INFO - [2024-11-03T09:46:41.623+0000] {dag.py:3954} INFO - Setting next_dagrun for example_xcom_args to None, run_after=None
[2024-11-03T09:46:41.628+0000] {logging_mixin.py:188} INFO - [2024-11-03T09:46:41.628+0000] {dag.py:3954} INFO - Setting next_dagrun for example_xcom_args_with_operators to None, run_after=None
[2024-11-03T09:46:41.649+0000] {processor.py:183} INFO - Processing /home/airflow/.local/lib/python3.11/site-packages/airflow/example_dags/example_xcomargs.py took 0.075 seconds
[2024-11-03T09:47:12.690+0000] {processor.py:161} INFO - Started process (PID=3594) to work on /home/airflow/.local/lib/python3.11/site-packages/airflow/example_dags/example_xcomargs.py
[2024-11-03T09:47:12.691+0000] {processor.py:830} INFO - Processing file /home/airflow/.local/lib/python3.11/site-packages/airflow/example_dags/example_xcomargs.py for tasks to queue
[2024-11-03T09:47:12.692+0000] {logging_mixin.py:188} INFO - [2024-11-03T09:47:12.692+0000] {dagbag.py:545} INFO - Filling up the DagBag from /home/airflow/.local/lib/python3.11/site-packages/airflow/example_dags/example_xcomargs.py
[2024-11-03T09:47:12.702+0000] {processor.py:840} INFO - DAG(s) 'example_xcom_args', 'example_xcom_args_with_operators' retrieved from /home/airflow/.local/lib/python3.11/site-packages/airflow/example_dags/example_xcomargs.py
[2024-11-03T09:47:12.725+0000] {logging_mixin.py:188} INFO - [2024-11-03T09:47:12.725+0000] {dag.py:3096} INFO - Sync 2 DAGs
[2024-11-03T09:47:12.736+0000] {logging_mixin.py:188} INFO - [2024-11-03T09:47:12.736+0000] {dag.py:3954} INFO - Setting next_dagrun for example_xcom_args to None, run_after=None
[2024-11-03T09:47:12.740+0000] {logging_mixin.py:188} INFO - [2024-11-03T09:47:12.740+0000] {dag.py:3954} INFO - Setting next_dagrun for example_xcom_args_with_operators to None, run_after=None
[2024-11-03T09:47:12.755+0000] {processor.py:183} INFO - Processing /home/airflow/.local/lib/python3.11/site-packages/airflow/example_dags/example_xcomargs.py took 0.069 seconds
[2024-11-03T09:47:43.697+0000] {processor.py:161} INFO - Started process (PID=3860) to work on /home/airflow/.local/lib/python3.11/site-packages/airflow/example_dags/example_xcomargs.py
[2024-11-03T09:47:43.698+0000] {processor.py:830} INFO - Processing file /home/airflow/.local/lib/python3.11/site-packages/airflow/example_dags/example_xcomargs.py for tasks to queue
[2024-11-03T09:47:43.699+0000] {logging_mixin.py:188} INFO - [2024-11-03T09:47:43.699+0000] {dagbag.py:545} INFO - Filling up the DagBag from /home/airflow/.local/lib/python3.11/site-packages/airflow/example_dags/example_xcomargs.py
[2024-11-03T09:47:43.706+0000] {processor.py:840} INFO - DAG(s) 'example_xcom_args', 'example_xcom_args_with_operators' retrieved from /home/airflow/.local/lib/python3.11/site-packages/airflow/example_dags/example_xcomargs.py
[2024-11-03T09:47:43.725+0000] {logging_mixin.py:188} INFO - [2024-11-03T09:47:43.725+0000] {dag.py:3096} INFO - Sync 2 DAGs
[2024-11-03T09:47:43.741+0000] {logging_mixin.py:188} INFO - [2024-11-03T09:47:43.741+0000] {dag.py:3954} INFO - Setting next_dagrun for example_xcom_args to None, run_after=None
[2024-11-03T09:47:43.744+0000] {logging_mixin.py:188} INFO - [2024-11-03T09:47:43.744+0000] {dag.py:3954} INFO - Setting next_dagrun for example_xcom_args_with_operators to None, run_after=None
[2024-11-03T09:47:43.760+0000] {processor.py:183} INFO - Processing /home/airflow/.local/lib/python3.11/site-packages/airflow/example_dags/example_xcomargs.py took 0.067 seconds
[2024-11-03T09:48:13.960+0000] {processor.py:161} INFO - Started process (PID=4131) to work on /home/airflow/.local/lib/python3.11/site-packages/airflow/example_dags/example_xcomargs.py
[2024-11-03T09:48:13.960+0000] {processor.py:830} INFO - Processing file /home/airflow/.local/lib/python3.11/site-packages/airflow/example_dags/example_xcomargs.py for tasks to queue
[2024-11-03T09:48:13.961+0000] {logging_mixin.py:188} INFO - [2024-11-03T09:48:13.961+0000] {dagbag.py:545} INFO - Filling up the DagBag from /home/airflow/.local/lib/python3.11/site-packages/airflow/example_dags/example_xcomargs.py
[2024-11-03T09:48:13.968+0000] {processor.py:840} INFO - DAG(s) 'example_xcom_args', 'example_xcom_args_with_operators' retrieved from /home/airflow/.local/lib/python3.11/site-packages/airflow/example_dags/example_xcomargs.py
[2024-11-03T09:48:13.989+0000] {logging_mixin.py:188} INFO - [2024-11-03T09:48:13.988+0000] {dag.py:3096} INFO - Sync 2 DAGs
[2024-11-03T09:48:13.999+0000] {logging_mixin.py:188} INFO - [2024-11-03T09:48:13.999+0000] {dag.py:3954} INFO - Setting next_dagrun for example_xcom_args to None, run_after=None
[2024-11-03T09:48:14.003+0000] {logging_mixin.py:188} INFO - [2024-11-03T09:48:14.002+0000] {dag.py:3954} INFO - Setting next_dagrun for example_xcom_args_with_operators to None, run_after=None
[2024-11-03T09:48:14.018+0000] {processor.py:183} INFO - Processing /home/airflow/.local/lib/python3.11/site-packages/airflow/example_dags/example_xcomargs.py took 0.063 seconds
[2024-11-03T09:48:44.916+0000] {processor.py:161} INFO - Started process (PID=4402) to work on /home/airflow/.local/lib/python3.11/site-packages/airflow/example_dags/example_xcomargs.py
[2024-11-03T09:48:44.917+0000] {processor.py:830} INFO - Processing file /home/airflow/.local/lib/python3.11/site-packages/airflow/example_dags/example_xcomargs.py for tasks to queue
[2024-11-03T09:48:44.918+0000] {logging_mixin.py:188} INFO - [2024-11-03T09:48:44.918+0000] {dagbag.py:545} INFO - Filling up the DagBag from /home/airflow/.local/lib/python3.11/site-packages/airflow/example_dags/example_xcomargs.py
[2024-11-03T09:48:44.928+0000] {processor.py:840} INFO - DAG(s) 'example_xcom_args_with_operators', 'example_xcom_args' retrieved from /home/airflow/.local/lib/python3.11/site-packages/airflow/example_dags/example_xcomargs.py
[2024-11-03T09:48:44.956+0000] {logging_mixin.py:188} INFO - [2024-11-03T09:48:44.956+0000] {dag.py:3096} INFO - Sync 2 DAGs
[2024-11-03T09:48:44.971+0000] {logging_mixin.py:188} INFO - [2024-11-03T09:48:44.971+0000] {dag.py:3954} INFO - Setting next_dagrun for example_xcom_args to None, run_after=None
[2024-11-03T09:48:44.976+0000] {logging_mixin.py:188} INFO - [2024-11-03T09:48:44.975+0000] {dag.py:3954} INFO - Setting next_dagrun for example_xcom_args_with_operators to None, run_after=None
[2024-11-03T09:48:45.001+0000] {processor.py:183} INFO - Processing /home/airflow/.local/lib/python3.11/site-packages/airflow/example_dags/example_xcomargs.py took 0.090 seconds
[2024-11-03T09:49:15.731+0000] {processor.py:161} INFO - Started process (PID=4686) to work on /home/airflow/.local/lib/python3.11/site-packages/airflow/example_dags/example_xcomargs.py
[2024-11-03T09:49:15.732+0000] {processor.py:830} INFO - Processing file /home/airflow/.local/lib/python3.11/site-packages/airflow/example_dags/example_xcomargs.py for tasks to queue
[2024-11-03T09:49:15.733+0000] {logging_mixin.py:188} INFO - [2024-11-03T09:49:15.733+0000] {dagbag.py:545} INFO - Filling up the DagBag from /home/airflow/.local/lib/python3.11/site-packages/airflow/example_dags/example_xcomargs.py
[2024-11-03T09:49:15.741+0000] {processor.py:840} INFO - DAG(s) 'example_xcom_args', 'example_xcom_args_with_operators' retrieved from /home/airflow/.local/lib/python3.11/site-packages/airflow/example_dags/example_xcomargs.py
[2024-11-03T09:49:15.762+0000] {logging_mixin.py:188} INFO - [2024-11-03T09:49:15.762+0000] {dag.py:3096} INFO - Sync 2 DAGs
[2024-11-03T09:49:15.772+0000] {logging_mixin.py:188} INFO - [2024-11-03T09:49:15.772+0000] {dag.py:3954} INFO - Setting next_dagrun for example_xcom_args to None, run_after=None
[2024-11-03T09:49:15.775+0000] {logging_mixin.py:188} INFO - [2024-11-03T09:49:15.775+0000] {dag.py:3954} INFO - Setting next_dagrun for example_xcom_args_with_operators to None, run_after=None
[2024-11-03T09:49:15.793+0000] {processor.py:183} INFO - Processing /home/airflow/.local/lib/python3.11/site-packages/airflow/example_dags/example_xcomargs.py took 0.066 seconds
[2024-11-03T09:49:45.871+0000] {processor.py:161} INFO - Started process (PID=4952) to work on /home/airflow/.local/lib/python3.11/site-packages/airflow/example_dags/example_xcomargs.py
[2024-11-03T09:49:45.872+0000] {processor.py:830} INFO - Processing file /home/airflow/.local/lib/python3.11/site-packages/airflow/example_dags/example_xcomargs.py for tasks to queue
[2024-11-03T09:49:45.873+0000] {logging_mixin.py:188} INFO - [2024-11-03T09:49:45.873+0000] {dagbag.py:545} INFO - Filling up the DagBag from /home/airflow/.local/lib/python3.11/site-packages/airflow/example_dags/example_xcomargs.py
[2024-11-03T09:49:45.881+0000] {processor.py:840} INFO - DAG(s) 'example_xcom_args', 'example_xcom_args_with_operators' retrieved from /home/airflow/.local/lib/python3.11/site-packages/airflow/example_dags/example_xcomargs.py
[2024-11-03T09:49:45.902+0000] {logging_mixin.py:188} INFO - [2024-11-03T09:49:45.902+0000] {dag.py:3096} INFO - Sync 2 DAGs
[2024-11-03T09:49:45.917+0000] {logging_mixin.py:188} INFO - [2024-11-03T09:49:45.917+0000] {dag.py:3954} INFO - Setting next_dagrun for example_xcom_args to None, run_after=None
[2024-11-03T09:49:45.922+0000] {logging_mixin.py:188} INFO - [2024-11-03T09:49:45.922+0000] {dag.py:3954} INFO - Setting next_dagrun for example_xcom_args_with_operators to None, run_after=None
[2024-11-03T09:49:45.940+0000] {processor.py:183} INFO - Processing /home/airflow/.local/lib/python3.11/site-packages/airflow/example_dags/example_xcomargs.py took 0.074 seconds
[2024-11-03T09:50:16.163+0000] {processor.py:161} INFO - Started process (PID=5218) to work on /home/airflow/.local/lib/python3.11/site-packages/airflow/example_dags/example_xcomargs.py
[2024-11-03T09:50:16.164+0000] {processor.py:830} INFO - Processing file /home/airflow/.local/lib/python3.11/site-packages/airflow/example_dags/example_xcomargs.py for tasks to queue
[2024-11-03T09:50:16.165+0000] {logging_mixin.py:188} INFO - [2024-11-03T09:50:16.165+0000] {dagbag.py:545} INFO - Filling up the DagBag from /home/airflow/.local/lib/python3.11/site-packages/airflow/example_dags/example_xcomargs.py
[2024-11-03T09:50:16.173+0000] {processor.py:840} INFO - DAG(s) 'example_xcom_args_with_operators', 'example_xcom_args' retrieved from /home/airflow/.local/lib/python3.11/site-packages/airflow/example_dags/example_xcomargs.py
[2024-11-03T09:50:16.195+0000] {logging_mixin.py:188} INFO - [2024-11-03T09:50:16.195+0000] {dag.py:3096} INFO - Sync 2 DAGs
[2024-11-03T09:50:16.207+0000] {logging_mixin.py:188} INFO - [2024-11-03T09:50:16.207+0000] {dag.py:3954} INFO - Setting next_dagrun for example_xcom_args to None, run_after=None
[2024-11-03T09:50:16.211+0000] {logging_mixin.py:188} INFO - [2024-11-03T09:50:16.210+0000] {dag.py:3954} INFO - Setting next_dagrun for example_xcom_args_with_operators to None, run_after=None
[2024-11-03T09:50:16.226+0000] {processor.py:183} INFO - Processing /home/airflow/.local/lib/python3.11/site-packages/airflow/example_dags/example_xcomargs.py took 0.069 seconds
[2024-11-03T09:50:46.274+0000] {processor.py:161} INFO - Started process (PID=5482) to work on /home/airflow/.local/lib/python3.11/site-packages/airflow/example_dags/example_xcomargs.py
[2024-11-03T09:50:46.275+0000] {processor.py:830} INFO - Processing file /home/airflow/.local/lib/python3.11/site-packages/airflow/example_dags/example_xcomargs.py for tasks to queue
[2024-11-03T09:50:46.276+0000] {logging_mixin.py:188} INFO - [2024-11-03T09:50:46.276+0000] {dagbag.py:545} INFO - Filling up the DagBag from /home/airflow/.local/lib/python3.11/site-packages/airflow/example_dags/example_xcomargs.py
[2024-11-03T09:50:46.284+0000] {processor.py:840} INFO - DAG(s) 'example_xcom_args', 'example_xcom_args_with_operators' retrieved from /home/airflow/.local/lib/python3.11/site-packages/airflow/example_dags/example_xcomargs.py
[2024-11-03T09:50:46.304+0000] {logging_mixin.py:188} INFO - [2024-11-03T09:50:46.304+0000] {dag.py:3096} INFO - Sync 2 DAGs
[2024-11-03T09:50:46.316+0000] {logging_mixin.py:188} INFO - [2024-11-03T09:50:46.316+0000] {dag.py:3954} INFO - Setting next_dagrun for example_xcom_args to None, run_after=None
[2024-11-03T09:50:46.320+0000] {logging_mixin.py:188} INFO - [2024-11-03T09:50:46.319+0000] {dag.py:3954} INFO - Setting next_dagrun for example_xcom_args_with_operators to None, run_after=None
[2024-11-03T09:50:46.335+0000] {processor.py:183} INFO - Processing /home/airflow/.local/lib/python3.11/site-packages/airflow/example_dags/example_xcomargs.py took 0.066 seconds
[2024-11-03T09:51:17.018+0000] {processor.py:161} INFO - Started process (PID=5748) to work on /home/airflow/.local/lib/python3.11/site-packages/airflow/example_dags/example_xcomargs.py
[2024-11-03T09:51:17.019+0000] {processor.py:830} INFO - Processing file /home/airflow/.local/lib/python3.11/site-packages/airflow/example_dags/example_xcomargs.py for tasks to queue
[2024-11-03T09:51:17.020+0000] {logging_mixin.py:188} INFO - [2024-11-03T09:51:17.019+0000] {dagbag.py:545} INFO - Filling up the DagBag from /home/airflow/.local/lib/python3.11/site-packages/airflow/example_dags/example_xcomargs.py
[2024-11-03T09:51:17.028+0000] {processor.py:840} INFO - DAG(s) 'example_xcom_args_with_operators', 'example_xcom_args' retrieved from /home/airflow/.local/lib/python3.11/site-packages/airflow/example_dags/example_xcomargs.py
[2024-11-03T09:51:17.048+0000] {logging_mixin.py:188} INFO - [2024-11-03T09:51:17.048+0000] {dag.py:3096} INFO - Sync 2 DAGs
[2024-11-03T09:51:17.058+0000] {logging_mixin.py:188} INFO - [2024-11-03T09:51:17.058+0000] {dag.py:3954} INFO - Setting next_dagrun for example_xcom_args to None, run_after=None
[2024-11-03T09:51:17.061+0000] {logging_mixin.py:188} INFO - [2024-11-03T09:51:17.061+0000] {dag.py:3954} INFO - Setting next_dagrun for example_xcom_args_with_operators to None, run_after=None
[2024-11-03T09:51:17.074+0000] {processor.py:183} INFO - Processing /home/airflow/.local/lib/python3.11/site-packages/airflow/example_dags/example_xcomargs.py took 0.062 seconds
[2024-11-03T09:51:47.791+0000] {processor.py:161} INFO - Started process (PID=6014) to work on /home/airflow/.local/lib/python3.11/site-packages/airflow/example_dags/example_xcomargs.py
[2024-11-03T09:51:47.792+0000] {processor.py:830} INFO - Processing file /home/airflow/.local/lib/python3.11/site-packages/airflow/example_dags/example_xcomargs.py for tasks to queue
[2024-11-03T09:51:47.793+0000] {logging_mixin.py:188} INFO - [2024-11-03T09:51:47.792+0000] {dagbag.py:545} INFO - Filling up the DagBag from /home/airflow/.local/lib/python3.11/site-packages/airflow/example_dags/example_xcomargs.py
[2024-11-03T09:51:47.801+0000] {processor.py:840} INFO - DAG(s) 'example_xcom_args_with_operators', 'example_xcom_args' retrieved from /home/airflow/.local/lib/python3.11/site-packages/airflow/example_dags/example_xcomargs.py
[2024-11-03T09:51:47.826+0000] {logging_mixin.py:188} INFO - [2024-11-03T09:51:47.826+0000] {dag.py:3096} INFO - Sync 2 DAGs
[2024-11-03T09:51:47.837+0000] {logging_mixin.py:188} INFO - [2024-11-03T09:51:47.837+0000] {dag.py:3954} INFO - Setting next_dagrun for example_xcom_args to None, run_after=None
[2024-11-03T09:51:47.841+0000] {logging_mixin.py:188} INFO - [2024-11-03T09:51:47.841+0000] {dag.py:3954} INFO - Setting next_dagrun for example_xcom_args_with_operators to None, run_after=None
[2024-11-03T09:51:47.858+0000] {processor.py:183} INFO - Processing /home/airflow/.local/lib/python3.11/site-packages/airflow/example_dags/example_xcomargs.py took 0.073 seconds
[2024-11-03T09:52:18.509+0000] {processor.py:161} INFO - Started process (PID=6280) to work on /home/airflow/.local/lib/python3.11/site-packages/airflow/example_dags/example_xcomargs.py
[2024-11-03T09:52:18.510+0000] {processor.py:830} INFO - Processing file /home/airflow/.local/lib/python3.11/site-packages/airflow/example_dags/example_xcomargs.py for tasks to queue
[2024-11-03T09:52:18.511+0000] {logging_mixin.py:188} INFO - [2024-11-03T09:52:18.511+0000] {dagbag.py:545} INFO - Filling up the DagBag from /home/airflow/.local/lib/python3.11/site-packages/airflow/example_dags/example_xcomargs.py
[2024-11-03T09:52:18.519+0000] {processor.py:840} INFO - DAG(s) 'example_xcom_args_with_operators', 'example_xcom_args' retrieved from /home/airflow/.local/lib/python3.11/site-packages/airflow/example_dags/example_xcomargs.py
[2024-11-03T09:52:18.542+0000] {logging_mixin.py:188} INFO - [2024-11-03T09:52:18.542+0000] {dag.py:3096} INFO - Sync 2 DAGs
[2024-11-03T09:52:18.553+0000] {logging_mixin.py:188} INFO - [2024-11-03T09:52:18.553+0000] {dag.py:3954} INFO - Setting next_dagrun for example_xcom_args to None, run_after=None
[2024-11-03T09:52:18.556+0000] {logging_mixin.py:188} INFO - [2024-11-03T09:52:18.556+0000] {dag.py:3954} INFO - Setting next_dagrun for example_xcom_args_with_operators to None, run_after=None
[2024-11-03T09:52:18.572+0000] {processor.py:183} INFO - Processing /home/airflow/.local/lib/python3.11/site-packages/airflow/example_dags/example_xcomargs.py took 0.069 seconds
[2024-11-03T09:52:48.791+0000] {processor.py:161} INFO - Started process (PID=6548) to work on /home/airflow/.local/lib/python3.11/site-packages/airflow/example_dags/example_xcomargs.py
[2024-11-03T09:52:48.792+0000] {processor.py:830} INFO - Processing file /home/airflow/.local/lib/python3.11/site-packages/airflow/example_dags/example_xcomargs.py for tasks to queue
[2024-11-03T09:52:48.793+0000] {logging_mixin.py:188} INFO - [2024-11-03T09:52:48.793+0000] {dagbag.py:545} INFO - Filling up the DagBag from /home/airflow/.local/lib/python3.11/site-packages/airflow/example_dags/example_xcomargs.py
[2024-11-03T09:52:48.801+0000] {processor.py:840} INFO - DAG(s) 'example_xcom_args_with_operators', 'example_xcom_args' retrieved from /home/airflow/.local/lib/python3.11/site-packages/airflow/example_dags/example_xcomargs.py
[2024-11-03T09:52:48.824+0000] {logging_mixin.py:188} INFO - [2024-11-03T09:52:48.824+0000] {dag.py:3096} INFO - Sync 2 DAGs
[2024-11-03T09:52:48.838+0000] {logging_mixin.py:188} INFO - [2024-11-03T09:52:48.838+0000] {dag.py:3954} INFO - Setting next_dagrun for example_xcom_args to None, run_after=None
[2024-11-03T09:52:48.844+0000] {logging_mixin.py:188} INFO - [2024-11-03T09:52:48.843+0000] {dag.py:3954} INFO - Setting next_dagrun for example_xcom_args_with_operators to None, run_after=None
[2024-11-03T09:52:48.877+0000] {processor.py:183} INFO - Processing /home/airflow/.local/lib/python3.11/site-packages/airflow/example_dags/example_xcomargs.py took 0.092 seconds
[2024-11-03T09:53:19.000+0000] {processor.py:161} INFO - Started process (PID=6812) to work on /home/airflow/.local/lib/python3.11/site-packages/airflow/example_dags/example_xcomargs.py
[2024-11-03T09:53:19.001+0000] {processor.py:830} INFO - Processing file /home/airflow/.local/lib/python3.11/site-packages/airflow/example_dags/example_xcomargs.py for tasks to queue
[2024-11-03T09:53:19.002+0000] {logging_mixin.py:188} INFO - [2024-11-03T09:53:19.002+0000] {dagbag.py:545} INFO - Filling up the DagBag from /home/airflow/.local/lib/python3.11/site-packages/airflow/example_dags/example_xcomargs.py
[2024-11-03T09:53:19.009+0000] {processor.py:840} INFO - DAG(s) 'example_xcom_args_with_operators', 'example_xcom_args' retrieved from /home/airflow/.local/lib/python3.11/site-packages/airflow/example_dags/example_xcomargs.py
[2024-11-03T09:53:19.028+0000] {logging_mixin.py:188} INFO - [2024-11-03T09:53:19.028+0000] {dag.py:3096} INFO - Sync 2 DAGs
[2024-11-03T09:53:19.038+0000] {logging_mixin.py:188} INFO - [2024-11-03T09:53:19.038+0000] {dag.py:3954} INFO - Setting next_dagrun for example_xcom_args to None, run_after=None
[2024-11-03T09:53:19.042+0000] {logging_mixin.py:188} INFO - [2024-11-03T09:53:19.042+0000] {dag.py:3954} INFO - Setting next_dagrun for example_xcom_args_with_operators to None, run_after=None
[2024-11-03T09:53:19.057+0000] {processor.py:183} INFO - Processing /home/airflow/.local/lib/python3.11/site-packages/airflow/example_dags/example_xcomargs.py took 0.062 seconds
[2024-11-03T09:53:49.243+0000] {processor.py:161} INFO - Started process (PID=7100) to work on /home/airflow/.local/lib/python3.11/site-packages/airflow/example_dags/example_xcomargs.py
[2024-11-03T09:53:49.244+0000] {processor.py:830} INFO - Processing file /home/airflow/.local/lib/python3.11/site-packages/airflow/example_dags/example_xcomargs.py for tasks to queue
[2024-11-03T09:53:49.245+0000] {logging_mixin.py:188} INFO - [2024-11-03T09:53:49.244+0000] {dagbag.py:545} INFO - Filling up the DagBag from /home/airflow/.local/lib/python3.11/site-packages/airflow/example_dags/example_xcomargs.py
[2024-11-03T09:53:49.252+0000] {processor.py:840} INFO - DAG(s) 'example_xcom_args', 'example_xcom_args_with_operators' retrieved from /home/airflow/.local/lib/python3.11/site-packages/airflow/example_dags/example_xcomargs.py
[2024-11-03T09:53:49.272+0000] {logging_mixin.py:188} INFO - [2024-11-03T09:53:49.271+0000] {dag.py:3096} INFO - Sync 2 DAGs
[2024-11-03T09:53:49.281+0000] {logging_mixin.py:188} INFO - [2024-11-03T09:53:49.281+0000] {dag.py:3954} INFO - Setting next_dagrun for example_xcom_args to None, run_after=None
[2024-11-03T09:53:49.284+0000] {logging_mixin.py:188} INFO - [2024-11-03T09:53:49.284+0000] {dag.py:3954} INFO - Setting next_dagrun for example_xcom_args_with_operators to None, run_after=None
[2024-11-03T09:53:49.298+0000] {processor.py:183} INFO - Processing /home/airflow/.local/lib/python3.11/site-packages/airflow/example_dags/example_xcomargs.py took 0.061 seconds
[2024-11-03T09:54:19.501+0000] {processor.py:161} INFO - Started process (PID=7364) to work on /home/airflow/.local/lib/python3.11/site-packages/airflow/example_dags/example_xcomargs.py
[2024-11-03T09:54:19.502+0000] {processor.py:830} INFO - Processing file /home/airflow/.local/lib/python3.11/site-packages/airflow/example_dags/example_xcomargs.py for tasks to queue
[2024-11-03T09:54:19.503+0000] {logging_mixin.py:188} INFO - [2024-11-03T09:54:19.503+0000] {dagbag.py:545} INFO - Filling up the DagBag from /home/airflow/.local/lib/python3.11/site-packages/airflow/example_dags/example_xcomargs.py
[2024-11-03T09:54:19.511+0000] {processor.py:840} INFO - DAG(s) 'example_xcom_args', 'example_xcom_args_with_operators' retrieved from /home/airflow/.local/lib/python3.11/site-packages/airflow/example_dags/example_xcomargs.py
[2024-11-03T09:54:19.532+0000] {logging_mixin.py:188} INFO - [2024-11-03T09:54:19.532+0000] {dag.py:3096} INFO - Sync 2 DAGs
[2024-11-03T09:54:19.543+0000] {logging_mixin.py:188} INFO - [2024-11-03T09:54:19.543+0000] {dag.py:3954} INFO - Setting next_dagrun for example_xcom_args to None, run_after=None
[2024-11-03T09:54:19.546+0000] {logging_mixin.py:188} INFO - [2024-11-03T09:54:19.546+0000] {dag.py:3954} INFO - Setting next_dagrun for example_xcom_args_with_operators to None, run_after=None
[2024-11-03T09:54:19.563+0000] {processor.py:183} INFO - Processing /home/airflow/.local/lib/python3.11/site-packages/airflow/example_dags/example_xcomargs.py took 0.067 seconds
[2024-11-03T09:54:50.158+0000] {processor.py:161} INFO - Started process (PID=7630) to work on /home/airflow/.local/lib/python3.11/site-packages/airflow/example_dags/example_xcomargs.py
[2024-11-03T09:54:50.160+0000] {processor.py:830} INFO - Processing file /home/airflow/.local/lib/python3.11/site-packages/airflow/example_dags/example_xcomargs.py for tasks to queue
[2024-11-03T09:54:50.161+0000] {logging_mixin.py:188} INFO - [2024-11-03T09:54:50.161+0000] {dagbag.py:545} INFO - Filling up the DagBag from /home/airflow/.local/lib/python3.11/site-packages/airflow/example_dags/example_xcomargs.py
[2024-11-03T09:54:50.174+0000] {processor.py:840} INFO - DAG(s) 'example_xcom_args_with_operators', 'example_xcom_args' retrieved from /home/airflow/.local/lib/python3.11/site-packages/airflow/example_dags/example_xcomargs.py
[2024-11-03T09:54:50.203+0000] {logging_mixin.py:188} INFO - [2024-11-03T09:54:50.202+0000] {dag.py:3096} INFO - Sync 2 DAGs
[2024-11-03T09:54:50.213+0000] {logging_mixin.py:188} INFO - [2024-11-03T09:54:50.212+0000] {dag.py:3954} INFO - Setting next_dagrun for example_xcom_args to None, run_after=None
[2024-11-03T09:54:50.216+0000] {logging_mixin.py:188} INFO - [2024-11-03T09:54:50.216+0000] {dag.py:3954} INFO - Setting next_dagrun for example_xcom_args_with_operators to None, run_after=None
[2024-11-03T09:54:50.233+0000] {processor.py:183} INFO - Processing /home/airflow/.local/lib/python3.11/site-packages/airflow/example_dags/example_xcomargs.py took 0.082 seconds
[2024-11-03T09:55:20.556+0000] {processor.py:161} INFO - Started process (PID=7896) to work on /home/airflow/.local/lib/python3.11/site-packages/airflow/example_dags/example_xcomargs.py
[2024-11-03T09:55:20.556+0000] {processor.py:830} INFO - Processing file /home/airflow/.local/lib/python3.11/site-packages/airflow/example_dags/example_xcomargs.py for tasks to queue
[2024-11-03T09:55:20.557+0000] {logging_mixin.py:188} INFO - [2024-11-03T09:55:20.557+0000] {dagbag.py:545} INFO - Filling up the DagBag from /home/airflow/.local/lib/python3.11/site-packages/airflow/example_dags/example_xcomargs.py
[2024-11-03T09:55:20.564+0000] {processor.py:840} INFO - DAG(s) 'example_xcom_args_with_operators', 'example_xcom_args' retrieved from /home/airflow/.local/lib/python3.11/site-packages/airflow/example_dags/example_xcomargs.py
[2024-11-03T09:55:20.585+0000] {logging_mixin.py:188} INFO - [2024-11-03T09:55:20.584+0000] {dag.py:3096} INFO - Sync 2 DAGs
[2024-11-03T09:55:20.595+0000] {logging_mixin.py:188} INFO - [2024-11-03T09:55:20.595+0000] {dag.py:3954} INFO - Setting next_dagrun for example_xcom_args to None, run_after=None
[2024-11-03T09:55:20.599+0000] {logging_mixin.py:188} INFO - [2024-11-03T09:55:20.599+0000] {dag.py:3954} INFO - Setting next_dagrun for example_xcom_args_with_operators to None, run_after=None
[2024-11-03T09:55:20.615+0000] {processor.py:183} INFO - Processing /home/airflow/.local/lib/python3.11/site-packages/airflow/example_dags/example_xcomargs.py took 0.064 seconds
[2024-11-03T09:55:51.272+0000] {processor.py:161} INFO - Started process (PID=8164) to work on /home/airflow/.local/lib/python3.11/site-packages/airflow/example_dags/example_xcomargs.py
[2024-11-03T09:55:51.273+0000] {processor.py:830} INFO - Processing file /home/airflow/.local/lib/python3.11/site-packages/airflow/example_dags/example_xcomargs.py for tasks to queue
[2024-11-03T09:55:51.274+0000] {logging_mixin.py:188} INFO - [2024-11-03T09:55:51.273+0000] {dagbag.py:545} INFO - Filling up the DagBag from /home/airflow/.local/lib/python3.11/site-packages/airflow/example_dags/example_xcomargs.py
[2024-11-03T09:55:51.281+0000] {processor.py:840} INFO - DAG(s) 'example_xcom_args', 'example_xcom_args_with_operators' retrieved from /home/airflow/.local/lib/python3.11/site-packages/airflow/example_dags/example_xcomargs.py
[2024-11-03T09:55:51.301+0000] {logging_mixin.py:188} INFO - [2024-11-03T09:55:51.301+0000] {dag.py:3096} INFO - Sync 2 DAGs
[2024-11-03T09:55:51.313+0000] {logging_mixin.py:188} INFO - [2024-11-03T09:55:51.313+0000] {dag.py:3954} INFO - Setting next_dagrun for example_xcom_args to None, run_after=None
[2024-11-03T09:55:51.317+0000] {logging_mixin.py:188} INFO - [2024-11-03T09:55:51.317+0000] {dag.py:3954} INFO - Setting next_dagrun for example_xcom_args_with_operators to None, run_after=None
[2024-11-03T09:55:51.333+0000] {processor.py:183} INFO - Processing /home/airflow/.local/lib/python3.11/site-packages/airflow/example_dags/example_xcomargs.py took 0.065 seconds
[2024-11-03T16:27:44.122+0000] {processor.py:161} INFO - Started process (PID=300) to work on /home/airflow/.local/lib/python3.11/site-packages/airflow/example_dags/example_xcomargs.py
[2024-11-03T16:27:44.123+0000] {processor.py:830} INFO - Processing file /home/airflow/.local/lib/python3.11/site-packages/airflow/example_dags/example_xcomargs.py for tasks to queue
[2024-11-03T16:27:44.125+0000] {logging_mixin.py:188} INFO - [2024-11-03T16:27:44.125+0000] {dagbag.py:545} INFO - Filling up the DagBag from /home/airflow/.local/lib/python3.11/site-packages/airflow/example_dags/example_xcomargs.py
[2024-11-03T16:27:44.137+0000] {processor.py:840} INFO - DAG(s) 'example_xcom_args', 'example_xcom_args_with_operators' retrieved from /home/airflow/.local/lib/python3.11/site-packages/airflow/example_dags/example_xcomargs.py
[2024-11-03T16:27:44.150+0000] {logging_mixin.py:188} INFO - [2024-11-03T16:27:44.150+0000] {dag.py:3096} INFO - Sync 2 DAGs
[2024-11-03T16:27:44.166+0000] {logging_mixin.py:188} INFO - [2024-11-03T16:27:44.166+0000] {dag.py:3954} INFO - Setting next_dagrun for example_xcom_args to None, run_after=None
[2024-11-03T16:27:44.172+0000] {logging_mixin.py:188} INFO - [2024-11-03T16:27:44.172+0000] {dag.py:3954} INFO - Setting next_dagrun for example_xcom_args_with_operators to None, run_after=None
[2024-11-03T16:27:44.191+0000] {processor.py:183} INFO - Processing /home/airflow/.local/lib/python3.11/site-packages/airflow/example_dags/example_xcomargs.py took 0.074 seconds
[2024-11-03T16:28:15.270+0000] {processor.py:161} INFO - Started process (PID=567) to work on /home/airflow/.local/lib/python3.11/site-packages/airflow/example_dags/example_xcomargs.py
[2024-11-03T16:28:15.271+0000] {processor.py:830} INFO - Processing file /home/airflow/.local/lib/python3.11/site-packages/airflow/example_dags/example_xcomargs.py for tasks to queue
[2024-11-03T16:28:15.273+0000] {logging_mixin.py:188} INFO - [2024-11-03T16:28:15.273+0000] {dagbag.py:545} INFO - Filling up the DagBag from /home/airflow/.local/lib/python3.11/site-packages/airflow/example_dags/example_xcomargs.py
[2024-11-03T16:28:15.280+0000] {processor.py:840} INFO - DAG(s) 'example_xcom_args', 'example_xcom_args_with_operators' retrieved from /home/airflow/.local/lib/python3.11/site-packages/airflow/example_dags/example_xcomargs.py
[2024-11-03T16:28:15.378+0000] {logging_mixin.py:188} INFO - [2024-11-03T16:28:15.378+0000] {dag.py:3096} INFO - Sync 2 DAGs
[2024-11-03T16:28:15.389+0000] {logging_mixin.py:188} INFO - [2024-11-03T16:28:15.389+0000] {dag.py:3954} INFO - Setting next_dagrun for example_xcom_args to None, run_after=None
[2024-11-03T16:28:15.392+0000] {logging_mixin.py:188} INFO - [2024-11-03T16:28:15.392+0000] {dag.py:3954} INFO - Setting next_dagrun for example_xcom_args_with_operators to None, run_after=None
[2024-11-03T16:28:15.413+0000] {processor.py:183} INFO - Processing /home/airflow/.local/lib/python3.11/site-packages/airflow/example_dags/example_xcomargs.py took 0.148 seconds
