[2024-11-03T09:41:06.061+0000] {processor.py:161} INFO - Started process (PID=340) to work on /home/airflow/.local/lib/python3.11/site-packages/airflow/example_dags/example_latest_only_with_trigger.py
[2024-11-03T09:41:06.062+0000] {processor.py:830} INFO - Processing file /home/airflow/.local/lib/python3.11/site-packages/airflow/example_dags/example_latest_only_with_trigger.py for tasks to queue
[2024-11-03T09:41:06.064+0000] {logging_mixin.py:188} INFO - [2024-11-03T09:41:06.064+0000] {dagbag.py:545} INFO - Filling up the DagBag from /home/airflow/.local/lib/python3.11/site-packages/airflow/example_dags/example_latest_only_with_trigger.py
[2024-11-03T09:41:06.072+0000] {processor.py:840} INFO - DAG(s) 'latest_only_with_trigger' retrieved from /home/airflow/.local/lib/python3.11/site-packages/airflow/example_dags/example_latest_only_with_trigger.py
[2024-11-03T09:41:06.085+0000] {logging_mixin.py:188} INFO - [2024-11-03T09:41:06.085+0000] {dag.py:3096} INFO - Sync 1 DAGs
[2024-11-03T09:41:06.107+0000] {logging_mixin.py:188} INFO - [2024-11-03T09:41:06.107+0000] {dag.py:3954} INFO - Setting next_dagrun for latest_only_with_trigger to 2024-11-03 04:00:00+00:00, run_after=2024-11-03 08:00:00+00:00
[2024-11-03T09:41:06.124+0000] {processor.py:183} INFO - Processing /home/airflow/.local/lib/python3.11/site-packages/airflow/example_dags/example_latest_only_with_trigger.py took 0.068 seconds
[2024-11-03T09:41:37.600+0000] {processor.py:161} INFO - Started process (PID=606) to work on /home/airflow/.local/lib/python3.11/site-packages/airflow/example_dags/example_latest_only_with_trigger.py
[2024-11-03T09:41:37.601+0000] {processor.py:830} INFO - Processing file /home/airflow/.local/lib/python3.11/site-packages/airflow/example_dags/example_latest_only_with_trigger.py for tasks to queue
[2024-11-03T09:41:37.603+0000] {logging_mixin.py:188} INFO - [2024-11-03T09:41:37.602+0000] {dagbag.py:545} INFO - Filling up the DagBag from /home/airflow/.local/lib/python3.11/site-packages/airflow/example_dags/example_latest_only_with_trigger.py
[2024-11-03T09:41:37.608+0000] {processor.py:840} INFO - DAG(s) 'latest_only_with_trigger' retrieved from /home/airflow/.local/lib/python3.11/site-packages/airflow/example_dags/example_latest_only_with_trigger.py
[2024-11-03T09:41:37.682+0000] {logging_mixin.py:188} INFO - [2024-11-03T09:41:37.682+0000] {dag.py:3096} INFO - Sync 1 DAGs
[2024-11-03T09:41:37.695+0000] {logging_mixin.py:188} INFO - [2024-11-03T09:41:37.695+0000] {dag.py:3954} INFO - Setting next_dagrun for latest_only_with_trigger to 2024-11-03 04:00:00+00:00, run_after=2024-11-03 08:00:00+00:00
[2024-11-03T09:41:37.712+0000] {processor.py:183} INFO - Processing /home/airflow/.local/lib/python3.11/site-packages/airflow/example_dags/example_latest_only_with_trigger.py took 0.118 seconds
[2024-11-03T09:42:07.947+0000] {processor.py:161} INFO - Started process (PID=872) to work on /home/airflow/.local/lib/python3.11/site-packages/airflow/example_dags/example_latest_only_with_trigger.py
[2024-11-03T09:42:07.948+0000] {processor.py:830} INFO - Processing file /home/airflow/.local/lib/python3.11/site-packages/airflow/example_dags/example_latest_only_with_trigger.py for tasks to queue
[2024-11-03T09:42:07.951+0000] {logging_mixin.py:188} INFO - [2024-11-03T09:42:07.950+0000] {dagbag.py:545} INFO - Filling up the DagBag from /home/airflow/.local/lib/python3.11/site-packages/airflow/example_dags/example_latest_only_with_trigger.py
[2024-11-03T09:42:07.957+0000] {processor.py:840} INFO - DAG(s) 'latest_only_with_trigger' retrieved from /home/airflow/.local/lib/python3.11/site-packages/airflow/example_dags/example_latest_only_with_trigger.py
[2024-11-03T09:42:07.976+0000] {logging_mixin.py:188} INFO - [2024-11-03T09:42:07.976+0000] {dag.py:3096} INFO - Sync 1 DAGs
[2024-11-03T09:42:07.996+0000] {logging_mixin.py:188} INFO - [2024-11-03T09:42:07.996+0000] {dag.py:3954} INFO - Setting next_dagrun for latest_only_with_trigger to 2024-11-03 04:00:00+00:00, run_after=2024-11-03 08:00:00+00:00
[2024-11-03T09:42:08.014+0000] {processor.py:183} INFO - Processing /home/airflow/.local/lib/python3.11/site-packages/airflow/example_dags/example_latest_only_with_trigger.py took 0.072 seconds
[2024-11-03T09:42:38.189+0000] {processor.py:161} INFO - Started process (PID=1138) to work on /home/airflow/.local/lib/python3.11/site-packages/airflow/example_dags/example_latest_only_with_trigger.py
[2024-11-03T09:42:38.190+0000] {processor.py:830} INFO - Processing file /home/airflow/.local/lib/python3.11/site-packages/airflow/example_dags/example_latest_only_with_trigger.py for tasks to queue
[2024-11-03T09:42:38.192+0000] {logging_mixin.py:188} INFO - [2024-11-03T09:42:38.192+0000] {dagbag.py:545} INFO - Filling up the DagBag from /home/airflow/.local/lib/python3.11/site-packages/airflow/example_dags/example_latest_only_with_trigger.py
[2024-11-03T09:42:38.197+0000] {processor.py:840} INFO - DAG(s) 'latest_only_with_trigger' retrieved from /home/airflow/.local/lib/python3.11/site-packages/airflow/example_dags/example_latest_only_with_trigger.py
[2024-11-03T09:42:38.215+0000] {logging_mixin.py:188} INFO - [2024-11-03T09:42:38.215+0000] {dag.py:3096} INFO - Sync 1 DAGs
[2024-11-03T09:42:38.238+0000] {logging_mixin.py:188} INFO - [2024-11-03T09:42:38.238+0000] {dag.py:3954} INFO - Setting next_dagrun for latest_only_with_trigger to 2024-11-03 04:00:00+00:00, run_after=2024-11-03 08:00:00+00:00
[2024-11-03T09:42:38.257+0000] {processor.py:183} INFO - Processing /home/airflow/.local/lib/python3.11/site-packages/airflow/example_dags/example_latest_only_with_trigger.py took 0.073 seconds
[2024-11-03T09:43:08.661+0000] {processor.py:161} INFO - Started process (PID=1409) to work on /home/airflow/.local/lib/python3.11/site-packages/airflow/example_dags/example_latest_only_with_trigger.py
[2024-11-03T09:43:08.662+0000] {processor.py:830} INFO - Processing file /home/airflow/.local/lib/python3.11/site-packages/airflow/example_dags/example_latest_only_with_trigger.py for tasks to queue
[2024-11-03T09:43:08.663+0000] {logging_mixin.py:188} INFO - [2024-11-03T09:43:08.663+0000] {dagbag.py:545} INFO - Filling up the DagBag from /home/airflow/.local/lib/python3.11/site-packages/airflow/example_dags/example_latest_only_with_trigger.py
[2024-11-03T09:43:08.668+0000] {processor.py:840} INFO - DAG(s) 'latest_only_with_trigger' retrieved from /home/airflow/.local/lib/python3.11/site-packages/airflow/example_dags/example_latest_only_with_trigger.py
[2024-11-03T09:43:08.685+0000] {logging_mixin.py:188} INFO - [2024-11-03T09:43:08.684+0000] {dag.py:3096} INFO - Sync 1 DAGs
[2024-11-03T09:43:08.701+0000] {logging_mixin.py:188} INFO - [2024-11-03T09:43:08.701+0000] {dag.py:3954} INFO - Setting next_dagrun for latest_only_with_trigger to 2024-11-03 04:00:00+00:00, run_after=2024-11-03 08:00:00+00:00
[2024-11-03T09:43:08.718+0000] {processor.py:183} INFO - Processing /home/airflow/.local/lib/python3.11/site-packages/airflow/example_dags/example_latest_only_with_trigger.py took 0.062 seconds
[2024-11-03T09:43:39.514+0000] {processor.py:161} INFO - Started process (PID=1685) to work on /home/airflow/.local/lib/python3.11/site-packages/airflow/example_dags/example_latest_only_with_trigger.py
[2024-11-03T09:43:39.515+0000] {processor.py:830} INFO - Processing file /home/airflow/.local/lib/python3.11/site-packages/airflow/example_dags/example_latest_only_with_trigger.py for tasks to queue
[2024-11-03T09:43:39.516+0000] {logging_mixin.py:188} INFO - [2024-11-03T09:43:39.516+0000] {dagbag.py:545} INFO - Filling up the DagBag from /home/airflow/.local/lib/python3.11/site-packages/airflow/example_dags/example_latest_only_with_trigger.py
[2024-11-03T09:43:39.522+0000] {processor.py:840} INFO - DAG(s) 'latest_only_with_trigger' retrieved from /home/airflow/.local/lib/python3.11/site-packages/airflow/example_dags/example_latest_only_with_trigger.py
[2024-11-03T09:43:39.539+0000] {logging_mixin.py:188} INFO - [2024-11-03T09:43:39.538+0000] {dag.py:3096} INFO - Sync 1 DAGs
[2024-11-03T09:43:39.555+0000] {logging_mixin.py:188} INFO - [2024-11-03T09:43:39.554+0000] {dag.py:3954} INFO - Setting next_dagrun for latest_only_with_trigger to 2024-11-03 04:00:00+00:00, run_after=2024-11-03 08:00:00+00:00
[2024-11-03T09:43:39.570+0000] {processor.py:183} INFO - Processing /home/airflow/.local/lib/python3.11/site-packages/airflow/example_dags/example_latest_only_with_trigger.py took 0.062 seconds
[2024-11-03T09:44:10.257+0000] {processor.py:161} INFO - Started process (PID=1951) to work on /home/airflow/.local/lib/python3.11/site-packages/airflow/example_dags/example_latest_only_with_trigger.py
[2024-11-03T09:44:10.258+0000] {processor.py:830} INFO - Processing file /home/airflow/.local/lib/python3.11/site-packages/airflow/example_dags/example_latest_only_with_trigger.py for tasks to queue
[2024-11-03T09:44:10.259+0000] {logging_mixin.py:188} INFO - [2024-11-03T09:44:10.259+0000] {dagbag.py:545} INFO - Filling up the DagBag from /home/airflow/.local/lib/python3.11/site-packages/airflow/example_dags/example_latest_only_with_trigger.py
[2024-11-03T09:44:10.264+0000] {processor.py:840} INFO - DAG(s) 'latest_only_with_trigger' retrieved from /home/airflow/.local/lib/python3.11/site-packages/airflow/example_dags/example_latest_only_with_trigger.py
[2024-11-03T09:44:10.281+0000] {logging_mixin.py:188} INFO - [2024-11-03T09:44:10.281+0000] {dag.py:3096} INFO - Sync 1 DAGs
[2024-11-03T09:44:10.298+0000] {logging_mixin.py:188} INFO - [2024-11-03T09:44:10.298+0000] {dag.py:3954} INFO - Setting next_dagrun for latest_only_with_trigger to 2024-11-03 04:00:00+00:00, run_after=2024-11-03 08:00:00+00:00
[2024-11-03T09:44:10.315+0000] {processor.py:183} INFO - Processing /home/airflow/.local/lib/python3.11/site-packages/airflow/example_dags/example_latest_only_with_trigger.py took 0.063 seconds
[2024-11-03T09:44:40.515+0000] {processor.py:161} INFO - Started process (PID=2244) to work on /home/airflow/.local/lib/python3.11/site-packages/airflow/example_dags/example_latest_only_with_trigger.py
[2024-11-03T09:44:40.516+0000] {processor.py:830} INFO - Processing file /home/airflow/.local/lib/python3.11/site-packages/airflow/example_dags/example_latest_only_with_trigger.py for tasks to queue
[2024-11-03T09:44:40.518+0000] {logging_mixin.py:188} INFO - [2024-11-03T09:44:40.518+0000] {dagbag.py:545} INFO - Filling up the DagBag from /home/airflow/.local/lib/python3.11/site-packages/airflow/example_dags/example_latest_only_with_trigger.py
[2024-11-03T09:44:40.522+0000] {processor.py:840} INFO - DAG(s) 'latest_only_with_trigger' retrieved from /home/airflow/.local/lib/python3.11/site-packages/airflow/example_dags/example_latest_only_with_trigger.py
[2024-11-03T09:44:40.540+0000] {logging_mixin.py:188} INFO - [2024-11-03T09:44:40.540+0000] {dag.py:3096} INFO - Sync 1 DAGs
[2024-11-03T09:44:40.557+0000] {logging_mixin.py:188} INFO - [2024-11-03T09:44:40.557+0000] {dag.py:3954} INFO - Setting next_dagrun for latest_only_with_trigger to 2024-11-03 04:00:00+00:00, run_after=2024-11-03 08:00:00+00:00
[2024-11-03T09:44:40.572+0000] {processor.py:183} INFO - Processing /home/airflow/.local/lib/python3.11/site-packages/airflow/example_dags/example_latest_only_with_trigger.py took 0.062 seconds
[2024-11-03T09:45:10.643+0000] {processor.py:161} INFO - Started process (PID=2525) to work on /home/airflow/.local/lib/python3.11/site-packages/airflow/example_dags/example_latest_only_with_trigger.py
[2024-11-03T09:45:10.644+0000] {processor.py:830} INFO - Processing file /home/airflow/.local/lib/python3.11/site-packages/airflow/example_dags/example_latest_only_with_trigger.py for tasks to queue
[2024-11-03T09:45:10.646+0000] {logging_mixin.py:188} INFO - [2024-11-03T09:45:10.645+0000] {dagbag.py:545} INFO - Filling up the DagBag from /home/airflow/.local/lib/python3.11/site-packages/airflow/example_dags/example_latest_only_with_trigger.py
[2024-11-03T09:45:10.651+0000] {processor.py:840} INFO - DAG(s) 'latest_only_with_trigger' retrieved from /home/airflow/.local/lib/python3.11/site-packages/airflow/example_dags/example_latest_only_with_trigger.py
[2024-11-03T09:45:10.668+0000] {logging_mixin.py:188} INFO - [2024-11-03T09:45:10.667+0000] {dag.py:3096} INFO - Sync 1 DAGs
[2024-11-03T09:45:10.684+0000] {logging_mixin.py:188} INFO - [2024-11-03T09:45:10.684+0000] {dag.py:3954} INFO - Setting next_dagrun for latest_only_with_trigger to 2024-11-03 04:00:00+00:00, run_after=2024-11-03 08:00:00+00:00
[2024-11-03T09:45:10.699+0000] {processor.py:183} INFO - Processing /home/airflow/.local/lib/python3.11/site-packages/airflow/example_dags/example_latest_only_with_trigger.py took 0.062 seconds
[2024-11-03T09:45:40.858+0000] {processor.py:161} INFO - Started process (PID=2796) to work on /home/airflow/.local/lib/python3.11/site-packages/airflow/example_dags/example_latest_only_with_trigger.py
[2024-11-03T09:45:40.859+0000] {processor.py:830} INFO - Processing file /home/airflow/.local/lib/python3.11/site-packages/airflow/example_dags/example_latest_only_with_trigger.py for tasks to queue
[2024-11-03T09:45:40.861+0000] {logging_mixin.py:188} INFO - [2024-11-03T09:45:40.860+0000] {dagbag.py:545} INFO - Filling up the DagBag from /home/airflow/.local/lib/python3.11/site-packages/airflow/example_dags/example_latest_only_with_trigger.py
[2024-11-03T09:45:40.865+0000] {processor.py:840} INFO - DAG(s) 'latest_only_with_trigger' retrieved from /home/airflow/.local/lib/python3.11/site-packages/airflow/example_dags/example_latest_only_with_trigger.py
[2024-11-03T09:45:40.884+0000] {logging_mixin.py:188} INFO - [2024-11-03T09:45:40.884+0000] {dag.py:3096} INFO - Sync 1 DAGs
[2024-11-03T09:45:40.902+0000] {logging_mixin.py:188} INFO - [2024-11-03T09:45:40.902+0000] {dag.py:3954} INFO - Setting next_dagrun for latest_only_with_trigger to 2024-11-03 04:00:00+00:00, run_after=2024-11-03 08:00:00+00:00
[2024-11-03T09:45:40.919+0000] {processor.py:183} INFO - Processing /home/airflow/.local/lib/python3.11/site-packages/airflow/example_dags/example_latest_only_with_trigger.py took 0.066 seconds
[2024-11-03T09:46:11.821+0000] {processor.py:161} INFO - Started process (PID=3070) to work on /home/airflow/.local/lib/python3.11/site-packages/airflow/example_dags/example_latest_only_with_trigger.py
[2024-11-03T09:46:11.822+0000] {processor.py:830} INFO - Processing file /home/airflow/.local/lib/python3.11/site-packages/airflow/example_dags/example_latest_only_with_trigger.py for tasks to queue
[2024-11-03T09:46:11.823+0000] {logging_mixin.py:188} INFO - [2024-11-03T09:46:11.822+0000] {dagbag.py:545} INFO - Filling up the DagBag from /home/airflow/.local/lib/python3.11/site-packages/airflow/example_dags/example_latest_only_with_trigger.py
[2024-11-03T09:46:11.828+0000] {processor.py:840} INFO - DAG(s) 'latest_only_with_trigger' retrieved from /home/airflow/.local/lib/python3.11/site-packages/airflow/example_dags/example_latest_only_with_trigger.py
[2024-11-03T09:46:11.847+0000] {logging_mixin.py:188} INFO - [2024-11-03T09:46:11.846+0000] {dag.py:3096} INFO - Sync 1 DAGs
[2024-11-03T09:46:11.864+0000] {logging_mixin.py:188} INFO - [2024-11-03T09:46:11.864+0000] {dag.py:3954} INFO - Setting next_dagrun for latest_only_with_trigger to 2024-11-03 04:00:00+00:00, run_after=2024-11-03 08:00:00+00:00
[2024-11-03T09:46:11.884+0000] {processor.py:183} INFO - Processing /home/airflow/.local/lib/python3.11/site-packages/airflow/example_dags/example_latest_only_with_trigger.py took 0.068 seconds
[2024-11-03T09:46:42.065+0000] {processor.py:161} INFO - Started process (PID=3366) to work on /home/airflow/.local/lib/python3.11/site-packages/airflow/example_dags/example_latest_only_with_trigger.py
[2024-11-03T09:46:42.066+0000] {processor.py:830} INFO - Processing file /home/airflow/.local/lib/python3.11/site-packages/airflow/example_dags/example_latest_only_with_trigger.py for tasks to queue
[2024-11-03T09:46:42.067+0000] {logging_mixin.py:188} INFO - [2024-11-03T09:46:42.067+0000] {dagbag.py:545} INFO - Filling up the DagBag from /home/airflow/.local/lib/python3.11/site-packages/airflow/example_dags/example_latest_only_with_trigger.py
[2024-11-03T09:46:42.073+0000] {processor.py:840} INFO - DAG(s) 'latest_only_with_trigger' retrieved from /home/airflow/.local/lib/python3.11/site-packages/airflow/example_dags/example_latest_only_with_trigger.py
[2024-11-03T09:46:42.092+0000] {logging_mixin.py:188} INFO - [2024-11-03T09:46:42.092+0000] {dag.py:3096} INFO - Sync 1 DAGs
[2024-11-03T09:46:42.114+0000] {logging_mixin.py:188} INFO - [2024-11-03T09:46:42.114+0000] {dag.py:3954} INFO - Setting next_dagrun for latest_only_with_trigger to 2024-11-03 04:00:00+00:00, run_after=2024-11-03 08:00:00+00:00
[2024-11-03T09:46:42.131+0000] {processor.py:183} INFO - Processing /home/airflow/.local/lib/python3.11/site-packages/airflow/example_dags/example_latest_only_with_trigger.py took 0.071 seconds
[2024-11-03T09:47:13.082+0000] {processor.py:161} INFO - Started process (PID=3632) to work on /home/airflow/.local/lib/python3.11/site-packages/airflow/example_dags/example_latest_only_with_trigger.py
[2024-11-03T09:47:13.083+0000] {processor.py:830} INFO - Processing file /home/airflow/.local/lib/python3.11/site-packages/airflow/example_dags/example_latest_only_with_trigger.py for tasks to queue
[2024-11-03T09:47:13.084+0000] {logging_mixin.py:188} INFO - [2024-11-03T09:47:13.084+0000] {dagbag.py:545} INFO - Filling up the DagBag from /home/airflow/.local/lib/python3.11/site-packages/airflow/example_dags/example_latest_only_with_trigger.py
[2024-11-03T09:47:13.089+0000] {processor.py:840} INFO - DAG(s) 'latest_only_with_trigger' retrieved from /home/airflow/.local/lib/python3.11/site-packages/airflow/example_dags/example_latest_only_with_trigger.py
[2024-11-03T09:47:13.110+0000] {logging_mixin.py:188} INFO - [2024-11-03T09:47:13.110+0000] {dag.py:3096} INFO - Sync 1 DAGs
[2024-11-03T09:47:13.129+0000] {logging_mixin.py:188} INFO - [2024-11-03T09:47:13.128+0000] {dag.py:3954} INFO - Setting next_dagrun for latest_only_with_trigger to 2024-11-03 04:00:00+00:00, run_after=2024-11-03 08:00:00+00:00
[2024-11-03T09:47:13.145+0000] {processor.py:183} INFO - Processing /home/airflow/.local/lib/python3.11/site-packages/airflow/example_dags/example_latest_only_with_trigger.py took 0.068 seconds
[2024-11-03T09:47:44.067+0000] {processor.py:161} INFO - Started process (PID=3900) to work on /home/airflow/.local/lib/python3.11/site-packages/airflow/example_dags/example_latest_only_with_trigger.py
[2024-11-03T09:47:44.068+0000] {processor.py:830} INFO - Processing file /home/airflow/.local/lib/python3.11/site-packages/airflow/example_dags/example_latest_only_with_trigger.py for tasks to queue
[2024-11-03T09:47:44.068+0000] {logging_mixin.py:188} INFO - [2024-11-03T09:47:44.068+0000] {dagbag.py:545} INFO - Filling up the DagBag from /home/airflow/.local/lib/python3.11/site-packages/airflow/example_dags/example_latest_only_with_trigger.py
[2024-11-03T09:47:44.074+0000] {processor.py:840} INFO - DAG(s) 'latest_only_with_trigger' retrieved from /home/airflow/.local/lib/python3.11/site-packages/airflow/example_dags/example_latest_only_with_trigger.py
[2024-11-03T09:47:44.090+0000] {logging_mixin.py:188} INFO - [2024-11-03T09:47:44.090+0000] {dag.py:3096} INFO - Sync 1 DAGs
[2024-11-03T09:47:44.108+0000] {logging_mixin.py:188} INFO - [2024-11-03T09:47:44.108+0000] {dag.py:3954} INFO - Setting next_dagrun for latest_only_with_trigger to 2024-11-03 04:00:00+00:00, run_after=2024-11-03 08:00:00+00:00
[2024-11-03T09:47:44.123+0000] {processor.py:183} INFO - Processing /home/airflow/.local/lib/python3.11/site-packages/airflow/example_dags/example_latest_only_with_trigger.py took 0.061 seconds
[2024-11-03T09:48:14.325+0000] {processor.py:161} INFO - Started process (PID=4171) to work on /home/airflow/.local/lib/python3.11/site-packages/airflow/example_dags/example_latest_only_with_trigger.py
[2024-11-03T09:48:14.326+0000] {processor.py:830} INFO - Processing file /home/airflow/.local/lib/python3.11/site-packages/airflow/example_dags/example_latest_only_with_trigger.py for tasks to queue
[2024-11-03T09:48:14.327+0000] {logging_mixin.py:188} INFO - [2024-11-03T09:48:14.326+0000] {dagbag.py:545} INFO - Filling up the DagBag from /home/airflow/.local/lib/python3.11/site-packages/airflow/example_dags/example_latest_only_with_trigger.py
[2024-11-03T09:48:14.332+0000] {processor.py:840} INFO - DAG(s) 'latest_only_with_trigger' retrieved from /home/airflow/.local/lib/python3.11/site-packages/airflow/example_dags/example_latest_only_with_trigger.py
[2024-11-03T09:48:14.349+0000] {logging_mixin.py:188} INFO - [2024-11-03T09:48:14.349+0000] {dag.py:3096} INFO - Sync 1 DAGs
[2024-11-03T09:48:14.367+0000] {logging_mixin.py:188} INFO - [2024-11-03T09:48:14.366+0000] {dag.py:3954} INFO - Setting next_dagrun for latest_only_with_trigger to 2024-11-03 04:00:00+00:00, run_after=2024-11-03 08:00:00+00:00
[2024-11-03T09:48:14.385+0000] {processor.py:183} INFO - Processing /home/airflow/.local/lib/python3.11/site-packages/airflow/example_dags/example_latest_only_with_trigger.py took 0.064 seconds
[2024-11-03T09:48:45.341+0000] {processor.py:161} INFO - Started process (PID=4442) to work on /home/airflow/.local/lib/python3.11/site-packages/airflow/example_dags/example_latest_only_with_trigger.py
[2024-11-03T09:48:45.342+0000] {processor.py:830} INFO - Processing file /home/airflow/.local/lib/python3.11/site-packages/airflow/example_dags/example_latest_only_with_trigger.py for tasks to queue
[2024-11-03T09:48:45.344+0000] {logging_mixin.py:188} INFO - [2024-11-03T09:48:45.343+0000] {dagbag.py:545} INFO - Filling up the DagBag from /home/airflow/.local/lib/python3.11/site-packages/airflow/example_dags/example_latest_only_with_trigger.py
[2024-11-03T09:48:45.351+0000] {processor.py:840} INFO - DAG(s) 'latest_only_with_trigger' retrieved from /home/airflow/.local/lib/python3.11/site-packages/airflow/example_dags/example_latest_only_with_trigger.py
[2024-11-03T09:48:45.371+0000] {logging_mixin.py:188} INFO - [2024-11-03T09:48:45.371+0000] {dag.py:3096} INFO - Sync 1 DAGs
[2024-11-03T09:48:45.391+0000] {logging_mixin.py:188} INFO - [2024-11-03T09:48:45.391+0000] {dag.py:3954} INFO - Setting next_dagrun for latest_only_with_trigger to 2024-11-03 04:00:00+00:00, run_after=2024-11-03 08:00:00+00:00
[2024-11-03T09:48:45.408+0000] {processor.py:183} INFO - Processing /home/airflow/.local/lib/python3.11/site-packages/airflow/example_dags/example_latest_only_with_trigger.py took 0.071 seconds
[2024-11-03T09:49:16.212+0000] {processor.py:161} INFO - Started process (PID=4724) to work on /home/airflow/.local/lib/python3.11/site-packages/airflow/example_dags/example_latest_only_with_trigger.py
[2024-11-03T09:49:16.213+0000] {processor.py:830} INFO - Processing file /home/airflow/.local/lib/python3.11/site-packages/airflow/example_dags/example_latest_only_with_trigger.py for tasks to queue
[2024-11-03T09:49:16.214+0000] {logging_mixin.py:188} INFO - [2024-11-03T09:49:16.214+0000] {dagbag.py:545} INFO - Filling up the DagBag from /home/airflow/.local/lib/python3.11/site-packages/airflow/example_dags/example_latest_only_with_trigger.py
[2024-11-03T09:49:16.219+0000] {processor.py:840} INFO - DAG(s) 'latest_only_with_trigger' retrieved from /home/airflow/.local/lib/python3.11/site-packages/airflow/example_dags/example_latest_only_with_trigger.py
[2024-11-03T09:49:16.235+0000] {logging_mixin.py:188} INFO - [2024-11-03T09:49:16.235+0000] {dag.py:3096} INFO - Sync 1 DAGs
[2024-11-03T09:49:16.251+0000] {logging_mixin.py:188} INFO - [2024-11-03T09:49:16.251+0000] {dag.py:3954} INFO - Setting next_dagrun for latest_only_with_trigger to 2024-11-03 04:00:00+00:00, run_after=2024-11-03 08:00:00+00:00
[2024-11-03T09:49:16.268+0000] {processor.py:183} INFO - Processing /home/airflow/.local/lib/python3.11/site-packages/airflow/example_dags/example_latest_only_with_trigger.py took 0.060 seconds
[2024-11-03T09:49:46.404+0000] {processor.py:161} INFO - Started process (PID=4990) to work on /home/airflow/.local/lib/python3.11/site-packages/airflow/example_dags/example_latest_only_with_trigger.py
[2024-11-03T09:49:46.405+0000] {processor.py:830} INFO - Processing file /home/airflow/.local/lib/python3.11/site-packages/airflow/example_dags/example_latest_only_with_trigger.py for tasks to queue
[2024-11-03T09:49:46.406+0000] {logging_mixin.py:188} INFO - [2024-11-03T09:49:46.406+0000] {dagbag.py:545} INFO - Filling up the DagBag from /home/airflow/.local/lib/python3.11/site-packages/airflow/example_dags/example_latest_only_with_trigger.py
[2024-11-03T09:49:46.412+0000] {processor.py:840} INFO - DAG(s) 'latest_only_with_trigger' retrieved from /home/airflow/.local/lib/python3.11/site-packages/airflow/example_dags/example_latest_only_with_trigger.py
[2024-11-03T09:49:46.430+0000] {logging_mixin.py:188} INFO - [2024-11-03T09:49:46.430+0000] {dag.py:3096} INFO - Sync 1 DAGs
[2024-11-03T09:49:46.449+0000] {logging_mixin.py:188} INFO - [2024-11-03T09:49:46.449+0000] {dag.py:3954} INFO - Setting next_dagrun for latest_only_with_trigger to 2024-11-03 04:00:00+00:00, run_after=2024-11-03 08:00:00+00:00
[2024-11-03T09:49:46.471+0000] {processor.py:183} INFO - Processing /home/airflow/.local/lib/python3.11/site-packages/airflow/example_dags/example_latest_only_with_trigger.py took 0.072 seconds
[2024-11-03T09:50:16.653+0000] {processor.py:161} INFO - Started process (PID=5258) to work on /home/airflow/.local/lib/python3.11/site-packages/airflow/example_dags/example_latest_only_with_trigger.py
[2024-11-03T09:50:16.654+0000] {processor.py:830} INFO - Processing file /home/airflow/.local/lib/python3.11/site-packages/airflow/example_dags/example_latest_only_with_trigger.py for tasks to queue
[2024-11-03T09:50:16.655+0000] {logging_mixin.py:188} INFO - [2024-11-03T09:50:16.655+0000] {dagbag.py:545} INFO - Filling up the DagBag from /home/airflow/.local/lib/python3.11/site-packages/airflow/example_dags/example_latest_only_with_trigger.py
[2024-11-03T09:50:16.661+0000] {processor.py:840} INFO - DAG(s) 'latest_only_with_trigger' retrieved from /home/airflow/.local/lib/python3.11/site-packages/airflow/example_dags/example_latest_only_with_trigger.py
[2024-11-03T09:50:16.678+0000] {logging_mixin.py:188} INFO - [2024-11-03T09:50:16.678+0000] {dag.py:3096} INFO - Sync 1 DAGs
[2024-11-03T09:50:16.694+0000] {logging_mixin.py:188} INFO - [2024-11-03T09:50:16.694+0000] {dag.py:3954} INFO - Setting next_dagrun for latest_only_with_trigger to 2024-11-03 04:00:00+00:00, run_after=2024-11-03 08:00:00+00:00
[2024-11-03T09:50:16.724+0000] {processor.py:183} INFO - Processing /home/airflow/.local/lib/python3.11/site-packages/airflow/example_dags/example_latest_only_with_trigger.py took 0.076 seconds
[2024-11-03T09:50:47.646+0000] {processor.py:161} INFO - Started process (PID=5524) to work on /home/airflow/.local/lib/python3.11/site-packages/airflow/example_dags/example_latest_only_with_trigger.py
[2024-11-03T09:50:47.647+0000] {processor.py:830} INFO - Processing file /home/airflow/.local/lib/python3.11/site-packages/airflow/example_dags/example_latest_only_with_trigger.py for tasks to queue
[2024-11-03T09:50:47.648+0000] {logging_mixin.py:188} INFO - [2024-11-03T09:50:47.648+0000] {dagbag.py:545} INFO - Filling up the DagBag from /home/airflow/.local/lib/python3.11/site-packages/airflow/example_dags/example_latest_only_with_trigger.py
[2024-11-03T09:50:47.653+0000] {processor.py:840} INFO - DAG(s) 'latest_only_with_trigger' retrieved from /home/airflow/.local/lib/python3.11/site-packages/airflow/example_dags/example_latest_only_with_trigger.py
[2024-11-03T09:50:47.670+0000] {logging_mixin.py:188} INFO - [2024-11-03T09:50:47.670+0000] {dag.py:3096} INFO - Sync 1 DAGs
[2024-11-03T09:50:47.688+0000] {logging_mixin.py:188} INFO - [2024-11-03T09:50:47.688+0000] {dag.py:3954} INFO - Setting next_dagrun for latest_only_with_trigger to 2024-11-03 04:00:00+00:00, run_after=2024-11-03 08:00:00+00:00
[2024-11-03T09:50:47.705+0000] {processor.py:183} INFO - Processing /home/airflow/.local/lib/python3.11/site-packages/airflow/example_dags/example_latest_only_with_trigger.py took 0.063 seconds
[2024-11-03T09:51:18.427+0000] {processor.py:161} INFO - Started process (PID=5790) to work on /home/airflow/.local/lib/python3.11/site-packages/airflow/example_dags/example_latest_only_with_trigger.py
[2024-11-03T09:51:18.428+0000] {processor.py:830} INFO - Processing file /home/airflow/.local/lib/python3.11/site-packages/airflow/example_dags/example_latest_only_with_trigger.py for tasks to queue
[2024-11-03T09:51:18.429+0000] {logging_mixin.py:188} INFO - [2024-11-03T09:51:18.429+0000] {dagbag.py:545} INFO - Filling up the DagBag from /home/airflow/.local/lib/python3.11/site-packages/airflow/example_dags/example_latest_only_with_trigger.py
[2024-11-03T09:51:18.434+0000] {processor.py:840} INFO - DAG(s) 'latest_only_with_trigger' retrieved from /home/airflow/.local/lib/python3.11/site-packages/airflow/example_dags/example_latest_only_with_trigger.py
[2024-11-03T09:51:18.452+0000] {logging_mixin.py:188} INFO - [2024-11-03T09:51:18.452+0000] {dag.py:3096} INFO - Sync 1 DAGs
[2024-11-03T09:51:18.468+0000] {logging_mixin.py:188} INFO - [2024-11-03T09:51:18.468+0000] {dag.py:3954} INFO - Setting next_dagrun for latest_only_with_trigger to 2024-11-03 04:00:00+00:00, run_after=2024-11-03 08:00:00+00:00
[2024-11-03T09:51:18.484+0000] {processor.py:183} INFO - Processing /home/airflow/.local/lib/python3.11/site-packages/airflow/example_dags/example_latest_only_with_trigger.py took 0.062 seconds
[2024-11-03T09:51:49.213+0000] {processor.py:161} INFO - Started process (PID=6056) to work on /home/airflow/.local/lib/python3.11/site-packages/airflow/example_dags/example_latest_only_with_trigger.py
[2024-11-03T09:51:49.213+0000] {processor.py:830} INFO - Processing file /home/airflow/.local/lib/python3.11/site-packages/airflow/example_dags/example_latest_only_with_trigger.py for tasks to queue
[2024-11-03T09:51:49.214+0000] {logging_mixin.py:188} INFO - [2024-11-03T09:51:49.214+0000] {dagbag.py:545} INFO - Filling up the DagBag from /home/airflow/.local/lib/python3.11/site-packages/airflow/example_dags/example_latest_only_with_trigger.py
[2024-11-03T09:51:49.219+0000] {processor.py:840} INFO - DAG(s) 'latest_only_with_trigger' retrieved from /home/airflow/.local/lib/python3.11/site-packages/airflow/example_dags/example_latest_only_with_trigger.py
[2024-11-03T09:51:49.236+0000] {logging_mixin.py:188} INFO - [2024-11-03T09:51:49.236+0000] {dag.py:3096} INFO - Sync 1 DAGs
[2024-11-03T09:51:49.254+0000] {logging_mixin.py:188} INFO - [2024-11-03T09:51:49.254+0000] {dag.py:3954} INFO - Setting next_dagrun for latest_only_with_trigger to 2024-11-03 04:00:00+00:00, run_after=2024-11-03 08:00:00+00:00
[2024-11-03T09:51:49.270+0000] {processor.py:183} INFO - Processing /home/airflow/.local/lib/python3.11/site-packages/airflow/example_dags/example_latest_only_with_trigger.py took 0.063 seconds
[2024-11-03T09:52:20.076+0000] {processor.py:161} INFO - Started process (PID=6322) to work on /home/airflow/.local/lib/python3.11/site-packages/airflow/example_dags/example_latest_only_with_trigger.py
[2024-11-03T09:52:20.077+0000] {processor.py:830} INFO - Processing file /home/airflow/.local/lib/python3.11/site-packages/airflow/example_dags/example_latest_only_with_trigger.py for tasks to queue
[2024-11-03T09:52:20.078+0000] {logging_mixin.py:188} INFO - [2024-11-03T09:52:20.078+0000] {dagbag.py:545} INFO - Filling up the DagBag from /home/airflow/.local/lib/python3.11/site-packages/airflow/example_dags/example_latest_only_with_trigger.py
[2024-11-03T09:52:20.084+0000] {processor.py:840} INFO - DAG(s) 'latest_only_with_trigger' retrieved from /home/airflow/.local/lib/python3.11/site-packages/airflow/example_dags/example_latest_only_with_trigger.py
[2024-11-03T09:52:20.103+0000] {logging_mixin.py:188} INFO - [2024-11-03T09:52:20.103+0000] {dag.py:3096} INFO - Sync 1 DAGs
[2024-11-03T09:52:20.125+0000] {logging_mixin.py:188} INFO - [2024-11-03T09:52:20.124+0000] {dag.py:3954} INFO - Setting next_dagrun for latest_only_with_trigger to 2024-11-03 04:00:00+00:00, run_after=2024-11-03 08:00:00+00:00
[2024-11-03T09:52:20.143+0000] {processor.py:183} INFO - Processing /home/airflow/.local/lib/python3.11/site-packages/airflow/example_dags/example_latest_only_with_trigger.py took 0.072 seconds
[2024-11-03T09:52:50.279+0000] {processor.py:161} INFO - Started process (PID=6586) to work on /home/airflow/.local/lib/python3.11/site-packages/airflow/example_dags/example_latest_only_with_trigger.py
[2024-11-03T09:52:50.280+0000] {processor.py:830} INFO - Processing file /home/airflow/.local/lib/python3.11/site-packages/airflow/example_dags/example_latest_only_with_trigger.py for tasks to queue
[2024-11-03T09:52:50.281+0000] {logging_mixin.py:188} INFO - [2024-11-03T09:52:50.280+0000] {dagbag.py:545} INFO - Filling up the DagBag from /home/airflow/.local/lib/python3.11/site-packages/airflow/example_dags/example_latest_only_with_trigger.py
[2024-11-03T09:52:50.286+0000] {processor.py:840} INFO - DAG(s) 'latest_only_with_trigger' retrieved from /home/airflow/.local/lib/python3.11/site-packages/airflow/example_dags/example_latest_only_with_trigger.py
[2024-11-03T09:52:50.306+0000] {logging_mixin.py:188} INFO - [2024-11-03T09:52:50.306+0000] {dag.py:3096} INFO - Sync 1 DAGs
[2024-11-03T09:52:50.324+0000] {logging_mixin.py:188} INFO - [2024-11-03T09:52:50.324+0000] {dag.py:3954} INFO - Setting next_dagrun for latest_only_with_trigger to 2024-11-03 04:00:00+00:00, run_after=2024-11-03 08:00:00+00:00
[2024-11-03T09:52:50.341+0000] {processor.py:183} INFO - Processing /home/airflow/.local/lib/python3.11/site-packages/airflow/example_dags/example_latest_only_with_trigger.py took 0.067 seconds
[2024-11-03T09:53:20.509+0000] {processor.py:161} INFO - Started process (PID=6854) to work on /home/airflow/.local/lib/python3.11/site-packages/airflow/example_dags/example_latest_only_with_trigger.py
[2024-11-03T09:53:20.510+0000] {processor.py:830} INFO - Processing file /home/airflow/.local/lib/python3.11/site-packages/airflow/example_dags/example_latest_only_with_trigger.py for tasks to queue
[2024-11-03T09:53:20.511+0000] {logging_mixin.py:188} INFO - [2024-11-03T09:53:20.511+0000] {dagbag.py:545} INFO - Filling up the DagBag from /home/airflow/.local/lib/python3.11/site-packages/airflow/example_dags/example_latest_only_with_trigger.py
[2024-11-03T09:53:20.516+0000] {processor.py:840} INFO - DAG(s) 'latest_only_with_trigger' retrieved from /home/airflow/.local/lib/python3.11/site-packages/airflow/example_dags/example_latest_only_with_trigger.py
[2024-11-03T09:53:20.535+0000] {logging_mixin.py:188} INFO - [2024-11-03T09:53:20.535+0000] {dag.py:3096} INFO - Sync 1 DAGs
[2024-11-03T09:53:20.553+0000] {logging_mixin.py:188} INFO - [2024-11-03T09:53:20.553+0000] {dag.py:3954} INFO - Setting next_dagrun for latest_only_with_trigger to 2024-11-03 04:00:00+00:00, run_after=2024-11-03 08:00:00+00:00
[2024-11-03T09:53:20.570+0000] {processor.py:183} INFO - Processing /home/airflow/.local/lib/python3.11/site-packages/airflow/example_dags/example_latest_only_with_trigger.py took 0.066 seconds
[2024-11-03T09:53:50.724+0000] {processor.py:161} INFO - Started process (PID=7140) to work on /home/airflow/.local/lib/python3.11/site-packages/airflow/example_dags/example_latest_only_with_trigger.py
[2024-11-03T09:53:50.726+0000] {processor.py:830} INFO - Processing file /home/airflow/.local/lib/python3.11/site-packages/airflow/example_dags/example_latest_only_with_trigger.py for tasks to queue
[2024-11-03T09:53:50.727+0000] {logging_mixin.py:188} INFO - [2024-11-03T09:53:50.726+0000] {dagbag.py:545} INFO - Filling up the DagBag from /home/airflow/.local/lib/python3.11/site-packages/airflow/example_dags/example_latest_only_with_trigger.py
[2024-11-03T09:53:50.733+0000] {processor.py:840} INFO - DAG(s) 'latest_only_with_trigger' retrieved from /home/airflow/.local/lib/python3.11/site-packages/airflow/example_dags/example_latest_only_with_trigger.py
[2024-11-03T09:53:50.752+0000] {logging_mixin.py:188} INFO - [2024-11-03T09:53:50.752+0000] {dag.py:3096} INFO - Sync 1 DAGs
[2024-11-03T09:53:50.770+0000] {logging_mixin.py:188} INFO - [2024-11-03T09:53:50.770+0000] {dag.py:3954} INFO - Setting next_dagrun for latest_only_with_trigger to 2024-11-03 04:00:00+00:00, run_after=2024-11-03 08:00:00+00:00
[2024-11-03T09:53:50.785+0000] {processor.py:183} INFO - Processing /home/airflow/.local/lib/python3.11/site-packages/airflow/example_dags/example_latest_only_with_trigger.py took 0.066 seconds
[2024-11-03T09:54:20.900+0000] {processor.py:161} INFO - Started process (PID=7406) to work on /home/airflow/.local/lib/python3.11/site-packages/airflow/example_dags/example_latest_only_with_trigger.py
[2024-11-03T09:54:20.901+0000] {processor.py:830} INFO - Processing file /home/airflow/.local/lib/python3.11/site-packages/airflow/example_dags/example_latest_only_with_trigger.py for tasks to queue
[2024-11-03T09:54:20.901+0000] {logging_mixin.py:188} INFO - [2024-11-03T09:54:20.901+0000] {dagbag.py:545} INFO - Filling up the DagBag from /home/airflow/.local/lib/python3.11/site-packages/airflow/example_dags/example_latest_only_with_trigger.py
[2024-11-03T09:54:20.907+0000] {processor.py:840} INFO - DAG(s) 'latest_only_with_trigger' retrieved from /home/airflow/.local/lib/python3.11/site-packages/airflow/example_dags/example_latest_only_with_trigger.py
[2024-11-03T09:54:20.924+0000] {logging_mixin.py:188} INFO - [2024-11-03T09:54:20.924+0000] {dag.py:3096} INFO - Sync 1 DAGs
[2024-11-03T09:54:20.943+0000] {logging_mixin.py:188} INFO - [2024-11-03T09:54:20.943+0000] {dag.py:3954} INFO - Setting next_dagrun for latest_only_with_trigger to 2024-11-03 04:00:00+00:00, run_after=2024-11-03 08:00:00+00:00
[2024-11-03T09:54:20.958+0000] {processor.py:183} INFO - Processing /home/airflow/.local/lib/python3.11/site-packages/airflow/example_dags/example_latest_only_with_trigger.py took 0.064 seconds
[2024-11-03T09:54:51.487+0000] {processor.py:161} INFO - Started process (PID=7670) to work on /home/airflow/.local/lib/python3.11/site-packages/airflow/example_dags/example_latest_only_with_trigger.py
[2024-11-03T09:54:51.488+0000] {processor.py:830} INFO - Processing file /home/airflow/.local/lib/python3.11/site-packages/airflow/example_dags/example_latest_only_with_trigger.py for tasks to queue
[2024-11-03T09:54:51.488+0000] {logging_mixin.py:188} INFO - [2024-11-03T09:54:51.488+0000] {dagbag.py:545} INFO - Filling up the DagBag from /home/airflow/.local/lib/python3.11/site-packages/airflow/example_dags/example_latest_only_with_trigger.py
[2024-11-03T09:54:51.494+0000] {processor.py:840} INFO - DAG(s) 'latest_only_with_trigger' retrieved from /home/airflow/.local/lib/python3.11/site-packages/airflow/example_dags/example_latest_only_with_trigger.py
[2024-11-03T09:54:51.512+0000] {logging_mixin.py:188} INFO - [2024-11-03T09:54:51.512+0000] {dag.py:3096} INFO - Sync 1 DAGs
[2024-11-03T09:54:51.528+0000] {logging_mixin.py:188} INFO - [2024-11-03T09:54:51.528+0000] {dag.py:3954} INFO - Setting next_dagrun for latest_only_with_trigger to 2024-11-03 04:00:00+00:00, run_after=2024-11-03 08:00:00+00:00
[2024-11-03T09:54:51.545+0000] {processor.py:183} INFO - Processing /home/airflow/.local/lib/python3.11/site-packages/airflow/example_dags/example_latest_only_with_trigger.py took 0.063 seconds
[2024-11-03T09:55:22.012+0000] {processor.py:161} INFO - Started process (PID=7938) to work on /home/airflow/.local/lib/python3.11/site-packages/airflow/example_dags/example_latest_only_with_trigger.py
[2024-11-03T09:55:22.013+0000] {processor.py:830} INFO - Processing file /home/airflow/.local/lib/python3.11/site-packages/airflow/example_dags/example_latest_only_with_trigger.py for tasks to queue
[2024-11-03T09:55:22.014+0000] {logging_mixin.py:188} INFO - [2024-11-03T09:55:22.014+0000] {dagbag.py:545} INFO - Filling up the DagBag from /home/airflow/.local/lib/python3.11/site-packages/airflow/example_dags/example_latest_only_with_trigger.py
[2024-11-03T09:55:22.019+0000] {processor.py:840} INFO - DAG(s) 'latest_only_with_trigger' retrieved from /home/airflow/.local/lib/python3.11/site-packages/airflow/example_dags/example_latest_only_with_trigger.py
[2024-11-03T09:55:22.038+0000] {logging_mixin.py:188} INFO - [2024-11-03T09:55:22.038+0000] {dag.py:3096} INFO - Sync 1 DAGs
[2024-11-03T09:55:22.056+0000] {logging_mixin.py:188} INFO - [2024-11-03T09:55:22.056+0000] {dag.py:3954} INFO - Setting next_dagrun for latest_only_with_trigger to 2024-11-03 04:00:00+00:00, run_after=2024-11-03 08:00:00+00:00
[2024-11-03T09:55:22.073+0000] {processor.py:183} INFO - Processing /home/airflow/.local/lib/python3.11/site-packages/airflow/example_dags/example_latest_only_with_trigger.py took 0.066 seconds
[2024-11-03T09:55:52.594+0000] {processor.py:161} INFO - Started process (PID=8202) to work on /home/airflow/.local/lib/python3.11/site-packages/airflow/example_dags/example_latest_only_with_trigger.py
[2024-11-03T09:55:52.595+0000] {processor.py:830} INFO - Processing file /home/airflow/.local/lib/python3.11/site-packages/airflow/example_dags/example_latest_only_with_trigger.py for tasks to queue
[2024-11-03T09:55:52.595+0000] {logging_mixin.py:188} INFO - [2024-11-03T09:55:52.595+0000] {dagbag.py:545} INFO - Filling up the DagBag from /home/airflow/.local/lib/python3.11/site-packages/airflow/example_dags/example_latest_only_with_trigger.py
[2024-11-03T09:55:52.601+0000] {processor.py:840} INFO - DAG(s) 'latest_only_with_trigger' retrieved from /home/airflow/.local/lib/python3.11/site-packages/airflow/example_dags/example_latest_only_with_trigger.py
[2024-11-03T09:55:52.619+0000] {logging_mixin.py:188} INFO - [2024-11-03T09:55:52.618+0000] {dag.py:3096} INFO - Sync 1 DAGs
[2024-11-03T09:55:52.635+0000] {logging_mixin.py:188} INFO - [2024-11-03T09:55:52.635+0000] {dag.py:3954} INFO - Setting next_dagrun for latest_only_with_trigger to 2024-11-03 04:00:00+00:00, run_after=2024-11-03 08:00:00+00:00
[2024-11-03T09:55:52.651+0000] {processor.py:183} INFO - Processing /home/airflow/.local/lib/python3.11/site-packages/airflow/example_dags/example_latest_only_with_trigger.py took 0.062 seconds
[2024-11-03T16:27:44.541+0000] {processor.py:161} INFO - Started process (PID=340) to work on /home/airflow/.local/lib/python3.11/site-packages/airflow/example_dags/example_latest_only_with_trigger.py
[2024-11-03T16:27:44.543+0000] {processor.py:830} INFO - Processing file /home/airflow/.local/lib/python3.11/site-packages/airflow/example_dags/example_latest_only_with_trigger.py for tasks to queue
[2024-11-03T16:27:44.545+0000] {logging_mixin.py:188} INFO - [2024-11-03T16:27:44.545+0000] {dagbag.py:545} INFO - Filling up the DagBag from /home/airflow/.local/lib/python3.11/site-packages/airflow/example_dags/example_latest_only_with_trigger.py
[2024-11-03T16:27:44.556+0000] {processor.py:840} INFO - DAG(s) 'latest_only_with_trigger' retrieved from /home/airflow/.local/lib/python3.11/site-packages/airflow/example_dags/example_latest_only_with_trigger.py
[2024-11-03T16:27:44.574+0000] {logging_mixin.py:188} INFO - [2024-11-03T16:27:44.574+0000] {dag.py:3096} INFO - Sync 1 DAGs
[2024-11-03T16:27:44.605+0000] {logging_mixin.py:188} INFO - [2024-11-03T16:27:44.605+0000] {dag.py:3954} INFO - Setting next_dagrun for latest_only_with_trigger to 2024-11-03 12:00:00+00:00, run_after=2024-11-03 16:00:00+00:00
[2024-11-03T16:27:44.637+0000] {processor.py:183} INFO - Processing /home/airflow/.local/lib/python3.11/site-packages/airflow/example_dags/example_latest_only_with_trigger.py took 0.102 seconds
[2024-11-03T16:28:15.967+0000] {processor.py:161} INFO - Started process (PID=607) to work on /home/airflow/.local/lib/python3.11/site-packages/airflow/example_dags/example_latest_only_with_trigger.py
[2024-11-03T16:28:15.968+0000] {processor.py:830} INFO - Processing file /home/airflow/.local/lib/python3.11/site-packages/airflow/example_dags/example_latest_only_with_trigger.py for tasks to queue
[2024-11-03T16:28:15.970+0000] {logging_mixin.py:188} INFO - [2024-11-03T16:28:15.970+0000] {dagbag.py:545} INFO - Filling up the DagBag from /home/airflow/.local/lib/python3.11/site-packages/airflow/example_dags/example_latest_only_with_trigger.py
[2024-11-03T16:28:15.975+0000] {processor.py:840} INFO - DAG(s) 'latest_only_with_trigger' retrieved from /home/airflow/.local/lib/python3.11/site-packages/airflow/example_dags/example_latest_only_with_trigger.py
[2024-11-03T16:28:16.073+0000] {logging_mixin.py:188} INFO - [2024-11-03T16:28:16.073+0000] {dag.py:3096} INFO - Sync 1 DAGs
[2024-11-03T16:28:16.091+0000] {logging_mixin.py:188} INFO - [2024-11-03T16:28:16.091+0000] {dag.py:3954} INFO - Setting next_dagrun for latest_only_with_trigger to 2024-11-03 12:00:00+00:00, run_after=2024-11-03 16:00:00+00:00
[2024-11-03T16:28:16.115+0000] {processor.py:183} INFO - Processing /home/airflow/.local/lib/python3.11/site-packages/airflow/example_dags/example_latest_only_with_trigger.py took 0.154 seconds
