[2024-11-03T09:41:04.922+0000] {processor.py:161} INFO - Started process (PID=242) to work on /home/airflow/.local/lib/python3.11/site-packages/airflow/example_dags/example_sensor_decorator.py
[2024-11-03T09:41:04.923+0000] {processor.py:830} INFO - Processing file /home/airflow/.local/lib/python3.11/site-packages/airflow/example_dags/example_sensor_decorator.py for tasks to queue
[2024-11-03T09:41:04.925+0000] {logging_mixin.py:188} INFO - [2024-11-03T09:41:04.925+0000] {dagbag.py:545} INFO - Filling up the DagBag from /home/airflow/.local/lib/python3.11/site-packages/airflow/example_dags/example_sensor_decorator.py
[2024-11-03T09:41:04.933+0000] {processor.py:840} INFO - DAG(s) 'example_sensor_decorator' retrieved from /home/airflow/.local/lib/python3.11/site-packages/airflow/example_dags/example_sensor_decorator.py
[2024-11-03T09:41:04.943+0000] {logging_mixin.py:188} INFO - [2024-11-03T09:41:04.943+0000] {dag.py:3096} INFO - Sync 1 DAGs
[2024-11-03T09:41:04.955+0000] {logging_mixin.py:188} INFO - [2024-11-03T09:41:04.954+0000] {dag.py:3954} INFO - Setting next_dagrun for example_sensor_decorator to None, run_after=None
[2024-11-03T09:41:04.972+0000] {processor.py:183} INFO - Processing /home/airflow/.local/lib/python3.11/site-packages/airflow/example_dags/example_sensor_decorator.py took 0.056 seconds
[2024-11-03T09:41:35.548+0000] {processor.py:161} INFO - Started process (PID=506) to work on /home/airflow/.local/lib/python3.11/site-packages/airflow/example_dags/example_sensor_decorator.py
[2024-11-03T09:41:35.549+0000] {processor.py:830} INFO - Processing file /home/airflow/.local/lib/python3.11/site-packages/airflow/example_dags/example_sensor_decorator.py for tasks to queue
[2024-11-03T09:41:35.551+0000] {logging_mixin.py:188} INFO - [2024-11-03T09:41:35.551+0000] {dagbag.py:545} INFO - Filling up the DagBag from /home/airflow/.local/lib/python3.11/site-packages/airflow/example_dags/example_sensor_decorator.py
[2024-11-03T09:41:35.556+0000] {processor.py:840} INFO - DAG(s) 'example_sensor_decorator' retrieved from /home/airflow/.local/lib/python3.11/site-packages/airflow/example_dags/example_sensor_decorator.py
[2024-11-03T09:41:35.632+0000] {logging_mixin.py:188} INFO - [2024-11-03T09:41:35.631+0000] {dag.py:3096} INFO - Sync 1 DAGs
[2024-11-03T09:41:35.643+0000] {logging_mixin.py:188} INFO - [2024-11-03T09:41:35.642+0000] {dag.py:3954} INFO - Setting next_dagrun for example_sensor_decorator to None, run_after=None
[2024-11-03T09:41:35.660+0000] {processor.py:183} INFO - Processing /home/airflow/.local/lib/python3.11/site-packages/airflow/example_dags/example_sensor_decorator.py took 0.116 seconds
[2024-11-03T09:42:05.929+0000] {processor.py:161} INFO - Started process (PID=772) to work on /home/airflow/.local/lib/python3.11/site-packages/airflow/example_dags/example_sensor_decorator.py
[2024-11-03T09:42:05.930+0000] {processor.py:830} INFO - Processing file /home/airflow/.local/lib/python3.11/site-packages/airflow/example_dags/example_sensor_decorator.py for tasks to queue
[2024-11-03T09:42:05.932+0000] {logging_mixin.py:188} INFO - [2024-11-03T09:42:05.932+0000] {dagbag.py:545} INFO - Filling up the DagBag from /home/airflow/.local/lib/python3.11/site-packages/airflow/example_dags/example_sensor_decorator.py
[2024-11-03T09:42:05.937+0000] {processor.py:840} INFO - DAG(s) 'example_sensor_decorator' retrieved from /home/airflow/.local/lib/python3.11/site-packages/airflow/example_dags/example_sensor_decorator.py
[2024-11-03T09:42:05.957+0000] {logging_mixin.py:188} INFO - [2024-11-03T09:42:05.957+0000] {dag.py:3096} INFO - Sync 1 DAGs
[2024-11-03T09:42:05.968+0000] {logging_mixin.py:188} INFO - [2024-11-03T09:42:05.967+0000] {dag.py:3954} INFO - Setting next_dagrun for example_sensor_decorator to None, run_after=None
[2024-11-03T09:42:05.984+0000] {processor.py:183} INFO - Processing /home/airflow/.local/lib/python3.11/site-packages/airflow/example_dags/example_sensor_decorator.py took 0.061 seconds
[2024-11-03T09:42:37.100+0000] {processor.py:161} INFO - Started process (PID=1038) to work on /home/airflow/.local/lib/python3.11/site-packages/airflow/example_dags/example_sensor_decorator.py
[2024-11-03T09:42:37.101+0000] {processor.py:830} INFO - Processing file /home/airflow/.local/lib/python3.11/site-packages/airflow/example_dags/example_sensor_decorator.py for tasks to queue
[2024-11-03T09:42:37.103+0000] {logging_mixin.py:188} INFO - [2024-11-03T09:42:37.103+0000] {dagbag.py:545} INFO - Filling up the DagBag from /home/airflow/.local/lib/python3.11/site-packages/airflow/example_dags/example_sensor_decorator.py
[2024-11-03T09:42:37.109+0000] {processor.py:840} INFO - DAG(s) 'example_sensor_decorator' retrieved from /home/airflow/.local/lib/python3.11/site-packages/airflow/example_dags/example_sensor_decorator.py
[2024-11-03T09:42:37.131+0000] {logging_mixin.py:188} INFO - [2024-11-03T09:42:37.130+0000] {dag.py:3096} INFO - Sync 1 DAGs
[2024-11-03T09:42:37.143+0000] {logging_mixin.py:188} INFO - [2024-11-03T09:42:37.143+0000] {dag.py:3954} INFO - Setting next_dagrun for example_sensor_decorator to None, run_after=None
[2024-11-03T09:42:37.163+0000] {processor.py:183} INFO - Processing /home/airflow/.local/lib/python3.11/site-packages/airflow/example_dags/example_sensor_decorator.py took 0.068 seconds
[2024-11-03T09:43:07.516+0000] {processor.py:161} INFO - Started process (PID=1309) to work on /home/airflow/.local/lib/python3.11/site-packages/airflow/example_dags/example_sensor_decorator.py
[2024-11-03T09:43:07.517+0000] {processor.py:830} INFO - Processing file /home/airflow/.local/lib/python3.11/site-packages/airflow/example_dags/example_sensor_decorator.py for tasks to queue
[2024-11-03T09:43:07.519+0000] {logging_mixin.py:188} INFO - [2024-11-03T09:43:07.519+0000] {dagbag.py:545} INFO - Filling up the DagBag from /home/airflow/.local/lib/python3.11/site-packages/airflow/example_dags/example_sensor_decorator.py
[2024-11-03T09:43:07.524+0000] {processor.py:840} INFO - DAG(s) 'example_sensor_decorator' retrieved from /home/airflow/.local/lib/python3.11/site-packages/airflow/example_dags/example_sensor_decorator.py
[2024-11-03T09:43:07.541+0000] {logging_mixin.py:188} INFO - [2024-11-03T09:43:07.541+0000] {dag.py:3096} INFO - Sync 1 DAGs
[2024-11-03T09:43:07.551+0000] {logging_mixin.py:188} INFO - [2024-11-03T09:43:07.551+0000] {dag.py:3954} INFO - Setting next_dagrun for example_sensor_decorator to None, run_after=None
[2024-11-03T09:43:07.573+0000] {processor.py:183} INFO - Processing /home/airflow/.local/lib/python3.11/site-packages/airflow/example_dags/example_sensor_decorator.py took 0.062 seconds
[2024-11-03T09:43:38.443+0000] {processor.py:161} INFO - Started process (PID=1587) to work on /home/airflow/.local/lib/python3.11/site-packages/airflow/example_dags/example_sensor_decorator.py
[2024-11-03T09:43:38.444+0000] {processor.py:830} INFO - Processing file /home/airflow/.local/lib/python3.11/site-packages/airflow/example_dags/example_sensor_decorator.py for tasks to queue
[2024-11-03T09:43:38.446+0000] {logging_mixin.py:188} INFO - [2024-11-03T09:43:38.445+0000] {dagbag.py:545} INFO - Filling up the DagBag from /home/airflow/.local/lib/python3.11/site-packages/airflow/example_dags/example_sensor_decorator.py
[2024-11-03T09:43:38.452+0000] {processor.py:840} INFO - DAG(s) 'example_sensor_decorator' retrieved from /home/airflow/.local/lib/python3.11/site-packages/airflow/example_dags/example_sensor_decorator.py
[2024-11-03T09:43:38.471+0000] {logging_mixin.py:188} INFO - [2024-11-03T09:43:38.471+0000] {dag.py:3096} INFO - Sync 1 DAGs
[2024-11-03T09:43:38.491+0000] {logging_mixin.py:188} INFO - [2024-11-03T09:43:38.490+0000] {dag.py:3954} INFO - Setting next_dagrun for example_sensor_decorator to None, run_after=None
[2024-11-03T09:43:38.523+0000] {processor.py:183} INFO - Processing /home/airflow/.local/lib/python3.11/site-packages/airflow/example_dags/example_sensor_decorator.py took 0.085 seconds
[2024-11-03T09:44:09.236+0000] {processor.py:161} INFO - Started process (PID=1853) to work on /home/airflow/.local/lib/python3.11/site-packages/airflow/example_dags/example_sensor_decorator.py
[2024-11-03T09:44:09.238+0000] {processor.py:830} INFO - Processing file /home/airflow/.local/lib/python3.11/site-packages/airflow/example_dags/example_sensor_decorator.py for tasks to queue
[2024-11-03T09:44:09.240+0000] {logging_mixin.py:188} INFO - [2024-11-03T09:44:09.240+0000] {dagbag.py:545} INFO - Filling up the DagBag from /home/airflow/.local/lib/python3.11/site-packages/airflow/example_dags/example_sensor_decorator.py
[2024-11-03T09:44:09.246+0000] {processor.py:840} INFO - DAG(s) 'example_sensor_decorator' retrieved from /home/airflow/.local/lib/python3.11/site-packages/airflow/example_dags/example_sensor_decorator.py
[2024-11-03T09:44:09.267+0000] {logging_mixin.py:188} INFO - [2024-11-03T09:44:09.267+0000] {dag.py:3096} INFO - Sync 1 DAGs
[2024-11-03T09:44:09.278+0000] {logging_mixin.py:188} INFO - [2024-11-03T09:44:09.278+0000] {dag.py:3954} INFO - Setting next_dagrun for example_sensor_decorator to None, run_after=None
[2024-11-03T09:44:09.296+0000] {processor.py:183} INFO - Processing /home/airflow/.local/lib/python3.11/site-packages/airflow/example_dags/example_sensor_decorator.py took 0.067 seconds
[2024-11-03T09:44:39.370+0000] {processor.py:161} INFO - Started process (PID=2144) to work on /home/airflow/.local/lib/python3.11/site-packages/airflow/example_dags/example_sensor_decorator.py
[2024-11-03T09:44:39.371+0000] {processor.py:830} INFO - Processing file /home/airflow/.local/lib/python3.11/site-packages/airflow/example_dags/example_sensor_decorator.py for tasks to queue
[2024-11-03T09:44:39.373+0000] {logging_mixin.py:188} INFO - [2024-11-03T09:44:39.372+0000] {dagbag.py:545} INFO - Filling up the DagBag from /home/airflow/.local/lib/python3.11/site-packages/airflow/example_dags/example_sensor_decorator.py
[2024-11-03T09:44:39.378+0000] {processor.py:840} INFO - DAG(s) 'example_sensor_decorator' retrieved from /home/airflow/.local/lib/python3.11/site-packages/airflow/example_dags/example_sensor_decorator.py
[2024-11-03T09:44:39.395+0000] {logging_mixin.py:188} INFO - [2024-11-03T09:44:39.394+0000] {dag.py:3096} INFO - Sync 1 DAGs
[2024-11-03T09:44:39.404+0000] {logging_mixin.py:188} INFO - [2024-11-03T09:44:39.404+0000] {dag.py:3954} INFO - Setting next_dagrun for example_sensor_decorator to None, run_after=None
[2024-11-03T09:44:39.419+0000] {processor.py:183} INFO - Processing /home/airflow/.local/lib/python3.11/site-packages/airflow/example_dags/example_sensor_decorator.py took 0.054 seconds
[2024-11-03T09:45:09.480+0000] {processor.py:161} INFO - Started process (PID=2420) to work on /home/airflow/.local/lib/python3.11/site-packages/airflow/example_dags/example_sensor_decorator.py
[2024-11-03T09:45:09.481+0000] {processor.py:830} INFO - Processing file /home/airflow/.local/lib/python3.11/site-packages/airflow/example_dags/example_sensor_decorator.py for tasks to queue
[2024-11-03T09:45:09.483+0000] {logging_mixin.py:188} INFO - [2024-11-03T09:45:09.483+0000] {dagbag.py:545} INFO - Filling up the DagBag from /home/airflow/.local/lib/python3.11/site-packages/airflow/example_dags/example_sensor_decorator.py
[2024-11-03T09:45:09.490+0000] {processor.py:840} INFO - DAG(s) 'example_sensor_decorator' retrieved from /home/airflow/.local/lib/python3.11/site-packages/airflow/example_dags/example_sensor_decorator.py
[2024-11-03T09:45:09.508+0000] {logging_mixin.py:188} INFO - [2024-11-03T09:45:09.508+0000] {dag.py:3096} INFO - Sync 1 DAGs
[2024-11-03T09:45:09.518+0000] {logging_mixin.py:188} INFO - [2024-11-03T09:45:09.517+0000] {dag.py:3954} INFO - Setting next_dagrun for example_sensor_decorator to None, run_after=None
[2024-11-03T09:45:09.534+0000] {processor.py:183} INFO - Processing /home/airflow/.local/lib/python3.11/site-packages/airflow/example_dags/example_sensor_decorator.py took 0.060 seconds
[2024-11-03T09:45:39.653+0000] {processor.py:161} INFO - Started process (PID=2694) to work on /home/airflow/.local/lib/python3.11/site-packages/airflow/example_dags/example_sensor_decorator.py
[2024-11-03T09:45:39.654+0000] {processor.py:830} INFO - Processing file /home/airflow/.local/lib/python3.11/site-packages/airflow/example_dags/example_sensor_decorator.py for tasks to queue
[2024-11-03T09:45:39.656+0000] {logging_mixin.py:188} INFO - [2024-11-03T09:45:39.655+0000] {dagbag.py:545} INFO - Filling up the DagBag from /home/airflow/.local/lib/python3.11/site-packages/airflow/example_dags/example_sensor_decorator.py
[2024-11-03T09:45:39.661+0000] {processor.py:840} INFO - DAG(s) 'example_sensor_decorator' retrieved from /home/airflow/.local/lib/python3.11/site-packages/airflow/example_dags/example_sensor_decorator.py
[2024-11-03T09:45:39.680+0000] {logging_mixin.py:188} INFO - [2024-11-03T09:45:39.680+0000] {dag.py:3096} INFO - Sync 1 DAGs
[2024-11-03T09:45:39.690+0000] {logging_mixin.py:188} INFO - [2024-11-03T09:45:39.690+0000] {dag.py:3954} INFO - Setting next_dagrun for example_sensor_decorator to None, run_after=None
[2024-11-03T09:45:39.705+0000] {processor.py:183} INFO - Processing /home/airflow/.local/lib/python3.11/site-packages/airflow/example_dags/example_sensor_decorator.py took 0.057 seconds
[2024-11-03T09:46:10.658+0000] {processor.py:161} INFO - Started process (PID=2967) to work on /home/airflow/.local/lib/python3.11/site-packages/airflow/example_dags/example_sensor_decorator.py
[2024-11-03T09:46:10.659+0000] {processor.py:830} INFO - Processing file /home/airflow/.local/lib/python3.11/site-packages/airflow/example_dags/example_sensor_decorator.py for tasks to queue
[2024-11-03T09:46:10.660+0000] {logging_mixin.py:188} INFO - [2024-11-03T09:46:10.659+0000] {dagbag.py:545} INFO - Filling up the DagBag from /home/airflow/.local/lib/python3.11/site-packages/airflow/example_dags/example_sensor_decorator.py
[2024-11-03T09:46:10.665+0000] {processor.py:840} INFO - DAG(s) 'example_sensor_decorator' retrieved from /home/airflow/.local/lib/python3.11/site-packages/airflow/example_dags/example_sensor_decorator.py
[2024-11-03T09:46:10.683+0000] {logging_mixin.py:188} INFO - [2024-11-03T09:46:10.683+0000] {dag.py:3096} INFO - Sync 1 DAGs
[2024-11-03T09:46:10.693+0000] {logging_mixin.py:188} INFO - [2024-11-03T09:46:10.693+0000] {dag.py:3954} INFO - Setting next_dagrun for example_sensor_decorator to None, run_after=None
[2024-11-03T09:46:10.713+0000] {processor.py:183} INFO - Processing /home/airflow/.local/lib/python3.11/site-packages/airflow/example_dags/example_sensor_decorator.py took 0.060 seconds
[2024-11-03T09:46:40.848+0000] {processor.py:161} INFO - Started process (PID=3266) to work on /home/airflow/.local/lib/python3.11/site-packages/airflow/example_dags/example_sensor_decorator.py
[2024-11-03T09:46:40.849+0000] {processor.py:830} INFO - Processing file /home/airflow/.local/lib/python3.11/site-packages/airflow/example_dags/example_sensor_decorator.py for tasks to queue
[2024-11-03T09:46:40.850+0000] {logging_mixin.py:188} INFO - [2024-11-03T09:46:40.850+0000] {dagbag.py:545} INFO - Filling up the DagBag from /home/airflow/.local/lib/python3.11/site-packages/airflow/example_dags/example_sensor_decorator.py
[2024-11-03T09:46:40.858+0000] {processor.py:840} INFO - DAG(s) 'example_sensor_decorator' retrieved from /home/airflow/.local/lib/python3.11/site-packages/airflow/example_dags/example_sensor_decorator.py
[2024-11-03T09:46:40.884+0000] {logging_mixin.py:188} INFO - [2024-11-03T09:46:40.884+0000] {dag.py:3096} INFO - Sync 1 DAGs
[2024-11-03T09:46:40.897+0000] {logging_mixin.py:188} INFO - [2024-11-03T09:46:40.897+0000] {dag.py:3954} INFO - Setting next_dagrun for example_sensor_decorator to None, run_after=None
[2024-11-03T09:46:40.923+0000] {processor.py:183} INFO - Processing /home/airflow/.local/lib/python3.11/site-packages/airflow/example_dags/example_sensor_decorator.py took 0.081 seconds
[2024-11-03T09:47:11.870+0000] {processor.py:161} INFO - Started process (PID=3534) to work on /home/airflow/.local/lib/python3.11/site-packages/airflow/example_dags/example_sensor_decorator.py
[2024-11-03T09:47:11.872+0000] {processor.py:830} INFO - Processing file /home/airflow/.local/lib/python3.11/site-packages/airflow/example_dags/example_sensor_decorator.py for tasks to queue
[2024-11-03T09:47:11.874+0000] {logging_mixin.py:188} INFO - [2024-11-03T09:47:11.873+0000] {dagbag.py:545} INFO - Filling up the DagBag from /home/airflow/.local/lib/python3.11/site-packages/airflow/example_dags/example_sensor_decorator.py
[2024-11-03T09:47:11.883+0000] {processor.py:840} INFO - DAG(s) 'example_sensor_decorator' retrieved from /home/airflow/.local/lib/python3.11/site-packages/airflow/example_dags/example_sensor_decorator.py
[2024-11-03T09:47:11.906+0000] {logging_mixin.py:188} INFO - [2024-11-03T09:47:11.906+0000] {dag.py:3096} INFO - Sync 1 DAGs
[2024-11-03T09:47:11.923+0000] {logging_mixin.py:188} INFO - [2024-11-03T09:47:11.922+0000] {dag.py:3954} INFO - Setting next_dagrun for example_sensor_decorator to None, run_after=None
[2024-11-03T09:47:11.941+0000] {processor.py:183} INFO - Processing /home/airflow/.local/lib/python3.11/site-packages/airflow/example_dags/example_sensor_decorator.py took 0.077 seconds
[2024-11-03T09:47:42.081+0000] {processor.py:161} INFO - Started process (PID=3798) to work on /home/airflow/.local/lib/python3.11/site-packages/airflow/example_dags/example_sensor_decorator.py
[2024-11-03T09:47:42.082+0000] {processor.py:830} INFO - Processing file /home/airflow/.local/lib/python3.11/site-packages/airflow/example_dags/example_sensor_decorator.py for tasks to queue
[2024-11-03T09:47:42.083+0000] {logging_mixin.py:188} INFO - [2024-11-03T09:47:42.083+0000] {dagbag.py:545} INFO - Filling up the DagBag from /home/airflow/.local/lib/python3.11/site-packages/airflow/example_dags/example_sensor_decorator.py
[2024-11-03T09:47:42.088+0000] {processor.py:840} INFO - DAG(s) 'example_sensor_decorator' retrieved from /home/airflow/.local/lib/python3.11/site-packages/airflow/example_dags/example_sensor_decorator.py
[2024-11-03T09:47:42.105+0000] {logging_mixin.py:188} INFO - [2024-11-03T09:47:42.105+0000] {dag.py:3096} INFO - Sync 1 DAGs
[2024-11-03T09:47:42.115+0000] {logging_mixin.py:188} INFO - [2024-11-03T09:47:42.115+0000] {dag.py:3954} INFO - Setting next_dagrun for example_sensor_decorator to None, run_after=None
[2024-11-03T09:47:42.133+0000] {processor.py:183} INFO - Processing /home/airflow/.local/lib/python3.11/site-packages/airflow/example_dags/example_sensor_decorator.py took 0.058 seconds
[2024-11-03T09:48:12.996+0000] {processor.py:161} INFO - Started process (PID=4069) to work on /home/airflow/.local/lib/python3.11/site-packages/airflow/example_dags/example_sensor_decorator.py
[2024-11-03T09:48:12.997+0000] {processor.py:830} INFO - Processing file /home/airflow/.local/lib/python3.11/site-packages/airflow/example_dags/example_sensor_decorator.py for tasks to queue
[2024-11-03T09:48:12.998+0000] {logging_mixin.py:188} INFO - [2024-11-03T09:48:12.998+0000] {dagbag.py:545} INFO - Filling up the DagBag from /home/airflow/.local/lib/python3.11/site-packages/airflow/example_dags/example_sensor_decorator.py
[2024-11-03T09:48:13.004+0000] {processor.py:840} INFO - DAG(s) 'example_sensor_decorator' retrieved from /home/airflow/.local/lib/python3.11/site-packages/airflow/example_dags/example_sensor_decorator.py
[2024-11-03T09:48:13.022+0000] {logging_mixin.py:188} INFO - [2024-11-03T09:48:13.022+0000] {dag.py:3096} INFO - Sync 1 DAGs
[2024-11-03T09:48:13.035+0000] {logging_mixin.py:188} INFO - [2024-11-03T09:48:13.035+0000] {dag.py:3954} INFO - Setting next_dagrun for example_sensor_decorator to None, run_after=None
[2024-11-03T09:48:13.059+0000] {processor.py:183} INFO - Processing /home/airflow/.local/lib/python3.11/site-packages/airflow/example_dags/example_sensor_decorator.py took 0.069 seconds
[2024-11-03T09:48:43.232+0000] {processor.py:161} INFO - Started process (PID=4342) to work on /home/airflow/.local/lib/python3.11/site-packages/airflow/example_dags/example_sensor_decorator.py
[2024-11-03T09:48:43.233+0000] {processor.py:830} INFO - Processing file /home/airflow/.local/lib/python3.11/site-packages/airflow/example_dags/example_sensor_decorator.py for tasks to queue
[2024-11-03T09:48:43.234+0000] {logging_mixin.py:188} INFO - [2024-11-03T09:48:43.233+0000] {dagbag.py:545} INFO - Filling up the DagBag from /home/airflow/.local/lib/python3.11/site-packages/airflow/example_dags/example_sensor_decorator.py
[2024-11-03T09:48:43.239+0000] {processor.py:840} INFO - DAG(s) 'example_sensor_decorator' retrieved from /home/airflow/.local/lib/python3.11/site-packages/airflow/example_dags/example_sensor_decorator.py
[2024-11-03T09:48:43.258+0000] {logging_mixin.py:188} INFO - [2024-11-03T09:48:43.258+0000] {dag.py:3096} INFO - Sync 1 DAGs
[2024-11-03T09:48:43.269+0000] {logging_mixin.py:188} INFO - [2024-11-03T09:48:43.269+0000] {dag.py:3954} INFO - Setting next_dagrun for example_sensor_decorator to None, run_after=None
[2024-11-03T09:48:43.286+0000] {processor.py:183} INFO - Processing /home/airflow/.local/lib/python3.11/site-packages/airflow/example_dags/example_sensor_decorator.py took 0.059 seconds
[2024-11-03T09:49:14.013+0000] {processor.py:161} INFO - Started process (PID=4624) to work on /home/airflow/.local/lib/python3.11/site-packages/airflow/example_dags/example_sensor_decorator.py
[2024-11-03T09:49:14.014+0000] {processor.py:830} INFO - Processing file /home/airflow/.local/lib/python3.11/site-packages/airflow/example_dags/example_sensor_decorator.py for tasks to queue
[2024-11-03T09:49:14.015+0000] {logging_mixin.py:188} INFO - [2024-11-03T09:49:14.015+0000] {dagbag.py:545} INFO - Filling up the DagBag from /home/airflow/.local/lib/python3.11/site-packages/airflow/example_dags/example_sensor_decorator.py
[2024-11-03T09:49:14.021+0000] {processor.py:840} INFO - DAG(s) 'example_sensor_decorator' retrieved from /home/airflow/.local/lib/python3.11/site-packages/airflow/example_dags/example_sensor_decorator.py
[2024-11-03T09:49:14.045+0000] {logging_mixin.py:188} INFO - [2024-11-03T09:49:14.045+0000] {dag.py:3096} INFO - Sync 1 DAGs
[2024-11-03T09:49:14.058+0000] {logging_mixin.py:188} INFO - [2024-11-03T09:49:14.058+0000] {dag.py:3954} INFO - Setting next_dagrun for example_sensor_decorator to None, run_after=None
[2024-11-03T09:49:14.078+0000] {processor.py:183} INFO - Processing /home/airflow/.local/lib/python3.11/site-packages/airflow/example_dags/example_sensor_decorator.py took 0.072 seconds
[2024-11-03T09:49:44.169+0000] {processor.py:161} INFO - Started process (PID=4892) to work on /home/airflow/.local/lib/python3.11/site-packages/airflow/example_dags/example_sensor_decorator.py
[2024-11-03T09:49:44.171+0000] {processor.py:830} INFO - Processing file /home/airflow/.local/lib/python3.11/site-packages/airflow/example_dags/example_sensor_decorator.py for tasks to queue
[2024-11-03T09:49:44.171+0000] {logging_mixin.py:188} INFO - [2024-11-03T09:49:44.171+0000] {dagbag.py:545} INFO - Filling up the DagBag from /home/airflow/.local/lib/python3.11/site-packages/airflow/example_dags/example_sensor_decorator.py
[2024-11-03T09:49:44.177+0000] {processor.py:840} INFO - DAG(s) 'example_sensor_decorator' retrieved from /home/airflow/.local/lib/python3.11/site-packages/airflow/example_dags/example_sensor_decorator.py
[2024-11-03T09:49:44.195+0000] {logging_mixin.py:188} INFO - [2024-11-03T09:49:44.194+0000] {dag.py:3096} INFO - Sync 1 DAGs
[2024-11-03T09:49:44.205+0000] {logging_mixin.py:188} INFO - [2024-11-03T09:49:44.205+0000] {dag.py:3954} INFO - Setting next_dagrun for example_sensor_decorator to None, run_after=None
[2024-11-03T09:49:44.221+0000] {processor.py:183} INFO - Processing /home/airflow/.local/lib/python3.11/site-packages/airflow/example_dags/example_sensor_decorator.py took 0.057 seconds
[2024-11-03T09:50:14.454+0000] {processor.py:161} INFO - Started process (PID=5158) to work on /home/airflow/.local/lib/python3.11/site-packages/airflow/example_dags/example_sensor_decorator.py
[2024-11-03T09:50:14.455+0000] {processor.py:830} INFO - Processing file /home/airflow/.local/lib/python3.11/site-packages/airflow/example_dags/example_sensor_decorator.py for tasks to queue
[2024-11-03T09:50:14.456+0000] {logging_mixin.py:188} INFO - [2024-11-03T09:50:14.456+0000] {dagbag.py:545} INFO - Filling up the DagBag from /home/airflow/.local/lib/python3.11/site-packages/airflow/example_dags/example_sensor_decorator.py
[2024-11-03T09:50:14.462+0000] {processor.py:840} INFO - DAG(s) 'example_sensor_decorator' retrieved from /home/airflow/.local/lib/python3.11/site-packages/airflow/example_dags/example_sensor_decorator.py
[2024-11-03T09:50:14.479+0000] {logging_mixin.py:188} INFO - [2024-11-03T09:50:14.478+0000] {dag.py:3096} INFO - Sync 1 DAGs
[2024-11-03T09:50:14.491+0000] {logging_mixin.py:188} INFO - [2024-11-03T09:50:14.491+0000] {dag.py:3954} INFO - Setting next_dagrun for example_sensor_decorator to None, run_after=None
[2024-11-03T09:50:14.510+0000] {processor.py:183} INFO - Processing /home/airflow/.local/lib/python3.11/site-packages/airflow/example_dags/example_sensor_decorator.py took 0.061 seconds
[2024-11-03T09:50:44.687+0000] {processor.py:161} INFO - Started process (PID=5422) to work on /home/airflow/.local/lib/python3.11/site-packages/airflow/example_dags/example_sensor_decorator.py
[2024-11-03T09:50:44.688+0000] {processor.py:830} INFO - Processing file /home/airflow/.local/lib/python3.11/site-packages/airflow/example_dags/example_sensor_decorator.py for tasks to queue
[2024-11-03T09:50:44.689+0000] {logging_mixin.py:188} INFO - [2024-11-03T09:50:44.689+0000] {dagbag.py:545} INFO - Filling up the DagBag from /home/airflow/.local/lib/python3.11/site-packages/airflow/example_dags/example_sensor_decorator.py
[2024-11-03T09:50:44.694+0000] {processor.py:840} INFO - DAG(s) 'example_sensor_decorator' retrieved from /home/airflow/.local/lib/python3.11/site-packages/airflow/example_dags/example_sensor_decorator.py
[2024-11-03T09:50:44.713+0000] {logging_mixin.py:188} INFO - [2024-11-03T09:50:44.712+0000] {dag.py:3096} INFO - Sync 1 DAGs
[2024-11-03T09:50:44.723+0000] {logging_mixin.py:188} INFO - [2024-11-03T09:50:44.723+0000] {dag.py:3954} INFO - Setting next_dagrun for example_sensor_decorator to None, run_after=None
[2024-11-03T09:50:44.740+0000] {processor.py:183} INFO - Processing /home/airflow/.local/lib/python3.11/site-packages/airflow/example_dags/example_sensor_decorator.py took 0.058 seconds
[2024-11-03T09:51:15.420+0000] {processor.py:161} INFO - Started process (PID=5688) to work on /home/airflow/.local/lib/python3.11/site-packages/airflow/example_dags/example_sensor_decorator.py
[2024-11-03T09:51:15.421+0000] {processor.py:830} INFO - Processing file /home/airflow/.local/lib/python3.11/site-packages/airflow/example_dags/example_sensor_decorator.py for tasks to queue
[2024-11-03T09:51:15.422+0000] {logging_mixin.py:188} INFO - [2024-11-03T09:51:15.422+0000] {dagbag.py:545} INFO - Filling up the DagBag from /home/airflow/.local/lib/python3.11/site-packages/airflow/example_dags/example_sensor_decorator.py
[2024-11-03T09:51:15.430+0000] {processor.py:840} INFO - DAG(s) 'example_sensor_decorator' retrieved from /home/airflow/.local/lib/python3.11/site-packages/airflow/example_dags/example_sensor_decorator.py
[2024-11-03T09:51:15.449+0000] {logging_mixin.py:188} INFO - [2024-11-03T09:51:15.449+0000] {dag.py:3096} INFO - Sync 1 DAGs
[2024-11-03T09:51:15.461+0000] {logging_mixin.py:188} INFO - [2024-11-03T09:51:15.461+0000] {dag.py:3954} INFO - Setting next_dagrun for example_sensor_decorator to None, run_after=None
[2024-11-03T09:51:15.482+0000] {processor.py:183} INFO - Processing /home/airflow/.local/lib/python3.11/site-packages/airflow/example_dags/example_sensor_decorator.py took 0.069 seconds
[2024-11-03T09:51:46.163+0000] {processor.py:161} INFO - Started process (PID=5954) to work on /home/airflow/.local/lib/python3.11/site-packages/airflow/example_dags/example_sensor_decorator.py
[2024-11-03T09:51:46.164+0000] {processor.py:830} INFO - Processing file /home/airflow/.local/lib/python3.11/site-packages/airflow/example_dags/example_sensor_decorator.py for tasks to queue
[2024-11-03T09:51:46.165+0000] {logging_mixin.py:188} INFO - [2024-11-03T09:51:46.165+0000] {dagbag.py:545} INFO - Filling up the DagBag from /home/airflow/.local/lib/python3.11/site-packages/airflow/example_dags/example_sensor_decorator.py
[2024-11-03T09:51:46.173+0000] {processor.py:840} INFO - DAG(s) 'example_sensor_decorator' retrieved from /home/airflow/.local/lib/python3.11/site-packages/airflow/example_dags/example_sensor_decorator.py
[2024-11-03T09:51:46.196+0000] {logging_mixin.py:188} INFO - [2024-11-03T09:51:46.196+0000] {dag.py:3096} INFO - Sync 1 DAGs
[2024-11-03T09:51:46.209+0000] {logging_mixin.py:188} INFO - [2024-11-03T09:51:46.208+0000] {dag.py:3954} INFO - Setting next_dagrun for example_sensor_decorator to None, run_after=None
[2024-11-03T09:51:46.234+0000] {processor.py:183} INFO - Processing /home/airflow/.local/lib/python3.11/site-packages/airflow/example_dags/example_sensor_decorator.py took 0.078 seconds
[2024-11-03T09:52:16.953+0000] {processor.py:161} INFO - Started process (PID=6220) to work on /home/airflow/.local/lib/python3.11/site-packages/airflow/example_dags/example_sensor_decorator.py
[2024-11-03T09:52:16.954+0000] {processor.py:830} INFO - Processing file /home/airflow/.local/lib/python3.11/site-packages/airflow/example_dags/example_sensor_decorator.py for tasks to queue
[2024-11-03T09:52:16.955+0000] {logging_mixin.py:188} INFO - [2024-11-03T09:52:16.955+0000] {dagbag.py:545} INFO - Filling up the DagBag from /home/airflow/.local/lib/python3.11/site-packages/airflow/example_dags/example_sensor_decorator.py
[2024-11-03T09:52:16.960+0000] {processor.py:840} INFO - DAG(s) 'example_sensor_decorator' retrieved from /home/airflow/.local/lib/python3.11/site-packages/airflow/example_dags/example_sensor_decorator.py
[2024-11-03T09:52:16.977+0000] {logging_mixin.py:188} INFO - [2024-11-03T09:52:16.977+0000] {dag.py:3096} INFO - Sync 1 DAGs
[2024-11-03T09:52:16.989+0000] {logging_mixin.py:188} INFO - [2024-11-03T09:52:16.989+0000] {dag.py:3954} INFO - Setting next_dagrun for example_sensor_decorator to None, run_after=None
[2024-11-03T09:52:17.004+0000] {processor.py:183} INFO - Processing /home/airflow/.local/lib/python3.11/site-packages/airflow/example_dags/example_sensor_decorator.py took 0.056 seconds
[2024-11-03T09:52:47.100+0000] {processor.py:161} INFO - Started process (PID=6486) to work on /home/airflow/.local/lib/python3.11/site-packages/airflow/example_dags/example_sensor_decorator.py
[2024-11-03T09:52:47.101+0000] {processor.py:830} INFO - Processing file /home/airflow/.local/lib/python3.11/site-packages/airflow/example_dags/example_sensor_decorator.py for tasks to queue
[2024-11-03T09:52:47.102+0000] {logging_mixin.py:188} INFO - [2024-11-03T09:52:47.102+0000] {dagbag.py:545} INFO - Filling up the DagBag from /home/airflow/.local/lib/python3.11/site-packages/airflow/example_dags/example_sensor_decorator.py
[2024-11-03T09:52:47.108+0000] {processor.py:840} INFO - DAG(s) 'example_sensor_decorator' retrieved from /home/airflow/.local/lib/python3.11/site-packages/airflow/example_dags/example_sensor_decorator.py
[2024-11-03T09:52:47.127+0000] {logging_mixin.py:188} INFO - [2024-11-03T09:52:47.127+0000] {dag.py:3096} INFO - Sync 1 DAGs
[2024-11-03T09:52:47.139+0000] {logging_mixin.py:188} INFO - [2024-11-03T09:52:47.138+0000] {dag.py:3954} INFO - Setting next_dagrun for example_sensor_decorator to None, run_after=None
[2024-11-03T09:52:47.154+0000] {processor.py:183} INFO - Processing /home/airflow/.local/lib/python3.11/site-packages/airflow/example_dags/example_sensor_decorator.py took 0.059 seconds
[2024-11-03T09:53:17.335+0000] {processor.py:161} INFO - Started process (PID=6754) to work on /home/airflow/.local/lib/python3.11/site-packages/airflow/example_dags/example_sensor_decorator.py
[2024-11-03T09:53:17.336+0000] {processor.py:830} INFO - Processing file /home/airflow/.local/lib/python3.11/site-packages/airflow/example_dags/example_sensor_decorator.py for tasks to queue
[2024-11-03T09:53:17.337+0000] {logging_mixin.py:188} INFO - [2024-11-03T09:53:17.337+0000] {dagbag.py:545} INFO - Filling up the DagBag from /home/airflow/.local/lib/python3.11/site-packages/airflow/example_dags/example_sensor_decorator.py
[2024-11-03T09:53:17.342+0000] {processor.py:840} INFO - DAG(s) 'example_sensor_decorator' retrieved from /home/airflow/.local/lib/python3.11/site-packages/airflow/example_dags/example_sensor_decorator.py
[2024-11-03T09:53:17.358+0000] {logging_mixin.py:188} INFO - [2024-11-03T09:53:17.358+0000] {dag.py:3096} INFO - Sync 1 DAGs
[2024-11-03T09:53:17.371+0000] {logging_mixin.py:188} INFO - [2024-11-03T09:53:17.371+0000] {dag.py:3954} INFO - Setting next_dagrun for example_sensor_decorator to None, run_after=None
[2024-11-03T09:53:17.388+0000] {processor.py:183} INFO - Processing /home/airflow/.local/lib/python3.11/site-packages/airflow/example_dags/example_sensor_decorator.py took 0.057 seconds
[2024-11-03T09:53:47.520+0000] {processor.py:161} INFO - Started process (PID=7040) to work on /home/airflow/.local/lib/python3.11/site-packages/airflow/example_dags/example_sensor_decorator.py
[2024-11-03T09:53:47.521+0000] {processor.py:830} INFO - Processing file /home/airflow/.local/lib/python3.11/site-packages/airflow/example_dags/example_sensor_decorator.py for tasks to queue
[2024-11-03T09:53:47.522+0000] {logging_mixin.py:188} INFO - [2024-11-03T09:53:47.522+0000] {dagbag.py:545} INFO - Filling up the DagBag from /home/airflow/.local/lib/python3.11/site-packages/airflow/example_dags/example_sensor_decorator.py
[2024-11-03T09:53:47.527+0000] {processor.py:840} INFO - DAG(s) 'example_sensor_decorator' retrieved from /home/airflow/.local/lib/python3.11/site-packages/airflow/example_dags/example_sensor_decorator.py
[2024-11-03T09:53:47.544+0000] {logging_mixin.py:188} INFO - [2024-11-03T09:53:47.544+0000] {dag.py:3096} INFO - Sync 1 DAGs
[2024-11-03T09:53:47.556+0000] {logging_mixin.py:188} INFO - [2024-11-03T09:53:47.556+0000] {dag.py:3954} INFO - Setting next_dagrun for example_sensor_decorator to None, run_after=None
[2024-11-03T09:53:47.574+0000] {processor.py:183} INFO - Processing /home/airflow/.local/lib/python3.11/site-packages/airflow/example_dags/example_sensor_decorator.py took 0.059 seconds
[2024-11-03T09:54:17.936+0000] {processor.py:161} INFO - Started process (PID=7306) to work on /home/airflow/.local/lib/python3.11/site-packages/airflow/example_dags/example_sensor_decorator.py
[2024-11-03T09:54:17.937+0000] {processor.py:830} INFO - Processing file /home/airflow/.local/lib/python3.11/site-packages/airflow/example_dags/example_sensor_decorator.py for tasks to queue
[2024-11-03T09:54:17.937+0000] {logging_mixin.py:188} INFO - [2024-11-03T09:54:17.937+0000] {dagbag.py:545} INFO - Filling up the DagBag from /home/airflow/.local/lib/python3.11/site-packages/airflow/example_dags/example_sensor_decorator.py
[2024-11-03T09:54:17.942+0000] {processor.py:840} INFO - DAG(s) 'example_sensor_decorator' retrieved from /home/airflow/.local/lib/python3.11/site-packages/airflow/example_dags/example_sensor_decorator.py
[2024-11-03T09:54:17.963+0000] {logging_mixin.py:188} INFO - [2024-11-03T09:54:17.963+0000] {dag.py:3096} INFO - Sync 1 DAGs
[2024-11-03T09:54:17.977+0000] {logging_mixin.py:188} INFO - [2024-11-03T09:54:17.977+0000] {dag.py:3954} INFO - Setting next_dagrun for example_sensor_decorator to None, run_after=None
[2024-11-03T09:54:18.000+0000] {processor.py:183} INFO - Processing /home/airflow/.local/lib/python3.11/site-packages/airflow/example_dags/example_sensor_decorator.py took 0.069 seconds
[2024-11-03T09:54:48.600+0000] {processor.py:161} INFO - Started process (PID=7570) to work on /home/airflow/.local/lib/python3.11/site-packages/airflow/example_dags/example_sensor_decorator.py
[2024-11-03T09:54:48.601+0000] {processor.py:830} INFO - Processing file /home/airflow/.local/lib/python3.11/site-packages/airflow/example_dags/example_sensor_decorator.py for tasks to queue
[2024-11-03T09:54:48.601+0000] {logging_mixin.py:188} INFO - [2024-11-03T09:54:48.601+0000] {dagbag.py:545} INFO - Filling up the DagBag from /home/airflow/.local/lib/python3.11/site-packages/airflow/example_dags/example_sensor_decorator.py
[2024-11-03T09:54:48.606+0000] {processor.py:840} INFO - DAG(s) 'example_sensor_decorator' retrieved from /home/airflow/.local/lib/python3.11/site-packages/airflow/example_dags/example_sensor_decorator.py
[2024-11-03T09:54:48.625+0000] {logging_mixin.py:188} INFO - [2024-11-03T09:54:48.624+0000] {dag.py:3096} INFO - Sync 1 DAGs
[2024-11-03T09:54:48.634+0000] {logging_mixin.py:188} INFO - [2024-11-03T09:54:48.634+0000] {dag.py:3954} INFO - Setting next_dagrun for example_sensor_decorator to None, run_after=None
[2024-11-03T09:54:48.652+0000] {processor.py:183} INFO - Processing /home/airflow/.local/lib/python3.11/site-packages/airflow/example_dags/example_sensor_decorator.py took 0.057 seconds
[2024-11-03T09:55:19.001+0000] {processor.py:161} INFO - Started process (PID=7836) to work on /home/airflow/.local/lib/python3.11/site-packages/airflow/example_dags/example_sensor_decorator.py
[2024-11-03T09:55:19.002+0000] {processor.py:830} INFO - Processing file /home/airflow/.local/lib/python3.11/site-packages/airflow/example_dags/example_sensor_decorator.py for tasks to queue
[2024-11-03T09:55:19.003+0000] {logging_mixin.py:188} INFO - [2024-11-03T09:55:19.002+0000] {dagbag.py:545} INFO - Filling up the DagBag from /home/airflow/.local/lib/python3.11/site-packages/airflow/example_dags/example_sensor_decorator.py
[2024-11-03T09:55:19.008+0000] {processor.py:840} INFO - DAG(s) 'example_sensor_decorator' retrieved from /home/airflow/.local/lib/python3.11/site-packages/airflow/example_dags/example_sensor_decorator.py
[2024-11-03T09:55:19.024+0000] {logging_mixin.py:188} INFO - [2024-11-03T09:55:19.024+0000] {dag.py:3096} INFO - Sync 1 DAGs
[2024-11-03T09:55:19.034+0000] {logging_mixin.py:188} INFO - [2024-11-03T09:55:19.034+0000] {dag.py:3954} INFO - Setting next_dagrun for example_sensor_decorator to None, run_after=None
[2024-11-03T09:55:19.051+0000] {processor.py:183} INFO - Processing /home/airflow/.local/lib/python3.11/site-packages/airflow/example_dags/example_sensor_decorator.py took 0.056 seconds
[2024-11-03T09:55:49.553+0000] {processor.py:161} INFO - Started process (PID=8102) to work on /home/airflow/.local/lib/python3.11/site-packages/airflow/example_dags/example_sensor_decorator.py
[2024-11-03T09:55:49.554+0000] {processor.py:830} INFO - Processing file /home/airflow/.local/lib/python3.11/site-packages/airflow/example_dags/example_sensor_decorator.py for tasks to queue
[2024-11-03T09:55:49.555+0000] {logging_mixin.py:188} INFO - [2024-11-03T09:55:49.555+0000] {dagbag.py:545} INFO - Filling up the DagBag from /home/airflow/.local/lib/python3.11/site-packages/airflow/example_dags/example_sensor_decorator.py
[2024-11-03T09:55:49.560+0000] {processor.py:840} INFO - DAG(s) 'example_sensor_decorator' retrieved from /home/airflow/.local/lib/python3.11/site-packages/airflow/example_dags/example_sensor_decorator.py
[2024-11-03T09:55:49.579+0000] {logging_mixin.py:188} INFO - [2024-11-03T09:55:49.579+0000] {dag.py:3096} INFO - Sync 1 DAGs
[2024-11-03T09:55:49.591+0000] {logging_mixin.py:188} INFO - [2024-11-03T09:55:49.591+0000] {dag.py:3954} INFO - Setting next_dagrun for example_sensor_decorator to None, run_after=None
[2024-11-03T09:55:49.610+0000] {processor.py:183} INFO - Processing /home/airflow/.local/lib/python3.11/site-packages/airflow/example_dags/example_sensor_decorator.py took 0.062 seconds
[2024-11-03T16:27:43.264+0000] {processor.py:161} INFO - Started process (PID=242) to work on /home/airflow/.local/lib/python3.11/site-packages/airflow/example_dags/example_sensor_decorator.py
[2024-11-03T16:27:43.267+0000] {processor.py:830} INFO - Processing file /home/airflow/.local/lib/python3.11/site-packages/airflow/example_dags/example_sensor_decorator.py for tasks to queue
[2024-11-03T16:27:43.270+0000] {logging_mixin.py:188} INFO - [2024-11-03T16:27:43.270+0000] {dagbag.py:545} INFO - Filling up the DagBag from /home/airflow/.local/lib/python3.11/site-packages/airflow/example_dags/example_sensor_decorator.py
[2024-11-03T16:27:43.280+0000] {processor.py:840} INFO - DAG(s) 'example_sensor_decorator' retrieved from /home/airflow/.local/lib/python3.11/site-packages/airflow/example_dags/example_sensor_decorator.py
[2024-11-03T16:27:43.293+0000] {logging_mixin.py:188} INFO - [2024-11-03T16:27:43.292+0000] {dag.py:3096} INFO - Sync 1 DAGs
[2024-11-03T16:27:43.307+0000] {logging_mixin.py:188} INFO - [2024-11-03T16:27:43.306+0000] {dag.py:3954} INFO - Setting next_dagrun for example_sensor_decorator to None, run_after=None
[2024-11-03T16:27:43.324+0000] {processor.py:183} INFO - Processing /home/airflow/.local/lib/python3.11/site-packages/airflow/example_dags/example_sensor_decorator.py took 0.066 seconds
[2024-11-03T16:28:14.062+0000] {processor.py:161} INFO - Started process (PID=507) to work on /home/airflow/.local/lib/python3.11/site-packages/airflow/example_dags/example_sensor_decorator.py
[2024-11-03T16:28:14.063+0000] {processor.py:830} INFO - Processing file /home/airflow/.local/lib/python3.11/site-packages/airflow/example_dags/example_sensor_decorator.py for tasks to queue
[2024-11-03T16:28:14.066+0000] {logging_mixin.py:188} INFO - [2024-11-03T16:28:14.065+0000] {dagbag.py:545} INFO - Filling up the DagBag from /home/airflow/.local/lib/python3.11/site-packages/airflow/example_dags/example_sensor_decorator.py
[2024-11-03T16:28:14.073+0000] {processor.py:840} INFO - DAG(s) 'example_sensor_decorator' retrieved from /home/airflow/.local/lib/python3.11/site-packages/airflow/example_dags/example_sensor_decorator.py
[2024-11-03T16:28:14.159+0000] {logging_mixin.py:188} INFO - [2024-11-03T16:28:14.159+0000] {dag.py:3096} INFO - Sync 1 DAGs
[2024-11-03T16:28:14.171+0000] {logging_mixin.py:188} INFO - [2024-11-03T16:28:14.171+0000] {dag.py:3954} INFO - Setting next_dagrun for example_sensor_decorator to None, run_after=None
[2024-11-03T16:28:14.188+0000] {processor.py:183} INFO - Processing /home/airflow/.local/lib/python3.11/site-packages/airflow/example_dags/example_sensor_decorator.py took 0.131 seconds
