[2024-11-03T09:41:06.246+0000] {processor.py:161} INFO - Started process (PID=355) to work on /home/airflow/.local/lib/python3.11/site-packages/airflow/example_dags/example_trigger_target_dag.py
[2024-11-03T09:41:06.248+0000] {processor.py:830} INFO - Processing file /home/airflow/.local/lib/python3.11/site-packages/airflow/example_dags/example_trigger_target_dag.py for tasks to queue
[2024-11-03T09:41:06.250+0000] {logging_mixin.py:188} INFO - [2024-11-03T09:41:06.250+0000] {dagbag.py:545} INFO - Filling up the DagBag from /home/airflow/.local/lib/python3.11/site-packages/airflow/example_dags/example_trigger_target_dag.py
[2024-11-03T09:41:06.260+0000] {processor.py:840} INFO - DAG(s) 'example_trigger_target_dag' retrieved from /home/airflow/.local/lib/python3.11/site-packages/airflow/example_dags/example_trigger_target_dag.py
[2024-11-03T09:41:06.278+0000] {logging_mixin.py:188} INFO - [2024-11-03T09:41:06.277+0000] {dag.py:3096} INFO - Sync 1 DAGs
[2024-11-03T09:41:06.298+0000] {logging_mixin.py:188} INFO - [2024-11-03T09:41:06.297+0000] {dag.py:3954} INFO - Setting next_dagrun for example_trigger_target_dag to None, run_after=None
[2024-11-03T09:41:06.330+0000] {processor.py:183} INFO - Processing /home/airflow/.local/lib/python3.11/site-packages/airflow/example_dags/example_trigger_target_dag.py took 0.093 seconds
[2024-11-03T09:41:37.901+0000] {processor.py:161} INFO - Started process (PID=621) to work on /home/airflow/.local/lib/python3.11/site-packages/airflow/example_dags/example_trigger_target_dag.py
[2024-11-03T09:41:37.901+0000] {processor.py:830} INFO - Processing file /home/airflow/.local/lib/python3.11/site-packages/airflow/example_dags/example_trigger_target_dag.py for tasks to queue
[2024-11-03T09:41:37.903+0000] {logging_mixin.py:188} INFO - [2024-11-03T09:41:37.903+0000] {dagbag.py:545} INFO - Filling up the DagBag from /home/airflow/.local/lib/python3.11/site-packages/airflow/example_dags/example_trigger_target_dag.py
[2024-11-03T09:41:37.908+0000] {processor.py:840} INFO - DAG(s) 'example_trigger_target_dag' retrieved from /home/airflow/.local/lib/python3.11/site-packages/airflow/example_dags/example_trigger_target_dag.py
[2024-11-03T09:41:37.984+0000] {logging_mixin.py:188} INFO - [2024-11-03T09:41:37.984+0000] {dag.py:3096} INFO - Sync 1 DAGs
[2024-11-03T09:41:37.992+0000] {logging_mixin.py:188} INFO - [2024-11-03T09:41:37.992+0000] {dag.py:3954} INFO - Setting next_dagrun for example_trigger_target_dag to None, run_after=None
[2024-11-03T09:41:38.010+0000] {processor.py:183} INFO - Processing /home/airflow/.local/lib/python3.11/site-packages/airflow/example_dags/example_trigger_target_dag.py took 0.114 seconds
[2024-11-03T09:42:08.044+0000] {processor.py:161} INFO - Started process (PID=882) to work on /home/airflow/.local/lib/python3.11/site-packages/airflow/example_dags/example_trigger_target_dag.py
[2024-11-03T09:42:08.045+0000] {processor.py:830} INFO - Processing file /home/airflow/.local/lib/python3.11/site-packages/airflow/example_dags/example_trigger_target_dag.py for tasks to queue
[2024-11-03T09:42:08.047+0000] {logging_mixin.py:188} INFO - [2024-11-03T09:42:08.047+0000] {dagbag.py:545} INFO - Filling up the DagBag from /home/airflow/.local/lib/python3.11/site-packages/airflow/example_dags/example_trigger_target_dag.py
[2024-11-03T09:42:08.052+0000] {processor.py:840} INFO - DAG(s) 'example_trigger_target_dag' retrieved from /home/airflow/.local/lib/python3.11/site-packages/airflow/example_dags/example_trigger_target_dag.py
[2024-11-03T09:42:08.070+0000] {logging_mixin.py:188} INFO - [2024-11-03T09:42:08.070+0000] {dag.py:3096} INFO - Sync 1 DAGs
[2024-11-03T09:42:08.081+0000] {logging_mixin.py:188} INFO - [2024-11-03T09:42:08.081+0000] {dag.py:3954} INFO - Setting next_dagrun for example_trigger_target_dag to None, run_after=None
[2024-11-03T09:42:08.096+0000] {processor.py:183} INFO - Processing /home/airflow/.local/lib/python3.11/site-packages/airflow/example_dags/example_trigger_target_dag.py took 0.057 seconds
[2024-11-03T09:42:38.287+0000] {processor.py:161} INFO - Started process (PID=1148) to work on /home/airflow/.local/lib/python3.11/site-packages/airflow/example_dags/example_trigger_target_dag.py
[2024-11-03T09:42:38.288+0000] {processor.py:830} INFO - Processing file /home/airflow/.local/lib/python3.11/site-packages/airflow/example_dags/example_trigger_target_dag.py for tasks to queue
[2024-11-03T09:42:38.290+0000] {logging_mixin.py:188} INFO - [2024-11-03T09:42:38.289+0000] {dagbag.py:545} INFO - Filling up the DagBag from /home/airflow/.local/lib/python3.11/site-packages/airflow/example_dags/example_trigger_target_dag.py
[2024-11-03T09:42:38.295+0000] {processor.py:840} INFO - DAG(s) 'example_trigger_target_dag' retrieved from /home/airflow/.local/lib/python3.11/site-packages/airflow/example_dags/example_trigger_target_dag.py
[2024-11-03T09:42:38.314+0000] {logging_mixin.py:188} INFO - [2024-11-03T09:42:38.314+0000] {dag.py:3096} INFO - Sync 1 DAGs
[2024-11-03T09:42:38.327+0000] {logging_mixin.py:188} INFO - [2024-11-03T09:42:38.326+0000] {dag.py:3954} INFO - Setting next_dagrun for example_trigger_target_dag to None, run_after=None
[2024-11-03T09:42:38.346+0000] {processor.py:183} INFO - Processing /home/airflow/.local/lib/python3.11/site-packages/airflow/example_dags/example_trigger_target_dag.py took 0.065 seconds
[2024-11-03T09:43:08.863+0000] {processor.py:161} INFO - Started process (PID=1426) to work on /home/airflow/.local/lib/python3.11/site-packages/airflow/example_dags/example_trigger_target_dag.py
[2024-11-03T09:43:08.864+0000] {processor.py:830} INFO - Processing file /home/airflow/.local/lib/python3.11/site-packages/airflow/example_dags/example_trigger_target_dag.py for tasks to queue
[2024-11-03T09:43:08.865+0000] {logging_mixin.py:188} INFO - [2024-11-03T09:43:08.865+0000] {dagbag.py:545} INFO - Filling up the DagBag from /home/airflow/.local/lib/python3.11/site-packages/airflow/example_dags/example_trigger_target_dag.py
[2024-11-03T09:43:08.871+0000] {processor.py:840} INFO - DAG(s) 'example_trigger_target_dag' retrieved from /home/airflow/.local/lib/python3.11/site-packages/airflow/example_dags/example_trigger_target_dag.py
[2024-11-03T09:43:08.888+0000] {logging_mixin.py:188} INFO - [2024-11-03T09:43:08.888+0000] {dag.py:3096} INFO - Sync 1 DAGs
[2024-11-03T09:43:08.897+0000] {logging_mixin.py:188} INFO - [2024-11-03T09:43:08.897+0000] {dag.py:3954} INFO - Setting next_dagrun for example_trigger_target_dag to None, run_after=None
[2024-11-03T09:43:08.913+0000] {processor.py:183} INFO - Processing /home/airflow/.local/lib/python3.11/site-packages/airflow/example_dags/example_trigger_target_dag.py took 0.055 seconds
[2024-11-03T09:43:39.639+0000] {processor.py:161} INFO - Started process (PID=1700) to work on /home/airflow/.local/lib/python3.11/site-packages/airflow/example_dags/example_trigger_target_dag.py
[2024-11-03T09:43:39.640+0000] {processor.py:830} INFO - Processing file /home/airflow/.local/lib/python3.11/site-packages/airflow/example_dags/example_trigger_target_dag.py for tasks to queue
[2024-11-03T09:43:39.642+0000] {logging_mixin.py:188} INFO - [2024-11-03T09:43:39.642+0000] {dagbag.py:545} INFO - Filling up the DagBag from /home/airflow/.local/lib/python3.11/site-packages/airflow/example_dags/example_trigger_target_dag.py
[2024-11-03T09:43:39.647+0000] {processor.py:840} INFO - DAG(s) 'example_trigger_target_dag' retrieved from /home/airflow/.local/lib/python3.11/site-packages/airflow/example_dags/example_trigger_target_dag.py
[2024-11-03T09:43:39.664+0000] {logging_mixin.py:188} INFO - [2024-11-03T09:43:39.664+0000] {dag.py:3096} INFO - Sync 1 DAGs
[2024-11-03T09:43:39.674+0000] {logging_mixin.py:188} INFO - [2024-11-03T09:43:39.674+0000] {dag.py:3954} INFO - Setting next_dagrun for example_trigger_target_dag to None, run_after=None
[2024-11-03T09:43:39.691+0000] {processor.py:183} INFO - Processing /home/airflow/.local/lib/python3.11/site-packages/airflow/example_dags/example_trigger_target_dag.py took 0.057 seconds
[2024-11-03T09:44:10.387+0000] {processor.py:161} INFO - Started process (PID=1966) to work on /home/airflow/.local/lib/python3.11/site-packages/airflow/example_dags/example_trigger_target_dag.py
[2024-11-03T09:44:10.388+0000] {processor.py:830} INFO - Processing file /home/airflow/.local/lib/python3.11/site-packages/airflow/example_dags/example_trigger_target_dag.py for tasks to queue
[2024-11-03T09:44:10.390+0000] {logging_mixin.py:188} INFO - [2024-11-03T09:44:10.390+0000] {dagbag.py:545} INFO - Filling up the DagBag from /home/airflow/.local/lib/python3.11/site-packages/airflow/example_dags/example_trigger_target_dag.py
[2024-11-03T09:44:10.395+0000] {processor.py:840} INFO - DAG(s) 'example_trigger_target_dag' retrieved from /home/airflow/.local/lib/python3.11/site-packages/airflow/example_dags/example_trigger_target_dag.py
[2024-11-03T09:44:10.411+0000] {logging_mixin.py:188} INFO - [2024-11-03T09:44:10.411+0000] {dag.py:3096} INFO - Sync 1 DAGs
[2024-11-03T09:44:10.421+0000] {logging_mixin.py:188} INFO - [2024-11-03T09:44:10.421+0000] {dag.py:3954} INFO - Setting next_dagrun for example_trigger_target_dag to None, run_after=None
[2024-11-03T09:44:10.437+0000] {processor.py:183} INFO - Processing /home/airflow/.local/lib/python3.11/site-packages/airflow/example_dags/example_trigger_target_dag.py took 0.056 seconds
[2024-11-03T09:44:40.727+0000] {processor.py:161} INFO - Started process (PID=2257) to work on /home/airflow/.local/lib/python3.11/site-packages/airflow/example_dags/example_trigger_target_dag.py
[2024-11-03T09:44:40.728+0000] {processor.py:830} INFO - Processing file /home/airflow/.local/lib/python3.11/site-packages/airflow/example_dags/example_trigger_target_dag.py for tasks to queue
[2024-11-03T09:44:40.730+0000] {logging_mixin.py:188} INFO - [2024-11-03T09:44:40.729+0000] {dagbag.py:545} INFO - Filling up the DagBag from /home/airflow/.local/lib/python3.11/site-packages/airflow/example_dags/example_trigger_target_dag.py
[2024-11-03T09:44:40.735+0000] {processor.py:840} INFO - DAG(s) 'example_trigger_target_dag' retrieved from /home/airflow/.local/lib/python3.11/site-packages/airflow/example_dags/example_trigger_target_dag.py
[2024-11-03T09:44:40.754+0000] {logging_mixin.py:188} INFO - [2024-11-03T09:44:40.754+0000] {dag.py:3096} INFO - Sync 1 DAGs
[2024-11-03T09:44:40.765+0000] {logging_mixin.py:188} INFO - [2024-11-03T09:44:40.764+0000] {dag.py:3954} INFO - Setting next_dagrun for example_trigger_target_dag to None, run_after=None
[2024-11-03T09:44:40.784+0000] {processor.py:183} INFO - Processing /home/airflow/.local/lib/python3.11/site-packages/airflow/example_dags/example_trigger_target_dag.py took 0.062 seconds
[2024-11-03T09:45:10.841+0000] {processor.py:161} INFO - Started process (PID=2535) to work on /home/airflow/.local/lib/python3.11/site-packages/airflow/example_dags/example_trigger_target_dag.py
[2024-11-03T09:45:10.842+0000] {processor.py:830} INFO - Processing file /home/airflow/.local/lib/python3.11/site-packages/airflow/example_dags/example_trigger_target_dag.py for tasks to queue
[2024-11-03T09:45:10.844+0000] {logging_mixin.py:188} INFO - [2024-11-03T09:45:10.844+0000] {dagbag.py:545} INFO - Filling up the DagBag from /home/airflow/.local/lib/python3.11/site-packages/airflow/example_dags/example_trigger_target_dag.py
[2024-11-03T09:45:10.850+0000] {processor.py:840} INFO - DAG(s) 'example_trigger_target_dag' retrieved from /home/airflow/.local/lib/python3.11/site-packages/airflow/example_dags/example_trigger_target_dag.py
[2024-11-03T09:45:10.866+0000] {logging_mixin.py:188} INFO - [2024-11-03T09:45:10.865+0000] {dag.py:3096} INFO - Sync 1 DAGs
[2024-11-03T09:45:10.875+0000] {logging_mixin.py:188} INFO - [2024-11-03T09:45:10.875+0000] {dag.py:3954} INFO - Setting next_dagrun for example_trigger_target_dag to None, run_after=None
[2024-11-03T09:45:10.891+0000] {processor.py:183} INFO - Processing /home/airflow/.local/lib/python3.11/site-packages/airflow/example_dags/example_trigger_target_dag.py took 0.055 seconds
[2024-11-03T09:45:40.954+0000] {processor.py:161} INFO - Started process (PID=2804) to work on /home/airflow/.local/lib/python3.11/site-packages/airflow/example_dags/example_trigger_target_dag.py
[2024-11-03T09:45:40.955+0000] {processor.py:830} INFO - Processing file /home/airflow/.local/lib/python3.11/site-packages/airflow/example_dags/example_trigger_target_dag.py for tasks to queue
[2024-11-03T09:45:40.956+0000] {logging_mixin.py:188} INFO - [2024-11-03T09:45:40.956+0000] {dagbag.py:545} INFO - Filling up the DagBag from /home/airflow/.local/lib/python3.11/site-packages/airflow/example_dags/example_trigger_target_dag.py
[2024-11-03T09:45:40.962+0000] {processor.py:840} INFO - DAG(s) 'example_trigger_target_dag' retrieved from /home/airflow/.local/lib/python3.11/site-packages/airflow/example_dags/example_trigger_target_dag.py
[2024-11-03T09:45:40.982+0000] {logging_mixin.py:188} INFO - [2024-11-03T09:45:40.982+0000] {dag.py:3096} INFO - Sync 1 DAGs
[2024-11-03T09:45:40.992+0000] {logging_mixin.py:188} INFO - [2024-11-03T09:45:40.992+0000] {dag.py:3954} INFO - Setting next_dagrun for example_trigger_target_dag to None, run_after=None
[2024-11-03T09:45:41.008+0000] {processor.py:183} INFO - Processing /home/airflow/.local/lib/python3.11/site-packages/airflow/example_dags/example_trigger_target_dag.py took 0.059 seconds
[2024-11-03T09:46:11.985+0000] {processor.py:161} INFO - Started process (PID=3085) to work on /home/airflow/.local/lib/python3.11/site-packages/airflow/example_dags/example_trigger_target_dag.py
[2024-11-03T09:46:11.986+0000] {processor.py:830} INFO - Processing file /home/airflow/.local/lib/python3.11/site-packages/airflow/example_dags/example_trigger_target_dag.py for tasks to queue
[2024-11-03T09:46:11.987+0000] {logging_mixin.py:188} INFO - [2024-11-03T09:46:11.987+0000] {dagbag.py:545} INFO - Filling up the DagBag from /home/airflow/.local/lib/python3.11/site-packages/airflow/example_dags/example_trigger_target_dag.py
[2024-11-03T09:46:11.992+0000] {processor.py:840} INFO - DAG(s) 'example_trigger_target_dag' retrieved from /home/airflow/.local/lib/python3.11/site-packages/airflow/example_dags/example_trigger_target_dag.py
[2024-11-03T09:46:12.011+0000] {logging_mixin.py:188} INFO - [2024-11-03T09:46:12.011+0000] {dag.py:3096} INFO - Sync 1 DAGs
[2024-11-03T09:46:12.022+0000] {logging_mixin.py:188} INFO - [2024-11-03T09:46:12.022+0000] {dag.py:3954} INFO - Setting next_dagrun for example_trigger_target_dag to None, run_after=None
[2024-11-03T09:46:12.039+0000] {processor.py:183} INFO - Processing /home/airflow/.local/lib/python3.11/site-packages/airflow/example_dags/example_trigger_target_dag.py took 0.059 seconds
[2024-11-03T09:46:42.206+0000] {processor.py:161} INFO - Started process (PID=3381) to work on /home/airflow/.local/lib/python3.11/site-packages/airflow/example_dags/example_trigger_target_dag.py
[2024-11-03T09:46:42.207+0000] {processor.py:830} INFO - Processing file /home/airflow/.local/lib/python3.11/site-packages/airflow/example_dags/example_trigger_target_dag.py for tasks to queue
[2024-11-03T09:46:42.208+0000] {logging_mixin.py:188} INFO - [2024-11-03T09:46:42.208+0000] {dagbag.py:545} INFO - Filling up the DagBag from /home/airflow/.local/lib/python3.11/site-packages/airflow/example_dags/example_trigger_target_dag.py
[2024-11-03T09:46:42.213+0000] {processor.py:840} INFO - DAG(s) 'example_trigger_target_dag' retrieved from /home/airflow/.local/lib/python3.11/site-packages/airflow/example_dags/example_trigger_target_dag.py
[2024-11-03T09:46:42.233+0000] {logging_mixin.py:188} INFO - [2024-11-03T09:46:42.233+0000] {dag.py:3096} INFO - Sync 1 DAGs
[2024-11-03T09:46:42.243+0000] {logging_mixin.py:188} INFO - [2024-11-03T09:46:42.243+0000] {dag.py:3954} INFO - Setting next_dagrun for example_trigger_target_dag to None, run_after=None
[2024-11-03T09:46:42.263+0000] {processor.py:183} INFO - Processing /home/airflow/.local/lib/python3.11/site-packages/airflow/example_dags/example_trigger_target_dag.py took 0.063 seconds
[2024-11-03T09:47:13.217+0000] {processor.py:161} INFO - Started process (PID=3647) to work on /home/airflow/.local/lib/python3.11/site-packages/airflow/example_dags/example_trigger_target_dag.py
[2024-11-03T09:47:13.218+0000] {processor.py:830} INFO - Processing file /home/airflow/.local/lib/python3.11/site-packages/airflow/example_dags/example_trigger_target_dag.py for tasks to queue
[2024-11-03T09:47:13.219+0000] {logging_mixin.py:188} INFO - [2024-11-03T09:47:13.219+0000] {dagbag.py:545} INFO - Filling up the DagBag from /home/airflow/.local/lib/python3.11/site-packages/airflow/example_dags/example_trigger_target_dag.py
[2024-11-03T09:47:13.225+0000] {processor.py:840} INFO - DAG(s) 'example_trigger_target_dag' retrieved from /home/airflow/.local/lib/python3.11/site-packages/airflow/example_dags/example_trigger_target_dag.py
[2024-11-03T09:47:13.243+0000] {logging_mixin.py:188} INFO - [2024-11-03T09:47:13.243+0000] {dag.py:3096} INFO - Sync 1 DAGs
[2024-11-03T09:47:13.257+0000] {logging_mixin.py:188} INFO - [2024-11-03T09:47:13.257+0000] {dag.py:3954} INFO - Setting next_dagrun for example_trigger_target_dag to None, run_after=None
[2024-11-03T09:47:13.288+0000] {processor.py:183} INFO - Processing /home/airflow/.local/lib/python3.11/site-packages/airflow/example_dags/example_trigger_target_dag.py took 0.076 seconds
[2024-11-03T09:47:44.270+0000] {processor.py:161} INFO - Started process (PID=3915) to work on /home/airflow/.local/lib/python3.11/site-packages/airflow/example_dags/example_trigger_target_dag.py
[2024-11-03T09:47:44.272+0000] {processor.py:830} INFO - Processing file /home/airflow/.local/lib/python3.11/site-packages/airflow/example_dags/example_trigger_target_dag.py for tasks to queue
[2024-11-03T09:47:44.273+0000] {logging_mixin.py:188} INFO - [2024-11-03T09:47:44.272+0000] {dagbag.py:545} INFO - Filling up the DagBag from /home/airflow/.local/lib/python3.11/site-packages/airflow/example_dags/example_trigger_target_dag.py
[2024-11-03T09:47:44.278+0000] {processor.py:840} INFO - DAG(s) 'example_trigger_target_dag' retrieved from /home/airflow/.local/lib/python3.11/site-packages/airflow/example_dags/example_trigger_target_dag.py
[2024-11-03T09:47:44.295+0000] {logging_mixin.py:188} INFO - [2024-11-03T09:47:44.295+0000] {dag.py:3096} INFO - Sync 1 DAGs
[2024-11-03T09:47:44.307+0000] {logging_mixin.py:188} INFO - [2024-11-03T09:47:44.307+0000] {dag.py:3954} INFO - Setting next_dagrun for example_trigger_target_dag to None, run_after=None
[2024-11-03T09:47:44.324+0000] {processor.py:183} INFO - Processing /home/airflow/.local/lib/python3.11/site-packages/airflow/example_dags/example_trigger_target_dag.py took 0.059 seconds
[2024-11-03T09:48:14.444+0000] {processor.py:161} INFO - Started process (PID=4184) to work on /home/airflow/.local/lib/python3.11/site-packages/airflow/example_dags/example_trigger_target_dag.py
[2024-11-03T09:48:14.444+0000] {processor.py:830} INFO - Processing file /home/airflow/.local/lib/python3.11/site-packages/airflow/example_dags/example_trigger_target_dag.py for tasks to queue
[2024-11-03T09:48:14.445+0000] {logging_mixin.py:188} INFO - [2024-11-03T09:48:14.445+0000] {dagbag.py:545} INFO - Filling up the DagBag from /home/airflow/.local/lib/python3.11/site-packages/airflow/example_dags/example_trigger_target_dag.py
[2024-11-03T09:48:14.450+0000] {processor.py:840} INFO - DAG(s) 'example_trigger_target_dag' retrieved from /home/airflow/.local/lib/python3.11/site-packages/airflow/example_dags/example_trigger_target_dag.py
[2024-11-03T09:48:14.469+0000] {logging_mixin.py:188} INFO - [2024-11-03T09:48:14.469+0000] {dag.py:3096} INFO - Sync 1 DAGs
[2024-11-03T09:48:14.482+0000] {logging_mixin.py:188} INFO - [2024-11-03T09:48:14.481+0000] {dag.py:3954} INFO - Setting next_dagrun for example_trigger_target_dag to None, run_after=None
[2024-11-03T09:48:14.497+0000] {processor.py:183} INFO - Processing /home/airflow/.local/lib/python3.11/site-packages/airflow/example_dags/example_trigger_target_dag.py took 0.058 seconds
[2024-11-03T09:48:45.493+0000] {processor.py:161} INFO - Started process (PID=4457) to work on /home/airflow/.local/lib/python3.11/site-packages/airflow/example_dags/example_trigger_target_dag.py
[2024-11-03T09:48:45.494+0000] {processor.py:830} INFO - Processing file /home/airflow/.local/lib/python3.11/site-packages/airflow/example_dags/example_trigger_target_dag.py for tasks to queue
[2024-11-03T09:48:45.495+0000] {logging_mixin.py:188} INFO - [2024-11-03T09:48:45.495+0000] {dagbag.py:545} INFO - Filling up the DagBag from /home/airflow/.local/lib/python3.11/site-packages/airflow/example_dags/example_trigger_target_dag.py
[2024-11-03T09:48:45.501+0000] {processor.py:840} INFO - DAG(s) 'example_trigger_target_dag' retrieved from /home/airflow/.local/lib/python3.11/site-packages/airflow/example_dags/example_trigger_target_dag.py
[2024-11-03T09:48:45.521+0000] {logging_mixin.py:188} INFO - [2024-11-03T09:48:45.521+0000] {dag.py:3096} INFO - Sync 1 DAGs
[2024-11-03T09:48:45.535+0000] {logging_mixin.py:188} INFO - [2024-11-03T09:48:45.534+0000] {dag.py:3954} INFO - Setting next_dagrun for example_trigger_target_dag to None, run_after=None
[2024-11-03T09:48:45.554+0000] {processor.py:183} INFO - Processing /home/airflow/.local/lib/python3.11/site-packages/airflow/example_dags/example_trigger_target_dag.py took 0.066 seconds
[2024-11-03T09:49:16.406+0000] {processor.py:161} INFO - Started process (PID=4739) to work on /home/airflow/.local/lib/python3.11/site-packages/airflow/example_dags/example_trigger_target_dag.py
[2024-11-03T09:49:16.407+0000] {processor.py:830} INFO - Processing file /home/airflow/.local/lib/python3.11/site-packages/airflow/example_dags/example_trigger_target_dag.py for tasks to queue
[2024-11-03T09:49:16.408+0000] {logging_mixin.py:188} INFO - [2024-11-03T09:49:16.408+0000] {dagbag.py:545} INFO - Filling up the DagBag from /home/airflow/.local/lib/python3.11/site-packages/airflow/example_dags/example_trigger_target_dag.py
[2024-11-03T09:49:16.412+0000] {processor.py:840} INFO - DAG(s) 'example_trigger_target_dag' retrieved from /home/airflow/.local/lib/python3.11/site-packages/airflow/example_dags/example_trigger_target_dag.py
[2024-11-03T09:49:16.430+0000] {logging_mixin.py:188} INFO - [2024-11-03T09:49:16.430+0000] {dag.py:3096} INFO - Sync 1 DAGs
[2024-11-03T09:49:16.440+0000] {logging_mixin.py:188} INFO - [2024-11-03T09:49:16.440+0000] {dag.py:3954} INFO - Setting next_dagrun for example_trigger_target_dag to None, run_after=None
[2024-11-03T09:49:16.456+0000] {processor.py:183} INFO - Processing /home/airflow/.local/lib/python3.11/site-packages/airflow/example_dags/example_trigger_target_dag.py took 0.055 seconds
[2024-11-03T09:49:46.639+0000] {processor.py:161} INFO - Started process (PID=5002) to work on /home/airflow/.local/lib/python3.11/site-packages/airflow/example_dags/example_trigger_target_dag.py
[2024-11-03T09:49:46.640+0000] {processor.py:830} INFO - Processing file /home/airflow/.local/lib/python3.11/site-packages/airflow/example_dags/example_trigger_target_dag.py for tasks to queue
[2024-11-03T09:49:46.641+0000] {logging_mixin.py:188} INFO - [2024-11-03T09:49:46.641+0000] {dagbag.py:545} INFO - Filling up the DagBag from /home/airflow/.local/lib/python3.11/site-packages/airflow/example_dags/example_trigger_target_dag.py
[2024-11-03T09:49:46.647+0000] {processor.py:840} INFO - DAG(s) 'example_trigger_target_dag' retrieved from /home/airflow/.local/lib/python3.11/site-packages/airflow/example_dags/example_trigger_target_dag.py
[2024-11-03T09:49:46.666+0000] {logging_mixin.py:188} INFO - [2024-11-03T09:49:46.665+0000] {dag.py:3096} INFO - Sync 1 DAGs
[2024-11-03T09:49:46.676+0000] {logging_mixin.py:188} INFO - [2024-11-03T09:49:46.676+0000] {dag.py:3954} INFO - Setting next_dagrun for example_trigger_target_dag to None, run_after=None
[2024-11-03T09:49:46.695+0000] {processor.py:183} INFO - Processing /home/airflow/.local/lib/python3.11/site-packages/airflow/example_dags/example_trigger_target_dag.py took 0.061 seconds
[2024-11-03T09:50:16.760+0000] {processor.py:161} INFO - Started process (PID=5266) to work on /home/airflow/.local/lib/python3.11/site-packages/airflow/example_dags/example_trigger_target_dag.py
[2024-11-03T09:50:16.760+0000] {processor.py:830} INFO - Processing file /home/airflow/.local/lib/python3.11/site-packages/airflow/example_dags/example_trigger_target_dag.py for tasks to queue
[2024-11-03T09:50:16.761+0000] {logging_mixin.py:188} INFO - [2024-11-03T09:50:16.761+0000] {dagbag.py:545} INFO - Filling up the DagBag from /home/airflow/.local/lib/python3.11/site-packages/airflow/example_dags/example_trigger_target_dag.py
[2024-11-03T09:50:16.766+0000] {processor.py:840} INFO - DAG(s) 'example_trigger_target_dag' retrieved from /home/airflow/.local/lib/python3.11/site-packages/airflow/example_dags/example_trigger_target_dag.py
[2024-11-03T09:50:16.785+0000] {logging_mixin.py:188} INFO - [2024-11-03T09:50:16.784+0000] {dag.py:3096} INFO - Sync 1 DAGs
[2024-11-03T09:50:16.797+0000] {logging_mixin.py:188} INFO - [2024-11-03T09:50:16.797+0000] {dag.py:3954} INFO - Setting next_dagrun for example_trigger_target_dag to None, run_after=None
[2024-11-03T09:50:16.818+0000] {processor.py:183} INFO - Processing /home/airflow/.local/lib/python3.11/site-packages/airflow/example_dags/example_trigger_target_dag.py took 0.064 seconds
[2024-11-03T09:50:47.755+0000] {processor.py:161} INFO - Started process (PID=5537) to work on /home/airflow/.local/lib/python3.11/site-packages/airflow/example_dags/example_trigger_target_dag.py
[2024-11-03T09:50:47.756+0000] {processor.py:830} INFO - Processing file /home/airflow/.local/lib/python3.11/site-packages/airflow/example_dags/example_trigger_target_dag.py for tasks to queue
[2024-11-03T09:50:47.757+0000] {logging_mixin.py:188} INFO - [2024-11-03T09:50:47.756+0000] {dagbag.py:545} INFO - Filling up the DagBag from /home/airflow/.local/lib/python3.11/site-packages/airflow/example_dags/example_trigger_target_dag.py
[2024-11-03T09:50:47.761+0000] {processor.py:840} INFO - DAG(s) 'example_trigger_target_dag' retrieved from /home/airflow/.local/lib/python3.11/site-packages/airflow/example_dags/example_trigger_target_dag.py
[2024-11-03T09:50:47.779+0000] {logging_mixin.py:188} INFO - [2024-11-03T09:50:47.778+0000] {dag.py:3096} INFO - Sync 1 DAGs
[2024-11-03T09:50:47.788+0000] {logging_mixin.py:188} INFO - [2024-11-03T09:50:47.788+0000] {dag.py:3954} INFO - Setting next_dagrun for example_trigger_target_dag to None, run_after=None
[2024-11-03T09:50:47.804+0000] {processor.py:183} INFO - Processing /home/airflow/.local/lib/python3.11/site-packages/airflow/example_dags/example_trigger_target_dag.py took 0.055 seconds
[2024-11-03T09:51:18.538+0000] {processor.py:161} INFO - Started process (PID=5803) to work on /home/airflow/.local/lib/python3.11/site-packages/airflow/example_dags/example_trigger_target_dag.py
[2024-11-03T09:51:18.539+0000] {processor.py:830} INFO - Processing file /home/airflow/.local/lib/python3.11/site-packages/airflow/example_dags/example_trigger_target_dag.py for tasks to queue
[2024-11-03T09:51:18.540+0000] {logging_mixin.py:188} INFO - [2024-11-03T09:51:18.540+0000] {dagbag.py:545} INFO - Filling up the DagBag from /home/airflow/.local/lib/python3.11/site-packages/airflow/example_dags/example_trigger_target_dag.py
[2024-11-03T09:51:18.545+0000] {processor.py:840} INFO - DAG(s) 'example_trigger_target_dag' retrieved from /home/airflow/.local/lib/python3.11/site-packages/airflow/example_dags/example_trigger_target_dag.py
[2024-11-03T09:51:18.563+0000] {logging_mixin.py:188} INFO - [2024-11-03T09:51:18.563+0000] {dag.py:3096} INFO - Sync 1 DAGs
[2024-11-03T09:51:18.573+0000] {logging_mixin.py:188} INFO - [2024-11-03T09:51:18.573+0000] {dag.py:3954} INFO - Setting next_dagrun for example_trigger_target_dag to None, run_after=None
[2024-11-03T09:51:18.591+0000] {processor.py:183} INFO - Processing /home/airflow/.local/lib/python3.11/site-packages/airflow/example_dags/example_trigger_target_dag.py took 0.058 seconds
[2024-11-03T09:51:49.325+0000] {processor.py:161} INFO - Started process (PID=6069) to work on /home/airflow/.local/lib/python3.11/site-packages/airflow/example_dags/example_trigger_target_dag.py
[2024-11-03T09:51:49.327+0000] {processor.py:830} INFO - Processing file /home/airflow/.local/lib/python3.11/site-packages/airflow/example_dags/example_trigger_target_dag.py for tasks to queue
[2024-11-03T09:51:49.328+0000] {logging_mixin.py:188} INFO - [2024-11-03T09:51:49.327+0000] {dagbag.py:545} INFO - Filling up the DagBag from /home/airflow/.local/lib/python3.11/site-packages/airflow/example_dags/example_trigger_target_dag.py
[2024-11-03T09:51:49.333+0000] {processor.py:840} INFO - DAG(s) 'example_trigger_target_dag' retrieved from /home/airflow/.local/lib/python3.11/site-packages/airflow/example_dags/example_trigger_target_dag.py
[2024-11-03T09:51:49.351+0000] {logging_mixin.py:188} INFO - [2024-11-03T09:51:49.351+0000] {dag.py:3096} INFO - Sync 1 DAGs
[2024-11-03T09:51:49.364+0000] {logging_mixin.py:188} INFO - [2024-11-03T09:51:49.364+0000] {dag.py:3954} INFO - Setting next_dagrun for example_trigger_target_dag to None, run_after=None
[2024-11-03T09:51:49.383+0000] {processor.py:183} INFO - Processing /home/airflow/.local/lib/python3.11/site-packages/airflow/example_dags/example_trigger_target_dag.py took 0.063 seconds
[2024-11-03T09:52:20.205+0000] {processor.py:161} INFO - Started process (PID=6335) to work on /home/airflow/.local/lib/python3.11/site-packages/airflow/example_dags/example_trigger_target_dag.py
[2024-11-03T09:52:20.206+0000] {processor.py:830} INFO - Processing file /home/airflow/.local/lib/python3.11/site-packages/airflow/example_dags/example_trigger_target_dag.py for tasks to queue
[2024-11-03T09:52:20.206+0000] {logging_mixin.py:188} INFO - [2024-11-03T09:52:20.206+0000] {dagbag.py:545} INFO - Filling up the DagBag from /home/airflow/.local/lib/python3.11/site-packages/airflow/example_dags/example_trigger_target_dag.py
[2024-11-03T09:52:20.212+0000] {processor.py:840} INFO - DAG(s) 'example_trigger_target_dag' retrieved from /home/airflow/.local/lib/python3.11/site-packages/airflow/example_dags/example_trigger_target_dag.py
[2024-11-03T09:52:20.230+0000] {logging_mixin.py:188} INFO - [2024-11-03T09:52:20.230+0000] {dag.py:3096} INFO - Sync 1 DAGs
[2024-11-03T09:52:20.242+0000] {logging_mixin.py:188} INFO - [2024-11-03T09:52:20.242+0000] {dag.py:3954} INFO - Setting next_dagrun for example_trigger_target_dag to None, run_after=None
[2024-11-03T09:52:20.258+0000] {processor.py:183} INFO - Processing /home/airflow/.local/lib/python3.11/site-packages/airflow/example_dags/example_trigger_target_dag.py took 0.059 seconds
[2024-11-03T09:52:50.508+0000] {processor.py:161} INFO - Started process (PID=6601) to work on /home/airflow/.local/lib/python3.11/site-packages/airflow/example_dags/example_trigger_target_dag.py
[2024-11-03T09:52:50.509+0000] {processor.py:830} INFO - Processing file /home/airflow/.local/lib/python3.11/site-packages/airflow/example_dags/example_trigger_target_dag.py for tasks to queue
[2024-11-03T09:52:50.510+0000] {logging_mixin.py:188} INFO - [2024-11-03T09:52:50.510+0000] {dagbag.py:545} INFO - Filling up the DagBag from /home/airflow/.local/lib/python3.11/site-packages/airflow/example_dags/example_trigger_target_dag.py
[2024-11-03T09:52:50.514+0000] {processor.py:840} INFO - DAG(s) 'example_trigger_target_dag' retrieved from /home/airflow/.local/lib/python3.11/site-packages/airflow/example_dags/example_trigger_target_dag.py
[2024-11-03T09:52:50.532+0000] {logging_mixin.py:188} INFO - [2024-11-03T09:52:50.532+0000] {dag.py:3096} INFO - Sync 1 DAGs
[2024-11-03T09:52:50.543+0000] {logging_mixin.py:188} INFO - [2024-11-03T09:52:50.542+0000] {dag.py:3954} INFO - Setting next_dagrun for example_trigger_target_dag to None, run_after=None
[2024-11-03T09:52:50.556+0000] {processor.py:183} INFO - Processing /home/airflow/.local/lib/python3.11/site-packages/airflow/example_dags/example_trigger_target_dag.py took 0.053 seconds
[2024-11-03T09:53:20.605+0000] {processor.py:161} INFO - Started process (PID=6862) to work on /home/airflow/.local/lib/python3.11/site-packages/airflow/example_dags/example_trigger_target_dag.py
[2024-11-03T09:53:20.606+0000] {processor.py:830} INFO - Processing file /home/airflow/.local/lib/python3.11/site-packages/airflow/example_dags/example_trigger_target_dag.py for tasks to queue
[2024-11-03T09:53:20.607+0000] {logging_mixin.py:188} INFO - [2024-11-03T09:53:20.607+0000] {dagbag.py:545} INFO - Filling up the DagBag from /home/airflow/.local/lib/python3.11/site-packages/airflow/example_dags/example_trigger_target_dag.py
[2024-11-03T09:53:20.613+0000] {processor.py:840} INFO - DAG(s) 'example_trigger_target_dag' retrieved from /home/airflow/.local/lib/python3.11/site-packages/airflow/example_dags/example_trigger_target_dag.py
[2024-11-03T09:53:20.632+0000] {logging_mixin.py:188} INFO - [2024-11-03T09:53:20.632+0000] {dag.py:3096} INFO - Sync 1 DAGs
[2024-11-03T09:53:20.646+0000] {logging_mixin.py:188} INFO - [2024-11-03T09:53:20.646+0000] {dag.py:3954} INFO - Setting next_dagrun for example_trigger_target_dag to None, run_after=None
[2024-11-03T09:53:20.664+0000] {processor.py:183} INFO - Processing /home/airflow/.local/lib/python3.11/site-packages/airflow/example_dags/example_trigger_target_dag.py took 0.064 seconds
[2024-11-03T09:53:50.725+0000] {processor.py:161} INFO - Started process (PID=7143) to work on /home/airflow/.local/lib/python3.11/site-packages/airflow/example_dags/example_trigger_target_dag.py
[2024-11-03T09:53:50.726+0000] {processor.py:830} INFO - Processing file /home/airflow/.local/lib/python3.11/site-packages/airflow/example_dags/example_trigger_target_dag.py for tasks to queue
[2024-11-03T09:53:50.727+0000] {logging_mixin.py:188} INFO - [2024-11-03T09:53:50.727+0000] {dagbag.py:545} INFO - Filling up the DagBag from /home/airflow/.local/lib/python3.11/site-packages/airflow/example_dags/example_trigger_target_dag.py
[2024-11-03T09:53:50.734+0000] {processor.py:840} INFO - DAG(s) 'example_trigger_target_dag' retrieved from /home/airflow/.local/lib/python3.11/site-packages/airflow/example_dags/example_trigger_target_dag.py
[2024-11-03T09:53:50.752+0000] {logging_mixin.py:188} INFO - [2024-11-03T09:53:50.752+0000] {dag.py:3096} INFO - Sync 1 DAGs
[2024-11-03T09:53:50.763+0000] {logging_mixin.py:188} INFO - [2024-11-03T09:53:50.763+0000] {dag.py:3954} INFO - Setting next_dagrun for example_trigger_target_dag to None, run_after=None
[2024-11-03T09:53:50.779+0000] {processor.py:183} INFO - Processing /home/airflow/.local/lib/python3.11/site-packages/airflow/example_dags/example_trigger_target_dag.py took 0.059 seconds
[2024-11-03T09:54:20.901+0000] {processor.py:161} INFO - Started process (PID=7409) to work on /home/airflow/.local/lib/python3.11/site-packages/airflow/example_dags/example_trigger_target_dag.py
[2024-11-03T09:54:20.901+0000] {processor.py:830} INFO - Processing file /home/airflow/.local/lib/python3.11/site-packages/airflow/example_dags/example_trigger_target_dag.py for tasks to queue
[2024-11-03T09:54:20.902+0000] {logging_mixin.py:188} INFO - [2024-11-03T09:54:20.902+0000] {dagbag.py:545} INFO - Filling up the DagBag from /home/airflow/.local/lib/python3.11/site-packages/airflow/example_dags/example_trigger_target_dag.py
[2024-11-03T09:54:20.908+0000] {processor.py:840} INFO - DAG(s) 'example_trigger_target_dag' retrieved from /home/airflow/.local/lib/python3.11/site-packages/airflow/example_dags/example_trigger_target_dag.py
[2024-11-03T09:54:20.924+0000] {logging_mixin.py:188} INFO - [2024-11-03T09:54:20.924+0000] {dag.py:3096} INFO - Sync 1 DAGs
[2024-11-03T09:54:20.935+0000] {logging_mixin.py:188} INFO - [2024-11-03T09:54:20.935+0000] {dag.py:3954} INFO - Setting next_dagrun for example_trigger_target_dag to None, run_after=None
[2024-11-03T09:54:20.952+0000] {processor.py:183} INFO - Processing /home/airflow/.local/lib/python3.11/site-packages/airflow/example_dags/example_trigger_target_dag.py took 0.056 seconds
[2024-11-03T09:54:51.675+0000] {processor.py:161} INFO - Started process (PID=7687) to work on /home/airflow/.local/lib/python3.11/site-packages/airflow/example_dags/example_trigger_target_dag.py
[2024-11-03T09:54:51.676+0000] {processor.py:830} INFO - Processing file /home/airflow/.local/lib/python3.11/site-packages/airflow/example_dags/example_trigger_target_dag.py for tasks to queue
[2024-11-03T09:54:51.677+0000] {logging_mixin.py:188} INFO - [2024-11-03T09:54:51.677+0000] {dagbag.py:545} INFO - Filling up the DagBag from /home/airflow/.local/lib/python3.11/site-packages/airflow/example_dags/example_trigger_target_dag.py
[2024-11-03T09:54:51.682+0000] {processor.py:840} INFO - DAG(s) 'example_trigger_target_dag' retrieved from /home/airflow/.local/lib/python3.11/site-packages/airflow/example_dags/example_trigger_target_dag.py
[2024-11-03T09:54:51.700+0000] {logging_mixin.py:188} INFO - [2024-11-03T09:54:51.700+0000] {dag.py:3096} INFO - Sync 1 DAGs
[2024-11-03T09:54:51.710+0000] {logging_mixin.py:188} INFO - [2024-11-03T09:54:51.710+0000] {dag.py:3954} INFO - Setting next_dagrun for example_trigger_target_dag to None, run_after=None
[2024-11-03T09:54:51.726+0000] {processor.py:183} INFO - Processing /home/airflow/.local/lib/python3.11/site-packages/airflow/example_dags/example_trigger_target_dag.py took 0.056 seconds
[2024-11-03T09:55:22.126+0000] {processor.py:161} INFO - Started process (PID=7951) to work on /home/airflow/.local/lib/python3.11/site-packages/airflow/example_dags/example_trigger_target_dag.py
[2024-11-03T09:55:22.128+0000] {processor.py:830} INFO - Processing file /home/airflow/.local/lib/python3.11/site-packages/airflow/example_dags/example_trigger_target_dag.py for tasks to queue
[2024-11-03T09:55:22.128+0000] {logging_mixin.py:188} INFO - [2024-11-03T09:55:22.128+0000] {dagbag.py:545} INFO - Filling up the DagBag from /home/airflow/.local/lib/python3.11/site-packages/airflow/example_dags/example_trigger_target_dag.py
[2024-11-03T09:55:22.133+0000] {processor.py:840} INFO - DAG(s) 'example_trigger_target_dag' retrieved from /home/airflow/.local/lib/python3.11/site-packages/airflow/example_dags/example_trigger_target_dag.py
[2024-11-03T09:55:22.150+0000] {logging_mixin.py:188} INFO - [2024-11-03T09:55:22.150+0000] {dag.py:3096} INFO - Sync 1 DAGs
[2024-11-03T09:55:22.160+0000] {logging_mixin.py:188} INFO - [2024-11-03T09:55:22.159+0000] {dag.py:3954} INFO - Setting next_dagrun for example_trigger_target_dag to None, run_after=None
[2024-11-03T09:55:22.177+0000] {processor.py:183} INFO - Processing /home/airflow/.local/lib/python3.11/site-packages/airflow/example_dags/example_trigger_target_dag.py took 0.056 seconds
[2024-11-03T09:55:52.782+0000] {processor.py:161} INFO - Started process (PID=8219) to work on /home/airflow/.local/lib/python3.11/site-packages/airflow/example_dags/example_trigger_target_dag.py
[2024-11-03T09:55:52.783+0000] {processor.py:830} INFO - Processing file /home/airflow/.local/lib/python3.11/site-packages/airflow/example_dags/example_trigger_target_dag.py for tasks to queue
[2024-11-03T09:55:52.784+0000] {logging_mixin.py:188} INFO - [2024-11-03T09:55:52.784+0000] {dagbag.py:545} INFO - Filling up the DagBag from /home/airflow/.local/lib/python3.11/site-packages/airflow/example_dags/example_trigger_target_dag.py
[2024-11-03T09:55:52.792+0000] {processor.py:840} INFO - DAG(s) 'example_trigger_target_dag' retrieved from /home/airflow/.local/lib/python3.11/site-packages/airflow/example_dags/example_trigger_target_dag.py
[2024-11-03T09:55:52.809+0000] {logging_mixin.py:188} INFO - [2024-11-03T09:55:52.809+0000] {dag.py:3096} INFO - Sync 1 DAGs
[2024-11-03T09:55:52.819+0000] {logging_mixin.py:188} INFO - [2024-11-03T09:55:52.819+0000] {dag.py:3954} INFO - Setting next_dagrun for example_trigger_target_dag to None, run_after=None
[2024-11-03T09:55:52.834+0000] {processor.py:183} INFO - Processing /home/airflow/.local/lib/python3.11/site-packages/airflow/example_dags/example_trigger_target_dag.py took 0.057 seconds
[2024-11-03T16:27:44.771+0000] {processor.py:161} INFO - Started process (PID=355) to work on /home/airflow/.local/lib/python3.11/site-packages/airflow/example_dags/example_trigger_target_dag.py
[2024-11-03T16:27:44.772+0000] {processor.py:830} INFO - Processing file /home/airflow/.local/lib/python3.11/site-packages/airflow/example_dags/example_trigger_target_dag.py for tasks to queue
[2024-11-03T16:27:44.775+0000] {logging_mixin.py:188} INFO - [2024-11-03T16:27:44.774+0000] {dagbag.py:545} INFO - Filling up the DagBag from /home/airflow/.local/lib/python3.11/site-packages/airflow/example_dags/example_trigger_target_dag.py
[2024-11-03T16:27:44.780+0000] {processor.py:840} INFO - DAG(s) 'example_trigger_target_dag' retrieved from /home/airflow/.local/lib/python3.11/site-packages/airflow/example_dags/example_trigger_target_dag.py
[2024-11-03T16:27:44.793+0000] {logging_mixin.py:188} INFO - [2024-11-03T16:27:44.792+0000] {dag.py:3096} INFO - Sync 1 DAGs
[2024-11-03T16:27:44.811+0000] {logging_mixin.py:188} INFO - [2024-11-03T16:27:44.811+0000] {dag.py:3954} INFO - Setting next_dagrun for example_trigger_target_dag to None, run_after=None
[2024-11-03T16:27:44.841+0000] {processor.py:183} INFO - Processing /home/airflow/.local/lib/python3.11/site-packages/airflow/example_dags/example_trigger_target_dag.py took 0.077 seconds
[2024-11-03T16:28:16.186+0000] {processor.py:161} INFO - Started process (PID=622) to work on /home/airflow/.local/lib/python3.11/site-packages/airflow/example_dags/example_trigger_target_dag.py
[2024-11-03T16:28:16.187+0000] {processor.py:830} INFO - Processing file /home/airflow/.local/lib/python3.11/site-packages/airflow/example_dags/example_trigger_target_dag.py for tasks to queue
[2024-11-03T16:28:16.189+0000] {logging_mixin.py:188} INFO - [2024-11-03T16:28:16.189+0000] {dagbag.py:545} INFO - Filling up the DagBag from /home/airflow/.local/lib/python3.11/site-packages/airflow/example_dags/example_trigger_target_dag.py
[2024-11-03T16:28:16.194+0000] {processor.py:840} INFO - DAG(s) 'example_trigger_target_dag' retrieved from /home/airflow/.local/lib/python3.11/site-packages/airflow/example_dags/example_trigger_target_dag.py
[2024-11-03T16:28:16.284+0000] {logging_mixin.py:188} INFO - [2024-11-03T16:28:16.284+0000] {dag.py:3096} INFO - Sync 1 DAGs
[2024-11-03T16:28:16.292+0000] {logging_mixin.py:188} INFO - [2024-11-03T16:28:16.292+0000] {dag.py:3954} INFO - Setting next_dagrun for example_trigger_target_dag to None, run_after=None
[2024-11-03T16:28:16.311+0000] {processor.py:183} INFO - Processing /home/airflow/.local/lib/python3.11/site-packages/airflow/example_dags/example_trigger_target_dag.py took 0.129 seconds
