[2024-11-03T09:41:05.227+0000] {processor.py:161} INFO - Started process (PID=270) to work on /home/airflow/.local/lib/python3.11/site-packages/airflow/example_dags/example_branch_labels.py
[2024-11-03T09:41:05.228+0000] {processor.py:830} INFO - Processing file /home/airflow/.local/lib/python3.11/site-packages/airflow/example_dags/example_branch_labels.py for tasks to queue
[2024-11-03T09:41:05.230+0000] {logging_mixin.py:188} INFO - [2024-11-03T09:41:05.230+0000] {dagbag.py:545} INFO - Filling up the DagBag from /home/airflow/.local/lib/python3.11/site-packages/airflow/example_dags/example_branch_labels.py
[2024-11-03T09:41:05.240+0000] {processor.py:840} INFO - DAG(s) 'example_branch_labels' retrieved from /home/airflow/.local/lib/python3.11/site-packages/airflow/example_dags/example_branch_labels.py
[2024-11-03T09:41:05.252+0000] {logging_mixin.py:188} INFO - [2024-11-03T09:41:05.252+0000] {dag.py:3096} INFO - Sync 1 DAGs
[2024-11-03T09:41:05.278+0000] {logging_mixin.py:188} INFO - [2024-11-03T09:41:05.277+0000] {dag.py:3954} INFO - Setting next_dagrun for example_branch_labels to 2024-11-02 00:00:00+00:00, run_after=2024-11-03 00:00:00+00:00
[2024-11-03T09:41:05.301+0000] {processor.py:183} INFO - Processing /home/airflow/.local/lib/python3.11/site-packages/airflow/example_dags/example_branch_labels.py took 0.080 seconds
[2024-11-03T09:41:36.189+0000] {processor.py:161} INFO - Started process (PID=538) to work on /home/airflow/.local/lib/python3.11/site-packages/airflow/example_dags/example_branch_labels.py
[2024-11-03T09:41:36.190+0000] {processor.py:830} INFO - Processing file /home/airflow/.local/lib/python3.11/site-packages/airflow/example_dags/example_branch_labels.py for tasks to queue
[2024-11-03T09:41:36.191+0000] {logging_mixin.py:188} INFO - [2024-11-03T09:41:36.191+0000] {dagbag.py:545} INFO - Filling up the DagBag from /home/airflow/.local/lib/python3.11/site-packages/airflow/example_dags/example_branch_labels.py
[2024-11-03T09:41:36.197+0000] {processor.py:840} INFO - DAG(s) 'example_branch_labels' retrieved from /home/airflow/.local/lib/python3.11/site-packages/airflow/example_dags/example_branch_labels.py
[2024-11-03T09:41:36.280+0000] {logging_mixin.py:188} INFO - [2024-11-03T09:41:36.279+0000] {dag.py:3096} INFO - Sync 1 DAGs
[2024-11-03T09:41:36.296+0000] {logging_mixin.py:188} INFO - [2024-11-03T09:41:36.296+0000] {dag.py:3954} INFO - Setting next_dagrun for example_branch_labels to 2024-11-02 00:00:00+00:00, run_after=2024-11-03 00:00:00+00:00
[2024-11-03T09:41:36.315+0000] {processor.py:183} INFO - Processing /home/airflow/.local/lib/python3.11/site-packages/airflow/example_dags/example_branch_labels.py took 0.132 seconds
[2024-11-03T09:42:07.231+0000] {processor.py:161} INFO - Started process (PID=804) to work on /home/airflow/.local/lib/python3.11/site-packages/airflow/example_dags/example_branch_labels.py
[2024-11-03T09:42:07.232+0000] {processor.py:830} INFO - Processing file /home/airflow/.local/lib/python3.11/site-packages/airflow/example_dags/example_branch_labels.py for tasks to queue
[2024-11-03T09:42:07.233+0000] {logging_mixin.py:188} INFO - [2024-11-03T09:42:07.233+0000] {dagbag.py:545} INFO - Filling up the DagBag from /home/airflow/.local/lib/python3.11/site-packages/airflow/example_dags/example_branch_labels.py
[2024-11-03T09:42:07.240+0000] {processor.py:840} INFO - DAG(s) 'example_branch_labels' retrieved from /home/airflow/.local/lib/python3.11/site-packages/airflow/example_dags/example_branch_labels.py
[2024-11-03T09:42:07.260+0000] {logging_mixin.py:188} INFO - [2024-11-03T09:42:07.260+0000] {dag.py:3096} INFO - Sync 1 DAGs
[2024-11-03T09:42:07.280+0000] {logging_mixin.py:188} INFO - [2024-11-03T09:42:07.280+0000] {dag.py:3954} INFO - Setting next_dagrun for example_branch_labels to 2024-11-02 00:00:00+00:00, run_after=2024-11-03 00:00:00+00:00
[2024-11-03T09:42:07.299+0000] {processor.py:183} INFO - Processing /home/airflow/.local/lib/python3.11/site-packages/airflow/example_dags/example_branch_labels.py took 0.073 seconds
[2024-11-03T09:42:37.416+0000] {processor.py:161} INFO - Started process (PID=1068) to work on /home/airflow/.local/lib/python3.11/site-packages/airflow/example_dags/example_branch_labels.py
[2024-11-03T09:42:37.417+0000] {processor.py:830} INFO - Processing file /home/airflow/.local/lib/python3.11/site-packages/airflow/example_dags/example_branch_labels.py for tasks to queue
[2024-11-03T09:42:37.418+0000] {logging_mixin.py:188} INFO - [2024-11-03T09:42:37.418+0000] {dagbag.py:545} INFO - Filling up the DagBag from /home/airflow/.local/lib/python3.11/site-packages/airflow/example_dags/example_branch_labels.py
[2024-11-03T09:42:37.425+0000] {processor.py:840} INFO - DAG(s) 'example_branch_labels' retrieved from /home/airflow/.local/lib/python3.11/site-packages/airflow/example_dags/example_branch_labels.py
[2024-11-03T09:42:37.446+0000] {logging_mixin.py:188} INFO - [2024-11-03T09:42:37.446+0000] {dag.py:3096} INFO - Sync 1 DAGs
[2024-11-03T09:42:37.466+0000] {logging_mixin.py:188} INFO - [2024-11-03T09:42:37.465+0000] {dag.py:3954} INFO - Setting next_dagrun for example_branch_labels to 2024-11-02 00:00:00+00:00, run_after=2024-11-03 00:00:00+00:00
[2024-11-03T09:42:37.484+0000] {processor.py:183} INFO - Processing /home/airflow/.local/lib/python3.11/site-packages/airflow/example_dags/example_branch_labels.py took 0.074 seconds
[2024-11-03T09:43:07.917+0000] {processor.py:161} INFO - Started process (PID=1341) to work on /home/airflow/.local/lib/python3.11/site-packages/airflow/example_dags/example_branch_labels.py
[2024-11-03T09:43:07.918+0000] {processor.py:830} INFO - Processing file /home/airflow/.local/lib/python3.11/site-packages/airflow/example_dags/example_branch_labels.py for tasks to queue
[2024-11-03T09:43:07.919+0000] {logging_mixin.py:188} INFO - [2024-11-03T09:43:07.919+0000] {dagbag.py:545} INFO - Filling up the DagBag from /home/airflow/.local/lib/python3.11/site-packages/airflow/example_dags/example_branch_labels.py
[2024-11-03T09:43:07.926+0000] {processor.py:840} INFO - DAG(s) 'example_branch_labels' retrieved from /home/airflow/.local/lib/python3.11/site-packages/airflow/example_dags/example_branch_labels.py
[2024-11-03T09:43:07.944+0000] {logging_mixin.py:188} INFO - [2024-11-03T09:43:07.944+0000] {dag.py:3096} INFO - Sync 1 DAGs
[2024-11-03T09:43:07.963+0000] {logging_mixin.py:188} INFO - [2024-11-03T09:43:07.962+0000] {dag.py:3954} INFO - Setting next_dagrun for example_branch_labels to 2024-11-02 00:00:00+00:00, run_after=2024-11-03 00:00:00+00:00
[2024-11-03T09:43:07.978+0000] {processor.py:183} INFO - Processing /home/airflow/.local/lib/python3.11/site-packages/airflow/example_dags/example_branch_labels.py took 0.065 seconds
[2024-11-03T09:43:38.803+0000] {processor.py:161} INFO - Started process (PID=1615) to work on /home/airflow/.local/lib/python3.11/site-packages/airflow/example_dags/example_branch_labels.py
[2024-11-03T09:43:38.804+0000] {processor.py:830} INFO - Processing file /home/airflow/.local/lib/python3.11/site-packages/airflow/example_dags/example_branch_labels.py for tasks to queue
[2024-11-03T09:43:38.806+0000] {logging_mixin.py:188} INFO - [2024-11-03T09:43:38.806+0000] {dagbag.py:545} INFO - Filling up the DagBag from /home/airflow/.local/lib/python3.11/site-packages/airflow/example_dags/example_branch_labels.py
[2024-11-03T09:43:38.812+0000] {processor.py:840} INFO - DAG(s) 'example_branch_labels' retrieved from /home/airflow/.local/lib/python3.11/site-packages/airflow/example_dags/example_branch_labels.py
[2024-11-03T09:43:38.830+0000] {logging_mixin.py:188} INFO - [2024-11-03T09:43:38.830+0000] {dag.py:3096} INFO - Sync 1 DAGs
[2024-11-03T09:43:38.848+0000] {logging_mixin.py:188} INFO - [2024-11-03T09:43:38.848+0000] {dag.py:3954} INFO - Setting next_dagrun for example_branch_labels to 2024-11-02 00:00:00+00:00, run_after=2024-11-03 00:00:00+00:00
[2024-11-03T09:43:38.869+0000] {processor.py:183} INFO - Processing /home/airflow/.local/lib/python3.11/site-packages/airflow/example_dags/example_branch_labels.py took 0.071 seconds
[2024-11-03T09:44:09.542+0000] {processor.py:161} INFO - Started process (PID=1881) to work on /home/airflow/.local/lib/python3.11/site-packages/airflow/example_dags/example_branch_labels.py
[2024-11-03T09:44:09.543+0000] {processor.py:830} INFO - Processing file /home/airflow/.local/lib/python3.11/site-packages/airflow/example_dags/example_branch_labels.py for tasks to queue
[2024-11-03T09:44:09.545+0000] {logging_mixin.py:188} INFO - [2024-11-03T09:44:09.544+0000] {dagbag.py:545} INFO - Filling up the DagBag from /home/airflow/.local/lib/python3.11/site-packages/airflow/example_dags/example_branch_labels.py
[2024-11-03T09:44:09.552+0000] {processor.py:840} INFO - DAG(s) 'example_branch_labels' retrieved from /home/airflow/.local/lib/python3.11/site-packages/airflow/example_dags/example_branch_labels.py
[2024-11-03T09:44:09.571+0000] {logging_mixin.py:188} INFO - [2024-11-03T09:44:09.571+0000] {dag.py:3096} INFO - Sync 1 DAGs
[2024-11-03T09:44:09.588+0000] {logging_mixin.py:188} INFO - [2024-11-03T09:44:09.588+0000] {dag.py:3954} INFO - Setting next_dagrun for example_branch_labels to 2024-11-02 00:00:00+00:00, run_after=2024-11-03 00:00:00+00:00
[2024-11-03T09:44:09.605+0000] {processor.py:183} INFO - Processing /home/airflow/.local/lib/python3.11/site-packages/airflow/example_dags/example_branch_labels.py took 0.069 seconds
[2024-11-03T09:44:39.760+0000] {processor.py:161} INFO - Started process (PID=2174) to work on /home/airflow/.local/lib/python3.11/site-packages/airflow/example_dags/example_branch_labels.py
[2024-11-03T09:44:39.761+0000] {processor.py:830} INFO - Processing file /home/airflow/.local/lib/python3.11/site-packages/airflow/example_dags/example_branch_labels.py for tasks to queue
[2024-11-03T09:44:39.762+0000] {logging_mixin.py:188} INFO - [2024-11-03T09:44:39.762+0000] {dagbag.py:545} INFO - Filling up the DagBag from /home/airflow/.local/lib/python3.11/site-packages/airflow/example_dags/example_branch_labels.py
[2024-11-03T09:44:39.768+0000] {processor.py:840} INFO - DAG(s) 'example_branch_labels' retrieved from /home/airflow/.local/lib/python3.11/site-packages/airflow/example_dags/example_branch_labels.py
[2024-11-03T09:44:39.787+0000] {logging_mixin.py:188} INFO - [2024-11-03T09:44:39.786+0000] {dag.py:3096} INFO - Sync 1 DAGs
[2024-11-03T09:44:39.804+0000] {logging_mixin.py:188} INFO - [2024-11-03T09:44:39.804+0000] {dag.py:3954} INFO - Setting next_dagrun for example_branch_labels to 2024-11-02 00:00:00+00:00, run_after=2024-11-03 00:00:00+00:00
[2024-11-03T09:44:39.819+0000] {processor.py:183} INFO - Processing /home/airflow/.local/lib/python3.11/site-packages/airflow/example_dags/example_branch_labels.py took 0.064 seconds
[2024-11-03T09:45:09.895+0000] {processor.py:161} INFO - Started process (PID=2455) to work on /home/airflow/.local/lib/python3.11/site-packages/airflow/example_dags/example_branch_labels.py
[2024-11-03T09:45:09.896+0000] {processor.py:830} INFO - Processing file /home/airflow/.local/lib/python3.11/site-packages/airflow/example_dags/example_branch_labels.py for tasks to queue
[2024-11-03T09:45:09.897+0000] {logging_mixin.py:188} INFO - [2024-11-03T09:45:09.897+0000] {dagbag.py:545} INFO - Filling up the DagBag from /home/airflow/.local/lib/python3.11/site-packages/airflow/example_dags/example_branch_labels.py
[2024-11-03T09:45:09.903+0000] {processor.py:840} INFO - DAG(s) 'example_branch_labels' retrieved from /home/airflow/.local/lib/python3.11/site-packages/airflow/example_dags/example_branch_labels.py
[2024-11-03T09:45:09.922+0000] {logging_mixin.py:188} INFO - [2024-11-03T09:45:09.922+0000] {dag.py:3096} INFO - Sync 1 DAGs
[2024-11-03T09:45:09.940+0000] {logging_mixin.py:188} INFO - [2024-11-03T09:45:09.940+0000] {dag.py:3954} INFO - Setting next_dagrun for example_branch_labels to 2024-11-02 00:00:00+00:00, run_after=2024-11-03 00:00:00+00:00
[2024-11-03T09:45:09.956+0000] {processor.py:183} INFO - Processing /home/airflow/.local/lib/python3.11/site-packages/airflow/example_dags/example_branch_labels.py took 0.066 seconds
[2024-11-03T09:45:40.002+0000] {processor.py:161} INFO - Started process (PID=2726) to work on /home/airflow/.local/lib/python3.11/site-packages/airflow/example_dags/example_branch_labels.py
[2024-11-03T09:45:40.003+0000] {processor.py:830} INFO - Processing file /home/airflow/.local/lib/python3.11/site-packages/airflow/example_dags/example_branch_labels.py for tasks to queue
[2024-11-03T09:45:40.005+0000] {logging_mixin.py:188} INFO - [2024-11-03T09:45:40.004+0000] {dagbag.py:545} INFO - Filling up the DagBag from /home/airflow/.local/lib/python3.11/site-packages/airflow/example_dags/example_branch_labels.py
[2024-11-03T09:45:40.011+0000] {processor.py:840} INFO - DAG(s) 'example_branch_labels' retrieved from /home/airflow/.local/lib/python3.11/site-packages/airflow/example_dags/example_branch_labels.py
[2024-11-03T09:45:40.028+0000] {logging_mixin.py:188} INFO - [2024-11-03T09:45:40.028+0000] {dag.py:3096} INFO - Sync 1 DAGs
[2024-11-03T09:45:40.046+0000] {logging_mixin.py:188} INFO - [2024-11-03T09:45:40.045+0000] {dag.py:3954} INFO - Setting next_dagrun for example_branch_labels to 2024-11-02 00:00:00+00:00, run_after=2024-11-03 00:00:00+00:00
[2024-11-03T09:45:40.060+0000] {processor.py:183} INFO - Processing /home/airflow/.local/lib/python3.11/site-packages/airflow/example_dags/example_branch_labels.py took 0.063 seconds
[2024-11-03T09:46:11.066+0000] {processor.py:161} INFO - Started process (PID=2997) to work on /home/airflow/.local/lib/python3.11/site-packages/airflow/example_dags/example_branch_labels.py
[2024-11-03T09:46:11.067+0000] {processor.py:830} INFO - Processing file /home/airflow/.local/lib/python3.11/site-packages/airflow/example_dags/example_branch_labels.py for tasks to queue
[2024-11-03T09:46:11.068+0000] {logging_mixin.py:188} INFO - [2024-11-03T09:46:11.068+0000] {dagbag.py:545} INFO - Filling up the DagBag from /home/airflow/.local/lib/python3.11/site-packages/airflow/example_dags/example_branch_labels.py
[2024-11-03T09:46:11.074+0000] {processor.py:840} INFO - DAG(s) 'example_branch_labels' retrieved from /home/airflow/.local/lib/python3.11/site-packages/airflow/example_dags/example_branch_labels.py
[2024-11-03T09:46:11.093+0000] {logging_mixin.py:188} INFO - [2024-11-03T09:46:11.092+0000] {dag.py:3096} INFO - Sync 1 DAGs
[2024-11-03T09:46:11.113+0000] {logging_mixin.py:188} INFO - [2024-11-03T09:46:11.113+0000] {dag.py:3954} INFO - Setting next_dagrun for example_branch_labels to 2024-11-02 00:00:00+00:00, run_after=2024-11-03 00:00:00+00:00
[2024-11-03T09:46:11.130+0000] {processor.py:183} INFO - Processing /home/airflow/.local/lib/python3.11/site-packages/airflow/example_dags/example_branch_labels.py took 0.069 seconds
[2024-11-03T09:46:41.204+0000] {processor.py:161} INFO - Started process (PID=3296) to work on /home/airflow/.local/lib/python3.11/site-packages/airflow/example_dags/example_branch_labels.py
[2024-11-03T09:46:41.205+0000] {processor.py:830} INFO - Processing file /home/airflow/.local/lib/python3.11/site-packages/airflow/example_dags/example_branch_labels.py for tasks to queue
[2024-11-03T09:46:41.206+0000] {logging_mixin.py:188} INFO - [2024-11-03T09:46:41.206+0000] {dagbag.py:545} INFO - Filling up the DagBag from /home/airflow/.local/lib/python3.11/site-packages/airflow/example_dags/example_branch_labels.py
[2024-11-03T09:46:41.214+0000] {processor.py:840} INFO - DAG(s) 'example_branch_labels' retrieved from /home/airflow/.local/lib/python3.11/site-packages/airflow/example_dags/example_branch_labels.py
[2024-11-03T09:46:41.233+0000] {logging_mixin.py:188} INFO - [2024-11-03T09:46:41.233+0000] {dag.py:3096} INFO - Sync 1 DAGs
[2024-11-03T09:46:41.252+0000] {logging_mixin.py:188} INFO - [2024-11-03T09:46:41.252+0000] {dag.py:3954} INFO - Setting next_dagrun for example_branch_labels to 2024-11-02 00:00:00+00:00, run_after=2024-11-03 00:00:00+00:00
[2024-11-03T09:46:41.268+0000] {processor.py:183} INFO - Processing /home/airflow/.local/lib/python3.11/site-packages/airflow/example_dags/example_branch_labels.py took 0.069 seconds
[2024-11-03T09:47:12.297+0000] {processor.py:161} INFO - Started process (PID=3564) to work on /home/airflow/.local/lib/python3.11/site-packages/airflow/example_dags/example_branch_labels.py
[2024-11-03T09:47:12.298+0000] {processor.py:830} INFO - Processing file /home/airflow/.local/lib/python3.11/site-packages/airflow/example_dags/example_branch_labels.py for tasks to queue
[2024-11-03T09:47:12.299+0000] {logging_mixin.py:188} INFO - [2024-11-03T09:47:12.299+0000] {dagbag.py:545} INFO - Filling up the DagBag from /home/airflow/.local/lib/python3.11/site-packages/airflow/example_dags/example_branch_labels.py
[2024-11-03T09:47:12.305+0000] {processor.py:840} INFO - DAG(s) 'example_branch_labels' retrieved from /home/airflow/.local/lib/python3.11/site-packages/airflow/example_dags/example_branch_labels.py
[2024-11-03T09:47:12.325+0000] {logging_mixin.py:188} INFO - [2024-11-03T09:47:12.324+0000] {dag.py:3096} INFO - Sync 1 DAGs
[2024-11-03T09:47:12.344+0000] {logging_mixin.py:188} INFO - [2024-11-03T09:47:12.344+0000] {dag.py:3954} INFO - Setting next_dagrun for example_branch_labels to 2024-11-02 00:00:00+00:00, run_after=2024-11-03 00:00:00+00:00
[2024-11-03T09:47:12.361+0000] {processor.py:183} INFO - Processing /home/airflow/.local/lib/python3.11/site-packages/airflow/example_dags/example_branch_labels.py took 0.070 seconds
[2024-11-03T09:47:42.408+0000] {processor.py:161} INFO - Started process (PID=3830) to work on /home/airflow/.local/lib/python3.11/site-packages/airflow/example_dags/example_branch_labels.py
[2024-11-03T09:47:42.409+0000] {processor.py:830} INFO - Processing file /home/airflow/.local/lib/python3.11/site-packages/airflow/example_dags/example_branch_labels.py for tasks to queue
[2024-11-03T09:47:42.410+0000] {logging_mixin.py:188} INFO - [2024-11-03T09:47:42.410+0000] {dagbag.py:545} INFO - Filling up the DagBag from /home/airflow/.local/lib/python3.11/site-packages/airflow/example_dags/example_branch_labels.py
[2024-11-03T09:47:42.416+0000] {processor.py:840} INFO - DAG(s) 'example_branch_labels' retrieved from /home/airflow/.local/lib/python3.11/site-packages/airflow/example_dags/example_branch_labels.py
[2024-11-03T09:47:42.436+0000] {logging_mixin.py:188} INFO - [2024-11-03T09:47:42.436+0000] {dag.py:3096} INFO - Sync 1 DAGs
[2024-11-03T09:47:42.455+0000] {logging_mixin.py:188} INFO - [2024-11-03T09:47:42.455+0000] {dag.py:3954} INFO - Setting next_dagrun for example_branch_labels to 2024-11-02 00:00:00+00:00, run_after=2024-11-03 00:00:00+00:00
[2024-11-03T09:47:42.471+0000] {processor.py:183} INFO - Processing /home/airflow/.local/lib/python3.11/site-packages/airflow/example_dags/example_branch_labels.py took 0.069 seconds
[2024-11-03T09:48:13.576+0000] {processor.py:161} INFO - Started process (PID=4101) to work on /home/airflow/.local/lib/python3.11/site-packages/airflow/example_dags/example_branch_labels.py
[2024-11-03T09:48:13.578+0000] {processor.py:830} INFO - Processing file /home/airflow/.local/lib/python3.11/site-packages/airflow/example_dags/example_branch_labels.py for tasks to queue
[2024-11-03T09:48:13.579+0000] {logging_mixin.py:188} INFO - [2024-11-03T09:48:13.578+0000] {dagbag.py:545} INFO - Filling up the DagBag from /home/airflow/.local/lib/python3.11/site-packages/airflow/example_dags/example_branch_labels.py
[2024-11-03T09:48:13.586+0000] {processor.py:840} INFO - DAG(s) 'example_branch_labels' retrieved from /home/airflow/.local/lib/python3.11/site-packages/airflow/example_dags/example_branch_labels.py
[2024-11-03T09:48:13.607+0000] {logging_mixin.py:188} INFO - [2024-11-03T09:48:13.607+0000] {dag.py:3096} INFO - Sync 1 DAGs
[2024-11-03T09:48:13.627+0000] {logging_mixin.py:188} INFO - [2024-11-03T09:48:13.627+0000] {dag.py:3954} INFO - Setting next_dagrun for example_branch_labels to 2024-11-02 00:00:00+00:00, run_after=2024-11-03 00:00:00+00:00
[2024-11-03T09:48:13.644+0000] {processor.py:183} INFO - Processing /home/airflow/.local/lib/python3.11/site-packages/airflow/example_dags/example_branch_labels.py took 0.077 seconds
[2024-11-03T09:48:44.590+0000] {processor.py:161} INFO - Started process (PID=4372) to work on /home/airflow/.local/lib/python3.11/site-packages/airflow/example_dags/example_branch_labels.py
[2024-11-03T09:48:44.591+0000] {processor.py:830} INFO - Processing file /home/airflow/.local/lib/python3.11/site-packages/airflow/example_dags/example_branch_labels.py for tasks to queue
[2024-11-03T09:48:44.592+0000] {logging_mixin.py:188} INFO - [2024-11-03T09:48:44.592+0000] {dagbag.py:545} INFO - Filling up the DagBag from /home/airflow/.local/lib/python3.11/site-packages/airflow/example_dags/example_branch_labels.py
[2024-11-03T09:48:44.599+0000] {processor.py:840} INFO - DAG(s) 'example_branch_labels' retrieved from /home/airflow/.local/lib/python3.11/site-packages/airflow/example_dags/example_branch_labels.py
[2024-11-03T09:48:44.619+0000] {logging_mixin.py:188} INFO - [2024-11-03T09:48:44.619+0000] {dag.py:3096} INFO - Sync 1 DAGs
[2024-11-03T09:48:44.642+0000] {logging_mixin.py:188} INFO - [2024-11-03T09:48:44.641+0000] {dag.py:3954} INFO - Setting next_dagrun for example_branch_labels to 2024-11-02 00:00:00+00:00, run_after=2024-11-03 00:00:00+00:00
[2024-11-03T09:48:44.659+0000] {processor.py:183} INFO - Processing /home/airflow/.local/lib/python3.11/site-packages/airflow/example_dags/example_branch_labels.py took 0.075 seconds
[2024-11-03T09:49:15.338+0000] {processor.py:161} INFO - Started process (PID=4656) to work on /home/airflow/.local/lib/python3.11/site-packages/airflow/example_dags/example_branch_labels.py
[2024-11-03T09:49:15.339+0000] {processor.py:830} INFO - Processing file /home/airflow/.local/lib/python3.11/site-packages/airflow/example_dags/example_branch_labels.py for tasks to queue
[2024-11-03T09:49:15.340+0000] {logging_mixin.py:188} INFO - [2024-11-03T09:49:15.339+0000] {dagbag.py:545} INFO - Filling up the DagBag from /home/airflow/.local/lib/python3.11/site-packages/airflow/example_dags/example_branch_labels.py
[2024-11-03T09:49:15.346+0000] {processor.py:840} INFO - DAG(s) 'example_branch_labels' retrieved from /home/airflow/.local/lib/python3.11/site-packages/airflow/example_dags/example_branch_labels.py
[2024-11-03T09:49:15.366+0000] {logging_mixin.py:188} INFO - [2024-11-03T09:49:15.365+0000] {dag.py:3096} INFO - Sync 1 DAGs
[2024-11-03T09:49:15.385+0000] {logging_mixin.py:188} INFO - [2024-11-03T09:49:15.385+0000] {dag.py:3954} INFO - Setting next_dagrun for example_branch_labels to 2024-11-02 00:00:00+00:00, run_after=2024-11-03 00:00:00+00:00
[2024-11-03T09:49:15.402+0000] {processor.py:183} INFO - Processing /home/airflow/.local/lib/python3.11/site-packages/airflow/example_dags/example_branch_labels.py took 0.069 seconds
[2024-11-03T09:49:45.455+0000] {processor.py:161} INFO - Started process (PID=4922) to work on /home/airflow/.local/lib/python3.11/site-packages/airflow/example_dags/example_branch_labels.py
[2024-11-03T09:49:45.456+0000] {processor.py:830} INFO - Processing file /home/airflow/.local/lib/python3.11/site-packages/airflow/example_dags/example_branch_labels.py for tasks to queue
[2024-11-03T09:49:45.457+0000] {logging_mixin.py:188} INFO - [2024-11-03T09:49:45.457+0000] {dagbag.py:545} INFO - Filling up the DagBag from /home/airflow/.local/lib/python3.11/site-packages/airflow/example_dags/example_branch_labels.py
[2024-11-03T09:49:45.463+0000] {processor.py:840} INFO - DAG(s) 'example_branch_labels' retrieved from /home/airflow/.local/lib/python3.11/site-packages/airflow/example_dags/example_branch_labels.py
[2024-11-03T09:49:45.481+0000] {logging_mixin.py:188} INFO - [2024-11-03T09:49:45.480+0000] {dag.py:3096} INFO - Sync 1 DAGs
[2024-11-03T09:49:45.500+0000] {logging_mixin.py:188} INFO - [2024-11-03T09:49:45.500+0000] {dag.py:3954} INFO - Setting next_dagrun for example_branch_labels to 2024-11-02 00:00:00+00:00, run_after=2024-11-03 00:00:00+00:00
[2024-11-03T09:49:45.519+0000] {processor.py:183} INFO - Processing /home/airflow/.local/lib/python3.11/site-packages/airflow/example_dags/example_branch_labels.py took 0.069 seconds
[2024-11-03T09:50:15.766+0000] {processor.py:161} INFO - Started process (PID=5188) to work on /home/airflow/.local/lib/python3.11/site-packages/airflow/example_dags/example_branch_labels.py
[2024-11-03T09:50:15.767+0000] {processor.py:830} INFO - Processing file /home/airflow/.local/lib/python3.11/site-packages/airflow/example_dags/example_branch_labels.py for tasks to queue
[2024-11-03T09:50:15.768+0000] {logging_mixin.py:188} INFO - [2024-11-03T09:50:15.768+0000] {dagbag.py:545} INFO - Filling up the DagBag from /home/airflow/.local/lib/python3.11/site-packages/airflow/example_dags/example_branch_labels.py
[2024-11-03T09:50:15.775+0000] {processor.py:840} INFO - DAG(s) 'example_branch_labels' retrieved from /home/airflow/.local/lib/python3.11/site-packages/airflow/example_dags/example_branch_labels.py
[2024-11-03T09:50:15.793+0000] {logging_mixin.py:188} INFO - [2024-11-03T09:50:15.793+0000] {dag.py:3096} INFO - Sync 1 DAGs
[2024-11-03T09:50:15.812+0000] {logging_mixin.py:188} INFO - [2024-11-03T09:50:15.812+0000] {dag.py:3954} INFO - Setting next_dagrun for example_branch_labels to 2024-11-02 00:00:00+00:00, run_after=2024-11-03 00:00:00+00:00
[2024-11-03T09:50:15.829+0000] {processor.py:183} INFO - Processing /home/airflow/.local/lib/python3.11/site-packages/airflow/example_dags/example_branch_labels.py took 0.067 seconds
[2024-11-03T09:50:45.973+0000] {processor.py:161} INFO - Started process (PID=5454) to work on /home/airflow/.local/lib/python3.11/site-packages/airflow/example_dags/example_branch_labels.py
[2024-11-03T09:50:45.974+0000] {processor.py:830} INFO - Processing file /home/airflow/.local/lib/python3.11/site-packages/airflow/example_dags/example_branch_labels.py for tasks to queue
[2024-11-03T09:50:45.975+0000] {logging_mixin.py:188} INFO - [2024-11-03T09:50:45.975+0000] {dagbag.py:545} INFO - Filling up the DagBag from /home/airflow/.local/lib/python3.11/site-packages/airflow/example_dags/example_branch_labels.py
[2024-11-03T09:50:45.981+0000] {processor.py:840} INFO - DAG(s) 'example_branch_labels' retrieved from /home/airflow/.local/lib/python3.11/site-packages/airflow/example_dags/example_branch_labels.py
[2024-11-03T09:50:46.001+0000] {logging_mixin.py:188} INFO - [2024-11-03T09:50:46.000+0000] {dag.py:3096} INFO - Sync 1 DAGs
[2024-11-03T09:50:46.023+0000] {logging_mixin.py:188} INFO - [2024-11-03T09:50:46.023+0000] {dag.py:3954} INFO - Setting next_dagrun for example_branch_labels to 2024-11-02 00:00:00+00:00, run_after=2024-11-03 00:00:00+00:00
[2024-11-03T09:50:46.037+0000] {processor.py:183} INFO - Processing /home/airflow/.local/lib/python3.11/site-packages/airflow/example_dags/example_branch_labels.py took 0.069 seconds
[2024-11-03T09:51:16.737+0000] {processor.py:161} INFO - Started process (PID=5720) to work on /home/airflow/.local/lib/python3.11/site-packages/airflow/example_dags/example_branch_labels.py
[2024-11-03T09:51:16.738+0000] {processor.py:830} INFO - Processing file /home/airflow/.local/lib/python3.11/site-packages/airflow/example_dags/example_branch_labels.py for tasks to queue
[2024-11-03T09:51:16.739+0000] {logging_mixin.py:188} INFO - [2024-11-03T09:51:16.739+0000] {dagbag.py:545} INFO - Filling up the DagBag from /home/airflow/.local/lib/python3.11/site-packages/airflow/example_dags/example_branch_labels.py
[2024-11-03T09:51:16.745+0000] {processor.py:840} INFO - DAG(s) 'example_branch_labels' retrieved from /home/airflow/.local/lib/python3.11/site-packages/airflow/example_dags/example_branch_labels.py
[2024-11-03T09:51:16.765+0000] {logging_mixin.py:188} INFO - [2024-11-03T09:51:16.764+0000] {dag.py:3096} INFO - Sync 1 DAGs
[2024-11-03T09:51:16.783+0000] {logging_mixin.py:188} INFO - [2024-11-03T09:51:16.783+0000] {dag.py:3954} INFO - Setting next_dagrun for example_branch_labels to 2024-11-02 00:00:00+00:00, run_after=2024-11-03 00:00:00+00:00
[2024-11-03T09:51:16.800+0000] {processor.py:183} INFO - Processing /home/airflow/.local/lib/python3.11/site-packages/airflow/example_dags/example_branch_labels.py took 0.067 seconds
[2024-11-03T09:51:47.483+0000] {processor.py:161} INFO - Started process (PID=5986) to work on /home/airflow/.local/lib/python3.11/site-packages/airflow/example_dags/example_branch_labels.py
[2024-11-03T09:51:47.484+0000] {processor.py:830} INFO - Processing file /home/airflow/.local/lib/python3.11/site-packages/airflow/example_dags/example_branch_labels.py for tasks to queue
[2024-11-03T09:51:47.485+0000] {logging_mixin.py:188} INFO - [2024-11-03T09:51:47.485+0000] {dagbag.py:545} INFO - Filling up the DagBag from /home/airflow/.local/lib/python3.11/site-packages/airflow/example_dags/example_branch_labels.py
[2024-11-03T09:51:47.491+0000] {processor.py:840} INFO - DAG(s) 'example_branch_labels' retrieved from /home/airflow/.local/lib/python3.11/site-packages/airflow/example_dags/example_branch_labels.py
[2024-11-03T09:51:47.509+0000] {logging_mixin.py:188} INFO - [2024-11-03T09:51:47.509+0000] {dag.py:3096} INFO - Sync 1 DAGs
[2024-11-03T09:51:47.528+0000] {logging_mixin.py:188} INFO - [2024-11-03T09:51:47.528+0000] {dag.py:3954} INFO - Setting next_dagrun for example_branch_labels to 2024-11-02 00:00:00+00:00, run_after=2024-11-03 00:00:00+00:00
[2024-11-03T09:51:47.546+0000] {processor.py:183} INFO - Processing /home/airflow/.local/lib/python3.11/site-packages/airflow/example_dags/example_branch_labels.py took 0.068 seconds
[2024-11-03T09:52:18.231+0000] {processor.py:161} INFO - Started process (PID=6252) to work on /home/airflow/.local/lib/python3.11/site-packages/airflow/example_dags/example_branch_labels.py
[2024-11-03T09:52:18.231+0000] {processor.py:830} INFO - Processing file /home/airflow/.local/lib/python3.11/site-packages/airflow/example_dags/example_branch_labels.py for tasks to queue
[2024-11-03T09:52:18.232+0000] {logging_mixin.py:188} INFO - [2024-11-03T09:52:18.232+0000] {dagbag.py:545} INFO - Filling up the DagBag from /home/airflow/.local/lib/python3.11/site-packages/airflow/example_dags/example_branch_labels.py
[2024-11-03T09:52:18.238+0000] {processor.py:840} INFO - DAG(s) 'example_branch_labels' retrieved from /home/airflow/.local/lib/python3.11/site-packages/airflow/example_dags/example_branch_labels.py
[2024-11-03T09:52:18.257+0000] {logging_mixin.py:188} INFO - [2024-11-03T09:52:18.257+0000] {dag.py:3096} INFO - Sync 1 DAGs
[2024-11-03T09:52:18.274+0000] {logging_mixin.py:188} INFO - [2024-11-03T09:52:18.274+0000] {dag.py:3954} INFO - Setting next_dagrun for example_branch_labels to 2024-11-02 00:00:00+00:00, run_after=2024-11-03 00:00:00+00:00
[2024-11-03T09:52:18.290+0000] {processor.py:183} INFO - Processing /home/airflow/.local/lib/python3.11/site-packages/airflow/example_dags/example_branch_labels.py took 0.064 seconds
[2024-11-03T09:52:48.392+0000] {processor.py:161} INFO - Started process (PID=6518) to work on /home/airflow/.local/lib/python3.11/site-packages/airflow/example_dags/example_branch_labels.py
[2024-11-03T09:52:48.393+0000] {processor.py:830} INFO - Processing file /home/airflow/.local/lib/python3.11/site-packages/airflow/example_dags/example_branch_labels.py for tasks to queue
[2024-11-03T09:52:48.394+0000] {logging_mixin.py:188} INFO - [2024-11-03T09:52:48.394+0000] {dagbag.py:545} INFO - Filling up the DagBag from /home/airflow/.local/lib/python3.11/site-packages/airflow/example_dags/example_branch_labels.py
[2024-11-03T09:52:48.400+0000] {processor.py:840} INFO - DAG(s) 'example_branch_labels' retrieved from /home/airflow/.local/lib/python3.11/site-packages/airflow/example_dags/example_branch_labels.py
[2024-11-03T09:52:48.418+0000] {logging_mixin.py:188} INFO - [2024-11-03T09:52:48.417+0000] {dag.py:3096} INFO - Sync 1 DAGs
[2024-11-03T09:52:48.435+0000] {logging_mixin.py:188} INFO - [2024-11-03T09:52:48.434+0000] {dag.py:3954} INFO - Setting next_dagrun for example_branch_labels to 2024-11-02 00:00:00+00:00, run_after=2024-11-03 00:00:00+00:00
[2024-11-03T09:52:48.451+0000] {processor.py:183} INFO - Processing /home/airflow/.local/lib/python3.11/site-packages/airflow/example_dags/example_branch_labels.py took 0.063 seconds
[2024-11-03T09:53:18.619+0000] {processor.py:161} INFO - Started process (PID=6784) to work on /home/airflow/.local/lib/python3.11/site-packages/airflow/example_dags/example_branch_labels.py
[2024-11-03T09:53:18.620+0000] {processor.py:830} INFO - Processing file /home/airflow/.local/lib/python3.11/site-packages/airflow/example_dags/example_branch_labels.py for tasks to queue
[2024-11-03T09:53:18.621+0000] {logging_mixin.py:188} INFO - [2024-11-03T09:53:18.621+0000] {dagbag.py:545} INFO - Filling up the DagBag from /home/airflow/.local/lib/python3.11/site-packages/airflow/example_dags/example_branch_labels.py
[2024-11-03T09:53:18.628+0000] {processor.py:840} INFO - DAG(s) 'example_branch_labels' retrieved from /home/airflow/.local/lib/python3.11/site-packages/airflow/example_dags/example_branch_labels.py
[2024-11-03T09:53:18.651+0000] {logging_mixin.py:188} INFO - [2024-11-03T09:53:18.651+0000] {dag.py:3096} INFO - Sync 1 DAGs
[2024-11-03T09:53:18.681+0000] {logging_mixin.py:188} INFO - [2024-11-03T09:53:18.681+0000] {dag.py:3954} INFO - Setting next_dagrun for example_branch_labels to 2024-11-02 00:00:00+00:00, run_after=2024-11-03 00:00:00+00:00
[2024-11-03T09:53:18.701+0000] {processor.py:183} INFO - Processing /home/airflow/.local/lib/python3.11/site-packages/airflow/example_dags/example_branch_labels.py took 0.087 seconds
[2024-11-03T09:53:48.818+0000] {processor.py:161} INFO - Started process (PID=7070) to work on /home/airflow/.local/lib/python3.11/site-packages/airflow/example_dags/example_branch_labels.py
[2024-11-03T09:53:48.819+0000] {processor.py:830} INFO - Processing file /home/airflow/.local/lib/python3.11/site-packages/airflow/example_dags/example_branch_labels.py for tasks to queue
[2024-11-03T09:53:48.820+0000] {logging_mixin.py:188} INFO - [2024-11-03T09:53:48.820+0000] {dagbag.py:545} INFO - Filling up the DagBag from /home/airflow/.local/lib/python3.11/site-packages/airflow/example_dags/example_branch_labels.py
[2024-11-03T09:53:48.828+0000] {processor.py:840} INFO - DAG(s) 'example_branch_labels' retrieved from /home/airflow/.local/lib/python3.11/site-packages/airflow/example_dags/example_branch_labels.py
[2024-11-03T09:53:48.849+0000] {logging_mixin.py:188} INFO - [2024-11-03T09:53:48.849+0000] {dag.py:3096} INFO - Sync 1 DAGs
[2024-11-03T09:53:48.871+0000] {logging_mixin.py:188} INFO - [2024-11-03T09:53:48.871+0000] {dag.py:3954} INFO - Setting next_dagrun for example_branch_labels to 2024-11-02 00:00:00+00:00, run_after=2024-11-03 00:00:00+00:00
[2024-11-03T09:53:48.892+0000] {processor.py:183} INFO - Processing /home/airflow/.local/lib/python3.11/site-packages/airflow/example_dags/example_branch_labels.py took 0.080 seconds
[2024-11-03T09:54:19.227+0000] {processor.py:161} INFO - Started process (PID=7334) to work on /home/airflow/.local/lib/python3.11/site-packages/airflow/example_dags/example_branch_labels.py
[2024-11-03T09:54:19.227+0000] {processor.py:830} INFO - Processing file /home/airflow/.local/lib/python3.11/site-packages/airflow/example_dags/example_branch_labels.py for tasks to queue
[2024-11-03T09:54:19.228+0000] {logging_mixin.py:188} INFO - [2024-11-03T09:54:19.228+0000] {dagbag.py:545} INFO - Filling up the DagBag from /home/airflow/.local/lib/python3.11/site-packages/airflow/example_dags/example_branch_labels.py
[2024-11-03T09:54:19.235+0000] {processor.py:840} INFO - DAG(s) 'example_branch_labels' retrieved from /home/airflow/.local/lib/python3.11/site-packages/airflow/example_dags/example_branch_labels.py
[2024-11-03T09:54:19.254+0000] {logging_mixin.py:188} INFO - [2024-11-03T09:54:19.253+0000] {dag.py:3096} INFO - Sync 1 DAGs
[2024-11-03T09:54:19.272+0000] {logging_mixin.py:188} INFO - [2024-11-03T09:54:19.272+0000] {dag.py:3954} INFO - Setting next_dagrun for example_branch_labels to 2024-11-02 00:00:00+00:00, run_after=2024-11-03 00:00:00+00:00
[2024-11-03T09:54:19.287+0000] {processor.py:183} INFO - Processing /home/airflow/.local/lib/python3.11/site-packages/airflow/example_dags/example_branch_labels.py took 0.065 seconds
[2024-11-03T09:54:49.886+0000] {processor.py:161} INFO - Started process (PID=7602) to work on /home/airflow/.local/lib/python3.11/site-packages/airflow/example_dags/example_branch_labels.py
[2024-11-03T09:54:49.887+0000] {processor.py:830} INFO - Processing file /home/airflow/.local/lib/python3.11/site-packages/airflow/example_dags/example_branch_labels.py for tasks to queue
[2024-11-03T09:54:49.888+0000] {logging_mixin.py:188} INFO - [2024-11-03T09:54:49.888+0000] {dagbag.py:545} INFO - Filling up the DagBag from /home/airflow/.local/lib/python3.11/site-packages/airflow/example_dags/example_branch_labels.py
[2024-11-03T09:54:49.894+0000] {processor.py:840} INFO - DAG(s) 'example_branch_labels' retrieved from /home/airflow/.local/lib/python3.11/site-packages/airflow/example_dags/example_branch_labels.py
[2024-11-03T09:54:49.912+0000] {logging_mixin.py:188} INFO - [2024-11-03T09:54:49.912+0000] {dag.py:3096} INFO - Sync 1 DAGs
[2024-11-03T09:54:49.930+0000] {logging_mixin.py:188} INFO - [2024-11-03T09:54:49.930+0000] {dag.py:3954} INFO - Setting next_dagrun for example_branch_labels to 2024-11-02 00:00:00+00:00, run_after=2024-11-03 00:00:00+00:00
[2024-11-03T09:54:49.945+0000] {processor.py:183} INFO - Processing /home/airflow/.local/lib/python3.11/site-packages/airflow/example_dags/example_branch_labels.py took 0.063 seconds
[2024-11-03T09:55:20.286+0000] {processor.py:161} INFO - Started process (PID=7868) to work on /home/airflow/.local/lib/python3.11/site-packages/airflow/example_dags/example_branch_labels.py
[2024-11-03T09:55:20.287+0000] {processor.py:830} INFO - Processing file /home/airflow/.local/lib/python3.11/site-packages/airflow/example_dags/example_branch_labels.py for tasks to queue
[2024-11-03T09:55:20.288+0000] {logging_mixin.py:188} INFO - [2024-11-03T09:55:20.288+0000] {dagbag.py:545} INFO - Filling up the DagBag from /home/airflow/.local/lib/python3.11/site-packages/airflow/example_dags/example_branch_labels.py
[2024-11-03T09:55:20.294+0000] {processor.py:840} INFO - DAG(s) 'example_branch_labels' retrieved from /home/airflow/.local/lib/python3.11/site-packages/airflow/example_dags/example_branch_labels.py
[2024-11-03T09:55:20.313+0000] {logging_mixin.py:188} INFO - [2024-11-03T09:55:20.313+0000] {dag.py:3096} INFO - Sync 1 DAGs
[2024-11-03T09:55:20.331+0000] {logging_mixin.py:188} INFO - [2024-11-03T09:55:20.330+0000] {dag.py:3954} INFO - Setting next_dagrun for example_branch_labels to 2024-11-02 00:00:00+00:00, run_after=2024-11-03 00:00:00+00:00
[2024-11-03T09:55:20.347+0000] {processor.py:183} INFO - Processing /home/airflow/.local/lib/python3.11/site-packages/airflow/example_dags/example_branch_labels.py took 0.065 seconds
[2024-11-03T09:55:50.833+0000] {processor.py:161} INFO - Started process (PID=8134) to work on /home/airflow/.local/lib/python3.11/site-packages/airflow/example_dags/example_branch_labels.py
[2024-11-03T09:55:50.834+0000] {processor.py:830} INFO - Processing file /home/airflow/.local/lib/python3.11/site-packages/airflow/example_dags/example_branch_labels.py for tasks to queue
[2024-11-03T09:55:50.835+0000] {logging_mixin.py:188} INFO - [2024-11-03T09:55:50.834+0000] {dagbag.py:545} INFO - Filling up the DagBag from /home/airflow/.local/lib/python3.11/site-packages/airflow/example_dags/example_branch_labels.py
[2024-11-03T09:55:50.840+0000] {processor.py:840} INFO - DAG(s) 'example_branch_labels' retrieved from /home/airflow/.local/lib/python3.11/site-packages/airflow/example_dags/example_branch_labels.py
[2024-11-03T09:55:50.860+0000] {logging_mixin.py:188} INFO - [2024-11-03T09:55:50.860+0000] {dag.py:3096} INFO - Sync 1 DAGs
[2024-11-03T09:55:50.879+0000] {logging_mixin.py:188} INFO - [2024-11-03T09:55:50.879+0000] {dag.py:3954} INFO - Setting next_dagrun for example_branch_labels to 2024-11-02 00:00:00+00:00, run_after=2024-11-03 00:00:00+00:00
[2024-11-03T09:55:50.895+0000] {processor.py:183} INFO - Processing /home/airflow/.local/lib/python3.11/site-packages/airflow/example_dags/example_branch_labels.py took 0.068 seconds
[2024-11-03T16:27:43.609+0000] {processor.py:161} INFO - Started process (PID=270) to work on /home/airflow/.local/lib/python3.11/site-packages/airflow/example_dags/example_branch_labels.py
[2024-11-03T16:27:43.610+0000] {processor.py:830} INFO - Processing file /home/airflow/.local/lib/python3.11/site-packages/airflow/example_dags/example_branch_labels.py for tasks to queue
[2024-11-03T16:27:43.612+0000] {logging_mixin.py:188} INFO - [2024-11-03T16:27:43.612+0000] {dagbag.py:545} INFO - Filling up the DagBag from /home/airflow/.local/lib/python3.11/site-packages/airflow/example_dags/example_branch_labels.py
[2024-11-03T16:27:43.624+0000] {processor.py:840} INFO - DAG(s) 'example_branch_labels' retrieved from /home/airflow/.local/lib/python3.11/site-packages/airflow/example_dags/example_branch_labels.py
[2024-11-03T16:27:43.638+0000] {logging_mixin.py:188} INFO - [2024-11-03T16:27:43.638+0000] {dag.py:3096} INFO - Sync 1 DAGs
[2024-11-03T16:27:43.669+0000] {logging_mixin.py:188} INFO - [2024-11-03T16:27:43.669+0000] {dag.py:3954} INFO - Setting next_dagrun for example_branch_labels to 2024-11-02 00:00:00+00:00, run_after=2024-11-03 00:00:00+00:00
[2024-11-03T16:27:43.694+0000] {processor.py:183} INFO - Processing /home/airflow/.local/lib/python3.11/site-packages/airflow/example_dags/example_branch_labels.py took 0.092 seconds
[2024-11-03T16:28:14.810+0000] {processor.py:161} INFO - Started process (PID=539) to work on /home/airflow/.local/lib/python3.11/site-packages/airflow/example_dags/example_branch_labels.py
[2024-11-03T16:28:14.811+0000] {processor.py:830} INFO - Processing file /home/airflow/.local/lib/python3.11/site-packages/airflow/example_dags/example_branch_labels.py for tasks to queue
[2024-11-03T16:28:14.813+0000] {logging_mixin.py:188} INFO - [2024-11-03T16:28:14.812+0000] {dagbag.py:545} INFO - Filling up the DagBag from /home/airflow/.local/lib/python3.11/site-packages/airflow/example_dags/example_branch_labels.py
[2024-11-03T16:28:14.819+0000] {processor.py:840} INFO - DAG(s) 'example_branch_labels' retrieved from /home/airflow/.local/lib/python3.11/site-packages/airflow/example_dags/example_branch_labels.py
[2024-11-03T16:28:14.902+0000] {logging_mixin.py:188} INFO - [2024-11-03T16:28:14.902+0000] {dag.py:3096} INFO - Sync 1 DAGs
[2024-11-03T16:28:14.919+0000] {logging_mixin.py:188} INFO - [2024-11-03T16:28:14.919+0000] {dag.py:3954} INFO - Setting next_dagrun for example_branch_labels to 2024-11-02 00:00:00+00:00, run_after=2024-11-03 00:00:00+00:00
[2024-11-03T16:28:14.936+0000] {processor.py:183} INFO - Processing /home/airflow/.local/lib/python3.11/site-packages/airflow/example_dags/example_branch_labels.py took 0.132 seconds
