[2024-11-03T09:41:05.970+0000] {processor.py:161} INFO - Started process (PID=330) to work on /home/airflow/.local/lib/python3.11/site-packages/airflow/example_dags/example_external_task_marker_dag.py
[2024-11-03T09:41:05.971+0000] {processor.py:830} INFO - Processing file /home/airflow/.local/lib/python3.11/site-packages/airflow/example_dags/example_external_task_marker_dag.py for tasks to queue
[2024-11-03T09:41:05.974+0000] {logging_mixin.py:188} INFO - [2024-11-03T09:41:05.973+0000] {dagbag.py:545} INFO - Filling up the DagBag from /home/airflow/.local/lib/python3.11/site-packages/airflow/example_dags/example_external_task_marker_dag.py
[2024-11-03T09:41:05.983+0000] {processor.py:840} INFO - DAG(s) 'example_external_task_marker_parent', 'example_external_task_marker_child' retrieved from /home/airflow/.local/lib/python3.11/site-packages/airflow/example_dags/example_external_task_marker_dag.py
[2024-11-03T09:41:05.995+0000] {logging_mixin.py:188} INFO - [2024-11-03T09:41:05.994+0000] {dag.py:3096} INFO - Sync 2 DAGs
[2024-11-03T09:41:06.007+0000] {logging_mixin.py:188} INFO - [2024-11-03T09:41:06.007+0000] {dag.py:3954} INFO - Setting next_dagrun for example_external_task_marker_child to None, run_after=None
[2024-11-03T09:41:06.011+0000] {logging_mixin.py:188} INFO - [2024-11-03T09:41:06.011+0000] {dag.py:3954} INFO - Setting next_dagrun for example_external_task_marker_parent to None, run_after=None
[2024-11-03T09:41:06.027+0000] {processor.py:183} INFO - Processing /home/airflow/.local/lib/python3.11/site-packages/airflow/example_dags/example_external_task_marker_dag.py took 0.063 seconds
[2024-11-03T09:41:37.445+0000] {processor.py:161} INFO - Started process (PID=598) to work on /home/airflow/.local/lib/python3.11/site-packages/airflow/example_dags/example_external_task_marker_dag.py
[2024-11-03T09:41:37.446+0000] {processor.py:830} INFO - Processing file /home/airflow/.local/lib/python3.11/site-packages/airflow/example_dags/example_external_task_marker_dag.py for tasks to queue
[2024-11-03T09:41:37.448+0000] {logging_mixin.py:188} INFO - [2024-11-03T09:41:37.447+0000] {dagbag.py:545} INFO - Filling up the DagBag from /home/airflow/.local/lib/python3.11/site-packages/airflow/example_dags/example_external_task_marker_dag.py
[2024-11-03T09:41:37.453+0000] {processor.py:840} INFO - DAG(s) 'example_external_task_marker_parent', 'example_external_task_marker_child' retrieved from /home/airflow/.local/lib/python3.11/site-packages/airflow/example_dags/example_external_task_marker_dag.py
[2024-11-03T09:41:37.538+0000] {logging_mixin.py:188} INFO - [2024-11-03T09:41:37.538+0000] {dag.py:3096} INFO - Sync 2 DAGs
[2024-11-03T09:41:37.549+0000] {logging_mixin.py:188} INFO - [2024-11-03T09:41:37.548+0000] {dag.py:3954} INFO - Setting next_dagrun for example_external_task_marker_child to None, run_after=None
[2024-11-03T09:41:37.552+0000] {logging_mixin.py:188} INFO - [2024-11-03T09:41:37.552+0000] {dag.py:3954} INFO - Setting next_dagrun for example_external_task_marker_parent to None, run_after=None
[2024-11-03T09:41:37.566+0000] {processor.py:183} INFO - Processing /home/airflow/.local/lib/python3.11/site-packages/airflow/example_dags/example_external_task_marker_dag.py took 0.127 seconds
[2024-11-03T09:42:07.847+0000] {processor.py:161} INFO - Started process (PID=862) to work on /home/airflow/.local/lib/python3.11/site-packages/airflow/example_dags/example_external_task_marker_dag.py
[2024-11-03T09:42:07.848+0000] {processor.py:830} INFO - Processing file /home/airflow/.local/lib/python3.11/site-packages/airflow/example_dags/example_external_task_marker_dag.py for tasks to queue
[2024-11-03T09:42:07.850+0000] {logging_mixin.py:188} INFO - [2024-11-03T09:42:07.849+0000] {dagbag.py:545} INFO - Filling up the DagBag from /home/airflow/.local/lib/python3.11/site-packages/airflow/example_dags/example_external_task_marker_dag.py
[2024-11-03T09:42:07.856+0000] {processor.py:840} INFO - DAG(s) 'example_external_task_marker_parent', 'example_external_task_marker_child' retrieved from /home/airflow/.local/lib/python3.11/site-packages/airflow/example_dags/example_external_task_marker_dag.py
[2024-11-03T09:42:07.882+0000] {logging_mixin.py:188} INFO - [2024-11-03T09:42:07.882+0000] {dag.py:3096} INFO - Sync 2 DAGs
[2024-11-03T09:42:07.894+0000] {logging_mixin.py:188} INFO - [2024-11-03T09:42:07.893+0000] {dag.py:3954} INFO - Setting next_dagrun for example_external_task_marker_child to None, run_after=None
[2024-11-03T09:42:07.897+0000] {logging_mixin.py:188} INFO - [2024-11-03T09:42:07.897+0000] {dag.py:3954} INFO - Setting next_dagrun for example_external_task_marker_parent to None, run_after=None
[2024-11-03T09:42:07.913+0000] {processor.py:183} INFO - Processing /home/airflow/.local/lib/python3.11/site-packages/airflow/example_dags/example_external_task_marker_dag.py took 0.072 seconds
[2024-11-03T09:42:38.098+0000] {processor.py:161} INFO - Started process (PID=1128) to work on /home/airflow/.local/lib/python3.11/site-packages/airflow/example_dags/example_external_task_marker_dag.py
[2024-11-03T09:42:38.099+0000] {processor.py:830} INFO - Processing file /home/airflow/.local/lib/python3.11/site-packages/airflow/example_dags/example_external_task_marker_dag.py for tasks to queue
[2024-11-03T09:42:38.101+0000] {logging_mixin.py:188} INFO - [2024-11-03T09:42:38.101+0000] {dagbag.py:545} INFO - Filling up the DagBag from /home/airflow/.local/lib/python3.11/site-packages/airflow/example_dags/example_external_task_marker_dag.py
[2024-11-03T09:42:38.106+0000] {processor.py:840} INFO - DAG(s) 'example_external_task_marker_parent', 'example_external_task_marker_child' retrieved from /home/airflow/.local/lib/python3.11/site-packages/airflow/example_dags/example_external_task_marker_dag.py
[2024-11-03T09:42:38.128+0000] {logging_mixin.py:188} INFO - [2024-11-03T09:42:38.128+0000] {dag.py:3096} INFO - Sync 2 DAGs
[2024-11-03T09:42:38.139+0000] {logging_mixin.py:188} INFO - [2024-11-03T09:42:38.139+0000] {dag.py:3954} INFO - Setting next_dagrun for example_external_task_marker_child to None, run_after=None
[2024-11-03T09:42:38.143+0000] {logging_mixin.py:188} INFO - [2024-11-03T09:42:38.143+0000] {dag.py:3954} INFO - Setting next_dagrun for example_external_task_marker_parent to None, run_after=None
[2024-11-03T09:42:38.159+0000] {processor.py:183} INFO - Processing /home/airflow/.local/lib/python3.11/site-packages/airflow/example_dags/example_external_task_marker_dag.py took 0.066 seconds
[2024-11-03T09:43:08.570+0000] {processor.py:161} INFO - Started process (PID=1401) to work on /home/airflow/.local/lib/python3.11/site-packages/airflow/example_dags/example_external_task_marker_dag.py
[2024-11-03T09:43:08.571+0000] {processor.py:830} INFO - Processing file /home/airflow/.local/lib/python3.11/site-packages/airflow/example_dags/example_external_task_marker_dag.py for tasks to queue
[2024-11-03T09:43:08.573+0000] {logging_mixin.py:188} INFO - [2024-11-03T09:43:08.573+0000] {dagbag.py:545} INFO - Filling up the DagBag from /home/airflow/.local/lib/python3.11/site-packages/airflow/example_dags/example_external_task_marker_dag.py
[2024-11-03T09:43:08.578+0000] {processor.py:840} INFO - DAG(s) 'example_external_task_marker_parent', 'example_external_task_marker_child' retrieved from /home/airflow/.local/lib/python3.11/site-packages/airflow/example_dags/example_external_task_marker_dag.py
[2024-11-03T09:43:08.599+0000] {logging_mixin.py:188} INFO - [2024-11-03T09:43:08.599+0000] {dag.py:3096} INFO - Sync 2 DAGs
[2024-11-03T09:43:08.609+0000] {logging_mixin.py:188} INFO - [2024-11-03T09:43:08.608+0000] {dag.py:3954} INFO - Setting next_dagrun for example_external_task_marker_child to None, run_after=None
[2024-11-03T09:43:08.612+0000] {logging_mixin.py:188} INFO - [2024-11-03T09:43:08.611+0000] {dag.py:3954} INFO - Setting next_dagrun for example_external_task_marker_parent to None, run_after=None
[2024-11-03T09:43:08.627+0000] {processor.py:183} INFO - Processing /home/airflow/.local/lib/python3.11/site-packages/airflow/example_dags/example_external_task_marker_dag.py took 0.061 seconds
[2024-11-03T09:43:39.429+0000] {processor.py:161} INFO - Started process (PID=1675) to work on /home/airflow/.local/lib/python3.11/site-packages/airflow/example_dags/example_external_task_marker_dag.py
[2024-11-03T09:43:39.430+0000] {processor.py:830} INFO - Processing file /home/airflow/.local/lib/python3.11/site-packages/airflow/example_dags/example_external_task_marker_dag.py for tasks to queue
[2024-11-03T09:43:39.432+0000] {logging_mixin.py:188} INFO - [2024-11-03T09:43:39.432+0000] {dagbag.py:545} INFO - Filling up the DagBag from /home/airflow/.local/lib/python3.11/site-packages/airflow/example_dags/example_external_task_marker_dag.py
[2024-11-03T09:43:39.437+0000] {processor.py:840} INFO - DAG(s) 'example_external_task_marker_parent', 'example_external_task_marker_child' retrieved from /home/airflow/.local/lib/python3.11/site-packages/airflow/example_dags/example_external_task_marker_dag.py
[2024-11-03T09:43:39.457+0000] {logging_mixin.py:188} INFO - [2024-11-03T09:43:39.456+0000] {dag.py:3096} INFO - Sync 2 DAGs
[2024-11-03T09:43:39.467+0000] {logging_mixin.py:188} INFO - [2024-11-03T09:43:39.466+0000] {dag.py:3954} INFO - Setting next_dagrun for example_external_task_marker_child to None, run_after=None
[2024-11-03T09:43:39.470+0000] {logging_mixin.py:188} INFO - [2024-11-03T09:43:39.470+0000] {dag.py:3954} INFO - Setting next_dagrun for example_external_task_marker_parent to None, run_after=None
[2024-11-03T09:43:39.484+0000] {processor.py:183} INFO - Processing /home/airflow/.local/lib/python3.11/site-packages/airflow/example_dags/example_external_task_marker_dag.py took 0.060 seconds
[2024-11-03T09:44:10.172+0000] {processor.py:161} INFO - Started process (PID=1941) to work on /home/airflow/.local/lib/python3.11/site-packages/airflow/example_dags/example_external_task_marker_dag.py
[2024-11-03T09:44:10.173+0000] {processor.py:830} INFO - Processing file /home/airflow/.local/lib/python3.11/site-packages/airflow/example_dags/example_external_task_marker_dag.py for tasks to queue
[2024-11-03T09:44:10.174+0000] {logging_mixin.py:188} INFO - [2024-11-03T09:44:10.174+0000] {dagbag.py:545} INFO - Filling up the DagBag from /home/airflow/.local/lib/python3.11/site-packages/airflow/example_dags/example_external_task_marker_dag.py
[2024-11-03T09:44:10.180+0000] {processor.py:840} INFO - DAG(s) 'example_external_task_marker_child', 'example_external_task_marker_parent' retrieved from /home/airflow/.local/lib/python3.11/site-packages/airflow/example_dags/example_external_task_marker_dag.py
[2024-11-03T09:44:10.199+0000] {logging_mixin.py:188} INFO - [2024-11-03T09:44:10.199+0000] {dag.py:3096} INFO - Sync 2 DAGs
[2024-11-03T09:44:10.210+0000] {logging_mixin.py:188} INFO - [2024-11-03T09:44:10.209+0000] {dag.py:3954} INFO - Setting next_dagrun for example_external_task_marker_child to None, run_after=None
[2024-11-03T09:44:10.214+0000] {logging_mixin.py:188} INFO - [2024-11-03T09:44:10.213+0000] {dag.py:3954} INFO - Setting next_dagrun for example_external_task_marker_parent to None, run_after=None
[2024-11-03T09:44:10.229+0000] {processor.py:183} INFO - Processing /home/airflow/.local/lib/python3.11/site-packages/airflow/example_dags/example_external_task_marker_dag.py took 0.062 seconds
[2024-11-03T09:44:40.421+0000] {processor.py:161} INFO - Started process (PID=2234) to work on /home/airflow/.local/lib/python3.11/site-packages/airflow/example_dags/example_external_task_marker_dag.py
[2024-11-03T09:44:40.422+0000] {processor.py:830} INFO - Processing file /home/airflow/.local/lib/python3.11/site-packages/airflow/example_dags/example_external_task_marker_dag.py for tasks to queue
[2024-11-03T09:44:40.424+0000] {logging_mixin.py:188} INFO - [2024-11-03T09:44:40.424+0000] {dagbag.py:545} INFO - Filling up the DagBag from /home/airflow/.local/lib/python3.11/site-packages/airflow/example_dags/example_external_task_marker_dag.py
[2024-11-03T09:44:40.431+0000] {processor.py:840} INFO - DAG(s) 'example_external_task_marker_parent', 'example_external_task_marker_child' retrieved from /home/airflow/.local/lib/python3.11/site-packages/airflow/example_dags/example_external_task_marker_dag.py
[2024-11-03T09:44:40.450+0000] {logging_mixin.py:188} INFO - [2024-11-03T09:44:40.450+0000] {dag.py:3096} INFO - Sync 2 DAGs
[2024-11-03T09:44:40.462+0000] {logging_mixin.py:188} INFO - [2024-11-03T09:44:40.462+0000] {dag.py:3954} INFO - Setting next_dagrun for example_external_task_marker_child to None, run_after=None
[2024-11-03T09:44:40.466+0000] {logging_mixin.py:188} INFO - [2024-11-03T09:44:40.466+0000] {dag.py:3954} INFO - Setting next_dagrun for example_external_task_marker_parent to None, run_after=None
[2024-11-03T09:44:40.484+0000] {processor.py:183} INFO - Processing /home/airflow/.local/lib/python3.11/site-packages/airflow/example_dags/example_external_task_marker_dag.py took 0.069 seconds
[2024-11-03T09:45:10.556+0000] {processor.py:161} INFO - Started process (PID=2513) to work on /home/airflow/.local/lib/python3.11/site-packages/airflow/example_dags/example_external_task_marker_dag.py
[2024-11-03T09:45:10.557+0000] {processor.py:830} INFO - Processing file /home/airflow/.local/lib/python3.11/site-packages/airflow/example_dags/example_external_task_marker_dag.py for tasks to queue
[2024-11-03T09:45:10.559+0000] {logging_mixin.py:188} INFO - [2024-11-03T09:45:10.558+0000] {dagbag.py:545} INFO - Filling up the DagBag from /home/airflow/.local/lib/python3.11/site-packages/airflow/example_dags/example_external_task_marker_dag.py
[2024-11-03T09:45:10.564+0000] {processor.py:840} INFO - DAG(s) 'example_external_task_marker_child', 'example_external_task_marker_parent' retrieved from /home/airflow/.local/lib/python3.11/site-packages/airflow/example_dags/example_external_task_marker_dag.py
[2024-11-03T09:45:10.582+0000] {logging_mixin.py:188} INFO - [2024-11-03T09:45:10.582+0000] {dag.py:3096} INFO - Sync 2 DAGs
[2024-11-03T09:45:10.592+0000] {logging_mixin.py:188} INFO - [2024-11-03T09:45:10.592+0000] {dag.py:3954} INFO - Setting next_dagrun for example_external_task_marker_child to None, run_after=None
[2024-11-03T09:45:10.595+0000] {logging_mixin.py:188} INFO - [2024-11-03T09:45:10.595+0000] {dag.py:3954} INFO - Setting next_dagrun for example_external_task_marker_parent to None, run_after=None
[2024-11-03T09:45:10.610+0000] {processor.py:183} INFO - Processing /home/airflow/.local/lib/python3.11/site-packages/airflow/example_dags/example_external_task_marker_dag.py took 0.058 seconds
[2024-11-03T09:45:40.765+0000] {processor.py:161} INFO - Started process (PID=2786) to work on /home/airflow/.local/lib/python3.11/site-packages/airflow/example_dags/example_external_task_marker_dag.py
[2024-11-03T09:45:40.766+0000] {processor.py:830} INFO - Processing file /home/airflow/.local/lib/python3.11/site-packages/airflow/example_dags/example_external_task_marker_dag.py for tasks to queue
[2024-11-03T09:45:40.770+0000] {logging_mixin.py:188} INFO - [2024-11-03T09:45:40.768+0000] {dagbag.py:545} INFO - Filling up the DagBag from /home/airflow/.local/lib/python3.11/site-packages/airflow/example_dags/example_external_task_marker_dag.py
[2024-11-03T09:45:40.781+0000] {processor.py:840} INFO - DAG(s) 'example_external_task_marker_parent', 'example_external_task_marker_child' retrieved from /home/airflow/.local/lib/python3.11/site-packages/airflow/example_dags/example_external_task_marker_dag.py
[2024-11-03T09:45:40.806+0000] {logging_mixin.py:188} INFO - [2024-11-03T09:45:40.805+0000] {dag.py:3096} INFO - Sync 2 DAGs
[2024-11-03T09:45:40.816+0000] {logging_mixin.py:188} INFO - [2024-11-03T09:45:40.816+0000] {dag.py:3954} INFO - Setting next_dagrun for example_external_task_marker_child to None, run_after=None
[2024-11-03T09:45:40.819+0000] {logging_mixin.py:188} INFO - [2024-11-03T09:45:40.819+0000] {dag.py:3954} INFO - Setting next_dagrun for example_external_task_marker_parent to None, run_after=None
[2024-11-03T09:45:40.834+0000] {processor.py:183} INFO - Processing /home/airflow/.local/lib/python3.11/site-packages/airflow/example_dags/example_external_task_marker_dag.py took 0.076 seconds
[2024-11-03T09:46:11.732+0000] {processor.py:161} INFO - Started process (PID=3060) to work on /home/airflow/.local/lib/python3.11/site-packages/airflow/example_dags/example_external_task_marker_dag.py
[2024-11-03T09:46:11.733+0000] {processor.py:830} INFO - Processing file /home/airflow/.local/lib/python3.11/site-packages/airflow/example_dags/example_external_task_marker_dag.py for tasks to queue
[2024-11-03T09:46:11.735+0000] {logging_mixin.py:188} INFO - [2024-11-03T09:46:11.734+0000] {dagbag.py:545} INFO - Filling up the DagBag from /home/airflow/.local/lib/python3.11/site-packages/airflow/example_dags/example_external_task_marker_dag.py
[2024-11-03T09:46:11.740+0000] {processor.py:840} INFO - DAG(s) 'example_external_task_marker_parent', 'example_external_task_marker_child' retrieved from /home/airflow/.local/lib/python3.11/site-packages/airflow/example_dags/example_external_task_marker_dag.py
[2024-11-03T09:46:11.761+0000] {logging_mixin.py:188} INFO - [2024-11-03T09:46:11.761+0000] {dag.py:3096} INFO - Sync 2 DAGs
[2024-11-03T09:46:11.772+0000] {logging_mixin.py:188} INFO - [2024-11-03T09:46:11.772+0000] {dag.py:3954} INFO - Setting next_dagrun for example_external_task_marker_child to None, run_after=None
[2024-11-03T09:46:11.776+0000] {logging_mixin.py:188} INFO - [2024-11-03T09:46:11.776+0000] {dag.py:3954} INFO - Setting next_dagrun for example_external_task_marker_parent to None, run_after=None
[2024-11-03T09:46:11.792+0000] {processor.py:183} INFO - Processing /home/airflow/.local/lib/python3.11/site-packages/airflow/example_dags/example_external_task_marker_dag.py took 0.066 seconds
[2024-11-03T09:46:41.952+0000] {processor.py:161} INFO - Started process (PID=3356) to work on /home/airflow/.local/lib/python3.11/site-packages/airflow/example_dags/example_external_task_marker_dag.py
[2024-11-03T09:46:41.954+0000] {processor.py:830} INFO - Processing file /home/airflow/.local/lib/python3.11/site-packages/airflow/example_dags/example_external_task_marker_dag.py for tasks to queue
[2024-11-03T09:46:41.955+0000] {logging_mixin.py:188} INFO - [2024-11-03T09:46:41.954+0000] {dagbag.py:545} INFO - Filling up the DagBag from /home/airflow/.local/lib/python3.11/site-packages/airflow/example_dags/example_external_task_marker_dag.py
[2024-11-03T09:46:41.963+0000] {processor.py:840} INFO - DAG(s) 'example_external_task_marker_child', 'example_external_task_marker_parent' retrieved from /home/airflow/.local/lib/python3.11/site-packages/airflow/example_dags/example_external_task_marker_dag.py
[2024-11-03T09:46:41.990+0000] {logging_mixin.py:188} INFO - [2024-11-03T09:46:41.990+0000] {dag.py:3096} INFO - Sync 2 DAGs
[2024-11-03T09:46:42.006+0000] {logging_mixin.py:188} INFO - [2024-11-03T09:46:42.006+0000] {dag.py:3954} INFO - Setting next_dagrun for example_external_task_marker_child to None, run_after=None
[2024-11-03T09:46:42.011+0000] {logging_mixin.py:188} INFO - [2024-11-03T09:46:42.011+0000] {dag.py:3954} INFO - Setting next_dagrun for example_external_task_marker_parent to None, run_after=None
[2024-11-03T09:46:42.030+0000] {processor.py:183} INFO - Processing /home/airflow/.local/lib/python3.11/site-packages/airflow/example_dags/example_external_task_marker_dag.py took 0.084 seconds
[2024-11-03T09:47:12.984+0000] {processor.py:161} INFO - Started process (PID=3622) to work on /home/airflow/.local/lib/python3.11/site-packages/airflow/example_dags/example_external_task_marker_dag.py
[2024-11-03T09:47:12.986+0000] {processor.py:830} INFO - Processing file /home/airflow/.local/lib/python3.11/site-packages/airflow/example_dags/example_external_task_marker_dag.py for tasks to queue
[2024-11-03T09:47:12.987+0000] {logging_mixin.py:188} INFO - [2024-11-03T09:47:12.987+0000] {dagbag.py:545} INFO - Filling up the DagBag from /home/airflow/.local/lib/python3.11/site-packages/airflow/example_dags/example_external_task_marker_dag.py
[2024-11-03T09:47:12.994+0000] {processor.py:840} INFO - DAG(s) 'example_external_task_marker_parent', 'example_external_task_marker_child' retrieved from /home/airflow/.local/lib/python3.11/site-packages/airflow/example_dags/example_external_task_marker_dag.py
[2024-11-03T09:47:13.020+0000] {logging_mixin.py:188} INFO - [2024-11-03T09:47:13.020+0000] {dag.py:3096} INFO - Sync 2 DAGs
[2024-11-03T09:47:13.030+0000] {logging_mixin.py:188} INFO - [2024-11-03T09:47:13.030+0000] {dag.py:3954} INFO - Setting next_dagrun for example_external_task_marker_child to None, run_after=None
[2024-11-03T09:47:13.035+0000] {logging_mixin.py:188} INFO - [2024-11-03T09:47:13.035+0000] {dag.py:3954} INFO - Setting next_dagrun for example_external_task_marker_parent to None, run_after=None
[2024-11-03T09:47:13.052+0000] {processor.py:183} INFO - Processing /home/airflow/.local/lib/python3.11/site-packages/airflow/example_dags/example_external_task_marker_dag.py took 0.076 seconds
[2024-11-03T09:47:43.975+0000] {processor.py:161} INFO - Started process (PID=3890) to work on /home/airflow/.local/lib/python3.11/site-packages/airflow/example_dags/example_external_task_marker_dag.py
[2024-11-03T09:47:43.976+0000] {processor.py:830} INFO - Processing file /home/airflow/.local/lib/python3.11/site-packages/airflow/example_dags/example_external_task_marker_dag.py for tasks to queue
[2024-11-03T09:47:43.977+0000] {logging_mixin.py:188} INFO - [2024-11-03T09:47:43.977+0000] {dagbag.py:545} INFO - Filling up the DagBag from /home/airflow/.local/lib/python3.11/site-packages/airflow/example_dags/example_external_task_marker_dag.py
[2024-11-03T09:47:43.982+0000] {processor.py:840} INFO - DAG(s) 'example_external_task_marker_parent', 'example_external_task_marker_child' retrieved from /home/airflow/.local/lib/python3.11/site-packages/airflow/example_dags/example_external_task_marker_dag.py
[2024-11-03T09:47:44.002+0000] {logging_mixin.py:188} INFO - [2024-11-03T09:47:44.002+0000] {dag.py:3096} INFO - Sync 2 DAGs
[2024-11-03T09:47:44.013+0000] {logging_mixin.py:188} INFO - [2024-11-03T09:47:44.013+0000] {dag.py:3954} INFO - Setting next_dagrun for example_external_task_marker_child to None, run_after=None
[2024-11-03T09:47:44.017+0000] {logging_mixin.py:188} INFO - [2024-11-03T09:47:44.017+0000] {dag.py:3954} INFO - Setting next_dagrun for example_external_task_marker_parent to None, run_after=None
[2024-11-03T09:47:44.034+0000] {processor.py:183} INFO - Processing /home/airflow/.local/lib/python3.11/site-packages/airflow/example_dags/example_external_task_marker_dag.py took 0.063 seconds
[2024-11-03T09:48:14.235+0000] {processor.py:161} INFO - Started process (PID=4159) to work on /home/airflow/.local/lib/python3.11/site-packages/airflow/example_dags/example_external_task_marker_dag.py
[2024-11-03T09:48:14.236+0000] {processor.py:830} INFO - Processing file /home/airflow/.local/lib/python3.11/site-packages/airflow/example_dags/example_external_task_marker_dag.py for tasks to queue
[2024-11-03T09:48:14.237+0000] {logging_mixin.py:188} INFO - [2024-11-03T09:48:14.236+0000] {dagbag.py:545} INFO - Filling up the DagBag from /home/airflow/.local/lib/python3.11/site-packages/airflow/example_dags/example_external_task_marker_dag.py
[2024-11-03T09:48:14.242+0000] {processor.py:840} INFO - DAG(s) 'example_external_task_marker_parent', 'example_external_task_marker_child' retrieved from /home/airflow/.local/lib/python3.11/site-packages/airflow/example_dags/example_external_task_marker_dag.py
[2024-11-03T09:48:14.263+0000] {logging_mixin.py:188} INFO - [2024-11-03T09:48:14.262+0000] {dag.py:3096} INFO - Sync 2 DAGs
[2024-11-03T09:48:14.273+0000] {logging_mixin.py:188} INFO - [2024-11-03T09:48:14.273+0000] {dag.py:3954} INFO - Setting next_dagrun for example_external_task_marker_child to None, run_after=None
[2024-11-03T09:48:14.277+0000] {logging_mixin.py:188} INFO - [2024-11-03T09:48:14.277+0000] {dag.py:3954} INFO - Setting next_dagrun for example_external_task_marker_parent to None, run_after=None
[2024-11-03T09:48:14.292+0000] {processor.py:183} INFO - Processing /home/airflow/.local/lib/python3.11/site-packages/airflow/example_dags/example_external_task_marker_dag.py took 0.063 seconds
[2024-11-03T09:48:45.246+0000] {processor.py:161} INFO - Started process (PID=4432) to work on /home/airflow/.local/lib/python3.11/site-packages/airflow/example_dags/example_external_task_marker_dag.py
[2024-11-03T09:48:45.248+0000] {processor.py:830} INFO - Processing file /home/airflow/.local/lib/python3.11/site-packages/airflow/example_dags/example_external_task_marker_dag.py for tasks to queue
[2024-11-03T09:48:45.249+0000] {logging_mixin.py:188} INFO - [2024-11-03T09:48:45.249+0000] {dagbag.py:545} INFO - Filling up the DagBag from /home/airflow/.local/lib/python3.11/site-packages/airflow/example_dags/example_external_task_marker_dag.py
[2024-11-03T09:48:45.256+0000] {processor.py:840} INFO - DAG(s) 'example_external_task_marker_child', 'example_external_task_marker_parent' retrieved from /home/airflow/.local/lib/python3.11/site-packages/airflow/example_dags/example_external_task_marker_dag.py
[2024-11-03T09:48:45.278+0000] {logging_mixin.py:188} INFO - [2024-11-03T09:48:45.278+0000] {dag.py:3096} INFO - Sync 2 DAGs
[2024-11-03T09:48:45.291+0000] {logging_mixin.py:188} INFO - [2024-11-03T09:48:45.290+0000] {dag.py:3954} INFO - Setting next_dagrun for example_external_task_marker_child to None, run_after=None
[2024-11-03T09:48:45.296+0000] {logging_mixin.py:188} INFO - [2024-11-03T09:48:45.295+0000] {dag.py:3954} INFO - Setting next_dagrun for example_external_task_marker_parent to None, run_after=None
[2024-11-03T09:48:45.313+0000] {processor.py:183} INFO - Processing /home/airflow/.local/lib/python3.11/site-packages/airflow/example_dags/example_external_task_marker_dag.py took 0.072 seconds
[2024-11-03T09:49:16.103+0000] {processor.py:161} INFO - Started process (PID=4716) to work on /home/airflow/.local/lib/python3.11/site-packages/airflow/example_dags/example_external_task_marker_dag.py
[2024-11-03T09:49:16.104+0000] {processor.py:830} INFO - Processing file /home/airflow/.local/lib/python3.11/site-packages/airflow/example_dags/example_external_task_marker_dag.py for tasks to queue
[2024-11-03T09:49:16.105+0000] {logging_mixin.py:188} INFO - [2024-11-03T09:49:16.105+0000] {dagbag.py:545} INFO - Filling up the DagBag from /home/airflow/.local/lib/python3.11/site-packages/airflow/example_dags/example_external_task_marker_dag.py
[2024-11-03T09:49:16.112+0000] {processor.py:840} INFO - DAG(s) 'example_external_task_marker_parent', 'example_external_task_marker_child' retrieved from /home/airflow/.local/lib/python3.11/site-packages/airflow/example_dags/example_external_task_marker_dag.py
[2024-11-03T09:49:16.139+0000] {logging_mixin.py:188} INFO - [2024-11-03T09:49:16.139+0000] {dag.py:3096} INFO - Sync 2 DAGs
[2024-11-03T09:49:16.153+0000] {logging_mixin.py:188} INFO - [2024-11-03T09:49:16.153+0000] {dag.py:3954} INFO - Setting next_dagrun for example_external_task_marker_child to None, run_after=None
[2024-11-03T09:49:16.158+0000] {logging_mixin.py:188} INFO - [2024-11-03T09:49:16.157+0000] {dag.py:3954} INFO - Setting next_dagrun for example_external_task_marker_parent to None, run_after=None
[2024-11-03T09:49:16.175+0000] {processor.py:183} INFO - Processing /home/airflow/.local/lib/python3.11/site-packages/airflow/example_dags/example_external_task_marker_dag.py took 0.076 seconds
[2024-11-03T09:49:46.303+0000] {processor.py:161} INFO - Started process (PID=4982) to work on /home/airflow/.local/lib/python3.11/site-packages/airflow/example_dags/example_external_task_marker_dag.py
[2024-11-03T09:49:46.304+0000] {processor.py:830} INFO - Processing file /home/airflow/.local/lib/python3.11/site-packages/airflow/example_dags/example_external_task_marker_dag.py for tasks to queue
[2024-11-03T09:49:46.305+0000] {logging_mixin.py:188} INFO - [2024-11-03T09:49:46.305+0000] {dagbag.py:545} INFO - Filling up the DagBag from /home/airflow/.local/lib/python3.11/site-packages/airflow/example_dags/example_external_task_marker_dag.py
[2024-11-03T09:49:46.311+0000] {processor.py:840} INFO - DAG(s) 'example_external_task_marker_child', 'example_external_task_marker_parent' retrieved from /home/airflow/.local/lib/python3.11/site-packages/airflow/example_dags/example_external_task_marker_dag.py
[2024-11-03T09:49:46.333+0000] {logging_mixin.py:188} INFO - [2024-11-03T09:49:46.332+0000] {dag.py:3096} INFO - Sync 2 DAGs
[2024-11-03T09:49:46.346+0000] {logging_mixin.py:188} INFO - [2024-11-03T09:49:46.346+0000] {dag.py:3954} INFO - Setting next_dagrun for example_external_task_marker_child to None, run_after=None
[2024-11-03T09:49:46.350+0000] {logging_mixin.py:188} INFO - [2024-11-03T09:49:46.350+0000] {dag.py:3954} INFO - Setting next_dagrun for example_external_task_marker_parent to None, run_after=None
[2024-11-03T09:49:46.365+0000] {processor.py:183} INFO - Processing /home/airflow/.local/lib/python3.11/site-packages/airflow/example_dags/example_external_task_marker_dag.py took 0.067 seconds
[2024-11-03T09:50:16.566+0000] {processor.py:161} INFO - Started process (PID=5248) to work on /home/airflow/.local/lib/python3.11/site-packages/airflow/example_dags/example_external_task_marker_dag.py
[2024-11-03T09:50:16.567+0000] {processor.py:830} INFO - Processing file /home/airflow/.local/lib/python3.11/site-packages/airflow/example_dags/example_external_task_marker_dag.py for tasks to queue
[2024-11-03T09:50:16.567+0000] {logging_mixin.py:188} INFO - [2024-11-03T09:50:16.567+0000] {dagbag.py:545} INFO - Filling up the DagBag from /home/airflow/.local/lib/python3.11/site-packages/airflow/example_dags/example_external_task_marker_dag.py
[2024-11-03T09:50:16.573+0000] {processor.py:840} INFO - DAG(s) 'example_external_task_marker_parent', 'example_external_task_marker_child' retrieved from /home/airflow/.local/lib/python3.11/site-packages/airflow/example_dags/example_external_task_marker_dag.py
[2024-11-03T09:50:16.599+0000] {logging_mixin.py:188} INFO - [2024-11-03T09:50:16.599+0000] {dag.py:3096} INFO - Sync 2 DAGs
[2024-11-03T09:50:16.609+0000] {logging_mixin.py:188} INFO - [2024-11-03T09:50:16.609+0000] {dag.py:3954} INFO - Setting next_dagrun for example_external_task_marker_child to None, run_after=None
[2024-11-03T09:50:16.613+0000] {logging_mixin.py:188} INFO - [2024-11-03T09:50:16.613+0000] {dag.py:3954} INFO - Setting next_dagrun for example_external_task_marker_parent to None, run_after=None
[2024-11-03T09:50:16.628+0000] {processor.py:183} INFO - Processing /home/airflow/.local/lib/python3.11/site-packages/airflow/example_dags/example_external_task_marker_dag.py took 0.067 seconds
[2024-11-03T09:50:47.479+0000] {processor.py:161} INFO - Started process (PID=5512) to work on /home/airflow/.local/lib/python3.11/site-packages/airflow/example_dags/example_external_task_marker_dag.py
[2024-11-03T09:50:47.480+0000] {processor.py:830} INFO - Processing file /home/airflow/.local/lib/python3.11/site-packages/airflow/example_dags/example_external_task_marker_dag.py for tasks to queue
[2024-11-03T09:50:47.481+0000] {logging_mixin.py:188} INFO - [2024-11-03T09:50:47.481+0000] {dagbag.py:545} INFO - Filling up the DagBag from /home/airflow/.local/lib/python3.11/site-packages/airflow/example_dags/example_external_task_marker_dag.py
[2024-11-03T09:50:47.486+0000] {processor.py:840} INFO - DAG(s) 'example_external_task_marker_child', 'example_external_task_marker_parent' retrieved from /home/airflow/.local/lib/python3.11/site-packages/airflow/example_dags/example_external_task_marker_dag.py
[2024-11-03T09:50:47.508+0000] {logging_mixin.py:188} INFO - [2024-11-03T09:50:47.508+0000] {dag.py:3096} INFO - Sync 2 DAGs
[2024-11-03T09:50:47.520+0000] {logging_mixin.py:188} INFO - [2024-11-03T09:50:47.520+0000] {dag.py:3954} INFO - Setting next_dagrun for example_external_task_marker_child to None, run_after=None
[2024-11-03T09:50:47.523+0000] {logging_mixin.py:188} INFO - [2024-11-03T09:50:47.523+0000] {dag.py:3954} INFO - Setting next_dagrun for example_external_task_marker_parent to None, run_after=None
[2024-11-03T09:50:47.536+0000] {processor.py:183} INFO - Processing /home/airflow/.local/lib/python3.11/site-packages/airflow/example_dags/example_external_task_marker_dag.py took 0.062 seconds
[2024-11-03T09:51:18.251+0000] {processor.py:161} INFO - Started process (PID=5778) to work on /home/airflow/.local/lib/python3.11/site-packages/airflow/example_dags/example_external_task_marker_dag.py
[2024-11-03T09:51:18.252+0000] {processor.py:830} INFO - Processing file /home/airflow/.local/lib/python3.11/site-packages/airflow/example_dags/example_external_task_marker_dag.py for tasks to queue
[2024-11-03T09:51:18.252+0000] {logging_mixin.py:188} INFO - [2024-11-03T09:51:18.252+0000] {dagbag.py:545} INFO - Filling up the DagBag from /home/airflow/.local/lib/python3.11/site-packages/airflow/example_dags/example_external_task_marker_dag.py
[2024-11-03T09:51:18.258+0000] {processor.py:840} INFO - DAG(s) 'example_external_task_marker_parent', 'example_external_task_marker_child' retrieved from /home/airflow/.local/lib/python3.11/site-packages/airflow/example_dags/example_external_task_marker_dag.py
[2024-11-03T09:51:18.277+0000] {logging_mixin.py:188} INFO - [2024-11-03T09:51:18.277+0000] {dag.py:3096} INFO - Sync 2 DAGs
[2024-11-03T09:51:18.288+0000] {logging_mixin.py:188} INFO - [2024-11-03T09:51:18.287+0000] {dag.py:3954} INFO - Setting next_dagrun for example_external_task_marker_child to None, run_after=None
[2024-11-03T09:51:18.293+0000] {logging_mixin.py:188} INFO - [2024-11-03T09:51:18.293+0000] {dag.py:3954} INFO - Setting next_dagrun for example_external_task_marker_parent to None, run_after=None
[2024-11-03T09:51:18.308+0000] {processor.py:183} INFO - Processing /home/airflow/.local/lib/python3.11/site-packages/airflow/example_dags/example_external_task_marker_dag.py took 0.062 seconds
[2024-11-03T09:51:49.042+0000] {processor.py:161} INFO - Started process (PID=6044) to work on /home/airflow/.local/lib/python3.11/site-packages/airflow/example_dags/example_external_task_marker_dag.py
[2024-11-03T09:51:49.042+0000] {processor.py:830} INFO - Processing file /home/airflow/.local/lib/python3.11/site-packages/airflow/example_dags/example_external_task_marker_dag.py for tasks to queue
[2024-11-03T09:51:49.043+0000] {logging_mixin.py:188} INFO - [2024-11-03T09:51:49.043+0000] {dagbag.py:545} INFO - Filling up the DagBag from /home/airflow/.local/lib/python3.11/site-packages/airflow/example_dags/example_external_task_marker_dag.py
[2024-11-03T09:51:49.048+0000] {processor.py:840} INFO - DAG(s) 'example_external_task_marker_parent', 'example_external_task_marker_child' retrieved from /home/airflow/.local/lib/python3.11/site-packages/airflow/example_dags/example_external_task_marker_dag.py
[2024-11-03T09:51:49.070+0000] {logging_mixin.py:188} INFO - [2024-11-03T09:51:49.070+0000] {dag.py:3096} INFO - Sync 2 DAGs
[2024-11-03T09:51:49.082+0000] {logging_mixin.py:188} INFO - [2024-11-03T09:51:49.082+0000] {dag.py:3954} INFO - Setting next_dagrun for example_external_task_marker_child to None, run_after=None
[2024-11-03T09:51:49.086+0000] {logging_mixin.py:188} INFO - [2024-11-03T09:51:49.086+0000] {dag.py:3954} INFO - Setting next_dagrun for example_external_task_marker_parent to None, run_after=None
[2024-11-03T09:51:49.101+0000] {processor.py:183} INFO - Processing /home/airflow/.local/lib/python3.11/site-packages/airflow/example_dags/example_external_task_marker_dag.py took 0.064 seconds
[2024-11-03T09:52:19.864+0000] {processor.py:161} INFO - Started process (PID=6310) to work on /home/airflow/.local/lib/python3.11/site-packages/airflow/example_dags/example_external_task_marker_dag.py
[2024-11-03T09:52:19.864+0000] {processor.py:830} INFO - Processing file /home/airflow/.local/lib/python3.11/site-packages/airflow/example_dags/example_external_task_marker_dag.py for tasks to queue
[2024-11-03T09:52:19.865+0000] {logging_mixin.py:188} INFO - [2024-11-03T09:52:19.865+0000] {dagbag.py:545} INFO - Filling up the DagBag from /home/airflow/.local/lib/python3.11/site-packages/airflow/example_dags/example_external_task_marker_dag.py
[2024-11-03T09:52:19.871+0000] {processor.py:840} INFO - DAG(s) 'example_external_task_marker_child', 'example_external_task_marker_parent' retrieved from /home/airflow/.local/lib/python3.11/site-packages/airflow/example_dags/example_external_task_marker_dag.py
[2024-11-03T09:52:19.895+0000] {logging_mixin.py:188} INFO - [2024-11-03T09:52:19.894+0000] {dag.py:3096} INFO - Sync 2 DAGs
[2024-11-03T09:52:19.905+0000] {logging_mixin.py:188} INFO - [2024-11-03T09:52:19.905+0000] {dag.py:3954} INFO - Setting next_dagrun for example_external_task_marker_child to None, run_after=None
[2024-11-03T09:52:19.910+0000] {logging_mixin.py:188} INFO - [2024-11-03T09:52:19.910+0000] {dag.py:3954} INFO - Setting next_dagrun for example_external_task_marker_parent to None, run_after=None
[2024-11-03T09:52:19.932+0000] {processor.py:183} INFO - Processing /home/airflow/.local/lib/python3.11/site-packages/airflow/example_dags/example_external_task_marker_dag.py took 0.076 seconds
[2024-11-03T09:52:50.189+0000] {processor.py:161} INFO - Started process (PID=6576) to work on /home/airflow/.local/lib/python3.11/site-packages/airflow/example_dags/example_external_task_marker_dag.py
[2024-11-03T09:52:50.190+0000] {processor.py:830} INFO - Processing file /home/airflow/.local/lib/python3.11/site-packages/airflow/example_dags/example_external_task_marker_dag.py for tasks to queue
[2024-11-03T09:52:50.191+0000] {logging_mixin.py:188} INFO - [2024-11-03T09:52:50.191+0000] {dagbag.py:545} INFO - Filling up the DagBag from /home/airflow/.local/lib/python3.11/site-packages/airflow/example_dags/example_external_task_marker_dag.py
[2024-11-03T09:52:50.196+0000] {processor.py:840} INFO - DAG(s) 'example_external_task_marker_parent', 'example_external_task_marker_child' retrieved from /home/airflow/.local/lib/python3.11/site-packages/airflow/example_dags/example_external_task_marker_dag.py
[2024-11-03T09:52:50.216+0000] {logging_mixin.py:188} INFO - [2024-11-03T09:52:50.216+0000] {dag.py:3096} INFO - Sync 2 DAGs
[2024-11-03T09:52:50.226+0000] {logging_mixin.py:188} INFO - [2024-11-03T09:52:50.226+0000] {dag.py:3954} INFO - Setting next_dagrun for example_external_task_marker_child to None, run_after=None
[2024-11-03T09:52:50.229+0000] {logging_mixin.py:188} INFO - [2024-11-03T09:52:50.229+0000] {dag.py:3954} INFO - Setting next_dagrun for example_external_task_marker_parent to None, run_after=None
[2024-11-03T09:52:50.244+0000] {processor.py:183} INFO - Processing /home/airflow/.local/lib/python3.11/site-packages/airflow/example_dags/example_external_task_marker_dag.py took 0.060 seconds
[2024-11-03T09:53:20.298+0000] {processor.py:161} INFO - Started process (PID=6842) to work on /home/airflow/.local/lib/python3.11/site-packages/airflow/example_dags/example_external_task_marker_dag.py
[2024-11-03T09:53:20.299+0000] {processor.py:830} INFO - Processing file /home/airflow/.local/lib/python3.11/site-packages/airflow/example_dags/example_external_task_marker_dag.py for tasks to queue
[2024-11-03T09:53:20.300+0000] {logging_mixin.py:188} INFO - [2024-11-03T09:53:20.300+0000] {dagbag.py:545} INFO - Filling up the DagBag from /home/airflow/.local/lib/python3.11/site-packages/airflow/example_dags/example_external_task_marker_dag.py
[2024-11-03T09:53:20.308+0000] {processor.py:840} INFO - DAG(s) 'example_external_task_marker_parent', 'example_external_task_marker_child' retrieved from /home/airflow/.local/lib/python3.11/site-packages/airflow/example_dags/example_external_task_marker_dag.py
[2024-11-03T09:53:20.334+0000] {logging_mixin.py:188} INFO - [2024-11-03T09:53:20.334+0000] {dag.py:3096} INFO - Sync 2 DAGs
[2024-11-03T09:53:20.347+0000] {logging_mixin.py:188} INFO - [2024-11-03T09:53:20.347+0000] {dag.py:3954} INFO - Setting next_dagrun for example_external_task_marker_child to None, run_after=None
[2024-11-03T09:53:20.352+0000] {logging_mixin.py:188} INFO - [2024-11-03T09:53:20.352+0000] {dag.py:3954} INFO - Setting next_dagrun for example_external_task_marker_parent to None, run_after=None
[2024-11-03T09:53:20.373+0000] {processor.py:183} INFO - Processing /home/airflow/.local/lib/python3.11/site-packages/airflow/example_dags/example_external_task_marker_dag.py took 0.080 seconds
[2024-11-03T09:53:50.530+0000] {processor.py:161} INFO - Started process (PID=7128) to work on /home/airflow/.local/lib/python3.11/site-packages/airflow/example_dags/example_external_task_marker_dag.py
[2024-11-03T09:53:50.531+0000] {processor.py:830} INFO - Processing file /home/airflow/.local/lib/python3.11/site-packages/airflow/example_dags/example_external_task_marker_dag.py for tasks to queue
[2024-11-03T09:53:50.532+0000] {logging_mixin.py:188} INFO - [2024-11-03T09:53:50.531+0000] {dagbag.py:545} INFO - Filling up the DagBag from /home/airflow/.local/lib/python3.11/site-packages/airflow/example_dags/example_external_task_marker_dag.py
[2024-11-03T09:53:50.537+0000] {processor.py:840} INFO - DAG(s) 'example_external_task_marker_parent', 'example_external_task_marker_child' retrieved from /home/airflow/.local/lib/python3.11/site-packages/airflow/example_dags/example_external_task_marker_dag.py
[2024-11-03T09:53:50.558+0000] {logging_mixin.py:188} INFO - [2024-11-03T09:53:50.557+0000] {dag.py:3096} INFO - Sync 2 DAGs
[2024-11-03T09:53:50.570+0000] {logging_mixin.py:188} INFO - [2024-11-03T09:53:50.569+0000] {dag.py:3954} INFO - Setting next_dagrun for example_external_task_marker_child to None, run_after=None
[2024-11-03T09:53:50.573+0000] {logging_mixin.py:188} INFO - [2024-11-03T09:53:50.573+0000] {dag.py:3954} INFO - Setting next_dagrun for example_external_task_marker_parent to None, run_after=None
[2024-11-03T09:53:50.590+0000] {processor.py:183} INFO - Processing /home/airflow/.local/lib/python3.11/site-packages/airflow/example_dags/example_external_task_marker_dag.py took 0.065 seconds
[2024-11-03T09:54:20.730+0000] {processor.py:161} INFO - Started process (PID=7394) to work on /home/airflow/.local/lib/python3.11/site-packages/airflow/example_dags/example_external_task_marker_dag.py
[2024-11-03T09:54:20.731+0000] {processor.py:830} INFO - Processing file /home/airflow/.local/lib/python3.11/site-packages/airflow/example_dags/example_external_task_marker_dag.py for tasks to queue
[2024-11-03T09:54:20.732+0000] {logging_mixin.py:188} INFO - [2024-11-03T09:54:20.731+0000] {dagbag.py:545} INFO - Filling up the DagBag from /home/airflow/.local/lib/python3.11/site-packages/airflow/example_dags/example_external_task_marker_dag.py
[2024-11-03T09:54:20.737+0000] {processor.py:840} INFO - DAG(s) 'example_external_task_marker_child', 'example_external_task_marker_parent' retrieved from /home/airflow/.local/lib/python3.11/site-packages/airflow/example_dags/example_external_task_marker_dag.py
[2024-11-03T09:54:20.758+0000] {logging_mixin.py:188} INFO - [2024-11-03T09:54:20.757+0000] {dag.py:3096} INFO - Sync 2 DAGs
[2024-11-03T09:54:20.767+0000] {logging_mixin.py:188} INFO - [2024-11-03T09:54:20.767+0000] {dag.py:3954} INFO - Setting next_dagrun for example_external_task_marker_child to None, run_after=None
[2024-11-03T09:54:20.771+0000] {logging_mixin.py:188} INFO - [2024-11-03T09:54:20.771+0000] {dag.py:3954} INFO - Setting next_dagrun for example_external_task_marker_parent to None, run_after=None
[2024-11-03T09:54:20.784+0000] {processor.py:183} INFO - Processing /home/airflow/.local/lib/python3.11/site-packages/airflow/example_dags/example_external_task_marker_dag.py took 0.059 seconds
[2024-11-03T09:54:51.396+0000] {processor.py:161} INFO - Started process (PID=7660) to work on /home/airflow/.local/lib/python3.11/site-packages/airflow/example_dags/example_external_task_marker_dag.py
[2024-11-03T09:54:51.396+0000] {processor.py:830} INFO - Processing file /home/airflow/.local/lib/python3.11/site-packages/airflow/example_dags/example_external_task_marker_dag.py for tasks to queue
[2024-11-03T09:54:51.397+0000] {logging_mixin.py:188} INFO - [2024-11-03T09:54:51.397+0000] {dagbag.py:545} INFO - Filling up the DagBag from /home/airflow/.local/lib/python3.11/site-packages/airflow/example_dags/example_external_task_marker_dag.py
[2024-11-03T09:54:51.402+0000] {processor.py:840} INFO - DAG(s) 'example_external_task_marker_parent', 'example_external_task_marker_child' retrieved from /home/airflow/.local/lib/python3.11/site-packages/airflow/example_dags/example_external_task_marker_dag.py
[2024-11-03T09:54:51.422+0000] {logging_mixin.py:188} INFO - [2024-11-03T09:54:51.422+0000] {dag.py:3096} INFO - Sync 2 DAGs
[2024-11-03T09:54:51.434+0000] {logging_mixin.py:188} INFO - [2024-11-03T09:54:51.434+0000] {dag.py:3954} INFO - Setting next_dagrun for example_external_task_marker_child to None, run_after=None
[2024-11-03T09:54:51.438+0000] {logging_mixin.py:188} INFO - [2024-11-03T09:54:51.438+0000] {dag.py:3954} INFO - Setting next_dagrun for example_external_task_marker_parent to None, run_after=None
[2024-11-03T09:54:51.453+0000] {processor.py:183} INFO - Processing /home/airflow/.local/lib/python3.11/site-packages/airflow/example_dags/example_external_task_marker_dag.py took 0.062 seconds
[2024-11-03T09:55:21.844+0000] {processor.py:161} INFO - Started process (PID=7926) to work on /home/airflow/.local/lib/python3.11/site-packages/airflow/example_dags/example_external_task_marker_dag.py
[2024-11-03T09:55:21.845+0000] {processor.py:830} INFO - Processing file /home/airflow/.local/lib/python3.11/site-packages/airflow/example_dags/example_external_task_marker_dag.py for tasks to queue
[2024-11-03T09:55:21.845+0000] {logging_mixin.py:188} INFO - [2024-11-03T09:55:21.845+0000] {dagbag.py:545} INFO - Filling up the DagBag from /home/airflow/.local/lib/python3.11/site-packages/airflow/example_dags/example_external_task_marker_dag.py
[2024-11-03T09:55:21.850+0000] {processor.py:840} INFO - DAG(s) 'example_external_task_marker_parent', 'example_external_task_marker_child' retrieved from /home/airflow/.local/lib/python3.11/site-packages/airflow/example_dags/example_external_task_marker_dag.py
[2024-11-03T09:55:21.871+0000] {logging_mixin.py:188} INFO - [2024-11-03T09:55:21.871+0000] {dag.py:3096} INFO - Sync 2 DAGs
[2024-11-03T09:55:21.881+0000] {logging_mixin.py:188} INFO - [2024-11-03T09:55:21.880+0000] {dag.py:3954} INFO - Setting next_dagrun for example_external_task_marker_child to None, run_after=None
[2024-11-03T09:55:21.884+0000] {logging_mixin.py:188} INFO - [2024-11-03T09:55:21.884+0000] {dag.py:3954} INFO - Setting next_dagrun for example_external_task_marker_parent to None, run_after=None
[2024-11-03T09:55:21.897+0000] {processor.py:183} INFO - Processing /home/airflow/.local/lib/python3.11/site-packages/airflow/example_dags/example_external_task_marker_dag.py took 0.058 seconds
[2024-11-03T09:55:52.493+0000] {processor.py:161} INFO - Started process (PID=8192) to work on /home/airflow/.local/lib/python3.11/site-packages/airflow/example_dags/example_external_task_marker_dag.py
[2024-11-03T09:55:52.494+0000] {processor.py:830} INFO - Processing file /home/airflow/.local/lib/python3.11/site-packages/airflow/example_dags/example_external_task_marker_dag.py for tasks to queue
[2024-11-03T09:55:52.495+0000] {logging_mixin.py:188} INFO - [2024-11-03T09:55:52.495+0000] {dagbag.py:545} INFO - Filling up the DagBag from /home/airflow/.local/lib/python3.11/site-packages/airflow/example_dags/example_external_task_marker_dag.py
[2024-11-03T09:55:52.502+0000] {processor.py:840} INFO - DAG(s) 'example_external_task_marker_child', 'example_external_task_marker_parent' retrieved from /home/airflow/.local/lib/python3.11/site-packages/airflow/example_dags/example_external_task_marker_dag.py
[2024-11-03T09:55:52.528+0000] {logging_mixin.py:188} INFO - [2024-11-03T09:55:52.528+0000] {dag.py:3096} INFO - Sync 2 DAGs
[2024-11-03T09:55:52.539+0000] {logging_mixin.py:188} INFO - [2024-11-03T09:55:52.539+0000] {dag.py:3954} INFO - Setting next_dagrun for example_external_task_marker_child to None, run_after=None
[2024-11-03T09:55:52.542+0000] {logging_mixin.py:188} INFO - [2024-11-03T09:55:52.542+0000] {dag.py:3954} INFO - Setting next_dagrun for example_external_task_marker_parent to None, run_after=None
[2024-11-03T09:55:52.560+0000] {processor.py:183} INFO - Processing /home/airflow/.local/lib/python3.11/site-packages/airflow/example_dags/example_external_task_marker_dag.py took 0.072 seconds
[2024-11-03T16:27:44.448+0000] {processor.py:161} INFO - Started process (PID=330) to work on /home/airflow/.local/lib/python3.11/site-packages/airflow/example_dags/example_external_task_marker_dag.py
[2024-11-03T16:27:44.449+0000] {processor.py:830} INFO - Processing file /home/airflow/.local/lib/python3.11/site-packages/airflow/example_dags/example_external_task_marker_dag.py for tasks to queue
[2024-11-03T16:27:44.451+0000] {logging_mixin.py:188} INFO - [2024-11-03T16:27:44.451+0000] {dagbag.py:545} INFO - Filling up the DagBag from /home/airflow/.local/lib/python3.11/site-packages/airflow/example_dags/example_external_task_marker_dag.py
[2024-11-03T16:27:44.460+0000] {processor.py:840} INFO - DAG(s) 'example_external_task_marker_child', 'example_external_task_marker_parent' retrieved from /home/airflow/.local/lib/python3.11/site-packages/airflow/example_dags/example_external_task_marker_dag.py
[2024-11-03T16:27:44.474+0000] {logging_mixin.py:188} INFO - [2024-11-03T16:27:44.474+0000] {dag.py:3096} INFO - Sync 2 DAGs
[2024-11-03T16:27:44.486+0000] {logging_mixin.py:188} INFO - [2024-11-03T16:27:44.486+0000] {dag.py:3954} INFO - Setting next_dagrun for example_external_task_marker_child to None, run_after=None
[2024-11-03T16:27:44.490+0000] {logging_mixin.py:188} INFO - [2024-11-03T16:27:44.490+0000] {dag.py:3954} INFO - Setting next_dagrun for example_external_task_marker_parent to None, run_after=None
[2024-11-03T16:27:44.507+0000] {processor.py:183} INFO - Processing /home/airflow/.local/lib/python3.11/site-packages/airflow/example_dags/example_external_task_marker_dag.py took 0.064 seconds
[2024-11-03T16:28:15.798+0000] {processor.py:161} INFO - Started process (PID=597) to work on /home/airflow/.local/lib/python3.11/site-packages/airflow/example_dags/example_external_task_marker_dag.py
[2024-11-03T16:28:15.799+0000] {processor.py:830} INFO - Processing file /home/airflow/.local/lib/python3.11/site-packages/airflow/example_dags/example_external_task_marker_dag.py for tasks to queue
[2024-11-03T16:28:15.802+0000] {logging_mixin.py:188} INFO - [2024-11-03T16:28:15.801+0000] {dagbag.py:545} INFO - Filling up the DagBag from /home/airflow/.local/lib/python3.11/site-packages/airflow/example_dags/example_external_task_marker_dag.py
[2024-11-03T16:28:15.808+0000] {processor.py:840} INFO - DAG(s) 'example_external_task_marker_parent', 'example_external_task_marker_child' retrieved from /home/airflow/.local/lib/python3.11/site-packages/airflow/example_dags/example_external_task_marker_dag.py
[2024-11-03T16:28:15.906+0000] {logging_mixin.py:188} INFO - [2024-11-03T16:28:15.906+0000] {dag.py:3096} INFO - Sync 2 DAGs
[2024-11-03T16:28:15.916+0000] {logging_mixin.py:188} INFO - [2024-11-03T16:28:15.916+0000] {dag.py:3954} INFO - Setting next_dagrun for example_external_task_marker_child to None, run_after=None
[2024-11-03T16:28:15.920+0000] {logging_mixin.py:188} INFO - [2024-11-03T16:28:15.919+0000] {dag.py:3954} INFO - Setting next_dagrun for example_external_task_marker_parent to None, run_after=None
[2024-11-03T16:28:15.937+0000] {processor.py:183} INFO - Processing /home/airflow/.local/lib/python3.11/site-packages/airflow/example_dags/example_external_task_marker_dag.py took 0.144 seconds
