[2024-11-03T09:41:04.630+0000] {processor.py:161} INFO - Started process (PID=220) to work on /home/airflow/.local/lib/python3.11/site-packages/airflow/example_dags/example_skip_dag.py
[2024-11-03T09:41:04.631+0000] {processor.py:830} INFO - Processing file /home/airflow/.local/lib/python3.11/site-packages/airflow/example_dags/example_skip_dag.py for tasks to queue
[2024-11-03T09:41:04.633+0000] {logging_mixin.py:188} INFO - [2024-11-03T09:41:04.632+0000] {dagbag.py:545} INFO - Filling up the DagBag from /home/airflow/.local/lib/python3.11/site-packages/airflow/example_dags/example_skip_dag.py
[2024-11-03T09:41:04.639+0000] {processor.py:840} INFO - DAG(s) 'example_skip_dag' retrieved from /home/airflow/.local/lib/python3.11/site-packages/airflow/example_dags/example_skip_dag.py
[2024-11-03T09:41:04.649+0000] {logging_mixin.py:188} INFO - [2024-11-03T09:41:04.649+0000] {dag.py:3096} INFO - Sync 1 DAGs
[2024-11-03T09:41:04.669+0000] {logging_mixin.py:188} INFO - [2024-11-03T09:41:04.669+0000] {dag.py:3954} INFO - Setting next_dagrun for example_skip_dag to 2024-11-02 00:00:00+00:00, run_after=2024-11-03 00:00:00+00:00
[2024-11-03T09:41:04.685+0000] {processor.py:183} INFO - Processing /home/airflow/.local/lib/python3.11/site-packages/airflow/example_dags/example_skip_dag.py took 0.060 seconds
[2024-11-03T09:41:35.207+0000] {processor.py:161} INFO - Started process (PID=488) to work on /home/airflow/.local/lib/python3.11/site-packages/airflow/example_dags/example_skip_dag.py
[2024-11-03T09:41:35.208+0000] {processor.py:830} INFO - Processing file /home/airflow/.local/lib/python3.11/site-packages/airflow/example_dags/example_skip_dag.py for tasks to queue
[2024-11-03T09:41:35.210+0000] {logging_mixin.py:188} INFO - [2024-11-03T09:41:35.210+0000] {dagbag.py:545} INFO - Filling up the DagBag from /home/airflow/.local/lib/python3.11/site-packages/airflow/example_dags/example_skip_dag.py
[2024-11-03T09:41:35.215+0000] {processor.py:840} INFO - DAG(s) 'example_skip_dag' retrieved from /home/airflow/.local/lib/python3.11/site-packages/airflow/example_dags/example_skip_dag.py
[2024-11-03T09:41:35.294+0000] {logging_mixin.py:188} INFO - [2024-11-03T09:41:35.294+0000] {dag.py:3096} INFO - Sync 1 DAGs
[2024-11-03T09:41:35.308+0000] {logging_mixin.py:188} INFO - [2024-11-03T09:41:35.308+0000] {dag.py:3954} INFO - Setting next_dagrun for example_skip_dag to 2024-11-02 00:00:00+00:00, run_after=2024-11-03 00:00:00+00:00
[2024-11-03T09:41:35.326+0000] {processor.py:183} INFO - Processing /home/airflow/.local/lib/python3.11/site-packages/airflow/example_dags/example_skip_dag.py took 0.124 seconds
[2024-11-03T09:42:05.721+0000] {processor.py:161} INFO - Started process (PID=752) to work on /home/airflow/.local/lib/python3.11/site-packages/airflow/example_dags/example_skip_dag.py
[2024-11-03T09:42:05.722+0000] {processor.py:830} INFO - Processing file /home/airflow/.local/lib/python3.11/site-packages/airflow/example_dags/example_skip_dag.py for tasks to queue
[2024-11-03T09:42:05.723+0000] {logging_mixin.py:188} INFO - [2024-11-03T09:42:05.723+0000] {dagbag.py:545} INFO - Filling up the DagBag from /home/airflow/.local/lib/python3.11/site-packages/airflow/example_dags/example_skip_dag.py
[2024-11-03T09:42:05.729+0000] {processor.py:840} INFO - DAG(s) 'example_skip_dag' retrieved from /home/airflow/.local/lib/python3.11/site-packages/airflow/example_dags/example_skip_dag.py
[2024-11-03T09:42:05.750+0000] {logging_mixin.py:188} INFO - [2024-11-03T09:42:05.750+0000] {dag.py:3096} INFO - Sync 1 DAGs
[2024-11-03T09:42:05.773+0000] {logging_mixin.py:188} INFO - [2024-11-03T09:42:05.772+0000] {dag.py:3954} INFO - Setting next_dagrun for example_skip_dag to 2024-11-02 00:00:00+00:00, run_after=2024-11-03 00:00:00+00:00
[2024-11-03T09:42:05.793+0000] {processor.py:183} INFO - Processing /home/airflow/.local/lib/python3.11/site-packages/airflow/example_dags/example_skip_dag.py took 0.077 seconds
[2024-11-03T09:42:36.895+0000] {processor.py:161} INFO - Started process (PID=1018) to work on /home/airflow/.local/lib/python3.11/site-packages/airflow/example_dags/example_skip_dag.py
[2024-11-03T09:42:36.896+0000] {processor.py:830} INFO - Processing file /home/airflow/.local/lib/python3.11/site-packages/airflow/example_dags/example_skip_dag.py for tasks to queue
[2024-11-03T09:42:36.898+0000] {logging_mixin.py:188} INFO - [2024-11-03T09:42:36.898+0000] {dagbag.py:545} INFO - Filling up the DagBag from /home/airflow/.local/lib/python3.11/site-packages/airflow/example_dags/example_skip_dag.py
[2024-11-03T09:42:36.904+0000] {processor.py:840} INFO - DAG(s) 'example_skip_dag' retrieved from /home/airflow/.local/lib/python3.11/site-packages/airflow/example_dags/example_skip_dag.py
[2024-11-03T09:42:36.928+0000] {logging_mixin.py:188} INFO - [2024-11-03T09:42:36.928+0000] {dag.py:3096} INFO - Sync 1 DAGs
[2024-11-03T09:42:36.950+0000] {logging_mixin.py:188} INFO - [2024-11-03T09:42:36.949+0000] {dag.py:3954} INFO - Setting next_dagrun for example_skip_dag to 2024-11-02 00:00:00+00:00, run_after=2024-11-03 00:00:00+00:00
[2024-11-03T09:42:36.967+0000] {processor.py:183} INFO - Processing /home/airflow/.local/lib/python3.11/site-packages/airflow/example_dags/example_skip_dag.py took 0.078 seconds
[2024-11-03T09:43:07.289+0000] {processor.py:161} INFO - Started process (PID=1291) to work on /home/airflow/.local/lib/python3.11/site-packages/airflow/example_dags/example_skip_dag.py
[2024-11-03T09:43:07.291+0000] {processor.py:830} INFO - Processing file /home/airflow/.local/lib/python3.11/site-packages/airflow/example_dags/example_skip_dag.py for tasks to queue
[2024-11-03T09:43:07.293+0000] {logging_mixin.py:188} INFO - [2024-11-03T09:43:07.292+0000] {dagbag.py:545} INFO - Filling up the DagBag from /home/airflow/.local/lib/python3.11/site-packages/airflow/example_dags/example_skip_dag.py
[2024-11-03T09:43:07.299+0000] {processor.py:840} INFO - DAG(s) 'example_skip_dag' retrieved from /home/airflow/.local/lib/python3.11/site-packages/airflow/example_dags/example_skip_dag.py
[2024-11-03T09:43:07.320+0000] {logging_mixin.py:188} INFO - [2024-11-03T09:43:07.320+0000] {dag.py:3096} INFO - Sync 1 DAGs
[2024-11-03T09:43:07.339+0000] {logging_mixin.py:188} INFO - [2024-11-03T09:43:07.339+0000] {dag.py:3954} INFO - Setting next_dagrun for example_skip_dag to 2024-11-02 00:00:00+00:00, run_after=2024-11-03 00:00:00+00:00
[2024-11-03T09:43:07.358+0000] {processor.py:183} INFO - Processing /home/airflow/.local/lib/python3.11/site-packages/airflow/example_dags/example_skip_dag.py took 0.074 seconds
[2024-11-03T09:43:38.162+0000] {processor.py:161} INFO - Started process (PID=1565) to work on /home/airflow/.local/lib/python3.11/site-packages/airflow/example_dags/example_skip_dag.py
[2024-11-03T09:43:38.163+0000] {processor.py:830} INFO - Processing file /home/airflow/.local/lib/python3.11/site-packages/airflow/example_dags/example_skip_dag.py for tasks to queue
[2024-11-03T09:43:38.164+0000] {logging_mixin.py:188} INFO - [2024-11-03T09:43:38.164+0000] {dagbag.py:545} INFO - Filling up the DagBag from /home/airflow/.local/lib/python3.11/site-packages/airflow/example_dags/example_skip_dag.py
[2024-11-03T09:43:38.169+0000] {processor.py:840} INFO - DAG(s) 'example_skip_dag' retrieved from /home/airflow/.local/lib/python3.11/site-packages/airflow/example_dags/example_skip_dag.py
[2024-11-03T09:43:38.186+0000] {logging_mixin.py:188} INFO - [2024-11-03T09:43:38.186+0000] {dag.py:3096} INFO - Sync 1 DAGs
[2024-11-03T09:43:38.204+0000] {logging_mixin.py:188} INFO - [2024-11-03T09:43:38.204+0000] {dag.py:3954} INFO - Setting next_dagrun for example_skip_dag to 2024-11-02 00:00:00+00:00, run_after=2024-11-03 00:00:00+00:00
[2024-11-03T09:43:38.221+0000] {processor.py:183} INFO - Processing /home/airflow/.local/lib/python3.11/site-packages/airflow/example_dags/example_skip_dag.py took 0.064 seconds
[2024-11-03T09:44:08.914+0000] {processor.py:161} INFO - Started process (PID=1831) to work on /home/airflow/.local/lib/python3.11/site-packages/airflow/example_dags/example_skip_dag.py
[2024-11-03T09:44:08.915+0000] {processor.py:830} INFO - Processing file /home/airflow/.local/lib/python3.11/site-packages/airflow/example_dags/example_skip_dag.py for tasks to queue
[2024-11-03T09:44:08.917+0000] {logging_mixin.py:188} INFO - [2024-11-03T09:44:08.916+0000] {dagbag.py:545} INFO - Filling up the DagBag from /home/airflow/.local/lib/python3.11/site-packages/airflow/example_dags/example_skip_dag.py
[2024-11-03T09:44:08.922+0000] {processor.py:840} INFO - DAG(s) 'example_skip_dag' retrieved from /home/airflow/.local/lib/python3.11/site-packages/airflow/example_dags/example_skip_dag.py
[2024-11-03T09:44:08.939+0000] {logging_mixin.py:188} INFO - [2024-11-03T09:44:08.939+0000] {dag.py:3096} INFO - Sync 1 DAGs
[2024-11-03T09:44:08.957+0000] {logging_mixin.py:188} INFO - [2024-11-03T09:44:08.957+0000] {dag.py:3954} INFO - Setting next_dagrun for example_skip_dag to 2024-11-02 00:00:00+00:00, run_after=2024-11-03 00:00:00+00:00
[2024-11-03T09:44:08.972+0000] {processor.py:183} INFO - Processing /home/airflow/.local/lib/python3.11/site-packages/airflow/example_dags/example_skip_dag.py took 0.062 seconds
[2024-11-03T09:44:39.125+0000] {processor.py:161} INFO - Started process (PID=2122) to work on /home/airflow/.local/lib/python3.11/site-packages/airflow/example_dags/example_skip_dag.py
[2024-11-03T09:44:39.126+0000] {processor.py:830} INFO - Processing file /home/airflow/.local/lib/python3.11/site-packages/airflow/example_dags/example_skip_dag.py for tasks to queue
[2024-11-03T09:44:39.128+0000] {logging_mixin.py:188} INFO - [2024-11-03T09:44:39.128+0000] {dagbag.py:545} INFO - Filling up the DagBag from /home/airflow/.local/lib/python3.11/site-packages/airflow/example_dags/example_skip_dag.py
[2024-11-03T09:44:39.134+0000] {processor.py:840} INFO - DAG(s) 'example_skip_dag' retrieved from /home/airflow/.local/lib/python3.11/site-packages/airflow/example_dags/example_skip_dag.py
[2024-11-03T09:44:39.151+0000] {logging_mixin.py:188} INFO - [2024-11-03T09:44:39.151+0000] {dag.py:3096} INFO - Sync 1 DAGs
[2024-11-03T09:44:39.169+0000] {logging_mixin.py:188} INFO - [2024-11-03T09:44:39.169+0000] {dag.py:3954} INFO - Setting next_dagrun for example_skip_dag to 2024-11-02 00:00:00+00:00, run_after=2024-11-03 00:00:00+00:00
[2024-11-03T09:44:39.185+0000] {processor.py:183} INFO - Processing /home/airflow/.local/lib/python3.11/site-packages/airflow/example_dags/example_skip_dag.py took 0.064 seconds
[2024-11-03T09:45:09.229+0000] {processor.py:161} INFO - Started process (PID=2398) to work on /home/airflow/.local/lib/python3.11/site-packages/airflow/example_dags/example_skip_dag.py
[2024-11-03T09:45:09.231+0000] {processor.py:830} INFO - Processing file /home/airflow/.local/lib/python3.11/site-packages/airflow/example_dags/example_skip_dag.py for tasks to queue
[2024-11-03T09:45:09.234+0000] {logging_mixin.py:188} INFO - [2024-11-03T09:45:09.234+0000] {dagbag.py:545} INFO - Filling up the DagBag from /home/airflow/.local/lib/python3.11/site-packages/airflow/example_dags/example_skip_dag.py
[2024-11-03T09:45:09.240+0000] {processor.py:840} INFO - DAG(s) 'example_skip_dag' retrieved from /home/airflow/.local/lib/python3.11/site-packages/airflow/example_dags/example_skip_dag.py
[2024-11-03T09:45:09.257+0000] {logging_mixin.py:188} INFO - [2024-11-03T09:45:09.257+0000] {dag.py:3096} INFO - Sync 1 DAGs
[2024-11-03T09:45:09.276+0000] {logging_mixin.py:188} INFO - [2024-11-03T09:45:09.275+0000] {dag.py:3954} INFO - Setting next_dagrun for example_skip_dag to 2024-11-02 00:00:00+00:00, run_after=2024-11-03 00:00:00+00:00
[2024-11-03T09:45:09.290+0000] {processor.py:183} INFO - Processing /home/airflow/.local/lib/python3.11/site-packages/airflow/example_dags/example_skip_dag.py took 0.067 seconds
[2024-11-03T09:45:39.485+0000] {processor.py:161} INFO - Started process (PID=2676) to work on /home/airflow/.local/lib/python3.11/site-packages/airflow/example_dags/example_skip_dag.py
[2024-11-03T09:45:39.486+0000] {processor.py:830} INFO - Processing file /home/airflow/.local/lib/python3.11/site-packages/airflow/example_dags/example_skip_dag.py for tasks to queue
[2024-11-03T09:45:39.488+0000] {logging_mixin.py:188} INFO - [2024-11-03T09:45:39.487+0000] {dagbag.py:545} INFO - Filling up the DagBag from /home/airflow/.local/lib/python3.11/site-packages/airflow/example_dags/example_skip_dag.py
[2024-11-03T09:45:39.493+0000] {processor.py:840} INFO - DAG(s) 'example_skip_dag' retrieved from /home/airflow/.local/lib/python3.11/site-packages/airflow/example_dags/example_skip_dag.py
[2024-11-03T09:45:39.512+0000] {logging_mixin.py:188} INFO - [2024-11-03T09:45:39.512+0000] {dag.py:3096} INFO - Sync 1 DAGs
[2024-11-03T09:45:39.530+0000] {logging_mixin.py:188} INFO - [2024-11-03T09:45:39.530+0000] {dag.py:3954} INFO - Setting next_dagrun for example_skip_dag to 2024-11-02 00:00:00+00:00, run_after=2024-11-03 00:00:00+00:00
[2024-11-03T09:45:39.546+0000] {processor.py:183} INFO - Processing /home/airflow/.local/lib/python3.11/site-packages/airflow/example_dags/example_skip_dag.py took 0.066 seconds
[2024-11-03T09:46:10.369+0000] {processor.py:161} INFO - Started process (PID=2945) to work on /home/airflow/.local/lib/python3.11/site-packages/airflow/example_dags/example_skip_dag.py
[2024-11-03T09:46:10.370+0000] {processor.py:830} INFO - Processing file /home/airflow/.local/lib/python3.11/site-packages/airflow/example_dags/example_skip_dag.py for tasks to queue
[2024-11-03T09:46:10.371+0000] {logging_mixin.py:188} INFO - [2024-11-03T09:46:10.371+0000] {dagbag.py:545} INFO - Filling up the DagBag from /home/airflow/.local/lib/python3.11/site-packages/airflow/example_dags/example_skip_dag.py
[2024-11-03T09:46:10.377+0000] {processor.py:840} INFO - DAG(s) 'example_skip_dag' retrieved from /home/airflow/.local/lib/python3.11/site-packages/airflow/example_dags/example_skip_dag.py
[2024-11-03T09:46:10.396+0000] {logging_mixin.py:188} INFO - [2024-11-03T09:46:10.396+0000] {dag.py:3096} INFO - Sync 1 DAGs
[2024-11-03T09:46:10.414+0000] {logging_mixin.py:188} INFO - [2024-11-03T09:46:10.413+0000] {dag.py:3954} INFO - Setting next_dagrun for example_skip_dag to 2024-11-02 00:00:00+00:00, run_after=2024-11-03 00:00:00+00:00
[2024-11-03T09:46:10.430+0000] {processor.py:183} INFO - Processing /home/airflow/.local/lib/python3.11/site-packages/airflow/example_dags/example_skip_dag.py took 0.066 seconds
[2024-11-03T09:46:40.619+0000] {processor.py:161} INFO - Started process (PID=3248) to work on /home/airflow/.local/lib/python3.11/site-packages/airflow/example_dags/example_skip_dag.py
[2024-11-03T09:46:40.621+0000] {processor.py:830} INFO - Processing file /home/airflow/.local/lib/python3.11/site-packages/airflow/example_dags/example_skip_dag.py for tasks to queue
[2024-11-03T09:46:40.623+0000] {logging_mixin.py:188} INFO - [2024-11-03T09:46:40.622+0000] {dagbag.py:545} INFO - Filling up the DagBag from /home/airflow/.local/lib/python3.11/site-packages/airflow/example_dags/example_skip_dag.py
[2024-11-03T09:46:40.632+0000] {processor.py:840} INFO - DAG(s) 'example_skip_dag' retrieved from /home/airflow/.local/lib/python3.11/site-packages/airflow/example_dags/example_skip_dag.py
[2024-11-03T09:46:40.659+0000] {logging_mixin.py:188} INFO - [2024-11-03T09:46:40.659+0000] {dag.py:3096} INFO - Sync 1 DAGs
[2024-11-03T09:46:40.678+0000] {logging_mixin.py:188} INFO - [2024-11-03T09:46:40.678+0000] {dag.py:3954} INFO - Setting next_dagrun for example_skip_dag to 2024-11-02 00:00:00+00:00, run_after=2024-11-03 00:00:00+00:00
[2024-11-03T09:46:40.696+0000] {processor.py:183} INFO - Processing /home/airflow/.local/lib/python3.11/site-packages/airflow/example_dags/example_skip_dag.py took 0.085 seconds
[2024-11-03T09:47:11.538+0000] {processor.py:161} INFO - Started process (PID=3512) to work on /home/airflow/.local/lib/python3.11/site-packages/airflow/example_dags/example_skip_dag.py
[2024-11-03T09:47:11.539+0000] {processor.py:830} INFO - Processing file /home/airflow/.local/lib/python3.11/site-packages/airflow/example_dags/example_skip_dag.py for tasks to queue
[2024-11-03T09:47:11.539+0000] {logging_mixin.py:188} INFO - [2024-11-03T09:47:11.539+0000] {dagbag.py:545} INFO - Filling up the DagBag from /home/airflow/.local/lib/python3.11/site-packages/airflow/example_dags/example_skip_dag.py
[2024-11-03T09:47:11.545+0000] {processor.py:840} INFO - DAG(s) 'example_skip_dag' retrieved from /home/airflow/.local/lib/python3.11/site-packages/airflow/example_dags/example_skip_dag.py
[2024-11-03T09:47:11.565+0000] {logging_mixin.py:188} INFO - [2024-11-03T09:47:11.565+0000] {dag.py:3096} INFO - Sync 1 DAGs
[2024-11-03T09:47:11.583+0000] {logging_mixin.py:188} INFO - [2024-11-03T09:47:11.583+0000] {dag.py:3954} INFO - Setting next_dagrun for example_skip_dag to 2024-11-02 00:00:00+00:00, run_after=2024-11-03 00:00:00+00:00
[2024-11-03T09:47:11.602+0000] {processor.py:183} INFO - Processing /home/airflow/.local/lib/python3.11/site-packages/airflow/example_dags/example_skip_dag.py took 0.070 seconds
[2024-11-03T09:47:41.901+0000] {processor.py:161} INFO - Started process (PID=3780) to work on /home/airflow/.local/lib/python3.11/site-packages/airflow/example_dags/example_skip_dag.py
[2024-11-03T09:47:41.902+0000] {processor.py:830} INFO - Processing file /home/airflow/.local/lib/python3.11/site-packages/airflow/example_dags/example_skip_dag.py for tasks to queue
[2024-11-03T09:47:41.903+0000] {logging_mixin.py:188} INFO - [2024-11-03T09:47:41.903+0000] {dagbag.py:545} INFO - Filling up the DagBag from /home/airflow/.local/lib/python3.11/site-packages/airflow/example_dags/example_skip_dag.py
[2024-11-03T09:47:41.910+0000] {processor.py:840} INFO - DAG(s) 'example_skip_dag' retrieved from /home/airflow/.local/lib/python3.11/site-packages/airflow/example_dags/example_skip_dag.py
[2024-11-03T09:47:41.929+0000] {logging_mixin.py:188} INFO - [2024-11-03T09:47:41.929+0000] {dag.py:3096} INFO - Sync 1 DAGs
[2024-11-03T09:47:41.946+0000] {logging_mixin.py:188} INFO - [2024-11-03T09:47:41.946+0000] {dag.py:3954} INFO - Setting next_dagrun for example_skip_dag to 2024-11-02 00:00:00+00:00, run_after=2024-11-03 00:00:00+00:00
[2024-11-03T09:47:41.961+0000] {processor.py:183} INFO - Processing /home/airflow/.local/lib/python3.11/site-packages/airflow/example_dags/example_skip_dag.py took 0.065 seconds
[2024-11-03T09:48:12.752+0000] {processor.py:161} INFO - Started process (PID=4051) to work on /home/airflow/.local/lib/python3.11/site-packages/airflow/example_dags/example_skip_dag.py
[2024-11-03T09:48:12.753+0000] {processor.py:830} INFO - Processing file /home/airflow/.local/lib/python3.11/site-packages/airflow/example_dags/example_skip_dag.py for tasks to queue
[2024-11-03T09:48:12.754+0000] {logging_mixin.py:188} INFO - [2024-11-03T09:48:12.753+0000] {dagbag.py:545} INFO - Filling up the DagBag from /home/airflow/.local/lib/python3.11/site-packages/airflow/example_dags/example_skip_dag.py
[2024-11-03T09:48:12.761+0000] {processor.py:840} INFO - DAG(s) 'example_skip_dag' retrieved from /home/airflow/.local/lib/python3.11/site-packages/airflow/example_dags/example_skip_dag.py
[2024-11-03T09:48:12.783+0000] {logging_mixin.py:188} INFO - [2024-11-03T09:48:12.783+0000] {dag.py:3096} INFO - Sync 1 DAGs
[2024-11-03T09:48:12.810+0000] {logging_mixin.py:188} INFO - [2024-11-03T09:48:12.809+0000] {dag.py:3954} INFO - Setting next_dagrun for example_skip_dag to 2024-11-02 00:00:00+00:00, run_after=2024-11-03 00:00:00+00:00
[2024-11-03T09:48:12.830+0000] {processor.py:183} INFO - Processing /home/airflow/.local/lib/python3.11/site-packages/airflow/example_dags/example_skip_dag.py took 0.085 seconds
[2024-11-03T09:48:43.030+0000] {processor.py:161} INFO - Started process (PID=4322) to work on /home/airflow/.local/lib/python3.11/site-packages/airflow/example_dags/example_skip_dag.py
[2024-11-03T09:48:43.031+0000] {processor.py:830} INFO - Processing file /home/airflow/.local/lib/python3.11/site-packages/airflow/example_dags/example_skip_dag.py for tasks to queue
[2024-11-03T09:48:43.032+0000] {logging_mixin.py:188} INFO - [2024-11-03T09:48:43.032+0000] {dagbag.py:545} INFO - Filling up the DagBag from /home/airflow/.local/lib/python3.11/site-packages/airflow/example_dags/example_skip_dag.py
[2024-11-03T09:48:43.038+0000] {processor.py:840} INFO - DAG(s) 'example_skip_dag' retrieved from /home/airflow/.local/lib/python3.11/site-packages/airflow/example_dags/example_skip_dag.py
[2024-11-03T09:48:43.060+0000] {logging_mixin.py:188} INFO - [2024-11-03T09:48:43.059+0000] {dag.py:3096} INFO - Sync 1 DAGs
[2024-11-03T09:48:43.078+0000] {logging_mixin.py:188} INFO - [2024-11-03T09:48:43.078+0000] {dag.py:3954} INFO - Setting next_dagrun for example_skip_dag to 2024-11-02 00:00:00+00:00, run_after=2024-11-03 00:00:00+00:00
[2024-11-03T09:48:43.096+0000] {processor.py:183} INFO - Processing /home/airflow/.local/lib/python3.11/site-packages/airflow/example_dags/example_skip_dag.py took 0.071 seconds
[2024-11-03T09:49:13.819+0000] {processor.py:161} INFO - Started process (PID=4606) to work on /home/airflow/.local/lib/python3.11/site-packages/airflow/example_dags/example_skip_dag.py
[2024-11-03T09:49:13.820+0000] {processor.py:830} INFO - Processing file /home/airflow/.local/lib/python3.11/site-packages/airflow/example_dags/example_skip_dag.py for tasks to queue
[2024-11-03T09:49:13.821+0000] {logging_mixin.py:188} INFO - [2024-11-03T09:49:13.821+0000] {dagbag.py:545} INFO - Filling up the DagBag from /home/airflow/.local/lib/python3.11/site-packages/airflow/example_dags/example_skip_dag.py
[2024-11-03T09:49:13.827+0000] {processor.py:840} INFO - DAG(s) 'example_skip_dag' retrieved from /home/airflow/.local/lib/python3.11/site-packages/airflow/example_dags/example_skip_dag.py
[2024-11-03T09:49:13.843+0000] {logging_mixin.py:188} INFO - [2024-11-03T09:49:13.843+0000] {dag.py:3096} INFO - Sync 1 DAGs
[2024-11-03T09:49:13.861+0000] {logging_mixin.py:188} INFO - [2024-11-03T09:49:13.860+0000] {dag.py:3954} INFO - Setting next_dagrun for example_skip_dag to 2024-11-02 00:00:00+00:00, run_after=2024-11-03 00:00:00+00:00
[2024-11-03T09:49:13.877+0000] {processor.py:183} INFO - Processing /home/airflow/.local/lib/python3.11/site-packages/airflow/example_dags/example_skip_dag.py took 0.062 seconds
[2024-11-03T09:49:43.985+0000] {processor.py:161} INFO - Started process (PID=4872) to work on /home/airflow/.local/lib/python3.11/site-packages/airflow/example_dags/example_skip_dag.py
[2024-11-03T09:49:43.986+0000] {processor.py:830} INFO - Processing file /home/airflow/.local/lib/python3.11/site-packages/airflow/example_dags/example_skip_dag.py for tasks to queue
[2024-11-03T09:49:43.986+0000] {logging_mixin.py:188} INFO - [2024-11-03T09:49:43.986+0000] {dagbag.py:545} INFO - Filling up the DagBag from /home/airflow/.local/lib/python3.11/site-packages/airflow/example_dags/example_skip_dag.py
[2024-11-03T09:49:43.994+0000] {processor.py:840} INFO - DAG(s) 'example_skip_dag' retrieved from /home/airflow/.local/lib/python3.11/site-packages/airflow/example_dags/example_skip_dag.py
[2024-11-03T09:49:44.015+0000] {logging_mixin.py:188} INFO - [2024-11-03T09:49:44.015+0000] {dag.py:3096} INFO - Sync 1 DAGs
[2024-11-03T09:49:44.031+0000] {logging_mixin.py:188} INFO - [2024-11-03T09:49:44.031+0000] {dag.py:3954} INFO - Setting next_dagrun for example_skip_dag to 2024-11-02 00:00:00+00:00, run_after=2024-11-03 00:00:00+00:00
[2024-11-03T09:49:44.048+0000] {processor.py:183} INFO - Processing /home/airflow/.local/lib/python3.11/site-packages/airflow/example_dags/example_skip_dag.py took 0.067 seconds
[2024-11-03T09:50:14.251+0000] {processor.py:161} INFO - Started process (PID=5138) to work on /home/airflow/.local/lib/python3.11/site-packages/airflow/example_dags/example_skip_dag.py
[2024-11-03T09:50:14.251+0000] {processor.py:830} INFO - Processing file /home/airflow/.local/lib/python3.11/site-packages/airflow/example_dags/example_skip_dag.py for tasks to queue
[2024-11-03T09:50:14.252+0000] {logging_mixin.py:188} INFO - [2024-11-03T09:50:14.252+0000] {dagbag.py:545} INFO - Filling up the DagBag from /home/airflow/.local/lib/python3.11/site-packages/airflow/example_dags/example_skip_dag.py
[2024-11-03T09:50:14.258+0000] {processor.py:840} INFO - DAG(s) 'example_skip_dag' retrieved from /home/airflow/.local/lib/python3.11/site-packages/airflow/example_dags/example_skip_dag.py
[2024-11-03T09:50:14.276+0000] {logging_mixin.py:188} INFO - [2024-11-03T09:50:14.275+0000] {dag.py:3096} INFO - Sync 1 DAGs
[2024-11-03T09:50:14.293+0000] {logging_mixin.py:188} INFO - [2024-11-03T09:50:14.293+0000] {dag.py:3954} INFO - Setting next_dagrun for example_skip_dag to 2024-11-02 00:00:00+00:00, run_after=2024-11-03 00:00:00+00:00
[2024-11-03T09:50:14.322+0000] {processor.py:183} INFO - Processing /home/airflow/.local/lib/python3.11/site-packages/airflow/example_dags/example_skip_dag.py took 0.076 seconds
[2024-11-03T09:50:44.500+0000] {processor.py:161} INFO - Started process (PID=5404) to work on /home/airflow/.local/lib/python3.11/site-packages/airflow/example_dags/example_skip_dag.py
[2024-11-03T09:50:44.502+0000] {processor.py:830} INFO - Processing file /home/airflow/.local/lib/python3.11/site-packages/airflow/example_dags/example_skip_dag.py for tasks to queue
[2024-11-03T09:50:44.503+0000] {logging_mixin.py:188} INFO - [2024-11-03T09:50:44.502+0000] {dagbag.py:545} INFO - Filling up the DagBag from /home/airflow/.local/lib/python3.11/site-packages/airflow/example_dags/example_skip_dag.py
[2024-11-03T09:50:44.509+0000] {processor.py:840} INFO - DAG(s) 'example_skip_dag' retrieved from /home/airflow/.local/lib/python3.11/site-packages/airflow/example_dags/example_skip_dag.py
[2024-11-03T09:50:44.528+0000] {logging_mixin.py:188} INFO - [2024-11-03T09:50:44.528+0000] {dag.py:3096} INFO - Sync 1 DAGs
[2024-11-03T09:50:44.546+0000] {logging_mixin.py:188} INFO - [2024-11-03T09:50:44.545+0000] {dag.py:3954} INFO - Setting next_dagrun for example_skip_dag to 2024-11-02 00:00:00+00:00, run_after=2024-11-03 00:00:00+00:00
[2024-11-03T09:50:44.563+0000] {processor.py:183} INFO - Processing /home/airflow/.local/lib/python3.11/site-packages/airflow/example_dags/example_skip_dag.py took 0.069 seconds
[2024-11-03T09:51:15.214+0000] {processor.py:161} INFO - Started process (PID=5668) to work on /home/airflow/.local/lib/python3.11/site-packages/airflow/example_dags/example_skip_dag.py
[2024-11-03T09:51:15.215+0000] {processor.py:830} INFO - Processing file /home/airflow/.local/lib/python3.11/site-packages/airflow/example_dags/example_skip_dag.py for tasks to queue
[2024-11-03T09:51:15.216+0000] {logging_mixin.py:188} INFO - [2024-11-03T09:51:15.216+0000] {dagbag.py:545} INFO - Filling up the DagBag from /home/airflow/.local/lib/python3.11/site-packages/airflow/example_dags/example_skip_dag.py
[2024-11-03T09:51:15.222+0000] {processor.py:840} INFO - DAG(s) 'example_skip_dag' retrieved from /home/airflow/.local/lib/python3.11/site-packages/airflow/example_dags/example_skip_dag.py
[2024-11-03T09:51:15.241+0000] {logging_mixin.py:188} INFO - [2024-11-03T09:51:15.240+0000] {dag.py:3096} INFO - Sync 1 DAGs
[2024-11-03T09:51:15.258+0000] {logging_mixin.py:188} INFO - [2024-11-03T09:51:15.257+0000] {dag.py:3954} INFO - Setting next_dagrun for example_skip_dag to 2024-11-02 00:00:00+00:00, run_after=2024-11-03 00:00:00+00:00
[2024-11-03T09:51:15.274+0000] {processor.py:183} INFO - Processing /home/airflow/.local/lib/python3.11/site-packages/airflow/example_dags/example_skip_dag.py took 0.064 seconds
[2024-11-03T09:51:45.970+0000] {processor.py:161} INFO - Started process (PID=5936) to work on /home/airflow/.local/lib/python3.11/site-packages/airflow/example_dags/example_skip_dag.py
[2024-11-03T09:51:45.971+0000] {processor.py:830} INFO - Processing file /home/airflow/.local/lib/python3.11/site-packages/airflow/example_dags/example_skip_dag.py for tasks to queue
[2024-11-03T09:51:45.972+0000] {logging_mixin.py:188} INFO - [2024-11-03T09:51:45.972+0000] {dagbag.py:545} INFO - Filling up the DagBag from /home/airflow/.local/lib/python3.11/site-packages/airflow/example_dags/example_skip_dag.py
[2024-11-03T09:51:45.978+0000] {processor.py:840} INFO - DAG(s) 'example_skip_dag' retrieved from /home/airflow/.local/lib/python3.11/site-packages/airflow/example_dags/example_skip_dag.py
[2024-11-03T09:51:45.995+0000] {logging_mixin.py:188} INFO - [2024-11-03T09:51:45.995+0000] {dag.py:3096} INFO - Sync 1 DAGs
[2024-11-03T09:51:46.014+0000] {logging_mixin.py:188} INFO - [2024-11-03T09:51:46.014+0000] {dag.py:3954} INFO - Setting next_dagrun for example_skip_dag to 2024-11-02 00:00:00+00:00, run_after=2024-11-03 00:00:00+00:00
[2024-11-03T09:51:46.032+0000] {processor.py:183} INFO - Processing /home/airflow/.local/lib/python3.11/site-packages/airflow/example_dags/example_skip_dag.py took 0.068 seconds
[2024-11-03T09:52:16.780+0000] {processor.py:161} INFO - Started process (PID=6201) to work on /home/airflow/.local/lib/python3.11/site-packages/airflow/example_dags/example_skip_dag.py
[2024-11-03T09:52:16.781+0000] {processor.py:830} INFO - Processing file /home/airflow/.local/lib/python3.11/site-packages/airflow/example_dags/example_skip_dag.py for tasks to queue
[2024-11-03T09:52:16.782+0000] {logging_mixin.py:188} INFO - [2024-11-03T09:52:16.782+0000] {dagbag.py:545} INFO - Filling up the DagBag from /home/airflow/.local/lib/python3.11/site-packages/airflow/example_dags/example_skip_dag.py
[2024-11-03T09:52:16.788+0000] {processor.py:840} INFO - DAG(s) 'example_skip_dag' retrieved from /home/airflow/.local/lib/python3.11/site-packages/airflow/example_dags/example_skip_dag.py
[2024-11-03T09:52:16.805+0000] {logging_mixin.py:188} INFO - [2024-11-03T09:52:16.805+0000] {dag.py:3096} INFO - Sync 1 DAGs
[2024-11-03T09:52:16.822+0000] {logging_mixin.py:188} INFO - [2024-11-03T09:52:16.822+0000] {dag.py:3954} INFO - Setting next_dagrun for example_skip_dag to 2024-11-02 00:00:00+00:00, run_after=2024-11-03 00:00:00+00:00
[2024-11-03T09:52:16.837+0000] {processor.py:183} INFO - Processing /home/airflow/.local/lib/python3.11/site-packages/airflow/example_dags/example_skip_dag.py took 0.062 seconds
[2024-11-03T09:52:46.923+0000] {processor.py:161} INFO - Started process (PID=6468) to work on /home/airflow/.local/lib/python3.11/site-packages/airflow/example_dags/example_skip_dag.py
[2024-11-03T09:52:46.924+0000] {processor.py:830} INFO - Processing file /home/airflow/.local/lib/python3.11/site-packages/airflow/example_dags/example_skip_dag.py for tasks to queue
[2024-11-03T09:52:46.925+0000] {logging_mixin.py:188} INFO - [2024-11-03T09:52:46.924+0000] {dagbag.py:545} INFO - Filling up the DagBag from /home/airflow/.local/lib/python3.11/site-packages/airflow/example_dags/example_skip_dag.py
[2024-11-03T09:52:46.931+0000] {processor.py:840} INFO - DAG(s) 'example_skip_dag' retrieved from /home/airflow/.local/lib/python3.11/site-packages/airflow/example_dags/example_skip_dag.py
[2024-11-03T09:52:46.948+0000] {logging_mixin.py:188} INFO - [2024-11-03T09:52:46.948+0000] {dag.py:3096} INFO - Sync 1 DAGs
[2024-11-03T09:52:46.965+0000] {logging_mixin.py:188} INFO - [2024-11-03T09:52:46.965+0000] {dag.py:3954} INFO - Setting next_dagrun for example_skip_dag to 2024-11-02 00:00:00+00:00, run_after=2024-11-03 00:00:00+00:00
[2024-11-03T09:52:46.982+0000] {processor.py:183} INFO - Processing /home/airflow/.local/lib/python3.11/site-packages/airflow/example_dags/example_skip_dag.py took 0.063 seconds
[2024-11-03T09:53:17.147+0000] {processor.py:161} INFO - Started process (PID=6734) to work on /home/airflow/.local/lib/python3.11/site-packages/airflow/example_dags/example_skip_dag.py
[2024-11-03T09:53:17.148+0000] {processor.py:830} INFO - Processing file /home/airflow/.local/lib/python3.11/site-packages/airflow/example_dags/example_skip_dag.py for tasks to queue
[2024-11-03T09:53:17.148+0000] {logging_mixin.py:188} INFO - [2024-11-03T09:53:17.148+0000] {dagbag.py:545} INFO - Filling up the DagBag from /home/airflow/.local/lib/python3.11/site-packages/airflow/example_dags/example_skip_dag.py
[2024-11-03T09:53:17.155+0000] {processor.py:840} INFO - DAG(s) 'example_skip_dag' retrieved from /home/airflow/.local/lib/python3.11/site-packages/airflow/example_dags/example_skip_dag.py
[2024-11-03T09:53:17.176+0000] {logging_mixin.py:188} INFO - [2024-11-03T09:53:17.176+0000] {dag.py:3096} INFO - Sync 1 DAGs
[2024-11-03T09:53:17.197+0000] {logging_mixin.py:188} INFO - [2024-11-03T09:53:17.197+0000] {dag.py:3954} INFO - Setting next_dagrun for example_skip_dag to 2024-11-02 00:00:00+00:00, run_after=2024-11-03 00:00:00+00:00
[2024-11-03T09:53:17.215+0000] {processor.py:183} INFO - Processing /home/airflow/.local/lib/python3.11/site-packages/airflow/example_dags/example_skip_dag.py took 0.074 seconds
[2024-11-03T09:53:47.325+0000] {processor.py:161} INFO - Started process (PID=7020) to work on /home/airflow/.local/lib/python3.11/site-packages/airflow/example_dags/example_skip_dag.py
[2024-11-03T09:53:47.326+0000] {processor.py:830} INFO - Processing file /home/airflow/.local/lib/python3.11/site-packages/airflow/example_dags/example_skip_dag.py for tasks to queue
[2024-11-03T09:53:47.327+0000] {logging_mixin.py:188} INFO - [2024-11-03T09:53:47.327+0000] {dagbag.py:545} INFO - Filling up the DagBag from /home/airflow/.local/lib/python3.11/site-packages/airflow/example_dags/example_skip_dag.py
[2024-11-03T09:53:47.334+0000] {processor.py:840} INFO - DAG(s) 'example_skip_dag' retrieved from /home/airflow/.local/lib/python3.11/site-packages/airflow/example_dags/example_skip_dag.py
[2024-11-03T09:53:47.352+0000] {logging_mixin.py:188} INFO - [2024-11-03T09:53:47.352+0000] {dag.py:3096} INFO - Sync 1 DAGs
[2024-11-03T09:53:47.370+0000] {logging_mixin.py:188} INFO - [2024-11-03T09:53:47.370+0000] {dag.py:3954} INFO - Setting next_dagrun for example_skip_dag to 2024-11-02 00:00:00+00:00, run_after=2024-11-03 00:00:00+00:00
[2024-11-03T09:53:47.390+0000] {processor.py:183} INFO - Processing /home/airflow/.local/lib/python3.11/site-packages/airflow/example_dags/example_skip_dag.py took 0.069 seconds
[2024-11-03T09:54:17.650+0000] {processor.py:161} INFO - Started process (PID=7284) to work on /home/airflow/.local/lib/python3.11/site-packages/airflow/example_dags/example_skip_dag.py
[2024-11-03T09:54:17.650+0000] {processor.py:830} INFO - Processing file /home/airflow/.local/lib/python3.11/site-packages/airflow/example_dags/example_skip_dag.py for tasks to queue
[2024-11-03T09:54:17.651+0000] {logging_mixin.py:188} INFO - [2024-11-03T09:54:17.651+0000] {dagbag.py:545} INFO - Filling up the DagBag from /home/airflow/.local/lib/python3.11/site-packages/airflow/example_dags/example_skip_dag.py
[2024-11-03T09:54:17.657+0000] {processor.py:840} INFO - DAG(s) 'example_skip_dag' retrieved from /home/airflow/.local/lib/python3.11/site-packages/airflow/example_dags/example_skip_dag.py
[2024-11-03T09:54:17.675+0000] {logging_mixin.py:188} INFO - [2024-11-03T09:54:17.675+0000] {dag.py:3096} INFO - Sync 1 DAGs
[2024-11-03T09:54:17.693+0000] {logging_mixin.py:188} INFO - [2024-11-03T09:54:17.692+0000] {dag.py:3954} INFO - Setting next_dagrun for example_skip_dag to 2024-11-02 00:00:00+00:00, run_after=2024-11-03 00:00:00+00:00
[2024-11-03T09:54:17.709+0000] {processor.py:183} INFO - Processing /home/airflow/.local/lib/python3.11/site-packages/airflow/example_dags/example_skip_dag.py took 0.064 seconds
[2024-11-03T09:54:48.406+0000] {processor.py:161} INFO - Started process (PID=7550) to work on /home/airflow/.local/lib/python3.11/site-packages/airflow/example_dags/example_skip_dag.py
[2024-11-03T09:54:48.406+0000] {processor.py:830} INFO - Processing file /home/airflow/.local/lib/python3.11/site-packages/airflow/example_dags/example_skip_dag.py for tasks to queue
[2024-11-03T09:54:48.407+0000] {logging_mixin.py:188} INFO - [2024-11-03T09:54:48.407+0000] {dagbag.py:545} INFO - Filling up the DagBag from /home/airflow/.local/lib/python3.11/site-packages/airflow/example_dags/example_skip_dag.py
[2024-11-03T09:54:48.413+0000] {processor.py:840} INFO - DAG(s) 'example_skip_dag' retrieved from /home/airflow/.local/lib/python3.11/site-packages/airflow/example_dags/example_skip_dag.py
[2024-11-03T09:54:48.432+0000] {logging_mixin.py:188} INFO - [2024-11-03T09:54:48.432+0000] {dag.py:3096} INFO - Sync 1 DAGs
[2024-11-03T09:54:48.449+0000] {logging_mixin.py:188} INFO - [2024-11-03T09:54:48.449+0000] {dag.py:3954} INFO - Setting next_dagrun for example_skip_dag to 2024-11-02 00:00:00+00:00, run_after=2024-11-03 00:00:00+00:00
[2024-11-03T09:54:48.464+0000] {processor.py:183} INFO - Processing /home/airflow/.local/lib/python3.11/site-packages/airflow/example_dags/example_skip_dag.py took 0.063 seconds
[2024-11-03T09:55:18.807+0000] {processor.py:161} INFO - Started process (PID=7818) to work on /home/airflow/.local/lib/python3.11/site-packages/airflow/example_dags/example_skip_dag.py
[2024-11-03T09:55:18.808+0000] {processor.py:830} INFO - Processing file /home/airflow/.local/lib/python3.11/site-packages/airflow/example_dags/example_skip_dag.py for tasks to queue
[2024-11-03T09:55:18.809+0000] {logging_mixin.py:188} INFO - [2024-11-03T09:55:18.808+0000] {dagbag.py:545} INFO - Filling up the DagBag from /home/airflow/.local/lib/python3.11/site-packages/airflow/example_dags/example_skip_dag.py
[2024-11-03T09:55:18.815+0000] {processor.py:840} INFO - DAG(s) 'example_skip_dag' retrieved from /home/airflow/.local/lib/python3.11/site-packages/airflow/example_dags/example_skip_dag.py
[2024-11-03T09:55:18.833+0000] {logging_mixin.py:188} INFO - [2024-11-03T09:55:18.832+0000] {dag.py:3096} INFO - Sync 1 DAGs
[2024-11-03T09:55:18.849+0000] {logging_mixin.py:188} INFO - [2024-11-03T09:55:18.849+0000] {dag.py:3954} INFO - Setting next_dagrun for example_skip_dag to 2024-11-02 00:00:00+00:00, run_after=2024-11-03 00:00:00+00:00
[2024-11-03T09:55:18.866+0000] {processor.py:183} INFO - Processing /home/airflow/.local/lib/python3.11/site-packages/airflow/example_dags/example_skip_dag.py took 0.065 seconds
[2024-11-03T09:55:49.371+0000] {processor.py:161} INFO - Started process (PID=8084) to work on /home/airflow/.local/lib/python3.11/site-packages/airflow/example_dags/example_skip_dag.py
[2024-11-03T09:55:49.372+0000] {processor.py:830} INFO - Processing file /home/airflow/.local/lib/python3.11/site-packages/airflow/example_dags/example_skip_dag.py for tasks to queue
[2024-11-03T09:55:49.373+0000] {logging_mixin.py:188} INFO - [2024-11-03T09:55:49.372+0000] {dagbag.py:545} INFO - Filling up the DagBag from /home/airflow/.local/lib/python3.11/site-packages/airflow/example_dags/example_skip_dag.py
[2024-11-03T09:55:49.379+0000] {processor.py:840} INFO - DAG(s) 'example_skip_dag' retrieved from /home/airflow/.local/lib/python3.11/site-packages/airflow/example_dags/example_skip_dag.py
[2024-11-03T09:55:49.396+0000] {logging_mixin.py:188} INFO - [2024-11-03T09:55:49.396+0000] {dag.py:3096} INFO - Sync 1 DAGs
[2024-11-03T09:55:49.415+0000] {logging_mixin.py:188} INFO - [2024-11-03T09:55:49.415+0000] {dag.py:3954} INFO - Setting next_dagrun for example_skip_dag to 2024-11-02 00:00:00+00:00, run_after=2024-11-03 00:00:00+00:00
[2024-11-03T09:55:49.433+0000] {processor.py:183} INFO - Processing /home/airflow/.local/lib/python3.11/site-packages/airflow/example_dags/example_skip_dag.py took 0.066 seconds
[2024-11-03T16:27:43.021+0000] {processor.py:161} INFO - Started process (PID=222) to work on /home/airflow/.local/lib/python3.11/site-packages/airflow/example_dags/example_skip_dag.py
[2024-11-03T16:27:43.022+0000] {processor.py:830} INFO - Processing file /home/airflow/.local/lib/python3.11/site-packages/airflow/example_dags/example_skip_dag.py for tasks to queue
[2024-11-03T16:27:43.023+0000] {logging_mixin.py:188} INFO - [2024-11-03T16:27:43.023+0000] {dagbag.py:545} INFO - Filling up the DagBag from /home/airflow/.local/lib/python3.11/site-packages/airflow/example_dags/example_skip_dag.py
[2024-11-03T16:27:43.031+0000] {processor.py:840} INFO - DAG(s) 'example_skip_dag' retrieved from /home/airflow/.local/lib/python3.11/site-packages/airflow/example_dags/example_skip_dag.py
[2024-11-03T16:27:43.043+0000] {logging_mixin.py:188} INFO - [2024-11-03T16:27:43.043+0000] {dag.py:3096} INFO - Sync 1 DAGs
[2024-11-03T16:27:43.071+0000] {logging_mixin.py:188} INFO - [2024-11-03T16:27:43.071+0000] {dag.py:3954} INFO - Setting next_dagrun for example_skip_dag to 2024-11-02 00:00:00+00:00, run_after=2024-11-03 00:00:00+00:00
[2024-11-03T16:27:43.093+0000] {processor.py:183} INFO - Processing /home/airflow/.local/lib/python3.11/site-packages/airflow/example_dags/example_skip_dag.py took 0.078 seconds
[2024-11-03T16:28:13.641+0000] {processor.py:161} INFO - Started process (PID=487) to work on /home/airflow/.local/lib/python3.11/site-packages/airflow/example_dags/example_skip_dag.py
[2024-11-03T16:28:13.643+0000] {processor.py:830} INFO - Processing file /home/airflow/.local/lib/python3.11/site-packages/airflow/example_dags/example_skip_dag.py for tasks to queue
[2024-11-03T16:28:13.645+0000] {logging_mixin.py:188} INFO - [2024-11-03T16:28:13.644+0000] {dagbag.py:545} INFO - Filling up the DagBag from /home/airflow/.local/lib/python3.11/site-packages/airflow/example_dags/example_skip_dag.py
[2024-11-03T16:28:13.652+0000] {processor.py:840} INFO - DAG(s) 'example_skip_dag' retrieved from /home/airflow/.local/lib/python3.11/site-packages/airflow/example_dags/example_skip_dag.py
[2024-11-03T16:28:13.759+0000] {logging_mixin.py:188} INFO - [2024-11-03T16:28:13.758+0000] {dag.py:3096} INFO - Sync 1 DAGs
[2024-11-03T16:28:13.779+0000] {logging_mixin.py:188} INFO - [2024-11-03T16:28:13.778+0000] {dag.py:3954} INFO - Setting next_dagrun for example_skip_dag to 2024-11-02 00:00:00+00:00, run_after=2024-11-03 00:00:00+00:00
[2024-11-03T16:28:13.802+0000] {processor.py:183} INFO - Processing /home/airflow/.local/lib/python3.11/site-packages/airflow/example_dags/example_skip_dag.py took 0.168 seconds
