[2024-11-03T09:41:06.793+0000] {processor.py:161} INFO - Started process (PID=400) to work on /home/airflow/.local/lib/python3.11/site-packages/airflow/example_dags/tutorial.py
[2024-11-03T09:41:06.794+0000] {processor.py:830} INFO - Processing file /home/airflow/.local/lib/python3.11/site-packages/airflow/example_dags/tutorial.py for tasks to queue
[2024-11-03T09:41:06.796+0000] {logging_mixin.py:188} INFO - [2024-11-03T09:41:06.795+0000] {dagbag.py:545} INFO - Filling up the DagBag from /home/airflow/.local/lib/python3.11/site-packages/airflow/example_dags/tutorial.py
[2024-11-03T09:41:06.802+0000] {processor.py:840} INFO - DAG(s) 'tutorial' retrieved from /home/airflow/.local/lib/python3.11/site-packages/airflow/example_dags/tutorial.py
[2024-11-03T09:41:06.812+0000] {logging_mixin.py:188} INFO - [2024-11-03T09:41:06.812+0000] {dag.py:3096} INFO - Sync 1 DAGs
[2024-11-03T09:41:06.834+0000] {logging_mixin.py:188} INFO - [2024-11-03T09:41:06.834+0000] {dag.py:3954} INFO - Setting next_dagrun for tutorial to 2024-11-02 00:00:00+00:00, run_after=2024-11-03 00:00:00+00:00
[2024-11-03T09:41:06.851+0000] {processor.py:183} INFO - Processing /home/airflow/.local/lib/python3.11/site-packages/airflow/example_dags/tutorial.py took 0.063 seconds
[2024-11-03T09:41:38.711+0000] {processor.py:161} INFO - Started process (PID=666) to work on /home/airflow/.local/lib/python3.11/site-packages/airflow/example_dags/tutorial.py
[2024-11-03T09:41:38.712+0000] {processor.py:830} INFO - Processing file /home/airflow/.local/lib/python3.11/site-packages/airflow/example_dags/tutorial.py for tasks to queue
[2024-11-03T09:41:38.714+0000] {logging_mixin.py:188} INFO - [2024-11-03T09:41:38.714+0000] {dagbag.py:545} INFO - Filling up the DagBag from /home/airflow/.local/lib/python3.11/site-packages/airflow/example_dags/tutorial.py
[2024-11-03T09:41:38.719+0000] {processor.py:840} INFO - DAG(s) 'tutorial' retrieved from /home/airflow/.local/lib/python3.11/site-packages/airflow/example_dags/tutorial.py
[2024-11-03T09:41:38.796+0000] {logging_mixin.py:188} INFO - [2024-11-03T09:41:38.795+0000] {dag.py:3096} INFO - Sync 1 DAGs
[2024-11-03T09:41:38.811+0000] {logging_mixin.py:188} INFO - [2024-11-03T09:41:38.811+0000] {dag.py:3954} INFO - Setting next_dagrun for tutorial to 2024-11-02 00:00:00+00:00, run_after=2024-11-03 00:00:00+00:00
[2024-11-03T09:41:38.827+0000] {processor.py:183} INFO - Processing /home/airflow/.local/lib/python3.11/site-packages/airflow/example_dags/tutorial.py took 0.121 seconds
[2024-11-03T09:42:09.775+0000] {processor.py:161} INFO - Started process (PID=932) to work on /home/airflow/.local/lib/python3.11/site-packages/airflow/example_dags/tutorial.py
[2024-11-03T09:42:09.776+0000] {processor.py:830} INFO - Processing file /home/airflow/.local/lib/python3.11/site-packages/airflow/example_dags/tutorial.py for tasks to queue
[2024-11-03T09:42:09.778+0000] {logging_mixin.py:188} INFO - [2024-11-03T09:42:09.778+0000] {dagbag.py:545} INFO - Filling up the DagBag from /home/airflow/.local/lib/python3.11/site-packages/airflow/example_dags/tutorial.py
[2024-11-03T09:42:09.786+0000] {processor.py:840} INFO - DAG(s) 'tutorial' retrieved from /home/airflow/.local/lib/python3.11/site-packages/airflow/example_dags/tutorial.py
[2024-11-03T09:42:09.808+0000] {logging_mixin.py:188} INFO - [2024-11-03T09:42:09.807+0000] {dag.py:3096} INFO - Sync 1 DAGs
[2024-11-03T09:42:09.837+0000] {logging_mixin.py:188} INFO - [2024-11-03T09:42:09.836+0000] {dag.py:3954} INFO - Setting next_dagrun for tutorial to 2024-11-02 00:00:00+00:00, run_after=2024-11-03 00:00:00+00:00
[2024-11-03T09:42:09.864+0000] {processor.py:183} INFO - Processing /home/airflow/.local/lib/python3.11/site-packages/airflow/example_dags/tutorial.py took 0.095 seconds
[2024-11-03T09:42:40.080+0000] {processor.py:161} INFO - Started process (PID=1200) to work on /home/airflow/.local/lib/python3.11/site-packages/airflow/example_dags/tutorial.py
[2024-11-03T09:42:40.081+0000] {processor.py:830} INFO - Processing file /home/airflow/.local/lib/python3.11/site-packages/airflow/example_dags/tutorial.py for tasks to queue
[2024-11-03T09:42:40.083+0000] {logging_mixin.py:188} INFO - [2024-11-03T09:42:40.083+0000] {dagbag.py:545} INFO - Filling up the DagBag from /home/airflow/.local/lib/python3.11/site-packages/airflow/example_dags/tutorial.py
[2024-11-03T09:42:40.088+0000] {processor.py:840} INFO - DAG(s) 'tutorial' retrieved from /home/airflow/.local/lib/python3.11/site-packages/airflow/example_dags/tutorial.py
[2024-11-03T09:42:40.104+0000] {logging_mixin.py:188} INFO - [2024-11-03T09:42:40.104+0000] {dag.py:3096} INFO - Sync 1 DAGs
[2024-11-03T09:42:40.121+0000] {logging_mixin.py:188} INFO - [2024-11-03T09:42:40.121+0000] {dag.py:3954} INFO - Setting next_dagrun for tutorial to 2024-11-02 00:00:00+00:00, run_after=2024-11-03 00:00:00+00:00
[2024-11-03T09:42:40.138+0000] {processor.py:183} INFO - Processing /home/airflow/.local/lib/python3.11/site-packages/airflow/example_dags/tutorial.py took 0.062 seconds
[2024-11-03T09:43:10.344+0000] {processor.py:161} INFO - Started process (PID=1469) to work on /home/airflow/.local/lib/python3.11/site-packages/airflow/example_dags/tutorial.py
[2024-11-03T09:43:10.345+0000] {processor.py:830} INFO - Processing file /home/airflow/.local/lib/python3.11/site-packages/airflow/example_dags/tutorial.py for tasks to queue
[2024-11-03T09:43:10.347+0000] {logging_mixin.py:188} INFO - [2024-11-03T09:43:10.346+0000] {dagbag.py:545} INFO - Filling up the DagBag from /home/airflow/.local/lib/python3.11/site-packages/airflow/example_dags/tutorial.py
[2024-11-03T09:43:10.352+0000] {processor.py:840} INFO - DAG(s) 'tutorial' retrieved from /home/airflow/.local/lib/python3.11/site-packages/airflow/example_dags/tutorial.py
[2024-11-03T09:43:10.369+0000] {logging_mixin.py:188} INFO - [2024-11-03T09:43:10.369+0000] {dag.py:3096} INFO - Sync 1 DAGs
[2024-11-03T09:43:10.391+0000] {logging_mixin.py:188} INFO - [2024-11-03T09:43:10.391+0000] {dag.py:3954} INFO - Setting next_dagrun for tutorial to 2024-11-02 00:00:00+00:00, run_after=2024-11-03 00:00:00+00:00
[2024-11-03T09:43:10.409+0000] {processor.py:183} INFO - Processing /home/airflow/.local/lib/python3.11/site-packages/airflow/example_dags/tutorial.py took 0.070 seconds
[2024-11-03T09:43:41.131+0000] {processor.py:161} INFO - Started process (PID=1745) to work on /home/airflow/.local/lib/python3.11/site-packages/airflow/example_dags/tutorial.py
[2024-11-03T09:43:41.132+0000] {processor.py:830} INFO - Processing file /home/airflow/.local/lib/python3.11/site-packages/airflow/example_dags/tutorial.py for tasks to queue
[2024-11-03T09:43:41.134+0000] {logging_mixin.py:188} INFO - [2024-11-03T09:43:41.134+0000] {dagbag.py:545} INFO - Filling up the DagBag from /home/airflow/.local/lib/python3.11/site-packages/airflow/example_dags/tutorial.py
[2024-11-03T09:43:41.139+0000] {processor.py:840} INFO - DAG(s) 'tutorial' retrieved from /home/airflow/.local/lib/python3.11/site-packages/airflow/example_dags/tutorial.py
[2024-11-03T09:43:41.160+0000] {logging_mixin.py:188} INFO - [2024-11-03T09:43:41.160+0000] {dag.py:3096} INFO - Sync 1 DAGs
[2024-11-03T09:43:41.178+0000] {logging_mixin.py:188} INFO - [2024-11-03T09:43:41.178+0000] {dag.py:3954} INFO - Setting next_dagrun for tutorial to 2024-11-02 00:00:00+00:00, run_after=2024-11-03 00:00:00+00:00
[2024-11-03T09:43:41.195+0000] {processor.py:183} INFO - Processing /home/airflow/.local/lib/python3.11/site-packages/airflow/example_dags/tutorial.py took 0.069 seconds
[2024-11-03T09:44:11.866+0000] {processor.py:161} INFO - Started process (PID=2011) to work on /home/airflow/.local/lib/python3.11/site-packages/airflow/example_dags/tutorial.py
[2024-11-03T09:44:11.868+0000] {processor.py:830} INFO - Processing file /home/airflow/.local/lib/python3.11/site-packages/airflow/example_dags/tutorial.py for tasks to queue
[2024-11-03T09:44:11.871+0000] {logging_mixin.py:188} INFO - [2024-11-03T09:44:11.871+0000] {dagbag.py:545} INFO - Filling up the DagBag from /home/airflow/.local/lib/python3.11/site-packages/airflow/example_dags/tutorial.py
[2024-11-03T09:44:11.879+0000] {processor.py:840} INFO - DAG(s) 'tutorial' retrieved from /home/airflow/.local/lib/python3.11/site-packages/airflow/example_dags/tutorial.py
[2024-11-03T09:44:11.915+0000] {logging_mixin.py:188} INFO - [2024-11-03T09:44:11.915+0000] {dag.py:3096} INFO - Sync 1 DAGs
[2024-11-03T09:44:11.966+0000] {logging_mixin.py:188} INFO - [2024-11-03T09:44:11.966+0000] {dag.py:3954} INFO - Setting next_dagrun for tutorial to 2024-11-02 00:00:00+00:00, run_after=2024-11-03 00:00:00+00:00
[2024-11-03T09:44:12.003+0000] {processor.py:183} INFO - Processing /home/airflow/.local/lib/python3.11/site-packages/airflow/example_dags/tutorial.py took 0.143 seconds
[2024-11-03T09:44:42.254+0000] {processor.py:161} INFO - Started process (PID=2307) to work on /home/airflow/.local/lib/python3.11/site-packages/airflow/example_dags/tutorial.py
[2024-11-03T09:44:42.254+0000] {processor.py:830} INFO - Processing file /home/airflow/.local/lib/python3.11/site-packages/airflow/example_dags/tutorial.py for tasks to queue
[2024-11-03T09:44:42.256+0000] {logging_mixin.py:188} INFO - [2024-11-03T09:44:42.256+0000] {dagbag.py:545} INFO - Filling up the DagBag from /home/airflow/.local/lib/python3.11/site-packages/airflow/example_dags/tutorial.py
[2024-11-03T09:44:42.261+0000] {processor.py:840} INFO - DAG(s) 'tutorial' retrieved from /home/airflow/.local/lib/python3.11/site-packages/airflow/example_dags/tutorial.py
[2024-11-03T09:44:42.280+0000] {logging_mixin.py:188} INFO - [2024-11-03T09:44:42.279+0000] {dag.py:3096} INFO - Sync 1 DAGs
[2024-11-03T09:44:42.299+0000] {logging_mixin.py:188} INFO - [2024-11-03T09:44:42.299+0000] {dag.py:3954} INFO - Setting next_dagrun for tutorial to 2024-11-02 00:00:00+00:00, run_after=2024-11-03 00:00:00+00:00
[2024-11-03T09:44:42.324+0000] {processor.py:183} INFO - Processing /home/airflow/.local/lib/python3.11/site-packages/airflow/example_dags/tutorial.py took 0.075 seconds
[2024-11-03T09:45:13.623+0000] {processor.py:161} INFO - Started process (PID=2590) to work on /home/airflow/.local/lib/python3.11/site-packages/airflow/example_dags/tutorial.py
[2024-11-03T09:45:13.624+0000] {processor.py:830} INFO - Processing file /home/airflow/.local/lib/python3.11/site-packages/airflow/example_dags/tutorial.py for tasks to queue
[2024-11-03T09:45:13.626+0000] {logging_mixin.py:188} INFO - [2024-11-03T09:45:13.626+0000] {dagbag.py:545} INFO - Filling up the DagBag from /home/airflow/.local/lib/python3.11/site-packages/airflow/example_dags/tutorial.py
[2024-11-03T09:45:13.631+0000] {processor.py:840} INFO - DAG(s) 'tutorial' retrieved from /home/airflow/.local/lib/python3.11/site-packages/airflow/example_dags/tutorial.py
[2024-11-03T09:45:13.650+0000] {logging_mixin.py:188} INFO - [2024-11-03T09:45:13.650+0000] {dag.py:3096} INFO - Sync 1 DAGs
[2024-11-03T09:45:13.669+0000] {logging_mixin.py:188} INFO - [2024-11-03T09:45:13.668+0000] {dag.py:3954} INFO - Setting next_dagrun for tutorial to 2024-11-02 00:00:00+00:00, run_after=2024-11-03 00:00:00+00:00
[2024-11-03T09:45:13.684+0000] {processor.py:183} INFO - Processing /home/airflow/.local/lib/python3.11/site-packages/airflow/example_dags/tutorial.py took 0.066 seconds
[2024-11-03T09:45:44.531+0000] {processor.py:161} INFO - Started process (PID=2854) to work on /home/airflow/.local/lib/python3.11/site-packages/airflow/example_dags/tutorial.py
[2024-11-03T09:45:44.531+0000] {processor.py:830} INFO - Processing file /home/airflow/.local/lib/python3.11/site-packages/airflow/example_dags/tutorial.py for tasks to queue
[2024-11-03T09:45:44.533+0000] {logging_mixin.py:188} INFO - [2024-11-03T09:45:44.533+0000] {dagbag.py:545} INFO - Filling up the DagBag from /home/airflow/.local/lib/python3.11/site-packages/airflow/example_dags/tutorial.py
[2024-11-03T09:45:44.538+0000] {processor.py:840} INFO - DAG(s) 'tutorial' retrieved from /home/airflow/.local/lib/python3.11/site-packages/airflow/example_dags/tutorial.py
[2024-11-03T09:45:44.556+0000] {logging_mixin.py:188} INFO - [2024-11-03T09:45:44.556+0000] {dag.py:3096} INFO - Sync 1 DAGs
[2024-11-03T09:45:44.576+0000] {logging_mixin.py:188} INFO - [2024-11-03T09:45:44.575+0000] {dag.py:3954} INFO - Setting next_dagrun for tutorial to 2024-11-02 00:00:00+00:00, run_after=2024-11-03 00:00:00+00:00
[2024-11-03T09:45:44.594+0000] {processor.py:183} INFO - Processing /home/airflow/.local/lib/python3.11/site-packages/airflow/example_dags/tutorial.py took 0.068 seconds
[2024-11-03T09:46:15.507+0000] {processor.py:161} INFO - Started process (PID=3135) to work on /home/airflow/.local/lib/python3.11/site-packages/airflow/example_dags/tutorial.py
[2024-11-03T09:46:15.508+0000] {processor.py:830} INFO - Processing file /home/airflow/.local/lib/python3.11/site-packages/airflow/example_dags/tutorial.py for tasks to queue
[2024-11-03T09:46:15.510+0000] {logging_mixin.py:188} INFO - [2024-11-03T09:46:15.509+0000] {dagbag.py:545} INFO - Filling up the DagBag from /home/airflow/.local/lib/python3.11/site-packages/airflow/example_dags/tutorial.py
[2024-11-03T09:46:15.518+0000] {processor.py:840} INFO - DAG(s) 'tutorial' retrieved from /home/airflow/.local/lib/python3.11/site-packages/airflow/example_dags/tutorial.py
[2024-11-03T09:46:15.543+0000] {logging_mixin.py:188} INFO - [2024-11-03T09:46:15.543+0000] {dag.py:3096} INFO - Sync 1 DAGs
[2024-11-03T09:46:15.568+0000] {logging_mixin.py:188} INFO - [2024-11-03T09:46:15.568+0000] {dag.py:3954} INFO - Setting next_dagrun for tutorial to 2024-11-02 00:00:00+00:00, run_after=2024-11-03 00:00:00+00:00
[2024-11-03T09:46:15.590+0000] {processor.py:183} INFO - Processing /home/airflow/.local/lib/python3.11/site-packages/airflow/example_dags/tutorial.py took 0.089 seconds
[2024-11-03T09:46:45.721+0000] {processor.py:161} INFO - Started process (PID=3426) to work on /home/airflow/.local/lib/python3.11/site-packages/airflow/example_dags/tutorial.py
[2024-11-03T09:46:45.722+0000] {processor.py:830} INFO - Processing file /home/airflow/.local/lib/python3.11/site-packages/airflow/example_dags/tutorial.py for tasks to queue
[2024-11-03T09:46:45.723+0000] {logging_mixin.py:188} INFO - [2024-11-03T09:46:45.723+0000] {dagbag.py:545} INFO - Filling up the DagBag from /home/airflow/.local/lib/python3.11/site-packages/airflow/example_dags/tutorial.py
[2024-11-03T09:46:45.729+0000] {processor.py:840} INFO - DAG(s) 'tutorial' retrieved from /home/airflow/.local/lib/python3.11/site-packages/airflow/example_dags/tutorial.py
[2024-11-03T09:46:45.745+0000] {logging_mixin.py:188} INFO - [2024-11-03T09:46:45.745+0000] {dag.py:3096} INFO - Sync 1 DAGs
[2024-11-03T09:46:45.763+0000] {logging_mixin.py:188} INFO - [2024-11-03T09:46:45.763+0000] {dag.py:3954} INFO - Setting next_dagrun for tutorial to 2024-11-02 00:00:00+00:00, run_after=2024-11-03 00:00:00+00:00
[2024-11-03T09:46:45.778+0000] {processor.py:183} INFO - Processing /home/airflow/.local/lib/python3.11/site-packages/airflow/example_dags/tutorial.py took 0.062 seconds
[2024-11-03T09:47:15.924+0000] {processor.py:161} INFO - Started process (PID=3692) to work on /home/airflow/.local/lib/python3.11/site-packages/airflow/example_dags/tutorial.py
[2024-11-03T09:47:15.925+0000] {processor.py:830} INFO - Processing file /home/airflow/.local/lib/python3.11/site-packages/airflow/example_dags/tutorial.py for tasks to queue
[2024-11-03T09:47:15.926+0000] {logging_mixin.py:188} INFO - [2024-11-03T09:47:15.926+0000] {dagbag.py:545} INFO - Filling up the DagBag from /home/airflow/.local/lib/python3.11/site-packages/airflow/example_dags/tutorial.py
[2024-11-03T09:47:15.933+0000] {processor.py:840} INFO - DAG(s) 'tutorial' retrieved from /home/airflow/.local/lib/python3.11/site-packages/airflow/example_dags/tutorial.py
[2024-11-03T09:47:15.958+0000] {logging_mixin.py:188} INFO - [2024-11-03T09:47:15.957+0000] {dag.py:3096} INFO - Sync 1 DAGs
[2024-11-03T09:47:15.980+0000] {logging_mixin.py:188} INFO - [2024-11-03T09:47:15.979+0000] {dag.py:3954} INFO - Setting next_dagrun for tutorial to 2024-11-02 00:00:00+00:00, run_after=2024-11-03 00:00:00+00:00
[2024-11-03T09:47:16.001+0000] {processor.py:183} INFO - Processing /home/airflow/.local/lib/python3.11/site-packages/airflow/example_dags/tutorial.py took 0.085 seconds
[2024-11-03T09:47:46.751+0000] {processor.py:161} INFO - Started process (PID=3958) to work on /home/airflow/.local/lib/python3.11/site-packages/airflow/example_dags/tutorial.py
[2024-11-03T09:47:46.752+0000] {processor.py:830} INFO - Processing file /home/airflow/.local/lib/python3.11/site-packages/airflow/example_dags/tutorial.py for tasks to queue
[2024-11-03T09:47:46.753+0000] {logging_mixin.py:188} INFO - [2024-11-03T09:47:46.753+0000] {dagbag.py:545} INFO - Filling up the DagBag from /home/airflow/.local/lib/python3.11/site-packages/airflow/example_dags/tutorial.py
[2024-11-03T09:47:46.758+0000] {processor.py:840} INFO - DAG(s) 'tutorial' retrieved from /home/airflow/.local/lib/python3.11/site-packages/airflow/example_dags/tutorial.py
[2024-11-03T09:47:46.775+0000] {logging_mixin.py:188} INFO - [2024-11-03T09:47:46.775+0000] {dag.py:3096} INFO - Sync 1 DAGs
[2024-11-03T09:47:46.792+0000] {logging_mixin.py:188} INFO - [2024-11-03T09:47:46.792+0000] {dag.py:3954} INFO - Setting next_dagrun for tutorial to 2024-11-02 00:00:00+00:00, run_after=2024-11-03 00:00:00+00:00
[2024-11-03T09:47:46.808+0000] {processor.py:183} INFO - Processing /home/airflow/.local/lib/python3.11/site-packages/airflow/example_dags/tutorial.py took 0.062 seconds
[2024-11-03T09:48:17.017+0000] {processor.py:161} INFO - Started process (PID=4229) to work on /home/airflow/.local/lib/python3.11/site-packages/airflow/example_dags/tutorial.py
[2024-11-03T09:48:17.018+0000] {processor.py:830} INFO - Processing file /home/airflow/.local/lib/python3.11/site-packages/airflow/example_dags/tutorial.py for tasks to queue
[2024-11-03T09:48:17.018+0000] {logging_mixin.py:188} INFO - [2024-11-03T09:48:17.018+0000] {dagbag.py:545} INFO - Filling up the DagBag from /home/airflow/.local/lib/python3.11/site-packages/airflow/example_dags/tutorial.py
[2024-11-03T09:48:17.024+0000] {processor.py:840} INFO - DAG(s) 'tutorial' retrieved from /home/airflow/.local/lib/python3.11/site-packages/airflow/example_dags/tutorial.py
[2024-11-03T09:48:17.041+0000] {logging_mixin.py:188} INFO - [2024-11-03T09:48:17.041+0000] {dag.py:3096} INFO - Sync 1 DAGs
[2024-11-03T09:48:17.058+0000] {logging_mixin.py:188} INFO - [2024-11-03T09:48:17.058+0000] {dag.py:3954} INFO - Setting next_dagrun for tutorial to 2024-11-02 00:00:00+00:00, run_after=2024-11-03 00:00:00+00:00
[2024-11-03T09:48:17.074+0000] {processor.py:183} INFO - Processing /home/airflow/.local/lib/python3.11/site-packages/airflow/example_dags/tutorial.py took 0.062 seconds
[2024-11-03T09:48:48.023+0000] {processor.py:161} INFO - Started process (PID=4506) to work on /home/airflow/.local/lib/python3.11/site-packages/airflow/example_dags/tutorial.py
[2024-11-03T09:48:48.024+0000] {processor.py:830} INFO - Processing file /home/airflow/.local/lib/python3.11/site-packages/airflow/example_dags/tutorial.py for tasks to queue
[2024-11-03T09:48:48.025+0000] {logging_mixin.py:188} INFO - [2024-11-03T09:48:48.025+0000] {dagbag.py:545} INFO - Filling up the DagBag from /home/airflow/.local/lib/python3.11/site-packages/airflow/example_dags/tutorial.py
[2024-11-03T09:48:48.032+0000] {processor.py:840} INFO - DAG(s) 'tutorial' retrieved from /home/airflow/.local/lib/python3.11/site-packages/airflow/example_dags/tutorial.py
[2024-11-03T09:48:48.050+0000] {logging_mixin.py:188} INFO - [2024-11-03T09:48:48.049+0000] {dag.py:3096} INFO - Sync 1 DAGs
[2024-11-03T09:48:48.072+0000] {logging_mixin.py:188} INFO - [2024-11-03T09:48:48.071+0000] {dag.py:3954} INFO - Setting next_dagrun for tutorial to 2024-11-02 00:00:00+00:00, run_after=2024-11-03 00:00:00+00:00
[2024-11-03T09:48:48.089+0000] {processor.py:183} INFO - Processing /home/airflow/.local/lib/python3.11/site-packages/airflow/example_dags/tutorial.py took 0.071 seconds
[2024-11-03T09:49:19.106+0000] {processor.py:161} INFO - Started process (PID=4786) to work on /home/airflow/.local/lib/python3.11/site-packages/airflow/example_dags/tutorial.py
[2024-11-03T09:49:19.107+0000] {processor.py:830} INFO - Processing file /home/airflow/.local/lib/python3.11/site-packages/airflow/example_dags/tutorial.py for tasks to queue
[2024-11-03T09:49:19.108+0000] {logging_mixin.py:188} INFO - [2024-11-03T09:49:19.108+0000] {dagbag.py:545} INFO - Filling up the DagBag from /home/airflow/.local/lib/python3.11/site-packages/airflow/example_dags/tutorial.py
[2024-11-03T09:49:19.115+0000] {processor.py:840} INFO - DAG(s) 'tutorial' retrieved from /home/airflow/.local/lib/python3.11/site-packages/airflow/example_dags/tutorial.py
[2024-11-03T09:49:19.136+0000] {logging_mixin.py:188} INFO - [2024-11-03T09:49:19.135+0000] {dag.py:3096} INFO - Sync 1 DAGs
[2024-11-03T09:49:19.158+0000] {logging_mixin.py:188} INFO - [2024-11-03T09:49:19.157+0000] {dag.py:3954} INFO - Setting next_dagrun for tutorial to 2024-11-02 00:00:00+00:00, run_after=2024-11-03 00:00:00+00:00
[2024-11-03T09:49:19.178+0000] {processor.py:183} INFO - Processing /home/airflow/.local/lib/python3.11/site-packages/airflow/example_dags/tutorial.py took 0.078 seconds
[2024-11-03T09:49:49.264+0000] {processor.py:161} INFO - Started process (PID=5050) to work on /home/airflow/.local/lib/python3.11/site-packages/airflow/example_dags/tutorial.py
[2024-11-03T09:49:49.266+0000] {processor.py:830} INFO - Processing file /home/airflow/.local/lib/python3.11/site-packages/airflow/example_dags/tutorial.py for tasks to queue
[2024-11-03T09:49:49.267+0000] {logging_mixin.py:188} INFO - [2024-11-03T09:49:49.267+0000] {dagbag.py:545} INFO - Filling up the DagBag from /home/airflow/.local/lib/python3.11/site-packages/airflow/example_dags/tutorial.py
[2024-11-03T09:49:49.275+0000] {processor.py:840} INFO - DAG(s) 'tutorial' retrieved from /home/airflow/.local/lib/python3.11/site-packages/airflow/example_dags/tutorial.py
[2024-11-03T09:49:49.298+0000] {logging_mixin.py:188} INFO - [2024-11-03T09:49:49.297+0000] {dag.py:3096} INFO - Sync 1 DAGs
[2024-11-03T09:49:49.317+0000] {logging_mixin.py:188} INFO - [2024-11-03T09:49:49.317+0000] {dag.py:3954} INFO - Setting next_dagrun for tutorial to 2024-11-02 00:00:00+00:00, run_after=2024-11-03 00:00:00+00:00
[2024-11-03T09:49:49.336+0000] {processor.py:183} INFO - Processing /home/airflow/.local/lib/python3.11/site-packages/airflow/example_dags/tutorial.py took 0.078 seconds
[2024-11-03T09:50:19.415+0000] {processor.py:161} INFO - Started process (PID=5313) to work on /home/airflow/.local/lib/python3.11/site-packages/airflow/example_dags/tutorial.py
[2024-11-03T09:50:19.416+0000] {processor.py:830} INFO - Processing file /home/airflow/.local/lib/python3.11/site-packages/airflow/example_dags/tutorial.py for tasks to queue
[2024-11-03T09:50:19.418+0000] {logging_mixin.py:188} INFO - [2024-11-03T09:50:19.417+0000] {dagbag.py:545} INFO - Filling up the DagBag from /home/airflow/.local/lib/python3.11/site-packages/airflow/example_dags/tutorial.py
[2024-11-03T09:50:19.424+0000] {processor.py:840} INFO - DAG(s) 'tutorial' retrieved from /home/airflow/.local/lib/python3.11/site-packages/airflow/example_dags/tutorial.py
[2024-11-03T09:50:19.443+0000] {logging_mixin.py:188} INFO - [2024-11-03T09:50:19.443+0000] {dag.py:3096} INFO - Sync 1 DAGs
[2024-11-03T09:50:19.459+0000] {logging_mixin.py:188} INFO - [2024-11-03T09:50:19.459+0000] {dag.py:3954} INFO - Setting next_dagrun for tutorial to 2024-11-02 00:00:00+00:00, run_after=2024-11-03 00:00:00+00:00
[2024-11-03T09:50:19.474+0000] {processor.py:183} INFO - Processing /home/airflow/.local/lib/python3.11/site-packages/airflow/example_dags/tutorial.py took 0.065 seconds
[2024-11-03T09:50:50.409+0000] {processor.py:161} INFO - Started process (PID=5582) to work on /home/airflow/.local/lib/python3.11/site-packages/airflow/example_dags/tutorial.py
[2024-11-03T09:50:50.410+0000] {processor.py:830} INFO - Processing file /home/airflow/.local/lib/python3.11/site-packages/airflow/example_dags/tutorial.py for tasks to queue
[2024-11-03T09:50:50.411+0000] {logging_mixin.py:188} INFO - [2024-11-03T09:50:50.411+0000] {dagbag.py:545} INFO - Filling up the DagBag from /home/airflow/.local/lib/python3.11/site-packages/airflow/example_dags/tutorial.py
[2024-11-03T09:50:50.416+0000] {processor.py:840} INFO - DAG(s) 'tutorial' retrieved from /home/airflow/.local/lib/python3.11/site-packages/airflow/example_dags/tutorial.py
[2024-11-03T09:50:50.433+0000] {logging_mixin.py:188} INFO - [2024-11-03T09:50:50.433+0000] {dag.py:3096} INFO - Sync 1 DAGs
[2024-11-03T09:50:50.451+0000] {logging_mixin.py:188} INFO - [2024-11-03T09:50:50.450+0000] {dag.py:3954} INFO - Setting next_dagrun for tutorial to 2024-11-02 00:00:00+00:00, run_after=2024-11-03 00:00:00+00:00
[2024-11-03T09:50:50.469+0000] {processor.py:183} INFO - Processing /home/airflow/.local/lib/python3.11/site-packages/airflow/example_dags/tutorial.py took 0.065 seconds
[2024-11-03T09:51:21.188+0000] {processor.py:161} INFO - Started process (PID=5850) to work on /home/airflow/.local/lib/python3.11/site-packages/airflow/example_dags/tutorial.py
[2024-11-03T09:51:21.189+0000] {processor.py:830} INFO - Processing file /home/airflow/.local/lib/python3.11/site-packages/airflow/example_dags/tutorial.py for tasks to queue
[2024-11-03T09:51:21.190+0000] {logging_mixin.py:188} INFO - [2024-11-03T09:51:21.190+0000] {dagbag.py:545} INFO - Filling up the DagBag from /home/airflow/.local/lib/python3.11/site-packages/airflow/example_dags/tutorial.py
[2024-11-03T09:51:21.197+0000] {processor.py:840} INFO - DAG(s) 'tutorial' retrieved from /home/airflow/.local/lib/python3.11/site-packages/airflow/example_dags/tutorial.py
[2024-11-03T09:51:21.217+0000] {logging_mixin.py:188} INFO - [2024-11-03T09:51:21.217+0000] {dag.py:3096} INFO - Sync 1 DAGs
[2024-11-03T09:51:21.235+0000] {logging_mixin.py:188} INFO - [2024-11-03T09:51:21.235+0000] {dag.py:3954} INFO - Setting next_dagrun for tutorial to 2024-11-02 00:00:00+00:00, run_after=2024-11-03 00:00:00+00:00
[2024-11-03T09:51:21.258+0000] {processor.py:183} INFO - Processing /home/airflow/.local/lib/python3.11/site-packages/airflow/example_dags/tutorial.py took 0.076 seconds
[2024-11-03T09:51:51.950+0000] {processor.py:161} INFO - Started process (PID=6116) to work on /home/airflow/.local/lib/python3.11/site-packages/airflow/example_dags/tutorial.py
[2024-11-03T09:51:51.951+0000] {processor.py:830} INFO - Processing file /home/airflow/.local/lib/python3.11/site-packages/airflow/example_dags/tutorial.py for tasks to queue
[2024-11-03T09:51:51.952+0000] {logging_mixin.py:188} INFO - [2024-11-03T09:51:51.952+0000] {dagbag.py:545} INFO - Filling up the DagBag from /home/airflow/.local/lib/python3.11/site-packages/airflow/example_dags/tutorial.py
[2024-11-03T09:51:51.963+0000] {processor.py:840} INFO - DAG(s) 'tutorial' retrieved from /home/airflow/.local/lib/python3.11/site-packages/airflow/example_dags/tutorial.py
[2024-11-03T09:51:51.982+0000] {logging_mixin.py:188} INFO - [2024-11-03T09:51:51.982+0000] {dag.py:3096} INFO - Sync 1 DAGs
[2024-11-03T09:51:52.000+0000] {logging_mixin.py:188} INFO - [2024-11-03T09:51:52.000+0000] {dag.py:3954} INFO - Setting next_dagrun for tutorial to 2024-11-02 00:00:00+00:00, run_after=2024-11-03 00:00:00+00:00
[2024-11-03T09:51:52.014+0000] {processor.py:183} INFO - Processing /home/airflow/.local/lib/python3.11/site-packages/airflow/example_dags/tutorial.py took 0.069 seconds
[2024-11-03T09:52:22.981+0000] {processor.py:161} INFO - Started process (PID=6380) to work on /home/airflow/.local/lib/python3.11/site-packages/airflow/example_dags/tutorial.py
[2024-11-03T09:52:22.982+0000] {processor.py:830} INFO - Processing file /home/airflow/.local/lib/python3.11/site-packages/airflow/example_dags/tutorial.py for tasks to queue
[2024-11-03T09:52:22.983+0000] {logging_mixin.py:188} INFO - [2024-11-03T09:52:22.983+0000] {dagbag.py:545} INFO - Filling up the DagBag from /home/airflow/.local/lib/python3.11/site-packages/airflow/example_dags/tutorial.py
[2024-11-03T09:52:22.991+0000] {processor.py:840} INFO - DAG(s) 'tutorial' retrieved from /home/airflow/.local/lib/python3.11/site-packages/airflow/example_dags/tutorial.py
[2024-11-03T09:52:23.021+0000] {logging_mixin.py:188} INFO - [2024-11-03T09:52:23.021+0000] {dag.py:3096} INFO - Sync 1 DAGs
[2024-11-03T09:52:23.041+0000] {logging_mixin.py:188} INFO - [2024-11-03T09:52:23.041+0000] {dag.py:3954} INFO - Setting next_dagrun for tutorial to 2024-11-02 00:00:00+00:00, run_after=2024-11-03 00:00:00+00:00
[2024-11-03T09:52:23.061+0000] {processor.py:183} INFO - Processing /home/airflow/.local/lib/python3.11/site-packages/airflow/example_dags/tutorial.py took 0.086 seconds
[2024-11-03T09:52:53.134+0000] {processor.py:161} INFO - Started process (PID=6646) to work on /home/airflow/.local/lib/python3.11/site-packages/airflow/example_dags/tutorial.py
[2024-11-03T09:52:53.135+0000] {processor.py:830} INFO - Processing file /home/airflow/.local/lib/python3.11/site-packages/airflow/example_dags/tutorial.py for tasks to queue
[2024-11-03T09:52:53.136+0000] {logging_mixin.py:188} INFO - [2024-11-03T09:52:53.136+0000] {dagbag.py:545} INFO - Filling up the DagBag from /home/airflow/.local/lib/python3.11/site-packages/airflow/example_dags/tutorial.py
[2024-11-03T09:52:53.143+0000] {processor.py:840} INFO - DAG(s) 'tutorial' retrieved from /home/airflow/.local/lib/python3.11/site-packages/airflow/example_dags/tutorial.py
[2024-11-03T09:52:53.163+0000] {logging_mixin.py:188} INFO - [2024-11-03T09:52:53.162+0000] {dag.py:3096} INFO - Sync 1 DAGs
[2024-11-03T09:52:53.183+0000] {logging_mixin.py:188} INFO - [2024-11-03T09:52:53.183+0000] {dag.py:3954} INFO - Setting next_dagrun for tutorial to 2024-11-02 00:00:00+00:00, run_after=2024-11-03 00:00:00+00:00
[2024-11-03T09:52:53.201+0000] {processor.py:183} INFO - Processing /home/airflow/.local/lib/python3.11/site-packages/airflow/example_dags/tutorial.py took 0.072 seconds
[2024-11-03T09:53:23.265+0000] {processor.py:161} INFO - Started process (PID=6909) to work on /home/airflow/.local/lib/python3.11/site-packages/airflow/example_dags/tutorial.py
[2024-11-03T09:53:23.266+0000] {processor.py:830} INFO - Processing file /home/airflow/.local/lib/python3.11/site-packages/airflow/example_dags/tutorial.py for tasks to queue
[2024-11-03T09:53:23.267+0000] {logging_mixin.py:188} INFO - [2024-11-03T09:53:23.266+0000] {dagbag.py:545} INFO - Filling up the DagBag from /home/airflow/.local/lib/python3.11/site-packages/airflow/example_dags/tutorial.py
[2024-11-03T09:53:23.272+0000] {processor.py:840} INFO - DAG(s) 'tutorial' retrieved from /home/airflow/.local/lib/python3.11/site-packages/airflow/example_dags/tutorial.py
[2024-11-03T09:53:23.290+0000] {logging_mixin.py:188} INFO - [2024-11-03T09:53:23.289+0000] {dag.py:3096} INFO - Sync 1 DAGs
[2024-11-03T09:53:23.306+0000] {logging_mixin.py:188} INFO - [2024-11-03T09:53:23.306+0000] {dag.py:3954} INFO - Setting next_dagrun for tutorial to 2024-11-02 00:00:00+00:00, run_after=2024-11-03 00:00:00+00:00
[2024-11-03T09:53:23.323+0000] {processor.py:183} INFO - Processing /home/airflow/.local/lib/python3.11/site-packages/airflow/example_dags/tutorial.py took 0.063 seconds
[2024-11-03T09:53:53.424+0000] {processor.py:161} INFO - Started process (PID=7195) to work on /home/airflow/.local/lib/python3.11/site-packages/airflow/example_dags/tutorial.py
[2024-11-03T09:53:53.425+0000] {processor.py:830} INFO - Processing file /home/airflow/.local/lib/python3.11/site-packages/airflow/example_dags/tutorial.py for tasks to queue
[2024-11-03T09:53:53.427+0000] {logging_mixin.py:188} INFO - [2024-11-03T09:53:53.426+0000] {dagbag.py:545} INFO - Filling up the DagBag from /home/airflow/.local/lib/python3.11/site-packages/airflow/example_dags/tutorial.py
[2024-11-03T09:53:53.432+0000] {processor.py:840} INFO - DAG(s) 'tutorial' retrieved from /home/airflow/.local/lib/python3.11/site-packages/airflow/example_dags/tutorial.py
[2024-11-03T09:53:53.455+0000] {logging_mixin.py:188} INFO - [2024-11-03T09:53:53.455+0000] {dag.py:3096} INFO - Sync 1 DAGs
[2024-11-03T09:53:53.474+0000] {logging_mixin.py:188} INFO - [2024-11-03T09:53:53.473+0000] {dag.py:3954} INFO - Setting next_dagrun for tutorial to 2024-11-02 00:00:00+00:00, run_after=2024-11-03 00:00:00+00:00
[2024-11-03T09:53:53.488+0000] {processor.py:183} INFO - Processing /home/airflow/.local/lib/python3.11/site-packages/airflow/example_dags/tutorial.py took 0.070 seconds
[2024-11-03T09:54:23.575+0000] {processor.py:161} INFO - Started process (PID=7461) to work on /home/airflow/.local/lib/python3.11/site-packages/airflow/example_dags/tutorial.py
[2024-11-03T09:54:23.576+0000] {processor.py:830} INFO - Processing file /home/airflow/.local/lib/python3.11/site-packages/airflow/example_dags/tutorial.py for tasks to queue
[2024-11-03T09:54:23.576+0000] {logging_mixin.py:188} INFO - [2024-11-03T09:54:23.576+0000] {dagbag.py:545} INFO - Filling up the DagBag from /home/airflow/.local/lib/python3.11/site-packages/airflow/example_dags/tutorial.py
[2024-11-03T09:54:23.582+0000] {processor.py:840} INFO - DAG(s) 'tutorial' retrieved from /home/airflow/.local/lib/python3.11/site-packages/airflow/example_dags/tutorial.py
[2024-11-03T09:54:23.602+0000] {logging_mixin.py:188} INFO - [2024-11-03T09:54:23.602+0000] {dag.py:3096} INFO - Sync 1 DAGs
[2024-11-03T09:54:23.623+0000] {logging_mixin.py:188} INFO - [2024-11-03T09:54:23.623+0000] {dag.py:3954} INFO - Setting next_dagrun for tutorial to 2024-11-02 00:00:00+00:00, run_after=2024-11-03 00:00:00+00:00
[2024-11-03T09:54:23.641+0000] {processor.py:183} INFO - Processing /home/airflow/.local/lib/python3.11/site-packages/airflow/example_dags/tutorial.py took 0.071 seconds
[2024-11-03T09:54:54.051+0000] {processor.py:161} INFO - Started process (PID=7725) to work on /home/airflow/.local/lib/python3.11/site-packages/airflow/example_dags/tutorial.py
[2024-11-03T09:54:54.052+0000] {processor.py:830} INFO - Processing file /home/airflow/.local/lib/python3.11/site-packages/airflow/example_dags/tutorial.py for tasks to queue
[2024-11-03T09:54:54.053+0000] {logging_mixin.py:188} INFO - [2024-11-03T09:54:54.052+0000] {dagbag.py:545} INFO - Filling up the DagBag from /home/airflow/.local/lib/python3.11/site-packages/airflow/example_dags/tutorial.py
[2024-11-03T09:54:54.059+0000] {processor.py:840} INFO - DAG(s) 'tutorial' retrieved from /home/airflow/.local/lib/python3.11/site-packages/airflow/example_dags/tutorial.py
[2024-11-03T09:54:54.076+0000] {logging_mixin.py:188} INFO - [2024-11-03T09:54:54.075+0000] {dag.py:3096} INFO - Sync 1 DAGs
[2024-11-03T09:54:54.095+0000] {logging_mixin.py:188} INFO - [2024-11-03T09:54:54.095+0000] {dag.py:3954} INFO - Setting next_dagrun for tutorial to 2024-11-02 00:00:00+00:00, run_after=2024-11-03 00:00:00+00:00
[2024-11-03T09:54:54.110+0000] {processor.py:183} INFO - Processing /home/airflow/.local/lib/python3.11/site-packages/airflow/example_dags/tutorial.py took 0.064 seconds
[2024-11-03T09:55:24.587+0000] {processor.py:161} INFO - Started process (PID=7991) to work on /home/airflow/.local/lib/python3.11/site-packages/airflow/example_dags/tutorial.py
[2024-11-03T09:55:24.588+0000] {processor.py:830} INFO - Processing file /home/airflow/.local/lib/python3.11/site-packages/airflow/example_dags/tutorial.py for tasks to queue
[2024-11-03T09:55:24.588+0000] {logging_mixin.py:188} INFO - [2024-11-03T09:55:24.588+0000] {dagbag.py:545} INFO - Filling up the DagBag from /home/airflow/.local/lib/python3.11/site-packages/airflow/example_dags/tutorial.py
[2024-11-03T09:55:24.594+0000] {processor.py:840} INFO - DAG(s) 'tutorial' retrieved from /home/airflow/.local/lib/python3.11/site-packages/airflow/example_dags/tutorial.py
[2024-11-03T09:55:24.612+0000] {logging_mixin.py:188} INFO - [2024-11-03T09:55:24.611+0000] {dag.py:3096} INFO - Sync 1 DAGs
[2024-11-03T09:55:24.630+0000] {logging_mixin.py:188} INFO - [2024-11-03T09:55:24.630+0000] {dag.py:3954} INFO - Setting next_dagrun for tutorial to 2024-11-02 00:00:00+00:00, run_after=2024-11-03 00:00:00+00:00
[2024-11-03T09:55:24.647+0000] {processor.py:183} INFO - Processing /home/airflow/.local/lib/python3.11/site-packages/airflow/example_dags/tutorial.py took 0.065 seconds
[2024-11-03T09:55:55.151+0000] {processor.py:161} INFO - Started process (PID=8257) to work on /home/airflow/.local/lib/python3.11/site-packages/airflow/example_dags/tutorial.py
[2024-11-03T09:55:55.152+0000] {processor.py:830} INFO - Processing file /home/airflow/.local/lib/python3.11/site-packages/airflow/example_dags/tutorial.py for tasks to queue
[2024-11-03T09:55:55.153+0000] {logging_mixin.py:188} INFO - [2024-11-03T09:55:55.152+0000] {dagbag.py:545} INFO - Filling up the DagBag from /home/airflow/.local/lib/python3.11/site-packages/airflow/example_dags/tutorial.py
[2024-11-03T09:55:55.159+0000] {processor.py:840} INFO - DAG(s) 'tutorial' retrieved from /home/airflow/.local/lib/python3.11/site-packages/airflow/example_dags/tutorial.py
[2024-11-03T09:55:55.176+0000] {logging_mixin.py:188} INFO - [2024-11-03T09:55:55.176+0000] {dag.py:3096} INFO - Sync 1 DAGs
[2024-11-03T09:55:55.196+0000] {logging_mixin.py:188} INFO - [2024-11-03T09:55:55.196+0000] {dag.py:3954} INFO - Setting next_dagrun for tutorial to 2024-11-02 00:00:00+00:00, run_after=2024-11-03 00:00:00+00:00
[2024-11-03T09:55:55.212+0000] {processor.py:183} INFO - Processing /home/airflow/.local/lib/python3.11/site-packages/airflow/example_dags/tutorial.py took 0.066 seconds
[2024-11-03T16:27:45.364+0000] {processor.py:161} INFO - Started process (PID=400) to work on /home/airflow/.local/lib/python3.11/site-packages/airflow/example_dags/tutorial.py
[2024-11-03T16:27:45.366+0000] {processor.py:830} INFO - Processing file /home/airflow/.local/lib/python3.11/site-packages/airflow/example_dags/tutorial.py for tasks to queue
[2024-11-03T16:27:45.369+0000] {logging_mixin.py:188} INFO - [2024-11-03T16:27:45.369+0000] {dagbag.py:545} INFO - Filling up the DagBag from /home/airflow/.local/lib/python3.11/site-packages/airflow/example_dags/tutorial.py
[2024-11-03T16:27:45.376+0000] {processor.py:840} INFO - DAG(s) 'tutorial' retrieved from /home/airflow/.local/lib/python3.11/site-packages/airflow/example_dags/tutorial.py
[2024-11-03T16:27:45.388+0000] {logging_mixin.py:188} INFO - [2024-11-03T16:27:45.388+0000] {dag.py:3096} INFO - Sync 1 DAGs
[2024-11-03T16:27:45.418+0000] {logging_mixin.py:188} INFO - [2024-11-03T16:27:45.418+0000] {dag.py:3954} INFO - Setting next_dagrun for tutorial to 2024-11-02 00:00:00+00:00, run_after=2024-11-03 00:00:00+00:00
[2024-11-03T16:27:45.449+0000] {processor.py:183} INFO - Processing /home/airflow/.local/lib/python3.11/site-packages/airflow/example_dags/tutorial.py took 0.091 seconds
[2024-11-03T16:28:17.212+0000] {processor.py:161} INFO - Started process (PID=674) to work on /home/airflow/.local/lib/python3.11/site-packages/airflow/example_dags/tutorial.py
[2024-11-03T16:28:17.213+0000] {processor.py:830} INFO - Processing file /home/airflow/.local/lib/python3.11/site-packages/airflow/example_dags/tutorial.py for tasks to queue
[2024-11-03T16:28:17.215+0000] {logging_mixin.py:188} INFO - [2024-11-03T16:28:17.215+0000] {dagbag.py:545} INFO - Filling up the DagBag from /home/airflow/.local/lib/python3.11/site-packages/airflow/example_dags/tutorial.py
[2024-11-03T16:28:17.221+0000] {processor.py:840} INFO - DAG(s) 'tutorial' retrieved from /home/airflow/.local/lib/python3.11/site-packages/airflow/example_dags/tutorial.py
[2024-11-03T16:28:17.348+0000] {logging_mixin.py:188} INFO - [2024-11-03T16:28:17.347+0000] {dag.py:3096} INFO - Sync 1 DAGs
[2024-11-03T16:28:17.374+0000] {logging_mixin.py:188} INFO - [2024-11-03T16:28:17.374+0000] {dag.py:3954} INFO - Setting next_dagrun for tutorial to 2024-11-02 00:00:00+00:00, run_after=2024-11-03 00:00:00+00:00
[2024-11-03T16:28:17.402+0000] {processor.py:183} INFO - Processing /home/airflow/.local/lib/python3.11/site-packages/airflow/example_dags/tutorial.py took 0.196 seconds
