[2024-11-06T07:43:49.293+0000] {local_task_job_runner.py:120} INFO - ::group::Pre task execution logs
[2024-11-06T07:43:49.318+0000] {taskinstance.py:2076} INFO - Dependencies all met for dep_context=non-requeueable deps ti=<TaskInstance: ETL_To_Data_Warehouse.load_data_to_stgBenef manual__2024-11-06T07:43:42.737421+00:00 [queued]>
[2024-11-06T07:43:49.327+0000] {taskinstance.py:2076} INFO - Dependencies all met for dep_context=requeueable deps ti=<TaskInstance: ETL_To_Data_Warehouse.load_data_to_stgBenef manual__2024-11-06T07:43:42.737421+00:00 [queued]>
[2024-11-06T07:43:49.327+0000] {taskinstance.py:2306} INFO - Starting attempt 1 of 1
[2024-11-06T07:43:49.340+0000] {taskinstance.py:2330} INFO - Executing <Task(PythonOperator): load_data_to_stgBenef> on 2024-11-06 07:43:42.737421+00:00
[2024-11-06T07:43:49.347+0000] {standard_task_runner.py:63} INFO - Started process 48481 to run task
[2024-11-06T07:43:49.349+0000] {standard_task_runner.py:90} INFO - Running: ['***', 'tasks', 'run', 'ETL_To_Data_Warehouse', 'load_data_to_stgBenef', 'manual__2024-11-06T07:43:42.737421+00:00', '--job-id', '475', '--raw', '--subdir', 'DAGS_FOLDER/ETL_LDTBXH.dag.py', '--cfg-path', '/tmp/tmpstb7eh1f']
[2024-11-06T07:43:49.351+0000] {standard_task_runner.py:91} INFO - Job 475: Subtask load_data_to_stgBenef
[2024-11-06T07:43:49.398+0000] {task_command.py:426} INFO - Running <TaskInstance: ETL_To_Data_Warehouse.load_data_to_stgBenef manual__2024-11-06T07:43:42.737421+00:00 [running]> on host 3d0ab7361361
[2024-11-06T07:43:49.697+0000] {taskinstance.py:2648} INFO - Exporting env vars: AIRFLOW_CTX_DAG_OWNER='***' AIRFLOW_CTX_DAG_ID='ETL_To_Data_Warehouse' AIRFLOW_CTX_TASK_ID='load_data_to_stgBenef' AIRFLOW_CTX_EXECUTION_DATE='2024-11-06T07:43:42.737421+00:00' AIRFLOW_CTX_TRY_NUMBER='1' AIRFLOW_CTX_DAG_RUN_ID='manual__2024-11-06T07:43:42.737421+00:00'
[2024-11-06T07:43:49.698+0000] {taskinstance.py:430} INFO - ::endgroup::
[2024-11-06T07:43:49.740+0000] {logging_mixin.py:188} INFO - Kết nối đến MySQL thành công
[2024-11-06T07:43:49.747+0000] {logging_mixin.py:188} INFO - Error fetching data from API: HTTPConnectionPool(host='host.docker.internal', port=8000): Max retries exceeded with url: /benef (Caused by NewConnectionError('<urllib3.connection.HTTPConnection object at 0x7f5586463a50>: Failed to establish a new connection: [Errno 101] Network is unreachable'))
[2024-11-06T07:43:49.747+0000] {logging_mixin.py:188} INFO - Không có dữ liệu để chèn.
[2024-11-06T07:43:49.748+0000] {python.py:237} INFO - Done. Returned value was: None
[2024-11-06T07:43:49.748+0000] {taskinstance.py:441} INFO - ::group::Post task execution logs
[2024-11-06T07:43:49.758+0000] {taskinstance.py:1206} INFO - Marking task as SUCCESS. dag_id=ETL_To_Data_Warehouse, task_id=load_data_to_stgBenef, run_id=manual__2024-11-06T07:43:42.737421+00:00, execution_date=20241106T074342, start_date=20241106T074349, end_date=20241106T074349
[2024-11-06T07:43:49.803+0000] {local_task_job_runner.py:240} INFO - Task exited with return code 0
[2024-11-06T07:43:49.832+0000] {taskinstance.py:3503} INFO - 1 downstream tasks scheduled from follow-on schedule check
[2024-11-06T07:43:49.835+0000] {local_task_job_runner.py:222} INFO - ::endgroup::
