[2024-11-13T02:02:03.208+0000] {local_task_job_runner.py:120} INFO - ::group::Pre task execution logs
[2024-11-13T02:02:03.233+0000] {taskinstance.py:2076} INFO - Dependencies all met for dep_context=non-requeueable deps ti=<TaskInstance: ETL_To_Data_Warehouse.truncate manual__2024-11-13T02:02:00.003814+00:00 [queued]>
[2024-11-13T02:02:03.239+0000] {taskinstance.py:2076} INFO - Dependencies all met for dep_context=requeueable deps ti=<TaskInstance: ETL_To_Data_Warehouse.truncate manual__2024-11-13T02:02:00.003814+00:00 [queued]>
[2024-11-13T02:02:03.240+0000] {taskinstance.py:2306} INFO - Starting attempt 1 of 1
[2024-11-13T02:02:03.252+0000] {taskinstance.py:2330} INFO - Executing <Task(SQLExecuteQueryOperator): truncate> on 2024-11-13 02:02:00.003814+00:00
[2024-11-13T02:02:03.257+0000] {standard_task_runner.py:63} INFO - Started process 16906 to run task
[2024-11-13T02:02:03.260+0000] {standard_task_runner.py:90} INFO - Running: ['***', 'tasks', 'run', 'ETL_To_Data_Warehouse', 'truncate', 'manual__2024-11-13T02:02:00.003814+00:00', '--job-id', '794', '--raw', '--subdir', 'DAGS_FOLDER/ETL_LDTBXH.dag.py', '--cfg-path', '/tmp/tmp36f86dqk']
[2024-11-13T02:02:03.261+0000] {standard_task_runner.py:91} INFO - Job 794: Subtask truncate
[2024-11-13T02:02:03.305+0000] {task_command.py:426} INFO - Running <TaskInstance: ETL_To_Data_Warehouse.truncate manual__2024-11-13T02:02:00.003814+00:00 [running]> on host 3d0ab7361361
[2024-11-13T02:02:03.558+0000] {taskinstance.py:2648} INFO - Exporting env vars: AIRFLOW_CTX_DAG_OWNER='***' AIRFLOW_CTX_DAG_ID='ETL_To_Data_Warehouse' AIRFLOW_CTX_TASK_ID='truncate' AIRFLOW_CTX_EXECUTION_DATE='2024-11-13T02:02:00.003814+00:00' AIRFLOW_CTX_TRY_NUMBER='1' AIRFLOW_CTX_DAG_RUN_ID='manual__2024-11-13T02:02:00.003814+00:00'
[2024-11-13T02:02:03.559+0000] {taskinstance.py:430} INFO - ::endgroup::
[2024-11-13T02:02:03.559+0000] {sql.py:276} INFO - Executing: USE LDTBXH_Stg;

TRUNCATE TABLE Stg_DimHoGiaDinh;
TRUNCATE TABLE Stg_DimRaSoat;
TRUNCATE TABLE Stg_HoGDRaSoat_Fact;
TRUNCATE TABLE Stg_Date;
TRUNCATE TABLE Stg_DimNCC;
TRUNCATE TABLE Stg_DimBenef;
TRUNCATE TABLE Stg_BaoCaoNCC_Fact;

START TRANSACTION;
    INSERT INTO DimAuditForeigned(process_name, start_at, finished_at, information, status) VALUES
    ('data integration', NOW(), NOW(), 'refreshed data', 'PENDING');
COMMIT;
[2024-11-13T02:02:03.568+0000] {base.py:84} INFO - Using connection ID 'ldtbxh_stage' for task execution.
[2024-11-13T02:02:03.577+0000] {base.py:84} INFO - Using connection ID 'ldtbxh_stage' for task execution.
[2024-11-13T02:02:03.595+0000] {sql.py:487} INFO - Running statement: USE LDTBXH_Stg;

TRUNCATE TABLE Stg_DimHoGiaDinh;
TRUNCATE TABLE Stg_DimRaSoat;
TRUNCATE TABLE Stg_HoGDRaSoat_Fact;
TRUNCATE TABLE Stg_Date;
TRUNCATE TABLE Stg_DimNCC;
TRUNCATE TABLE Stg_DimBenef;
TRUNCATE TABLE Stg_BaoCaoNCC_Fact;

START TRANSACTION;
    INSERT INTO DimAuditForeigned(process_name, start_at, finished_at, information, status) VALUES
    ('data integration', NOW(), NOW(), 'refreshed data', 'PENDING');
COMMIT;, parameters: None
[2024-11-13T02:02:03.596+0000] {sql.py:496} INFO - Rows affected: 0
[2024-11-13T02:02:03.829+0000] {taskinstance.py:441} INFO - ::group::Post task execution logs
[2024-11-13T02:02:03.837+0000] {taskinstance.py:1206} INFO - Marking task as SUCCESS. dag_id=ETL_To_Data_Warehouse, task_id=truncate, run_id=manual__2024-11-13T02:02:00.003814+00:00, execution_date=20241113T020200, start_date=20241113T020203, end_date=20241113T020203
[2024-11-13T02:02:03.874+0000] {local_task_job_runner.py:240} INFO - Task exited with return code 0
[2024-11-13T02:02:04.048+0000] {taskinstance.py:3503} INFO - 5 downstream tasks scheduled from follow-on schedule check
[2024-11-13T02:02:04.051+0000] {local_task_job_runner.py:222} INFO - ::endgroup::
