[2024-10-31T06:17:11.032+0000] {processor.py:161} INFO - Started process (PID=180) to work on /home/airflow/.local/lib/python3.11/site-packages/airflow/example_dags/example_datasets.py
[2024-10-31T06:17:11.033+0000] {processor.py:830} INFO - Processing file /home/airflow/.local/lib/python3.11/site-packages/airflow/example_dags/example_datasets.py for tasks to queue
[2024-10-31T06:17:11.036+0000] {logging_mixin.py:188} INFO - [2024-10-31T06:17:11.036+0000] {dagbag.py:545} INFO - Filling up the DagBag from /home/airflow/.local/lib/python3.11/site-packages/airflow/example_dags/example_datasets.py
[2024-10-31T06:17:11.067+0000] {processor.py:840} INFO - DAG(s) 'consume_1_and_2_with_dataset_expressions', 'dataset_consumes_1_never_scheduled', 'consume_1_or_2_with_dataset_expressions', 'dataset_produces_1', 'dataset_consumes_1', 'conditional_dataset_and_time_based_timetable', 'dataset_consumes_unknown_never_scheduled', 'dataset_produces_2', 'dataset_consumes_1_and_2', 'consume_1_or_both_2_and_3_with_dataset_expressions' retrieved from /home/airflow/.local/lib/python3.11/site-packages/airflow/example_dags/example_datasets.py
[2024-10-31T06:17:11.104+0000] {logging_mixin.py:188} INFO - [2024-10-31T06:17:11.104+0000] {dag.py:3096} INFO - Sync 10 DAGs
[2024-10-31T06:17:11.132+0000] {logging_mixin.py:188} INFO - [2024-10-31T06:17:11.132+0000] {dag.py:3954} INFO - Setting next_dagrun for conditional_dataset_and_time_based_timetable to 2024-10-30 01:00:00+00:00, run_after=2024-10-30 01:00:00+00:00
[2024-10-31T06:17:11.136+0000] {logging_mixin.py:188} INFO - [2024-10-31T06:17:11.136+0000] {dag.py:3954} INFO - Setting next_dagrun for consume_1_and_2_with_dataset_expressions to None, run_after=None
[2024-10-31T06:17:11.138+0000] {logging_mixin.py:188} INFO - [2024-10-31T06:17:11.138+0000] {dag.py:3954} INFO - Setting next_dagrun for consume_1_or_2_with_dataset_expressions to None, run_after=None
[2024-10-31T06:17:11.140+0000] {logging_mixin.py:188} INFO - [2024-10-31T06:17:11.140+0000] {dag.py:3954} INFO - Setting next_dagrun for consume_1_or_both_2_and_3_with_dataset_expressions to None, run_after=None
[2024-10-31T06:17:11.141+0000] {logging_mixin.py:188} INFO - [2024-10-31T06:17:11.141+0000] {dag.py:3954} INFO - Setting next_dagrun for dataset_consumes_1 to None, run_after=None
[2024-10-31T06:17:11.143+0000] {logging_mixin.py:188} INFO - [2024-10-31T06:17:11.143+0000] {dag.py:3954} INFO - Setting next_dagrun for dataset_consumes_1_and_2 to None, run_after=None
[2024-10-31T06:17:11.145+0000] {logging_mixin.py:188} INFO - [2024-10-31T06:17:11.145+0000] {dag.py:3954} INFO - Setting next_dagrun for dataset_consumes_1_never_scheduled to None, run_after=None
[2024-10-31T06:17:11.146+0000] {logging_mixin.py:188} INFO - [2024-10-31T06:17:11.146+0000] {dag.py:3954} INFO - Setting next_dagrun for dataset_consumes_unknown_never_scheduled to None, run_after=None
[2024-10-31T06:17:11.148+0000] {logging_mixin.py:188} INFO - [2024-10-31T06:17:11.148+0000] {dag.py:3954} INFO - Setting next_dagrun for dataset_produces_1 to 2024-10-30 00:00:00+00:00, run_after=2024-10-31 00:00:00+00:00
[2024-10-31T06:17:11.150+0000] {logging_mixin.py:188} INFO - [2024-10-31T06:17:11.150+0000] {dag.py:3954} INFO - Setting next_dagrun for dataset_produces_2 to None, run_after=None
[2024-10-31T06:17:11.187+0000] {processor.py:183} INFO - Processing /home/airflow/.local/lib/python3.11/site-packages/airflow/example_dags/example_datasets.py took 0.162 seconds
[2024-10-31T06:17:42.212+0000] {processor.py:161} INFO - Started process (PID=446) to work on /home/airflow/.local/lib/python3.11/site-packages/airflow/example_dags/example_datasets.py
[2024-10-31T06:17:42.213+0000] {processor.py:830} INFO - Processing file /home/airflow/.local/lib/python3.11/site-packages/airflow/example_dags/example_datasets.py for tasks to queue
[2024-10-31T06:17:42.216+0000] {logging_mixin.py:188} INFO - [2024-10-31T06:17:42.216+0000] {dagbag.py:545} INFO - Filling up the DagBag from /home/airflow/.local/lib/python3.11/site-packages/airflow/example_dags/example_datasets.py
[2024-10-31T06:17:42.231+0000] {processor.py:840} INFO - DAG(s) 'consume_1_or_2_with_dataset_expressions', 'dataset_consumes_1_never_scheduled', 'consume_1_or_both_2_and_3_with_dataset_expressions', 'dataset_consumes_1', 'dataset_consumes_1_and_2', 'conditional_dataset_and_time_based_timetable', 'consume_1_and_2_with_dataset_expressions', 'dataset_consumes_unknown_never_scheduled', 'dataset_produces_2', 'dataset_produces_1' retrieved from /home/airflow/.local/lib/python3.11/site-packages/airflow/example_dags/example_datasets.py
[2024-10-31T06:17:42.437+0000] {logging_mixin.py:188} INFO - [2024-10-31T06:17:42.437+0000] {dag.py:3096} INFO - Sync 10 DAGs
[2024-10-31T06:17:42.460+0000] {logging_mixin.py:188} INFO - [2024-10-31T06:17:42.459+0000] {dag.py:3954} INFO - Setting next_dagrun for conditional_dataset_and_time_based_timetable to 2024-10-30 01:00:00+00:00, run_after=2024-10-30 01:00:00+00:00
[2024-10-31T06:17:42.463+0000] {logging_mixin.py:188} INFO - [2024-10-31T06:17:42.463+0000] {dag.py:3954} INFO - Setting next_dagrun for consume_1_and_2_with_dataset_expressions to None, run_after=None
[2024-10-31T06:17:42.465+0000] {logging_mixin.py:188} INFO - [2024-10-31T06:17:42.465+0000] {dag.py:3954} INFO - Setting next_dagrun for consume_1_or_2_with_dataset_expressions to None, run_after=None
[2024-10-31T06:17:42.466+0000] {logging_mixin.py:188} INFO - [2024-10-31T06:17:42.466+0000] {dag.py:3954} INFO - Setting next_dagrun for consume_1_or_both_2_and_3_with_dataset_expressions to None, run_after=None
[2024-10-31T06:17:42.468+0000] {logging_mixin.py:188} INFO - [2024-10-31T06:17:42.468+0000] {dag.py:3954} INFO - Setting next_dagrun for dataset_consumes_1 to None, run_after=None
[2024-10-31T06:17:42.470+0000] {logging_mixin.py:188} INFO - [2024-10-31T06:17:42.470+0000] {dag.py:3954} INFO - Setting next_dagrun for dataset_consumes_1_and_2 to None, run_after=None
[2024-10-31T06:17:42.472+0000] {logging_mixin.py:188} INFO - [2024-10-31T06:17:42.472+0000] {dag.py:3954} INFO - Setting next_dagrun for dataset_consumes_1_never_scheduled to None, run_after=None
[2024-10-31T06:17:42.473+0000] {logging_mixin.py:188} INFO - [2024-10-31T06:17:42.473+0000] {dag.py:3954} INFO - Setting next_dagrun for dataset_consumes_unknown_never_scheduled to None, run_after=None
[2024-10-31T06:17:42.475+0000] {logging_mixin.py:188} INFO - [2024-10-31T06:17:42.475+0000] {dag.py:3954} INFO - Setting next_dagrun for dataset_produces_1 to 2024-10-30 00:00:00+00:00, run_after=2024-10-31 00:00:00+00:00
[2024-10-31T06:17:42.476+0000] {logging_mixin.py:188} INFO - [2024-10-31T06:17:42.476+0000] {dag.py:3954} INFO - Setting next_dagrun for dataset_produces_2 to None, run_after=None
[2024-10-31T06:17:42.509+0000] {processor.py:183} INFO - Processing /home/airflow/.local/lib/python3.11/site-packages/airflow/example_dags/example_datasets.py took 0.305 seconds
[2024-10-31T06:18:12.952+0000] {processor.py:161} INFO - Started process (PID=726) to work on /home/airflow/.local/lib/python3.11/site-packages/airflow/example_dags/example_datasets.py
[2024-10-31T06:18:12.953+0000] {processor.py:830} INFO - Processing file /home/airflow/.local/lib/python3.11/site-packages/airflow/example_dags/example_datasets.py for tasks to queue
[2024-10-31T06:18:12.955+0000] {logging_mixin.py:188} INFO - [2024-10-31T06:18:12.955+0000] {dagbag.py:545} INFO - Filling up the DagBag from /home/airflow/.local/lib/python3.11/site-packages/airflow/example_dags/example_datasets.py
[2024-10-31T06:18:12.971+0000] {processor.py:840} INFO - DAG(s) 'dataset_consumes_1', 'consume_1_or_both_2_and_3_with_dataset_expressions', 'conditional_dataset_and_time_based_timetable', 'consume_1_and_2_with_dataset_expressions', 'dataset_consumes_1_never_scheduled', 'consume_1_or_2_with_dataset_expressions', 'dataset_consumes_unknown_never_scheduled', 'dataset_produces_1', 'dataset_consumes_1_and_2', 'dataset_produces_2' retrieved from /home/airflow/.local/lib/python3.11/site-packages/airflow/example_dags/example_datasets.py
[2024-10-31T06:18:13.017+0000] {logging_mixin.py:188} INFO - [2024-10-31T06:18:13.016+0000] {dag.py:3096} INFO - Sync 10 DAGs
[2024-10-31T06:18:13.040+0000] {logging_mixin.py:188} INFO - [2024-10-31T06:18:13.040+0000] {dag.py:3954} INFO - Setting next_dagrun for conditional_dataset_and_time_based_timetable to 2024-10-30 01:00:00+00:00, run_after=2024-10-30 01:00:00+00:00
[2024-10-31T06:18:13.043+0000] {logging_mixin.py:188} INFO - [2024-10-31T06:18:13.043+0000] {dag.py:3954} INFO - Setting next_dagrun for consume_1_and_2_with_dataset_expressions to None, run_after=None
[2024-10-31T06:18:13.045+0000] {logging_mixin.py:188} INFO - [2024-10-31T06:18:13.045+0000] {dag.py:3954} INFO - Setting next_dagrun for consume_1_or_2_with_dataset_expressions to None, run_after=None
[2024-10-31T06:18:13.046+0000] {logging_mixin.py:188} INFO - [2024-10-31T06:18:13.046+0000] {dag.py:3954} INFO - Setting next_dagrun for consume_1_or_both_2_and_3_with_dataset_expressions to None, run_after=None
[2024-10-31T06:18:13.048+0000] {logging_mixin.py:188} INFO - [2024-10-31T06:18:13.048+0000] {dag.py:3954} INFO - Setting next_dagrun for dataset_consumes_1 to None, run_after=None
[2024-10-31T06:18:13.049+0000] {logging_mixin.py:188} INFO - [2024-10-31T06:18:13.049+0000] {dag.py:3954} INFO - Setting next_dagrun for dataset_consumes_1_and_2 to None, run_after=None
[2024-10-31T06:18:13.050+0000] {logging_mixin.py:188} INFO - [2024-10-31T06:18:13.050+0000] {dag.py:3954} INFO - Setting next_dagrun for dataset_consumes_1_never_scheduled to None, run_after=None
[2024-10-31T06:18:13.051+0000] {logging_mixin.py:188} INFO - [2024-10-31T06:18:13.051+0000] {dag.py:3954} INFO - Setting next_dagrun for dataset_consumes_unknown_never_scheduled to None, run_after=None
[2024-10-31T06:18:13.053+0000] {logging_mixin.py:188} INFO - [2024-10-31T06:18:13.052+0000] {dag.py:3954} INFO - Setting next_dagrun for dataset_produces_1 to 2024-10-30 00:00:00+00:00, run_after=2024-10-31 00:00:00+00:00
[2024-10-31T06:18:13.053+0000] {logging_mixin.py:188} INFO - [2024-10-31T06:18:13.053+0000] {dag.py:3954} INFO - Setting next_dagrun for dataset_produces_2 to None, run_after=None
[2024-10-31T06:18:13.080+0000] {processor.py:183} INFO - Processing /home/airflow/.local/lib/python3.11/site-packages/airflow/example_dags/example_datasets.py took 0.133 seconds
[2024-10-31T06:18:44.035+0000] {processor.py:161} INFO - Started process (PID=999) to work on /home/airflow/.local/lib/python3.11/site-packages/airflow/example_dags/example_datasets.py
[2024-10-31T06:18:44.036+0000] {processor.py:830} INFO - Processing file /home/airflow/.local/lib/python3.11/site-packages/airflow/example_dags/example_datasets.py for tasks to queue
[2024-10-31T06:18:44.038+0000] {logging_mixin.py:188} INFO - [2024-10-31T06:18:44.038+0000] {dagbag.py:545} INFO - Filling up the DagBag from /home/airflow/.local/lib/python3.11/site-packages/airflow/example_dags/example_datasets.py
[2024-10-31T06:18:44.050+0000] {processor.py:840} INFO - DAG(s) 'dataset_consumes_1_and_2', 'consume_1_or_both_2_and_3_with_dataset_expressions', 'dataset_consumes_1', 'dataset_produces_1', 'dataset_consumes_unknown_never_scheduled', 'conditional_dataset_and_time_based_timetable', 'dataset_produces_2', 'consume_1_and_2_with_dataset_expressions', 'consume_1_or_2_with_dataset_expressions', 'dataset_consumes_1_never_scheduled' retrieved from /home/airflow/.local/lib/python3.11/site-packages/airflow/example_dags/example_datasets.py
[2024-10-31T06:18:44.092+0000] {logging_mixin.py:188} INFO - [2024-10-31T06:18:44.092+0000] {dag.py:3096} INFO - Sync 10 DAGs
[2024-10-31T06:18:44.116+0000] {logging_mixin.py:188} INFO - [2024-10-31T06:18:44.116+0000] {dag.py:3954} INFO - Setting next_dagrun for conditional_dataset_and_time_based_timetable to 2024-10-30 01:00:00+00:00, run_after=2024-10-30 01:00:00+00:00
[2024-10-31T06:18:44.120+0000] {logging_mixin.py:188} INFO - [2024-10-31T06:18:44.120+0000] {dag.py:3954} INFO - Setting next_dagrun for consume_1_and_2_with_dataset_expressions to None, run_after=None
[2024-10-31T06:18:44.122+0000] {logging_mixin.py:188} INFO - [2024-10-31T06:18:44.122+0000] {dag.py:3954} INFO - Setting next_dagrun for consume_1_or_2_with_dataset_expressions to None, run_after=None
[2024-10-31T06:18:44.124+0000] {logging_mixin.py:188} INFO - [2024-10-31T06:18:44.124+0000] {dag.py:3954} INFO - Setting next_dagrun for consume_1_or_both_2_and_3_with_dataset_expressions to None, run_after=None
[2024-10-31T06:18:44.126+0000] {logging_mixin.py:188} INFO - [2024-10-31T06:18:44.126+0000] {dag.py:3954} INFO - Setting next_dagrun for dataset_consumes_1 to None, run_after=None
[2024-10-31T06:18:44.128+0000] {logging_mixin.py:188} INFO - [2024-10-31T06:18:44.128+0000] {dag.py:3954} INFO - Setting next_dagrun for dataset_consumes_1_and_2 to None, run_after=None
[2024-10-31T06:18:44.130+0000] {logging_mixin.py:188} INFO - [2024-10-31T06:18:44.129+0000] {dag.py:3954} INFO - Setting next_dagrun for dataset_consumes_1_never_scheduled to None, run_after=None
[2024-10-31T06:18:44.132+0000] {logging_mixin.py:188} INFO - [2024-10-31T06:18:44.132+0000] {dag.py:3954} INFO - Setting next_dagrun for dataset_consumes_unknown_never_scheduled to None, run_after=None
[2024-10-31T06:18:44.134+0000] {logging_mixin.py:188} INFO - [2024-10-31T06:18:44.134+0000] {dag.py:3954} INFO - Setting next_dagrun for dataset_produces_1 to 2024-10-30 00:00:00+00:00, run_after=2024-10-31 00:00:00+00:00
[2024-10-31T06:18:44.136+0000] {logging_mixin.py:188} INFO - [2024-10-31T06:18:44.136+0000] {dag.py:3954} INFO - Setting next_dagrun for dataset_produces_2 to None, run_after=None
[2024-10-31T06:18:44.168+0000] {processor.py:183} INFO - Processing /home/airflow/.local/lib/python3.11/site-packages/airflow/example_dags/example_datasets.py took 0.138 seconds
[2024-10-31T15:43:57.623+0000] {processor.py:161} INFO - Started process (PID=185) to work on /home/airflow/.local/lib/python3.11/site-packages/airflow/example_dags/example_datasets.py
[2024-10-31T15:43:57.625+0000] {processor.py:830} INFO - Processing file /home/airflow/.local/lib/python3.11/site-packages/airflow/example_dags/example_datasets.py for tasks to queue
[2024-10-31T15:43:57.631+0000] {logging_mixin.py:188} INFO - [2024-10-31T15:43:57.631+0000] {dagbag.py:545} INFO - Filling up the DagBag from /home/airflow/.local/lib/python3.11/site-packages/airflow/example_dags/example_datasets.py
[2024-10-31T15:43:57.674+0000] {processor.py:840} INFO - DAG(s) 'consume_1_or_2_with_dataset_expressions', 'dataset_consumes_1_never_scheduled', 'dataset_consumes_1', 'consume_1_and_2_with_dataset_expressions', 'dataset_consumes_1_and_2', 'dataset_consumes_unknown_never_scheduled', 'conditional_dataset_and_time_based_timetable', 'dataset_produces_1', 'dataset_produces_2', 'consume_1_or_both_2_and_3_with_dataset_expressions' retrieved from /home/airflow/.local/lib/python3.11/site-packages/airflow/example_dags/example_datasets.py
[2024-10-31T15:43:57.730+0000] {logging_mixin.py:188} INFO - [2024-10-31T15:43:57.730+0000] {dag.py:3096} INFO - Sync 10 DAGs
[2024-10-31T15:43:57.762+0000] {logging_mixin.py:188} INFO - [2024-10-31T15:43:57.762+0000] {dag.py:3954} INFO - Setting next_dagrun for conditional_dataset_and_time_based_timetable to 2024-10-30 01:00:00+00:00, run_after=2024-10-30 01:00:00+00:00
[2024-10-31T15:43:57.766+0000] {logging_mixin.py:188} INFO - [2024-10-31T15:43:57.766+0000] {dag.py:3954} INFO - Setting next_dagrun for consume_1_and_2_with_dataset_expressions to None, run_after=None
[2024-10-31T15:43:57.768+0000] {logging_mixin.py:188} INFO - [2024-10-31T15:43:57.768+0000] {dag.py:3954} INFO - Setting next_dagrun for consume_1_or_2_with_dataset_expressions to None, run_after=None
[2024-10-31T15:43:57.770+0000] {logging_mixin.py:188} INFO - [2024-10-31T15:43:57.770+0000] {dag.py:3954} INFO - Setting next_dagrun for consume_1_or_both_2_and_3_with_dataset_expressions to None, run_after=None
[2024-10-31T15:43:57.771+0000] {logging_mixin.py:188} INFO - [2024-10-31T15:43:57.771+0000] {dag.py:3954} INFO - Setting next_dagrun for dataset_consumes_1 to None, run_after=None
[2024-10-31T15:43:57.772+0000] {logging_mixin.py:188} INFO - [2024-10-31T15:43:57.772+0000] {dag.py:3954} INFO - Setting next_dagrun for dataset_consumes_1_and_2 to None, run_after=None
[2024-10-31T15:43:57.774+0000] {logging_mixin.py:188} INFO - [2024-10-31T15:43:57.773+0000] {dag.py:3954} INFO - Setting next_dagrun for dataset_consumes_1_never_scheduled to None, run_after=None
[2024-10-31T15:43:57.775+0000] {logging_mixin.py:188} INFO - [2024-10-31T15:43:57.775+0000] {dag.py:3954} INFO - Setting next_dagrun for dataset_consumes_unknown_never_scheduled to None, run_after=None
[2024-10-31T15:43:57.778+0000] {logging_mixin.py:188} INFO - [2024-10-31T15:43:57.777+0000] {dag.py:3954} INFO - Setting next_dagrun for dataset_produces_1 to 2024-10-30 00:00:00+00:00, run_after=2024-10-31 00:00:00+00:00
[2024-10-31T15:43:57.780+0000] {logging_mixin.py:188} INFO - [2024-10-31T15:43:57.779+0000] {dag.py:3954} INFO - Setting next_dagrun for dataset_produces_2 to None, run_after=None
[2024-10-31T15:43:57.816+0000] {processor.py:183} INFO - Processing /home/airflow/.local/lib/python3.11/site-packages/airflow/example_dags/example_datasets.py took 0.205 seconds
[2024-10-31T15:44:28.802+0000] {processor.py:161} INFO - Started process (PID=451) to work on /home/airflow/.local/lib/python3.11/site-packages/airflow/example_dags/example_datasets.py
[2024-10-31T15:44:28.804+0000] {processor.py:830} INFO - Processing file /home/airflow/.local/lib/python3.11/site-packages/airflow/example_dags/example_datasets.py for tasks to queue
[2024-10-31T15:44:28.808+0000] {logging_mixin.py:188} INFO - [2024-10-31T15:44:28.807+0000] {dagbag.py:545} INFO - Filling up the DagBag from /home/airflow/.local/lib/python3.11/site-packages/airflow/example_dags/example_datasets.py
[2024-10-31T15:44:28.840+0000] {processor.py:840} INFO - DAG(s) 'dataset_produces_1', 'conditional_dataset_and_time_based_timetable', 'dataset_consumes_1_and_2', 'dataset_consumes_1', 'dataset_produces_2', 'dataset_consumes_1_never_scheduled', 'dataset_consumes_unknown_never_scheduled', 'consume_1_or_2_with_dataset_expressions', 'consume_1_or_both_2_and_3_with_dataset_expressions', 'consume_1_and_2_with_dataset_expressions' retrieved from /home/airflow/.local/lib/python3.11/site-packages/airflow/example_dags/example_datasets.py
[2024-10-31T15:44:29.255+0000] {logging_mixin.py:188} INFO - [2024-10-31T15:44:29.254+0000] {dag.py:3096} INFO - Sync 10 DAGs
[2024-10-31T15:44:29.298+0000] {logging_mixin.py:188} INFO - [2024-10-31T15:44:29.298+0000] {dag.py:3954} INFO - Setting next_dagrun for conditional_dataset_and_time_based_timetable to 2024-10-30 01:00:00+00:00, run_after=2024-10-30 01:00:00+00:00
[2024-10-31T15:44:29.304+0000] {logging_mixin.py:188} INFO - [2024-10-31T15:44:29.303+0000] {dag.py:3954} INFO - Setting next_dagrun for consume_1_and_2_with_dataset_expressions to None, run_after=None
[2024-10-31T15:44:29.306+0000] {logging_mixin.py:188} INFO - [2024-10-31T15:44:29.306+0000] {dag.py:3954} INFO - Setting next_dagrun for consume_1_or_2_with_dataset_expressions to None, run_after=None
[2024-10-31T15:44:29.308+0000] {logging_mixin.py:188} INFO - [2024-10-31T15:44:29.308+0000] {dag.py:3954} INFO - Setting next_dagrun for consume_1_or_both_2_and_3_with_dataset_expressions to None, run_after=None
[2024-10-31T15:44:29.313+0000] {logging_mixin.py:188} INFO - [2024-10-31T15:44:29.313+0000] {dag.py:3954} INFO - Setting next_dagrun for dataset_consumes_1 to None, run_after=None
[2024-10-31T15:44:29.316+0000] {logging_mixin.py:188} INFO - [2024-10-31T15:44:29.316+0000] {dag.py:3954} INFO - Setting next_dagrun for dataset_consumes_1_and_2 to None, run_after=None
[2024-10-31T15:44:29.320+0000] {logging_mixin.py:188} INFO - [2024-10-31T15:44:29.320+0000] {dag.py:3954} INFO - Setting next_dagrun for dataset_consumes_1_never_scheduled to None, run_after=None
[2024-10-31T15:44:29.323+0000] {logging_mixin.py:188} INFO - [2024-10-31T15:44:29.323+0000] {dag.py:3954} INFO - Setting next_dagrun for dataset_consumes_unknown_never_scheduled to None, run_after=None
[2024-10-31T15:44:29.328+0000] {logging_mixin.py:188} INFO - [2024-10-31T15:44:29.328+0000] {dag.py:3954} INFO - Setting next_dagrun for dataset_produces_1 to 2024-10-30 00:00:00+00:00, run_after=2024-10-31 00:00:00+00:00
[2024-10-31T15:44:29.330+0000] {logging_mixin.py:188} INFO - [2024-10-31T15:44:29.330+0000] {dag.py:3954} INFO - Setting next_dagrun for dataset_produces_2 to None, run_after=None
[2024-10-31T15:44:29.404+0000] {processor.py:183} INFO - Processing /home/airflow/.local/lib/python3.11/site-packages/airflow/example_dags/example_datasets.py took 0.611 seconds
[2024-10-31T15:44:59.930+0000] {processor.py:161} INFO - Started process (PID=717) to work on /home/airflow/.local/lib/python3.11/site-packages/airflow/example_dags/example_datasets.py
[2024-10-31T15:44:59.933+0000] {processor.py:830} INFO - Processing file /home/airflow/.local/lib/python3.11/site-packages/airflow/example_dags/example_datasets.py for tasks to queue
[2024-10-31T15:44:59.938+0000] {logging_mixin.py:188} INFO - [2024-10-31T15:44:59.936+0000] {dagbag.py:545} INFO - Filling up the DagBag from /home/airflow/.local/lib/python3.11/site-packages/airflow/example_dags/example_datasets.py
[2024-10-31T15:44:59.969+0000] {processor.py:840} INFO - DAG(s) 'consume_1_and_2_with_dataset_expressions', 'dataset_produces_2', 'consume_1_or_2_with_dataset_expressions', 'dataset_produces_1', 'conditional_dataset_and_time_based_timetable', 'dataset_consumes_1_and_2', 'consume_1_or_both_2_and_3_with_dataset_expressions', 'dataset_consumes_1', 'dataset_consumes_unknown_never_scheduled', 'dataset_consumes_1_never_scheduled' retrieved from /home/airflow/.local/lib/python3.11/site-packages/airflow/example_dags/example_datasets.py
[2024-10-31T15:45:00.100+0000] {logging_mixin.py:188} INFO - [2024-10-31T15:45:00.100+0000] {dag.py:3096} INFO - Sync 10 DAGs
[2024-10-31T15:45:00.143+0000] {logging_mixin.py:188} INFO - [2024-10-31T15:45:00.143+0000] {dag.py:3954} INFO - Setting next_dagrun for conditional_dataset_and_time_based_timetable to 2024-10-30 01:00:00+00:00, run_after=2024-10-30 01:00:00+00:00
[2024-10-31T15:45:00.151+0000] {logging_mixin.py:188} INFO - [2024-10-31T15:45:00.150+0000] {dag.py:3954} INFO - Setting next_dagrun for consume_1_and_2_with_dataset_expressions to None, run_after=None
[2024-10-31T15:45:00.155+0000] {logging_mixin.py:188} INFO - [2024-10-31T15:45:00.154+0000] {dag.py:3954} INFO - Setting next_dagrun for consume_1_or_2_with_dataset_expressions to None, run_after=None
[2024-10-31T15:45:00.158+0000] {logging_mixin.py:188} INFO - [2024-10-31T15:45:00.158+0000] {dag.py:3954} INFO - Setting next_dagrun for consume_1_or_both_2_and_3_with_dataset_expressions to None, run_after=None
[2024-10-31T15:45:00.161+0000] {logging_mixin.py:188} INFO - [2024-10-31T15:45:00.160+0000] {dag.py:3954} INFO - Setting next_dagrun for dataset_consumes_1 to None, run_after=None
[2024-10-31T15:45:00.163+0000] {logging_mixin.py:188} INFO - [2024-10-31T15:45:00.163+0000] {dag.py:3954} INFO - Setting next_dagrun for dataset_consumes_1_and_2 to None, run_after=None
[2024-10-31T15:45:00.166+0000] {logging_mixin.py:188} INFO - [2024-10-31T15:45:00.165+0000] {dag.py:3954} INFO - Setting next_dagrun for dataset_consumes_1_never_scheduled to None, run_after=None
[2024-10-31T15:45:00.168+0000] {logging_mixin.py:188} INFO - [2024-10-31T15:45:00.168+0000] {dag.py:3954} INFO - Setting next_dagrun for dataset_consumes_unknown_never_scheduled to None, run_after=None
[2024-10-31T15:45:00.171+0000] {logging_mixin.py:188} INFO - [2024-10-31T15:45:00.171+0000] {dag.py:3954} INFO - Setting next_dagrun for dataset_produces_1 to 2024-10-30 00:00:00+00:00, run_after=2024-10-31 00:00:00+00:00
[2024-10-31T15:45:00.173+0000] {logging_mixin.py:188} INFO - [2024-10-31T15:45:00.172+0000] {dag.py:3954} INFO - Setting next_dagrun for dataset_produces_2 to None, run_after=None
[2024-10-31T15:45:00.230+0000] {processor.py:183} INFO - Processing /home/airflow/.local/lib/python3.11/site-packages/airflow/example_dags/example_datasets.py took 0.318 seconds
[2024-10-31T15:45:31.185+0000] {processor.py:161} INFO - Started process (PID=983) to work on /home/airflow/.local/lib/python3.11/site-packages/airflow/example_dags/example_datasets.py
[2024-10-31T15:45:31.186+0000] {processor.py:830} INFO - Processing file /home/airflow/.local/lib/python3.11/site-packages/airflow/example_dags/example_datasets.py for tasks to queue
[2024-10-31T15:45:31.189+0000] {logging_mixin.py:188} INFO - [2024-10-31T15:45:31.189+0000] {dagbag.py:545} INFO - Filling up the DagBag from /home/airflow/.local/lib/python3.11/site-packages/airflow/example_dags/example_datasets.py
[2024-10-31T15:45:31.204+0000] {processor.py:840} INFO - DAG(s) 'conditional_dataset_and_time_based_timetable', 'consume_1_or_both_2_and_3_with_dataset_expressions', 'dataset_produces_2', 'consume_1_and_2_with_dataset_expressions', 'dataset_consumes_unknown_never_scheduled', 'consume_1_or_2_with_dataset_expressions', 'dataset_consumes_1_never_scheduled', 'dataset_consumes_1_and_2', 'dataset_produces_1', 'dataset_consumes_1' retrieved from /home/airflow/.local/lib/python3.11/site-packages/airflow/example_dags/example_datasets.py
[2024-10-31T15:45:31.250+0000] {logging_mixin.py:188} INFO - [2024-10-31T15:45:31.249+0000] {dag.py:3096} INFO - Sync 10 DAGs
[2024-10-31T15:45:31.279+0000] {logging_mixin.py:188} INFO - [2024-10-31T15:45:31.279+0000] {dag.py:3954} INFO - Setting next_dagrun for conditional_dataset_and_time_based_timetable to 2024-10-30 01:00:00+00:00, run_after=2024-10-30 01:00:00+00:00
[2024-10-31T15:45:31.283+0000] {logging_mixin.py:188} INFO - [2024-10-31T15:45:31.283+0000] {dag.py:3954} INFO - Setting next_dagrun for consume_1_and_2_with_dataset_expressions to None, run_after=None
[2024-10-31T15:45:31.284+0000] {logging_mixin.py:188} INFO - [2024-10-31T15:45:31.284+0000] {dag.py:3954} INFO - Setting next_dagrun for consume_1_or_2_with_dataset_expressions to None, run_after=None
[2024-10-31T15:45:31.286+0000] {logging_mixin.py:188} INFO - [2024-10-31T15:45:31.286+0000] {dag.py:3954} INFO - Setting next_dagrun for consume_1_or_both_2_and_3_with_dataset_expressions to None, run_after=None
[2024-10-31T15:45:31.288+0000] {logging_mixin.py:188} INFO - [2024-10-31T15:45:31.288+0000] {dag.py:3954} INFO - Setting next_dagrun for dataset_consumes_1 to None, run_after=None
[2024-10-31T15:45:31.291+0000] {logging_mixin.py:188} INFO - [2024-10-31T15:45:31.291+0000] {dag.py:3954} INFO - Setting next_dagrun for dataset_consumes_1_and_2 to None, run_after=None
[2024-10-31T15:45:31.292+0000] {logging_mixin.py:188} INFO - [2024-10-31T15:45:31.292+0000] {dag.py:3954} INFO - Setting next_dagrun for dataset_consumes_1_never_scheduled to None, run_after=None
[2024-10-31T15:45:31.293+0000] {logging_mixin.py:188} INFO - [2024-10-31T15:45:31.293+0000] {dag.py:3954} INFO - Setting next_dagrun for dataset_consumes_unknown_never_scheduled to None, run_after=None
[2024-10-31T15:45:31.295+0000] {logging_mixin.py:188} INFO - [2024-10-31T15:45:31.295+0000] {dag.py:3954} INFO - Setting next_dagrun for dataset_produces_1 to 2024-10-30 00:00:00+00:00, run_after=2024-10-31 00:00:00+00:00
[2024-10-31T15:45:31.297+0000] {logging_mixin.py:188} INFO - [2024-10-31T15:45:31.296+0000] {dag.py:3954} INFO - Setting next_dagrun for dataset_produces_2 to None, run_after=None
[2024-10-31T15:45:31.334+0000] {processor.py:183} INFO - Processing /home/airflow/.local/lib/python3.11/site-packages/airflow/example_dags/example_datasets.py took 0.156 seconds
[2024-10-31T15:46:02.041+0000] {processor.py:161} INFO - Started process (PID=1255) to work on /home/airflow/.local/lib/python3.11/site-packages/airflow/example_dags/example_datasets.py
[2024-10-31T15:46:02.042+0000] {processor.py:830} INFO - Processing file /home/airflow/.local/lib/python3.11/site-packages/airflow/example_dags/example_datasets.py for tasks to queue
[2024-10-31T15:46:02.044+0000] {logging_mixin.py:188} INFO - [2024-10-31T15:46:02.044+0000] {dagbag.py:545} INFO - Filling up the DagBag from /home/airflow/.local/lib/python3.11/site-packages/airflow/example_dags/example_datasets.py
[2024-10-31T15:46:02.057+0000] {processor.py:840} INFO - DAG(s) 'dataset_consumes_1', 'consume_1_or_both_2_and_3_with_dataset_expressions', 'consume_1_or_2_with_dataset_expressions', 'dataset_consumes_unknown_never_scheduled', 'dataset_consumes_1_never_scheduled', 'dataset_produces_1', 'dataset_consumes_1_and_2', 'dataset_produces_2', 'conditional_dataset_and_time_based_timetable', 'consume_1_and_2_with_dataset_expressions' retrieved from /home/airflow/.local/lib/python3.11/site-packages/airflow/example_dags/example_datasets.py
[2024-10-31T15:46:02.102+0000] {logging_mixin.py:188} INFO - [2024-10-31T15:46:02.101+0000] {dag.py:3096} INFO - Sync 10 DAGs
[2024-10-31T15:46:02.128+0000] {logging_mixin.py:188} INFO - [2024-10-31T15:46:02.128+0000] {dag.py:3954} INFO - Setting next_dagrun for conditional_dataset_and_time_based_timetable to 2024-10-30 01:00:00+00:00, run_after=2024-10-30 01:00:00+00:00
[2024-10-31T15:46:02.132+0000] {logging_mixin.py:188} INFO - [2024-10-31T15:46:02.132+0000] {dag.py:3954} INFO - Setting next_dagrun for consume_1_and_2_with_dataset_expressions to None, run_after=None
[2024-10-31T15:46:02.133+0000] {logging_mixin.py:188} INFO - [2024-10-31T15:46:02.133+0000] {dag.py:3954} INFO - Setting next_dagrun for consume_1_or_2_with_dataset_expressions to None, run_after=None
[2024-10-31T15:46:02.134+0000] {logging_mixin.py:188} INFO - [2024-10-31T15:46:02.134+0000] {dag.py:3954} INFO - Setting next_dagrun for consume_1_or_both_2_and_3_with_dataset_expressions to None, run_after=None
[2024-10-31T15:46:02.135+0000] {logging_mixin.py:188} INFO - [2024-10-31T15:46:02.135+0000] {dag.py:3954} INFO - Setting next_dagrun for dataset_consumes_1 to None, run_after=None
[2024-10-31T15:46:02.137+0000] {logging_mixin.py:188} INFO - [2024-10-31T15:46:02.136+0000] {dag.py:3954} INFO - Setting next_dagrun for dataset_consumes_1_and_2 to None, run_after=None
[2024-10-31T15:46:02.138+0000] {logging_mixin.py:188} INFO - [2024-10-31T15:46:02.138+0000] {dag.py:3954} INFO - Setting next_dagrun for dataset_consumes_1_never_scheduled to None, run_after=None
[2024-10-31T15:46:02.140+0000] {logging_mixin.py:188} INFO - [2024-10-31T15:46:02.140+0000] {dag.py:3954} INFO - Setting next_dagrun for dataset_consumes_unknown_never_scheduled to None, run_after=None
[2024-10-31T15:46:02.142+0000] {logging_mixin.py:188} INFO - [2024-10-31T15:46:02.142+0000] {dag.py:3954} INFO - Setting next_dagrun for dataset_produces_1 to 2024-10-30 00:00:00+00:00, run_after=2024-10-31 00:00:00+00:00
[2024-10-31T15:46:02.143+0000] {logging_mixin.py:188} INFO - [2024-10-31T15:46:02.143+0000] {dag.py:3954} INFO - Setting next_dagrun for dataset_produces_2 to None, run_after=None
[2024-10-31T15:46:02.179+0000] {processor.py:183} INFO - Processing /home/airflow/.local/lib/python3.11/site-packages/airflow/example_dags/example_datasets.py took 0.143 seconds
[2024-10-31T15:46:33.026+0000] {processor.py:161} INFO - Started process (PID=1521) to work on /home/airflow/.local/lib/python3.11/site-packages/airflow/example_dags/example_datasets.py
[2024-10-31T15:46:33.027+0000] {processor.py:830} INFO - Processing file /home/airflow/.local/lib/python3.11/site-packages/airflow/example_dags/example_datasets.py for tasks to queue
[2024-10-31T15:46:33.031+0000] {logging_mixin.py:188} INFO - [2024-10-31T15:46:33.030+0000] {dagbag.py:545} INFO - Filling up the DagBag from /home/airflow/.local/lib/python3.11/site-packages/airflow/example_dags/example_datasets.py
[2024-10-31T15:46:33.054+0000] {processor.py:840} INFO - DAG(s) 'dataset_produces_2', 'consume_1_or_2_with_dataset_expressions', 'dataset_consumes_1', 'consume_1_or_both_2_and_3_with_dataset_expressions', 'dataset_consumes_1_never_scheduled', 'conditional_dataset_and_time_based_timetable', 'dataset_consumes_1_and_2', 'dataset_produces_1', 'consume_1_and_2_with_dataset_expressions', 'dataset_consumes_unknown_never_scheduled' retrieved from /home/airflow/.local/lib/python3.11/site-packages/airflow/example_dags/example_datasets.py
[2024-10-31T15:46:33.132+0000] {logging_mixin.py:188} INFO - [2024-10-31T15:46:33.132+0000] {dag.py:3096} INFO - Sync 10 DAGs
[2024-10-31T15:46:33.170+0000] {logging_mixin.py:188} INFO - [2024-10-31T15:46:33.170+0000] {dag.py:3954} INFO - Setting next_dagrun for conditional_dataset_and_time_based_timetable to 2024-10-30 01:00:00+00:00, run_after=2024-10-30 01:00:00+00:00
[2024-10-31T15:46:33.175+0000] {logging_mixin.py:188} INFO - [2024-10-31T15:46:33.174+0000] {dag.py:3954} INFO - Setting next_dagrun for consume_1_and_2_with_dataset_expressions to None, run_after=None
[2024-10-31T15:46:33.178+0000] {logging_mixin.py:188} INFO - [2024-10-31T15:46:33.178+0000] {dag.py:3954} INFO - Setting next_dagrun for consume_1_or_2_with_dataset_expressions to None, run_after=None
[2024-10-31T15:46:33.180+0000] {logging_mixin.py:188} INFO - [2024-10-31T15:46:33.180+0000] {dag.py:3954} INFO - Setting next_dagrun for consume_1_or_both_2_and_3_with_dataset_expressions to None, run_after=None
[2024-10-31T15:46:33.184+0000] {logging_mixin.py:188} INFO - [2024-10-31T15:46:33.183+0000] {dag.py:3954} INFO - Setting next_dagrun for dataset_consumes_1 to None, run_after=None
[2024-10-31T15:46:33.187+0000] {logging_mixin.py:188} INFO - [2024-10-31T15:46:33.186+0000] {dag.py:3954} INFO - Setting next_dagrun for dataset_consumes_1_and_2 to None, run_after=None
[2024-10-31T15:46:33.189+0000] {logging_mixin.py:188} INFO - [2024-10-31T15:46:33.189+0000] {dag.py:3954} INFO - Setting next_dagrun for dataset_consumes_1_never_scheduled to None, run_after=None
[2024-10-31T15:46:33.191+0000] {logging_mixin.py:188} INFO - [2024-10-31T15:46:33.191+0000] {dag.py:3954} INFO - Setting next_dagrun for dataset_consumes_unknown_never_scheduled to None, run_after=None
[2024-10-31T15:46:33.195+0000] {logging_mixin.py:188} INFO - [2024-10-31T15:46:33.195+0000] {dag.py:3954} INFO - Setting next_dagrun for dataset_produces_1 to 2024-10-30 00:00:00+00:00, run_after=2024-10-31 00:00:00+00:00
[2024-10-31T15:46:33.198+0000] {logging_mixin.py:188} INFO - [2024-10-31T15:46:33.198+0000] {dag.py:3954} INFO - Setting next_dagrun for dataset_produces_2 to None, run_after=None
[2024-10-31T15:46:33.245+0000] {processor.py:183} INFO - Processing /home/airflow/.local/lib/python3.11/site-packages/airflow/example_dags/example_datasets.py took 0.227 seconds
