[2024-10-31T06:17:12.111+0000] {processor.py:161} INFO - Started process (PID=255) to work on /home/airflow/.local/lib/python3.11/site-packages/airflow/example_dags/example_bash_operator.py
[2024-10-31T06:17:12.112+0000] {processor.py:830} INFO - Processing file /home/airflow/.local/lib/python3.11/site-packages/airflow/example_dags/example_bash_operator.py for tasks to queue
[2024-10-31T06:17:12.114+0000] {logging_mixin.py:188} INFO - [2024-10-31T06:17:12.114+0000] {dagbag.py:545} INFO - Filling up the DagBag from /home/airflow/.local/lib/python3.11/site-packages/airflow/example_dags/example_bash_operator.py
[2024-10-31T06:17:12.127+0000] {processor.py:840} INFO - DAG(s) 'example_bash_operator' retrieved from /home/airflow/.local/lib/python3.11/site-packages/airflow/example_dags/example_bash_operator.py
[2024-10-31T06:17:12.138+0000] {logging_mixin.py:188} INFO - [2024-10-31T06:17:12.138+0000] {dag.py:3096} INFO - Sync 1 DAGs
[2024-10-31T06:17:12.161+0000] {logging_mixin.py:188} INFO - [2024-10-31T06:17:12.161+0000] {dag.py:3954} INFO - Setting next_dagrun for example_bash_operator to 2024-10-30 00:00:00+00:00, run_after=2024-10-31 00:00:00+00:00
[2024-10-31T06:17:12.186+0000] {processor.py:183} INFO - Processing /home/airflow/.local/lib/python3.11/site-packages/airflow/example_dags/example_bash_operator.py took 0.080 seconds
[2024-10-31T06:17:43.604+0000] {processor.py:161} INFO - Started process (PID=527) to work on /home/airflow/.local/lib/python3.11/site-packages/airflow/example_dags/example_bash_operator.py
[2024-10-31T06:17:43.605+0000] {processor.py:830} INFO - Processing file /home/airflow/.local/lib/python3.11/site-packages/airflow/example_dags/example_bash_operator.py for tasks to queue
[2024-10-31T06:17:43.607+0000] {logging_mixin.py:188} INFO - [2024-10-31T06:17:43.607+0000] {dagbag.py:545} INFO - Filling up the DagBag from /home/airflow/.local/lib/python3.11/site-packages/airflow/example_dags/example_bash_operator.py
[2024-10-31T06:17:43.618+0000] {processor.py:840} INFO - DAG(s) 'example_bash_operator' retrieved from /home/airflow/.local/lib/python3.11/site-packages/airflow/example_dags/example_bash_operator.py
[2024-10-31T06:17:43.705+0000] {logging_mixin.py:188} INFO - [2024-10-31T06:17:43.705+0000] {dag.py:3096} INFO - Sync 1 DAGs
[2024-10-31T06:17:43.720+0000] {logging_mixin.py:188} INFO - [2024-10-31T06:17:43.719+0000] {dag.py:3954} INFO - Setting next_dagrun for example_bash_operator to 2024-10-30 00:00:00+00:00, run_after=2024-10-31 00:00:00+00:00
[2024-10-31T06:17:43.734+0000] {processor.py:183} INFO - Processing /home/airflow/.local/lib/python3.11/site-packages/airflow/example_dags/example_bash_operator.py took 0.136 seconds
[2024-10-31T06:18:13.811+0000] {processor.py:161} INFO - Started process (PID=809) to work on /home/airflow/.local/lib/python3.11/site-packages/airflow/example_dags/example_bash_operator.py
[2024-10-31T06:18:13.812+0000] {processor.py:830} INFO - Processing file /home/airflow/.local/lib/python3.11/site-packages/airflow/example_dags/example_bash_operator.py for tasks to queue
[2024-10-31T06:18:13.814+0000] {logging_mixin.py:188} INFO - [2024-10-31T06:18:13.813+0000] {dagbag.py:545} INFO - Filling up the DagBag from /home/airflow/.local/lib/python3.11/site-packages/airflow/example_dags/example_bash_operator.py
[2024-10-31T06:18:13.823+0000] {processor.py:840} INFO - DAG(s) 'example_bash_operator' retrieved from /home/airflow/.local/lib/python3.11/site-packages/airflow/example_dags/example_bash_operator.py
[2024-10-31T06:18:13.846+0000] {logging_mixin.py:188} INFO - [2024-10-31T06:18:13.846+0000] {dag.py:3096} INFO - Sync 1 DAGs
[2024-10-31T06:18:13.863+0000] {logging_mixin.py:188} INFO - [2024-10-31T06:18:13.863+0000] {dag.py:3954} INFO - Setting next_dagrun for example_bash_operator to 2024-10-30 00:00:00+00:00, run_after=2024-10-31 00:00:00+00:00
[2024-10-31T06:18:13.878+0000] {processor.py:183} INFO - Processing /home/airflow/.local/lib/python3.11/site-packages/airflow/example_dags/example_bash_operator.py took 0.072 seconds
[2024-10-31T06:18:44.797+0000] {processor.py:161} INFO - Started process (PID=1074) to work on /home/airflow/.local/lib/python3.11/site-packages/airflow/example_dags/example_bash_operator.py
[2024-10-31T06:18:44.798+0000] {processor.py:830} INFO - Processing file /home/airflow/.local/lib/python3.11/site-packages/airflow/example_dags/example_bash_operator.py for tasks to queue
[2024-10-31T06:18:44.800+0000] {logging_mixin.py:188} INFO - [2024-10-31T06:18:44.800+0000] {dagbag.py:545} INFO - Filling up the DagBag from /home/airflow/.local/lib/python3.11/site-packages/airflow/example_dags/example_bash_operator.py
[2024-10-31T06:18:44.809+0000] {processor.py:840} INFO - DAG(s) 'example_bash_operator' retrieved from /home/airflow/.local/lib/python3.11/site-packages/airflow/example_dags/example_bash_operator.py
[2024-10-31T06:18:44.832+0000] {logging_mixin.py:188} INFO - [2024-10-31T06:18:44.832+0000] {dag.py:3096} INFO - Sync 1 DAGs
[2024-10-31T06:18:44.853+0000] {logging_mixin.py:188} INFO - [2024-10-31T06:18:44.852+0000] {dag.py:3954} INFO - Setting next_dagrun for example_bash_operator to 2024-10-30 00:00:00+00:00, run_after=2024-10-31 00:00:00+00:00
[2024-10-31T06:18:44.874+0000] {processor.py:183} INFO - Processing /home/airflow/.local/lib/python3.11/site-packages/airflow/example_dags/example_bash_operator.py took 0.082 seconds
[2024-10-31T15:43:58.981+0000] {processor.py:161} INFO - Started process (PID=260) to work on /home/airflow/.local/lib/python3.11/site-packages/airflow/example_dags/example_bash_operator.py
[2024-10-31T15:43:58.983+0000] {processor.py:830} INFO - Processing file /home/airflow/.local/lib/python3.11/site-packages/airflow/example_dags/example_bash_operator.py for tasks to queue
[2024-10-31T15:43:58.990+0000] {logging_mixin.py:188} INFO - [2024-10-31T15:43:58.989+0000] {dagbag.py:545} INFO - Filling up the DagBag from /home/airflow/.local/lib/python3.11/site-packages/airflow/example_dags/example_bash_operator.py
[2024-10-31T15:43:59.011+0000] {processor.py:840} INFO - DAG(s) 'example_bash_operator' retrieved from /home/airflow/.local/lib/python3.11/site-packages/airflow/example_dags/example_bash_operator.py
[2024-10-31T15:43:59.045+0000] {logging_mixin.py:188} INFO - [2024-10-31T15:43:59.044+0000] {dag.py:3096} INFO - Sync 1 DAGs
[2024-10-31T15:43:59.115+0000] {logging_mixin.py:188} INFO - [2024-10-31T15:43:59.115+0000] {dag.py:3954} INFO - Setting next_dagrun for example_bash_operator to 2024-10-30 00:00:00+00:00, run_after=2024-10-31 00:00:00+00:00
[2024-10-31T15:43:59.165+0000] {processor.py:183} INFO - Processing /home/airflow/.local/lib/python3.11/site-packages/airflow/example_dags/example_bash_operator.py took 0.196 seconds
[2024-10-31T15:44:31.057+0000] {processor.py:161} INFO - Started process (PID=526) to work on /home/airflow/.local/lib/python3.11/site-packages/airflow/example_dags/example_bash_operator.py
[2024-10-31T15:44:31.058+0000] {processor.py:830} INFO - Processing file /home/airflow/.local/lib/python3.11/site-packages/airflow/example_dags/example_bash_operator.py for tasks to queue
[2024-10-31T15:44:31.060+0000] {logging_mixin.py:188} INFO - [2024-10-31T15:44:31.060+0000] {dagbag.py:545} INFO - Filling up the DagBag from /home/airflow/.local/lib/python3.11/site-packages/airflow/example_dags/example_bash_operator.py
[2024-10-31T15:44:31.075+0000] {processor.py:840} INFO - DAG(s) 'example_bash_operator' retrieved from /home/airflow/.local/lib/python3.11/site-packages/airflow/example_dags/example_bash_operator.py
[2024-10-31T15:44:31.197+0000] {logging_mixin.py:188} INFO - [2024-10-31T15:44:31.196+0000] {dag.py:3096} INFO - Sync 1 DAGs
[2024-10-31T15:44:31.225+0000] {logging_mixin.py:188} INFO - [2024-10-31T15:44:31.224+0000] {dag.py:3954} INFO - Setting next_dagrun for example_bash_operator to 2024-10-30 00:00:00+00:00, run_after=2024-10-31 00:00:00+00:00
[2024-10-31T15:44:31.255+0000] {processor.py:183} INFO - Processing /home/airflow/.local/lib/python3.11/site-packages/airflow/example_dags/example_bash_operator.py took 0.203 seconds
[2024-10-31T15:45:01.425+0000] {processor.py:161} INFO - Started process (PID=794) to work on /home/airflow/.local/lib/python3.11/site-packages/airflow/example_dags/example_bash_operator.py
[2024-10-31T15:45:01.427+0000] {processor.py:830} INFO - Processing file /home/airflow/.local/lib/python3.11/site-packages/airflow/example_dags/example_bash_operator.py for tasks to queue
[2024-10-31T15:45:01.429+0000] {logging_mixin.py:188} INFO - [2024-10-31T15:45:01.428+0000] {dagbag.py:545} INFO - Filling up the DagBag from /home/airflow/.local/lib/python3.11/site-packages/airflow/example_dags/example_bash_operator.py
[2024-10-31T15:45:01.438+0000] {processor.py:840} INFO - DAG(s) 'example_bash_operator' retrieved from /home/airflow/.local/lib/python3.11/site-packages/airflow/example_dags/example_bash_operator.py
[2024-10-31T15:45:01.463+0000] {logging_mixin.py:188} INFO - [2024-10-31T15:45:01.463+0000] {dag.py:3096} INFO - Sync 1 DAGs
[2024-10-31T15:45:01.483+0000] {logging_mixin.py:188} INFO - [2024-10-31T15:45:01.483+0000] {dag.py:3954} INFO - Setting next_dagrun for example_bash_operator to 2024-10-30 00:00:00+00:00, run_after=2024-10-31 00:00:00+00:00
[2024-10-31T15:45:01.501+0000] {processor.py:183} INFO - Processing /home/airflow/.local/lib/python3.11/site-packages/airflow/example_dags/example_bash_operator.py took 0.081 seconds
[2024-10-31T15:45:32.034+0000] {processor.py:161} INFO - Started process (PID=1064) to work on /home/airflow/.local/lib/python3.11/site-packages/airflow/example_dags/example_bash_operator.py
[2024-10-31T15:45:32.035+0000] {processor.py:830} INFO - Processing file /home/airflow/.local/lib/python3.11/site-packages/airflow/example_dags/example_bash_operator.py for tasks to queue
[2024-10-31T15:45:32.037+0000] {logging_mixin.py:188} INFO - [2024-10-31T15:45:32.036+0000] {dagbag.py:545} INFO - Filling up the DagBag from /home/airflow/.local/lib/python3.11/site-packages/airflow/example_dags/example_bash_operator.py
[2024-10-31T15:45:32.048+0000] {processor.py:840} INFO - DAG(s) 'example_bash_operator' retrieved from /home/airflow/.local/lib/python3.11/site-packages/airflow/example_dags/example_bash_operator.py
[2024-10-31T15:45:32.072+0000] {logging_mixin.py:188} INFO - [2024-10-31T15:45:32.072+0000] {dag.py:3096} INFO - Sync 1 DAGs
[2024-10-31T15:45:32.092+0000] {logging_mixin.py:188} INFO - [2024-10-31T15:45:32.092+0000] {dag.py:3954} INFO - Setting next_dagrun for example_bash_operator to 2024-10-30 00:00:00+00:00, run_after=2024-10-31 00:00:00+00:00
[2024-10-31T15:45:32.111+0000] {processor.py:183} INFO - Processing /home/airflow/.local/lib/python3.11/site-packages/airflow/example_dags/example_bash_operator.py took 0.082 seconds
[2024-10-31T15:46:03.114+0000] {processor.py:161} INFO - Started process (PID=1330) to work on /home/airflow/.local/lib/python3.11/site-packages/airflow/example_dags/example_bash_operator.py
[2024-10-31T15:46:03.115+0000] {processor.py:830} INFO - Processing file /home/airflow/.local/lib/python3.11/site-packages/airflow/example_dags/example_bash_operator.py for tasks to queue
[2024-10-31T15:46:03.118+0000] {logging_mixin.py:188} INFO - [2024-10-31T15:46:03.118+0000] {dagbag.py:545} INFO - Filling up the DagBag from /home/airflow/.local/lib/python3.11/site-packages/airflow/example_dags/example_bash_operator.py
[2024-10-31T15:46:03.132+0000] {processor.py:840} INFO - DAG(s) 'example_bash_operator' retrieved from /home/airflow/.local/lib/python3.11/site-packages/airflow/example_dags/example_bash_operator.py
[2024-10-31T15:46:03.161+0000] {logging_mixin.py:188} INFO - [2024-10-31T15:46:03.161+0000] {dag.py:3096} INFO - Sync 1 DAGs
[2024-10-31T15:46:03.182+0000] {logging_mixin.py:188} INFO - [2024-10-31T15:46:03.182+0000] {dag.py:3954} INFO - Setting next_dagrun for example_bash_operator to 2024-10-30 00:00:00+00:00, run_after=2024-10-31 00:00:00+00:00
[2024-10-31T15:46:03.210+0000] {processor.py:183} INFO - Processing /home/airflow/.local/lib/python3.11/site-packages/airflow/example_dags/example_bash_operator.py took 0.101 seconds
[2024-10-31T15:46:34.484+0000] {processor.py:161} INFO - Started process (PID=1596) to work on /home/airflow/.local/lib/python3.11/site-packages/airflow/example_dags/example_bash_operator.py
[2024-10-31T15:46:34.486+0000] {processor.py:830} INFO - Processing file /home/airflow/.local/lib/python3.11/site-packages/airflow/example_dags/example_bash_operator.py for tasks to queue
[2024-10-31T15:46:34.490+0000] {logging_mixin.py:188} INFO - [2024-10-31T15:46:34.489+0000] {dagbag.py:545} INFO - Filling up the DagBag from /home/airflow/.local/lib/python3.11/site-packages/airflow/example_dags/example_bash_operator.py
[2024-10-31T15:46:34.508+0000] {processor.py:840} INFO - DAG(s) 'example_bash_operator' retrieved from /home/airflow/.local/lib/python3.11/site-packages/airflow/example_dags/example_bash_operator.py
[2024-10-31T15:46:34.552+0000] {logging_mixin.py:188} INFO - [2024-10-31T15:46:34.551+0000] {dag.py:3096} INFO - Sync 1 DAGs
[2024-10-31T15:46:34.600+0000] {logging_mixin.py:188} INFO - [2024-10-31T15:46:34.599+0000] {dag.py:3954} INFO - Setting next_dagrun for example_bash_operator to 2024-10-30 00:00:00+00:00, run_after=2024-10-31 00:00:00+00:00
[2024-10-31T15:46:34.645+0000] {processor.py:183} INFO - Processing /home/airflow/.local/lib/python3.11/site-packages/airflow/example_dags/example_bash_operator.py took 0.172 seconds
