[2024-10-31T06:17:13.375+0000] {processor.py:161} INFO - Started process (PID=371) to work on /home/airflow/.local/lib/python3.11/site-packages/airflow/example_dags/example_dag_decorator.py
[2024-10-31T06:17:13.376+0000] {processor.py:830} INFO - Processing file /home/airflow/.local/lib/python3.11/site-packages/airflow/example_dags/example_dag_decorator.py for tasks to queue
[2024-10-31T06:17:13.378+0000] {logging_mixin.py:188} INFO - [2024-10-31T06:17:13.378+0000] {dagbag.py:545} INFO - Filling up the DagBag from /home/airflow/.local/lib/python3.11/site-packages/airflow/example_dags/example_dag_decorator.py
[2024-10-31T06:17:13.506+0000] {processor.py:840} INFO - DAG(s) 'example_dag_decorator' retrieved from /home/airflow/.local/lib/python3.11/site-packages/airflow/example_dags/example_dag_decorator.py
[2024-10-31T06:17:13.518+0000] {logging_mixin.py:188} INFO - [2024-10-31T06:17:13.518+0000] {dag.py:3096} INFO - Sync 1 DAGs
[2024-10-31T06:17:13.533+0000] {logging_mixin.py:188} INFO - [2024-10-31T06:17:13.532+0000] {dag.py:3954} INFO - Setting next_dagrun for example_dag_decorator to None, run_after=None
[2024-10-31T06:17:13.556+0000] {processor.py:183} INFO - Processing /home/airflow/.local/lib/python3.11/site-packages/airflow/example_dags/example_dag_decorator.py took 0.186 seconds
[2024-10-31T06:17:45.695+0000] {processor.py:161} INFO - Started process (PID=637) to work on /home/airflow/.local/lib/python3.11/site-packages/airflow/example_dags/example_dag_decorator.py
[2024-10-31T06:17:45.696+0000] {processor.py:830} INFO - Processing file /home/airflow/.local/lib/python3.11/site-packages/airflow/example_dags/example_dag_decorator.py for tasks to queue
[2024-10-31T06:17:45.698+0000] {logging_mixin.py:188} INFO - [2024-10-31T06:17:45.698+0000] {dagbag.py:545} INFO - Filling up the DagBag from /home/airflow/.local/lib/python3.11/site-packages/airflow/example_dags/example_dag_decorator.py
[2024-10-31T06:17:45.805+0000] {processor.py:840} INFO - DAG(s) 'example_dag_decorator' retrieved from /home/airflow/.local/lib/python3.11/site-packages/airflow/example_dags/example_dag_decorator.py
[2024-10-31T06:17:45.920+0000] {logging_mixin.py:188} INFO - [2024-10-31T06:17:45.920+0000] {dag.py:3096} INFO - Sync 1 DAGs
[2024-10-31T06:17:45.944+0000] {logging_mixin.py:188} INFO - [2024-10-31T06:17:45.944+0000] {dag.py:3954} INFO - Setting next_dagrun for example_dag_decorator to None, run_after=None
[2024-10-31T06:17:45.977+0000] {processor.py:183} INFO - Processing /home/airflow/.local/lib/python3.11/site-packages/airflow/example_dags/example_dag_decorator.py took 0.291 seconds
[2024-10-31T06:18:16.272+0000] {processor.py:161} INFO - Started process (PID=919) to work on /home/airflow/.local/lib/python3.11/site-packages/airflow/example_dags/example_dag_decorator.py
[2024-10-31T06:18:16.273+0000] {processor.py:830} INFO - Processing file /home/airflow/.local/lib/python3.11/site-packages/airflow/example_dags/example_dag_decorator.py for tasks to queue
[2024-10-31T06:18:16.275+0000] {logging_mixin.py:188} INFO - [2024-10-31T06:18:16.275+0000] {dagbag.py:545} INFO - Filling up the DagBag from /home/airflow/.local/lib/python3.11/site-packages/airflow/example_dags/example_dag_decorator.py
[2024-10-31T06:18:16.353+0000] {processor.py:840} INFO - DAG(s) 'example_dag_decorator' retrieved from /home/airflow/.local/lib/python3.11/site-packages/airflow/example_dags/example_dag_decorator.py
[2024-10-31T06:18:16.434+0000] {logging_mixin.py:188} INFO - [2024-10-31T06:18:16.434+0000] {dag.py:3096} INFO - Sync 1 DAGs
[2024-10-31T06:18:16.442+0000] {logging_mixin.py:188} INFO - [2024-10-31T06:18:16.442+0000] {dag.py:3954} INFO - Setting next_dagrun for example_dag_decorator to None, run_after=None
[2024-10-31T06:18:16.458+0000] {processor.py:183} INFO - Processing /home/airflow/.local/lib/python3.11/site-packages/airflow/example_dags/example_dag_decorator.py took 0.191 seconds
[2024-10-31T06:18:47.062+0000] {processor.py:161} INFO - Started process (PID=1189) to work on /home/airflow/.local/lib/python3.11/site-packages/airflow/example_dags/example_dag_decorator.py
[2024-10-31T06:18:47.062+0000] {processor.py:830} INFO - Processing file /home/airflow/.local/lib/python3.11/site-packages/airflow/example_dags/example_dag_decorator.py for tasks to queue
[2024-10-31T06:18:47.064+0000] {logging_mixin.py:188} INFO - [2024-10-31T06:18:47.064+0000] {dagbag.py:545} INFO - Filling up the DagBag from /home/airflow/.local/lib/python3.11/site-packages/airflow/example_dags/example_dag_decorator.py
[2024-10-31T06:18:47.162+0000] {processor.py:840} INFO - DAG(s) 'example_dag_decorator' retrieved from /home/airflow/.local/lib/python3.11/site-packages/airflow/example_dags/example_dag_decorator.py
[2024-10-31T06:18:47.258+0000] {logging_mixin.py:188} INFO - [2024-10-31T06:18:47.258+0000] {dag.py:3096} INFO - Sync 1 DAGs
[2024-10-31T06:18:47.268+0000] {logging_mixin.py:188} INFO - [2024-10-31T06:18:47.268+0000] {dag.py:3954} INFO - Setting next_dagrun for example_dag_decorator to None, run_after=None
[2024-10-31T06:18:47.287+0000] {processor.py:183} INFO - Processing /home/airflow/.local/lib/python3.11/site-packages/airflow/example_dags/example_dag_decorator.py took 0.231 seconds
[2024-10-31T15:44:00.572+0000] {processor.py:161} INFO - Started process (PID=370) to work on /home/airflow/.local/lib/python3.11/site-packages/airflow/example_dags/example_dag_decorator.py
[2024-10-31T15:44:00.573+0000] {processor.py:830} INFO - Processing file /home/airflow/.local/lib/python3.11/site-packages/airflow/example_dags/example_dag_decorator.py for tasks to queue
[2024-10-31T15:44:00.575+0000] {logging_mixin.py:188} INFO - [2024-10-31T15:44:00.575+0000] {dagbag.py:545} INFO - Filling up the DagBag from /home/airflow/.local/lib/python3.11/site-packages/airflow/example_dags/example_dag_decorator.py
[2024-10-31T15:44:00.788+0000] {processor.py:840} INFO - DAG(s) 'example_dag_decorator' retrieved from /home/airflow/.local/lib/python3.11/site-packages/airflow/example_dags/example_dag_decorator.py
[2024-10-31T15:44:00.805+0000] {logging_mixin.py:188} INFO - [2024-10-31T15:44:00.804+0000] {dag.py:3096} INFO - Sync 1 DAGs
[2024-10-31T15:44:00.832+0000] {logging_mixin.py:188} INFO - [2024-10-31T15:44:00.831+0000] {dag.py:3954} INFO - Setting next_dagrun for example_dag_decorator to None, run_after=None
[2024-10-31T15:44:00.867+0000] {processor.py:183} INFO - Processing /home/airflow/.local/lib/python3.11/site-packages/airflow/example_dags/example_dag_decorator.py took 0.299 seconds
[2024-10-31T15:44:33.439+0000] {processor.py:161} INFO - Started process (PID=642) to work on /home/airflow/.local/lib/python3.11/site-packages/airflow/example_dags/example_dag_decorator.py
[2024-10-31T15:44:33.440+0000] {processor.py:830} INFO - Processing file /home/airflow/.local/lib/python3.11/site-packages/airflow/example_dags/example_dag_decorator.py for tasks to queue
[2024-10-31T15:44:33.442+0000] {logging_mixin.py:188} INFO - [2024-10-31T15:44:33.442+0000] {dagbag.py:545} INFO - Filling up the DagBag from /home/airflow/.local/lib/python3.11/site-packages/airflow/example_dags/example_dag_decorator.py
[2024-10-31T15:44:33.577+0000] {processor.py:840} INFO - DAG(s) 'example_dag_decorator' retrieved from /home/airflow/.local/lib/python3.11/site-packages/airflow/example_dags/example_dag_decorator.py
[2024-10-31T15:44:33.694+0000] {logging_mixin.py:188} INFO - [2024-10-31T15:44:33.694+0000] {dag.py:3096} INFO - Sync 1 DAGs
[2024-10-31T15:44:33.704+0000] {logging_mixin.py:188} INFO - [2024-10-31T15:44:33.704+0000] {dag.py:3954} INFO - Setting next_dagrun for example_dag_decorator to None, run_after=None
[2024-10-31T15:44:33.725+0000] {processor.py:183} INFO - Processing /home/airflow/.local/lib/python3.11/site-packages/airflow/example_dags/example_dag_decorator.py took 0.294 seconds
[2024-10-31T15:45:04.048+0000] {processor.py:161} INFO - Started process (PID=908) to work on /home/airflow/.local/lib/python3.11/site-packages/airflow/example_dags/example_dag_decorator.py
[2024-10-31T15:45:04.053+0000] {processor.py:830} INFO - Processing file /home/airflow/.local/lib/python3.11/site-packages/airflow/example_dags/example_dag_decorator.py for tasks to queue
[2024-10-31T15:45:04.056+0000] {logging_mixin.py:188} INFO - [2024-10-31T15:45:04.056+0000] {dagbag.py:545} INFO - Filling up the DagBag from /home/airflow/.local/lib/python3.11/site-packages/airflow/example_dags/example_dag_decorator.py
[2024-10-31T15:45:04.173+0000] {processor.py:840} INFO - DAG(s) 'example_dag_decorator' retrieved from /home/airflow/.local/lib/python3.11/site-packages/airflow/example_dags/example_dag_decorator.py
[2024-10-31T15:45:04.275+0000] {logging_mixin.py:188} INFO - [2024-10-31T15:45:04.275+0000] {dag.py:3096} INFO - Sync 1 DAGs
[2024-10-31T15:45:04.287+0000] {logging_mixin.py:188} INFO - [2024-10-31T15:45:04.287+0000] {dag.py:3954} INFO - Setting next_dagrun for example_dag_decorator to None, run_after=None
[2024-10-31T15:45:04.309+0000] {processor.py:183} INFO - Processing /home/airflow/.local/lib/python3.11/site-packages/airflow/example_dags/example_dag_decorator.py took 0.270 seconds
[2024-10-31T15:45:35.110+0000] {processor.py:161} INFO - Started process (PID=1176) to work on /home/airflow/.local/lib/python3.11/site-packages/airflow/example_dags/example_dag_decorator.py
[2024-10-31T15:45:35.111+0000] {processor.py:830} INFO - Processing file /home/airflow/.local/lib/python3.11/site-packages/airflow/example_dags/example_dag_decorator.py for tasks to queue
[2024-10-31T15:45:35.113+0000] {logging_mixin.py:188} INFO - [2024-10-31T15:45:35.113+0000] {dagbag.py:545} INFO - Filling up the DagBag from /home/airflow/.local/lib/python3.11/site-packages/airflow/example_dags/example_dag_decorator.py
[2024-10-31T15:45:35.214+0000] {processor.py:840} INFO - DAG(s) 'example_dag_decorator' retrieved from /home/airflow/.local/lib/python3.11/site-packages/airflow/example_dags/example_dag_decorator.py
[2024-10-31T15:45:35.319+0000] {logging_mixin.py:188} INFO - [2024-10-31T15:45:35.319+0000] {dag.py:3096} INFO - Sync 1 DAGs
[2024-10-31T15:45:35.332+0000] {logging_mixin.py:188} INFO - [2024-10-31T15:45:35.332+0000] {dag.py:3954} INFO - Setting next_dagrun for example_dag_decorator to None, run_after=None
[2024-10-31T15:45:35.351+0000] {processor.py:183} INFO - Processing /home/airflow/.local/lib/python3.11/site-packages/airflow/example_dags/example_dag_decorator.py took 0.246 seconds
[2024-10-31T15:46:06.049+0000] {processor.py:161} INFO - Started process (PID=1442) to work on /home/airflow/.local/lib/python3.11/site-packages/airflow/example_dags/example_dag_decorator.py
[2024-10-31T15:46:06.050+0000] {processor.py:830} INFO - Processing file /home/airflow/.local/lib/python3.11/site-packages/airflow/example_dags/example_dag_decorator.py for tasks to queue
[2024-10-31T15:46:06.053+0000] {logging_mixin.py:188} INFO - [2024-10-31T15:46:06.052+0000] {dagbag.py:545} INFO - Filling up the DagBag from /home/airflow/.local/lib/python3.11/site-packages/airflow/example_dags/example_dag_decorator.py
[2024-10-31T15:46:06.193+0000] {processor.py:840} INFO - DAG(s) 'example_dag_decorator' retrieved from /home/airflow/.local/lib/python3.11/site-packages/airflow/example_dags/example_dag_decorator.py
[2024-10-31T15:46:06.306+0000] {logging_mixin.py:188} INFO - [2024-10-31T15:46:06.306+0000] {dag.py:3096} INFO - Sync 1 DAGs
[2024-10-31T15:46:06.316+0000] {logging_mixin.py:188} INFO - [2024-10-31T15:46:06.315+0000] {dag.py:3954} INFO - Setting next_dagrun for example_dag_decorator to None, run_after=None
[2024-10-31T15:46:06.340+0000] {processor.py:183} INFO - Processing /home/airflow/.local/lib/python3.11/site-packages/airflow/example_dags/example_dag_decorator.py took 0.296 seconds
[2024-10-31T15:46:36.405+0000] {processor.py:161} INFO - Started process (PID=1708) to work on /home/airflow/.local/lib/python3.11/site-packages/airflow/example_dags/example_dag_decorator.py
[2024-10-31T15:46:36.407+0000] {processor.py:830} INFO - Processing file /home/airflow/.local/lib/python3.11/site-packages/airflow/example_dags/example_dag_decorator.py for tasks to queue
[2024-10-31T15:46:36.410+0000] {logging_mixin.py:188} INFO - [2024-10-31T15:46:36.410+0000] {dagbag.py:545} INFO - Filling up the DagBag from /home/airflow/.local/lib/python3.11/site-packages/airflow/example_dags/example_dag_decorator.py
[2024-10-31T15:46:36.519+0000] {processor.py:840} INFO - DAG(s) 'example_dag_decorator' retrieved from /home/airflow/.local/lib/python3.11/site-packages/airflow/example_dags/example_dag_decorator.py
[2024-10-31T15:46:36.646+0000] {logging_mixin.py:188} INFO - [2024-10-31T15:46:36.646+0000] {dag.py:3096} INFO - Sync 1 DAGs
[2024-10-31T15:46:36.661+0000] {logging_mixin.py:188} INFO - [2024-10-31T15:46:36.661+0000] {dag.py:3954} INFO - Setting next_dagrun for example_dag_decorator to None, run_after=None
[2024-10-31T15:46:36.703+0000] {processor.py:183} INFO - Processing /home/airflow/.local/lib/python3.11/site-packages/airflow/example_dags/example_dag_decorator.py took 0.309 seconds
