[2024-10-31T06:17:11.498+0000] {processor.py:161} INFO - Started process (PID=207) to work on /home/airflow/.local/lib/python3.11/site-packages/airflow/example_dags/example_dynamic_task_mapping.py
[2024-10-31T06:17:11.499+0000] {processor.py:830} INFO - Processing file /home/airflow/.local/lib/python3.11/site-packages/airflow/example_dags/example_dynamic_task_mapping.py for tasks to queue
[2024-10-31T06:17:11.500+0000] {logging_mixin.py:188} INFO - [2024-10-31T06:17:11.500+0000] {dagbag.py:545} INFO - Filling up the DagBag from /home/airflow/.local/lib/python3.11/site-packages/airflow/example_dags/example_dynamic_task_mapping.py
[2024-10-31T06:17:11.507+0000] {processor.py:840} INFO - DAG(s) 'example_dynamic_task_mapping' retrieved from /home/airflow/.local/lib/python3.11/site-packages/airflow/example_dags/example_dynamic_task_mapping.py
[2024-10-31T06:17:11.517+0000] {logging_mixin.py:188} INFO - [2024-10-31T06:17:11.517+0000] {dag.py:3096} INFO - Sync 1 DAGs
[2024-10-31T06:17:11.538+0000] {logging_mixin.py:188} INFO - [2024-10-31T06:17:11.538+0000] {dag.py:3954} INFO - Setting next_dagrun for example_dynamic_task_mapping to 2022-03-04 00:00:00+00:00, run_after=2022-03-05 00:00:00+00:00
[2024-10-31T06:17:11.558+0000] {processor.py:183} INFO - Processing /home/airflow/.local/lib/python3.11/site-packages/airflow/example_dags/example_dynamic_task_mapping.py took 0.066 seconds
[2024-10-31T06:17:42.700+0000] {processor.py:161} INFO - Started process (PID=471) to work on /home/airflow/.local/lib/python3.11/site-packages/airflow/example_dags/example_dynamic_task_mapping.py
[2024-10-31T06:17:42.701+0000] {processor.py:830} INFO - Processing file /home/airflow/.local/lib/python3.11/site-packages/airflow/example_dags/example_dynamic_task_mapping.py for tasks to queue
[2024-10-31T06:17:42.702+0000] {logging_mixin.py:188} INFO - [2024-10-31T06:17:42.702+0000] {dagbag.py:545} INFO - Filling up the DagBag from /home/airflow/.local/lib/python3.11/site-packages/airflow/example_dags/example_dynamic_task_mapping.py
[2024-10-31T06:17:42.708+0000] {processor.py:840} INFO - DAG(s) 'example_dynamic_task_mapping' retrieved from /home/airflow/.local/lib/python3.11/site-packages/airflow/example_dags/example_dynamic_task_mapping.py
[2024-10-31T06:17:42.789+0000] {logging_mixin.py:188} INFO - [2024-10-31T06:17:42.788+0000] {dag.py:3096} INFO - Sync 1 DAGs
[2024-10-31T06:17:42.807+0000] {logging_mixin.py:188} INFO - [2024-10-31T06:17:42.807+0000] {dag.py:3954} INFO - Setting next_dagrun for example_dynamic_task_mapping to 2022-03-04 00:00:00+00:00, run_after=2022-03-05 00:00:00+00:00
[2024-10-31T06:17:42.823+0000] {processor.py:183} INFO - Processing /home/airflow/.local/lib/python3.11/site-packages/airflow/example_dags/example_dynamic_task_mapping.py took 0.128 seconds
[2024-10-31T06:18:13.261+0000] {processor.py:161} INFO - Started process (PID=757) to work on /home/airflow/.local/lib/python3.11/site-packages/airflow/example_dags/example_dynamic_task_mapping.py
[2024-10-31T06:18:13.262+0000] {processor.py:830} INFO - Processing file /home/airflow/.local/lib/python3.11/site-packages/airflow/example_dags/example_dynamic_task_mapping.py for tasks to queue
[2024-10-31T06:18:13.263+0000] {logging_mixin.py:188} INFO - [2024-10-31T06:18:13.263+0000] {dagbag.py:545} INFO - Filling up the DagBag from /home/airflow/.local/lib/python3.11/site-packages/airflow/example_dags/example_dynamic_task_mapping.py
[2024-10-31T06:18:13.270+0000] {processor.py:840} INFO - DAG(s) 'example_dynamic_task_mapping' retrieved from /home/airflow/.local/lib/python3.11/site-packages/airflow/example_dags/example_dynamic_task_mapping.py
[2024-10-31T06:18:13.286+0000] {logging_mixin.py:188} INFO - [2024-10-31T06:18:13.286+0000] {dag.py:3096} INFO - Sync 1 DAGs
[2024-10-31T06:18:13.303+0000] {logging_mixin.py:188} INFO - [2024-10-31T06:18:13.303+0000] {dag.py:3954} INFO - Setting next_dagrun for example_dynamic_task_mapping to 2022-03-04 00:00:00+00:00, run_after=2022-03-05 00:00:00+00:00
[2024-10-31T06:18:13.318+0000] {processor.py:183} INFO - Processing /home/airflow/.local/lib/python3.11/site-packages/airflow/example_dags/example_dynamic_task_mapping.py took 0.062 seconds
[2024-10-31T06:18:44.354+0000] {processor.py:161} INFO - Started process (PID=1024) to work on /home/airflow/.local/lib/python3.11/site-packages/airflow/example_dags/example_dynamic_task_mapping.py
[2024-10-31T06:18:44.355+0000] {processor.py:830} INFO - Processing file /home/airflow/.local/lib/python3.11/site-packages/airflow/example_dags/example_dynamic_task_mapping.py for tasks to queue
[2024-10-31T06:18:44.356+0000] {logging_mixin.py:188} INFO - [2024-10-31T06:18:44.356+0000] {dagbag.py:545} INFO - Filling up the DagBag from /home/airflow/.local/lib/python3.11/site-packages/airflow/example_dags/example_dynamic_task_mapping.py
[2024-10-31T06:18:44.362+0000] {processor.py:840} INFO - DAG(s) 'example_dynamic_task_mapping' retrieved from /home/airflow/.local/lib/python3.11/site-packages/airflow/example_dags/example_dynamic_task_mapping.py
[2024-10-31T06:18:44.379+0000] {logging_mixin.py:188} INFO - [2024-10-31T06:18:44.379+0000] {dag.py:3096} INFO - Sync 1 DAGs
[2024-10-31T06:18:44.396+0000] {logging_mixin.py:188} INFO - [2024-10-31T06:18:44.395+0000] {dag.py:3954} INFO - Setting next_dagrun for example_dynamic_task_mapping to 2022-03-04 00:00:00+00:00, run_after=2022-03-05 00:00:00+00:00
[2024-10-31T06:18:44.414+0000] {processor.py:183} INFO - Processing /home/airflow/.local/lib/python3.11/site-packages/airflow/example_dags/example_dynamic_task_mapping.py took 0.066 seconds
[2024-10-31T15:43:58.296+0000] {processor.py:161} INFO - Started process (PID=212) to work on /home/airflow/.local/lib/python3.11/site-packages/airflow/example_dags/example_dynamic_task_mapping.py
[2024-10-31T15:43:58.297+0000] {processor.py:830} INFO - Processing file /home/airflow/.local/lib/python3.11/site-packages/airflow/example_dags/example_dynamic_task_mapping.py for tasks to queue
[2024-10-31T15:43:58.299+0000] {logging_mixin.py:188} INFO - [2024-10-31T15:43:58.299+0000] {dagbag.py:545} INFO - Filling up the DagBag from /home/airflow/.local/lib/python3.11/site-packages/airflow/example_dags/example_dynamic_task_mapping.py
[2024-10-31T15:43:58.313+0000] {processor.py:840} INFO - DAG(s) 'example_dynamic_task_mapping' retrieved from /home/airflow/.local/lib/python3.11/site-packages/airflow/example_dags/example_dynamic_task_mapping.py
[2024-10-31T15:43:58.332+0000] {logging_mixin.py:188} INFO - [2024-10-31T15:43:58.332+0000] {dag.py:3096} INFO - Sync 1 DAGs
[2024-10-31T15:43:58.367+0000] {logging_mixin.py:188} INFO - [2024-10-31T15:43:58.367+0000] {dag.py:3954} INFO - Setting next_dagrun for example_dynamic_task_mapping to 2022-03-04 00:00:00+00:00, run_after=2022-03-05 00:00:00+00:00
[2024-10-31T15:43:58.414+0000] {processor.py:183} INFO - Processing /home/airflow/.local/lib/python3.11/site-packages/airflow/example_dags/example_dynamic_task_mapping.py took 0.123 seconds
[2024-10-31T15:44:29.705+0000] {processor.py:161} INFO - Started process (PID=476) to work on /home/airflow/.local/lib/python3.11/site-packages/airflow/example_dags/example_dynamic_task_mapping.py
[2024-10-31T15:44:29.706+0000] {processor.py:830} INFO - Processing file /home/airflow/.local/lib/python3.11/site-packages/airflow/example_dags/example_dynamic_task_mapping.py for tasks to queue
[2024-10-31T15:44:29.709+0000] {logging_mixin.py:188} INFO - [2024-10-31T15:44:29.708+0000] {dagbag.py:545} INFO - Filling up the DagBag from /home/airflow/.local/lib/python3.11/site-packages/airflow/example_dags/example_dynamic_task_mapping.py
[2024-10-31T15:44:29.717+0000] {processor.py:840} INFO - DAG(s) 'example_dynamic_task_mapping' retrieved from /home/airflow/.local/lib/python3.11/site-packages/airflow/example_dags/example_dynamic_task_mapping.py
[2024-10-31T15:44:29.836+0000] {logging_mixin.py:188} INFO - [2024-10-31T15:44:29.836+0000] {dag.py:3096} INFO - Sync 1 DAGs
[2024-10-31T15:44:29.866+0000] {logging_mixin.py:188} INFO - [2024-10-31T15:44:29.865+0000] {dag.py:3954} INFO - Setting next_dagrun for example_dynamic_task_mapping to 2022-03-04 00:00:00+00:00, run_after=2022-03-05 00:00:00+00:00
[2024-10-31T15:44:29.902+0000] {processor.py:183} INFO - Processing /home/airflow/.local/lib/python3.11/site-packages/airflow/example_dags/example_dynamic_task_mapping.py took 0.203 seconds
[2024-10-31T15:45:00.491+0000] {processor.py:161} INFO - Started process (PID=742) to work on /home/airflow/.local/lib/python3.11/site-packages/airflow/example_dags/example_dynamic_task_mapping.py
[2024-10-31T15:45:00.492+0000] {processor.py:830} INFO - Processing file /home/airflow/.local/lib/python3.11/site-packages/airflow/example_dags/example_dynamic_task_mapping.py for tasks to queue
[2024-10-31T15:45:00.494+0000] {logging_mixin.py:188} INFO - [2024-10-31T15:45:00.493+0000] {dagbag.py:545} INFO - Filling up the DagBag from /home/airflow/.local/lib/python3.11/site-packages/airflow/example_dags/example_dynamic_task_mapping.py
[2024-10-31T15:45:00.500+0000] {processor.py:840} INFO - DAG(s) 'example_dynamic_task_mapping' retrieved from /home/airflow/.local/lib/python3.11/site-packages/airflow/example_dags/example_dynamic_task_mapping.py
[2024-10-31T15:45:00.520+0000] {logging_mixin.py:188} INFO - [2024-10-31T15:45:00.520+0000] {dag.py:3096} INFO - Sync 1 DAGs
[2024-10-31T15:45:00.541+0000] {logging_mixin.py:188} INFO - [2024-10-31T15:45:00.541+0000] {dag.py:3954} INFO - Setting next_dagrun for example_dynamic_task_mapping to 2022-03-04 00:00:00+00:00, run_after=2022-03-05 00:00:00+00:00
[2024-10-31T15:45:00.559+0000] {processor.py:183} INFO - Processing /home/airflow/.local/lib/python3.11/site-packages/airflow/example_dags/example_dynamic_task_mapping.py took 0.073 seconds
[2024-10-31T15:45:31.542+0000] {processor.py:161} INFO - Started process (PID=1008) to work on /home/airflow/.local/lib/python3.11/site-packages/airflow/example_dags/example_dynamic_task_mapping.py
[2024-10-31T15:45:31.543+0000] {processor.py:830} INFO - Processing file /home/airflow/.local/lib/python3.11/site-packages/airflow/example_dags/example_dynamic_task_mapping.py for tasks to queue
[2024-10-31T15:45:31.545+0000] {logging_mixin.py:188} INFO - [2024-10-31T15:45:31.545+0000] {dagbag.py:545} INFO - Filling up the DagBag from /home/airflow/.local/lib/python3.11/site-packages/airflow/example_dags/example_dynamic_task_mapping.py
[2024-10-31T15:45:31.552+0000] {processor.py:840} INFO - DAG(s) 'example_dynamic_task_mapping' retrieved from /home/airflow/.local/lib/python3.11/site-packages/airflow/example_dags/example_dynamic_task_mapping.py
[2024-10-31T15:45:31.572+0000] {logging_mixin.py:188} INFO - [2024-10-31T15:45:31.572+0000] {dag.py:3096} INFO - Sync 1 DAGs
[2024-10-31T15:45:31.592+0000] {logging_mixin.py:188} INFO - [2024-10-31T15:45:31.592+0000] {dag.py:3954} INFO - Setting next_dagrun for example_dynamic_task_mapping to 2022-03-04 00:00:00+00:00, run_after=2022-03-05 00:00:00+00:00
[2024-10-31T15:45:31.609+0000] {processor.py:183} INFO - Processing /home/airflow/.local/lib/python3.11/site-packages/airflow/example_dags/example_dynamic_task_mapping.py took 0.071 seconds
[2024-10-31T15:46:02.420+0000] {processor.py:161} INFO - Started process (PID=1280) to work on /home/airflow/.local/lib/python3.11/site-packages/airflow/example_dags/example_dynamic_task_mapping.py
[2024-10-31T15:46:02.422+0000] {processor.py:830} INFO - Processing file /home/airflow/.local/lib/python3.11/site-packages/airflow/example_dags/example_dynamic_task_mapping.py for tasks to queue
[2024-10-31T15:46:02.425+0000] {logging_mixin.py:188} INFO - [2024-10-31T15:46:02.425+0000] {dagbag.py:545} INFO - Filling up the DagBag from /home/airflow/.local/lib/python3.11/site-packages/airflow/example_dags/example_dynamic_task_mapping.py
[2024-10-31T15:46:02.435+0000] {processor.py:840} INFO - DAG(s) 'example_dynamic_task_mapping' retrieved from /home/airflow/.local/lib/python3.11/site-packages/airflow/example_dags/example_dynamic_task_mapping.py
[2024-10-31T15:46:02.461+0000] {logging_mixin.py:188} INFO - [2024-10-31T15:46:02.460+0000] {dag.py:3096} INFO - Sync 1 DAGs
[2024-10-31T15:46:02.490+0000] {logging_mixin.py:188} INFO - [2024-10-31T15:46:02.489+0000] {dag.py:3954} INFO - Setting next_dagrun for example_dynamic_task_mapping to 2022-03-04 00:00:00+00:00, run_after=2022-03-05 00:00:00+00:00
[2024-10-31T15:46:02.516+0000] {processor.py:183} INFO - Processing /home/airflow/.local/lib/python3.11/site-packages/airflow/example_dags/example_dynamic_task_mapping.py took 0.101 seconds
[2024-10-31T15:46:33.493+0000] {processor.py:161} INFO - Started process (PID=1546) to work on /home/airflow/.local/lib/python3.11/site-packages/airflow/example_dags/example_dynamic_task_mapping.py
[2024-10-31T15:46:33.494+0000] {processor.py:830} INFO - Processing file /home/airflow/.local/lib/python3.11/site-packages/airflow/example_dags/example_dynamic_task_mapping.py for tasks to queue
[2024-10-31T15:46:33.496+0000] {logging_mixin.py:188} INFO - [2024-10-31T15:46:33.495+0000] {dagbag.py:545} INFO - Filling up the DagBag from /home/airflow/.local/lib/python3.11/site-packages/airflow/example_dags/example_dynamic_task_mapping.py
[2024-10-31T15:46:33.504+0000] {processor.py:840} INFO - DAG(s) 'example_dynamic_task_mapping' retrieved from /home/airflow/.local/lib/python3.11/site-packages/airflow/example_dags/example_dynamic_task_mapping.py
[2024-10-31T15:46:33.535+0000] {logging_mixin.py:188} INFO - [2024-10-31T15:46:33.535+0000] {dag.py:3096} INFO - Sync 1 DAGs
[2024-10-31T15:46:33.562+0000] {logging_mixin.py:188} INFO - [2024-10-31T15:46:33.562+0000] {dag.py:3954} INFO - Setting next_dagrun for example_dynamic_task_mapping to 2022-03-04 00:00:00+00:00, run_after=2022-03-05 00:00:00+00:00
[2024-10-31T15:46:33.586+0000] {processor.py:183} INFO - Processing /home/airflow/.local/lib/python3.11/site-packages/airflow/example_dags/example_dynamic_task_mapping.py took 0.101 seconds
