[2024-10-31T06:17:12.787+0000] {processor.py:161} INFO - Started process (PID=305) to work on /home/airflow/.local/lib/python3.11/site-packages/airflow/example_dags/example_setup_teardown.py
[2024-10-31T06:17:12.788+0000] {processor.py:830} INFO - Processing file /home/airflow/.local/lib/python3.11/site-packages/airflow/example_dags/example_setup_teardown.py for tasks to queue
[2024-10-31T06:17:12.789+0000] {logging_mixin.py:188} INFO - [2024-10-31T06:17:12.789+0000] {dagbag.py:545} INFO - Filling up the DagBag from /home/airflow/.local/lib/python3.11/site-packages/airflow/example_dags/example_setup_teardown.py
[2024-10-31T06:17:12.798+0000] {processor.py:840} INFO - DAG(s) 'example_setup_teardown' retrieved from /home/airflow/.local/lib/python3.11/site-packages/airflow/example_dags/example_setup_teardown.py
[2024-10-31T06:17:12.810+0000] {logging_mixin.py:188} INFO - [2024-10-31T06:17:12.810+0000] {dag.py:3096} INFO - Sync 1 DAGs
[2024-10-31T06:17:12.833+0000] {logging_mixin.py:188} INFO - [2024-10-31T06:17:12.833+0000] {dag.py:3954} INFO - Setting next_dagrun for example_setup_teardown to 2024-10-30 00:00:00+00:00, run_after=2024-10-31 00:00:00+00:00
[2024-10-31T06:17:12.851+0000] {processor.py:183} INFO - Processing /home/airflow/.local/lib/python3.11/site-packages/airflow/example_dags/example_setup_teardown.py took 0.069 seconds
[2024-10-31T06:17:44.394+0000] {processor.py:161} INFO - Started process (PID=577) to work on /home/airflow/.local/lib/python3.11/site-packages/airflow/example_dags/example_setup_teardown.py
[2024-10-31T06:17:44.395+0000] {processor.py:830} INFO - Processing file /home/airflow/.local/lib/python3.11/site-packages/airflow/example_dags/example_setup_teardown.py for tasks to queue
[2024-10-31T06:17:44.397+0000] {logging_mixin.py:188} INFO - [2024-10-31T06:17:44.397+0000] {dagbag.py:545} INFO - Filling up the DagBag from /home/airflow/.local/lib/python3.11/site-packages/airflow/example_dags/example_setup_teardown.py
[2024-10-31T06:17:44.404+0000] {processor.py:840} INFO - DAG(s) 'example_setup_teardown' retrieved from /home/airflow/.local/lib/python3.11/site-packages/airflow/example_dags/example_setup_teardown.py
[2024-10-31T06:17:44.505+0000] {logging_mixin.py:188} INFO - [2024-10-31T06:17:44.505+0000] {dag.py:3096} INFO - Sync 1 DAGs
[2024-10-31T06:17:44.524+0000] {logging_mixin.py:188} INFO - [2024-10-31T06:17:44.524+0000] {dag.py:3954} INFO - Setting next_dagrun for example_setup_teardown to 2024-10-30 00:00:00+00:00, run_after=2024-10-31 00:00:00+00:00
[2024-10-31T06:17:44.545+0000] {processor.py:183} INFO - Processing /home/airflow/.local/lib/python3.11/site-packages/airflow/example_dags/example_setup_teardown.py took 0.157 seconds
[2024-10-31T06:18:14.632+0000] {processor.py:161} INFO - Started process (PID=859) to work on /home/airflow/.local/lib/python3.11/site-packages/airflow/example_dags/example_setup_teardown.py
[2024-10-31T06:18:14.633+0000] {processor.py:830} INFO - Processing file /home/airflow/.local/lib/python3.11/site-packages/airflow/example_dags/example_setup_teardown.py for tasks to queue
[2024-10-31T06:18:14.635+0000] {logging_mixin.py:188} INFO - [2024-10-31T06:18:14.635+0000] {dagbag.py:545} INFO - Filling up the DagBag from /home/airflow/.local/lib/python3.11/site-packages/airflow/example_dags/example_setup_teardown.py
[2024-10-31T06:18:14.640+0000] {processor.py:840} INFO - DAG(s) 'example_setup_teardown' retrieved from /home/airflow/.local/lib/python3.11/site-packages/airflow/example_dags/example_setup_teardown.py
[2024-10-31T06:18:14.658+0000] {logging_mixin.py:188} INFO - [2024-10-31T06:18:14.658+0000] {dag.py:3096} INFO - Sync 1 DAGs
[2024-10-31T06:18:14.675+0000] {logging_mixin.py:188} INFO - [2024-10-31T06:18:14.675+0000] {dag.py:3954} INFO - Setting next_dagrun for example_setup_teardown to 2024-10-30 00:00:00+00:00, run_after=2024-10-31 00:00:00+00:00
[2024-10-31T06:18:14.691+0000] {processor.py:183} INFO - Processing /home/airflow/.local/lib/python3.11/site-packages/airflow/example_dags/example_setup_teardown.py took 0.064 seconds
[2024-10-31T06:18:45.423+0000] {processor.py:161} INFO - Started process (PID=1124) to work on /home/airflow/.local/lib/python3.11/site-packages/airflow/example_dags/example_setup_teardown.py
[2024-10-31T06:18:45.424+0000] {processor.py:830} INFO - Processing file /home/airflow/.local/lib/python3.11/site-packages/airflow/example_dags/example_setup_teardown.py for tasks to queue
[2024-10-31T06:18:45.426+0000] {logging_mixin.py:188} INFO - [2024-10-31T06:18:45.426+0000] {dagbag.py:545} INFO - Filling up the DagBag from /home/airflow/.local/lib/python3.11/site-packages/airflow/example_dags/example_setup_teardown.py
[2024-10-31T06:18:45.432+0000] {processor.py:840} INFO - DAG(s) 'example_setup_teardown' retrieved from /home/airflow/.local/lib/python3.11/site-packages/airflow/example_dags/example_setup_teardown.py
[2024-10-31T06:18:45.447+0000] {logging_mixin.py:188} INFO - [2024-10-31T06:18:45.447+0000] {dag.py:3096} INFO - Sync 1 DAGs
[2024-10-31T06:18:45.463+0000] {logging_mixin.py:188} INFO - [2024-10-31T06:18:45.463+0000] {dag.py:3954} INFO - Setting next_dagrun for example_setup_teardown to 2024-10-30 00:00:00+00:00, run_after=2024-10-31 00:00:00+00:00
[2024-10-31T06:18:45.477+0000] {processor.py:183} INFO - Processing /home/airflow/.local/lib/python3.11/site-packages/airflow/example_dags/example_setup_teardown.py took 0.059 seconds
[2024-10-31T15:43:59.884+0000] {processor.py:161} INFO - Started process (PID=310) to work on /home/airflow/.local/lib/python3.11/site-packages/airflow/example_dags/example_setup_teardown.py
[2024-10-31T15:43:59.887+0000] {processor.py:830} INFO - Processing file /home/airflow/.local/lib/python3.11/site-packages/airflow/example_dags/example_setup_teardown.py for tasks to queue
[2024-10-31T15:43:59.890+0000] {logging_mixin.py:188} INFO - [2024-10-31T15:43:59.890+0000] {dagbag.py:545} INFO - Filling up the DagBag from /home/airflow/.local/lib/python3.11/site-packages/airflow/example_dags/example_setup_teardown.py
[2024-10-31T15:43:59.906+0000] {processor.py:840} INFO - DAG(s) 'example_setup_teardown' retrieved from /home/airflow/.local/lib/python3.11/site-packages/airflow/example_dags/example_setup_teardown.py
[2024-10-31T15:43:59.925+0000] {logging_mixin.py:188} INFO - [2024-10-31T15:43:59.925+0000] {dag.py:3096} INFO - Sync 1 DAGs
[2024-10-31T15:43:59.954+0000] {logging_mixin.py:188} INFO - [2024-10-31T15:43:59.954+0000] {dag.py:3954} INFO - Setting next_dagrun for example_setup_teardown to 2024-10-30 00:00:00+00:00, run_after=2024-10-31 00:00:00+00:00
[2024-10-31T15:43:59.973+0000] {processor.py:183} INFO - Processing /home/airflow/.local/lib/python3.11/site-packages/airflow/example_dags/example_setup_teardown.py took 0.096 seconds
[2024-10-31T15:44:32.160+0000] {processor.py:161} INFO - Started process (PID=582) to work on /home/airflow/.local/lib/python3.11/site-packages/airflow/example_dags/example_setup_teardown.py
[2024-10-31T15:44:32.161+0000] {processor.py:830} INFO - Processing file /home/airflow/.local/lib/python3.11/site-packages/airflow/example_dags/example_setup_teardown.py for tasks to queue
[2024-10-31T15:44:32.164+0000] {logging_mixin.py:188} INFO - [2024-10-31T15:44:32.163+0000] {dagbag.py:545} INFO - Filling up the DagBag from /home/airflow/.local/lib/python3.11/site-packages/airflow/example_dags/example_setup_teardown.py
[2024-10-31T15:44:32.171+0000] {processor.py:840} INFO - DAG(s) 'example_setup_teardown' retrieved from /home/airflow/.local/lib/python3.11/site-packages/airflow/example_dags/example_setup_teardown.py
[2024-10-31T15:44:32.265+0000] {logging_mixin.py:188} INFO - [2024-10-31T15:44:32.265+0000] {dag.py:3096} INFO - Sync 1 DAGs
[2024-10-31T15:44:32.297+0000] {logging_mixin.py:188} INFO - [2024-10-31T15:44:32.297+0000] {dag.py:3954} INFO - Setting next_dagrun for example_setup_teardown to 2024-10-30 00:00:00+00:00, run_after=2024-10-31 00:00:00+00:00
[2024-10-31T15:44:32.340+0000] {processor.py:183} INFO - Processing /home/airflow/.local/lib/python3.11/site-packages/airflow/example_dags/example_setup_teardown.py took 0.188 seconds
[2024-10-31T15:45:03.153+0000] {processor.py:161} INFO - Started process (PID=848) to work on /home/airflow/.local/lib/python3.11/site-packages/airflow/example_dags/example_setup_teardown.py
[2024-10-31T15:45:03.155+0000] {processor.py:830} INFO - Processing file /home/airflow/.local/lib/python3.11/site-packages/airflow/example_dags/example_setup_teardown.py for tasks to queue
[2024-10-31T15:45:03.158+0000] {logging_mixin.py:188} INFO - [2024-10-31T15:45:03.157+0000] {dagbag.py:545} INFO - Filling up the DagBag from /home/airflow/.local/lib/python3.11/site-packages/airflow/example_dags/example_setup_teardown.py
[2024-10-31T15:45:03.168+0000] {processor.py:840} INFO - DAG(s) 'example_setup_teardown' retrieved from /home/airflow/.local/lib/python3.11/site-packages/airflow/example_dags/example_setup_teardown.py
[2024-10-31T15:45:03.197+0000] {logging_mixin.py:188} INFO - [2024-10-31T15:45:03.196+0000] {dag.py:3096} INFO - Sync 1 DAGs
[2024-10-31T15:45:03.228+0000] {logging_mixin.py:188} INFO - [2024-10-31T15:45:03.228+0000] {dag.py:3954} INFO - Setting next_dagrun for example_setup_teardown to 2024-10-30 00:00:00+00:00, run_after=2024-10-31 00:00:00+00:00
[2024-10-31T15:45:03.268+0000] {processor.py:183} INFO - Processing /home/airflow/.local/lib/python3.11/site-packages/airflow/example_dags/example_setup_teardown.py took 0.126 seconds
[2024-10-31T15:45:33.566+0000] {processor.py:161} INFO - Started process (PID=1114) to work on /home/airflow/.local/lib/python3.11/site-packages/airflow/example_dags/example_setup_teardown.py
[2024-10-31T15:45:33.568+0000] {processor.py:830} INFO - Processing file /home/airflow/.local/lib/python3.11/site-packages/airflow/example_dags/example_setup_teardown.py for tasks to queue
[2024-10-31T15:45:33.570+0000] {logging_mixin.py:188} INFO - [2024-10-31T15:45:33.570+0000] {dagbag.py:545} INFO - Filling up the DagBag from /home/airflow/.local/lib/python3.11/site-packages/airflow/example_dags/example_setup_teardown.py
[2024-10-31T15:45:33.576+0000] {processor.py:840} INFO - DAG(s) 'example_setup_teardown' retrieved from /home/airflow/.local/lib/python3.11/site-packages/airflow/example_dags/example_setup_teardown.py
[2024-10-31T15:45:33.595+0000] {logging_mixin.py:188} INFO - [2024-10-31T15:45:33.595+0000] {dag.py:3096} INFO - Sync 1 DAGs
[2024-10-31T15:45:33.619+0000] {logging_mixin.py:188} INFO - [2024-10-31T15:45:33.619+0000] {dag.py:3954} INFO - Setting next_dagrun for example_setup_teardown to 2024-10-30 00:00:00+00:00, run_after=2024-10-31 00:00:00+00:00
[2024-10-31T15:45:33.639+0000] {processor.py:183} INFO - Processing /home/airflow/.local/lib/python3.11/site-packages/airflow/example_dags/example_setup_teardown.py took 0.078 seconds
[2024-10-31T15:46:03.965+0000] {processor.py:161} INFO - Started process (PID=1380) to work on /home/airflow/.local/lib/python3.11/site-packages/airflow/example_dags/example_setup_teardown.py
[2024-10-31T15:46:03.966+0000] {processor.py:830} INFO - Processing file /home/airflow/.local/lib/python3.11/site-packages/airflow/example_dags/example_setup_teardown.py for tasks to queue
[2024-10-31T15:46:03.969+0000] {logging_mixin.py:188} INFO - [2024-10-31T15:46:03.968+0000] {dagbag.py:545} INFO - Filling up the DagBag from /home/airflow/.local/lib/python3.11/site-packages/airflow/example_dags/example_setup_teardown.py
[2024-10-31T15:46:03.977+0000] {processor.py:840} INFO - DAG(s) 'example_setup_teardown' retrieved from /home/airflow/.local/lib/python3.11/site-packages/airflow/example_dags/example_setup_teardown.py
[2024-10-31T15:46:04.008+0000] {logging_mixin.py:188} INFO - [2024-10-31T15:46:04.007+0000] {dag.py:3096} INFO - Sync 1 DAGs
[2024-10-31T15:46:04.041+0000] {logging_mixin.py:188} INFO - [2024-10-31T15:46:04.041+0000] {dag.py:3954} INFO - Setting next_dagrun for example_setup_teardown to 2024-10-30 00:00:00+00:00, run_after=2024-10-31 00:00:00+00:00
[2024-10-31T15:46:04.074+0000] {processor.py:183} INFO - Processing /home/airflow/.local/lib/python3.11/site-packages/airflow/example_dags/example_setup_teardown.py took 0.117 seconds
[2024-10-31T15:46:35.531+0000] {processor.py:161} INFO - Started process (PID=1646) to work on /home/airflow/.local/lib/python3.11/site-packages/airflow/example_dags/example_setup_teardown.py
[2024-10-31T15:46:35.533+0000] {processor.py:830} INFO - Processing file /home/airflow/.local/lib/python3.11/site-packages/airflow/example_dags/example_setup_teardown.py for tasks to queue
[2024-10-31T15:46:35.535+0000] {logging_mixin.py:188} INFO - [2024-10-31T15:46:35.535+0000] {dagbag.py:545} INFO - Filling up the DagBag from /home/airflow/.local/lib/python3.11/site-packages/airflow/example_dags/example_setup_teardown.py
[2024-10-31T15:46:35.542+0000] {processor.py:840} INFO - DAG(s) 'example_setup_teardown' retrieved from /home/airflow/.local/lib/python3.11/site-packages/airflow/example_dags/example_setup_teardown.py
[2024-10-31T15:46:35.568+0000] {logging_mixin.py:188} INFO - [2024-10-31T15:46:35.568+0000] {dag.py:3096} INFO - Sync 1 DAGs
[2024-10-31T15:46:35.589+0000] {logging_mixin.py:188} INFO - [2024-10-31T15:46:35.588+0000] {dag.py:3954} INFO - Setting next_dagrun for example_setup_teardown to 2024-10-30 00:00:00+00:00, run_after=2024-10-31 00:00:00+00:00
[2024-10-31T15:46:35.609+0000] {processor.py:183} INFO - Processing /home/airflow/.local/lib/python3.11/site-packages/airflow/example_dags/example_setup_teardown.py took 0.086 seconds
