[2024-10-31T06:17:12.001+0000] {processor.py:161} INFO - Started process (PID=245) to work on /home/airflow/.local/lib/python3.11/site-packages/airflow/example_dags/example_latest_only.py
[2024-10-31T06:17:12.003+0000] {processor.py:830} INFO - Processing file /home/airflow/.local/lib/python3.11/site-packages/airflow/example_dags/example_latest_only.py for tasks to queue
[2024-10-31T06:17:12.005+0000] {logging_mixin.py:188} INFO - [2024-10-31T06:17:12.005+0000] {dagbag.py:545} INFO - Filling up the DagBag from /home/airflow/.local/lib/python3.11/site-packages/airflow/example_dags/example_latest_only.py
[2024-10-31T06:17:12.012+0000] {processor.py:840} INFO - DAG(s) 'latest_only' retrieved from /home/airflow/.local/lib/python3.11/site-packages/airflow/example_dags/example_latest_only.py
[2024-10-31T06:17:12.023+0000] {logging_mixin.py:188} INFO - [2024-10-31T06:17:12.023+0000] {dag.py:3096} INFO - Sync 1 DAGs
[2024-10-31T06:17:12.044+0000] {logging_mixin.py:188} INFO - [2024-10-31T06:17:12.043+0000] {dag.py:3954} INFO - Setting next_dagrun for latest_only to 2024-10-31 00:00:00+00:00, run_after=2024-10-31 04:00:00+00:00
[2024-10-31T06:17:12.063+0000] {processor.py:183} INFO - Processing /home/airflow/.local/lib/python3.11/site-packages/airflow/example_dags/example_latest_only.py took 0.068 seconds
[2024-10-31T06:17:43.448+0000] {processor.py:161} INFO - Started process (PID=517) to work on /home/airflow/.local/lib/python3.11/site-packages/airflow/example_dags/example_latest_only.py
[2024-10-31T06:17:43.449+0000] {processor.py:830} INFO - Processing file /home/airflow/.local/lib/python3.11/site-packages/airflow/example_dags/example_latest_only.py for tasks to queue
[2024-10-31T06:17:43.451+0000] {logging_mixin.py:188} INFO - [2024-10-31T06:17:43.451+0000] {dagbag.py:545} INFO - Filling up the DagBag from /home/airflow/.local/lib/python3.11/site-packages/airflow/example_dags/example_latest_only.py
[2024-10-31T06:17:43.456+0000] {processor.py:840} INFO - DAG(s) 'latest_only' retrieved from /home/airflow/.local/lib/python3.11/site-packages/airflow/example_dags/example_latest_only.py
[2024-10-31T06:17:43.537+0000] {logging_mixin.py:188} INFO - [2024-10-31T06:17:43.537+0000] {dag.py:3096} INFO - Sync 1 DAGs
[2024-10-31T06:17:43.552+0000] {logging_mixin.py:188} INFO - [2024-10-31T06:17:43.552+0000] {dag.py:3954} INFO - Setting next_dagrun for latest_only to 2024-10-31 00:00:00+00:00, run_after=2024-10-31 04:00:00+00:00
[2024-10-31T06:17:43.567+0000] {processor.py:183} INFO - Processing /home/airflow/.local/lib/python3.11/site-packages/airflow/example_dags/example_latest_only.py took 0.126 seconds
[2024-10-31T06:18:13.603+0000] {processor.py:161} INFO - Started process (PID=797) to work on /home/airflow/.local/lib/python3.11/site-packages/airflow/example_dags/example_latest_only.py
[2024-10-31T06:18:13.604+0000] {processor.py:830} INFO - Processing file /home/airflow/.local/lib/python3.11/site-packages/airflow/example_dags/example_latest_only.py for tasks to queue
[2024-10-31T06:18:13.605+0000] {logging_mixin.py:188} INFO - [2024-10-31T06:18:13.605+0000] {dagbag.py:545} INFO - Filling up the DagBag from /home/airflow/.local/lib/python3.11/site-packages/airflow/example_dags/example_latest_only.py
[2024-10-31T06:18:13.609+0000] {processor.py:840} INFO - DAG(s) 'latest_only' retrieved from /home/airflow/.local/lib/python3.11/site-packages/airflow/example_dags/example_latest_only.py
[2024-10-31T06:18:13.626+0000] {logging_mixin.py:188} INFO - [2024-10-31T06:18:13.626+0000] {dag.py:3096} INFO - Sync 1 DAGs
[2024-10-31T06:18:13.651+0000] {logging_mixin.py:188} INFO - [2024-10-31T06:18:13.650+0000] {dag.py:3954} INFO - Setting next_dagrun for latest_only to 2024-10-31 00:00:00+00:00, run_after=2024-10-31 04:00:00+00:00
[2024-10-31T06:18:13.667+0000] {processor.py:183} INFO - Processing /home/airflow/.local/lib/python3.11/site-packages/airflow/example_dags/example_latest_only.py took 0.069 seconds
[2024-10-31T06:18:44.704+0000] {processor.py:161} INFO - Started process (PID=1064) to work on /home/airflow/.local/lib/python3.11/site-packages/airflow/example_dags/example_latest_only.py
[2024-10-31T06:18:44.706+0000] {processor.py:830} INFO - Processing file /home/airflow/.local/lib/python3.11/site-packages/airflow/example_dags/example_latest_only.py for tasks to queue
[2024-10-31T06:18:44.708+0000] {logging_mixin.py:188} INFO - [2024-10-31T06:18:44.707+0000] {dagbag.py:545} INFO - Filling up the DagBag from /home/airflow/.local/lib/python3.11/site-packages/airflow/example_dags/example_latest_only.py
[2024-10-31T06:18:44.712+0000] {processor.py:840} INFO - DAG(s) 'latest_only' retrieved from /home/airflow/.local/lib/python3.11/site-packages/airflow/example_dags/example_latest_only.py
[2024-10-31T06:18:44.729+0000] {logging_mixin.py:188} INFO - [2024-10-31T06:18:44.729+0000] {dag.py:3096} INFO - Sync 1 DAGs
[2024-10-31T06:18:44.750+0000] {logging_mixin.py:188} INFO - [2024-10-31T06:18:44.749+0000] {dag.py:3954} INFO - Setting next_dagrun for latest_only to 2024-10-31 00:00:00+00:00, run_after=2024-10-31 04:00:00+00:00
[2024-10-31T06:18:44.767+0000] {processor.py:183} INFO - Processing /home/airflow/.local/lib/python3.11/site-packages/airflow/example_dags/example_latest_only.py took 0.068 seconds
[2024-10-31T15:43:58.835+0000] {processor.py:161} INFO - Started process (PID=250) to work on /home/airflow/.local/lib/python3.11/site-packages/airflow/example_dags/example_latest_only.py
[2024-10-31T15:43:58.837+0000] {processor.py:830} INFO - Processing file /home/airflow/.local/lib/python3.11/site-packages/airflow/example_dags/example_latest_only.py for tasks to queue
[2024-10-31T15:43:58.839+0000] {logging_mixin.py:188} INFO - [2024-10-31T15:43:58.839+0000] {dagbag.py:545} INFO - Filling up the DagBag from /home/airflow/.local/lib/python3.11/site-packages/airflow/example_dags/example_latest_only.py
[2024-10-31T15:43:58.851+0000] {processor.py:840} INFO - DAG(s) 'latest_only' retrieved from /home/airflow/.local/lib/python3.11/site-packages/airflow/example_dags/example_latest_only.py
[2024-10-31T15:43:58.867+0000] {logging_mixin.py:188} INFO - [2024-10-31T15:43:58.866+0000] {dag.py:3096} INFO - Sync 1 DAGs
[2024-10-31T15:43:58.892+0000] {logging_mixin.py:188} INFO - [2024-10-31T15:43:58.891+0000] {dag.py:3954} INFO - Setting next_dagrun for latest_only to 2024-10-31 08:00:00+00:00, run_after=2024-10-31 12:00:00+00:00
[2024-10-31T15:43:58.916+0000] {processor.py:183} INFO - Processing /home/airflow/.local/lib/python3.11/site-packages/airflow/example_dags/example_latest_only.py took 0.089 seconds
[2024-10-31T15:44:30.856+0000] {processor.py:161} INFO - Started process (PID=516) to work on /home/airflow/.local/lib/python3.11/site-packages/airflow/example_dags/example_latest_only.py
[2024-10-31T15:44:30.857+0000] {processor.py:830} INFO - Processing file /home/airflow/.local/lib/python3.11/site-packages/airflow/example_dags/example_latest_only.py for tasks to queue
[2024-10-31T15:44:30.860+0000] {logging_mixin.py:188} INFO - [2024-10-31T15:44:30.859+0000] {dagbag.py:545} INFO - Filling up the DagBag from /home/airflow/.local/lib/python3.11/site-packages/airflow/example_dags/example_latest_only.py
[2024-10-31T15:44:30.866+0000] {processor.py:840} INFO - DAG(s) 'latest_only' retrieved from /home/airflow/.local/lib/python3.11/site-packages/airflow/example_dags/example_latest_only.py
[2024-10-31T15:44:30.971+0000] {logging_mixin.py:188} INFO - [2024-10-31T15:44:30.971+0000] {dag.py:3096} INFO - Sync 1 DAGs
[2024-10-31T15:44:30.991+0000] {logging_mixin.py:188} INFO - [2024-10-31T15:44:30.990+0000] {dag.py:3954} INFO - Setting next_dagrun for latest_only to 2024-10-31 08:00:00+00:00, run_after=2024-10-31 12:00:00+00:00
[2024-10-31T15:44:31.015+0000] {processor.py:183} INFO - Processing /home/airflow/.local/lib/python3.11/site-packages/airflow/example_dags/example_latest_only.py took 0.166 seconds
[2024-10-31T15:45:01.126+0000] {processor.py:161} INFO - Started process (PID=784) to work on /home/airflow/.local/lib/python3.11/site-packages/airflow/example_dags/example_latest_only.py
[2024-10-31T15:45:01.127+0000] {processor.py:830} INFO - Processing file /home/airflow/.local/lib/python3.11/site-packages/airflow/example_dags/example_latest_only.py for tasks to queue
[2024-10-31T15:45:01.129+0000] {logging_mixin.py:188} INFO - [2024-10-31T15:45:01.129+0000] {dagbag.py:545} INFO - Filling up the DagBag from /home/airflow/.local/lib/python3.11/site-packages/airflow/example_dags/example_latest_only.py
[2024-10-31T15:45:01.133+0000] {processor.py:840} INFO - DAG(s) 'latest_only' retrieved from /home/airflow/.local/lib/python3.11/site-packages/airflow/example_dags/example_latest_only.py
[2024-10-31T15:45:01.152+0000] {logging_mixin.py:188} INFO - [2024-10-31T15:45:01.151+0000] {dag.py:3096} INFO - Sync 1 DAGs
[2024-10-31T15:45:01.174+0000] {logging_mixin.py:188} INFO - [2024-10-31T15:45:01.173+0000] {dag.py:3954} INFO - Setting next_dagrun for latest_only to 2024-10-31 08:00:00+00:00, run_after=2024-10-31 12:00:00+00:00
[2024-10-31T15:45:01.204+0000] {processor.py:183} INFO - Processing /home/airflow/.local/lib/python3.11/site-packages/airflow/example_dags/example_latest_only.py took 0.085 seconds
[2024-10-31T15:45:31.939+0000] {processor.py:161} INFO - Started process (PID=1054) to work on /home/airflow/.local/lib/python3.11/site-packages/airflow/example_dags/example_latest_only.py
[2024-10-31T15:45:31.940+0000] {processor.py:830} INFO - Processing file /home/airflow/.local/lib/python3.11/site-packages/airflow/example_dags/example_latest_only.py for tasks to queue
[2024-10-31T15:45:31.941+0000] {logging_mixin.py:188} INFO - [2024-10-31T15:45:31.941+0000] {dagbag.py:545} INFO - Filling up the DagBag from /home/airflow/.local/lib/python3.11/site-packages/airflow/example_dags/example_latest_only.py
[2024-10-31T15:45:31.945+0000] {processor.py:840} INFO - DAG(s) 'latest_only' retrieved from /home/airflow/.local/lib/python3.11/site-packages/airflow/example_dags/example_latest_only.py
[2024-10-31T15:45:31.964+0000] {logging_mixin.py:188} INFO - [2024-10-31T15:45:31.964+0000] {dag.py:3096} INFO - Sync 1 DAGs
[2024-10-31T15:45:31.982+0000] {logging_mixin.py:188} INFO - [2024-10-31T15:45:31.982+0000] {dag.py:3954} INFO - Setting next_dagrun for latest_only to 2024-10-31 08:00:00+00:00, run_after=2024-10-31 12:00:00+00:00
[2024-10-31T15:45:32.003+0000] {processor.py:183} INFO - Processing /home/airflow/.local/lib/python3.11/site-packages/airflow/example_dags/example_latest_only.py took 0.069 seconds
[2024-10-31T15:46:03.001+0000] {processor.py:161} INFO - Started process (PID=1320) to work on /home/airflow/.local/lib/python3.11/site-packages/airflow/example_dags/example_latest_only.py
[2024-10-31T15:46:03.002+0000] {processor.py:830} INFO - Processing file /home/airflow/.local/lib/python3.11/site-packages/airflow/example_dags/example_latest_only.py for tasks to queue
[2024-10-31T15:46:03.004+0000] {logging_mixin.py:188} INFO - [2024-10-31T15:46:03.004+0000] {dagbag.py:545} INFO - Filling up the DagBag from /home/airflow/.local/lib/python3.11/site-packages/airflow/example_dags/example_latest_only.py
[2024-10-31T15:46:03.009+0000] {processor.py:840} INFO - DAG(s) 'latest_only' retrieved from /home/airflow/.local/lib/python3.11/site-packages/airflow/example_dags/example_latest_only.py
[2024-10-31T15:46:03.031+0000] {logging_mixin.py:188} INFO - [2024-10-31T15:46:03.031+0000] {dag.py:3096} INFO - Sync 1 DAGs
[2024-10-31T15:46:03.051+0000] {logging_mixin.py:188} INFO - [2024-10-31T15:46:03.051+0000] {dag.py:3954} INFO - Setting next_dagrun for latest_only to 2024-10-31 08:00:00+00:00, run_after=2024-10-31 12:00:00+00:00
[2024-10-31T15:46:03.077+0000] {processor.py:183} INFO - Processing /home/airflow/.local/lib/python3.11/site-packages/airflow/example_dags/example_latest_only.py took 0.082 seconds
[2024-10-31T15:46:34.262+0000] {processor.py:161} INFO - Started process (PID=1586) to work on /home/airflow/.local/lib/python3.11/site-packages/airflow/example_dags/example_latest_only.py
[2024-10-31T15:46:34.264+0000] {processor.py:830} INFO - Processing file /home/airflow/.local/lib/python3.11/site-packages/airflow/example_dags/example_latest_only.py for tasks to queue
[2024-10-31T15:46:34.270+0000] {logging_mixin.py:188} INFO - [2024-10-31T15:46:34.269+0000] {dagbag.py:545} INFO - Filling up the DagBag from /home/airflow/.local/lib/python3.11/site-packages/airflow/example_dags/example_latest_only.py
[2024-10-31T15:46:34.279+0000] {processor.py:840} INFO - DAG(s) 'latest_only' retrieved from /home/airflow/.local/lib/python3.11/site-packages/airflow/example_dags/example_latest_only.py
[2024-10-31T15:46:34.336+0000] {logging_mixin.py:188} INFO - [2024-10-31T15:46:34.335+0000] {dag.py:3096} INFO - Sync 1 DAGs
[2024-10-31T15:46:34.381+0000] {logging_mixin.py:188} INFO - [2024-10-31T15:46:34.381+0000] {dag.py:3954} INFO - Setting next_dagrun for latest_only to 2024-10-31 08:00:00+00:00, run_after=2024-10-31 12:00:00+00:00
[2024-10-31T15:46:34.424+0000] {processor.py:183} INFO - Processing /home/airflow/.local/lib/python3.11/site-packages/airflow/example_dags/example_latest_only.py took 0.175 seconds
