[2024-10-31T06:17:12.850+0000] {processor.py:161} INFO - Started process (PID=310) to work on /home/airflow/.local/lib/python3.11/site-packages/airflow/example_dags/example_task_group.py
[2024-10-31T06:17:12.851+0000] {processor.py:830} INFO - Processing file /home/airflow/.local/lib/python3.11/site-packages/airflow/example_dags/example_task_group.py for tasks to queue
[2024-10-31T06:17:12.853+0000] {logging_mixin.py:188} INFO - [2024-10-31T06:17:12.853+0000] {dagbag.py:545} INFO - Filling up the DagBag from /home/airflow/.local/lib/python3.11/site-packages/airflow/example_dags/example_task_group.py
[2024-10-31T06:17:12.864+0000] {processor.py:840} INFO - DAG(s) 'example_task_group' retrieved from /home/airflow/.local/lib/python3.11/site-packages/airflow/example_dags/example_task_group.py
[2024-10-31T06:17:12.876+0000] {logging_mixin.py:188} INFO - [2024-10-31T06:17:12.876+0000] {dag.py:3096} INFO - Sync 1 DAGs
[2024-10-31T06:17:12.897+0000] {logging_mixin.py:188} INFO - [2024-10-31T06:17:12.896+0000] {dag.py:3954} INFO - Setting next_dagrun for example_task_group to 2024-10-30 00:00:00+00:00, run_after=2024-10-31 00:00:00+00:00
[2024-10-31T06:17:12.915+0000] {processor.py:183} INFO - Processing /home/airflow/.local/lib/python3.11/site-packages/airflow/example_dags/example_task_group.py took 0.070 seconds
[2024-10-31T06:17:44.524+0000] {processor.py:161} INFO - Started process (PID=582) to work on /home/airflow/.local/lib/python3.11/site-packages/airflow/example_dags/example_task_group.py
[2024-10-31T06:17:44.525+0000] {processor.py:830} INFO - Processing file /home/airflow/.local/lib/python3.11/site-packages/airflow/example_dags/example_task_group.py for tasks to queue
[2024-10-31T06:17:44.527+0000] {logging_mixin.py:188} INFO - [2024-10-31T06:17:44.526+0000] {dagbag.py:545} INFO - Filling up the DagBag from /home/airflow/.local/lib/python3.11/site-packages/airflow/example_dags/example_task_group.py
[2024-10-31T06:17:44.536+0000] {processor.py:840} INFO - DAG(s) 'example_task_group' retrieved from /home/airflow/.local/lib/python3.11/site-packages/airflow/example_dags/example_task_group.py
[2024-10-31T06:17:44.664+0000] {logging_mixin.py:188} INFO - [2024-10-31T06:17:44.663+0000] {dag.py:3096} INFO - Sync 1 DAGs
[2024-10-31T06:17:44.684+0000] {logging_mixin.py:188} INFO - [2024-10-31T06:17:44.684+0000] {dag.py:3954} INFO - Setting next_dagrun for example_task_group to 2024-10-30 00:00:00+00:00, run_after=2024-10-31 00:00:00+00:00
[2024-10-31T06:17:44.705+0000] {processor.py:183} INFO - Processing /home/airflow/.local/lib/python3.11/site-packages/airflow/example_dags/example_task_group.py took 0.187 seconds
[2024-10-31T06:18:15.644+0000] {processor.py:161} INFO - Started process (PID=864) to work on /home/airflow/.local/lib/python3.11/site-packages/airflow/example_dags/example_task_group.py
[2024-10-31T06:18:15.644+0000] {processor.py:830} INFO - Processing file /home/airflow/.local/lib/python3.11/site-packages/airflow/example_dags/example_task_group.py for tasks to queue
[2024-10-31T06:18:15.646+0000] {logging_mixin.py:188} INFO - [2024-10-31T06:18:15.646+0000] {dagbag.py:545} INFO - Filling up the DagBag from /home/airflow/.local/lib/python3.11/site-packages/airflow/example_dags/example_task_group.py
[2024-10-31T06:18:15.652+0000] {processor.py:840} INFO - DAG(s) 'example_task_group' retrieved from /home/airflow/.local/lib/python3.11/site-packages/airflow/example_dags/example_task_group.py
[2024-10-31T06:18:15.670+0000] {logging_mixin.py:188} INFO - [2024-10-31T06:18:15.670+0000] {dag.py:3096} INFO - Sync 1 DAGs
[2024-10-31T06:18:15.686+0000] {logging_mixin.py:188} INFO - [2024-10-31T06:18:15.686+0000] {dag.py:3954} INFO - Setting next_dagrun for example_task_group to 2024-10-30 00:00:00+00:00, run_after=2024-10-31 00:00:00+00:00
[2024-10-31T06:18:15.703+0000] {processor.py:183} INFO - Processing /home/airflow/.local/lib/python3.11/site-packages/airflow/example_dags/example_task_group.py took 0.064 seconds
[2024-10-31T06:18:46.454+0000] {processor.py:161} INFO - Started process (PID=1131) to work on /home/airflow/.local/lib/python3.11/site-packages/airflow/example_dags/example_task_group.py
[2024-10-31T06:18:46.455+0000] {processor.py:830} INFO - Processing file /home/airflow/.local/lib/python3.11/site-packages/airflow/example_dags/example_task_group.py for tasks to queue
[2024-10-31T06:18:46.456+0000] {logging_mixin.py:188} INFO - [2024-10-31T06:18:46.456+0000] {dagbag.py:545} INFO - Filling up the DagBag from /home/airflow/.local/lib/python3.11/site-packages/airflow/example_dags/example_task_group.py
[2024-10-31T06:18:46.463+0000] {processor.py:840} INFO - DAG(s) 'example_task_group' retrieved from /home/airflow/.local/lib/python3.11/site-packages/airflow/example_dags/example_task_group.py
[2024-10-31T06:18:46.482+0000] {logging_mixin.py:188} INFO - [2024-10-31T06:18:46.482+0000] {dag.py:3096} INFO - Sync 1 DAGs
[2024-10-31T06:18:46.500+0000] {logging_mixin.py:188} INFO - [2024-10-31T06:18:46.499+0000] {dag.py:3954} INFO - Setting next_dagrun for example_task_group to 2024-10-30 00:00:00+00:00, run_after=2024-10-31 00:00:00+00:00
[2024-10-31T06:18:46.514+0000] {processor.py:183} INFO - Processing /home/airflow/.local/lib/python3.11/site-packages/airflow/example_dags/example_task_group.py took 0.065 seconds
[2024-10-31T15:43:59.937+0000] {processor.py:161} INFO - Started process (PID=315) to work on /home/airflow/.local/lib/python3.11/site-packages/airflow/example_dags/example_task_group.py
[2024-10-31T15:43:59.939+0000] {processor.py:830} INFO - Processing file /home/airflow/.local/lib/python3.11/site-packages/airflow/example_dags/example_task_group.py for tasks to queue
[2024-10-31T15:43:59.941+0000] {logging_mixin.py:188} INFO - [2024-10-31T15:43:59.940+0000] {dagbag.py:545} INFO - Filling up the DagBag from /home/airflow/.local/lib/python3.11/site-packages/airflow/example_dags/example_task_group.py
[2024-10-31T15:43:59.952+0000] {processor.py:840} INFO - DAG(s) 'example_task_group' retrieved from /home/airflow/.local/lib/python3.11/site-packages/airflow/example_dags/example_task_group.py
[2024-10-31T15:43:59.966+0000] {logging_mixin.py:188} INFO - [2024-10-31T15:43:59.965+0000] {dag.py:3096} INFO - Sync 1 DAGs
[2024-10-31T15:43:59.992+0000] {logging_mixin.py:188} INFO - [2024-10-31T15:43:59.992+0000] {dag.py:3954} INFO - Setting next_dagrun for example_task_group to 2024-10-30 00:00:00+00:00, run_after=2024-10-31 00:00:00+00:00
[2024-10-31T15:44:00.016+0000] {processor.py:183} INFO - Processing /home/airflow/.local/lib/python3.11/site-packages/airflow/example_dags/example_task_group.py took 0.085 seconds
[2024-10-31T15:44:32.246+0000] {processor.py:161} INFO - Started process (PID=587) to work on /home/airflow/.local/lib/python3.11/site-packages/airflow/example_dags/example_task_group.py
[2024-10-31T15:44:32.248+0000] {processor.py:830} INFO - Processing file /home/airflow/.local/lib/python3.11/site-packages/airflow/example_dags/example_task_group.py for tasks to queue
[2024-10-31T15:44:32.250+0000] {logging_mixin.py:188} INFO - [2024-10-31T15:44:32.249+0000] {dagbag.py:545} INFO - Filling up the DagBag from /home/airflow/.local/lib/python3.11/site-packages/airflow/example_dags/example_task_group.py
[2024-10-31T15:44:32.257+0000] {processor.py:840} INFO - DAG(s) 'example_task_group' retrieved from /home/airflow/.local/lib/python3.11/site-packages/airflow/example_dags/example_task_group.py
[2024-10-31T15:44:32.396+0000] {logging_mixin.py:188} INFO - [2024-10-31T15:44:32.395+0000] {dag.py:3096} INFO - Sync 1 DAGs
[2024-10-31T15:44:32.414+0000] {logging_mixin.py:188} INFO - [2024-10-31T15:44:32.414+0000] {dag.py:3954} INFO - Setting next_dagrun for example_task_group to 2024-10-30 00:00:00+00:00, run_after=2024-10-31 00:00:00+00:00
[2024-10-31T15:44:32.433+0000] {processor.py:183} INFO - Processing /home/airflow/.local/lib/python3.11/site-packages/airflow/example_dags/example_task_group.py took 0.192 seconds
[2024-10-31T15:45:03.203+0000] {processor.py:161} INFO - Started process (PID=853) to work on /home/airflow/.local/lib/python3.11/site-packages/airflow/example_dags/example_task_group.py
[2024-10-31T15:45:03.204+0000] {processor.py:830} INFO - Processing file /home/airflow/.local/lib/python3.11/site-packages/airflow/example_dags/example_task_group.py for tasks to queue
[2024-10-31T15:45:03.207+0000] {logging_mixin.py:188} INFO - [2024-10-31T15:45:03.206+0000] {dagbag.py:545} INFO - Filling up the DagBag from /home/airflow/.local/lib/python3.11/site-packages/airflow/example_dags/example_task_group.py
[2024-10-31T15:45:03.222+0000] {processor.py:840} INFO - DAG(s) 'example_task_group' retrieved from /home/airflow/.local/lib/python3.11/site-packages/airflow/example_dags/example_task_group.py
[2024-10-31T15:45:03.264+0000] {logging_mixin.py:188} INFO - [2024-10-31T15:45:03.264+0000] {dag.py:3096} INFO - Sync 1 DAGs
[2024-10-31T15:45:03.294+0000] {logging_mixin.py:188} INFO - [2024-10-31T15:45:03.294+0000] {dag.py:3954} INFO - Setting next_dagrun for example_task_group to 2024-10-30 00:00:00+00:00, run_after=2024-10-31 00:00:00+00:00
[2024-10-31T15:45:03.334+0000] {processor.py:183} INFO - Processing /home/airflow/.local/lib/python3.11/site-packages/airflow/example_dags/example_task_group.py took 0.138 seconds
[2024-10-31T15:45:33.591+0000] {processor.py:161} INFO - Started process (PID=1119) to work on /home/airflow/.local/lib/python3.11/site-packages/airflow/example_dags/example_task_group.py
[2024-10-31T15:45:33.592+0000] {processor.py:830} INFO - Processing file /home/airflow/.local/lib/python3.11/site-packages/airflow/example_dags/example_task_group.py for tasks to queue
[2024-10-31T15:45:33.593+0000] {logging_mixin.py:188} INFO - [2024-10-31T15:45:33.593+0000] {dagbag.py:545} INFO - Filling up the DagBag from /home/airflow/.local/lib/python3.11/site-packages/airflow/example_dags/example_task_group.py
[2024-10-31T15:45:33.602+0000] {processor.py:840} INFO - DAG(s) 'example_task_group' retrieved from /home/airflow/.local/lib/python3.11/site-packages/airflow/example_dags/example_task_group.py
[2024-10-31T15:45:33.625+0000] {logging_mixin.py:188} INFO - [2024-10-31T15:45:33.625+0000] {dag.py:3096} INFO - Sync 1 DAGs
[2024-10-31T15:45:33.645+0000] {logging_mixin.py:188} INFO - [2024-10-31T15:45:33.645+0000] {dag.py:3954} INFO - Setting next_dagrun for example_task_group to 2024-10-30 00:00:00+00:00, run_after=2024-10-31 00:00:00+00:00
[2024-10-31T15:45:33.666+0000] {processor.py:183} INFO - Processing /home/airflow/.local/lib/python3.11/site-packages/airflow/example_dags/example_task_group.py took 0.081 seconds
[2024-10-31T15:46:04.042+0000] {processor.py:161} INFO - Started process (PID=1385) to work on /home/airflow/.local/lib/python3.11/site-packages/airflow/example_dags/example_task_group.py
[2024-10-31T15:46:04.043+0000] {processor.py:830} INFO - Processing file /home/airflow/.local/lib/python3.11/site-packages/airflow/example_dags/example_task_group.py for tasks to queue
[2024-10-31T15:46:04.046+0000] {logging_mixin.py:188} INFO - [2024-10-31T15:46:04.045+0000] {dagbag.py:545} INFO - Filling up the DagBag from /home/airflow/.local/lib/python3.11/site-packages/airflow/example_dags/example_task_group.py
[2024-10-31T15:46:04.059+0000] {processor.py:840} INFO - DAG(s) 'example_task_group' retrieved from /home/airflow/.local/lib/python3.11/site-packages/airflow/example_dags/example_task_group.py
[2024-10-31T15:46:04.086+0000] {logging_mixin.py:188} INFO - [2024-10-31T15:46:04.086+0000] {dag.py:3096} INFO - Sync 1 DAGs
[2024-10-31T15:46:04.117+0000] {logging_mixin.py:188} INFO - [2024-10-31T15:46:04.116+0000] {dag.py:3954} INFO - Setting next_dagrun for example_task_group to 2024-10-30 00:00:00+00:00, run_after=2024-10-31 00:00:00+00:00
[2024-10-31T15:46:04.147+0000] {processor.py:183} INFO - Processing /home/airflow/.local/lib/python3.11/site-packages/airflow/example_dags/example_task_group.py took 0.111 seconds
[2024-10-31T15:46:35.581+0000] {processor.py:161} INFO - Started process (PID=1651) to work on /home/airflow/.local/lib/python3.11/site-packages/airflow/example_dags/example_task_group.py
[2024-10-31T15:46:35.582+0000] {processor.py:830} INFO - Processing file /home/airflow/.local/lib/python3.11/site-packages/airflow/example_dags/example_task_group.py for tasks to queue
[2024-10-31T15:46:35.584+0000] {logging_mixin.py:188} INFO - [2024-10-31T15:46:35.583+0000] {dagbag.py:545} INFO - Filling up the DagBag from /home/airflow/.local/lib/python3.11/site-packages/airflow/example_dags/example_task_group.py
[2024-10-31T15:46:35.590+0000] {processor.py:840} INFO - DAG(s) 'example_task_group' retrieved from /home/airflow/.local/lib/python3.11/site-packages/airflow/example_dags/example_task_group.py
[2024-10-31T15:46:35.612+0000] {logging_mixin.py:188} INFO - [2024-10-31T15:46:35.612+0000] {dag.py:3096} INFO - Sync 1 DAGs
[2024-10-31T15:46:35.636+0000] {logging_mixin.py:188} INFO - [2024-10-31T15:46:35.636+0000] {dag.py:3954} INFO - Setting next_dagrun for example_task_group to 2024-10-30 00:00:00+00:00, run_after=2024-10-31 00:00:00+00:00
[2024-10-31T15:46:35.653+0000] {processor.py:183} INFO - Processing /home/airflow/.local/lib/python3.11/site-packages/airflow/example_dags/example_task_group.py took 0.078 seconds
