[2024-10-31T06:17:11.716+0000] {processor.py:161} INFO - Started process (PID=222) to work on /home/airflow/.local/lib/python3.11/site-packages/airflow/example_dags/example_branch_datetime_operator.py
[2024-10-31T06:17:11.717+0000] {processor.py:830} INFO - Processing file /home/airflow/.local/lib/python3.11/site-packages/airflow/example_dags/example_branch_datetime_operator.py for tasks to queue
[2024-10-31T06:17:11.719+0000] {logging_mixin.py:188} INFO - [2024-10-31T06:17:11.719+0000] {dagbag.py:545} INFO - Filling up the DagBag from /home/airflow/.local/lib/python3.11/site-packages/airflow/example_dags/example_branch_datetime_operator.py
[2024-10-31T06:17:11.729+0000] {processor.py:840} INFO - DAG(s) 'example_branch_datetime_operator', 'example_branch_datetime_operator_2', 'example_branch_datetime_operator_3' retrieved from /home/airflow/.local/lib/python3.11/site-packages/airflow/example_dags/example_branch_datetime_operator.py
[2024-10-31T06:17:11.740+0000] {logging_mixin.py:188} INFO - [2024-10-31T06:17:11.739+0000] {dag.py:3096} INFO - Sync 3 DAGs
[2024-10-31T06:17:11.759+0000] {logging_mixin.py:188} INFO - [2024-10-31T06:17:11.759+0000] {dag.py:3954} INFO - Setting next_dagrun for example_branch_datetime_operator to 2024-10-30 00:00:00+00:00, run_after=2024-10-31 00:00:00+00:00
[2024-10-31T06:17:11.763+0000] {logging_mixin.py:188} INFO - [2024-10-31T06:17:11.763+0000] {dag.py:3954} INFO - Setting next_dagrun for example_branch_datetime_operator_2 to 2024-10-30 00:00:00+00:00, run_after=2024-10-31 00:00:00+00:00
[2024-10-31T06:17:11.766+0000] {logging_mixin.py:188} INFO - [2024-10-31T06:17:11.765+0000] {dag.py:3954} INFO - Setting next_dagrun for example_branch_datetime_operator_3 to 2024-10-30 00:00:00+00:00, run_after=2024-10-31 00:00:00+00:00
[2024-10-31T06:17:11.782+0000] {processor.py:183} INFO - Processing /home/airflow/.local/lib/python3.11/site-packages/airflow/example_dags/example_branch_datetime_operator.py took 0.071 seconds
[2024-10-31T06:17:43.006+0000] {processor.py:161} INFO - Started process (PID=492) to work on /home/airflow/.local/lib/python3.11/site-packages/airflow/example_dags/example_branch_datetime_operator.py
[2024-10-31T06:17:43.007+0000] {processor.py:830} INFO - Processing file /home/airflow/.local/lib/python3.11/site-packages/airflow/example_dags/example_branch_datetime_operator.py for tasks to queue
[2024-10-31T06:17:43.009+0000] {logging_mixin.py:188} INFO - [2024-10-31T06:17:43.009+0000] {dagbag.py:545} INFO - Filling up the DagBag from /home/airflow/.local/lib/python3.11/site-packages/airflow/example_dags/example_branch_datetime_operator.py
[2024-10-31T06:17:43.019+0000] {processor.py:840} INFO - DAG(s) 'example_branch_datetime_operator_3', 'example_branch_datetime_operator', 'example_branch_datetime_operator_2' retrieved from /home/airflow/.local/lib/python3.11/site-packages/airflow/example_dags/example_branch_datetime_operator.py
[2024-10-31T06:17:43.118+0000] {logging_mixin.py:188} INFO - [2024-10-31T06:17:43.118+0000] {dag.py:3096} INFO - Sync 3 DAGs
[2024-10-31T06:17:43.141+0000] {logging_mixin.py:188} INFO - [2024-10-31T06:17:43.140+0000] {dag.py:3954} INFO - Setting next_dagrun for example_branch_datetime_operator to 2024-10-30 00:00:00+00:00, run_after=2024-10-31 00:00:00+00:00
[2024-10-31T06:17:43.145+0000] {logging_mixin.py:188} INFO - [2024-10-31T06:17:43.145+0000] {dag.py:3954} INFO - Setting next_dagrun for example_branch_datetime_operator_2 to 2024-10-30 00:00:00+00:00, run_after=2024-10-31 00:00:00+00:00
[2024-10-31T06:17:43.148+0000] {logging_mixin.py:188} INFO - [2024-10-31T06:17:43.148+0000] {dag.py:3954} INFO - Setting next_dagrun for example_branch_datetime_operator_3 to 2024-10-30 00:00:00+00:00, run_after=2024-10-31 00:00:00+00:00
[2024-10-31T06:17:43.165+0000] {processor.py:183} INFO - Processing /home/airflow/.local/lib/python3.11/site-packages/airflow/example_dags/example_branch_datetime_operator.py took 0.165 seconds
[2024-10-31T06:18:13.380+0000] {processor.py:161} INFO - Started process (PID=772) to work on /home/airflow/.local/lib/python3.11/site-packages/airflow/example_dags/example_branch_datetime_operator.py
[2024-10-31T06:18:13.381+0000] {processor.py:830} INFO - Processing file /home/airflow/.local/lib/python3.11/site-packages/airflow/example_dags/example_branch_datetime_operator.py for tasks to queue
[2024-10-31T06:18:13.383+0000] {logging_mixin.py:188} INFO - [2024-10-31T06:18:13.382+0000] {dagbag.py:545} INFO - Filling up the DagBag from /home/airflow/.local/lib/python3.11/site-packages/airflow/example_dags/example_branch_datetime_operator.py
[2024-10-31T06:18:13.391+0000] {processor.py:840} INFO - DAG(s) 'example_branch_datetime_operator', 'example_branch_datetime_operator_3', 'example_branch_datetime_operator_2' retrieved from /home/airflow/.local/lib/python3.11/site-packages/airflow/example_dags/example_branch_datetime_operator.py
[2024-10-31T06:18:13.414+0000] {logging_mixin.py:188} INFO - [2024-10-31T06:18:13.414+0000] {dag.py:3096} INFO - Sync 3 DAGs
[2024-10-31T06:18:13.433+0000] {logging_mixin.py:188} INFO - [2024-10-31T06:18:13.433+0000] {dag.py:3954} INFO - Setting next_dagrun for example_branch_datetime_operator to 2024-10-30 00:00:00+00:00, run_after=2024-10-31 00:00:00+00:00
[2024-10-31T06:18:13.436+0000] {logging_mixin.py:188} INFO - [2024-10-31T06:18:13.436+0000] {dag.py:3954} INFO - Setting next_dagrun for example_branch_datetime_operator_2 to 2024-10-30 00:00:00+00:00, run_after=2024-10-31 00:00:00+00:00
[2024-10-31T06:18:13.438+0000] {logging_mixin.py:188} INFO - [2024-10-31T06:18:13.438+0000] {dag.py:3954} INFO - Setting next_dagrun for example_branch_datetime_operator_3 to 2024-10-30 00:00:00+00:00, run_after=2024-10-31 00:00:00+00:00
[2024-10-31T06:18:13.451+0000] {processor.py:183} INFO - Processing /home/airflow/.local/lib/python3.11/site-packages/airflow/example_dags/example_branch_datetime_operator.py took 0.076 seconds
[2024-10-31T06:18:44.477+0000] {processor.py:161} INFO - Started process (PID=1039) to work on /home/airflow/.local/lib/python3.11/site-packages/airflow/example_dags/example_branch_datetime_operator.py
[2024-10-31T06:18:44.478+0000] {processor.py:830} INFO - Processing file /home/airflow/.local/lib/python3.11/site-packages/airflow/example_dags/example_branch_datetime_operator.py for tasks to queue
[2024-10-31T06:18:44.480+0000] {logging_mixin.py:188} INFO - [2024-10-31T06:18:44.480+0000] {dagbag.py:545} INFO - Filling up the DagBag from /home/airflow/.local/lib/python3.11/site-packages/airflow/example_dags/example_branch_datetime_operator.py
[2024-10-31T06:18:44.489+0000] {processor.py:840} INFO - DAG(s) 'example_branch_datetime_operator_3', 'example_branch_datetime_operator', 'example_branch_datetime_operator_2' retrieved from /home/airflow/.local/lib/python3.11/site-packages/airflow/example_dags/example_branch_datetime_operator.py
[2024-10-31T06:18:44.511+0000] {logging_mixin.py:188} INFO - [2024-10-31T06:18:44.511+0000] {dag.py:3096} INFO - Sync 3 DAGs
[2024-10-31T06:18:44.530+0000] {logging_mixin.py:188} INFO - [2024-10-31T06:18:44.530+0000] {dag.py:3954} INFO - Setting next_dagrun for example_branch_datetime_operator to 2024-10-30 00:00:00+00:00, run_after=2024-10-31 00:00:00+00:00
[2024-10-31T06:18:44.534+0000] {logging_mixin.py:188} INFO - [2024-10-31T06:18:44.534+0000] {dag.py:3954} INFO - Setting next_dagrun for example_branch_datetime_operator_2 to 2024-10-30 00:00:00+00:00, run_after=2024-10-31 00:00:00+00:00
[2024-10-31T06:18:44.536+0000] {logging_mixin.py:188} INFO - [2024-10-31T06:18:44.536+0000] {dag.py:3954} INFO - Setting next_dagrun for example_branch_datetime_operator_3 to 2024-10-30 00:00:00+00:00, run_after=2024-10-31 00:00:00+00:00
[2024-10-31T06:18:44.549+0000] {processor.py:183} INFO - Processing /home/airflow/.local/lib/python3.11/site-packages/airflow/example_dags/example_branch_datetime_operator.py took 0.076 seconds
[2024-10-31T15:43:58.482+0000] {processor.py:161} INFO - Started process (PID=225) to work on /home/airflow/.local/lib/python3.11/site-packages/airflow/example_dags/example_branch_datetime_operator.py
[2024-10-31T15:43:58.484+0000] {processor.py:830} INFO - Processing file /home/airflow/.local/lib/python3.11/site-packages/airflow/example_dags/example_branch_datetime_operator.py for tasks to queue
[2024-10-31T15:43:58.490+0000] {logging_mixin.py:188} INFO - [2024-10-31T15:43:58.490+0000] {dagbag.py:545} INFO - Filling up the DagBag from /home/airflow/.local/lib/python3.11/site-packages/airflow/example_dags/example_branch_datetime_operator.py
[2024-10-31T15:43:58.504+0000] {processor.py:840} INFO - DAG(s) 'example_branch_datetime_operator_3', 'example_branch_datetime_operator', 'example_branch_datetime_operator_2' retrieved from /home/airflow/.local/lib/python3.11/site-packages/airflow/example_dags/example_branch_datetime_operator.py
[2024-10-31T15:43:58.518+0000] {logging_mixin.py:188} INFO - [2024-10-31T15:43:58.517+0000] {dag.py:3096} INFO - Sync 3 DAGs
[2024-10-31T15:43:58.543+0000] {logging_mixin.py:188} INFO - [2024-10-31T15:43:58.543+0000] {dag.py:3954} INFO - Setting next_dagrun for example_branch_datetime_operator to 2024-10-30 00:00:00+00:00, run_after=2024-10-31 00:00:00+00:00
[2024-10-31T15:43:58.547+0000] {logging_mixin.py:188} INFO - [2024-10-31T15:43:58.547+0000] {dag.py:3954} INFO - Setting next_dagrun for example_branch_datetime_operator_2 to 2024-10-30 00:00:00+00:00, run_after=2024-10-31 00:00:00+00:00
[2024-10-31T15:43:58.550+0000] {logging_mixin.py:188} INFO - [2024-10-31T15:43:58.550+0000] {dag.py:3954} INFO - Setting next_dagrun for example_branch_datetime_operator_3 to 2024-10-30 00:00:00+00:00, run_after=2024-10-31 00:00:00+00:00
[2024-10-31T15:43:58.572+0000] {processor.py:183} INFO - Processing /home/airflow/.local/lib/python3.11/site-packages/airflow/example_dags/example_branch_datetime_operator.py took 0.096 seconds
[2024-10-31T15:44:30.166+0000] {processor.py:161} INFO - Started process (PID=491) to work on /home/airflow/.local/lib/python3.11/site-packages/airflow/example_dags/example_branch_datetime_operator.py
[2024-10-31T15:44:30.168+0000] {processor.py:830} INFO - Processing file /home/airflow/.local/lib/python3.11/site-packages/airflow/example_dags/example_branch_datetime_operator.py for tasks to queue
[2024-10-31T15:44:30.170+0000] {logging_mixin.py:188} INFO - [2024-10-31T15:44:30.170+0000] {dagbag.py:545} INFO - Filling up the DagBag from /home/airflow/.local/lib/python3.11/site-packages/airflow/example_dags/example_branch_datetime_operator.py
[2024-10-31T15:44:30.181+0000] {processor.py:840} INFO - DAG(s) 'example_branch_datetime_operator', 'example_branch_datetime_operator_3', 'example_branch_datetime_operator_2' retrieved from /home/airflow/.local/lib/python3.11/site-packages/airflow/example_dags/example_branch_datetime_operator.py
[2024-10-31T15:44:30.307+0000] {logging_mixin.py:188} INFO - [2024-10-31T15:44:30.306+0000] {dag.py:3096} INFO - Sync 3 DAGs
[2024-10-31T15:44:30.329+0000] {logging_mixin.py:188} INFO - [2024-10-31T15:44:30.328+0000] {dag.py:3954} INFO - Setting next_dagrun for example_branch_datetime_operator to 2024-10-30 00:00:00+00:00, run_after=2024-10-31 00:00:00+00:00
[2024-10-31T15:44:30.332+0000] {logging_mixin.py:188} INFO - [2024-10-31T15:44:30.332+0000] {dag.py:3954} INFO - Setting next_dagrun for example_branch_datetime_operator_2 to 2024-10-30 00:00:00+00:00, run_after=2024-10-31 00:00:00+00:00
[2024-10-31T15:44:30.335+0000] {logging_mixin.py:188} INFO - [2024-10-31T15:44:30.334+0000] {dag.py:3954} INFO - Setting next_dagrun for example_branch_datetime_operator_3 to 2024-10-30 00:00:00+00:00, run_after=2024-10-31 00:00:00+00:00
[2024-10-31T15:44:30.355+0000] {processor.py:183} INFO - Processing /home/airflow/.local/lib/python3.11/site-packages/airflow/example_dags/example_branch_datetime_operator.py took 0.195 seconds
[2024-10-31T15:45:00.642+0000] {processor.py:161} INFO - Started process (PID=757) to work on /home/airflow/.local/lib/python3.11/site-packages/airflow/example_dags/example_branch_datetime_operator.py
[2024-10-31T15:45:00.643+0000] {processor.py:830} INFO - Processing file /home/airflow/.local/lib/python3.11/site-packages/airflow/example_dags/example_branch_datetime_operator.py for tasks to queue
[2024-10-31T15:45:00.646+0000] {logging_mixin.py:188} INFO - [2024-10-31T15:45:00.646+0000] {dagbag.py:545} INFO - Filling up the DagBag from /home/airflow/.local/lib/python3.11/site-packages/airflow/example_dags/example_branch_datetime_operator.py
[2024-10-31T15:45:00.655+0000] {processor.py:840} INFO - DAG(s) 'example_branch_datetime_operator_2', 'example_branch_datetime_operator', 'example_branch_datetime_operator_3' retrieved from /home/airflow/.local/lib/python3.11/site-packages/airflow/example_dags/example_branch_datetime_operator.py
[2024-10-31T15:45:00.682+0000] {logging_mixin.py:188} INFO - [2024-10-31T15:45:00.682+0000] {dag.py:3096} INFO - Sync 3 DAGs
[2024-10-31T15:45:00.704+0000] {logging_mixin.py:188} INFO - [2024-10-31T15:45:00.704+0000] {dag.py:3954} INFO - Setting next_dagrun for example_branch_datetime_operator to 2024-10-30 00:00:00+00:00, run_after=2024-10-31 00:00:00+00:00
[2024-10-31T15:45:00.709+0000] {logging_mixin.py:188} INFO - [2024-10-31T15:45:00.709+0000] {dag.py:3954} INFO - Setting next_dagrun for example_branch_datetime_operator_2 to 2024-10-30 00:00:00+00:00, run_after=2024-10-31 00:00:00+00:00
[2024-10-31T15:45:00.714+0000] {logging_mixin.py:188} INFO - [2024-10-31T15:45:00.713+0000] {dag.py:3954} INFO - Setting next_dagrun for example_branch_datetime_operator_3 to 2024-10-30 00:00:00+00:00, run_after=2024-10-31 00:00:00+00:00
[2024-10-31T15:45:00.729+0000] {processor.py:183} INFO - Processing /home/airflow/.local/lib/python3.11/site-packages/airflow/example_dags/example_branch_datetime_operator.py took 0.092 seconds
[2024-10-31T15:45:31.674+0000] {processor.py:161} INFO - Started process (PID=1023) to work on /home/airflow/.local/lib/python3.11/site-packages/airflow/example_dags/example_branch_datetime_operator.py
[2024-10-31T15:45:31.675+0000] {processor.py:830} INFO - Processing file /home/airflow/.local/lib/python3.11/site-packages/airflow/example_dags/example_branch_datetime_operator.py for tasks to queue
[2024-10-31T15:45:31.677+0000] {logging_mixin.py:188} INFO - [2024-10-31T15:45:31.677+0000] {dagbag.py:545} INFO - Filling up the DagBag from /home/airflow/.local/lib/python3.11/site-packages/airflow/example_dags/example_branch_datetime_operator.py
[2024-10-31T15:45:31.687+0000] {processor.py:840} INFO - DAG(s) 'example_branch_datetime_operator', 'example_branch_datetime_operator_3', 'example_branch_datetime_operator_2' retrieved from /home/airflow/.local/lib/python3.11/site-packages/airflow/example_dags/example_branch_datetime_operator.py
[2024-10-31T15:45:31.712+0000] {logging_mixin.py:188} INFO - [2024-10-31T15:45:31.712+0000] {dag.py:3096} INFO - Sync 3 DAGs
[2024-10-31T15:45:31.736+0000] {logging_mixin.py:188} INFO - [2024-10-31T15:45:31.736+0000] {dag.py:3954} INFO - Setting next_dagrun for example_branch_datetime_operator to 2024-10-30 00:00:00+00:00, run_after=2024-10-31 00:00:00+00:00
[2024-10-31T15:45:31.741+0000] {logging_mixin.py:188} INFO - [2024-10-31T15:45:31.740+0000] {dag.py:3954} INFO - Setting next_dagrun for example_branch_datetime_operator_2 to 2024-10-30 00:00:00+00:00, run_after=2024-10-31 00:00:00+00:00
[2024-10-31T15:45:31.743+0000] {logging_mixin.py:188} INFO - [2024-10-31T15:45:31.743+0000] {dag.py:3954} INFO - Setting next_dagrun for example_branch_datetime_operator_3 to 2024-10-30 00:00:00+00:00, run_after=2024-10-31 00:00:00+00:00
[2024-10-31T15:45:31.762+0000] {processor.py:183} INFO - Processing /home/airflow/.local/lib/python3.11/site-packages/airflow/example_dags/example_branch_datetime_operator.py took 0.093 seconds
[2024-10-31T15:46:02.637+0000] {processor.py:161} INFO - Started process (PID=1295) to work on /home/airflow/.local/lib/python3.11/site-packages/airflow/example_dags/example_branch_datetime_operator.py
[2024-10-31T15:46:02.638+0000] {processor.py:830} INFO - Processing file /home/airflow/.local/lib/python3.11/site-packages/airflow/example_dags/example_branch_datetime_operator.py for tasks to queue
[2024-10-31T15:46:02.640+0000] {logging_mixin.py:188} INFO - [2024-10-31T15:46:02.640+0000] {dagbag.py:545} INFO - Filling up the DagBag from /home/airflow/.local/lib/python3.11/site-packages/airflow/example_dags/example_branch_datetime_operator.py
[2024-10-31T15:46:02.653+0000] {processor.py:840} INFO - DAG(s) 'example_branch_datetime_operator_2', 'example_branch_datetime_operator', 'example_branch_datetime_operator_3' retrieved from /home/airflow/.local/lib/python3.11/site-packages/airflow/example_dags/example_branch_datetime_operator.py
[2024-10-31T15:46:02.701+0000] {logging_mixin.py:188} INFO - [2024-10-31T15:46:02.701+0000] {dag.py:3096} INFO - Sync 3 DAGs
[2024-10-31T15:46:02.735+0000] {logging_mixin.py:188} INFO - [2024-10-31T15:46:02.735+0000] {dag.py:3954} INFO - Setting next_dagrun for example_branch_datetime_operator to 2024-10-30 00:00:00+00:00, run_after=2024-10-31 00:00:00+00:00
[2024-10-31T15:46:02.741+0000] {logging_mixin.py:188} INFO - [2024-10-31T15:46:02.741+0000] {dag.py:3954} INFO - Setting next_dagrun for example_branch_datetime_operator_2 to 2024-10-30 00:00:00+00:00, run_after=2024-10-31 00:00:00+00:00
[2024-10-31T15:46:02.744+0000] {logging_mixin.py:188} INFO - [2024-10-31T15:46:02.744+0000] {dag.py:3954} INFO - Setting next_dagrun for example_branch_datetime_operator_3 to 2024-10-30 00:00:00+00:00, run_after=2024-10-31 00:00:00+00:00
[2024-10-31T15:46:02.773+0000] {processor.py:183} INFO - Processing /home/airflow/.local/lib/python3.11/site-packages/airflow/example_dags/example_branch_datetime_operator.py took 0.145 seconds
[2024-10-31T15:46:33.698+0000] {processor.py:161} INFO - Started process (PID=1561) to work on /home/airflow/.local/lib/python3.11/site-packages/airflow/example_dags/example_branch_datetime_operator.py
[2024-10-31T15:46:33.700+0000] {processor.py:830} INFO - Processing file /home/airflow/.local/lib/python3.11/site-packages/airflow/example_dags/example_branch_datetime_operator.py for tasks to queue
[2024-10-31T15:46:33.702+0000] {logging_mixin.py:188} INFO - [2024-10-31T15:46:33.701+0000] {dagbag.py:545} INFO - Filling up the DagBag from /home/airflow/.local/lib/python3.11/site-packages/airflow/example_dags/example_branch_datetime_operator.py
[2024-10-31T15:46:33.713+0000] {processor.py:840} INFO - DAG(s) 'example_branch_datetime_operator', 'example_branch_datetime_operator_2', 'example_branch_datetime_operator_3' retrieved from /home/airflow/.local/lib/python3.11/site-packages/airflow/example_dags/example_branch_datetime_operator.py
[2024-10-31T15:46:33.743+0000] {logging_mixin.py:188} INFO - [2024-10-31T15:46:33.743+0000] {dag.py:3096} INFO - Sync 3 DAGs
[2024-10-31T15:46:33.771+0000] {logging_mixin.py:188} INFO - [2024-10-31T15:46:33.771+0000] {dag.py:3954} INFO - Setting next_dagrun for example_branch_datetime_operator to 2024-10-30 00:00:00+00:00, run_after=2024-10-31 00:00:00+00:00
[2024-10-31T15:46:33.781+0000] {logging_mixin.py:188} INFO - [2024-10-31T15:46:33.778+0000] {dag.py:3954} INFO - Setting next_dagrun for example_branch_datetime_operator_2 to 2024-10-30 00:00:00+00:00, run_after=2024-10-31 00:00:00+00:00
[2024-10-31T15:46:33.790+0000] {logging_mixin.py:188} INFO - [2024-10-31T15:46:33.790+0000] {dag.py:3954} INFO - Setting next_dagrun for example_branch_datetime_operator_3 to 2024-10-30 00:00:00+00:00, run_after=2024-10-31 00:00:00+00:00
[2024-10-31T15:46:33.888+0000] {processor.py:183} INFO - Processing /home/airflow/.local/lib/python3.11/site-packages/airflow/example_dags/example_branch_datetime_operator.py took 0.196 seconds
