[2024-10-31T06:17:13.096+0000] {processor.py:161} INFO - Started process (PID=341) to work on /home/airflow/.local/lib/python3.11/site-packages/airflow/example_dags/example_latest_only_with_trigger.py
[2024-10-31T06:17:13.097+0000] {processor.py:830} INFO - Processing file /home/airflow/.local/lib/python3.11/site-packages/airflow/example_dags/example_latest_only_with_trigger.py for tasks to queue
[2024-10-31T06:17:13.099+0000] {logging_mixin.py:188} INFO - [2024-10-31T06:17:13.099+0000] {dagbag.py:545} INFO - Filling up the DagBag from /home/airflow/.local/lib/python3.11/site-packages/airflow/example_dags/example_latest_only_with_trigger.py
[2024-10-31T06:17:13.109+0000] {processor.py:840} INFO - DAG(s) 'latest_only_with_trigger' retrieved from /home/airflow/.local/lib/python3.11/site-packages/airflow/example_dags/example_latest_only_with_trigger.py
[2024-10-31T06:17:13.121+0000] {logging_mixin.py:188} INFO - [2024-10-31T06:17:13.121+0000] {dag.py:3096} INFO - Sync 1 DAGs
[2024-10-31T06:17:13.141+0000] {logging_mixin.py:188} INFO - [2024-10-31T06:17:13.141+0000] {dag.py:3954} INFO - Setting next_dagrun for latest_only_with_trigger to 2024-10-31 00:00:00+00:00, run_after=2024-10-31 04:00:00+00:00
[2024-10-31T06:17:13.158+0000] {processor.py:183} INFO - Processing /home/airflow/.local/lib/python3.11/site-packages/airflow/example_dags/example_latest_only_with_trigger.py took 0.067 seconds
[2024-10-31T06:17:45.012+0000] {processor.py:161} INFO - Started process (PID=607) to work on /home/airflow/.local/lib/python3.11/site-packages/airflow/example_dags/example_latest_only_with_trigger.py
[2024-10-31T06:17:45.014+0000] {processor.py:830} INFO - Processing file /home/airflow/.local/lib/python3.11/site-packages/airflow/example_dags/example_latest_only_with_trigger.py for tasks to queue
[2024-10-31T06:17:45.017+0000] {logging_mixin.py:188} INFO - [2024-10-31T06:17:45.016+0000] {dagbag.py:545} INFO - Filling up the DagBag from /home/airflow/.local/lib/python3.11/site-packages/airflow/example_dags/example_latest_only_with_trigger.py
[2024-10-31T06:17:45.023+0000] {processor.py:840} INFO - DAG(s) 'latest_only_with_trigger' retrieved from /home/airflow/.local/lib/python3.11/site-packages/airflow/example_dags/example_latest_only_with_trigger.py
[2024-10-31T06:17:45.140+0000] {logging_mixin.py:188} INFO - [2024-10-31T06:17:45.140+0000] {dag.py:3096} INFO - Sync 1 DAGs
[2024-10-31T06:17:45.161+0000] {logging_mixin.py:188} INFO - [2024-10-31T06:17:45.161+0000] {dag.py:3954} INFO - Setting next_dagrun for latest_only_with_trigger to 2024-10-31 00:00:00+00:00, run_after=2024-10-31 04:00:00+00:00
[2024-10-31T06:17:45.182+0000] {processor.py:183} INFO - Processing /home/airflow/.local/lib/python3.11/site-packages/airflow/example_dags/example_latest_only_with_trigger.py took 0.180 seconds
[2024-10-31T06:18:15.905+0000] {processor.py:161} INFO - Started process (PID=889) to work on /home/airflow/.local/lib/python3.11/site-packages/airflow/example_dags/example_latest_only_with_trigger.py
[2024-10-31T06:18:15.906+0000] {processor.py:830} INFO - Processing file /home/airflow/.local/lib/python3.11/site-packages/airflow/example_dags/example_latest_only_with_trigger.py for tasks to queue
[2024-10-31T06:18:15.908+0000] {logging_mixin.py:188} INFO - [2024-10-31T06:18:15.908+0000] {dagbag.py:545} INFO - Filling up the DagBag from /home/airflow/.local/lib/python3.11/site-packages/airflow/example_dags/example_latest_only_with_trigger.py
[2024-10-31T06:18:15.913+0000] {processor.py:840} INFO - DAG(s) 'latest_only_with_trigger' retrieved from /home/airflow/.local/lib/python3.11/site-packages/airflow/example_dags/example_latest_only_with_trigger.py
[2024-10-31T06:18:15.930+0000] {logging_mixin.py:188} INFO - [2024-10-31T06:18:15.930+0000] {dag.py:3096} INFO - Sync 1 DAGs
[2024-10-31T06:18:15.946+0000] {logging_mixin.py:188} INFO - [2024-10-31T06:18:15.946+0000] {dag.py:3954} INFO - Setting next_dagrun for latest_only_with_trigger to 2024-10-31 00:00:00+00:00, run_after=2024-10-31 04:00:00+00:00
[2024-10-31T06:18:15.965+0000] {processor.py:183} INFO - Processing /home/airflow/.local/lib/python3.11/site-packages/airflow/example_dags/example_latest_only_with_trigger.py took 0.064 seconds
[2024-10-31T06:18:46.713+0000] {processor.py:161} INFO - Started process (PID=1156) to work on /home/airflow/.local/lib/python3.11/site-packages/airflow/example_dags/example_latest_only_with_trigger.py
[2024-10-31T06:18:46.714+0000] {processor.py:830} INFO - Processing file /home/airflow/.local/lib/python3.11/site-packages/airflow/example_dags/example_latest_only_with_trigger.py for tasks to queue
[2024-10-31T06:18:46.716+0000] {logging_mixin.py:188} INFO - [2024-10-31T06:18:46.715+0000] {dagbag.py:545} INFO - Filling up the DagBag from /home/airflow/.local/lib/python3.11/site-packages/airflow/example_dags/example_latest_only_with_trigger.py
[2024-10-31T06:18:46.720+0000] {processor.py:840} INFO - DAG(s) 'latest_only_with_trigger' retrieved from /home/airflow/.local/lib/python3.11/site-packages/airflow/example_dags/example_latest_only_with_trigger.py
[2024-10-31T06:18:46.738+0000] {logging_mixin.py:188} INFO - [2024-10-31T06:18:46.738+0000] {dag.py:3096} INFO - Sync 1 DAGs
[2024-10-31T06:18:46.755+0000] {logging_mixin.py:188} INFO - [2024-10-31T06:18:46.755+0000] {dag.py:3954} INFO - Setting next_dagrun for latest_only_with_trigger to 2024-10-31 00:00:00+00:00, run_after=2024-10-31 04:00:00+00:00
[2024-10-31T06:18:46.770+0000] {processor.py:183} INFO - Processing /home/airflow/.local/lib/python3.11/site-packages/airflow/example_dags/example_latest_only_with_trigger.py took 0.061 seconds
[2024-10-31T15:44:00.220+0000] {processor.py:161} INFO - Started process (PID=340) to work on /home/airflow/.local/lib/python3.11/site-packages/airflow/example_dags/example_latest_only_with_trigger.py
[2024-10-31T15:44:00.222+0000] {processor.py:830} INFO - Processing file /home/airflow/.local/lib/python3.11/site-packages/airflow/example_dags/example_latest_only_with_trigger.py for tasks to queue
[2024-10-31T15:44:00.227+0000] {logging_mixin.py:188} INFO - [2024-10-31T15:44:00.226+0000] {dagbag.py:545} INFO - Filling up the DagBag from /home/airflow/.local/lib/python3.11/site-packages/airflow/example_dags/example_latest_only_with_trigger.py
[2024-10-31T15:44:00.235+0000] {processor.py:840} INFO - DAG(s) 'latest_only_with_trigger' retrieved from /home/airflow/.local/lib/python3.11/site-packages/airflow/example_dags/example_latest_only_with_trigger.py
[2024-10-31T15:44:00.248+0000] {logging_mixin.py:188} INFO - [2024-10-31T15:44:00.247+0000] {dag.py:3096} INFO - Sync 1 DAGs
[2024-10-31T15:44:00.271+0000] {logging_mixin.py:188} INFO - [2024-10-31T15:44:00.271+0000] {dag.py:3954} INFO - Setting next_dagrun for latest_only_with_trigger to 2024-10-31 08:00:00+00:00, run_after=2024-10-31 12:00:00+00:00
[2024-10-31T15:44:00.295+0000] {processor.py:183} INFO - Processing /home/airflow/.local/lib/python3.11/site-packages/airflow/example_dags/example_latest_only_with_trigger.py took 0.082 seconds
[2024-10-31T15:44:32.795+0000] {processor.py:161} INFO - Started process (PID=612) to work on /home/airflow/.local/lib/python3.11/site-packages/airflow/example_dags/example_latest_only_with_trigger.py
[2024-10-31T15:44:32.796+0000] {processor.py:830} INFO - Processing file /home/airflow/.local/lib/python3.11/site-packages/airflow/example_dags/example_latest_only_with_trigger.py for tasks to queue
[2024-10-31T15:44:32.798+0000] {logging_mixin.py:188} INFO - [2024-10-31T15:44:32.797+0000] {dagbag.py:545} INFO - Filling up the DagBag from /home/airflow/.local/lib/python3.11/site-packages/airflow/example_dags/example_latest_only_with_trigger.py
[2024-10-31T15:44:32.803+0000] {processor.py:840} INFO - DAG(s) 'latest_only_with_trigger' retrieved from /home/airflow/.local/lib/python3.11/site-packages/airflow/example_dags/example_latest_only_with_trigger.py
[2024-10-31T15:44:32.902+0000] {logging_mixin.py:188} INFO - [2024-10-31T15:44:32.901+0000] {dag.py:3096} INFO - Sync 1 DAGs
[2024-10-31T15:44:32.922+0000] {logging_mixin.py:188} INFO - [2024-10-31T15:44:32.921+0000] {dag.py:3954} INFO - Setting next_dagrun for latest_only_with_trigger to 2024-10-31 08:00:00+00:00, run_after=2024-10-31 12:00:00+00:00
[2024-10-31T15:44:32.947+0000] {processor.py:183} INFO - Processing /home/airflow/.local/lib/python3.11/site-packages/airflow/example_dags/example_latest_only_with_trigger.py took 0.158 seconds
[2024-10-31T15:45:03.591+0000] {processor.py:161} INFO - Started process (PID=878) to work on /home/airflow/.local/lib/python3.11/site-packages/airflow/example_dags/example_latest_only_with_trigger.py
[2024-10-31T15:45:03.593+0000] {processor.py:830} INFO - Processing file /home/airflow/.local/lib/python3.11/site-packages/airflow/example_dags/example_latest_only_with_trigger.py for tasks to queue
[2024-10-31T15:45:03.596+0000] {logging_mixin.py:188} INFO - [2024-10-31T15:45:03.595+0000] {dagbag.py:545} INFO - Filling up the DagBag from /home/airflow/.local/lib/python3.11/site-packages/airflow/example_dags/example_latest_only_with_trigger.py
[2024-10-31T15:45:03.604+0000] {processor.py:840} INFO - DAG(s) 'latest_only_with_trigger' retrieved from /home/airflow/.local/lib/python3.11/site-packages/airflow/example_dags/example_latest_only_with_trigger.py
[2024-10-31T15:45:03.632+0000] {logging_mixin.py:188} INFO - [2024-10-31T15:45:03.632+0000] {dag.py:3096} INFO - Sync 1 DAGs
[2024-10-31T15:45:03.652+0000] {logging_mixin.py:188} INFO - [2024-10-31T15:45:03.651+0000] {dag.py:3954} INFO - Setting next_dagrun for latest_only_with_trigger to 2024-10-31 08:00:00+00:00, run_after=2024-10-31 12:00:00+00:00
[2024-10-31T15:45:03.667+0000] {processor.py:183} INFO - Processing /home/airflow/.local/lib/python3.11/site-packages/airflow/example_dags/example_latest_only_with_trigger.py took 0.083 seconds
[2024-10-31T15:45:33.871+0000] {processor.py:161} INFO - Started process (PID=1144) to work on /home/airflow/.local/lib/python3.11/site-packages/airflow/example_dags/example_latest_only_with_trigger.py
[2024-10-31T15:45:33.872+0000] {processor.py:830} INFO - Processing file /home/airflow/.local/lib/python3.11/site-packages/airflow/example_dags/example_latest_only_with_trigger.py for tasks to queue
[2024-10-31T15:45:33.873+0000] {logging_mixin.py:188} INFO - [2024-10-31T15:45:33.873+0000] {dagbag.py:545} INFO - Filling up the DagBag from /home/airflow/.local/lib/python3.11/site-packages/airflow/example_dags/example_latest_only_with_trigger.py
[2024-10-31T15:45:33.878+0000] {processor.py:840} INFO - DAG(s) 'latest_only_with_trigger' retrieved from /home/airflow/.local/lib/python3.11/site-packages/airflow/example_dags/example_latest_only_with_trigger.py
[2024-10-31T15:45:33.897+0000] {logging_mixin.py:188} INFO - [2024-10-31T15:45:33.897+0000] {dag.py:3096} INFO - Sync 1 DAGs
[2024-10-31T15:45:33.916+0000] {logging_mixin.py:188} INFO - [2024-10-31T15:45:33.916+0000] {dag.py:3954} INFO - Setting next_dagrun for latest_only_with_trigger to 2024-10-31 08:00:00+00:00, run_after=2024-10-31 12:00:00+00:00
[2024-10-31T15:45:33.934+0000] {processor.py:183} INFO - Processing /home/airflow/.local/lib/python3.11/site-packages/airflow/example_dags/example_latest_only_with_trigger.py took 0.069 seconds
[2024-10-31T15:46:04.423+0000] {processor.py:161} INFO - Started process (PID=1410) to work on /home/airflow/.local/lib/python3.11/site-packages/airflow/example_dags/example_latest_only_with_trigger.py
[2024-10-31T15:46:04.425+0000] {processor.py:830} INFO - Processing file /home/airflow/.local/lib/python3.11/site-packages/airflow/example_dags/example_latest_only_with_trigger.py for tasks to queue
[2024-10-31T15:46:04.427+0000] {logging_mixin.py:188} INFO - [2024-10-31T15:46:04.426+0000] {dagbag.py:545} INFO - Filling up the DagBag from /home/airflow/.local/lib/python3.11/site-packages/airflow/example_dags/example_latest_only_with_trigger.py
[2024-10-31T15:46:04.436+0000] {processor.py:840} INFO - DAG(s) 'latest_only_with_trigger' retrieved from /home/airflow/.local/lib/python3.11/site-packages/airflow/example_dags/example_latest_only_with_trigger.py
[2024-10-31T15:46:04.463+0000] {logging_mixin.py:188} INFO - [2024-10-31T15:46:04.462+0000] {dag.py:3096} INFO - Sync 1 DAGs
[2024-10-31T15:46:04.495+0000] {logging_mixin.py:188} INFO - [2024-10-31T15:46:04.495+0000] {dag.py:3954} INFO - Setting next_dagrun for latest_only_with_trigger to 2024-10-31 08:00:00+00:00, run_after=2024-10-31 12:00:00+00:00
[2024-10-31T15:46:04.524+0000] {processor.py:183} INFO - Processing /home/airflow/.local/lib/python3.11/site-packages/airflow/example_dags/example_latest_only_with_trigger.py took 0.109 seconds
[2024-10-31T15:46:35.957+0000] {processor.py:161} INFO - Started process (PID=1676) to work on /home/airflow/.local/lib/python3.11/site-packages/airflow/example_dags/example_latest_only_with_trigger.py
[2024-10-31T15:46:35.958+0000] {processor.py:830} INFO - Processing file /home/airflow/.local/lib/python3.11/site-packages/airflow/example_dags/example_latest_only_with_trigger.py for tasks to queue
[2024-10-31T15:46:35.962+0000] {logging_mixin.py:188} INFO - [2024-10-31T15:46:35.960+0000] {dagbag.py:545} INFO - Filling up the DagBag from /home/airflow/.local/lib/python3.11/site-packages/airflow/example_dags/example_latest_only_with_trigger.py
[2024-10-31T15:46:35.970+0000] {processor.py:840} INFO - DAG(s) 'latest_only_with_trigger' retrieved from /home/airflow/.local/lib/python3.11/site-packages/airflow/example_dags/example_latest_only_with_trigger.py
[2024-10-31T15:46:35.992+0000] {logging_mixin.py:188} INFO - [2024-10-31T15:46:35.991+0000] {dag.py:3096} INFO - Sync 1 DAGs
[2024-10-31T15:46:36.014+0000] {logging_mixin.py:188} INFO - [2024-10-31T15:46:36.014+0000] {dag.py:3954} INFO - Setting next_dagrun for latest_only_with_trigger to 2024-10-31 08:00:00+00:00, run_after=2024-10-31 12:00:00+00:00
[2024-10-31T15:46:36.040+0000] {processor.py:183} INFO - Processing /home/airflow/.local/lib/python3.11/site-packages/airflow/example_dags/example_latest_only_with_trigger.py took 0.089 seconds
