[2024-10-31T06:17:11.817+0000] {processor.py:161} INFO - Started process (PID=227) to work on /home/airflow/.local/lib/python3.11/site-packages/airflow/example_dags/example_python_decorator.py
[2024-10-31T06:17:11.818+0000] {processor.py:830} INFO - Processing file /home/airflow/.local/lib/python3.11/site-packages/airflow/example_dags/example_python_decorator.py for tasks to queue
[2024-10-31T06:17:11.820+0000] {logging_mixin.py:188} INFO - [2024-10-31T06:17:11.819+0000] {dagbag.py:545} INFO - Filling up the DagBag from /home/airflow/.local/lib/python3.11/site-packages/airflow/example_dags/example_python_decorator.py
[2024-10-31T06:17:11.832+0000] {processor.py:840} INFO - DAG(s) 'example_python_decorator' retrieved from /home/airflow/.local/lib/python3.11/site-packages/airflow/example_dags/example_python_decorator.py
[2024-10-31T06:17:11.842+0000] {logging_mixin.py:188} INFO - [2024-10-31T06:17:11.842+0000] {dag.py:3096} INFO - Sync 1 DAGs
[2024-10-31T06:17:11.855+0000] {logging_mixin.py:188} INFO - [2024-10-31T06:17:11.854+0000] {dag.py:3954} INFO - Setting next_dagrun for example_python_decorator to None, run_after=None
[2024-10-31T06:17:11.874+0000] {processor.py:183} INFO - Processing /home/airflow/.local/lib/python3.11/site-packages/airflow/example_dags/example_python_decorator.py took 0.061 seconds
[2024-10-31T06:17:43.154+0000] {processor.py:161} INFO - Started process (PID=497) to work on /home/airflow/.local/lib/python3.11/site-packages/airflow/example_dags/example_python_decorator.py
[2024-10-31T06:17:43.155+0000] {processor.py:830} INFO - Processing file /home/airflow/.local/lib/python3.11/site-packages/airflow/example_dags/example_python_decorator.py for tasks to queue
[2024-10-31T06:17:43.157+0000] {logging_mixin.py:188} INFO - [2024-10-31T06:17:43.157+0000] {dagbag.py:545} INFO - Filling up the DagBag from /home/airflow/.local/lib/python3.11/site-packages/airflow/example_dags/example_python_decorator.py
[2024-10-31T06:17:43.169+0000] {processor.py:840} INFO - DAG(s) 'example_python_decorator' retrieved from /home/airflow/.local/lib/python3.11/site-packages/airflow/example_dags/example_python_decorator.py
[2024-10-31T06:17:43.253+0000] {logging_mixin.py:188} INFO - [2024-10-31T06:17:43.252+0000] {dag.py:3096} INFO - Sync 1 DAGs
[2024-10-31T06:17:43.261+0000] {logging_mixin.py:188} INFO - [2024-10-31T06:17:43.260+0000] {dag.py:3954} INFO - Setting next_dagrun for example_python_decorator to None, run_after=None
[2024-10-31T06:17:43.277+0000] {processor.py:183} INFO - Processing /home/airflow/.local/lib/python3.11/site-packages/airflow/example_dags/example_python_decorator.py took 0.128 seconds
[2024-10-31T06:18:13.433+0000] {processor.py:161} INFO - Started process (PID=777) to work on /home/airflow/.local/lib/python3.11/site-packages/airflow/example_dags/example_python_decorator.py
[2024-10-31T06:18:13.434+0000] {processor.py:830} INFO - Processing file /home/airflow/.local/lib/python3.11/site-packages/airflow/example_dags/example_python_decorator.py for tasks to queue
[2024-10-31T06:18:13.436+0000] {logging_mixin.py:188} INFO - [2024-10-31T06:18:13.436+0000] {dagbag.py:545} INFO - Filling up the DagBag from /home/airflow/.local/lib/python3.11/site-packages/airflow/example_dags/example_python_decorator.py
[2024-10-31T06:18:13.446+0000] {processor.py:840} INFO - DAG(s) 'example_python_decorator' retrieved from /home/airflow/.local/lib/python3.11/site-packages/airflow/example_dags/example_python_decorator.py
[2024-10-31T06:18:13.465+0000] {logging_mixin.py:188} INFO - [2024-10-31T06:18:13.465+0000] {dag.py:3096} INFO - Sync 1 DAGs
[2024-10-31T06:18:13.475+0000] {logging_mixin.py:188} INFO - [2024-10-31T06:18:13.475+0000] {dag.py:3954} INFO - Setting next_dagrun for example_python_decorator to None, run_after=None
[2024-10-31T06:18:13.492+0000] {processor.py:183} INFO - Processing /home/airflow/.local/lib/python3.11/site-packages/airflow/example_dags/example_python_decorator.py took 0.063 seconds
[2024-10-31T06:18:44.528+0000] {processor.py:161} INFO - Started process (PID=1044) to work on /home/airflow/.local/lib/python3.11/site-packages/airflow/example_dags/example_python_decorator.py
[2024-10-31T06:18:44.529+0000] {processor.py:830} INFO - Processing file /home/airflow/.local/lib/python3.11/site-packages/airflow/example_dags/example_python_decorator.py for tasks to queue
[2024-10-31T06:18:44.531+0000] {logging_mixin.py:188} INFO - [2024-10-31T06:18:44.531+0000] {dagbag.py:545} INFO - Filling up the DagBag from /home/airflow/.local/lib/python3.11/site-packages/airflow/example_dags/example_python_decorator.py
[2024-10-31T06:18:44.541+0000] {processor.py:840} INFO - DAG(s) 'example_python_decorator' retrieved from /home/airflow/.local/lib/python3.11/site-packages/airflow/example_dags/example_python_decorator.py
[2024-10-31T06:18:44.561+0000] {logging_mixin.py:188} INFO - [2024-10-31T06:18:44.560+0000] {dag.py:3096} INFO - Sync 1 DAGs
[2024-10-31T06:18:44.573+0000] {logging_mixin.py:188} INFO - [2024-10-31T06:18:44.573+0000] {dag.py:3954} INFO - Setting next_dagrun for example_python_decorator to None, run_after=None
[2024-10-31T06:18:44.591+0000] {processor.py:183} INFO - Processing /home/airflow/.local/lib/python3.11/site-packages/airflow/example_dags/example_python_decorator.py took 0.068 seconds
[2024-10-31T15:43:58.581+0000] {processor.py:161} INFO - Started process (PID=230) to work on /home/airflow/.local/lib/python3.11/site-packages/airflow/example_dags/example_python_decorator.py
[2024-10-31T15:43:58.582+0000] {processor.py:830} INFO - Processing file /home/airflow/.local/lib/python3.11/site-packages/airflow/example_dags/example_python_decorator.py for tasks to queue
[2024-10-31T15:43:58.586+0000] {logging_mixin.py:188} INFO - [2024-10-31T15:43:58.585+0000] {dagbag.py:545} INFO - Filling up the DagBag from /home/airflow/.local/lib/python3.11/site-packages/airflow/example_dags/example_python_decorator.py
[2024-10-31T15:43:58.600+0000] {processor.py:840} INFO - DAG(s) 'example_python_decorator' retrieved from /home/airflow/.local/lib/python3.11/site-packages/airflow/example_dags/example_python_decorator.py
[2024-10-31T15:43:58.609+0000] {logging_mixin.py:188} INFO - [2024-10-31T15:43:58.609+0000] {dag.py:3096} INFO - Sync 1 DAGs
[2024-10-31T15:43:58.625+0000] {logging_mixin.py:188} INFO - [2024-10-31T15:43:58.625+0000] {dag.py:3954} INFO - Setting next_dagrun for example_python_decorator to None, run_after=None
[2024-10-31T15:43:58.651+0000] {processor.py:183} INFO - Processing /home/airflow/.local/lib/python3.11/site-packages/airflow/example_dags/example_python_decorator.py took 0.076 seconds
[2024-10-31T15:44:30.212+0000] {processor.py:161} INFO - Started process (PID=496) to work on /home/airflow/.local/lib/python3.11/site-packages/airflow/example_dags/example_python_decorator.py
[2024-10-31T15:44:30.213+0000] {processor.py:830} INFO - Processing file /home/airflow/.local/lib/python3.11/site-packages/airflow/example_dags/example_python_decorator.py for tasks to queue
[2024-10-31T15:44:30.216+0000] {logging_mixin.py:188} INFO - [2024-10-31T15:44:30.216+0000] {dagbag.py:545} INFO - Filling up the DagBag from /home/airflow/.local/lib/python3.11/site-packages/airflow/example_dags/example_python_decorator.py
[2024-10-31T15:44:30.230+0000] {processor.py:840} INFO - DAG(s) 'example_python_decorator' retrieved from /home/airflow/.local/lib/python3.11/site-packages/airflow/example_dags/example_python_decorator.py
[2024-10-31T15:44:30.326+0000] {logging_mixin.py:188} INFO - [2024-10-31T15:44:30.325+0000] {dag.py:3096} INFO - Sync 1 DAGs
[2024-10-31T15:44:30.334+0000] {logging_mixin.py:188} INFO - [2024-10-31T15:44:30.334+0000] {dag.py:3954} INFO - Setting next_dagrun for example_python_decorator to None, run_after=None
[2024-10-31T15:44:30.355+0000] {processor.py:183} INFO - Processing /home/airflow/.local/lib/python3.11/site-packages/airflow/example_dags/example_python_decorator.py took 0.151 seconds
[2024-10-31T15:45:00.691+0000] {processor.py:161} INFO - Started process (PID=762) to work on /home/airflow/.local/lib/python3.11/site-packages/airflow/example_dags/example_python_decorator.py
[2024-10-31T15:45:00.692+0000] {processor.py:830} INFO - Processing file /home/airflow/.local/lib/python3.11/site-packages/airflow/example_dags/example_python_decorator.py for tasks to queue
[2024-10-31T15:45:00.694+0000] {logging_mixin.py:188} INFO - [2024-10-31T15:45:00.693+0000] {dagbag.py:545} INFO - Filling up the DagBag from /home/airflow/.local/lib/python3.11/site-packages/airflow/example_dags/example_python_decorator.py
[2024-10-31T15:45:00.707+0000] {processor.py:840} INFO - DAG(s) 'example_python_decorator' retrieved from /home/airflow/.local/lib/python3.11/site-packages/airflow/example_dags/example_python_decorator.py
[2024-10-31T15:45:00.729+0000] {logging_mixin.py:188} INFO - [2024-10-31T15:45:00.728+0000] {dag.py:3096} INFO - Sync 1 DAGs
[2024-10-31T15:45:00.740+0000] {logging_mixin.py:188} INFO - [2024-10-31T15:45:00.740+0000] {dag.py:3954} INFO - Setting next_dagrun for example_python_decorator to None, run_after=None
[2024-10-31T15:45:00.760+0000] {processor.py:183} INFO - Processing /home/airflow/.local/lib/python3.11/site-packages/airflow/example_dags/example_python_decorator.py took 0.074 seconds
[2024-10-31T15:45:31.739+0000] {processor.py:161} INFO - Started process (PID=1028) to work on /home/airflow/.local/lib/python3.11/site-packages/airflow/example_dags/example_python_decorator.py
[2024-10-31T15:45:31.740+0000] {processor.py:830} INFO - Processing file /home/airflow/.local/lib/python3.11/site-packages/airflow/example_dags/example_python_decorator.py for tasks to queue
[2024-10-31T15:45:31.741+0000] {logging_mixin.py:188} INFO - [2024-10-31T15:45:31.741+0000] {dagbag.py:545} INFO - Filling up the DagBag from /home/airflow/.local/lib/python3.11/site-packages/airflow/example_dags/example_python_decorator.py
[2024-10-31T15:45:31.753+0000] {processor.py:840} INFO - DAG(s) 'example_python_decorator' retrieved from /home/airflow/.local/lib/python3.11/site-packages/airflow/example_dags/example_python_decorator.py
[2024-10-31T15:45:31.776+0000] {logging_mixin.py:188} INFO - [2024-10-31T15:45:31.776+0000] {dag.py:3096} INFO - Sync 1 DAGs
[2024-10-31T15:45:31.787+0000] {logging_mixin.py:188} INFO - [2024-10-31T15:45:31.787+0000] {dag.py:3954} INFO - Setting next_dagrun for example_python_decorator to None, run_after=None
[2024-10-31T15:45:31.811+0000] {processor.py:183} INFO - Processing /home/airflow/.local/lib/python3.11/site-packages/airflow/example_dags/example_python_decorator.py took 0.077 seconds
[2024-10-31T15:46:02.736+0000] {processor.py:161} INFO - Started process (PID=1300) to work on /home/airflow/.local/lib/python3.11/site-packages/airflow/example_dags/example_python_decorator.py
[2024-10-31T15:46:02.737+0000] {processor.py:830} INFO - Processing file /home/airflow/.local/lib/python3.11/site-packages/airflow/example_dags/example_python_decorator.py for tasks to queue
[2024-10-31T15:46:02.739+0000] {logging_mixin.py:188} INFO - [2024-10-31T15:46:02.739+0000] {dagbag.py:545} INFO - Filling up the DagBag from /home/airflow/.local/lib/python3.11/site-packages/airflow/example_dags/example_python_decorator.py
[2024-10-31T15:46:02.754+0000] {processor.py:840} INFO - DAG(s) 'example_python_decorator' retrieved from /home/airflow/.local/lib/python3.11/site-packages/airflow/example_dags/example_python_decorator.py
[2024-10-31T15:46:02.792+0000] {logging_mixin.py:188} INFO - [2024-10-31T15:46:02.792+0000] {dag.py:3096} INFO - Sync 1 DAGs
[2024-10-31T15:46:02.809+0000] {logging_mixin.py:188} INFO - [2024-10-31T15:46:02.809+0000] {dag.py:3954} INFO - Setting next_dagrun for example_python_decorator to None, run_after=None
[2024-10-31T15:46:02.839+0000] {processor.py:183} INFO - Processing /home/airflow/.local/lib/python3.11/site-packages/airflow/example_dags/example_python_decorator.py took 0.116 seconds
[2024-10-31T15:46:33.762+0000] {processor.py:161} INFO - Started process (PID=1566) to work on /home/airflow/.local/lib/python3.11/site-packages/airflow/example_dags/example_python_decorator.py
[2024-10-31T15:46:33.763+0000] {processor.py:830} INFO - Processing file /home/airflow/.local/lib/python3.11/site-packages/airflow/example_dags/example_python_decorator.py for tasks to queue
[2024-10-31T15:46:33.765+0000] {logging_mixin.py:188} INFO - [2024-10-31T15:46:33.765+0000] {dagbag.py:545} INFO - Filling up the DagBag from /home/airflow/.local/lib/python3.11/site-packages/airflow/example_dags/example_python_decorator.py
[2024-10-31T15:46:33.787+0000] {processor.py:840} INFO - DAG(s) 'example_python_decorator' retrieved from /home/airflow/.local/lib/python3.11/site-packages/airflow/example_dags/example_python_decorator.py
[2024-10-31T15:46:33.889+0000] {logging_mixin.py:188} INFO - [2024-10-31T15:46:33.888+0000] {dag.py:3096} INFO - Sync 1 DAGs
[2024-10-31T15:46:33.938+0000] {logging_mixin.py:188} INFO - [2024-10-31T15:46:33.934+0000] {dag.py:3954} INFO - Setting next_dagrun for example_python_decorator to None, run_after=None
[2024-10-31T15:46:33.970+0000] {processor.py:183} INFO - Processing /home/airflow/.local/lib/python3.11/site-packages/airflow/example_dags/example_python_decorator.py took 0.215 seconds
