[2024-10-31T06:17:13.516+0000] {processor.py:161} INFO - Started process (PID=381) to work on /home/airflow/.local/lib/python3.11/site-packages/airflow/example_dags/example_branch_python_dop_operator_3.py
[2024-10-31T06:17:13.517+0000] {processor.py:830} INFO - Processing file /home/airflow/.local/lib/python3.11/site-packages/airflow/example_dags/example_branch_python_dop_operator_3.py for tasks to queue
[2024-10-31T06:17:13.519+0000] {logging_mixin.py:188} INFO - [2024-10-31T06:17:13.519+0000] {dagbag.py:545} INFO - Filling up the DagBag from /home/airflow/.local/lib/python3.11/site-packages/airflow/example_dags/example_branch_python_dop_operator_3.py
[2024-10-31T06:17:13.527+0000] {processor.py:840} INFO - DAG(s) 'example_branch_dop_operator_v3' retrieved from /home/airflow/.local/lib/python3.11/site-packages/airflow/example_dags/example_branch_python_dop_operator_3.py
[2024-10-31T06:17:13.541+0000] {logging_mixin.py:188} INFO - [2024-10-31T06:17:13.541+0000] {dag.py:3096} INFO - Sync 1 DAGs
[2024-10-31T06:17:13.573+0000] {logging_mixin.py:188} INFO - [2024-10-31T06:17:13.573+0000] {dag.py:3954} INFO - Setting next_dagrun for example_branch_dop_operator_v3 to 2024-10-31 06:16:00+00:00, run_after=2024-10-31 06:17:00+00:00
[2024-10-31T06:17:13.595+0000] {processor.py:183} INFO - Processing /home/airflow/.local/lib/python3.11/site-packages/airflow/example_dags/example_branch_python_dop_operator_3.py took 0.085 seconds
[2024-10-31T06:17:46.013+0000] {processor.py:161} INFO - Started process (PID=647) to work on /home/airflow/.local/lib/python3.11/site-packages/airflow/example_dags/example_branch_python_dop_operator_3.py
[2024-10-31T06:17:46.014+0000] {processor.py:830} INFO - Processing file /home/airflow/.local/lib/python3.11/site-packages/airflow/example_dags/example_branch_python_dop_operator_3.py for tasks to queue
[2024-10-31T06:17:46.017+0000] {logging_mixin.py:188} INFO - [2024-10-31T06:17:46.016+0000] {dagbag.py:545} INFO - Filling up the DagBag from /home/airflow/.local/lib/python3.11/site-packages/airflow/example_dags/example_branch_python_dop_operator_3.py
[2024-10-31T06:17:46.028+0000] {processor.py:840} INFO - DAG(s) 'example_branch_dop_operator_v3' retrieved from /home/airflow/.local/lib/python3.11/site-packages/airflow/example_dags/example_branch_python_dop_operator_3.py
[2024-10-31T06:17:46.117+0000] {logging_mixin.py:188} INFO - [2024-10-31T06:17:46.117+0000] {dag.py:3096} INFO - Sync 1 DAGs
[2024-10-31T06:17:46.136+0000] {logging_mixin.py:188} INFO - [2024-10-31T06:17:46.135+0000] {dag.py:3954} INFO - Setting next_dagrun for example_branch_dop_operator_v3 to 2024-10-31 06:16:00+00:00, run_after=2024-10-31 06:17:00+00:00
[2024-10-31T06:17:46.159+0000] {processor.py:183} INFO - Processing /home/airflow/.local/lib/python3.11/site-packages/airflow/example_dags/example_branch_python_dop_operator_3.py took 0.152 seconds
[2024-10-31T06:18:16.364+0000] {processor.py:161} INFO - Started process (PID=927) to work on /home/airflow/.local/lib/python3.11/site-packages/airflow/example_dags/example_branch_python_dop_operator_3.py
[2024-10-31T06:18:16.365+0000] {processor.py:830} INFO - Processing file /home/airflow/.local/lib/python3.11/site-packages/airflow/example_dags/example_branch_python_dop_operator_3.py for tasks to queue
[2024-10-31T06:18:16.366+0000] {logging_mixin.py:188} INFO - [2024-10-31T06:18:16.366+0000] {dagbag.py:545} INFO - Filling up the DagBag from /home/airflow/.local/lib/python3.11/site-packages/airflow/example_dags/example_branch_python_dop_operator_3.py
[2024-10-31T06:18:16.373+0000] {processor.py:840} INFO - DAG(s) 'example_branch_dop_operator_v3' retrieved from /home/airflow/.local/lib/python3.11/site-packages/airflow/example_dags/example_branch_python_dop_operator_3.py
[2024-10-31T06:18:16.389+0000] {logging_mixin.py:188} INFO - [2024-10-31T06:18:16.389+0000] {dag.py:3096} INFO - Sync 1 DAGs
[2024-10-31T06:18:16.409+0000] {logging_mixin.py:188} INFO - [2024-10-31T06:18:16.409+0000] {dag.py:3954} INFO - Setting next_dagrun for example_branch_dop_operator_v3 to 2024-10-31 06:17:00+00:00, run_after=2024-10-31 06:18:00+00:00
[2024-10-31T06:18:16.426+0000] {processor.py:183} INFO - Processing /home/airflow/.local/lib/python3.11/site-packages/airflow/example_dags/example_branch_python_dop_operator_3.py took 0.066 seconds
[2024-10-31T06:18:47.081+0000] {processor.py:161} INFO - Started process (PID=1194) to work on /home/airflow/.local/lib/python3.11/site-packages/airflow/example_dags/example_branch_python_dop_operator_3.py
[2024-10-31T06:18:47.082+0000] {processor.py:830} INFO - Processing file /home/airflow/.local/lib/python3.11/site-packages/airflow/example_dags/example_branch_python_dop_operator_3.py for tasks to queue
[2024-10-31T06:18:47.083+0000] {logging_mixin.py:188} INFO - [2024-10-31T06:18:47.083+0000] {dagbag.py:545} INFO - Filling up the DagBag from /home/airflow/.local/lib/python3.11/site-packages/airflow/example_dags/example_branch_python_dop_operator_3.py
[2024-10-31T06:18:47.090+0000] {processor.py:840} INFO - DAG(s) 'example_branch_dop_operator_v3' retrieved from /home/airflow/.local/lib/python3.11/site-packages/airflow/example_dags/example_branch_python_dop_operator_3.py
[2024-10-31T06:18:47.107+0000] {logging_mixin.py:188} INFO - [2024-10-31T06:18:47.107+0000] {dag.py:3096} INFO - Sync 1 DAGs
[2024-10-31T06:18:47.134+0000] {logging_mixin.py:188} INFO - [2024-10-31T06:18:47.133+0000] {dag.py:3954} INFO - Setting next_dagrun for example_branch_dop_operator_v3 to 2024-10-31 06:17:00+00:00, run_after=2024-10-31 06:18:00+00:00
[2024-10-31T06:18:47.157+0000] {processor.py:183} INFO - Processing /home/airflow/.local/lib/python3.11/site-packages/airflow/example_dags/example_branch_python_dop_operator_3.py took 0.081 seconds
[2024-10-31T15:44:00.780+0000] {processor.py:161} INFO - Started process (PID=380) to work on /home/airflow/.local/lib/python3.11/site-packages/airflow/example_dags/example_branch_python_dop_operator_3.py
[2024-10-31T15:44:00.782+0000] {processor.py:830} INFO - Processing file /home/airflow/.local/lib/python3.11/site-packages/airflow/example_dags/example_branch_python_dop_operator_3.py for tasks to queue
[2024-10-31T15:44:00.786+0000] {logging_mixin.py:188} INFO - [2024-10-31T15:44:00.785+0000] {dagbag.py:545} INFO - Filling up the DagBag from /home/airflow/.local/lib/python3.11/site-packages/airflow/example_dags/example_branch_python_dop_operator_3.py
[2024-10-31T15:44:00.799+0000] {processor.py:840} INFO - DAG(s) 'example_branch_dop_operator_v3' retrieved from /home/airflow/.local/lib/python3.11/site-packages/airflow/example_dags/example_branch_python_dop_operator_3.py
[2024-10-31T15:44:00.818+0000] {logging_mixin.py:188} INFO - [2024-10-31T15:44:00.818+0000] {dag.py:3096} INFO - Sync 1 DAGs
[2024-10-31T15:44:00.865+0000] {logging_mixin.py:188} INFO - [2024-10-31T15:44:00.864+0000] {dag.py:3954} INFO - Setting next_dagrun for example_branch_dop_operator_v3 to 2024-10-31 15:43:00+00:00, run_after=2024-10-31 15:44:00+00:00
[2024-10-31T15:44:00.896+0000] {processor.py:183} INFO - Processing /home/airflow/.local/lib/python3.11/site-packages/airflow/example_dags/example_branch_python_dop_operator_3.py took 0.122 seconds
[2024-10-31T15:44:33.732+0000] {processor.py:161} INFO - Started process (PID=652) to work on /home/airflow/.local/lib/python3.11/site-packages/airflow/example_dags/example_branch_python_dop_operator_3.py
[2024-10-31T15:44:33.734+0000] {processor.py:830} INFO - Processing file /home/airflow/.local/lib/python3.11/site-packages/airflow/example_dags/example_branch_python_dop_operator_3.py for tasks to queue
[2024-10-31T15:44:33.736+0000] {logging_mixin.py:188} INFO - [2024-10-31T15:44:33.735+0000] {dagbag.py:545} INFO - Filling up the DagBag from /home/airflow/.local/lib/python3.11/site-packages/airflow/example_dags/example_branch_python_dop_operator_3.py
[2024-10-31T15:44:33.746+0000] {processor.py:840} INFO - DAG(s) 'example_branch_dop_operator_v3' retrieved from /home/airflow/.local/lib/python3.11/site-packages/airflow/example_dags/example_branch_python_dop_operator_3.py
[2024-10-31T15:44:33.838+0000] {logging_mixin.py:188} INFO - [2024-10-31T15:44:33.837+0000] {dag.py:3096} INFO - Sync 1 DAGs
[2024-10-31T15:44:33.861+0000] {logging_mixin.py:188} INFO - [2024-10-31T15:44:33.861+0000] {dag.py:3954} INFO - Setting next_dagrun for example_branch_dop_operator_v3 to 2024-10-31 15:43:00+00:00, run_after=2024-10-31 15:44:00+00:00
[2024-10-31T15:44:33.887+0000] {processor.py:183} INFO - Processing /home/airflow/.local/lib/python3.11/site-packages/airflow/example_dags/example_branch_python_dop_operator_3.py took 0.160 seconds
[2024-10-31T15:45:04.196+0000] {processor.py:161} INFO - Started process (PID=918) to work on /home/airflow/.local/lib/python3.11/site-packages/airflow/example_dags/example_branch_python_dop_operator_3.py
[2024-10-31T15:45:04.197+0000] {processor.py:830} INFO - Processing file /home/airflow/.local/lib/python3.11/site-packages/airflow/example_dags/example_branch_python_dop_operator_3.py for tasks to queue
[2024-10-31T15:45:04.199+0000] {logging_mixin.py:188} INFO - [2024-10-31T15:45:04.198+0000] {dagbag.py:545} INFO - Filling up the DagBag from /home/airflow/.local/lib/python3.11/site-packages/airflow/example_dags/example_branch_python_dop_operator_3.py
[2024-10-31T15:45:04.207+0000] {processor.py:840} INFO - DAG(s) 'example_branch_dop_operator_v3' retrieved from /home/airflow/.local/lib/python3.11/site-packages/airflow/example_dags/example_branch_python_dop_operator_3.py
[2024-10-31T15:45:04.231+0000] {logging_mixin.py:188} INFO - [2024-10-31T15:45:04.231+0000] {dag.py:3096} INFO - Sync 1 DAGs
[2024-10-31T15:45:04.259+0000] {logging_mixin.py:188} INFO - [2024-10-31T15:45:04.259+0000] {dag.py:3954} INFO - Setting next_dagrun for example_branch_dop_operator_v3 to 2024-10-31 15:44:00+00:00, run_after=2024-10-31 15:45:00+00:00
[2024-10-31T15:45:04.281+0000] {processor.py:183} INFO - Processing /home/airflow/.local/lib/python3.11/site-packages/airflow/example_dags/example_branch_python_dop_operator_3.py took 0.091 seconds
[2024-10-31T15:45:35.214+0000] {processor.py:161} INFO - Started process (PID=1184) to work on /home/airflow/.local/lib/python3.11/site-packages/airflow/example_dags/example_branch_python_dop_operator_3.py
[2024-10-31T15:45:35.215+0000] {processor.py:830} INFO - Processing file /home/airflow/.local/lib/python3.11/site-packages/airflow/example_dags/example_branch_python_dop_operator_3.py for tasks to queue
[2024-10-31T15:45:35.217+0000] {logging_mixin.py:188} INFO - [2024-10-31T15:45:35.216+0000] {dagbag.py:545} INFO - Filling up the DagBag from /home/airflow/.local/lib/python3.11/site-packages/airflow/example_dags/example_branch_python_dop_operator_3.py
[2024-10-31T15:45:35.225+0000] {processor.py:840} INFO - DAG(s) 'example_branch_dop_operator_v3' retrieved from /home/airflow/.local/lib/python3.11/site-packages/airflow/example_dags/example_branch_python_dop_operator_3.py
[2024-10-31T15:45:35.246+0000] {logging_mixin.py:188} INFO - [2024-10-31T15:45:35.246+0000] {dag.py:3096} INFO - Sync 1 DAGs
[2024-10-31T15:45:35.277+0000] {logging_mixin.py:188} INFO - [2024-10-31T15:45:35.277+0000] {dag.py:3954} INFO - Setting next_dagrun for example_branch_dop_operator_v3 to 2024-10-31 15:44:00+00:00, run_after=2024-10-31 15:45:00+00:00
[2024-10-31T15:45:35.304+0000] {processor.py:183} INFO - Processing /home/airflow/.local/lib/python3.11/site-packages/airflow/example_dags/example_branch_python_dop_operator_3.py took 0.095 seconds
[2024-10-31T15:46:06.206+0000] {processor.py:161} INFO - Started process (PID=1450) to work on /home/airflow/.local/lib/python3.11/site-packages/airflow/example_dags/example_branch_python_dop_operator_3.py
[2024-10-31T15:46:06.209+0000] {processor.py:830} INFO - Processing file /home/airflow/.local/lib/python3.11/site-packages/airflow/example_dags/example_branch_python_dop_operator_3.py for tasks to queue
[2024-10-31T15:46:06.212+0000] {logging_mixin.py:188} INFO - [2024-10-31T15:46:06.211+0000] {dagbag.py:545} INFO - Filling up the DagBag from /home/airflow/.local/lib/python3.11/site-packages/airflow/example_dags/example_branch_python_dop_operator_3.py
[2024-10-31T15:46:06.223+0000] {processor.py:840} INFO - DAG(s) 'example_branch_dop_operator_v3' retrieved from /home/airflow/.local/lib/python3.11/site-packages/airflow/example_dags/example_branch_python_dop_operator_3.py
[2024-10-31T15:46:06.245+0000] {logging_mixin.py:188} INFO - [2024-10-31T15:46:06.245+0000] {dag.py:3096} INFO - Sync 1 DAGs
[2024-10-31T15:46:06.278+0000] {logging_mixin.py:188} INFO - [2024-10-31T15:46:06.278+0000] {dag.py:3954} INFO - Setting next_dagrun for example_branch_dop_operator_v3 to 2024-10-31 15:45:00+00:00, run_after=2024-10-31 15:46:00+00:00
[2024-10-31T15:46:06.298+0000] {processor.py:183} INFO - Processing /home/airflow/.local/lib/python3.11/site-packages/airflow/example_dags/example_branch_python_dop_operator_3.py took 0.102 seconds
[2024-10-31T15:46:36.777+0000] {processor.py:161} INFO - Started process (PID=1716) to work on /home/airflow/.local/lib/python3.11/site-packages/airflow/example_dags/example_branch_python_dop_operator_3.py
[2024-10-31T15:46:36.778+0000] {processor.py:830} INFO - Processing file /home/airflow/.local/lib/python3.11/site-packages/airflow/example_dags/example_branch_python_dop_operator_3.py for tasks to queue
[2024-10-31T15:46:36.781+0000] {logging_mixin.py:188} INFO - [2024-10-31T15:46:36.780+0000] {dagbag.py:545} INFO - Filling up the DagBag from /home/airflow/.local/lib/python3.11/site-packages/airflow/example_dags/example_branch_python_dop_operator_3.py
[2024-10-31T15:46:36.795+0000] {processor.py:840} INFO - DAG(s) 'example_branch_dop_operator_v3' retrieved from /home/airflow/.local/lib/python3.11/site-packages/airflow/example_dags/example_branch_python_dop_operator_3.py
[2024-10-31T15:46:36.825+0000] {logging_mixin.py:188} INFO - [2024-10-31T15:46:36.824+0000] {dag.py:3096} INFO - Sync 1 DAGs
[2024-10-31T15:46:36.857+0000] {logging_mixin.py:188} INFO - [2024-10-31T15:46:36.856+0000] {dag.py:3954} INFO - Setting next_dagrun for example_branch_dop_operator_v3 to 2024-10-31 15:45:00+00:00, run_after=2024-10-31 15:46:00+00:00
[2024-10-31T15:46:36.894+0000] {processor.py:183} INFO - Processing /home/airflow/.local/lib/python3.11/site-packages/airflow/example_dags/example_branch_python_dop_operator_3.py took 0.130 seconds
