[2024-10-31T06:17:11.324+0000] {processor.py:161} INFO - Started process (PID=192) to work on /home/airflow/.local/lib/python3.11/site-packages/airflow/example_dags/example_nested_branch_dag.py
[2024-10-31T06:17:11.325+0000] {processor.py:830} INFO - Processing file /home/airflow/.local/lib/python3.11/site-packages/airflow/example_dags/example_nested_branch_dag.py for tasks to queue
[2024-10-31T06:17:11.329+0000] {logging_mixin.py:188} INFO - [2024-10-31T06:17:11.329+0000] {dagbag.py:545} INFO - Filling up the DagBag from /home/airflow/.local/lib/python3.11/site-packages/airflow/example_dags/example_nested_branch_dag.py
[2024-10-31T06:17:11.338+0000] {processor.py:840} INFO - DAG(s) 'example_nested_branch_dag' retrieved from /home/airflow/.local/lib/python3.11/site-packages/airflow/example_dags/example_nested_branch_dag.py
[2024-10-31T06:17:11.346+0000] {logging_mixin.py:188} INFO - [2024-10-31T06:17:11.346+0000] {dag.py:3096} INFO - Sync 1 DAGs
[2024-10-31T06:17:11.363+0000] {logging_mixin.py:188} INFO - [2024-10-31T06:17:11.363+0000] {dag.py:3954} INFO - Setting next_dagrun for example_nested_branch_dag to 2024-10-30 00:00:00+00:00, run_after=2024-10-31 00:00:00+00:00
[2024-10-31T06:17:11.378+0000] {processor.py:183} INFO - Processing /home/airflow/.local/lib/python3.11/site-packages/airflow/example_dags/example_nested_branch_dag.py took 0.058 seconds
[2024-10-31T06:17:42.541+0000] {processor.py:161} INFO - Started process (PID=458) to work on /home/airflow/.local/lib/python3.11/site-packages/airflow/example_dags/example_nested_branch_dag.py
[2024-10-31T06:17:42.542+0000] {processor.py:830} INFO - Processing file /home/airflow/.local/lib/python3.11/site-packages/airflow/example_dags/example_nested_branch_dag.py for tasks to queue
[2024-10-31T06:17:42.543+0000] {logging_mixin.py:188} INFO - [2024-10-31T06:17:42.543+0000] {dagbag.py:545} INFO - Filling up the DagBag from /home/airflow/.local/lib/python3.11/site-packages/airflow/example_dags/example_nested_branch_dag.py
[2024-10-31T06:17:42.553+0000] {processor.py:840} INFO - DAG(s) 'example_nested_branch_dag' retrieved from /home/airflow/.local/lib/python3.11/site-packages/airflow/example_dags/example_nested_branch_dag.py
[2024-10-31T06:17:42.636+0000] {logging_mixin.py:188} INFO - [2024-10-31T06:17:42.636+0000] {dag.py:3096} INFO - Sync 1 DAGs
[2024-10-31T06:17:42.653+0000] {logging_mixin.py:188} INFO - [2024-10-31T06:17:42.653+0000] {dag.py:3954} INFO - Setting next_dagrun for example_nested_branch_dag to 2024-10-30 00:00:00+00:00, run_after=2024-10-31 00:00:00+00:00
[2024-10-31T06:17:42.670+0000] {processor.py:183} INFO - Processing /home/airflow/.local/lib/python3.11/site-packages/airflow/example_dags/example_nested_branch_dag.py took 0.134 seconds
[2024-10-31T06:18:13.109+0000] {processor.py:161} INFO - Started process (PID=742) to work on /home/airflow/.local/lib/python3.11/site-packages/airflow/example_dags/example_nested_branch_dag.py
[2024-10-31T06:18:13.110+0000] {processor.py:830} INFO - Processing file /home/airflow/.local/lib/python3.11/site-packages/airflow/example_dags/example_nested_branch_dag.py for tasks to queue
[2024-10-31T06:18:13.111+0000] {logging_mixin.py:188} INFO - [2024-10-31T06:18:13.111+0000] {dagbag.py:545} INFO - Filling up the DagBag from /home/airflow/.local/lib/python3.11/site-packages/airflow/example_dags/example_nested_branch_dag.py
[2024-10-31T06:18:13.119+0000] {processor.py:840} INFO - DAG(s) 'example_nested_branch_dag' retrieved from /home/airflow/.local/lib/python3.11/site-packages/airflow/example_dags/example_nested_branch_dag.py
[2024-10-31T06:18:13.137+0000] {logging_mixin.py:188} INFO - [2024-10-31T06:18:13.137+0000] {dag.py:3096} INFO - Sync 1 DAGs
[2024-10-31T06:18:13.156+0000] {logging_mixin.py:188} INFO - [2024-10-31T06:18:13.155+0000] {dag.py:3954} INFO - Setting next_dagrun for example_nested_branch_dag to 2024-10-30 00:00:00+00:00, run_after=2024-10-31 00:00:00+00:00
[2024-10-31T06:18:13.172+0000] {processor.py:183} INFO - Processing /home/airflow/.local/lib/python3.11/site-packages/airflow/example_dags/example_nested_branch_dag.py took 0.068 seconds
[2024-10-31T06:18:44.202+0000] {processor.py:161} INFO - Started process (PID=1009) to work on /home/airflow/.local/lib/python3.11/site-packages/airflow/example_dags/example_nested_branch_dag.py
[2024-10-31T06:18:44.203+0000] {processor.py:830} INFO - Processing file /home/airflow/.local/lib/python3.11/site-packages/airflow/example_dags/example_nested_branch_dag.py for tasks to queue
[2024-10-31T06:18:44.205+0000] {logging_mixin.py:188} INFO - [2024-10-31T06:18:44.205+0000] {dagbag.py:545} INFO - Filling up the DagBag from /home/airflow/.local/lib/python3.11/site-packages/airflow/example_dags/example_nested_branch_dag.py
[2024-10-31T06:18:44.216+0000] {processor.py:840} INFO - DAG(s) 'example_nested_branch_dag' retrieved from /home/airflow/.local/lib/python3.11/site-packages/airflow/example_dags/example_nested_branch_dag.py
[2024-10-31T06:18:44.238+0000] {logging_mixin.py:188} INFO - [2024-10-31T06:18:44.238+0000] {dag.py:3096} INFO - Sync 1 DAGs
[2024-10-31T06:18:44.257+0000] {logging_mixin.py:188} INFO - [2024-10-31T06:18:44.257+0000] {dag.py:3954} INFO - Setting next_dagrun for example_nested_branch_dag to 2024-10-30 00:00:00+00:00, run_after=2024-10-31 00:00:00+00:00
[2024-10-31T06:18:44.273+0000] {processor.py:183} INFO - Processing /home/airflow/.local/lib/python3.11/site-packages/airflow/example_dags/example_nested_branch_dag.py took 0.076 seconds
[2024-10-31T15:43:58.045+0000] {processor.py:161} INFO - Started process (PID=197) to work on /home/airflow/.local/lib/python3.11/site-packages/airflow/example_dags/example_nested_branch_dag.py
[2024-10-31T15:43:58.046+0000] {processor.py:830} INFO - Processing file /home/airflow/.local/lib/python3.11/site-packages/airflow/example_dags/example_nested_branch_dag.py for tasks to queue
[2024-10-31T15:43:58.053+0000] {logging_mixin.py:188} INFO - [2024-10-31T15:43:58.053+0000] {dagbag.py:545} INFO - Filling up the DagBag from /home/airflow/.local/lib/python3.11/site-packages/airflow/example_dags/example_nested_branch_dag.py
[2024-10-31T15:43:58.065+0000] {processor.py:840} INFO - DAG(s) 'example_nested_branch_dag' retrieved from /home/airflow/.local/lib/python3.11/site-packages/airflow/example_dags/example_nested_branch_dag.py
[2024-10-31T15:43:58.075+0000] {logging_mixin.py:188} INFO - [2024-10-31T15:43:58.075+0000] {dag.py:3096} INFO - Sync 1 DAGs
[2024-10-31T15:43:58.095+0000] {logging_mixin.py:188} INFO - [2024-10-31T15:43:58.095+0000] {dag.py:3954} INFO - Setting next_dagrun for example_nested_branch_dag to 2024-10-30 00:00:00+00:00, run_after=2024-10-31 00:00:00+00:00
[2024-10-31T15:43:58.111+0000] {processor.py:183} INFO - Processing /home/airflow/.local/lib/python3.11/site-packages/airflow/example_dags/example_nested_branch_dag.py took 0.074 seconds
[2024-10-31T15:44:29.388+0000] {processor.py:161} INFO - Started process (PID=461) to work on /home/airflow/.local/lib/python3.11/site-packages/airflow/example_dags/example_nested_branch_dag.py
[2024-10-31T15:44:29.390+0000] {processor.py:830} INFO - Processing file /home/airflow/.local/lib/python3.11/site-packages/airflow/example_dags/example_nested_branch_dag.py for tasks to queue
[2024-10-31T15:44:29.392+0000] {logging_mixin.py:188} INFO - [2024-10-31T15:44:29.392+0000] {dagbag.py:545} INFO - Filling up the DagBag from /home/airflow/.local/lib/python3.11/site-packages/airflow/example_dags/example_nested_branch_dag.py
[2024-10-31T15:44:29.412+0000] {processor.py:840} INFO - DAG(s) 'example_nested_branch_dag' retrieved from /home/airflow/.local/lib/python3.11/site-packages/airflow/example_dags/example_nested_branch_dag.py
[2024-10-31T15:44:29.558+0000] {logging_mixin.py:188} INFO - [2024-10-31T15:44:29.558+0000] {dag.py:3096} INFO - Sync 1 DAGs
[2024-10-31T15:44:29.587+0000] {logging_mixin.py:188} INFO - [2024-10-31T15:44:29.586+0000] {dag.py:3954} INFO - Setting next_dagrun for example_nested_branch_dag to 2024-10-30 00:00:00+00:00, run_after=2024-10-31 00:00:00+00:00
[2024-10-31T15:44:29.621+0000] {processor.py:183} INFO - Processing /home/airflow/.local/lib/python3.11/site-packages/airflow/example_dags/example_nested_branch_dag.py took 0.243 seconds
[2024-10-31T15:45:00.274+0000] {processor.py:161} INFO - Started process (PID=727) to work on /home/airflow/.local/lib/python3.11/site-packages/airflow/example_dags/example_nested_branch_dag.py
[2024-10-31T15:45:00.276+0000] {processor.py:830} INFO - Processing file /home/airflow/.local/lib/python3.11/site-packages/airflow/example_dags/example_nested_branch_dag.py for tasks to queue
[2024-10-31T15:45:00.280+0000] {logging_mixin.py:188} INFO - [2024-10-31T15:45:00.280+0000] {dagbag.py:545} INFO - Filling up the DagBag from /home/airflow/.local/lib/python3.11/site-packages/airflow/example_dags/example_nested_branch_dag.py
[2024-10-31T15:45:00.292+0000] {processor.py:840} INFO - DAG(s) 'example_nested_branch_dag' retrieved from /home/airflow/.local/lib/python3.11/site-packages/airflow/example_dags/example_nested_branch_dag.py
[2024-10-31T15:45:00.318+0000] {logging_mixin.py:188} INFO - [2024-10-31T15:45:00.317+0000] {dag.py:3096} INFO - Sync 1 DAGs
[2024-10-31T15:45:00.352+0000] {logging_mixin.py:188} INFO - [2024-10-31T15:45:00.351+0000] {dag.py:3954} INFO - Setting next_dagrun for example_nested_branch_dag to 2024-10-30 00:00:00+00:00, run_after=2024-10-31 00:00:00+00:00
[2024-10-31T15:45:00.386+0000] {processor.py:183} INFO - Processing /home/airflow/.local/lib/python3.11/site-packages/airflow/example_dags/example_nested_branch_dag.py took 0.118 seconds
[2024-10-31T15:45:31.369+0000] {processor.py:161} INFO - Started process (PID=993) to work on /home/airflow/.local/lib/python3.11/site-packages/airflow/example_dags/example_nested_branch_dag.py
[2024-10-31T15:45:31.370+0000] {processor.py:830} INFO - Processing file /home/airflow/.local/lib/python3.11/site-packages/airflow/example_dags/example_nested_branch_dag.py for tasks to queue
[2024-10-31T15:45:31.372+0000] {logging_mixin.py:188} INFO - [2024-10-31T15:45:31.371+0000] {dagbag.py:545} INFO - Filling up the DagBag from /home/airflow/.local/lib/python3.11/site-packages/airflow/example_dags/example_nested_branch_dag.py
[2024-10-31T15:45:31.381+0000] {processor.py:840} INFO - DAG(s) 'example_nested_branch_dag' retrieved from /home/airflow/.local/lib/python3.11/site-packages/airflow/example_dags/example_nested_branch_dag.py
[2024-10-31T15:45:31.408+0000] {logging_mixin.py:188} INFO - [2024-10-31T15:45:31.407+0000] {dag.py:3096} INFO - Sync 1 DAGs
[2024-10-31T15:45:31.432+0000] {logging_mixin.py:188} INFO - [2024-10-31T15:45:31.432+0000] {dag.py:3954} INFO - Setting next_dagrun for example_nested_branch_dag to 2024-10-30 00:00:00+00:00, run_after=2024-10-31 00:00:00+00:00
[2024-10-31T15:45:31.450+0000] {processor.py:183} INFO - Processing /home/airflow/.local/lib/python3.11/site-packages/airflow/example_dags/example_nested_branch_dag.py took 0.087 seconds
[2024-10-31T15:46:02.215+0000] {processor.py:161} INFO - Started process (PID=1265) to work on /home/airflow/.local/lib/python3.11/site-packages/airflow/example_dags/example_nested_branch_dag.py
[2024-10-31T15:46:02.216+0000] {processor.py:830} INFO - Processing file /home/airflow/.local/lib/python3.11/site-packages/airflow/example_dags/example_nested_branch_dag.py for tasks to queue
[2024-10-31T15:46:02.218+0000] {logging_mixin.py:188} INFO - [2024-10-31T15:46:02.217+0000] {dagbag.py:545} INFO - Filling up the DagBag from /home/airflow/.local/lib/python3.11/site-packages/airflow/example_dags/example_nested_branch_dag.py
[2024-10-31T15:46:02.228+0000] {processor.py:840} INFO - DAG(s) 'example_nested_branch_dag' retrieved from /home/airflow/.local/lib/python3.11/site-packages/airflow/example_dags/example_nested_branch_dag.py
[2024-10-31T15:46:02.250+0000] {logging_mixin.py:188} INFO - [2024-10-31T15:46:02.250+0000] {dag.py:3096} INFO - Sync 1 DAGs
[2024-10-31T15:46:02.274+0000] {logging_mixin.py:188} INFO - [2024-10-31T15:46:02.274+0000] {dag.py:3954} INFO - Setting next_dagrun for example_nested_branch_dag to 2024-10-30 00:00:00+00:00, run_after=2024-10-31 00:00:00+00:00
[2024-10-31T15:46:02.294+0000] {processor.py:183} INFO - Processing /home/airflow/.local/lib/python3.11/site-packages/airflow/example_dags/example_nested_branch_dag.py took 0.084 seconds
[2024-10-31T15:46:33.281+0000] {processor.py:161} INFO - Started process (PID=1531) to work on /home/airflow/.local/lib/python3.11/site-packages/airflow/example_dags/example_nested_branch_dag.py
[2024-10-31T15:46:33.283+0000] {processor.py:830} INFO - Processing file /home/airflow/.local/lib/python3.11/site-packages/airflow/example_dags/example_nested_branch_dag.py for tasks to queue
[2024-10-31T15:46:33.285+0000] {logging_mixin.py:188} INFO - [2024-10-31T15:46:33.285+0000] {dagbag.py:545} INFO - Filling up the DagBag from /home/airflow/.local/lib/python3.11/site-packages/airflow/example_dags/example_nested_branch_dag.py
[2024-10-31T15:46:33.296+0000] {processor.py:840} INFO - DAG(s) 'example_nested_branch_dag' retrieved from /home/airflow/.local/lib/python3.11/site-packages/airflow/example_dags/example_nested_branch_dag.py
[2024-10-31T15:46:33.318+0000] {logging_mixin.py:188} INFO - [2024-10-31T15:46:33.318+0000] {dag.py:3096} INFO - Sync 1 DAGs
[2024-10-31T15:46:33.345+0000] {logging_mixin.py:188} INFO - [2024-10-31T15:46:33.345+0000] {dag.py:3954} INFO - Setting next_dagrun for example_nested_branch_dag to 2024-10-30 00:00:00+00:00, run_after=2024-10-31 00:00:00+00:00
[2024-10-31T15:46:33.369+0000] {processor.py:183} INFO - Processing /home/airflow/.local/lib/python3.11/site-packages/airflow/example_dags/example_nested_branch_dag.py took 0.094 seconds
