[2024-10-31T06:17:12.767+0000] {processor.py:161} INFO - Started process (PID=300) to work on /home/airflow/.local/lib/python3.11/site-packages/airflow/example_dags/example_local_kubernetes_executor.py
[2024-10-31T06:17:12.768+0000] {processor.py:830} INFO - Processing file /home/airflow/.local/lib/python3.11/site-packages/airflow/example_dags/example_local_kubernetes_executor.py for tasks to queue
[2024-10-31T06:17:12.770+0000] {logging_mixin.py:188} INFO - [2024-10-31T06:17:12.770+0000] {dagbag.py:545} INFO - Filling up the DagBag from /home/airflow/.local/lib/python3.11/site-packages/airflow/example_dags/example_local_kubernetes_executor.py
[2024-10-31T06:17:12.779+0000] {processor.py:840} INFO - DAG(s) 'example_local_kubernetes_executor' retrieved from /home/airflow/.local/lib/python3.11/site-packages/airflow/example_dags/example_local_kubernetes_executor.py
[2024-10-31T06:17:12.790+0000] {logging_mixin.py:188} INFO - [2024-10-31T06:17:12.789+0000] {dag.py:3096} INFO - Sync 1 DAGs
[2024-10-31T06:17:12.801+0000] {logging_mixin.py:188} INFO - [2024-10-31T06:17:12.801+0000] {dag.py:3954} INFO - Setting next_dagrun for example_local_kubernetes_executor to None, run_after=None
[2024-10-31T06:17:12.820+0000] {processor.py:183} INFO - Processing /home/airflow/.local/lib/python3.11/site-packages/airflow/example_dags/example_local_kubernetes_executor.py took 0.058 seconds
[2024-10-31T06:17:44.329+0000] {processor.py:161} INFO - Started process (PID=572) to work on /home/airflow/.local/lib/python3.11/site-packages/airflow/example_dags/example_local_kubernetes_executor.py
[2024-10-31T06:17:44.330+0000] {processor.py:830} INFO - Processing file /home/airflow/.local/lib/python3.11/site-packages/airflow/example_dags/example_local_kubernetes_executor.py for tasks to queue
[2024-10-31T06:17:44.332+0000] {logging_mixin.py:188} INFO - [2024-10-31T06:17:44.331+0000] {dagbag.py:545} INFO - Filling up the DagBag from /home/airflow/.local/lib/python3.11/site-packages/airflow/example_dags/example_local_kubernetes_executor.py
[2024-10-31T06:17:44.339+0000] {processor.py:840} INFO - DAG(s) 'example_local_kubernetes_executor' retrieved from /home/airflow/.local/lib/python3.11/site-packages/airflow/example_dags/example_local_kubernetes_executor.py
[2024-10-31T06:17:44.450+0000] {logging_mixin.py:188} INFO - [2024-10-31T06:17:44.450+0000] {dag.py:3096} INFO - Sync 1 DAGs
[2024-10-31T06:17:44.459+0000] {logging_mixin.py:188} INFO - [2024-10-31T06:17:44.458+0000] {dag.py:3954} INFO - Setting next_dagrun for example_local_kubernetes_executor to None, run_after=None
[2024-10-31T06:17:44.485+0000] {processor.py:183} INFO - Processing /home/airflow/.local/lib/python3.11/site-packages/airflow/example_dags/example_local_kubernetes_executor.py took 0.162 seconds
[2024-10-31T06:18:14.537+0000] {processor.py:161} INFO - Started process (PID=854) to work on /home/airflow/.local/lib/python3.11/site-packages/airflow/example_dags/example_local_kubernetes_executor.py
[2024-10-31T06:18:14.538+0000] {processor.py:830} INFO - Processing file /home/airflow/.local/lib/python3.11/site-packages/airflow/example_dags/example_local_kubernetes_executor.py for tasks to queue
[2024-10-31T06:18:14.540+0000] {logging_mixin.py:188} INFO - [2024-10-31T06:18:14.539+0000] {dagbag.py:545} INFO - Filling up the DagBag from /home/airflow/.local/lib/python3.11/site-packages/airflow/example_dags/example_local_kubernetes_executor.py
[2024-10-31T06:18:14.546+0000] {processor.py:840} INFO - DAG(s) 'example_local_kubernetes_executor' retrieved from /home/airflow/.local/lib/python3.11/site-packages/airflow/example_dags/example_local_kubernetes_executor.py
[2024-10-31T06:18:14.574+0000] {logging_mixin.py:188} INFO - [2024-10-31T06:18:14.574+0000] {dag.py:3096} INFO - Sync 1 DAGs
[2024-10-31T06:18:14.584+0000] {logging_mixin.py:188} INFO - [2024-10-31T06:18:14.584+0000] {dag.py:3954} INFO - Setting next_dagrun for example_local_kubernetes_executor to None, run_after=None
[2024-10-31T06:18:14.599+0000] {processor.py:183} INFO - Processing /home/airflow/.local/lib/python3.11/site-packages/airflow/example_dags/example_local_kubernetes_executor.py took 0.067 seconds
[2024-10-31T06:18:45.347+0000] {processor.py:161} INFO - Started process (PID=1119) to work on /home/airflow/.local/lib/python3.11/site-packages/airflow/example_dags/example_local_kubernetes_executor.py
[2024-10-31T06:18:45.348+0000] {processor.py:830} INFO - Processing file /home/airflow/.local/lib/python3.11/site-packages/airflow/example_dags/example_local_kubernetes_executor.py for tasks to queue
[2024-10-31T06:18:45.350+0000] {logging_mixin.py:188} INFO - [2024-10-31T06:18:45.349+0000] {dagbag.py:545} INFO - Filling up the DagBag from /home/airflow/.local/lib/python3.11/site-packages/airflow/example_dags/example_local_kubernetes_executor.py
[2024-10-31T06:18:45.356+0000] {processor.py:840} INFO - DAG(s) 'example_local_kubernetes_executor' retrieved from /home/airflow/.local/lib/python3.11/site-packages/airflow/example_dags/example_local_kubernetes_executor.py
[2024-10-31T06:18:45.388+0000] {logging_mixin.py:188} INFO - [2024-10-31T06:18:45.387+0000] {dag.py:3096} INFO - Sync 1 DAGs
[2024-10-31T06:18:45.400+0000] {logging_mixin.py:188} INFO - [2024-10-31T06:18:45.400+0000] {dag.py:3954} INFO - Setting next_dagrun for example_local_kubernetes_executor to None, run_after=None
[2024-10-31T06:18:45.416+0000] {processor.py:183} INFO - Processing /home/airflow/.local/lib/python3.11/site-packages/airflow/example_dags/example_local_kubernetes_executor.py took 0.075 seconds
[2024-10-31T15:43:59.792+0000] {processor.py:161} INFO - Started process (PID=305) to work on /home/airflow/.local/lib/python3.11/site-packages/airflow/example_dags/example_local_kubernetes_executor.py
[2024-10-31T15:43:59.794+0000] {processor.py:830} INFO - Processing file /home/airflow/.local/lib/python3.11/site-packages/airflow/example_dags/example_local_kubernetes_executor.py for tasks to queue
[2024-10-31T15:43:59.796+0000] {logging_mixin.py:188} INFO - [2024-10-31T15:43:59.796+0000] {dagbag.py:545} INFO - Filling up the DagBag from /home/airflow/.local/lib/python3.11/site-packages/airflow/example_dags/example_local_kubernetes_executor.py
[2024-10-31T15:43:59.809+0000] {processor.py:840} INFO - DAG(s) 'example_local_kubernetes_executor' retrieved from /home/airflow/.local/lib/python3.11/site-packages/airflow/example_dags/example_local_kubernetes_executor.py
[2024-10-31T15:43:59.827+0000] {logging_mixin.py:188} INFO - [2024-10-31T15:43:59.826+0000] {dag.py:3096} INFO - Sync 1 DAGs
[2024-10-31T15:43:59.849+0000] {logging_mixin.py:188} INFO - [2024-10-31T15:43:59.848+0000] {dag.py:3954} INFO - Setting next_dagrun for example_local_kubernetes_executor to None, run_after=None
[2024-10-31T15:43:59.885+0000] {processor.py:183} INFO - Processing /home/airflow/.local/lib/python3.11/site-packages/airflow/example_dags/example_local_kubernetes_executor.py took 0.100 seconds
[2024-10-31T15:44:32.012+0000] {processor.py:161} INFO - Started process (PID=577) to work on /home/airflow/.local/lib/python3.11/site-packages/airflow/example_dags/example_local_kubernetes_executor.py
[2024-10-31T15:44:32.013+0000] {processor.py:830} INFO - Processing file /home/airflow/.local/lib/python3.11/site-packages/airflow/example_dags/example_local_kubernetes_executor.py for tasks to queue
[2024-10-31T15:44:32.015+0000] {logging_mixin.py:188} INFO - [2024-10-31T15:44:32.015+0000] {dagbag.py:545} INFO - Filling up the DagBag from /home/airflow/.local/lib/python3.11/site-packages/airflow/example_dags/example_local_kubernetes_executor.py
[2024-10-31T15:44:32.023+0000] {processor.py:840} INFO - DAG(s) 'example_local_kubernetes_executor' retrieved from /home/airflow/.local/lib/python3.11/site-packages/airflow/example_dags/example_local_kubernetes_executor.py
[2024-10-31T15:44:32.183+0000] {logging_mixin.py:188} INFO - [2024-10-31T15:44:32.183+0000] {dag.py:3096} INFO - Sync 1 DAGs
[2024-10-31T15:44:32.194+0000] {logging_mixin.py:188} INFO - [2024-10-31T15:44:32.193+0000] {dag.py:3954} INFO - Setting next_dagrun for example_local_kubernetes_executor to None, run_after=None
[2024-10-31T15:44:32.214+0000] {processor.py:183} INFO - Processing /home/airflow/.local/lib/python3.11/site-packages/airflow/example_dags/example_local_kubernetes_executor.py took 0.209 seconds
[2024-10-31T15:45:03.051+0000] {processor.py:161} INFO - Started process (PID=843) to work on /home/airflow/.local/lib/python3.11/site-packages/airflow/example_dags/example_local_kubernetes_executor.py
[2024-10-31T15:45:03.052+0000] {processor.py:830} INFO - Processing file /home/airflow/.local/lib/python3.11/site-packages/airflow/example_dags/example_local_kubernetes_executor.py for tasks to queue
[2024-10-31T15:45:03.054+0000] {logging_mixin.py:188} INFO - [2024-10-31T15:45:03.054+0000] {dagbag.py:545} INFO - Filling up the DagBag from /home/airflow/.local/lib/python3.11/site-packages/airflow/example_dags/example_local_kubernetes_executor.py
[2024-10-31T15:45:03.072+0000] {processor.py:840} INFO - DAG(s) 'example_local_kubernetes_executor' retrieved from /home/airflow/.local/lib/python3.11/site-packages/airflow/example_dags/example_local_kubernetes_executor.py
[2024-10-31T15:45:03.106+0000] {logging_mixin.py:188} INFO - [2024-10-31T15:45:03.106+0000] {dag.py:3096} INFO - Sync 1 DAGs
[2024-10-31T15:45:03.121+0000] {logging_mixin.py:188} INFO - [2024-10-31T15:45:03.121+0000] {dag.py:3954} INFO - Setting next_dagrun for example_local_kubernetes_executor to None, run_after=None
[2024-10-31T15:45:03.160+0000] {processor.py:183} INFO - Processing /home/airflow/.local/lib/python3.11/site-packages/airflow/example_dags/example_local_kubernetes_executor.py took 0.118 seconds
[2024-10-31T15:45:33.485+0000] {processor.py:161} INFO - Started process (PID=1109) to work on /home/airflow/.local/lib/python3.11/site-packages/airflow/example_dags/example_local_kubernetes_executor.py
[2024-10-31T15:45:33.487+0000] {processor.py:830} INFO - Processing file /home/airflow/.local/lib/python3.11/site-packages/airflow/example_dags/example_local_kubernetes_executor.py for tasks to queue
[2024-10-31T15:45:33.491+0000] {logging_mixin.py:188} INFO - [2024-10-31T15:45:33.491+0000] {dagbag.py:545} INFO - Filling up the DagBag from /home/airflow/.local/lib/python3.11/site-packages/airflow/example_dags/example_local_kubernetes_executor.py
[2024-10-31T15:45:33.498+0000] {processor.py:840} INFO - DAG(s) 'example_local_kubernetes_executor' retrieved from /home/airflow/.local/lib/python3.11/site-packages/airflow/example_dags/example_local_kubernetes_executor.py
[2024-10-31T15:45:33.529+0000] {logging_mixin.py:188} INFO - [2024-10-31T15:45:33.528+0000] {dag.py:3096} INFO - Sync 1 DAGs
[2024-10-31T15:45:33.539+0000] {logging_mixin.py:188} INFO - [2024-10-31T15:45:33.539+0000] {dag.py:3954} INFO - Setting next_dagrun for example_local_kubernetes_executor to None, run_after=None
[2024-10-31T15:45:33.559+0000] {processor.py:183} INFO - Processing /home/airflow/.local/lib/python3.11/site-packages/airflow/example_dags/example_local_kubernetes_executor.py took 0.080 seconds
[2024-10-31T15:46:03.883+0000] {processor.py:161} INFO - Started process (PID=1375) to work on /home/airflow/.local/lib/python3.11/site-packages/airflow/example_dags/example_local_kubernetes_executor.py
[2024-10-31T15:46:03.884+0000] {processor.py:830} INFO - Processing file /home/airflow/.local/lib/python3.11/site-packages/airflow/example_dags/example_local_kubernetes_executor.py for tasks to queue
[2024-10-31T15:46:03.886+0000] {logging_mixin.py:188} INFO - [2024-10-31T15:46:03.885+0000] {dagbag.py:545} INFO - Filling up the DagBag from /home/airflow/.local/lib/python3.11/site-packages/airflow/example_dags/example_local_kubernetes_executor.py
[2024-10-31T15:46:03.894+0000] {processor.py:840} INFO - DAG(s) 'example_local_kubernetes_executor' retrieved from /home/airflow/.local/lib/python3.11/site-packages/airflow/example_dags/example_local_kubernetes_executor.py
[2024-10-31T15:46:03.947+0000] {logging_mixin.py:188} INFO - [2024-10-31T15:46:03.946+0000] {dag.py:3096} INFO - Sync 1 DAGs
[2024-10-31T15:46:03.968+0000] {logging_mixin.py:188} INFO - [2024-10-31T15:46:03.968+0000] {dag.py:3954} INFO - Setting next_dagrun for example_local_kubernetes_executor to None, run_after=None
[2024-10-31T15:46:03.999+0000] {processor.py:183} INFO - Processing /home/airflow/.local/lib/python3.11/site-packages/airflow/example_dags/example_local_kubernetes_executor.py took 0.123 seconds
[2024-10-31T15:46:35.452+0000] {processor.py:161} INFO - Started process (PID=1641) to work on /home/airflow/.local/lib/python3.11/site-packages/airflow/example_dags/example_local_kubernetes_executor.py
[2024-10-31T15:46:35.453+0000] {processor.py:830} INFO - Processing file /home/airflow/.local/lib/python3.11/site-packages/airflow/example_dags/example_local_kubernetes_executor.py for tasks to queue
[2024-10-31T15:46:35.456+0000] {logging_mixin.py:188} INFO - [2024-10-31T15:46:35.455+0000] {dagbag.py:545} INFO - Filling up the DagBag from /home/airflow/.local/lib/python3.11/site-packages/airflow/example_dags/example_local_kubernetes_executor.py
[2024-10-31T15:46:35.468+0000] {processor.py:840} INFO - DAG(s) 'example_local_kubernetes_executor' retrieved from /home/airflow/.local/lib/python3.11/site-packages/airflow/example_dags/example_local_kubernetes_executor.py
[2024-10-31T15:46:35.508+0000] {logging_mixin.py:188} INFO - [2024-10-31T15:46:35.508+0000] {dag.py:3096} INFO - Sync 1 DAGs
[2024-10-31T15:46:35.520+0000] {logging_mixin.py:188} INFO - [2024-10-31T15:46:35.520+0000] {dag.py:3954} INFO - Setting next_dagrun for example_local_kubernetes_executor to None, run_after=None
[2024-10-31T15:46:35.545+0000] {processor.py:183} INFO - Processing /home/airflow/.local/lib/python3.11/site-packages/airflow/example_dags/example_local_kubernetes_executor.py took 0.099 seconds
