[2024-10-31T06:17:12.364+0000] {processor.py:161} INFO - Started process (PID=267) to work on /home/airflow/.local/lib/python3.11/site-packages/airflow/example_dags/example_branch_labels.py
[2024-10-31T06:17:12.365+0000] {processor.py:830} INFO - Processing file /home/airflow/.local/lib/python3.11/site-packages/airflow/example_dags/example_branch_labels.py for tasks to queue
[2024-10-31T06:17:12.367+0000] {logging_mixin.py:188} INFO - [2024-10-31T06:17:12.367+0000] {dagbag.py:545} INFO - Filling up the DagBag from /home/airflow/.local/lib/python3.11/site-packages/airflow/example_dags/example_branch_labels.py
[2024-10-31T06:17:12.377+0000] {processor.py:840} INFO - DAG(s) 'example_branch_labels' retrieved from /home/airflow/.local/lib/python3.11/site-packages/airflow/example_dags/example_branch_labels.py
[2024-10-31T06:17:12.391+0000] {logging_mixin.py:188} INFO - [2024-10-31T06:17:12.391+0000] {dag.py:3096} INFO - Sync 1 DAGs
[2024-10-31T06:17:12.417+0000] {logging_mixin.py:188} INFO - [2024-10-31T06:17:12.417+0000] {dag.py:3954} INFO - Setting next_dagrun for example_branch_labels to 2024-10-30 00:00:00+00:00, run_after=2024-10-31 00:00:00+00:00
[2024-10-31T06:17:12.443+0000] {processor.py:183} INFO - Processing /home/airflow/.local/lib/python3.11/site-packages/airflow/example_dags/example_branch_labels.py took 0.084 seconds
[2024-10-31T06:17:43.763+0000] {processor.py:161} INFO - Started process (PID=537) to work on /home/airflow/.local/lib/python3.11/site-packages/airflow/example_dags/example_branch_labels.py
[2024-10-31T06:17:43.764+0000] {processor.py:830} INFO - Processing file /home/airflow/.local/lib/python3.11/site-packages/airflow/example_dags/example_branch_labels.py for tasks to queue
[2024-10-31T06:17:43.765+0000] {logging_mixin.py:188} INFO - [2024-10-31T06:17:43.765+0000] {dagbag.py:545} INFO - Filling up the DagBag from /home/airflow/.local/lib/python3.11/site-packages/airflow/example_dags/example_branch_labels.py
[2024-10-31T06:17:43.772+0000] {processor.py:840} INFO - DAG(s) 'example_branch_labels' retrieved from /home/airflow/.local/lib/python3.11/site-packages/airflow/example_dags/example_branch_labels.py
[2024-10-31T06:17:43.848+0000] {logging_mixin.py:188} INFO - [2024-10-31T06:17:43.848+0000] {dag.py:3096} INFO - Sync 1 DAGs
[2024-10-31T06:17:43.864+0000] {logging_mixin.py:188} INFO - [2024-10-31T06:17:43.863+0000] {dag.py:3954} INFO - Setting next_dagrun for example_branch_labels to 2024-10-30 00:00:00+00:00, run_after=2024-10-31 00:00:00+00:00
[2024-10-31T06:17:43.878+0000] {processor.py:183} INFO - Processing /home/airflow/.local/lib/python3.11/site-packages/airflow/example_dags/example_branch_labels.py took 0.120 seconds
[2024-10-31T06:18:13.913+0000] {processor.py:161} INFO - Started process (PID=817) to work on /home/airflow/.local/lib/python3.11/site-packages/airflow/example_dags/example_branch_labels.py
[2024-10-31T06:18:13.914+0000] {processor.py:830} INFO - Processing file /home/airflow/.local/lib/python3.11/site-packages/airflow/example_dags/example_branch_labels.py for tasks to queue
[2024-10-31T06:18:13.915+0000] {logging_mixin.py:188} INFO - [2024-10-31T06:18:13.915+0000] {dagbag.py:545} INFO - Filling up the DagBag from /home/airflow/.local/lib/python3.11/site-packages/airflow/example_dags/example_branch_labels.py
[2024-10-31T06:18:13.921+0000] {processor.py:840} INFO - DAG(s) 'example_branch_labels' retrieved from /home/airflow/.local/lib/python3.11/site-packages/airflow/example_dags/example_branch_labels.py
[2024-10-31T06:18:13.939+0000] {logging_mixin.py:188} INFO - [2024-10-31T06:18:13.939+0000] {dag.py:3096} INFO - Sync 1 DAGs
[2024-10-31T06:18:13.958+0000] {logging_mixin.py:188} INFO - [2024-10-31T06:18:13.958+0000] {dag.py:3954} INFO - Setting next_dagrun for example_branch_labels to 2024-10-30 00:00:00+00:00, run_after=2024-10-31 00:00:00+00:00
[2024-10-31T06:18:13.979+0000] {processor.py:183} INFO - Processing /home/airflow/.local/lib/python3.11/site-packages/airflow/example_dags/example_branch_labels.py took 0.071 seconds
[2024-10-31T06:18:44.910+0000] {processor.py:161} INFO - Started process (PID=1084) to work on /home/airflow/.local/lib/python3.11/site-packages/airflow/example_dags/example_branch_labels.py
[2024-10-31T06:18:44.911+0000] {processor.py:830} INFO - Processing file /home/airflow/.local/lib/python3.11/site-packages/airflow/example_dags/example_branch_labels.py for tasks to queue
[2024-10-31T06:18:44.913+0000] {logging_mixin.py:188} INFO - [2024-10-31T06:18:44.913+0000] {dagbag.py:545} INFO - Filling up the DagBag from /home/airflow/.local/lib/python3.11/site-packages/airflow/example_dags/example_branch_labels.py
[2024-10-31T06:18:44.920+0000] {processor.py:840} INFO - DAG(s) 'example_branch_labels' retrieved from /home/airflow/.local/lib/python3.11/site-packages/airflow/example_dags/example_branch_labels.py
[2024-10-31T06:18:44.941+0000] {logging_mixin.py:188} INFO - [2024-10-31T06:18:44.941+0000] {dag.py:3096} INFO - Sync 1 DAGs
[2024-10-31T06:18:44.963+0000] {logging_mixin.py:188} INFO - [2024-10-31T06:18:44.963+0000] {dag.py:3954} INFO - Setting next_dagrun for example_branch_labels to 2024-10-30 00:00:00+00:00, run_after=2024-10-31 00:00:00+00:00
[2024-10-31T06:18:44.982+0000] {processor.py:183} INFO - Processing /home/airflow/.local/lib/python3.11/site-packages/airflow/example_dags/example_branch_labels.py took 0.078 seconds
[2024-10-31T15:43:59.222+0000] {processor.py:161} INFO - Started process (PID=270) to work on /home/airflow/.local/lib/python3.11/site-packages/airflow/example_dags/example_branch_labels.py
[2024-10-31T15:43:59.224+0000] {processor.py:830} INFO - Processing file /home/airflow/.local/lib/python3.11/site-packages/airflow/example_dags/example_branch_labels.py for tasks to queue
[2024-10-31T15:43:59.229+0000] {logging_mixin.py:188} INFO - [2024-10-31T15:43:59.229+0000] {dagbag.py:545} INFO - Filling up the DagBag from /home/airflow/.local/lib/python3.11/site-packages/airflow/example_dags/example_branch_labels.py
[2024-10-31T15:43:59.252+0000] {processor.py:840} INFO - DAG(s) 'example_branch_labels' retrieved from /home/airflow/.local/lib/python3.11/site-packages/airflow/example_dags/example_branch_labels.py
[2024-10-31T15:43:59.275+0000] {logging_mixin.py:188} INFO - [2024-10-31T15:43:59.275+0000] {dag.py:3096} INFO - Sync 1 DAGs
[2024-10-31T15:43:59.318+0000] {logging_mixin.py:188} INFO - [2024-10-31T15:43:59.317+0000] {dag.py:3954} INFO - Setting next_dagrun for example_branch_labels to 2024-10-30 00:00:00+00:00, run_after=2024-10-31 00:00:00+00:00
[2024-10-31T15:43:59.360+0000] {processor.py:183} INFO - Processing /home/airflow/.local/lib/python3.11/site-packages/airflow/example_dags/example_branch_labels.py took 0.149 seconds
[2024-10-31T15:44:31.300+0000] {processor.py:161} INFO - Started process (PID=536) to work on /home/airflow/.local/lib/python3.11/site-packages/airflow/example_dags/example_branch_labels.py
[2024-10-31T15:44:31.301+0000] {processor.py:830} INFO - Processing file /home/airflow/.local/lib/python3.11/site-packages/airflow/example_dags/example_branch_labels.py for tasks to queue
[2024-10-31T15:44:31.304+0000] {logging_mixin.py:188} INFO - [2024-10-31T15:44:31.303+0000] {dagbag.py:545} INFO - Filling up the DagBag from /home/airflow/.local/lib/python3.11/site-packages/airflow/example_dags/example_branch_labels.py
[2024-10-31T15:44:31.314+0000] {processor.py:840} INFO - DAG(s) 'example_branch_labels' retrieved from /home/airflow/.local/lib/python3.11/site-packages/airflow/example_dags/example_branch_labels.py
[2024-10-31T15:44:31.422+0000] {logging_mixin.py:188} INFO - [2024-10-31T15:44:31.422+0000] {dag.py:3096} INFO - Sync 1 DAGs
[2024-10-31T15:44:31.440+0000] {logging_mixin.py:188} INFO - [2024-10-31T15:44:31.440+0000] {dag.py:3954} INFO - Setting next_dagrun for example_branch_labels to 2024-10-30 00:00:00+00:00, run_after=2024-10-31 00:00:00+00:00
[2024-10-31T15:44:31.459+0000] {processor.py:183} INFO - Processing /home/airflow/.local/lib/python3.11/site-packages/airflow/example_dags/example_branch_labels.py took 0.166 seconds
[2024-10-31T15:45:01.535+0000] {processor.py:161} INFO - Started process (PID=802) to work on /home/airflow/.local/lib/python3.11/site-packages/airflow/example_dags/example_branch_labels.py
[2024-10-31T15:45:01.537+0000] {processor.py:830} INFO - Processing file /home/airflow/.local/lib/python3.11/site-packages/airflow/example_dags/example_branch_labels.py for tasks to queue
[2024-10-31T15:45:01.539+0000] {logging_mixin.py:188} INFO - [2024-10-31T15:45:01.538+0000] {dagbag.py:545} INFO - Filling up the DagBag from /home/airflow/.local/lib/python3.11/site-packages/airflow/example_dags/example_branch_labels.py
[2024-10-31T15:45:01.547+0000] {processor.py:840} INFO - DAG(s) 'example_branch_labels' retrieved from /home/airflow/.local/lib/python3.11/site-packages/airflow/example_dags/example_branch_labels.py
[2024-10-31T15:45:01.570+0000] {logging_mixin.py:188} INFO - [2024-10-31T15:45:01.570+0000] {dag.py:3096} INFO - Sync 1 DAGs
[2024-10-31T15:45:01.597+0000] {logging_mixin.py:188} INFO - [2024-10-31T15:45:01.596+0000] {dag.py:3954} INFO - Setting next_dagrun for example_branch_labels to 2024-10-30 00:00:00+00:00, run_after=2024-10-31 00:00:00+00:00
[2024-10-31T15:45:01.626+0000] {processor.py:183} INFO - Processing /home/airflow/.local/lib/python3.11/site-packages/airflow/example_dags/example_branch_labels.py took 0.096 seconds
[2024-10-31T15:45:32.143+0000] {processor.py:161} INFO - Started process (PID=1074) to work on /home/airflow/.local/lib/python3.11/site-packages/airflow/example_dags/example_branch_labels.py
[2024-10-31T15:45:32.144+0000] {processor.py:830} INFO - Processing file /home/airflow/.local/lib/python3.11/site-packages/airflow/example_dags/example_branch_labels.py for tasks to queue
[2024-10-31T15:45:32.145+0000] {logging_mixin.py:188} INFO - [2024-10-31T15:45:32.145+0000] {dagbag.py:545} INFO - Filling up the DagBag from /home/airflow/.local/lib/python3.11/site-packages/airflow/example_dags/example_branch_labels.py
[2024-10-31T15:45:32.152+0000] {processor.py:840} INFO - DAG(s) 'example_branch_labels' retrieved from /home/airflow/.local/lib/python3.11/site-packages/airflow/example_dags/example_branch_labels.py
[2024-10-31T15:45:32.172+0000] {logging_mixin.py:188} INFO - [2024-10-31T15:45:32.172+0000] {dag.py:3096} INFO - Sync 1 DAGs
[2024-10-31T15:45:32.192+0000] {logging_mixin.py:188} INFO - [2024-10-31T15:45:32.192+0000] {dag.py:3954} INFO - Setting next_dagrun for example_branch_labels to 2024-10-30 00:00:00+00:00, run_after=2024-10-31 00:00:00+00:00
[2024-10-31T15:45:32.209+0000] {processor.py:183} INFO - Processing /home/airflow/.local/lib/python3.11/site-packages/airflow/example_dags/example_branch_labels.py took 0.071 seconds
[2024-10-31T15:46:03.409+0000] {processor.py:161} INFO - Started process (PID=1342) to work on /home/airflow/.local/lib/python3.11/site-packages/airflow/example_dags/example_branch_labels.py
[2024-10-31T15:46:03.410+0000] {processor.py:830} INFO - Processing file /home/airflow/.local/lib/python3.11/site-packages/airflow/example_dags/example_branch_labels.py for tasks to queue
[2024-10-31T15:46:03.411+0000] {logging_mixin.py:188} INFO - [2024-10-31T15:46:03.411+0000] {dagbag.py:545} INFO - Filling up the DagBag from /home/airflow/.local/lib/python3.11/site-packages/airflow/example_dags/example_branch_labels.py
[2024-10-31T15:46:03.424+0000] {processor.py:840} INFO - DAG(s) 'example_branch_labels' retrieved from /home/airflow/.local/lib/python3.11/site-packages/airflow/example_dags/example_branch_labels.py
[2024-10-31T15:46:03.451+0000] {logging_mixin.py:188} INFO - [2024-10-31T15:46:03.451+0000] {dag.py:3096} INFO - Sync 1 DAGs
[2024-10-31T15:46:03.475+0000] {logging_mixin.py:188} INFO - [2024-10-31T15:46:03.475+0000] {dag.py:3954} INFO - Setting next_dagrun for example_branch_labels to 2024-10-30 00:00:00+00:00, run_after=2024-10-31 00:00:00+00:00
[2024-10-31T15:46:03.509+0000] {processor.py:183} INFO - Processing /home/airflow/.local/lib/python3.11/site-packages/airflow/example_dags/example_branch_labels.py took 0.107 seconds
[2024-10-31T15:46:35.036+0000] {processor.py:161} INFO - Started process (PID=1608) to work on /home/airflow/.local/lib/python3.11/site-packages/airflow/example_dags/example_branch_labels.py
[2024-10-31T15:46:35.038+0000] {processor.py:830} INFO - Processing file /home/airflow/.local/lib/python3.11/site-packages/airflow/example_dags/example_branch_labels.py for tasks to queue
[2024-10-31T15:46:35.040+0000] {logging_mixin.py:188} INFO - [2024-10-31T15:46:35.040+0000] {dagbag.py:545} INFO - Filling up the DagBag from /home/airflow/.local/lib/python3.11/site-packages/airflow/example_dags/example_branch_labels.py
[2024-10-31T15:46:35.051+0000] {processor.py:840} INFO - DAG(s) 'example_branch_labels' retrieved from /home/airflow/.local/lib/python3.11/site-packages/airflow/example_dags/example_branch_labels.py
[2024-10-31T15:46:35.093+0000] {logging_mixin.py:188} INFO - [2024-10-31T15:46:35.092+0000] {dag.py:3096} INFO - Sync 1 DAGs
[2024-10-31T15:46:35.121+0000] {logging_mixin.py:188} INFO - [2024-10-31T15:46:35.120+0000] {dag.py:3954} INFO - Setting next_dagrun for example_branch_labels to 2024-10-30 00:00:00+00:00, run_after=2024-10-31 00:00:00+00:00
[2024-10-31T15:46:35.145+0000] {processor.py:183} INFO - Processing /home/airflow/.local/lib/python3.11/site-packages/airflow/example_dags/example_branch_labels.py took 0.119 seconds
