[2024-10-31T06:17:13.258+0000] {processor.py:161} INFO - Started process (PID=356) to work on /home/airflow/.local/lib/python3.11/site-packages/airflow/example_dags/example_trigger_target_dag.py
[2024-10-31T06:17:13.260+0000] {processor.py:830} INFO - Processing file /home/airflow/.local/lib/python3.11/site-packages/airflow/example_dags/example_trigger_target_dag.py for tasks to queue
[2024-10-31T06:17:13.261+0000] {logging_mixin.py:188} INFO - [2024-10-31T06:17:13.261+0000] {dagbag.py:545} INFO - Filling up the DagBag from /home/airflow/.local/lib/python3.11/site-packages/airflow/example_dags/example_trigger_target_dag.py
[2024-10-31T06:17:13.267+0000] {processor.py:840} INFO - DAG(s) 'example_trigger_target_dag' retrieved from /home/airflow/.local/lib/python3.11/site-packages/airflow/example_dags/example_trigger_target_dag.py
[2024-10-31T06:17:13.277+0000] {logging_mixin.py:188} INFO - [2024-10-31T06:17:13.277+0000] {dag.py:3096} INFO - Sync 1 DAGs
[2024-10-31T06:17:13.289+0000] {logging_mixin.py:188} INFO - [2024-10-31T06:17:13.288+0000] {dag.py:3954} INFO - Setting next_dagrun for example_trigger_target_dag to None, run_after=None
[2024-10-31T06:17:13.307+0000] {processor.py:183} INFO - Processing /home/airflow/.local/lib/python3.11/site-packages/airflow/example_dags/example_trigger_target_dag.py took 0.054 seconds
[2024-10-31T06:17:45.378+0000] {processor.py:161} INFO - Started process (PID=622) to work on /home/airflow/.local/lib/python3.11/site-packages/airflow/example_dags/example_trigger_target_dag.py
[2024-10-31T06:17:45.380+0000] {processor.py:830} INFO - Processing file /home/airflow/.local/lib/python3.11/site-packages/airflow/example_dags/example_trigger_target_dag.py for tasks to queue
[2024-10-31T06:17:45.382+0000] {logging_mixin.py:188} INFO - [2024-10-31T06:17:45.382+0000] {dagbag.py:545} INFO - Filling up the DagBag from /home/airflow/.local/lib/python3.11/site-packages/airflow/example_dags/example_trigger_target_dag.py
[2024-10-31T06:17:45.388+0000] {processor.py:840} INFO - DAG(s) 'example_trigger_target_dag' retrieved from /home/airflow/.local/lib/python3.11/site-packages/airflow/example_dags/example_trigger_target_dag.py
[2024-10-31T06:17:45.521+0000] {logging_mixin.py:188} INFO - [2024-10-31T06:17:45.521+0000] {dag.py:3096} INFO - Sync 1 DAGs
[2024-10-31T06:17:45.531+0000] {logging_mixin.py:188} INFO - [2024-10-31T06:17:45.530+0000] {dag.py:3954} INFO - Setting next_dagrun for example_trigger_target_dag to None, run_after=None
[2024-10-31T06:17:45.560+0000] {processor.py:183} INFO - Processing /home/airflow/.local/lib/python3.11/site-packages/airflow/example_dags/example_trigger_target_dag.py took 0.189 seconds
[2024-10-31T06:18:16.110+0000] {processor.py:161} INFO - Started process (PID=904) to work on /home/airflow/.local/lib/python3.11/site-packages/airflow/example_dags/example_trigger_target_dag.py
[2024-10-31T06:18:16.111+0000] {processor.py:830} INFO - Processing file /home/airflow/.local/lib/python3.11/site-packages/airflow/example_dags/example_trigger_target_dag.py for tasks to queue
[2024-10-31T06:18:16.113+0000] {logging_mixin.py:188} INFO - [2024-10-31T06:18:16.113+0000] {dagbag.py:545} INFO - Filling up the DagBag from /home/airflow/.local/lib/python3.11/site-packages/airflow/example_dags/example_trigger_target_dag.py
[2024-10-31T06:18:16.118+0000] {processor.py:840} INFO - DAG(s) 'example_trigger_target_dag' retrieved from /home/airflow/.local/lib/python3.11/site-packages/airflow/example_dags/example_trigger_target_dag.py
[2024-10-31T06:18:16.134+0000] {logging_mixin.py:188} INFO - [2024-10-31T06:18:16.134+0000] {dag.py:3096} INFO - Sync 1 DAGs
[2024-10-31T06:18:16.144+0000] {logging_mixin.py:188} INFO - [2024-10-31T06:18:16.143+0000] {dag.py:3954} INFO - Setting next_dagrun for example_trigger_target_dag to None, run_after=None
[2024-10-31T06:18:16.159+0000] {processor.py:183} INFO - Processing /home/airflow/.local/lib/python3.11/site-packages/airflow/example_dags/example_trigger_target_dag.py took 0.054 seconds
[2024-10-31T06:18:46.908+0000] {processor.py:161} INFO - Started process (PID=1171) to work on /home/airflow/.local/lib/python3.11/site-packages/airflow/example_dags/example_trigger_target_dag.py
[2024-10-31T06:18:46.909+0000] {processor.py:830} INFO - Processing file /home/airflow/.local/lib/python3.11/site-packages/airflow/example_dags/example_trigger_target_dag.py for tasks to queue
[2024-10-31T06:18:46.911+0000] {logging_mixin.py:188} INFO - [2024-10-31T06:18:46.911+0000] {dagbag.py:545} INFO - Filling up the DagBag from /home/airflow/.local/lib/python3.11/site-packages/airflow/example_dags/example_trigger_target_dag.py
[2024-10-31T06:18:46.916+0000] {processor.py:840} INFO - DAG(s) 'example_trigger_target_dag' retrieved from /home/airflow/.local/lib/python3.11/site-packages/airflow/example_dags/example_trigger_target_dag.py
[2024-10-31T06:18:46.932+0000] {logging_mixin.py:188} INFO - [2024-10-31T06:18:46.932+0000] {dag.py:3096} INFO - Sync 1 DAGs
[2024-10-31T06:18:46.942+0000] {logging_mixin.py:188} INFO - [2024-10-31T06:18:46.942+0000] {dag.py:3954} INFO - Setting next_dagrun for example_trigger_target_dag to None, run_after=None
[2024-10-31T06:18:46.957+0000] {processor.py:183} INFO - Processing /home/airflow/.local/lib/python3.11/site-packages/airflow/example_dags/example_trigger_target_dag.py took 0.053 seconds
[2024-10-31T15:44:00.422+0000] {processor.py:161} INFO - Started process (PID=355) to work on /home/airflow/.local/lib/python3.11/site-packages/airflow/example_dags/example_trigger_target_dag.py
[2024-10-31T15:44:00.425+0000] {processor.py:830} INFO - Processing file /home/airflow/.local/lib/python3.11/site-packages/airflow/example_dags/example_trigger_target_dag.py for tasks to queue
[2024-10-31T15:44:00.428+0000] {logging_mixin.py:188} INFO - [2024-10-31T15:44:00.427+0000] {dagbag.py:545} INFO - Filling up the DagBag from /home/airflow/.local/lib/python3.11/site-packages/airflow/example_dags/example_trigger_target_dag.py
[2024-10-31T15:44:00.439+0000] {processor.py:840} INFO - DAG(s) 'example_trigger_target_dag' retrieved from /home/airflow/.local/lib/python3.11/site-packages/airflow/example_dags/example_trigger_target_dag.py
[2024-10-31T15:44:00.455+0000] {logging_mixin.py:188} INFO - [2024-10-31T15:44:00.455+0000] {dag.py:3096} INFO - Sync 1 DAGs
[2024-10-31T15:44:00.469+0000] {logging_mixin.py:188} INFO - [2024-10-31T15:44:00.468+0000] {dag.py:3954} INFO - Setting next_dagrun for example_trigger_target_dag to None, run_after=None
[2024-10-31T15:44:00.491+0000] {processor.py:183} INFO - Processing /home/airflow/.local/lib/python3.11/site-packages/airflow/example_dags/example_trigger_target_dag.py took 0.078 seconds
[2024-10-31T15:44:33.113+0000] {processor.py:161} INFO - Started process (PID=627) to work on /home/airflow/.local/lib/python3.11/site-packages/airflow/example_dags/example_trigger_target_dag.py
[2024-10-31T15:44:33.114+0000] {processor.py:830} INFO - Processing file /home/airflow/.local/lib/python3.11/site-packages/airflow/example_dags/example_trigger_target_dag.py for tasks to queue
[2024-10-31T15:44:33.116+0000] {logging_mixin.py:188} INFO - [2024-10-31T15:44:33.116+0000] {dagbag.py:545} INFO - Filling up the DagBag from /home/airflow/.local/lib/python3.11/site-packages/airflow/example_dags/example_trigger_target_dag.py
[2024-10-31T15:44:33.121+0000] {processor.py:840} INFO - DAG(s) 'example_trigger_target_dag' retrieved from /home/airflow/.local/lib/python3.11/site-packages/airflow/example_dags/example_trigger_target_dag.py
[2024-10-31T15:44:33.218+0000] {logging_mixin.py:188} INFO - [2024-10-31T15:44:33.218+0000] {dag.py:3096} INFO - Sync 1 DAGs
[2024-10-31T15:44:33.229+0000] {logging_mixin.py:188} INFO - [2024-10-31T15:44:33.229+0000] {dag.py:3954} INFO - Setting next_dagrun for example_trigger_target_dag to None, run_after=None
[2024-10-31T15:44:33.249+0000] {processor.py:183} INFO - Processing /home/airflow/.local/lib/python3.11/site-packages/airflow/example_dags/example_trigger_target_dag.py took 0.142 seconds
[2024-10-31T15:45:03.793+0000] {processor.py:161} INFO - Started process (PID=893) to work on /home/airflow/.local/lib/python3.11/site-packages/airflow/example_dags/example_trigger_target_dag.py
[2024-10-31T15:45:03.794+0000] {processor.py:830} INFO - Processing file /home/airflow/.local/lib/python3.11/site-packages/airflow/example_dags/example_trigger_target_dag.py for tasks to queue
[2024-10-31T15:45:03.796+0000] {logging_mixin.py:188} INFO - [2024-10-31T15:45:03.796+0000] {dagbag.py:545} INFO - Filling up the DagBag from /home/airflow/.local/lib/python3.11/site-packages/airflow/example_dags/example_trigger_target_dag.py
[2024-10-31T15:45:03.804+0000] {processor.py:840} INFO - DAG(s) 'example_trigger_target_dag' retrieved from /home/airflow/.local/lib/python3.11/site-packages/airflow/example_dags/example_trigger_target_dag.py
[2024-10-31T15:45:03.834+0000] {logging_mixin.py:188} INFO - [2024-10-31T15:45:03.834+0000] {dag.py:3096} INFO - Sync 1 DAGs
[2024-10-31T15:45:03.852+0000] {logging_mixin.py:188} INFO - [2024-10-31T15:45:03.852+0000] {dag.py:3954} INFO - Setting next_dagrun for example_trigger_target_dag to None, run_after=None
[2024-10-31T15:45:03.875+0000] {processor.py:183} INFO - Processing /home/airflow/.local/lib/python3.11/site-packages/airflow/example_dags/example_trigger_target_dag.py took 0.088 seconds
[2024-10-31T15:45:34.009+0000] {processor.py:161} INFO - Started process (PID=1159) to work on /home/airflow/.local/lib/python3.11/site-packages/airflow/example_dags/example_trigger_target_dag.py
[2024-10-31T15:45:34.010+0000] {processor.py:830} INFO - Processing file /home/airflow/.local/lib/python3.11/site-packages/airflow/example_dags/example_trigger_target_dag.py for tasks to queue
[2024-10-31T15:45:34.012+0000] {logging_mixin.py:188} INFO - [2024-10-31T15:45:34.012+0000] {dagbag.py:545} INFO - Filling up the DagBag from /home/airflow/.local/lib/python3.11/site-packages/airflow/example_dags/example_trigger_target_dag.py
[2024-10-31T15:45:34.017+0000] {processor.py:840} INFO - DAG(s) 'example_trigger_target_dag' retrieved from /home/airflow/.local/lib/python3.11/site-packages/airflow/example_dags/example_trigger_target_dag.py
[2024-10-31T15:45:34.036+0000] {logging_mixin.py:188} INFO - [2024-10-31T15:45:34.036+0000] {dag.py:3096} INFO - Sync 1 DAGs
[2024-10-31T15:45:34.047+0000] {logging_mixin.py:188} INFO - [2024-10-31T15:45:34.046+0000] {dag.py:3954} INFO - Setting next_dagrun for example_trigger_target_dag to None, run_after=None
[2024-10-31T15:45:34.064+0000] {processor.py:183} INFO - Processing /home/airflow/.local/lib/python3.11/site-packages/airflow/example_dags/example_trigger_target_dag.py took 0.060 seconds
[2024-10-31T15:46:04.680+0000] {processor.py:161} INFO - Started process (PID=1425) to work on /home/airflow/.local/lib/python3.11/site-packages/airflow/example_dags/example_trigger_target_dag.py
[2024-10-31T15:46:04.683+0000] {processor.py:830} INFO - Processing file /home/airflow/.local/lib/python3.11/site-packages/airflow/example_dags/example_trigger_target_dag.py for tasks to queue
[2024-10-31T15:46:04.691+0000] {logging_mixin.py:188} INFO - [2024-10-31T15:46:04.689+0000] {dagbag.py:545} INFO - Filling up the DagBag from /home/airflow/.local/lib/python3.11/site-packages/airflow/example_dags/example_trigger_target_dag.py
[2024-10-31T15:46:04.712+0000] {processor.py:840} INFO - DAG(s) 'example_trigger_target_dag' retrieved from /home/airflow/.local/lib/python3.11/site-packages/airflow/example_dags/example_trigger_target_dag.py
[2024-10-31T15:46:04.765+0000] {logging_mixin.py:188} INFO - [2024-10-31T15:46:04.764+0000] {dag.py:3096} INFO - Sync 1 DAGs
[2024-10-31T15:46:04.792+0000] {logging_mixin.py:188} INFO - [2024-10-31T15:46:04.791+0000] {dag.py:3954} INFO - Setting next_dagrun for example_trigger_target_dag to None, run_after=None
[2024-10-31T15:46:04.841+0000] {processor.py:183} INFO - Processing /home/airflow/.local/lib/python3.11/site-packages/airflow/example_dags/example_trigger_target_dag.py took 0.172 seconds
[2024-10-31T15:46:36.130+0000] {processor.py:161} INFO - Started process (PID=1691) to work on /home/airflow/.local/lib/python3.11/site-packages/airflow/example_dags/example_trigger_target_dag.py
[2024-10-31T15:46:36.131+0000] {processor.py:830} INFO - Processing file /home/airflow/.local/lib/python3.11/site-packages/airflow/example_dags/example_trigger_target_dag.py for tasks to queue
[2024-10-31T15:46:36.134+0000] {logging_mixin.py:188} INFO - [2024-10-31T15:46:36.133+0000] {dagbag.py:545} INFO - Filling up the DagBag from /home/airflow/.local/lib/python3.11/site-packages/airflow/example_dags/example_trigger_target_dag.py
[2024-10-31T15:46:36.139+0000] {processor.py:840} INFO - DAG(s) 'example_trigger_target_dag' retrieved from /home/airflow/.local/lib/python3.11/site-packages/airflow/example_dags/example_trigger_target_dag.py
[2024-10-31T15:46:36.160+0000] {logging_mixin.py:188} INFO - [2024-10-31T15:46:36.160+0000] {dag.py:3096} INFO - Sync 1 DAGs
[2024-10-31T15:46:36.175+0000] {logging_mixin.py:188} INFO - [2024-10-31T15:46:36.175+0000] {dag.py:3954} INFO - Setting next_dagrun for example_trigger_target_dag to None, run_after=None
[2024-10-31T15:46:36.203+0000] {processor.py:183} INFO - Processing /home/airflow/.local/lib/python3.11/site-packages/airflow/example_dags/example_trigger_target_dag.py took 0.081 seconds
