[2024-10-31T06:17:12.446+0000] {processor.py:161} INFO - Started process (PID=270) to work on /home/airflow/.local/lib/python3.11/site-packages/airflow/example_dags/tutorial_objectstorage.py
[2024-10-31T06:17:12.447+0000] {processor.py:830} INFO - Processing file /home/airflow/.local/lib/python3.11/site-packages/airflow/example_dags/tutorial_objectstorage.py for tasks to queue
[2024-10-31T06:17:12.450+0000] {logging_mixin.py:188} INFO - [2024-10-31T06:17:12.450+0000] {dagbag.py:545} INFO - Filling up the DagBag from /home/airflow/.local/lib/python3.11/site-packages/airflow/example_dags/tutorial_objectstorage.py
[2024-10-31T06:17:12.463+0000] {processor.py:840} INFO - DAG(s) 'tutorial_objectstorage' retrieved from /home/airflow/.local/lib/python3.11/site-packages/airflow/example_dags/tutorial_objectstorage.py
[2024-10-31T06:17:12.475+0000] {logging_mixin.py:188} INFO - [2024-10-31T06:17:12.475+0000] {dag.py:3096} INFO - Sync 1 DAGs
[2024-10-31T06:17:12.490+0000] {logging_mixin.py:188} INFO - [2024-10-31T06:17:12.490+0000] {dag.py:3954} INFO - Setting next_dagrun for tutorial_objectstorage to None, run_after=None
[2024-10-31T06:17:12.513+0000] {processor.py:183} INFO - Processing /home/airflow/.local/lib/python3.11/site-packages/airflow/example_dags/tutorial_objectstorage.py took 0.075 seconds
[2024-10-31T06:17:43.847+0000] {processor.py:161} INFO - Started process (PID=542) to work on /home/airflow/.local/lib/python3.11/site-packages/airflow/example_dags/tutorial_objectstorage.py
[2024-10-31T06:17:43.848+0000] {processor.py:830} INFO - Processing file /home/airflow/.local/lib/python3.11/site-packages/airflow/example_dags/tutorial_objectstorage.py for tasks to queue
[2024-10-31T06:17:43.850+0000] {logging_mixin.py:188} INFO - [2024-10-31T06:17:43.850+0000] {dagbag.py:545} INFO - Filling up the DagBag from /home/airflow/.local/lib/python3.11/site-packages/airflow/example_dags/tutorial_objectstorage.py
[2024-10-31T06:17:43.856+0000] {processor.py:840} INFO - DAG(s) 'tutorial_objectstorage' retrieved from /home/airflow/.local/lib/python3.11/site-packages/airflow/example_dags/tutorial_objectstorage.py
[2024-10-31T06:17:43.938+0000] {logging_mixin.py:188} INFO - [2024-10-31T06:17:43.938+0000] {dag.py:3096} INFO - Sync 1 DAGs
[2024-10-31T06:17:43.947+0000] {logging_mixin.py:188} INFO - [2024-10-31T06:17:43.947+0000] {dag.py:3954} INFO - Setting next_dagrun for tutorial_objectstorage to None, run_after=None
[2024-10-31T06:17:43.970+0000] {processor.py:183} INFO - Processing /home/airflow/.local/lib/python3.11/site-packages/airflow/example_dags/tutorial_objectstorage.py took 0.128 seconds
[2024-10-31T06:18:14.008+0000] {processor.py:161} INFO - Started process (PID=824) to work on /home/airflow/.local/lib/python3.11/site-packages/airflow/example_dags/tutorial_objectstorage.py
[2024-10-31T06:18:14.010+0000] {processor.py:830} INFO - Processing file /home/airflow/.local/lib/python3.11/site-packages/airflow/example_dags/tutorial_objectstorage.py for tasks to queue
[2024-10-31T06:18:14.011+0000] {logging_mixin.py:188} INFO - [2024-10-31T06:18:14.011+0000] {dagbag.py:545} INFO - Filling up the DagBag from /home/airflow/.local/lib/python3.11/site-packages/airflow/example_dags/tutorial_objectstorage.py
[2024-10-31T06:18:14.018+0000] {processor.py:840} INFO - DAG(s) 'tutorial_objectstorage' retrieved from /home/airflow/.local/lib/python3.11/site-packages/airflow/example_dags/tutorial_objectstorage.py
[2024-10-31T06:18:14.034+0000] {logging_mixin.py:188} INFO - [2024-10-31T06:18:14.033+0000] {dag.py:3096} INFO - Sync 1 DAGs
[2024-10-31T06:18:14.045+0000] {logging_mixin.py:188} INFO - [2024-10-31T06:18:14.044+0000] {dag.py:3954} INFO - Setting next_dagrun for tutorial_objectstorage to None, run_after=None
[2024-10-31T06:18:14.060+0000] {processor.py:183} INFO - Processing /home/airflow/.local/lib/python3.11/site-packages/airflow/example_dags/tutorial_objectstorage.py took 0.056 seconds
[2024-10-31T06:18:45.019+0000] {processor.py:161} INFO - Started process (PID=1091) to work on /home/airflow/.local/lib/python3.11/site-packages/airflow/example_dags/tutorial_objectstorage.py
[2024-10-31T06:18:45.020+0000] {processor.py:830} INFO - Processing file /home/airflow/.local/lib/python3.11/site-packages/airflow/example_dags/tutorial_objectstorage.py for tasks to queue
[2024-10-31T06:18:45.022+0000] {logging_mixin.py:188} INFO - [2024-10-31T06:18:45.022+0000] {dagbag.py:545} INFO - Filling up the DagBag from /home/airflow/.local/lib/python3.11/site-packages/airflow/example_dags/tutorial_objectstorage.py
[2024-10-31T06:18:45.030+0000] {processor.py:840} INFO - DAG(s) 'tutorial_objectstorage' retrieved from /home/airflow/.local/lib/python3.11/site-packages/airflow/example_dags/tutorial_objectstorage.py
[2024-10-31T06:18:45.047+0000] {logging_mixin.py:188} INFO - [2024-10-31T06:18:45.047+0000] {dag.py:3096} INFO - Sync 1 DAGs
[2024-10-31T06:18:45.060+0000] {logging_mixin.py:188} INFO - [2024-10-31T06:18:45.059+0000] {dag.py:3954} INFO - Setting next_dagrun for tutorial_objectstorage to None, run_after=None
[2024-10-31T06:18:45.079+0000] {processor.py:183} INFO - Processing /home/airflow/.local/lib/python3.11/site-packages/airflow/example_dags/tutorial_objectstorage.py took 0.066 seconds
[2024-10-31T15:43:59.445+0000] {processor.py:161} INFO - Started process (PID=277) to work on /home/airflow/.local/lib/python3.11/site-packages/airflow/example_dags/tutorial_objectstorage.py
[2024-10-31T15:43:59.446+0000] {processor.py:830} INFO - Processing file /home/airflow/.local/lib/python3.11/site-packages/airflow/example_dags/tutorial_objectstorage.py for tasks to queue
[2024-10-31T15:43:59.449+0000] {logging_mixin.py:188} INFO - [2024-10-31T15:43:59.448+0000] {dagbag.py:545} INFO - Filling up the DagBag from /home/airflow/.local/lib/python3.11/site-packages/airflow/example_dags/tutorial_objectstorage.py
[2024-10-31T15:43:59.466+0000] {processor.py:840} INFO - DAG(s) 'tutorial_objectstorage' retrieved from /home/airflow/.local/lib/python3.11/site-packages/airflow/example_dags/tutorial_objectstorage.py
[2024-10-31T15:43:59.480+0000] {logging_mixin.py:188} INFO - [2024-10-31T15:43:59.480+0000] {dag.py:3096} INFO - Sync 1 DAGs
[2024-10-31T15:43:59.498+0000] {logging_mixin.py:188} INFO - [2024-10-31T15:43:59.497+0000] {dag.py:3954} INFO - Setting next_dagrun for tutorial_objectstorage to None, run_after=None
[2024-10-31T15:43:59.525+0000] {processor.py:183} INFO - Processing /home/airflow/.local/lib/python3.11/site-packages/airflow/example_dags/tutorial_objectstorage.py took 0.088 seconds
[2024-10-31T15:44:31.374+0000] {processor.py:161} INFO - Started process (PID=541) to work on /home/airflow/.local/lib/python3.11/site-packages/airflow/example_dags/tutorial_objectstorage.py
[2024-10-31T15:44:31.375+0000] {processor.py:830} INFO - Processing file /home/airflow/.local/lib/python3.11/site-packages/airflow/example_dags/tutorial_objectstorage.py for tasks to queue
[2024-10-31T15:44:31.380+0000] {logging_mixin.py:188} INFO - [2024-10-31T15:44:31.380+0000] {dagbag.py:545} INFO - Filling up the DagBag from /home/airflow/.local/lib/python3.11/site-packages/airflow/example_dags/tutorial_objectstorage.py
[2024-10-31T15:44:31.390+0000] {processor.py:840} INFO - DAG(s) 'tutorial_objectstorage' retrieved from /home/airflow/.local/lib/python3.11/site-packages/airflow/example_dags/tutorial_objectstorage.py
[2024-10-31T15:44:31.486+0000] {logging_mixin.py:188} INFO - [2024-10-31T15:44:31.486+0000] {dag.py:3096} INFO - Sync 1 DAGs
[2024-10-31T15:44:31.495+0000] {logging_mixin.py:188} INFO - [2024-10-31T15:44:31.495+0000] {dag.py:3954} INFO - Setting next_dagrun for tutorial_objectstorage to None, run_after=None
[2024-10-31T15:44:31.516+0000] {processor.py:183} INFO - Processing /home/airflow/.local/lib/python3.11/site-packages/airflow/example_dags/tutorial_objectstorage.py took 0.149 seconds
[2024-10-31T15:45:01.558+0000] {processor.py:161} INFO - Started process (PID=807) to work on /home/airflow/.local/lib/python3.11/site-packages/airflow/example_dags/tutorial_objectstorage.py
[2024-10-31T15:45:01.560+0000] {processor.py:830} INFO - Processing file /home/airflow/.local/lib/python3.11/site-packages/airflow/example_dags/tutorial_objectstorage.py for tasks to queue
[2024-10-31T15:45:01.562+0000] {logging_mixin.py:188} INFO - [2024-10-31T15:45:01.561+0000] {dagbag.py:545} INFO - Filling up the DagBag from /home/airflow/.local/lib/python3.11/site-packages/airflow/example_dags/tutorial_objectstorage.py
[2024-10-31T15:45:01.569+0000] {processor.py:840} INFO - DAG(s) 'tutorial_objectstorage' retrieved from /home/airflow/.local/lib/python3.11/site-packages/airflow/example_dags/tutorial_objectstorage.py
[2024-10-31T15:45:01.593+0000] {logging_mixin.py:188} INFO - [2024-10-31T15:45:01.593+0000] {dag.py:3096} INFO - Sync 1 DAGs
[2024-10-31T15:45:01.608+0000] {logging_mixin.py:188} INFO - [2024-10-31T15:45:01.607+0000] {dag.py:3954} INFO - Setting next_dagrun for tutorial_objectstorage to None, run_after=None
[2024-10-31T15:45:01.639+0000] {processor.py:183} INFO - Processing /home/airflow/.local/lib/python3.11/site-packages/airflow/example_dags/tutorial_objectstorage.py took 0.087 seconds
[2024-10-31T15:45:32.245+0000] {processor.py:161} INFO - Started process (PID=1081) to work on /home/airflow/.local/lib/python3.11/site-packages/airflow/example_dags/tutorial_objectstorage.py
[2024-10-31T15:45:32.247+0000] {processor.py:830} INFO - Processing file /home/airflow/.local/lib/python3.11/site-packages/airflow/example_dags/tutorial_objectstorage.py for tasks to queue
[2024-10-31T15:45:32.249+0000] {logging_mixin.py:188} INFO - [2024-10-31T15:45:32.248+0000] {dagbag.py:545} INFO - Filling up the DagBag from /home/airflow/.local/lib/python3.11/site-packages/airflow/example_dags/tutorial_objectstorage.py
[2024-10-31T15:45:32.260+0000] {processor.py:840} INFO - DAG(s) 'tutorial_objectstorage' retrieved from /home/airflow/.local/lib/python3.11/site-packages/airflow/example_dags/tutorial_objectstorage.py
[2024-10-31T15:45:32.278+0000] {logging_mixin.py:188} INFO - [2024-10-31T15:45:32.277+0000] {dag.py:3096} INFO - Sync 1 DAGs
[2024-10-31T15:45:32.292+0000] {logging_mixin.py:188} INFO - [2024-10-31T15:45:32.291+0000] {dag.py:3954} INFO - Setting next_dagrun for tutorial_objectstorage to None, run_after=None
[2024-10-31T15:45:32.316+0000] {processor.py:183} INFO - Processing /home/airflow/.local/lib/python3.11/site-packages/airflow/example_dags/tutorial_objectstorage.py took 0.076 seconds
[2024-10-31T15:46:03.410+0000] {processor.py:161} INFO - Started process (PID=1345) to work on /home/airflow/.local/lib/python3.11/site-packages/airflow/example_dags/tutorial_objectstorage.py
[2024-10-31T15:46:03.411+0000] {processor.py:830} INFO - Processing file /home/airflow/.local/lib/python3.11/site-packages/airflow/example_dags/tutorial_objectstorage.py for tasks to queue
[2024-10-31T15:46:03.412+0000] {logging_mixin.py:188} INFO - [2024-10-31T15:46:03.412+0000] {dagbag.py:545} INFO - Filling up the DagBag from /home/airflow/.local/lib/python3.11/site-packages/airflow/example_dags/tutorial_objectstorage.py
[2024-10-31T15:46:03.425+0000] {processor.py:840} INFO - DAG(s) 'tutorial_objectstorage' retrieved from /home/airflow/.local/lib/python3.11/site-packages/airflow/example_dags/tutorial_objectstorage.py
[2024-10-31T15:46:03.448+0000] {logging_mixin.py:188} INFO - [2024-10-31T15:46:03.448+0000] {dag.py:3096} INFO - Sync 1 DAGs
[2024-10-31T15:46:03.463+0000] {logging_mixin.py:188} INFO - [2024-10-31T15:46:03.462+0000] {dag.py:3954} INFO - Setting next_dagrun for tutorial_objectstorage to None, run_after=None
[2024-10-31T15:46:03.485+0000] {processor.py:183} INFO - Processing /home/airflow/.local/lib/python3.11/site-packages/airflow/example_dags/tutorial_objectstorage.py took 0.081 seconds
[2024-10-31T15:46:35.036+0000] {processor.py:161} INFO - Started process (PID=1611) to work on /home/airflow/.local/lib/python3.11/site-packages/airflow/example_dags/tutorial_objectstorage.py
[2024-10-31T15:46:35.038+0000] {processor.py:830} INFO - Processing file /home/airflow/.local/lib/python3.11/site-packages/airflow/example_dags/tutorial_objectstorage.py for tasks to queue
[2024-10-31T15:46:35.040+0000] {logging_mixin.py:188} INFO - [2024-10-31T15:46:35.040+0000] {dagbag.py:545} INFO - Filling up the DagBag from /home/airflow/.local/lib/python3.11/site-packages/airflow/example_dags/tutorial_objectstorage.py
[2024-10-31T15:46:35.057+0000] {processor.py:840} INFO - DAG(s) 'tutorial_objectstorage' retrieved from /home/airflow/.local/lib/python3.11/site-packages/airflow/example_dags/tutorial_objectstorage.py
[2024-10-31T15:46:35.083+0000] {logging_mixin.py:188} INFO - [2024-10-31T15:46:35.082+0000] {dag.py:3096} INFO - Sync 1 DAGs
[2024-10-31T15:46:35.101+0000] {logging_mixin.py:188} INFO - [2024-10-31T15:46:35.100+0000] {dag.py:3954} INFO - Setting next_dagrun for tutorial_objectstorage to None, run_after=None
[2024-10-31T15:46:35.126+0000] {processor.py:183} INFO - Processing /home/airflow/.local/lib/python3.11/site-packages/airflow/example_dags/tutorial_objectstorage.py took 0.098 seconds
