[2024-10-31T06:17:12.482+0000] {processor.py:161} INFO - Started process (PID=275) to work on /home/airflow/.local/lib/python3.11/site-packages/airflow/example_dags/tutorial_dag.py
[2024-10-31T06:17:12.483+0000] {processor.py:830} INFO - Processing file /home/airflow/.local/lib/python3.11/site-packages/airflow/example_dags/tutorial_dag.py for tasks to queue
[2024-10-31T06:17:12.485+0000] {logging_mixin.py:188} INFO - [2024-10-31T06:17:12.485+0000] {dagbag.py:545} INFO - Filling up the DagBag from /home/airflow/.local/lib/python3.11/site-packages/airflow/example_dags/tutorial_dag.py
[2024-10-31T06:17:12.495+0000] {processor.py:840} INFO - DAG(s) 'tutorial_dag' retrieved from /home/airflow/.local/lib/python3.11/site-packages/airflow/example_dags/tutorial_dag.py
[2024-10-31T06:17:12.510+0000] {logging_mixin.py:188} INFO - [2024-10-31T06:17:12.509+0000] {dag.py:3096} INFO - Sync 1 DAGs
[2024-10-31T06:17:12.526+0000] {logging_mixin.py:188} INFO - [2024-10-31T06:17:12.525+0000] {dag.py:3954} INFO - Setting next_dagrun for tutorial_dag to None, run_after=None
[2024-10-31T06:17:12.549+0000] {processor.py:183} INFO - Processing /home/airflow/.local/lib/python3.11/site-packages/airflow/example_dags/tutorial_dag.py took 0.072 seconds
[2024-10-31T06:17:43.908+0000] {processor.py:161} INFO - Started process (PID=547) to work on /home/airflow/.local/lib/python3.11/site-packages/airflow/example_dags/tutorial_dag.py
[2024-10-31T06:17:43.910+0000] {processor.py:830} INFO - Processing file /home/airflow/.local/lib/python3.11/site-packages/airflow/example_dags/tutorial_dag.py for tasks to queue
[2024-10-31T06:17:43.912+0000] {logging_mixin.py:188} INFO - [2024-10-31T06:17:43.911+0000] {dagbag.py:545} INFO - Filling up the DagBag from /home/airflow/.local/lib/python3.11/site-packages/airflow/example_dags/tutorial_dag.py
[2024-10-31T06:17:43.917+0000] {processor.py:840} INFO - DAG(s) 'tutorial_dag' retrieved from /home/airflow/.local/lib/python3.11/site-packages/airflow/example_dags/tutorial_dag.py
[2024-10-31T06:17:44.005+0000] {logging_mixin.py:188} INFO - [2024-10-31T06:17:44.005+0000] {dag.py:3096} INFO - Sync 1 DAGs
[2024-10-31T06:17:44.014+0000] {logging_mixin.py:188} INFO - [2024-10-31T06:17:44.014+0000] {dag.py:3954} INFO - Setting next_dagrun for tutorial_dag to None, run_after=None
[2024-10-31T06:17:44.030+0000] {processor.py:183} INFO - Processing /home/airflow/.local/lib/python3.11/site-packages/airflow/example_dags/tutorial_dag.py took 0.127 seconds
[2024-10-31T06:18:14.091+0000] {processor.py:161} INFO - Started process (PID=829) to work on /home/airflow/.local/lib/python3.11/site-packages/airflow/example_dags/tutorial_dag.py
[2024-10-31T06:18:14.091+0000] {processor.py:830} INFO - Processing file /home/airflow/.local/lib/python3.11/site-packages/airflow/example_dags/tutorial_dag.py for tasks to queue
[2024-10-31T06:18:14.093+0000] {logging_mixin.py:188} INFO - [2024-10-31T06:18:14.093+0000] {dagbag.py:545} INFO - Filling up the DagBag from /home/airflow/.local/lib/python3.11/site-packages/airflow/example_dags/tutorial_dag.py
[2024-10-31T06:18:14.098+0000] {processor.py:840} INFO - DAG(s) 'tutorial_dag' retrieved from /home/airflow/.local/lib/python3.11/site-packages/airflow/example_dags/tutorial_dag.py
[2024-10-31T06:18:14.114+0000] {logging_mixin.py:188} INFO - [2024-10-31T06:18:14.114+0000] {dag.py:3096} INFO - Sync 1 DAGs
[2024-10-31T06:18:14.124+0000] {logging_mixin.py:188} INFO - [2024-10-31T06:18:14.123+0000] {dag.py:3954} INFO - Setting next_dagrun for tutorial_dag to None, run_after=None
[2024-10-31T06:18:14.138+0000] {processor.py:183} INFO - Processing /home/airflow/.local/lib/python3.11/site-packages/airflow/example_dags/tutorial_dag.py took 0.053 seconds
[2024-10-31T06:18:45.117+0000] {processor.py:161} INFO - Started process (PID=1096) to work on /home/airflow/.local/lib/python3.11/site-packages/airflow/example_dags/tutorial_dag.py
[2024-10-31T06:18:45.118+0000] {processor.py:830} INFO - Processing file /home/airflow/.local/lib/python3.11/site-packages/airflow/example_dags/tutorial_dag.py for tasks to queue
[2024-10-31T06:18:45.120+0000] {logging_mixin.py:188} INFO - [2024-10-31T06:18:45.120+0000] {dagbag.py:545} INFO - Filling up the DagBag from /home/airflow/.local/lib/python3.11/site-packages/airflow/example_dags/tutorial_dag.py
[2024-10-31T06:18:45.125+0000] {processor.py:840} INFO - DAG(s) 'tutorial_dag' retrieved from /home/airflow/.local/lib/python3.11/site-packages/airflow/example_dags/tutorial_dag.py
[2024-10-31T06:18:45.146+0000] {logging_mixin.py:188} INFO - [2024-10-31T06:18:45.146+0000] {dag.py:3096} INFO - Sync 1 DAGs
[2024-10-31T06:18:45.159+0000] {logging_mixin.py:188} INFO - [2024-10-31T06:18:45.158+0000] {dag.py:3954} INFO - Setting next_dagrun for tutorial_dag to None, run_after=None
[2024-10-31T06:18:45.178+0000] {processor.py:183} INFO - Processing /home/airflow/.local/lib/python3.11/site-packages/airflow/example_dags/tutorial_dag.py took 0.067 seconds
[2024-10-31T15:43:59.563+0000] {processor.py:161} INFO - Started process (PID=282) to work on /home/airflow/.local/lib/python3.11/site-packages/airflow/example_dags/tutorial_dag.py
[2024-10-31T15:43:59.564+0000] {processor.py:830} INFO - Processing file /home/airflow/.local/lib/python3.11/site-packages/airflow/example_dags/tutorial_dag.py for tasks to queue
[2024-10-31T15:43:59.566+0000] {logging_mixin.py:188} INFO - [2024-10-31T15:43:59.566+0000] {dagbag.py:545} INFO - Filling up the DagBag from /home/airflow/.local/lib/python3.11/site-packages/airflow/example_dags/tutorial_dag.py
[2024-10-31T15:43:59.576+0000] {processor.py:840} INFO - DAG(s) 'tutorial_dag' retrieved from /home/airflow/.local/lib/python3.11/site-packages/airflow/example_dags/tutorial_dag.py
[2024-10-31T15:43:59.590+0000] {logging_mixin.py:188} INFO - [2024-10-31T15:43:59.590+0000] {dag.py:3096} INFO - Sync 1 DAGs
[2024-10-31T15:43:59.603+0000] {logging_mixin.py:188} INFO - [2024-10-31T15:43:59.603+0000] {dag.py:3954} INFO - Setting next_dagrun for tutorial_dag to None, run_after=None
[2024-10-31T15:43:59.626+0000] {processor.py:183} INFO - Processing /home/airflow/.local/lib/python3.11/site-packages/airflow/example_dags/tutorial_dag.py took 0.068 seconds
[2024-10-31T15:44:31.494+0000] {processor.py:161} INFO - Started process (PID=546) to work on /home/airflow/.local/lib/python3.11/site-packages/airflow/example_dags/tutorial_dag.py
[2024-10-31T15:44:31.495+0000] {processor.py:830} INFO - Processing file /home/airflow/.local/lib/python3.11/site-packages/airflow/example_dags/tutorial_dag.py for tasks to queue
[2024-10-31T15:44:31.498+0000] {logging_mixin.py:188} INFO - [2024-10-31T15:44:31.498+0000] {dagbag.py:545} INFO - Filling up the DagBag from /home/airflow/.local/lib/python3.11/site-packages/airflow/example_dags/tutorial_dag.py
[2024-10-31T15:44:31.503+0000] {processor.py:840} INFO - DAG(s) 'tutorial_dag' retrieved from /home/airflow/.local/lib/python3.11/site-packages/airflow/example_dags/tutorial_dag.py
[2024-10-31T15:44:31.604+0000] {logging_mixin.py:188} INFO - [2024-10-31T15:44:31.603+0000] {dag.py:3096} INFO - Sync 1 DAGs
[2024-10-31T15:44:31.614+0000] {logging_mixin.py:188} INFO - [2024-10-31T15:44:31.614+0000] {dag.py:3954} INFO - Setting next_dagrun for tutorial_dag to None, run_after=None
[2024-10-31T15:44:31.644+0000] {processor.py:183} INFO - Processing /home/airflow/.local/lib/python3.11/site-packages/airflow/example_dags/tutorial_dag.py took 0.154 seconds
[2024-10-31T15:45:02.676+0000] {processor.py:161} INFO - Started process (PID=820) to work on /home/airflow/.local/lib/python3.11/site-packages/airflow/example_dags/tutorial_dag.py
[2024-10-31T15:45:02.678+0000] {processor.py:830} INFO - Processing file /home/airflow/.local/lib/python3.11/site-packages/airflow/example_dags/tutorial_dag.py for tasks to queue
[2024-10-31T15:45:02.681+0000] {logging_mixin.py:188} INFO - [2024-10-31T15:45:02.681+0000] {dagbag.py:545} INFO - Filling up the DagBag from /home/airflow/.local/lib/python3.11/site-packages/airflow/example_dags/tutorial_dag.py
[2024-10-31T15:45:02.688+0000] {processor.py:840} INFO - DAG(s) 'tutorial_dag' retrieved from /home/airflow/.local/lib/python3.11/site-packages/airflow/example_dags/tutorial_dag.py
[2024-10-31T15:45:02.717+0000] {logging_mixin.py:188} INFO - [2024-10-31T15:45:02.716+0000] {dag.py:3096} INFO - Sync 1 DAGs
[2024-10-31T15:45:02.735+0000] {logging_mixin.py:188} INFO - [2024-10-31T15:45:02.735+0000] {dag.py:3954} INFO - Setting next_dagrun for tutorial_dag to None, run_after=None
[2024-10-31T15:45:02.761+0000] {processor.py:183} INFO - Processing /home/airflow/.local/lib/python3.11/site-packages/airflow/example_dags/tutorial_dag.py took 0.092 seconds
[2024-10-31T15:45:33.260+0000] {processor.py:161} INFO - Started process (PID=1086) to work on /home/airflow/.local/lib/python3.11/site-packages/airflow/example_dags/tutorial_dag.py
[2024-10-31T15:45:33.262+0000] {processor.py:830} INFO - Processing file /home/airflow/.local/lib/python3.11/site-packages/airflow/example_dags/tutorial_dag.py for tasks to queue
[2024-10-31T15:45:33.265+0000] {logging_mixin.py:188} INFO - [2024-10-31T15:45:33.264+0000] {dagbag.py:545} INFO - Filling up the DagBag from /home/airflow/.local/lib/python3.11/site-packages/airflow/example_dags/tutorial_dag.py
[2024-10-31T15:45:33.269+0000] {processor.py:840} INFO - DAG(s) 'tutorial_dag' retrieved from /home/airflow/.local/lib/python3.11/site-packages/airflow/example_dags/tutorial_dag.py
[2024-10-31T15:45:33.289+0000] {logging_mixin.py:188} INFO - [2024-10-31T15:45:33.289+0000] {dag.py:3096} INFO - Sync 1 DAGs
[2024-10-31T15:45:33.302+0000] {logging_mixin.py:188} INFO - [2024-10-31T15:45:33.302+0000] {dag.py:3954} INFO - Setting next_dagrun for tutorial_dag to None, run_after=None
[2024-10-31T15:45:33.322+0000] {processor.py:183} INFO - Processing /home/airflow/.local/lib/python3.11/site-packages/airflow/example_dags/tutorial_dag.py took 0.068 seconds
[2024-10-31T15:46:03.540+0000] {processor.py:161} INFO - Started process (PID=1352) to work on /home/airflow/.local/lib/python3.11/site-packages/airflow/example_dags/tutorial_dag.py
[2024-10-31T15:46:03.541+0000] {processor.py:830} INFO - Processing file /home/airflow/.local/lib/python3.11/site-packages/airflow/example_dags/tutorial_dag.py for tasks to queue
[2024-10-31T15:46:03.543+0000] {logging_mixin.py:188} INFO - [2024-10-31T15:46:03.542+0000] {dagbag.py:545} INFO - Filling up the DagBag from /home/airflow/.local/lib/python3.11/site-packages/airflow/example_dags/tutorial_dag.py
[2024-10-31T15:46:03.548+0000] {processor.py:840} INFO - DAG(s) 'tutorial_dag' retrieved from /home/airflow/.local/lib/python3.11/site-packages/airflow/example_dags/tutorial_dag.py
[2024-10-31T15:46:03.567+0000] {logging_mixin.py:188} INFO - [2024-10-31T15:46:03.567+0000] {dag.py:3096} INFO - Sync 1 DAGs
[2024-10-31T15:46:03.578+0000] {logging_mixin.py:188} INFO - [2024-10-31T15:46:03.577+0000] {dag.py:3954} INFO - Setting next_dagrun for tutorial_dag to None, run_after=None
[2024-10-31T15:46:03.595+0000] {processor.py:183} INFO - Processing /home/airflow/.local/lib/python3.11/site-packages/airflow/example_dags/tutorial_dag.py took 0.061 seconds
[2024-10-31T15:46:35.161+0000] {processor.py:161} INFO - Started process (PID=1616) to work on /home/airflow/.local/lib/python3.11/site-packages/airflow/example_dags/tutorial_dag.py
[2024-10-31T15:46:35.163+0000] {processor.py:830} INFO - Processing file /home/airflow/.local/lib/python3.11/site-packages/airflow/example_dags/tutorial_dag.py for tasks to queue
[2024-10-31T15:46:35.165+0000] {logging_mixin.py:188} INFO - [2024-10-31T15:46:35.165+0000] {dagbag.py:545} INFO - Filling up the DagBag from /home/airflow/.local/lib/python3.11/site-packages/airflow/example_dags/tutorial_dag.py
[2024-10-31T15:46:35.170+0000] {processor.py:840} INFO - DAG(s) 'tutorial_dag' retrieved from /home/airflow/.local/lib/python3.11/site-packages/airflow/example_dags/tutorial_dag.py
[2024-10-31T15:46:35.189+0000] {logging_mixin.py:188} INFO - [2024-10-31T15:46:35.189+0000] {dag.py:3096} INFO - Sync 1 DAGs
[2024-10-31T15:46:35.202+0000] {logging_mixin.py:188} INFO - [2024-10-31T15:46:35.202+0000] {dag.py:3954} INFO - Setting next_dagrun for tutorial_dag to None, run_after=None
[2024-10-31T15:46:35.222+0000] {processor.py:183} INFO - Processing /home/airflow/.local/lib/python3.11/site-packages/airflow/example_dags/tutorial_dag.py took 0.067 seconds
