[2024-11-05T15:32:45.408+0000] {local_task_job_runner.py:120} INFO - ::group::Pre task execution logs
[2024-11-05T15:32:45.431+0000] {taskinstance.py:2076} INFO - Dependencies all met for dep_context=non-requeueable deps ti=<TaskInstance: ETL_To_Data_Warehouse.load_date_dwh manual__2024-11-05T15:32:33.379557+00:00 [queued]>
[2024-11-05T15:32:45.440+0000] {taskinstance.py:2076} INFO - Dependencies all met for dep_context=requeueable deps ti=<TaskInstance: ETL_To_Data_Warehouse.load_date_dwh manual__2024-11-05T15:32:33.379557+00:00 [queued]>
[2024-11-05T15:32:45.440+0000] {taskinstance.py:2306} INFO - Starting attempt 1 of 1
[2024-11-05T15:32:45.452+0000] {taskinstance.py:2330} INFO - Executing <Task(SQLExecuteQueryOperator): load_date_dwh> on 2024-11-05 15:32:33.379557+00:00
[2024-11-05T15:32:45.457+0000] {standard_task_runner.py:63} INFO - Started process 2878 to run task
[2024-11-05T15:32:45.459+0000] {standard_task_runner.py:90} INFO - Running: ['***', 'tasks', 'run', 'ETL_To_Data_Warehouse', 'load_date_dwh', 'manual__2024-11-05T15:32:33.379557+00:00', '--job-id', '232', '--raw', '--subdir', 'DAGS_FOLDER/ETL_LDTBXH.dag.py', '--cfg-path', '/tmp/tmpqrcl5nvm']
[2024-11-05T15:32:45.460+0000] {standard_task_runner.py:91} INFO - Job 232: Subtask load_date_dwh
[2024-11-05T15:32:45.502+0000] {task_command.py:426} INFO - Running <TaskInstance: ETL_To_Data_Warehouse.load_date_dwh manual__2024-11-05T15:32:33.379557+00:00 [running]> on host 3d0ab7361361
[2024-11-05T15:32:45.759+0000] {taskinstance.py:2648} INFO - Exporting env vars: AIRFLOW_CTX_DAG_OWNER='***' AIRFLOW_CTX_DAG_ID='ETL_To_Data_Warehouse' AIRFLOW_CTX_TASK_ID='load_date_dwh' AIRFLOW_CTX_EXECUTION_DATE='2024-11-05T15:32:33.379557+00:00' AIRFLOW_CTX_TRY_NUMBER='1' AIRFLOW_CTX_DAG_RUN_ID='manual__2024-11-05T15:32:33.379557+00:00'
[2024-11-05T15:32:45.760+0000] {taskinstance.py:430} INFO - ::endgroup::
[2024-11-05T15:32:45.761+0000] {sql.py:276} INFO - Executing: use LDTBXH_Dwh;

insert into DimDate (Date_Key, Full_Date, Day_Of_Week, Month, Month_Num_Overall, Month_Name, Quarter, Year, Fiscal_Month, Fiscal_Quarter, Fiscal_Year)
SELECT DISTINCT
    a.date_key AS Date_Key,
    a.full_date AS Full_Date,
    a.day_of_week AS Day_Of_Week,
    a.month AS Month,
    a.month_num_overall AS Month_Num_Overall,
    a.month_name AS Month_Name,
    a.quarter AS Quarter,
    a.year AS Year,
    a.fiscal_month AS Fiscal_Month,
    a.fiscal_quarter AS Fiscal_Quarter,
    a.fiscal_year AS Fiscal_Year
FROM LDTBXH_Stg.Stg_Date a
WHERE NOT EXISTS (SELECT 1 FROM DimDate)
ORDER BY year, month;
[2024-11-05T15:32:45.769+0000] {base.py:84} INFO - Using connection ID 'ldtbxh_dwh' for task execution.
[2024-11-05T15:32:45.775+0000] {base.py:84} INFO - Using connection ID 'ldtbxh_dwh' for task execution.
[2024-11-05T15:32:45.789+0000] {sql.py:487} INFO - Running statement: use LDTBXH_Dwh;

insert into DimDate (Date_Key, Full_Date, Day_Of_Week, Month, Month_Num_Overall, Month_Name, Quarter, Year, Fiscal_Month, Fiscal_Quarter, Fiscal_Year)
SELECT DISTINCT
    a.date_key AS Date_Key,
    a.full_date AS Full_Date,
    a.day_of_week AS Day_Of_Week,
    a.month AS Month,
    a.month_num_overall AS Month_Num_Overall,
    a.month_name AS Month_Name,
    a.quarter AS Quarter,
    a.year AS Year,
    a.fiscal_month AS Fiscal_Month,
    a.fiscal_quarter AS Fiscal_Quarter,
    a.fiscal_year AS Fiscal_Year
FROM LDTBXH_Stg.Stg_Date a
WHERE NOT EXISTS (SELECT 1 FROM DimDate)
ORDER BY year, month;, parameters: None
[2024-11-05T15:32:45.790+0000] {sql.py:496} INFO - Rows affected: 0
[2024-11-05T15:32:45.807+0000] {taskinstance.py:441} INFO - ::group::Post task execution logs
[2024-11-05T15:32:45.815+0000] {taskinstance.py:1206} INFO - Marking task as SUCCESS. dag_id=ETL_To_Data_Warehouse, task_id=load_date_dwh, run_id=manual__2024-11-05T15:32:33.379557+00:00, execution_date=20241105T153233, start_date=20241105T153245, end_date=20241105T153245
[2024-11-05T15:32:45.873+0000] {local_task_job_runner.py:240} INFO - Task exited with return code 0
[2024-11-05T15:32:45.882+0000] {local_task_job_runner.py:222} INFO - ::endgroup::
