[2024-10-30T06:49:55.487+0000] {local_task_job_runner.py:120} INFO - ::group::Pre task execution logs
[2024-10-30T06:49:55.512+0000] {taskinstance.py:2076} INFO - Dependencies all met for dep_context=non-requeueable deps ti=<TaskInstance: ETL_To_Data_Warehouse.truncate manual__2024-10-30T06:49:53.546947+00:00 [queued]>
[2024-10-30T06:49:55.518+0000] {taskinstance.py:2076} INFO - Dependencies all met for dep_context=requeueable deps ti=<TaskInstance: ETL_To_Data_Warehouse.truncate manual__2024-10-30T06:49:53.546947+00:00 [queued]>
[2024-10-30T06:49:55.519+0000] {taskinstance.py:2306} INFO - Starting attempt 1 of 1
[2024-10-30T06:49:55.530+0000] {taskinstance.py:2330} INFO - Executing <Task(SQLExecuteQueryOperator): truncate> on 2024-10-30 06:49:53.546947+00:00
[2024-10-30T06:49:55.536+0000] {standard_task_runner.py:63} INFO - Started process 977 to run task
[2024-10-30T06:49:55.539+0000] {standard_task_runner.py:90} INFO - Running: ['***', 'tasks', 'run', 'ETL_To_Data_Warehouse', 'truncate', 'manual__2024-10-30T06:49:53.546947+00:00', '--job-id', '27', '--raw', '--subdir', 'DAGS_FOLDER/ETL_LDTBXH.dag.py', '--cfg-path', '/tmp/tmprd9frpm1']
[2024-10-30T06:49:55.540+0000] {standard_task_runner.py:91} INFO - Job 27: Subtask truncate
[2024-10-30T06:49:55.579+0000] {task_command.py:426} INFO - Running <TaskInstance: ETL_To_Data_Warehouse.truncate manual__2024-10-30T06:49:53.546947+00:00 [running]> on host 3d0ab7361361
[2024-10-30T06:49:55.643+0000] {taskinstance.py:2648} INFO - Exporting env vars: AIRFLOW_CTX_DAG_OWNER='***' AIRFLOW_CTX_DAG_ID='ETL_To_Data_Warehouse' AIRFLOW_CTX_TASK_ID='truncate' AIRFLOW_CTX_EXECUTION_DATE='2024-10-30T06:49:53.546947+00:00' AIRFLOW_CTX_TRY_NUMBER='1' AIRFLOW_CTX_DAG_RUN_ID='manual__2024-10-30T06:49:53.546947+00:00'
[2024-10-30T06:49:55.645+0000] {taskinstance.py:430} INFO - ::endgroup::
[2024-10-30T06:49:55.646+0000] {sql.py:276} INFO - Executing: TRUNCATE TABLE Stg_DimHoGiaDinh;
TRUNCATE TABLE Stg_DimRaSoat;
TRUNCATE TABLE Stg_HoGDRaSoat_Fact;

START TRANSACTION;
    INSERT INTO DimAuditForeigned(process_name, start_at, finished_at, information, status) VALUES
    ('data integration', NOW(), NOW(), 'refreshed data', 'PENDING');
COMMIT;
[2024-10-30T06:49:55.654+0000] {base.py:84} INFO - Using connection ID 'ldtbxh_stage' for task execution.
[2024-10-30T06:49:55.665+0000] {base.py:84} INFO - Using connection ID 'ldtbxh_stage' for task execution.
[2024-10-30T06:49:55.694+0000] {sql.py:487} INFO - Running statement: TRUNCATE TABLE Stg_DimHoGiaDinh;
TRUNCATE TABLE Stg_DimRaSoat;
TRUNCATE TABLE Stg_HoGDRaSoat_Fact;

START TRANSACTION;
    INSERT INTO DimAuditForeigned(process_name, start_at, finished_at, information, status) VALUES
    ('data integration', NOW(), NOW(), 'refreshed data', 'PENDING');
COMMIT;, parameters: None
[2024-10-30T06:49:55.735+0000] {sql.py:496} INFO - Rows affected: 0
[2024-10-30T06:49:55.852+0000] {taskinstance.py:441} INFO - ::group::Post task execution logs
[2024-10-30T06:49:55.860+0000] {taskinstance.py:1206} INFO - Marking task as SUCCESS. dag_id=ETL_To_Data_Warehouse, task_id=truncate, run_id=manual__2024-10-30T06:49:53.546947+00:00, execution_date=20241030T064953, start_date=20241030T064955, end_date=20241030T064955
[2024-10-30T06:49:55.912+0000] {local_task_job_runner.py:240} INFO - Task exited with return code 0
[2024-10-30T06:49:55.931+0000] {taskinstance.py:3503} INFO - 1 downstream tasks scheduled from follow-on schedule check
[2024-10-30T06:49:55.933+0000] {local_task_job_runner.py:222} INFO - ::endgroup::
