[2024-11-06T08:37:29.619+0000] {local_task_job_runner.py:120} INFO - ::group::Pre task execution logs
[2024-11-06T08:37:29.645+0000] {taskinstance.py:2076} INFO - Dependencies all met for dep_context=non-requeueable deps ti=<TaskInstance: ETL_To_Data_Warehouse.load_date_dwh manual__2024-11-06T08:37:19.300817+00:00 [queued]>
[2024-11-06T08:37:29.655+0000] {taskinstance.py:2076} INFO - Dependencies all met for dep_context=requeueable deps ti=<TaskInstance: ETL_To_Data_Warehouse.load_date_dwh manual__2024-11-06T08:37:19.300817+00:00 [queued]>
[2024-11-06T08:37:29.656+0000] {taskinstance.py:2306} INFO - Starting attempt 1 of 1
[2024-11-06T08:37:29.668+0000] {taskinstance.py:2330} INFO - Executing <Task(SQLExecuteQueryOperator): load_date_dwh> on 2024-11-06 08:37:19.300817+00:00
[2024-11-06T08:37:29.674+0000] {standard_task_runner.py:63} INFO - Started process 14129 to run task
[2024-11-06T08:37:29.677+0000] {standard_task_runner.py:90} INFO - Running: ['***', 'tasks', 'run', 'ETL_To_Data_Warehouse', 'load_date_dwh', 'manual__2024-11-06T08:37:19.300817+00:00', '--job-id', '532', '--raw', '--subdir', 'DAGS_FOLDER/ETL_LDTBXH.dag.py', '--cfg-path', '/tmp/tmpqccn_dgl']
[2024-11-06T08:37:29.678+0000] {standard_task_runner.py:91} INFO - Job 532: Subtask load_date_dwh
[2024-11-06T08:37:29.720+0000] {task_command.py:426} INFO - Running <TaskInstance: ETL_To_Data_Warehouse.load_date_dwh manual__2024-11-06T08:37:19.300817+00:00 [running]> on host 3d0ab7361361
[2024-11-06T08:37:29.971+0000] {taskinstance.py:2648} INFO - Exporting env vars: AIRFLOW_CTX_DAG_OWNER='***' AIRFLOW_CTX_DAG_ID='ETL_To_Data_Warehouse' AIRFLOW_CTX_TASK_ID='load_date_dwh' AIRFLOW_CTX_EXECUTION_DATE='2024-11-06T08:37:19.300817+00:00' AIRFLOW_CTX_TRY_NUMBER='1' AIRFLOW_CTX_DAG_RUN_ID='manual__2024-11-06T08:37:19.300817+00:00'
[2024-11-06T08:37:29.972+0000] {taskinstance.py:430} INFO - ::endgroup::
[2024-11-06T08:37:29.973+0000] {sql.py:276} INFO - Executing: use LDTBXH_Dwh;

insert into DimDate (Date_Key, Full_Date, Day_Of_Week, Month, Month_Num_Overall, Month_Name, Quarter, Year, Fiscal_Month, Fiscal_Quarter, Fiscal_Year)
SELECT DISTINCT
    a.date_key AS Date_Key,
    a.full_date AS Full_Date,
    a.day_of_week AS Day_Of_Week,
    a.month AS Month,
    a.month_num_overall AS Month_Num_Overall,
    a.month_name AS Month_Name,
    a.quarter AS Quarter,
    a.year AS Year,
    a.fiscal_month AS Fiscal_Month,
    a.fiscal_quarter AS Fiscal_Quarter,
    a.fiscal_year AS Fiscal_Year
FROM LDTBXH_Stg.Stg_Date a
WHERE NOT EXISTS (SELECT 1 FROM DimDate)
ORDER BY year, month;
[2024-11-06T08:37:29.982+0000] {base.py:84} INFO - Using connection ID 'ldtbxh_dwh' for task execution.
[2024-11-06T08:37:29.991+0000] {base.py:84} INFO - Using connection ID 'ldtbxh_dwh' for task execution.
[2024-11-06T08:37:30.010+0000] {sql.py:487} INFO - Running statement: use LDTBXH_Dwh;

insert into DimDate (Date_Key, Full_Date, Day_Of_Week, Month, Month_Num_Overall, Month_Name, Quarter, Year, Fiscal_Month, Fiscal_Quarter, Fiscal_Year)
SELECT DISTINCT
    a.date_key AS Date_Key,
    a.full_date AS Full_Date,
    a.day_of_week AS Day_Of_Week,
    a.month AS Month,
    a.month_num_overall AS Month_Num_Overall,
    a.month_name AS Month_Name,
    a.quarter AS Quarter,
    a.year AS Year,
    a.fiscal_month AS Fiscal_Month,
    a.fiscal_quarter AS Fiscal_Quarter,
    a.fiscal_year AS Fiscal_Year
FROM LDTBXH_Stg.Stg_Date a
WHERE NOT EXISTS (SELECT 1 FROM DimDate)
ORDER BY year, month;, parameters: None
[2024-11-06T08:37:30.012+0000] {sql.py:496} INFO - Rows affected: 0
[2024-11-06T08:37:30.015+0000] {taskinstance.py:441} INFO - ::group::Post task execution logs
[2024-11-06T08:37:30.025+0000] {taskinstance.py:1206} INFO - Marking task as SUCCESS. dag_id=ETL_To_Data_Warehouse, task_id=load_date_dwh, run_id=manual__2024-11-06T08:37:19.300817+00:00, execution_date=20241106T083719, start_date=20241106T083729, end_date=20241106T083730
[2024-11-06T08:37:30.050+0000] {local_task_job_runner.py:240} INFO - Task exited with return code 0
[2024-11-06T08:37:30.075+0000] {taskinstance.py:3503} INFO - 0 downstream tasks scheduled from follow-on schedule check
[2024-11-06T08:37:30.077+0000] {local_task_job_runner.py:222} INFO - ::endgroup::
