[2024-11-17T02:50:42.022+0000] {processor.py:161} INFO - Started process (PID=395) to work on /home/airflow/.local/lib/python3.11/site-packages/airflow/example_dags/example_complex.py
[2024-11-17T02:50:42.023+0000] {processor.py:830} INFO - Processing file /home/airflow/.local/lib/python3.11/site-packages/airflow/example_dags/example_complex.py for tasks to queue
[2024-11-17T02:50:42.025+0000] {logging_mixin.py:188} INFO - [2024-11-17T02:50:42.025+0000] {dagbag.py:545} INFO - Filling up the DagBag from /home/airflow/.local/lib/python3.11/site-packages/airflow/example_dags/example_complex.py
[2024-11-17T02:50:42.034+0000] {processor.py:840} INFO - DAG(s) 'example_complex' retrieved from /home/airflow/.local/lib/python3.11/site-packages/airflow/example_dags/example_complex.py
[2024-11-17T02:50:42.044+0000] {logging_mixin.py:188} INFO - [2024-11-17T02:50:42.043+0000] {dag.py:3096} INFO - Sync 1 DAGs
[2024-11-17T02:50:42.055+0000] {logging_mixin.py:188} INFO - [2024-11-17T02:50:42.055+0000] {dag.py:3954} INFO - Setting next_dagrun for example_complex to None, run_after=None
[2024-11-17T02:50:42.073+0000] {processor.py:183} INFO - Processing /home/airflow/.local/lib/python3.11/site-packages/airflow/example_dags/example_complex.py took 0.055 seconds
[2024-11-17T02:51:14.719+0000] {processor.py:161} INFO - Started process (PID=661) to work on /home/airflow/.local/lib/python3.11/site-packages/airflow/example_dags/example_complex.py
[2024-11-17T02:51:14.720+0000] {processor.py:830} INFO - Processing file /home/airflow/.local/lib/python3.11/site-packages/airflow/example_dags/example_complex.py for tasks to queue
[2024-11-17T02:51:14.722+0000] {logging_mixin.py:188} INFO - [2024-11-17T02:51:14.722+0000] {dagbag.py:545} INFO - Filling up the DagBag from /home/airflow/.local/lib/python3.11/site-packages/airflow/example_dags/example_complex.py
[2024-11-17T02:51:14.731+0000] {processor.py:840} INFO - DAG(s) 'example_complex' retrieved from /home/airflow/.local/lib/python3.11/site-packages/airflow/example_dags/example_complex.py
[2024-11-17T02:51:14.836+0000] {logging_mixin.py:188} INFO - [2024-11-17T02:51:14.835+0000] {dag.py:3096} INFO - Sync 1 DAGs
[2024-11-17T02:51:14.848+0000] {logging_mixin.py:188} INFO - [2024-11-17T02:51:14.847+0000] {dag.py:3954} INFO - Setting next_dagrun for example_complex to None, run_after=None
[2024-11-17T02:51:14.880+0000] {processor.py:183} INFO - Processing /home/airflow/.local/lib/python3.11/site-packages/airflow/example_dags/example_complex.py took 0.166 seconds
[2024-11-17T02:51:45.901+0000] {processor.py:161} INFO - Started process (PID=929) to work on /home/airflow/.local/lib/python3.11/site-packages/airflow/example_dags/example_complex.py
[2024-11-17T02:51:45.902+0000] {processor.py:830} INFO - Processing file /home/airflow/.local/lib/python3.11/site-packages/airflow/example_dags/example_complex.py for tasks to queue
[2024-11-17T02:51:45.904+0000] {logging_mixin.py:188} INFO - [2024-11-17T02:51:45.904+0000] {dagbag.py:545} INFO - Filling up the DagBag from /home/airflow/.local/lib/python3.11/site-packages/airflow/example_dags/example_complex.py
[2024-11-17T02:51:45.913+0000] {processor.py:840} INFO - DAG(s) 'example_complex' retrieved from /home/airflow/.local/lib/python3.11/site-packages/airflow/example_dags/example_complex.py
[2024-11-17T02:51:45.938+0000] {logging_mixin.py:188} INFO - [2024-11-17T02:51:45.938+0000] {dag.py:3096} INFO - Sync 1 DAGs
[2024-11-17T02:51:45.949+0000] {logging_mixin.py:188} INFO - [2024-11-17T02:51:45.948+0000] {dag.py:3954} INFO - Setting next_dagrun for example_complex to None, run_after=None
[2024-11-17T02:51:45.964+0000] {processor.py:183} INFO - Processing /home/airflow/.local/lib/python3.11/site-packages/airflow/example_dags/example_complex.py took 0.068 seconds
[2024-11-17T02:52:16.011+0000] {processor.py:161} INFO - Started process (PID=1195) to work on /home/airflow/.local/lib/python3.11/site-packages/airflow/example_dags/example_complex.py
[2024-11-17T02:52:16.012+0000] {processor.py:830} INFO - Processing file /home/airflow/.local/lib/python3.11/site-packages/airflow/example_dags/example_complex.py for tasks to queue
[2024-11-17T02:52:16.014+0000] {logging_mixin.py:188} INFO - [2024-11-17T02:52:16.014+0000] {dagbag.py:545} INFO - Filling up the DagBag from /home/airflow/.local/lib/python3.11/site-packages/airflow/example_dags/example_complex.py
[2024-11-17T02:52:16.023+0000] {processor.py:840} INFO - DAG(s) 'example_complex' retrieved from /home/airflow/.local/lib/python3.11/site-packages/airflow/example_dags/example_complex.py
[2024-11-17T02:52:16.050+0000] {logging_mixin.py:188} INFO - [2024-11-17T02:52:16.050+0000] {dag.py:3096} INFO - Sync 1 DAGs
[2024-11-17T02:52:16.062+0000] {logging_mixin.py:188} INFO - [2024-11-17T02:52:16.062+0000] {dag.py:3954} INFO - Setting next_dagrun for example_complex to None, run_after=None
[2024-11-17T02:52:16.079+0000] {processor.py:183} INFO - Processing /home/airflow/.local/lib/python3.11/site-packages/airflow/example_dags/example_complex.py took 0.073 seconds
[2024-11-17T02:52:46.117+0000] {processor.py:161} INFO - Started process (PID=1459) to work on /home/airflow/.local/lib/python3.11/site-packages/airflow/example_dags/example_complex.py
[2024-11-17T02:52:46.118+0000] {processor.py:830} INFO - Processing file /home/airflow/.local/lib/python3.11/site-packages/airflow/example_dags/example_complex.py for tasks to queue
[2024-11-17T02:52:46.120+0000] {logging_mixin.py:188} INFO - [2024-11-17T02:52:46.120+0000] {dagbag.py:545} INFO - Filling up the DagBag from /home/airflow/.local/lib/python3.11/site-packages/airflow/example_dags/example_complex.py
[2024-11-17T02:52:46.130+0000] {processor.py:840} INFO - DAG(s) 'example_complex' retrieved from /home/airflow/.local/lib/python3.11/site-packages/airflow/example_dags/example_complex.py
[2024-11-17T02:52:46.159+0000] {logging_mixin.py:188} INFO - [2024-11-17T02:52:46.159+0000] {dag.py:3096} INFO - Sync 1 DAGs
[2024-11-17T02:52:46.174+0000] {logging_mixin.py:188} INFO - [2024-11-17T02:52:46.173+0000] {dag.py:3954} INFO - Setting next_dagrun for example_complex to None, run_after=None
[2024-11-17T02:52:46.194+0000] {processor.py:183} INFO - Processing /home/airflow/.local/lib/python3.11/site-packages/airflow/example_dags/example_complex.py took 0.081 seconds
[2024-11-17T02:53:17.284+0000] {processor.py:161} INFO - Started process (PID=1725) to work on /home/airflow/.local/lib/python3.11/site-packages/airflow/example_dags/example_complex.py
[2024-11-17T02:53:17.285+0000] {processor.py:830} INFO - Processing file /home/airflow/.local/lib/python3.11/site-packages/airflow/example_dags/example_complex.py for tasks to queue
[2024-11-17T02:53:17.287+0000] {logging_mixin.py:188} INFO - [2024-11-17T02:53:17.287+0000] {dagbag.py:545} INFO - Filling up the DagBag from /home/airflow/.local/lib/python3.11/site-packages/airflow/example_dags/example_complex.py
[2024-11-17T02:53:17.298+0000] {processor.py:840} INFO - DAG(s) 'example_complex' retrieved from /home/airflow/.local/lib/python3.11/site-packages/airflow/example_dags/example_complex.py
[2024-11-17T02:53:17.328+0000] {logging_mixin.py:188} INFO - [2024-11-17T02:53:17.327+0000] {dag.py:3096} INFO - Sync 1 DAGs
[2024-11-17T02:53:17.338+0000] {logging_mixin.py:188} INFO - [2024-11-17T02:53:17.338+0000] {dag.py:3954} INFO - Setting next_dagrun for example_complex to None, run_after=None
[2024-11-17T02:53:17.354+0000] {processor.py:183} INFO - Processing /home/airflow/.local/lib/python3.11/site-packages/airflow/example_dags/example_complex.py took 0.076 seconds
[2024-11-17T02:53:47.508+0000] {processor.py:161} INFO - Started process (PID=1991) to work on /home/airflow/.local/lib/python3.11/site-packages/airflow/example_dags/example_complex.py
[2024-11-17T02:53:47.509+0000] {processor.py:830} INFO - Processing file /home/airflow/.local/lib/python3.11/site-packages/airflow/example_dags/example_complex.py for tasks to queue
[2024-11-17T02:53:47.511+0000] {logging_mixin.py:188} INFO - [2024-11-17T02:53:47.511+0000] {dagbag.py:545} INFO - Filling up the DagBag from /home/airflow/.local/lib/python3.11/site-packages/airflow/example_dags/example_complex.py
[2024-11-17T02:53:47.520+0000] {processor.py:840} INFO - DAG(s) 'example_complex' retrieved from /home/airflow/.local/lib/python3.11/site-packages/airflow/example_dags/example_complex.py
[2024-11-17T02:53:47.548+0000] {logging_mixin.py:188} INFO - [2024-11-17T02:53:47.547+0000] {dag.py:3096} INFO - Sync 1 DAGs
[2024-11-17T02:53:47.559+0000] {logging_mixin.py:188} INFO - [2024-11-17T02:53:47.558+0000] {dag.py:3954} INFO - Setting next_dagrun for example_complex to None, run_after=None
[2024-11-17T02:53:47.575+0000] {processor.py:183} INFO - Processing /home/airflow/.local/lib/python3.11/site-packages/airflow/example_dags/example_complex.py took 0.073 seconds
[2024-11-17T02:54:18.591+0000] {processor.py:161} INFO - Started process (PID=2258) to work on /home/airflow/.local/lib/python3.11/site-packages/airflow/example_dags/example_complex.py
[2024-11-17T02:54:18.592+0000] {processor.py:830} INFO - Processing file /home/airflow/.local/lib/python3.11/site-packages/airflow/example_dags/example_complex.py for tasks to queue
[2024-11-17T02:54:18.594+0000] {logging_mixin.py:188} INFO - [2024-11-17T02:54:18.594+0000] {dagbag.py:545} INFO - Filling up the DagBag from /home/airflow/.local/lib/python3.11/site-packages/airflow/example_dags/example_complex.py
[2024-11-17T02:54:18.604+0000] {processor.py:840} INFO - DAG(s) 'example_complex' retrieved from /home/airflow/.local/lib/python3.11/site-packages/airflow/example_dags/example_complex.py
[2024-11-17T02:54:18.630+0000] {logging_mixin.py:188} INFO - [2024-11-17T02:54:18.630+0000] {dag.py:3096} INFO - Sync 1 DAGs
[2024-11-17T02:54:18.642+0000] {logging_mixin.py:188} INFO - [2024-11-17T02:54:18.641+0000] {dag.py:3954} INFO - Setting next_dagrun for example_complex to None, run_after=None
[2024-11-17T02:54:18.657+0000] {processor.py:183} INFO - Processing /home/airflow/.local/lib/python3.11/site-packages/airflow/example_dags/example_complex.py took 0.072 seconds
[2024-11-17T02:54:49.492+0000] {processor.py:161} INFO - Started process (PID=2523) to work on /home/airflow/.local/lib/python3.11/site-packages/airflow/example_dags/example_complex.py
[2024-11-17T02:54:49.494+0000] {processor.py:830} INFO - Processing file /home/airflow/.local/lib/python3.11/site-packages/airflow/example_dags/example_complex.py for tasks to queue
[2024-11-17T02:54:49.496+0000] {logging_mixin.py:188} INFO - [2024-11-17T02:54:49.495+0000] {dagbag.py:545} INFO - Filling up the DagBag from /home/airflow/.local/lib/python3.11/site-packages/airflow/example_dags/example_complex.py
[2024-11-17T02:54:49.505+0000] {processor.py:840} INFO - DAG(s) 'example_complex' retrieved from /home/airflow/.local/lib/python3.11/site-packages/airflow/example_dags/example_complex.py
[2024-11-17T02:54:49.533+0000] {logging_mixin.py:188} INFO - [2024-11-17T02:54:49.532+0000] {dag.py:3096} INFO - Sync 1 DAGs
[2024-11-17T02:54:49.544+0000] {logging_mixin.py:188} INFO - [2024-11-17T02:54:49.543+0000] {dag.py:3954} INFO - Setting next_dagrun for example_complex to None, run_after=None
[2024-11-17T02:54:49.561+0000] {processor.py:183} INFO - Processing /home/airflow/.local/lib/python3.11/site-packages/airflow/example_dags/example_complex.py took 0.074 seconds
[2024-11-17T02:55:20.240+0000] {processor.py:161} INFO - Started process (PID=2791) to work on /home/airflow/.local/lib/python3.11/site-packages/airflow/example_dags/example_complex.py
[2024-11-17T02:55:20.241+0000] {processor.py:830} INFO - Processing file /home/airflow/.local/lib/python3.11/site-packages/airflow/example_dags/example_complex.py for tasks to queue
[2024-11-17T02:55:20.242+0000] {logging_mixin.py:188} INFO - [2024-11-17T02:55:20.242+0000] {dagbag.py:545} INFO - Filling up the DagBag from /home/airflow/.local/lib/python3.11/site-packages/airflow/example_dags/example_complex.py
[2024-11-17T02:55:20.251+0000] {processor.py:840} INFO - DAG(s) 'example_complex' retrieved from /home/airflow/.local/lib/python3.11/site-packages/airflow/example_dags/example_complex.py
[2024-11-17T02:55:20.277+0000] {logging_mixin.py:188} INFO - [2024-11-17T02:55:20.277+0000] {dag.py:3096} INFO - Sync 1 DAGs
[2024-11-17T02:55:20.288+0000] {logging_mixin.py:188} INFO - [2024-11-17T02:55:20.288+0000] {dag.py:3954} INFO - Setting next_dagrun for example_complex to None, run_after=None
[2024-11-17T02:55:20.304+0000] {processor.py:183} INFO - Processing /home/airflow/.local/lib/python3.11/site-packages/airflow/example_dags/example_complex.py took 0.070 seconds
[2024-11-17T02:55:51.510+0000] {processor.py:161} INFO - Started process (PID=3057) to work on /home/airflow/.local/lib/python3.11/site-packages/airflow/example_dags/example_complex.py
[2024-11-17T02:55:51.511+0000] {processor.py:830} INFO - Processing file /home/airflow/.local/lib/python3.11/site-packages/airflow/example_dags/example_complex.py for tasks to queue
[2024-11-17T02:55:51.512+0000] {logging_mixin.py:188} INFO - [2024-11-17T02:55:51.512+0000] {dagbag.py:545} INFO - Filling up the DagBag from /home/airflow/.local/lib/python3.11/site-packages/airflow/example_dags/example_complex.py
[2024-11-17T02:55:51.521+0000] {processor.py:840} INFO - DAG(s) 'example_complex' retrieved from /home/airflow/.local/lib/python3.11/site-packages/airflow/example_dags/example_complex.py
[2024-11-17T02:55:51.549+0000] {logging_mixin.py:188} INFO - [2024-11-17T02:55:51.548+0000] {dag.py:3096} INFO - Sync 1 DAGs
[2024-11-17T02:55:51.559+0000] {logging_mixin.py:188} INFO - [2024-11-17T02:55:51.559+0000] {dag.py:3954} INFO - Setting next_dagrun for example_complex to None, run_after=None
[2024-11-17T02:55:51.578+0000] {processor.py:183} INFO - Processing /home/airflow/.local/lib/python3.11/site-packages/airflow/example_dags/example_complex.py took 0.073 seconds
[2024-11-17T02:56:21.661+0000] {processor.py:161} INFO - Started process (PID=3321) to work on /home/airflow/.local/lib/python3.11/site-packages/airflow/example_dags/example_complex.py
[2024-11-17T02:56:21.662+0000] {processor.py:830} INFO - Processing file /home/airflow/.local/lib/python3.11/site-packages/airflow/example_dags/example_complex.py for tasks to queue
[2024-11-17T02:56:21.664+0000] {logging_mixin.py:188} INFO - [2024-11-17T02:56:21.663+0000] {dagbag.py:545} INFO - Filling up the DagBag from /home/airflow/.local/lib/python3.11/site-packages/airflow/example_dags/example_complex.py
[2024-11-17T02:56:21.673+0000] {processor.py:840} INFO - DAG(s) 'example_complex' retrieved from /home/airflow/.local/lib/python3.11/site-packages/airflow/example_dags/example_complex.py
[2024-11-17T02:56:21.699+0000] {logging_mixin.py:188} INFO - [2024-11-17T02:56:21.699+0000] {dag.py:3096} INFO - Sync 1 DAGs
[2024-11-17T02:56:21.710+0000] {logging_mixin.py:188} INFO - [2024-11-17T02:56:21.710+0000] {dag.py:3954} INFO - Setting next_dagrun for example_complex to None, run_after=None
[2024-11-17T02:56:21.728+0000] {processor.py:183} INFO - Processing /home/airflow/.local/lib/python3.11/site-packages/airflow/example_dags/example_complex.py took 0.073 seconds
[2024-11-17T02:56:51.846+0000] {processor.py:161} INFO - Started process (PID=3584) to work on /home/airflow/.local/lib/python3.11/site-packages/airflow/example_dags/example_complex.py
[2024-11-17T02:56:51.847+0000] {processor.py:830} INFO - Processing file /home/airflow/.local/lib/python3.11/site-packages/airflow/example_dags/example_complex.py for tasks to queue
[2024-11-17T02:56:51.849+0000] {logging_mixin.py:188} INFO - [2024-11-17T02:56:51.848+0000] {dagbag.py:545} INFO - Filling up the DagBag from /home/airflow/.local/lib/python3.11/site-packages/airflow/example_dags/example_complex.py
[2024-11-17T02:56:51.858+0000] {processor.py:840} INFO - DAG(s) 'example_complex' retrieved from /home/airflow/.local/lib/python3.11/site-packages/airflow/example_dags/example_complex.py
[2024-11-17T02:56:51.885+0000] {logging_mixin.py:188} INFO - [2024-11-17T02:56:51.885+0000] {dag.py:3096} INFO - Sync 1 DAGs
[2024-11-17T02:56:51.896+0000] {logging_mixin.py:188} INFO - [2024-11-17T02:56:51.895+0000] {dag.py:3954} INFO - Setting next_dagrun for example_complex to None, run_after=None
[2024-11-17T02:56:51.912+0000] {processor.py:183} INFO - Processing /home/airflow/.local/lib/python3.11/site-packages/airflow/example_dags/example_complex.py took 0.071 seconds
[2024-11-17T02:57:21.977+0000] {processor.py:161} INFO - Started process (PID=3848) to work on /home/airflow/.local/lib/python3.11/site-packages/airflow/example_dags/example_complex.py
[2024-11-17T02:57:21.978+0000] {processor.py:830} INFO - Processing file /home/airflow/.local/lib/python3.11/site-packages/airflow/example_dags/example_complex.py for tasks to queue
[2024-11-17T02:57:21.979+0000] {logging_mixin.py:188} INFO - [2024-11-17T02:57:21.979+0000] {dagbag.py:545} INFO - Filling up the DagBag from /home/airflow/.local/lib/python3.11/site-packages/airflow/example_dags/example_complex.py
[2024-11-17T02:57:21.988+0000] {processor.py:840} INFO - DAG(s) 'example_complex' retrieved from /home/airflow/.local/lib/python3.11/site-packages/airflow/example_dags/example_complex.py
[2024-11-17T02:57:22.015+0000] {logging_mixin.py:188} INFO - [2024-11-17T02:57:22.014+0000] {dag.py:3096} INFO - Sync 1 DAGs
[2024-11-17T02:57:22.026+0000] {logging_mixin.py:188} INFO - [2024-11-17T02:57:22.026+0000] {dag.py:3954} INFO - Setting next_dagrun for example_complex to None, run_after=None
[2024-11-17T02:57:22.043+0000] {processor.py:183} INFO - Processing /home/airflow/.local/lib/python3.11/site-packages/airflow/example_dags/example_complex.py took 0.071 seconds
[2024-11-17T02:57:52.366+0000] {processor.py:161} INFO - Started process (PID=4116) to work on /home/airflow/.local/lib/python3.11/site-packages/airflow/example_dags/example_complex.py
[2024-11-17T02:57:52.367+0000] {processor.py:830} INFO - Processing file /home/airflow/.local/lib/python3.11/site-packages/airflow/example_dags/example_complex.py for tasks to queue
[2024-11-17T02:57:52.369+0000] {logging_mixin.py:188} INFO - [2024-11-17T02:57:52.369+0000] {dagbag.py:545} INFO - Filling up the DagBag from /home/airflow/.local/lib/python3.11/site-packages/airflow/example_dags/example_complex.py
[2024-11-17T02:57:52.377+0000] {processor.py:840} INFO - DAG(s) 'example_complex' retrieved from /home/airflow/.local/lib/python3.11/site-packages/airflow/example_dags/example_complex.py
[2024-11-17T02:57:52.403+0000] {logging_mixin.py:188} INFO - [2024-11-17T02:57:52.403+0000] {dag.py:3096} INFO - Sync 1 DAGs
[2024-11-17T02:57:52.413+0000] {logging_mixin.py:188} INFO - [2024-11-17T02:57:52.413+0000] {dag.py:3954} INFO - Setting next_dagrun for example_complex to None, run_after=None
[2024-11-17T02:57:52.429+0000] {processor.py:183} INFO - Processing /home/airflow/.local/lib/python3.11/site-packages/airflow/example_dags/example_complex.py took 0.068 seconds
[2024-11-17T02:58:22.702+0000] {processor.py:161} INFO - Started process (PID=4382) to work on /home/airflow/.local/lib/python3.11/site-packages/airflow/example_dags/example_complex.py
[2024-11-17T02:58:22.703+0000] {processor.py:830} INFO - Processing file /home/airflow/.local/lib/python3.11/site-packages/airflow/example_dags/example_complex.py for tasks to queue
[2024-11-17T02:58:22.705+0000] {logging_mixin.py:188} INFO - [2024-11-17T02:58:22.704+0000] {dagbag.py:545} INFO - Filling up the DagBag from /home/airflow/.local/lib/python3.11/site-packages/airflow/example_dags/example_complex.py
[2024-11-17T02:58:22.713+0000] {processor.py:840} INFO - DAG(s) 'example_complex' retrieved from /home/airflow/.local/lib/python3.11/site-packages/airflow/example_dags/example_complex.py
[2024-11-17T02:58:22.738+0000] {logging_mixin.py:188} INFO - [2024-11-17T02:58:22.738+0000] {dag.py:3096} INFO - Sync 1 DAGs
[2024-11-17T02:58:22.749+0000] {logging_mixin.py:188} INFO - [2024-11-17T02:58:22.748+0000] {dag.py:3954} INFO - Setting next_dagrun for example_complex to None, run_after=None
[2024-11-17T02:58:22.765+0000] {processor.py:183} INFO - Processing /home/airflow/.local/lib/python3.11/site-packages/airflow/example_dags/example_complex.py took 0.067 seconds
[2024-11-17T02:58:52.872+0000] {processor.py:161} INFO - Started process (PID=4648) to work on /home/airflow/.local/lib/python3.11/site-packages/airflow/example_dags/example_complex.py
[2024-11-17T02:58:52.873+0000] {processor.py:830} INFO - Processing file /home/airflow/.local/lib/python3.11/site-packages/airflow/example_dags/example_complex.py for tasks to queue
[2024-11-17T02:58:52.874+0000] {logging_mixin.py:188} INFO - [2024-11-17T02:58:52.874+0000] {dagbag.py:545} INFO - Filling up the DagBag from /home/airflow/.local/lib/python3.11/site-packages/airflow/example_dags/example_complex.py
[2024-11-17T02:58:52.883+0000] {processor.py:840} INFO - DAG(s) 'example_complex' retrieved from /home/airflow/.local/lib/python3.11/site-packages/airflow/example_dags/example_complex.py
[2024-11-17T02:58:52.908+0000] {logging_mixin.py:188} INFO - [2024-11-17T02:58:52.908+0000] {dag.py:3096} INFO - Sync 1 DAGs
[2024-11-17T02:58:52.917+0000] {logging_mixin.py:188} INFO - [2024-11-17T02:58:52.917+0000] {dag.py:3954} INFO - Setting next_dagrun for example_complex to None, run_after=None
[2024-11-17T02:58:52.931+0000] {processor.py:183} INFO - Processing /home/airflow/.local/lib/python3.11/site-packages/airflow/example_dags/example_complex.py took 0.065 seconds
[2024-11-17T02:59:23.178+0000] {processor.py:161} INFO - Started process (PID=4914) to work on /home/airflow/.local/lib/python3.11/site-packages/airflow/example_dags/example_complex.py
[2024-11-17T02:59:23.179+0000] {processor.py:830} INFO - Processing file /home/airflow/.local/lib/python3.11/site-packages/airflow/example_dags/example_complex.py for tasks to queue
[2024-11-17T02:59:23.180+0000] {logging_mixin.py:188} INFO - [2024-11-17T02:59:23.180+0000] {dagbag.py:545} INFO - Filling up the DagBag from /home/airflow/.local/lib/python3.11/site-packages/airflow/example_dags/example_complex.py
[2024-11-17T02:59:23.189+0000] {processor.py:840} INFO - DAG(s) 'example_complex' retrieved from /home/airflow/.local/lib/python3.11/site-packages/airflow/example_dags/example_complex.py
[2024-11-17T02:59:23.214+0000] {logging_mixin.py:188} INFO - [2024-11-17T02:59:23.213+0000] {dag.py:3096} INFO - Sync 1 DAGs
[2024-11-17T02:59:23.224+0000] {logging_mixin.py:188} INFO - [2024-11-17T02:59:23.223+0000] {dag.py:3954} INFO - Setting next_dagrun for example_complex to None, run_after=None
[2024-11-17T02:59:23.240+0000] {processor.py:183} INFO - Processing /home/airflow/.local/lib/python3.11/site-packages/airflow/example_dags/example_complex.py took 0.067 seconds
[2024-11-17T02:59:53.353+0000] {processor.py:161} INFO - Started process (PID=5178) to work on /home/airflow/.local/lib/python3.11/site-packages/airflow/example_dags/example_complex.py
[2024-11-17T02:59:53.354+0000] {processor.py:830} INFO - Processing file /home/airflow/.local/lib/python3.11/site-packages/airflow/example_dags/example_complex.py for tasks to queue
[2024-11-17T02:59:53.356+0000] {logging_mixin.py:188} INFO - [2024-11-17T02:59:53.356+0000] {dagbag.py:545} INFO - Filling up the DagBag from /home/airflow/.local/lib/python3.11/site-packages/airflow/example_dags/example_complex.py
[2024-11-17T02:59:53.365+0000] {processor.py:840} INFO - DAG(s) 'example_complex' retrieved from /home/airflow/.local/lib/python3.11/site-packages/airflow/example_dags/example_complex.py
[2024-11-17T02:59:53.393+0000] {logging_mixin.py:188} INFO - [2024-11-17T02:59:53.393+0000] {dag.py:3096} INFO - Sync 1 DAGs
[2024-11-17T02:59:53.403+0000] {logging_mixin.py:188} INFO - [2024-11-17T02:59:53.403+0000] {dag.py:3954} INFO - Setting next_dagrun for example_complex to None, run_after=None
[2024-11-17T02:59:53.426+0000] {processor.py:183} INFO - Processing /home/airflow/.local/lib/python3.11/site-packages/airflow/example_dags/example_complex.py took 0.079 seconds
[2024-11-17T03:00:23.862+0000] {processor.py:161} INFO - Started process (PID=5446) to work on /home/airflow/.local/lib/python3.11/site-packages/airflow/example_dags/example_complex.py
[2024-11-17T03:00:23.863+0000] {processor.py:830} INFO - Processing file /home/airflow/.local/lib/python3.11/site-packages/airflow/example_dags/example_complex.py for tasks to queue
[2024-11-17T03:00:23.865+0000] {logging_mixin.py:188} INFO - [2024-11-17T03:00:23.864+0000] {dagbag.py:545} INFO - Filling up the DagBag from /home/airflow/.local/lib/python3.11/site-packages/airflow/example_dags/example_complex.py
[2024-11-17T03:00:23.873+0000] {processor.py:840} INFO - DAG(s) 'example_complex' retrieved from /home/airflow/.local/lib/python3.11/site-packages/airflow/example_dags/example_complex.py
[2024-11-17T03:00:23.899+0000] {logging_mixin.py:188} INFO - [2024-11-17T03:00:23.898+0000] {dag.py:3096} INFO - Sync 1 DAGs
[2024-11-17T03:00:23.908+0000] {logging_mixin.py:188} INFO - [2024-11-17T03:00:23.908+0000] {dag.py:3954} INFO - Setting next_dagrun for example_complex to None, run_after=None
[2024-11-17T03:00:23.924+0000] {processor.py:183} INFO - Processing /home/airflow/.local/lib/python3.11/site-packages/airflow/example_dags/example_complex.py took 0.067 seconds
[2024-11-17T03:00:54.130+0000] {processor.py:161} INFO - Started process (PID=5712) to work on /home/airflow/.local/lib/python3.11/site-packages/airflow/example_dags/example_complex.py
[2024-11-17T03:00:54.131+0000] {processor.py:830} INFO - Processing file /home/airflow/.local/lib/python3.11/site-packages/airflow/example_dags/example_complex.py for tasks to queue
[2024-11-17T03:00:54.133+0000] {logging_mixin.py:188} INFO - [2024-11-17T03:00:54.132+0000] {dagbag.py:545} INFO - Filling up the DagBag from /home/airflow/.local/lib/python3.11/site-packages/airflow/example_dags/example_complex.py
[2024-11-17T03:00:54.141+0000] {processor.py:840} INFO - DAG(s) 'example_complex' retrieved from /home/airflow/.local/lib/python3.11/site-packages/airflow/example_dags/example_complex.py
[2024-11-17T03:00:54.168+0000] {logging_mixin.py:188} INFO - [2024-11-17T03:00:54.168+0000] {dag.py:3096} INFO - Sync 1 DAGs
[2024-11-17T03:00:54.179+0000] {logging_mixin.py:188} INFO - [2024-11-17T03:00:54.179+0000] {dag.py:3954} INFO - Setting next_dagrun for example_complex to None, run_after=None
[2024-11-17T03:00:54.197+0000] {processor.py:183} INFO - Processing /home/airflow/.local/lib/python3.11/site-packages/airflow/example_dags/example_complex.py took 0.072 seconds
[2024-11-17T03:01:24.987+0000] {processor.py:161} INFO - Started process (PID=5976) to work on /home/airflow/.local/lib/python3.11/site-packages/airflow/example_dags/example_complex.py
[2024-11-17T03:01:24.988+0000] {processor.py:830} INFO - Processing file /home/airflow/.local/lib/python3.11/site-packages/airflow/example_dags/example_complex.py for tasks to queue
[2024-11-17T03:01:24.990+0000] {logging_mixin.py:188} INFO - [2024-11-17T03:01:24.990+0000] {dagbag.py:545} INFO - Filling up the DagBag from /home/airflow/.local/lib/python3.11/site-packages/airflow/example_dags/example_complex.py
[2024-11-17T03:01:24.999+0000] {processor.py:840} INFO - DAG(s) 'example_complex' retrieved from /home/airflow/.local/lib/python3.11/site-packages/airflow/example_dags/example_complex.py
[2024-11-17T03:01:25.026+0000] {logging_mixin.py:188} INFO - [2024-11-17T03:01:25.026+0000] {dag.py:3096} INFO - Sync 1 DAGs
[2024-11-17T03:01:25.038+0000] {logging_mixin.py:188} INFO - [2024-11-17T03:01:25.038+0000] {dag.py:3954} INFO - Setting next_dagrun for example_complex to None, run_after=None
[2024-11-17T03:01:25.054+0000] {processor.py:183} INFO - Processing /home/airflow/.local/lib/python3.11/site-packages/airflow/example_dags/example_complex.py took 0.071 seconds
[2024-11-17T03:01:55.756+0000] {processor.py:161} INFO - Started process (PID=6244) to work on /home/airflow/.local/lib/python3.11/site-packages/airflow/example_dags/example_complex.py
[2024-11-17T03:01:55.757+0000] {processor.py:830} INFO - Processing file /home/airflow/.local/lib/python3.11/site-packages/airflow/example_dags/example_complex.py for tasks to queue
[2024-11-17T03:01:55.759+0000] {logging_mixin.py:188} INFO - [2024-11-17T03:01:55.758+0000] {dagbag.py:545} INFO - Filling up the DagBag from /home/airflow/.local/lib/python3.11/site-packages/airflow/example_dags/example_complex.py
[2024-11-17T03:01:55.768+0000] {processor.py:840} INFO - DAG(s) 'example_complex' retrieved from /home/airflow/.local/lib/python3.11/site-packages/airflow/example_dags/example_complex.py
[2024-11-17T03:01:55.793+0000] {logging_mixin.py:188} INFO - [2024-11-17T03:01:55.793+0000] {dag.py:3096} INFO - Sync 1 DAGs
[2024-11-17T03:01:55.803+0000] {logging_mixin.py:188} INFO - [2024-11-17T03:01:55.803+0000] {dag.py:3954} INFO - Setting next_dagrun for example_complex to None, run_after=None
[2024-11-17T03:01:55.821+0000] {processor.py:183} INFO - Processing /home/airflow/.local/lib/python3.11/site-packages/airflow/example_dags/example_complex.py took 0.070 seconds
[2024-11-17T03:02:25.931+0000] {processor.py:161} INFO - Started process (PID=6510) to work on /home/airflow/.local/lib/python3.11/site-packages/airflow/example_dags/example_complex.py
[2024-11-17T03:02:25.933+0000] {processor.py:830} INFO - Processing file /home/airflow/.local/lib/python3.11/site-packages/airflow/example_dags/example_complex.py for tasks to queue
[2024-11-17T03:02:25.935+0000] {logging_mixin.py:188} INFO - [2024-11-17T03:02:25.934+0000] {dagbag.py:545} INFO - Filling up the DagBag from /home/airflow/.local/lib/python3.11/site-packages/airflow/example_dags/example_complex.py
[2024-11-17T03:02:25.944+0000] {processor.py:840} INFO - DAG(s) 'example_complex' retrieved from /home/airflow/.local/lib/python3.11/site-packages/airflow/example_dags/example_complex.py
[2024-11-17T03:02:25.974+0000] {logging_mixin.py:188} INFO - [2024-11-17T03:02:25.974+0000] {dag.py:3096} INFO - Sync 1 DAGs
[2024-11-17T03:02:25.985+0000] {logging_mixin.py:188} INFO - [2024-11-17T03:02:25.985+0000] {dag.py:3954} INFO - Setting next_dagrun for example_complex to None, run_after=None
[2024-11-17T03:02:26.003+0000] {processor.py:183} INFO - Processing /home/airflow/.local/lib/python3.11/site-packages/airflow/example_dags/example_complex.py took 0.077 seconds
[2024-11-17T03:02:56.765+0000] {processor.py:161} INFO - Started process (PID=6776) to work on /home/airflow/.local/lib/python3.11/site-packages/airflow/example_dags/example_complex.py
[2024-11-17T03:02:56.765+0000] {processor.py:830} INFO - Processing file /home/airflow/.local/lib/python3.11/site-packages/airflow/example_dags/example_complex.py for tasks to queue
[2024-11-17T03:02:56.767+0000] {logging_mixin.py:188} INFO - [2024-11-17T03:02:56.767+0000] {dagbag.py:545} INFO - Filling up the DagBag from /home/airflow/.local/lib/python3.11/site-packages/airflow/example_dags/example_complex.py
[2024-11-17T03:02:56.776+0000] {processor.py:840} INFO - DAG(s) 'example_complex' retrieved from /home/airflow/.local/lib/python3.11/site-packages/airflow/example_dags/example_complex.py
[2024-11-17T03:02:56.801+0000] {logging_mixin.py:188} INFO - [2024-11-17T03:02:56.801+0000] {dag.py:3096} INFO - Sync 1 DAGs
[2024-11-17T03:02:56.811+0000] {logging_mixin.py:188} INFO - [2024-11-17T03:02:56.811+0000] {dag.py:3954} INFO - Setting next_dagrun for example_complex to None, run_after=None
[2024-11-17T03:02:56.827+0000] {processor.py:183} INFO - Processing /home/airflow/.local/lib/python3.11/site-packages/airflow/example_dags/example_complex.py took 0.067 seconds
[2024-11-17T03:03:27.103+0000] {processor.py:161} INFO - Started process (PID=7042) to work on /home/airflow/.local/lib/python3.11/site-packages/airflow/example_dags/example_complex.py
[2024-11-17T03:03:27.104+0000] {processor.py:830} INFO - Processing file /home/airflow/.local/lib/python3.11/site-packages/airflow/example_dags/example_complex.py for tasks to queue
[2024-11-17T03:03:27.106+0000] {logging_mixin.py:188} INFO - [2024-11-17T03:03:27.106+0000] {dagbag.py:545} INFO - Filling up the DagBag from /home/airflow/.local/lib/python3.11/site-packages/airflow/example_dags/example_complex.py
[2024-11-17T03:03:27.114+0000] {processor.py:840} INFO - DAG(s) 'example_complex' retrieved from /home/airflow/.local/lib/python3.11/site-packages/airflow/example_dags/example_complex.py
[2024-11-17T03:03:27.139+0000] {logging_mixin.py:188} INFO - [2024-11-17T03:03:27.139+0000] {dag.py:3096} INFO - Sync 1 DAGs
[2024-11-17T03:03:27.149+0000] {logging_mixin.py:188} INFO - [2024-11-17T03:03:27.149+0000] {dag.py:3954} INFO - Setting next_dagrun for example_complex to None, run_after=None
[2024-11-17T03:03:27.164+0000] {processor.py:183} INFO - Processing /home/airflow/.local/lib/python3.11/site-packages/airflow/example_dags/example_complex.py took 0.066 seconds
[2024-11-17T03:03:57.655+0000] {processor.py:161} INFO - Started process (PID=7308) to work on /home/airflow/.local/lib/python3.11/site-packages/airflow/example_dags/example_complex.py
[2024-11-17T03:03:57.657+0000] {processor.py:830} INFO - Processing file /home/airflow/.local/lib/python3.11/site-packages/airflow/example_dags/example_complex.py for tasks to queue
[2024-11-17T03:03:57.659+0000] {logging_mixin.py:188} INFO - [2024-11-17T03:03:57.659+0000] {dagbag.py:545} INFO - Filling up the DagBag from /home/airflow/.local/lib/python3.11/site-packages/airflow/example_dags/example_complex.py
[2024-11-17T03:03:57.673+0000] {processor.py:840} INFO - DAG(s) 'example_complex' retrieved from /home/airflow/.local/lib/python3.11/site-packages/airflow/example_dags/example_complex.py
[2024-11-17T03:03:57.712+0000] {logging_mixin.py:188} INFO - [2024-11-17T03:03:57.711+0000] {dag.py:3096} INFO - Sync 1 DAGs
[2024-11-17T03:03:57.728+0000] {logging_mixin.py:188} INFO - [2024-11-17T03:03:57.727+0000] {dag.py:3954} INFO - Setting next_dagrun for example_complex to None, run_after=None
[2024-11-17T03:03:57.750+0000] {processor.py:183} INFO - Processing /home/airflow/.local/lib/python3.11/site-packages/airflow/example_dags/example_complex.py took 0.103 seconds
[2024-11-17T03:04:28.451+0000] {processor.py:161} INFO - Started process (PID=7574) to work on /home/airflow/.local/lib/python3.11/site-packages/airflow/example_dags/example_complex.py
[2024-11-17T03:04:28.452+0000] {processor.py:830} INFO - Processing file /home/airflow/.local/lib/python3.11/site-packages/airflow/example_dags/example_complex.py for tasks to queue
[2024-11-17T03:04:28.454+0000] {logging_mixin.py:188} INFO - [2024-11-17T03:04:28.454+0000] {dagbag.py:545} INFO - Filling up the DagBag from /home/airflow/.local/lib/python3.11/site-packages/airflow/example_dags/example_complex.py
[2024-11-17T03:04:28.462+0000] {processor.py:840} INFO - DAG(s) 'example_complex' retrieved from /home/airflow/.local/lib/python3.11/site-packages/airflow/example_dags/example_complex.py
[2024-11-17T03:04:28.488+0000] {logging_mixin.py:188} INFO - [2024-11-17T03:04:28.488+0000] {dag.py:3096} INFO - Sync 1 DAGs
[2024-11-17T03:04:28.498+0000] {logging_mixin.py:188} INFO - [2024-11-17T03:04:28.498+0000] {dag.py:3954} INFO - Setting next_dagrun for example_complex to None, run_after=None
[2024-11-17T03:04:28.516+0000] {processor.py:183} INFO - Processing /home/airflow/.local/lib/python3.11/site-packages/airflow/example_dags/example_complex.py took 0.069 seconds
[2024-11-17T03:04:59.375+0000] {processor.py:161} INFO - Started process (PID=7838) to work on /home/airflow/.local/lib/python3.11/site-packages/airflow/example_dags/example_complex.py
[2024-11-17T03:04:59.376+0000] {processor.py:830} INFO - Processing file /home/airflow/.local/lib/python3.11/site-packages/airflow/example_dags/example_complex.py for tasks to queue
[2024-11-17T03:04:59.377+0000] {logging_mixin.py:188} INFO - [2024-11-17T03:04:59.377+0000] {dagbag.py:545} INFO - Filling up the DagBag from /home/airflow/.local/lib/python3.11/site-packages/airflow/example_dags/example_complex.py
[2024-11-17T03:04:59.386+0000] {processor.py:840} INFO - DAG(s) 'example_complex' retrieved from /home/airflow/.local/lib/python3.11/site-packages/airflow/example_dags/example_complex.py
[2024-11-17T03:04:59.414+0000] {logging_mixin.py:188} INFO - [2024-11-17T03:04:59.413+0000] {dag.py:3096} INFO - Sync 1 DAGs
[2024-11-17T03:04:59.426+0000] {logging_mixin.py:188} INFO - [2024-11-17T03:04:59.426+0000] {dag.py:3954} INFO - Setting next_dagrun for example_complex to None, run_after=None
[2024-11-17T03:04:59.447+0000] {processor.py:183} INFO - Processing /home/airflow/.local/lib/python3.11/site-packages/airflow/example_dags/example_complex.py took 0.077 seconds
[2024-11-17T03:05:29.732+0000] {processor.py:161} INFO - Started process (PID=8106) to work on /home/airflow/.local/lib/python3.11/site-packages/airflow/example_dags/example_complex.py
[2024-11-17T03:05:29.732+0000] {processor.py:830} INFO - Processing file /home/airflow/.local/lib/python3.11/site-packages/airflow/example_dags/example_complex.py for tasks to queue
[2024-11-17T03:05:29.734+0000] {logging_mixin.py:188} INFO - [2024-11-17T03:05:29.734+0000] {dagbag.py:545} INFO - Filling up the DagBag from /home/airflow/.local/lib/python3.11/site-packages/airflow/example_dags/example_complex.py
[2024-11-17T03:05:29.744+0000] {processor.py:840} INFO - DAG(s) 'example_complex' retrieved from /home/airflow/.local/lib/python3.11/site-packages/airflow/example_dags/example_complex.py
[2024-11-17T03:05:29.771+0000] {logging_mixin.py:188} INFO - [2024-11-17T03:05:29.770+0000] {dag.py:3096} INFO - Sync 1 DAGs
[2024-11-17T03:05:29.780+0000] {logging_mixin.py:188} INFO - [2024-11-17T03:05:29.780+0000] {dag.py:3954} INFO - Setting next_dagrun for example_complex to None, run_after=None
[2024-11-17T03:05:29.796+0000] {processor.py:183} INFO - Processing /home/airflow/.local/lib/python3.11/site-packages/airflow/example_dags/example_complex.py took 0.069 seconds
