[2024-11-17T02:50:40.460+0000] {processor.py:161} INFO - Started process (PID=260) to work on /home/airflow/.local/lib/python3.11/site-packages/airflow/example_dags/example_bash_operator.py
[2024-11-17T02:50:40.462+0000] {processor.py:830} INFO - Processing file /home/airflow/.local/lib/python3.11/site-packages/airflow/example_dags/example_bash_operator.py for tasks to queue
[2024-11-17T02:50:40.466+0000] {logging_mixin.py:188} INFO - [2024-11-17T02:50:40.465+0000] {dagbag.py:545} INFO - Filling up the DagBag from /home/airflow/.local/lib/python3.11/site-packages/airflow/example_dags/example_bash_operator.py
[2024-11-17T02:50:40.481+0000] {processor.py:840} INFO - DAG(s) 'example_bash_operator' retrieved from /home/airflow/.local/lib/python3.11/site-packages/airflow/example_dags/example_bash_operator.py
[2024-11-17T02:50:40.493+0000] {logging_mixin.py:188} INFO - [2024-11-17T02:50:40.493+0000] {dag.py:3096} INFO - Sync 1 DAGs
[2024-11-17T02:50:40.520+0000] {logging_mixin.py:188} INFO - [2024-11-17T02:50:40.520+0000] {dag.py:3954} INFO - Setting next_dagrun for example_bash_operator to 2024-11-16 00:00:00+00:00, run_after=2024-11-17 00:00:00+00:00
[2024-11-17T02:50:40.543+0000] {processor.py:183} INFO - Processing /home/airflow/.local/lib/python3.11/site-packages/airflow/example_dags/example_bash_operator.py took 0.091 seconds
[2024-11-17T02:51:12.415+0000] {processor.py:161} INFO - Started process (PID=526) to work on /home/airflow/.local/lib/python3.11/site-packages/airflow/example_dags/example_bash_operator.py
[2024-11-17T02:51:12.416+0000] {processor.py:830} INFO - Processing file /home/airflow/.local/lib/python3.11/site-packages/airflow/example_dags/example_bash_operator.py for tasks to queue
[2024-11-17T02:51:12.418+0000] {logging_mixin.py:188} INFO - [2024-11-17T02:51:12.418+0000] {dagbag.py:545} INFO - Filling up the DagBag from /home/airflow/.local/lib/python3.11/site-packages/airflow/example_dags/example_bash_operator.py
[2024-11-17T02:51:12.430+0000] {processor.py:840} INFO - DAG(s) 'example_bash_operator' retrieved from /home/airflow/.local/lib/python3.11/site-packages/airflow/example_dags/example_bash_operator.py
[2024-11-17T02:51:12.533+0000] {logging_mixin.py:188} INFO - [2024-11-17T02:51:12.533+0000] {dag.py:3096} INFO - Sync 1 DAGs
[2024-11-17T02:51:12.551+0000] {logging_mixin.py:188} INFO - [2024-11-17T02:51:12.551+0000] {dag.py:3954} INFO - Setting next_dagrun for example_bash_operator to 2024-11-16 00:00:00+00:00, run_after=2024-11-17 00:00:00+00:00
[2024-11-17T02:51:12.568+0000] {processor.py:183} INFO - Processing /home/airflow/.local/lib/python3.11/site-packages/airflow/example_dags/example_bash_operator.py took 0.159 seconds
[2024-11-17T02:51:43.186+0000] {processor.py:161} INFO - Started process (PID=792) to work on /home/airflow/.local/lib/python3.11/site-packages/airflow/example_dags/example_bash_operator.py
[2024-11-17T02:51:43.187+0000] {processor.py:830} INFO - Processing file /home/airflow/.local/lib/python3.11/site-packages/airflow/example_dags/example_bash_operator.py for tasks to queue
[2024-11-17T02:51:43.189+0000] {logging_mixin.py:188} INFO - [2024-11-17T02:51:43.188+0000] {dagbag.py:545} INFO - Filling up the DagBag from /home/airflow/.local/lib/python3.11/site-packages/airflow/example_dags/example_bash_operator.py
[2024-11-17T02:51:43.198+0000] {processor.py:840} INFO - DAG(s) 'example_bash_operator' retrieved from /home/airflow/.local/lib/python3.11/site-packages/airflow/example_dags/example_bash_operator.py
[2024-11-17T02:51:43.221+0000] {logging_mixin.py:188} INFO - [2024-11-17T02:51:43.221+0000] {dag.py:3096} INFO - Sync 1 DAGs
[2024-11-17T02:51:43.238+0000] {logging_mixin.py:188} INFO - [2024-11-17T02:51:43.238+0000] {dag.py:3954} INFO - Setting next_dagrun for example_bash_operator to 2024-11-16 00:00:00+00:00, run_after=2024-11-17 00:00:00+00:00
[2024-11-17T02:51:43.254+0000] {processor.py:183} INFO - Processing /home/airflow/.local/lib/python3.11/site-packages/airflow/example_dags/example_bash_operator.py took 0.073 seconds
[2024-11-17T02:52:13.375+0000] {processor.py:161} INFO - Started process (PID=1058) to work on /home/airflow/.local/lib/python3.11/site-packages/airflow/example_dags/example_bash_operator.py
[2024-11-17T02:52:13.376+0000] {processor.py:830} INFO - Processing file /home/airflow/.local/lib/python3.11/site-packages/airflow/example_dags/example_bash_operator.py for tasks to queue
[2024-11-17T02:52:13.377+0000] {logging_mixin.py:188} INFO - [2024-11-17T02:52:13.377+0000] {dagbag.py:545} INFO - Filling up the DagBag from /home/airflow/.local/lib/python3.11/site-packages/airflow/example_dags/example_bash_operator.py
[2024-11-17T02:52:13.387+0000] {processor.py:840} INFO - DAG(s) 'example_bash_operator' retrieved from /home/airflow/.local/lib/python3.11/site-packages/airflow/example_dags/example_bash_operator.py
[2024-11-17T02:52:13.409+0000] {logging_mixin.py:188} INFO - [2024-11-17T02:52:13.409+0000] {dag.py:3096} INFO - Sync 1 DAGs
[2024-11-17T02:52:13.430+0000] {logging_mixin.py:188} INFO - [2024-11-17T02:52:13.430+0000] {dag.py:3954} INFO - Setting next_dagrun for example_bash_operator to 2024-11-16 00:00:00+00:00, run_after=2024-11-17 00:00:00+00:00
[2024-11-17T02:52:13.447+0000] {processor.py:183} INFO - Processing /home/airflow/.local/lib/python3.11/site-packages/airflow/example_dags/example_bash_operator.py took 0.078 seconds
[2024-11-17T02:52:44.496+0000] {processor.py:161} INFO - Started process (PID=1326) to work on /home/airflow/.local/lib/python3.11/site-packages/airflow/example_dags/example_bash_operator.py
[2024-11-17T02:52:44.497+0000] {processor.py:830} INFO - Processing file /home/airflow/.local/lib/python3.11/site-packages/airflow/example_dags/example_bash_operator.py for tasks to queue
[2024-11-17T02:52:44.499+0000] {logging_mixin.py:188} INFO - [2024-11-17T02:52:44.499+0000] {dagbag.py:545} INFO - Filling up the DagBag from /home/airflow/.local/lib/python3.11/site-packages/airflow/example_dags/example_bash_operator.py
[2024-11-17T02:52:44.509+0000] {processor.py:840} INFO - DAG(s) 'example_bash_operator' retrieved from /home/airflow/.local/lib/python3.11/site-packages/airflow/example_dags/example_bash_operator.py
[2024-11-17T02:52:44.532+0000] {logging_mixin.py:188} INFO - [2024-11-17T02:52:44.532+0000] {dag.py:3096} INFO - Sync 1 DAGs
[2024-11-17T02:52:44.552+0000] {logging_mixin.py:188} INFO - [2024-11-17T02:52:44.552+0000] {dag.py:3954} INFO - Setting next_dagrun for example_bash_operator to 2024-11-16 00:00:00+00:00, run_after=2024-11-17 00:00:00+00:00
[2024-11-17T02:52:44.569+0000] {processor.py:183} INFO - Processing /home/airflow/.local/lib/python3.11/site-packages/airflow/example_dags/example_bash_operator.py took 0.078 seconds
[2024-11-17T02:53:15.623+0000] {processor.py:161} INFO - Started process (PID=1592) to work on /home/airflow/.local/lib/python3.11/site-packages/airflow/example_dags/example_bash_operator.py
[2024-11-17T02:53:15.624+0000] {processor.py:830} INFO - Processing file /home/airflow/.local/lib/python3.11/site-packages/airflow/example_dags/example_bash_operator.py for tasks to queue
[2024-11-17T02:53:15.626+0000] {logging_mixin.py:188} INFO - [2024-11-17T02:53:15.626+0000] {dagbag.py:545} INFO - Filling up the DagBag from /home/airflow/.local/lib/python3.11/site-packages/airflow/example_dags/example_bash_operator.py
[2024-11-17T02:53:15.636+0000] {processor.py:840} INFO - DAG(s) 'example_bash_operator' retrieved from /home/airflow/.local/lib/python3.11/site-packages/airflow/example_dags/example_bash_operator.py
[2024-11-17T02:53:15.661+0000] {logging_mixin.py:188} INFO - [2024-11-17T02:53:15.661+0000] {dag.py:3096} INFO - Sync 1 DAGs
[2024-11-17T02:53:15.685+0000] {logging_mixin.py:188} INFO - [2024-11-17T02:53:15.685+0000] {dag.py:3954} INFO - Setting next_dagrun for example_bash_operator to 2024-11-16 00:00:00+00:00, run_after=2024-11-17 00:00:00+00:00
[2024-11-17T02:53:15.706+0000] {processor.py:183} INFO - Processing /home/airflow/.local/lib/python3.11/site-packages/airflow/example_dags/example_bash_operator.py took 0.088 seconds
[2024-11-17T02:53:45.968+0000] {processor.py:161} INFO - Started process (PID=1856) to work on /home/airflow/.local/lib/python3.11/site-packages/airflow/example_dags/example_bash_operator.py
[2024-11-17T02:53:45.969+0000] {processor.py:830} INFO - Processing file /home/airflow/.local/lib/python3.11/site-packages/airflow/example_dags/example_bash_operator.py for tasks to queue
[2024-11-17T02:53:45.971+0000] {logging_mixin.py:188} INFO - [2024-11-17T02:53:45.971+0000] {dagbag.py:545} INFO - Filling up the DagBag from /home/airflow/.local/lib/python3.11/site-packages/airflow/example_dags/example_bash_operator.py
[2024-11-17T02:53:45.981+0000] {processor.py:840} INFO - DAG(s) 'example_bash_operator' retrieved from /home/airflow/.local/lib/python3.11/site-packages/airflow/example_dags/example_bash_operator.py
[2024-11-17T02:53:46.004+0000] {logging_mixin.py:188} INFO - [2024-11-17T02:53:46.004+0000] {dag.py:3096} INFO - Sync 1 DAGs
[2024-11-17T02:53:46.022+0000] {logging_mixin.py:188} INFO - [2024-11-17T02:53:46.022+0000] {dag.py:3954} INFO - Setting next_dagrun for example_bash_operator to 2024-11-16 00:00:00+00:00, run_after=2024-11-17 00:00:00+00:00
[2024-11-17T02:53:46.038+0000] {processor.py:183} INFO - Processing /home/airflow/.local/lib/python3.11/site-packages/airflow/example_dags/example_bash_operator.py took 0.075 seconds
[2024-11-17T02:54:17.019+0000] {processor.py:161} INFO - Started process (PID=2122) to work on /home/airflow/.local/lib/python3.11/site-packages/airflow/example_dags/example_bash_operator.py
[2024-11-17T02:54:17.020+0000] {processor.py:830} INFO - Processing file /home/airflow/.local/lib/python3.11/site-packages/airflow/example_dags/example_bash_operator.py for tasks to queue
[2024-11-17T02:54:17.022+0000] {logging_mixin.py:188} INFO - [2024-11-17T02:54:17.022+0000] {dagbag.py:545} INFO - Filling up the DagBag from /home/airflow/.local/lib/python3.11/site-packages/airflow/example_dags/example_bash_operator.py
[2024-11-17T02:54:17.032+0000] {processor.py:840} INFO - DAG(s) 'example_bash_operator' retrieved from /home/airflow/.local/lib/python3.11/site-packages/airflow/example_dags/example_bash_operator.py
[2024-11-17T02:54:17.057+0000] {logging_mixin.py:188} INFO - [2024-11-17T02:54:17.057+0000] {dag.py:3096} INFO - Sync 1 DAGs
[2024-11-17T02:54:17.075+0000] {logging_mixin.py:188} INFO - [2024-11-17T02:54:17.075+0000] {dag.py:3954} INFO - Setting next_dagrun for example_bash_operator to 2024-11-16 00:00:00+00:00, run_after=2024-11-17 00:00:00+00:00
[2024-11-17T02:54:17.093+0000] {processor.py:183} INFO - Processing /home/airflow/.local/lib/python3.11/site-packages/airflow/example_dags/example_bash_operator.py took 0.079 seconds
[2024-11-17T02:54:47.977+0000] {processor.py:161} INFO - Started process (PID=2390) to work on /home/airflow/.local/lib/python3.11/site-packages/airflow/example_dags/example_bash_operator.py
[2024-11-17T02:54:47.978+0000] {processor.py:830} INFO - Processing file /home/airflow/.local/lib/python3.11/site-packages/airflow/example_dags/example_bash_operator.py for tasks to queue
[2024-11-17T02:54:47.980+0000] {logging_mixin.py:188} INFO - [2024-11-17T02:54:47.979+0000] {dagbag.py:545} INFO - Filling up the DagBag from /home/airflow/.local/lib/python3.11/site-packages/airflow/example_dags/example_bash_operator.py
[2024-11-17T02:54:47.991+0000] {processor.py:840} INFO - DAG(s) 'example_bash_operator' retrieved from /home/airflow/.local/lib/python3.11/site-packages/airflow/example_dags/example_bash_operator.py
[2024-11-17T02:54:48.017+0000] {logging_mixin.py:188} INFO - [2024-11-17T02:54:48.017+0000] {dag.py:3096} INFO - Sync 1 DAGs
[2024-11-17T02:54:48.038+0000] {logging_mixin.py:188} INFO - [2024-11-17T02:54:48.037+0000] {dag.py:3954} INFO - Setting next_dagrun for example_bash_operator to 2024-11-16 00:00:00+00:00, run_after=2024-11-17 00:00:00+00:00
[2024-11-17T02:54:48.056+0000] {processor.py:183} INFO - Processing /home/airflow/.local/lib/python3.11/site-packages/airflow/example_dags/example_bash_operator.py took 0.085 seconds
[2024-11-17T02:55:18.931+0000] {processor.py:161} INFO - Started process (PID=2656) to work on /home/airflow/.local/lib/python3.11/site-packages/airflow/example_dags/example_bash_operator.py
[2024-11-17T02:55:18.932+0000] {processor.py:830} INFO - Processing file /home/airflow/.local/lib/python3.11/site-packages/airflow/example_dags/example_bash_operator.py for tasks to queue
[2024-11-17T02:55:18.934+0000] {logging_mixin.py:188} INFO - [2024-11-17T02:55:18.933+0000] {dagbag.py:545} INFO - Filling up the DagBag from /home/airflow/.local/lib/python3.11/site-packages/airflow/example_dags/example_bash_operator.py
[2024-11-17T02:55:18.943+0000] {processor.py:840} INFO - DAG(s) 'example_bash_operator' retrieved from /home/airflow/.local/lib/python3.11/site-packages/airflow/example_dags/example_bash_operator.py
[2024-11-17T02:55:18.967+0000] {logging_mixin.py:188} INFO - [2024-11-17T02:55:18.967+0000] {dag.py:3096} INFO - Sync 1 DAGs
[2024-11-17T02:55:18.988+0000] {logging_mixin.py:188} INFO - [2024-11-17T02:55:18.988+0000] {dag.py:3954} INFO - Setting next_dagrun for example_bash_operator to 2024-11-16 00:00:00+00:00, run_after=2024-11-17 00:00:00+00:00
[2024-11-17T02:55:19.005+0000] {processor.py:183} INFO - Processing /home/airflow/.local/lib/python3.11/site-packages/airflow/example_dags/example_bash_operator.py took 0.079 seconds
[2024-11-17T02:55:49.730+0000] {processor.py:161} INFO - Started process (PID=2922) to work on /home/airflow/.local/lib/python3.11/site-packages/airflow/example_dags/example_bash_operator.py
[2024-11-17T02:55:49.731+0000] {processor.py:830} INFO - Processing file /home/airflow/.local/lib/python3.11/site-packages/airflow/example_dags/example_bash_operator.py for tasks to queue
[2024-11-17T02:55:49.733+0000] {logging_mixin.py:188} INFO - [2024-11-17T02:55:49.733+0000] {dagbag.py:545} INFO - Filling up the DagBag from /home/airflow/.local/lib/python3.11/site-packages/airflow/example_dags/example_bash_operator.py
[2024-11-17T02:55:49.742+0000] {processor.py:840} INFO - DAG(s) 'example_bash_operator' retrieved from /home/airflow/.local/lib/python3.11/site-packages/airflow/example_dags/example_bash_operator.py
[2024-11-17T02:55:49.766+0000] {logging_mixin.py:188} INFO - [2024-11-17T02:55:49.766+0000] {dag.py:3096} INFO - Sync 1 DAGs
[2024-11-17T02:55:49.784+0000] {logging_mixin.py:188} INFO - [2024-11-17T02:55:49.784+0000] {dag.py:3954} INFO - Setting next_dagrun for example_bash_operator to 2024-11-16 00:00:00+00:00, run_after=2024-11-17 00:00:00+00:00
[2024-11-17T02:55:49.801+0000] {processor.py:183} INFO - Processing /home/airflow/.local/lib/python3.11/site-packages/airflow/example_dags/example_bash_operator.py took 0.076 seconds
[2024-11-17T02:56:19.896+0000] {processor.py:161} INFO - Started process (PID=3186) to work on /home/airflow/.local/lib/python3.11/site-packages/airflow/example_dags/example_bash_operator.py
[2024-11-17T02:56:19.897+0000] {processor.py:830} INFO - Processing file /home/airflow/.local/lib/python3.11/site-packages/airflow/example_dags/example_bash_operator.py for tasks to queue
[2024-11-17T02:56:19.899+0000] {logging_mixin.py:188} INFO - [2024-11-17T02:56:19.898+0000] {dagbag.py:545} INFO - Filling up the DagBag from /home/airflow/.local/lib/python3.11/site-packages/airflow/example_dags/example_bash_operator.py
[2024-11-17T02:56:19.908+0000] {processor.py:840} INFO - DAG(s) 'example_bash_operator' retrieved from /home/airflow/.local/lib/python3.11/site-packages/airflow/example_dags/example_bash_operator.py
[2024-11-17T02:56:19.931+0000] {logging_mixin.py:188} INFO - [2024-11-17T02:56:19.930+0000] {dag.py:3096} INFO - Sync 1 DAGs
[2024-11-17T02:56:19.949+0000] {logging_mixin.py:188} INFO - [2024-11-17T02:56:19.948+0000] {dag.py:3954} INFO - Setting next_dagrun for example_bash_operator to 2024-11-16 00:00:00+00:00, run_after=2024-11-17 00:00:00+00:00
[2024-11-17T02:56:19.965+0000] {processor.py:183} INFO - Processing /home/airflow/.local/lib/python3.11/site-packages/airflow/example_dags/example_bash_operator.py took 0.074 seconds
[2024-11-17T02:56:50.269+0000] {processor.py:161} INFO - Started process (PID=3454) to work on /home/airflow/.local/lib/python3.11/site-packages/airflow/example_dags/example_bash_operator.py
[2024-11-17T02:56:50.270+0000] {processor.py:830} INFO - Processing file /home/airflow/.local/lib/python3.11/site-packages/airflow/example_dags/example_bash_operator.py for tasks to queue
[2024-11-17T02:56:50.272+0000] {logging_mixin.py:188} INFO - [2024-11-17T02:56:50.272+0000] {dagbag.py:545} INFO - Filling up the DagBag from /home/airflow/.local/lib/python3.11/site-packages/airflow/example_dags/example_bash_operator.py
[2024-11-17T02:56:50.281+0000] {processor.py:840} INFO - DAG(s) 'example_bash_operator' retrieved from /home/airflow/.local/lib/python3.11/site-packages/airflow/example_dags/example_bash_operator.py
[2024-11-17T02:56:50.306+0000] {logging_mixin.py:188} INFO - [2024-11-17T02:56:50.305+0000] {dag.py:3096} INFO - Sync 1 DAGs
[2024-11-17T02:56:50.324+0000] {logging_mixin.py:188} INFO - [2024-11-17T02:56:50.324+0000] {dag.py:3954} INFO - Setting next_dagrun for example_bash_operator to 2024-11-16 00:00:00+00:00, run_after=2024-11-17 00:00:00+00:00
[2024-11-17T02:56:50.342+0000] {processor.py:183} INFO - Processing /home/airflow/.local/lib/python3.11/site-packages/airflow/example_dags/example_bash_operator.py took 0.079 seconds
[2024-11-17T02:57:20.435+0000] {processor.py:161} INFO - Started process (PID=3718) to work on /home/airflow/.local/lib/python3.11/site-packages/airflow/example_dags/example_bash_operator.py
[2024-11-17T02:57:20.436+0000] {processor.py:830} INFO - Processing file /home/airflow/.local/lib/python3.11/site-packages/airflow/example_dags/example_bash_operator.py for tasks to queue
[2024-11-17T02:57:20.438+0000] {logging_mixin.py:188} INFO - [2024-11-17T02:57:20.437+0000] {dagbag.py:545} INFO - Filling up the DagBag from /home/airflow/.local/lib/python3.11/site-packages/airflow/example_dags/example_bash_operator.py
[2024-11-17T02:57:20.447+0000] {processor.py:840} INFO - DAG(s) 'example_bash_operator' retrieved from /home/airflow/.local/lib/python3.11/site-packages/airflow/example_dags/example_bash_operator.py
[2024-11-17T02:57:20.472+0000] {logging_mixin.py:188} INFO - [2024-11-17T02:57:20.472+0000] {dag.py:3096} INFO - Sync 1 DAGs
[2024-11-17T02:57:20.490+0000] {logging_mixin.py:188} INFO - [2024-11-17T02:57:20.490+0000] {dag.py:3954} INFO - Setting next_dagrun for example_bash_operator to 2024-11-16 00:00:00+00:00, run_after=2024-11-17 00:00:00+00:00
[2024-11-17T02:57:20.508+0000] {processor.py:183} INFO - Processing /home/airflow/.local/lib/python3.11/site-packages/airflow/example_dags/example_bash_operator.py took 0.079 seconds
[2024-11-17T02:57:50.881+0000] {processor.py:161} INFO - Started process (PID=3986) to work on /home/airflow/.local/lib/python3.11/site-packages/airflow/example_dags/example_bash_operator.py
[2024-11-17T02:57:50.882+0000] {processor.py:830} INFO - Processing file /home/airflow/.local/lib/python3.11/site-packages/airflow/example_dags/example_bash_operator.py for tasks to queue
[2024-11-17T02:57:50.884+0000] {logging_mixin.py:188} INFO - [2024-11-17T02:57:50.883+0000] {dagbag.py:545} INFO - Filling up the DagBag from /home/airflow/.local/lib/python3.11/site-packages/airflow/example_dags/example_bash_operator.py
[2024-11-17T02:57:50.893+0000] {processor.py:840} INFO - DAG(s) 'example_bash_operator' retrieved from /home/airflow/.local/lib/python3.11/site-packages/airflow/example_dags/example_bash_operator.py
[2024-11-17T02:57:50.916+0000] {logging_mixin.py:188} INFO - [2024-11-17T02:57:50.916+0000] {dag.py:3096} INFO - Sync 1 DAGs
[2024-11-17T02:57:50.933+0000] {logging_mixin.py:188} INFO - [2024-11-17T02:57:50.933+0000] {dag.py:3954} INFO - Setting next_dagrun for example_bash_operator to 2024-11-16 00:00:00+00:00, run_after=2024-11-17 00:00:00+00:00
[2024-11-17T02:57:50.950+0000] {processor.py:183} INFO - Processing /home/airflow/.local/lib/python3.11/site-packages/airflow/example_dags/example_bash_operator.py took 0.074 seconds
[2024-11-17T02:58:21.100+0000] {processor.py:161} INFO - Started process (PID=4252) to work on /home/airflow/.local/lib/python3.11/site-packages/airflow/example_dags/example_bash_operator.py
[2024-11-17T02:58:21.101+0000] {processor.py:830} INFO - Processing file /home/airflow/.local/lib/python3.11/site-packages/airflow/example_dags/example_bash_operator.py for tasks to queue
[2024-11-17T02:58:21.103+0000] {logging_mixin.py:188} INFO - [2024-11-17T02:58:21.103+0000] {dagbag.py:545} INFO - Filling up the DagBag from /home/airflow/.local/lib/python3.11/site-packages/airflow/example_dags/example_bash_operator.py
[2024-11-17T02:58:21.114+0000] {processor.py:840} INFO - DAG(s) 'example_bash_operator' retrieved from /home/airflow/.local/lib/python3.11/site-packages/airflow/example_dags/example_bash_operator.py
[2024-11-17T02:58:21.138+0000] {logging_mixin.py:188} INFO - [2024-11-17T02:58:21.137+0000] {dag.py:3096} INFO - Sync 1 DAGs
[2024-11-17T02:58:21.157+0000] {logging_mixin.py:188} INFO - [2024-11-17T02:58:21.157+0000] {dag.py:3954} INFO - Setting next_dagrun for example_bash_operator to 2024-11-16 00:00:00+00:00, run_after=2024-11-17 00:00:00+00:00
[2024-11-17T02:58:21.177+0000] {processor.py:183} INFO - Processing /home/airflow/.local/lib/python3.11/site-packages/airflow/example_dags/example_bash_operator.py took 0.084 seconds
[2024-11-17T02:58:51.296+0000] {processor.py:161} INFO - Started process (PID=4518) to work on /home/airflow/.local/lib/python3.11/site-packages/airflow/example_dags/example_bash_operator.py
[2024-11-17T02:58:51.297+0000] {processor.py:830} INFO - Processing file /home/airflow/.local/lib/python3.11/site-packages/airflow/example_dags/example_bash_operator.py for tasks to queue
[2024-11-17T02:58:51.298+0000] {logging_mixin.py:188} INFO - [2024-11-17T02:58:51.298+0000] {dagbag.py:545} INFO - Filling up the DagBag from /home/airflow/.local/lib/python3.11/site-packages/airflow/example_dags/example_bash_operator.py
[2024-11-17T02:58:51.307+0000] {processor.py:840} INFO - DAG(s) 'example_bash_operator' retrieved from /home/airflow/.local/lib/python3.11/site-packages/airflow/example_dags/example_bash_operator.py
[2024-11-17T02:58:51.331+0000] {logging_mixin.py:188} INFO - [2024-11-17T02:58:51.331+0000] {dag.py:3096} INFO - Sync 1 DAGs
[2024-11-17T02:58:51.349+0000] {logging_mixin.py:188} INFO - [2024-11-17T02:58:51.348+0000] {dag.py:3954} INFO - Setting next_dagrun for example_bash_operator to 2024-11-16 00:00:00+00:00, run_after=2024-11-17 00:00:00+00:00
[2024-11-17T02:58:51.364+0000] {processor.py:183} INFO - Processing /home/airflow/.local/lib/python3.11/site-packages/airflow/example_dags/example_bash_operator.py took 0.073 seconds
[2024-11-17T02:59:21.797+0000] {processor.py:161} INFO - Started process (PID=4784) to work on /home/airflow/.local/lib/python3.11/site-packages/airflow/example_dags/example_bash_operator.py
[2024-11-17T02:59:21.798+0000] {processor.py:830} INFO - Processing file /home/airflow/.local/lib/python3.11/site-packages/airflow/example_dags/example_bash_operator.py for tasks to queue
[2024-11-17T02:59:21.800+0000] {logging_mixin.py:188} INFO - [2024-11-17T02:59:21.799+0000] {dagbag.py:545} INFO - Filling up the DagBag from /home/airflow/.local/lib/python3.11/site-packages/airflow/example_dags/example_bash_operator.py
[2024-11-17T02:59:21.810+0000] {processor.py:840} INFO - DAG(s) 'example_bash_operator' retrieved from /home/airflow/.local/lib/python3.11/site-packages/airflow/example_dags/example_bash_operator.py
[2024-11-17T02:59:21.833+0000] {logging_mixin.py:188} INFO - [2024-11-17T02:59:21.832+0000] {dag.py:3096} INFO - Sync 1 DAGs
[2024-11-17T02:59:21.851+0000] {logging_mixin.py:188} INFO - [2024-11-17T02:59:21.851+0000] {dag.py:3954} INFO - Setting next_dagrun for example_bash_operator to 2024-11-16 00:00:00+00:00, run_after=2024-11-17 00:00:00+00:00
[2024-11-17T02:59:21.867+0000] {processor.py:183} INFO - Processing /home/airflow/.local/lib/python3.11/site-packages/airflow/example_dags/example_bash_operator.py took 0.076 seconds
[2024-11-17T02:59:51.928+0000] {processor.py:161} INFO - Started process (PID=5048) to work on /home/airflow/.local/lib/python3.11/site-packages/airflow/example_dags/example_bash_operator.py
[2024-11-17T02:59:51.929+0000] {processor.py:830} INFO - Processing file /home/airflow/.local/lib/python3.11/site-packages/airflow/example_dags/example_bash_operator.py for tasks to queue
[2024-11-17T02:59:51.931+0000] {logging_mixin.py:188} INFO - [2024-11-17T02:59:51.931+0000] {dagbag.py:545} INFO - Filling up the DagBag from /home/airflow/.local/lib/python3.11/site-packages/airflow/example_dags/example_bash_operator.py
[2024-11-17T02:59:51.940+0000] {processor.py:840} INFO - DAG(s) 'example_bash_operator' retrieved from /home/airflow/.local/lib/python3.11/site-packages/airflow/example_dags/example_bash_operator.py
[2024-11-17T02:59:51.963+0000] {logging_mixin.py:188} INFO - [2024-11-17T02:59:51.962+0000] {dag.py:3096} INFO - Sync 1 DAGs
[2024-11-17T02:59:51.980+0000] {logging_mixin.py:188} INFO - [2024-11-17T02:59:51.980+0000] {dag.py:3954} INFO - Setting next_dagrun for example_bash_operator to 2024-11-16 00:00:00+00:00, run_after=2024-11-17 00:00:00+00:00
[2024-11-17T02:59:51.996+0000] {processor.py:183} INFO - Processing /home/airflow/.local/lib/python3.11/site-packages/airflow/example_dags/example_bash_operator.py took 0.073 seconds
[2024-11-17T03:00:22.232+0000] {processor.py:161} INFO - Started process (PID=5316) to work on /home/airflow/.local/lib/python3.11/site-packages/airflow/example_dags/example_bash_operator.py
[2024-11-17T03:00:22.233+0000] {processor.py:830} INFO - Processing file /home/airflow/.local/lib/python3.11/site-packages/airflow/example_dags/example_bash_operator.py for tasks to queue
[2024-11-17T03:00:22.235+0000] {logging_mixin.py:188} INFO - [2024-11-17T03:00:22.234+0000] {dagbag.py:545} INFO - Filling up the DagBag from /home/airflow/.local/lib/python3.11/site-packages/airflow/example_dags/example_bash_operator.py
[2024-11-17T03:00:22.244+0000] {processor.py:840} INFO - DAG(s) 'example_bash_operator' retrieved from /home/airflow/.local/lib/python3.11/site-packages/airflow/example_dags/example_bash_operator.py
[2024-11-17T03:00:22.265+0000] {logging_mixin.py:188} INFO - [2024-11-17T03:00:22.265+0000] {dag.py:3096} INFO - Sync 1 DAGs
[2024-11-17T03:00:22.282+0000] {logging_mixin.py:188} INFO - [2024-11-17T03:00:22.282+0000] {dag.py:3954} INFO - Setting next_dagrun for example_bash_operator to 2024-11-16 00:00:00+00:00, run_after=2024-11-17 00:00:00+00:00
[2024-11-17T03:00:22.298+0000] {processor.py:183} INFO - Processing /home/airflow/.local/lib/python3.11/site-packages/airflow/example_dags/example_bash_operator.py took 0.072 seconds
[2024-11-17T03:00:52.657+0000] {processor.py:161} INFO - Started process (PID=5582) to work on /home/airflow/.local/lib/python3.11/site-packages/airflow/example_dags/example_bash_operator.py
[2024-11-17T03:00:52.658+0000] {processor.py:830} INFO - Processing file /home/airflow/.local/lib/python3.11/site-packages/airflow/example_dags/example_bash_operator.py for tasks to queue
[2024-11-17T03:00:52.659+0000] {logging_mixin.py:188} INFO - [2024-11-17T03:00:52.659+0000] {dagbag.py:545} INFO - Filling up the DagBag from /home/airflow/.local/lib/python3.11/site-packages/airflow/example_dags/example_bash_operator.py
[2024-11-17T03:00:52.668+0000] {processor.py:840} INFO - DAG(s) 'example_bash_operator' retrieved from /home/airflow/.local/lib/python3.11/site-packages/airflow/example_dags/example_bash_operator.py
[2024-11-17T03:00:52.690+0000] {logging_mixin.py:188} INFO - [2024-11-17T03:00:52.690+0000] {dag.py:3096} INFO - Sync 1 DAGs
[2024-11-17T03:00:52.708+0000] {logging_mixin.py:188} INFO - [2024-11-17T03:00:52.708+0000] {dag.py:3954} INFO - Setting next_dagrun for example_bash_operator to 2024-11-16 00:00:00+00:00, run_after=2024-11-17 00:00:00+00:00
[2024-11-17T03:00:52.723+0000] {processor.py:183} INFO - Processing /home/airflow/.local/lib/python3.11/site-packages/airflow/example_dags/example_bash_operator.py took 0.071 seconds
[2024-11-17T03:01:23.640+0000] {processor.py:161} INFO - Started process (PID=5846) to work on /home/airflow/.local/lib/python3.11/site-packages/airflow/example_dags/example_bash_operator.py
[2024-11-17T03:01:23.641+0000] {processor.py:830} INFO - Processing file /home/airflow/.local/lib/python3.11/site-packages/airflow/example_dags/example_bash_operator.py for tasks to queue
[2024-11-17T03:01:23.643+0000] {logging_mixin.py:188} INFO - [2024-11-17T03:01:23.642+0000] {dagbag.py:545} INFO - Filling up the DagBag from /home/airflow/.local/lib/python3.11/site-packages/airflow/example_dags/example_bash_operator.py
[2024-11-17T03:01:23.653+0000] {processor.py:840} INFO - DAG(s) 'example_bash_operator' retrieved from /home/airflow/.local/lib/python3.11/site-packages/airflow/example_dags/example_bash_operator.py
[2024-11-17T03:01:23.678+0000] {logging_mixin.py:188} INFO - [2024-11-17T03:01:23.678+0000] {dag.py:3096} INFO - Sync 1 DAGs
[2024-11-17T03:01:23.699+0000] {logging_mixin.py:188} INFO - [2024-11-17T03:01:23.699+0000] {dag.py:3954} INFO - Setting next_dagrun for example_bash_operator to 2024-11-16 00:00:00+00:00, run_after=2024-11-17 00:00:00+00:00
[2024-11-17T03:01:23.717+0000] {processor.py:183} INFO - Processing /home/airflow/.local/lib/python3.11/site-packages/airflow/example_dags/example_bash_operator.py took 0.083 seconds
[2024-11-17T03:01:53.775+0000] {processor.py:161} INFO - Started process (PID=6112) to work on /home/airflow/.local/lib/python3.11/site-packages/airflow/example_dags/example_bash_operator.py
[2024-11-17T03:01:53.776+0000] {processor.py:830} INFO - Processing file /home/airflow/.local/lib/python3.11/site-packages/airflow/example_dags/example_bash_operator.py for tasks to queue
[2024-11-17T03:01:53.778+0000] {logging_mixin.py:188} INFO - [2024-11-17T03:01:53.778+0000] {dagbag.py:545} INFO - Filling up the DagBag from /home/airflow/.local/lib/python3.11/site-packages/airflow/example_dags/example_bash_operator.py
[2024-11-17T03:01:53.789+0000] {processor.py:840} INFO - DAG(s) 'example_bash_operator' retrieved from /home/airflow/.local/lib/python3.11/site-packages/airflow/example_dags/example_bash_operator.py
[2024-11-17T03:01:53.814+0000] {logging_mixin.py:188} INFO - [2024-11-17T03:01:53.814+0000] {dag.py:3096} INFO - Sync 1 DAGs
[2024-11-17T03:01:53.833+0000] {logging_mixin.py:188} INFO - [2024-11-17T03:01:53.833+0000] {dag.py:3954} INFO - Setting next_dagrun for example_bash_operator to 2024-11-16 00:00:00+00:00, run_after=2024-11-17 00:00:00+00:00
[2024-11-17T03:01:53.850+0000] {processor.py:183} INFO - Processing /home/airflow/.local/lib/python3.11/site-packages/airflow/example_dags/example_bash_operator.py took 0.080 seconds
[2024-11-17T03:02:24.113+0000] {processor.py:161} INFO - Started process (PID=6378) to work on /home/airflow/.local/lib/python3.11/site-packages/airflow/example_dags/example_bash_operator.py
[2024-11-17T03:02:24.114+0000] {processor.py:830} INFO - Processing file /home/airflow/.local/lib/python3.11/site-packages/airflow/example_dags/example_bash_operator.py for tasks to queue
[2024-11-17T03:02:24.116+0000] {logging_mixin.py:188} INFO - [2024-11-17T03:02:24.116+0000] {dagbag.py:545} INFO - Filling up the DagBag from /home/airflow/.local/lib/python3.11/site-packages/airflow/example_dags/example_bash_operator.py
[2024-11-17T03:02:24.126+0000] {processor.py:840} INFO - DAG(s) 'example_bash_operator' retrieved from /home/airflow/.local/lib/python3.11/site-packages/airflow/example_dags/example_bash_operator.py
[2024-11-17T03:02:24.149+0000] {logging_mixin.py:188} INFO - [2024-11-17T03:02:24.149+0000] {dag.py:3096} INFO - Sync 1 DAGs
[2024-11-17T03:02:24.168+0000] {logging_mixin.py:188} INFO - [2024-11-17T03:02:24.168+0000] {dag.py:3954} INFO - Setting next_dagrun for example_bash_operator to 2024-11-16 00:00:00+00:00, run_after=2024-11-17 00:00:00+00:00
[2024-11-17T03:02:24.185+0000] {processor.py:183} INFO - Processing /home/airflow/.local/lib/python3.11/site-packages/airflow/example_dags/example_bash_operator.py took 0.077 seconds
[2024-11-17T03:02:54.273+0000] {processor.py:161} INFO - Started process (PID=6644) to work on /home/airflow/.local/lib/python3.11/site-packages/airflow/example_dags/example_bash_operator.py
[2024-11-17T03:02:54.274+0000] {processor.py:830} INFO - Processing file /home/airflow/.local/lib/python3.11/site-packages/airflow/example_dags/example_bash_operator.py for tasks to queue
[2024-11-17T03:02:54.275+0000] {logging_mixin.py:188} INFO - [2024-11-17T03:02:54.275+0000] {dagbag.py:545} INFO - Filling up the DagBag from /home/airflow/.local/lib/python3.11/site-packages/airflow/example_dags/example_bash_operator.py
[2024-11-17T03:02:54.284+0000] {processor.py:840} INFO - DAG(s) 'example_bash_operator' retrieved from /home/airflow/.local/lib/python3.11/site-packages/airflow/example_dags/example_bash_operator.py
[2024-11-17T03:02:54.308+0000] {logging_mixin.py:188} INFO - [2024-11-17T03:02:54.308+0000] {dag.py:3096} INFO - Sync 1 DAGs
[2024-11-17T03:02:54.325+0000] {logging_mixin.py:188} INFO - [2024-11-17T03:02:54.325+0000] {dag.py:3954} INFO - Setting next_dagrun for example_bash_operator to 2024-11-16 00:00:00+00:00, run_after=2024-11-17 00:00:00+00:00
[2024-11-17T03:02:54.341+0000] {processor.py:183} INFO - Processing /home/airflow/.local/lib/python3.11/site-packages/airflow/example_dags/example_bash_operator.py took 0.073 seconds
[2024-11-17T03:03:24.737+0000] {processor.py:161} INFO - Started process (PID=6912) to work on /home/airflow/.local/lib/python3.11/site-packages/airflow/example_dags/example_bash_operator.py
[2024-11-17T03:03:24.738+0000] {processor.py:830} INFO - Processing file /home/airflow/.local/lib/python3.11/site-packages/airflow/example_dags/example_bash_operator.py for tasks to queue
[2024-11-17T03:03:24.741+0000] {logging_mixin.py:188} INFO - [2024-11-17T03:03:24.740+0000] {dagbag.py:545} INFO - Filling up the DagBag from /home/airflow/.local/lib/python3.11/site-packages/airflow/example_dags/example_bash_operator.py
[2024-11-17T03:03:24.751+0000] {processor.py:840} INFO - DAG(s) 'example_bash_operator' retrieved from /home/airflow/.local/lib/python3.11/site-packages/airflow/example_dags/example_bash_operator.py
[2024-11-17T03:03:24.778+0000] {logging_mixin.py:188} INFO - [2024-11-17T03:03:24.778+0000] {dag.py:3096} INFO - Sync 1 DAGs
[2024-11-17T03:03:24.796+0000] {logging_mixin.py:188} INFO - [2024-11-17T03:03:24.796+0000] {dag.py:3954} INFO - Setting next_dagrun for example_bash_operator to 2024-11-16 00:00:00+00:00, run_after=2024-11-17 00:00:00+00:00
[2024-11-17T03:03:24.812+0000] {processor.py:183} INFO - Processing /home/airflow/.local/lib/python3.11/site-packages/airflow/example_dags/example_bash_operator.py took 0.081 seconds
[2024-11-17T03:03:54.890+0000] {processor.py:161} INFO - Started process (PID=7178) to work on /home/airflow/.local/lib/python3.11/site-packages/airflow/example_dags/example_bash_operator.py
[2024-11-17T03:03:54.891+0000] {processor.py:830} INFO - Processing file /home/airflow/.local/lib/python3.11/site-packages/airflow/example_dags/example_bash_operator.py for tasks to queue
[2024-11-17T03:03:54.893+0000] {logging_mixin.py:188} INFO - [2024-11-17T03:03:54.892+0000] {dagbag.py:545} INFO - Filling up the DagBag from /home/airflow/.local/lib/python3.11/site-packages/airflow/example_dags/example_bash_operator.py
[2024-11-17T03:03:54.902+0000] {processor.py:840} INFO - DAG(s) 'example_bash_operator' retrieved from /home/airflow/.local/lib/python3.11/site-packages/airflow/example_dags/example_bash_operator.py
[2024-11-17T03:03:54.929+0000] {logging_mixin.py:188} INFO - [2024-11-17T03:03:54.929+0000] {dag.py:3096} INFO - Sync 1 DAGs
[2024-11-17T03:03:54.953+0000] {logging_mixin.py:188} INFO - [2024-11-17T03:03:54.953+0000] {dag.py:3954} INFO - Setting next_dagrun for example_bash_operator to 2024-11-16 00:00:00+00:00, run_after=2024-11-17 00:00:00+00:00
[2024-11-17T03:03:54.973+0000] {processor.py:183} INFO - Processing /home/airflow/.local/lib/python3.11/site-packages/airflow/example_dags/example_bash_operator.py took 0.089 seconds
[2024-11-17T03:04:25.096+0000] {processor.py:161} INFO - Started process (PID=7442) to work on /home/airflow/.local/lib/python3.11/site-packages/airflow/example_dags/example_bash_operator.py
[2024-11-17T03:04:25.097+0000] {processor.py:830} INFO - Processing file /home/airflow/.local/lib/python3.11/site-packages/airflow/example_dags/example_bash_operator.py for tasks to queue
[2024-11-17T03:04:25.099+0000] {logging_mixin.py:188} INFO - [2024-11-17T03:04:25.098+0000] {dagbag.py:545} INFO - Filling up the DagBag from /home/airflow/.local/lib/python3.11/site-packages/airflow/example_dags/example_bash_operator.py
[2024-11-17T03:04:25.108+0000] {processor.py:840} INFO - DAG(s) 'example_bash_operator' retrieved from /home/airflow/.local/lib/python3.11/site-packages/airflow/example_dags/example_bash_operator.py
[2024-11-17T03:04:25.132+0000] {logging_mixin.py:188} INFO - [2024-11-17T03:04:25.132+0000] {dag.py:3096} INFO - Sync 1 DAGs
[2024-11-17T03:04:25.150+0000] {logging_mixin.py:188} INFO - [2024-11-17T03:04:25.150+0000] {dag.py:3954} INFO - Setting next_dagrun for example_bash_operator to 2024-11-16 00:00:00+00:00, run_after=2024-11-17 00:00:00+00:00
[2024-11-17T03:04:25.167+0000] {processor.py:183} INFO - Processing /home/airflow/.local/lib/python3.11/site-packages/airflow/example_dags/example_bash_operator.py took 0.076 seconds
[2024-11-17T03:04:55.926+0000] {processor.py:161} INFO - Started process (PID=7710) to work on /home/airflow/.local/lib/python3.11/site-packages/airflow/example_dags/example_bash_operator.py
[2024-11-17T03:04:55.927+0000] {processor.py:830} INFO - Processing file /home/airflow/.local/lib/python3.11/site-packages/airflow/example_dags/example_bash_operator.py for tasks to queue
[2024-11-17T03:04:55.929+0000] {logging_mixin.py:188} INFO - [2024-11-17T03:04:55.929+0000] {dagbag.py:545} INFO - Filling up the DagBag from /home/airflow/.local/lib/python3.11/site-packages/airflow/example_dags/example_bash_operator.py
[2024-11-17T03:04:55.939+0000] {processor.py:840} INFO - DAG(s) 'example_bash_operator' retrieved from /home/airflow/.local/lib/python3.11/site-packages/airflow/example_dags/example_bash_operator.py
[2024-11-17T03:04:55.963+0000] {logging_mixin.py:188} INFO - [2024-11-17T03:04:55.962+0000] {dag.py:3096} INFO - Sync 1 DAGs
[2024-11-17T03:04:55.982+0000] {logging_mixin.py:188} INFO - [2024-11-17T03:04:55.982+0000] {dag.py:3954} INFO - Setting next_dagrun for example_bash_operator to 2024-11-16 00:00:00+00:00, run_after=2024-11-17 00:00:00+00:00
[2024-11-17T03:04:55.998+0000] {processor.py:183} INFO - Processing /home/airflow/.local/lib/python3.11/site-packages/airflow/example_dags/example_bash_operator.py took 0.077 seconds
[2024-11-17T03:05:26.173+0000] {processor.py:161} INFO - Started process (PID=7976) to work on /home/airflow/.local/lib/python3.11/site-packages/airflow/example_dags/example_bash_operator.py
[2024-11-17T03:05:26.174+0000] {processor.py:830} INFO - Processing file /home/airflow/.local/lib/python3.11/site-packages/airflow/example_dags/example_bash_operator.py for tasks to queue
[2024-11-17T03:05:26.176+0000] {logging_mixin.py:188} INFO - [2024-11-17T03:05:26.175+0000] {dagbag.py:545} INFO - Filling up the DagBag from /home/airflow/.local/lib/python3.11/site-packages/airflow/example_dags/example_bash_operator.py
[2024-11-17T03:05:26.186+0000] {processor.py:840} INFO - DAG(s) 'example_bash_operator' retrieved from /home/airflow/.local/lib/python3.11/site-packages/airflow/example_dags/example_bash_operator.py
[2024-11-17T03:05:26.210+0000] {logging_mixin.py:188} INFO - [2024-11-17T03:05:26.210+0000] {dag.py:3096} INFO - Sync 1 DAGs
[2024-11-17T03:05:26.228+0000] {logging_mixin.py:188} INFO - [2024-11-17T03:05:26.228+0000] {dag.py:3954} INFO - Setting next_dagrun for example_bash_operator to 2024-11-16 00:00:00+00:00, run_after=2024-11-17 00:00:00+00:00
[2024-11-17T03:05:26.244+0000] {processor.py:183} INFO - Processing /home/airflow/.local/lib/python3.11/site-packages/airflow/example_dags/example_bash_operator.py took 0.077 seconds
