[2024-11-17T02:50:41.453+0000] {processor.py:161} INFO - Started process (PID=340) to work on /home/airflow/.local/lib/python3.11/site-packages/airflow/example_dags/example_latest_only_with_trigger.py
[2024-11-17T02:50:41.454+0000] {processor.py:830} INFO - Processing file /home/airflow/.local/lib/python3.11/site-packages/airflow/example_dags/example_latest_only_with_trigger.py for tasks to queue
[2024-11-17T02:50:41.456+0000] {logging_mixin.py:188} INFO - [2024-11-17T02:50:41.456+0000] {dagbag.py:545} INFO - Filling up the DagBag from /home/airflow/.local/lib/python3.11/site-packages/airflow/example_dags/example_latest_only_with_trigger.py
[2024-11-17T02:50:41.463+0000] {processor.py:840} INFO - DAG(s) 'latest_only_with_trigger' retrieved from /home/airflow/.local/lib/python3.11/site-packages/airflow/example_dags/example_latest_only_with_trigger.py
[2024-11-17T02:50:41.473+0000] {logging_mixin.py:188} INFO - [2024-11-17T02:50:41.473+0000] {dag.py:3096} INFO - Sync 1 DAGs
[2024-11-17T02:50:41.494+0000] {logging_mixin.py:188} INFO - [2024-11-17T02:50:41.494+0000] {dag.py:3954} INFO - Setting next_dagrun for latest_only_with_trigger to 2024-11-16 20:00:00+00:00, run_after=2024-11-17 00:00:00+00:00
[2024-11-17T02:50:41.519+0000] {processor.py:183} INFO - Processing /home/airflow/.local/lib/python3.11/site-packages/airflow/example_dags/example_latest_only_with_trigger.py took 0.071 seconds
[2024-11-17T02:51:13.727+0000] {processor.py:161} INFO - Started process (PID=606) to work on /home/airflow/.local/lib/python3.11/site-packages/airflow/example_dags/example_latest_only_with_trigger.py
[2024-11-17T02:51:13.728+0000] {processor.py:830} INFO - Processing file /home/airflow/.local/lib/python3.11/site-packages/airflow/example_dags/example_latest_only_with_trigger.py for tasks to queue
[2024-11-17T02:51:13.730+0000] {logging_mixin.py:188} INFO - [2024-11-17T02:51:13.729+0000] {dagbag.py:545} INFO - Filling up the DagBag from /home/airflow/.local/lib/python3.11/site-packages/airflow/example_dags/example_latest_only_with_trigger.py
[2024-11-17T02:51:13.736+0000] {processor.py:840} INFO - DAG(s) 'latest_only_with_trigger' retrieved from /home/airflow/.local/lib/python3.11/site-packages/airflow/example_dags/example_latest_only_with_trigger.py
[2024-11-17T02:51:13.836+0000] {logging_mixin.py:188} INFO - [2024-11-17T02:51:13.835+0000] {dag.py:3096} INFO - Sync 1 DAGs
[2024-11-17T02:51:13.852+0000] {logging_mixin.py:188} INFO - [2024-11-17T02:51:13.851+0000] {dag.py:3954} INFO - Setting next_dagrun for latest_only_with_trigger to 2024-11-16 20:00:00+00:00, run_after=2024-11-17 00:00:00+00:00
[2024-11-17T02:51:13.868+0000] {processor.py:183} INFO - Processing /home/airflow/.local/lib/python3.11/site-packages/airflow/example_dags/example_latest_only_with_trigger.py took 0.146 seconds
[2024-11-17T02:51:44.059+0000] {processor.py:161} INFO - Started process (PID=872) to work on /home/airflow/.local/lib/python3.11/site-packages/airflow/example_dags/example_latest_only_with_trigger.py
[2024-11-17T02:51:44.060+0000] {processor.py:830} INFO - Processing file /home/airflow/.local/lib/python3.11/site-packages/airflow/example_dags/example_latest_only_with_trigger.py for tasks to queue
[2024-11-17T02:51:44.062+0000] {logging_mixin.py:188} INFO - [2024-11-17T02:51:44.062+0000] {dagbag.py:545} INFO - Filling up the DagBag from /home/airflow/.local/lib/python3.11/site-packages/airflow/example_dags/example_latest_only_with_trigger.py
[2024-11-17T02:51:44.067+0000] {processor.py:840} INFO - DAG(s) 'latest_only_with_trigger' retrieved from /home/airflow/.local/lib/python3.11/site-packages/airflow/example_dags/example_latest_only_with_trigger.py
[2024-11-17T02:51:44.085+0000] {logging_mixin.py:188} INFO - [2024-11-17T02:51:44.085+0000] {dag.py:3096} INFO - Sync 1 DAGs
[2024-11-17T02:51:44.106+0000] {logging_mixin.py:188} INFO - [2024-11-17T02:51:44.106+0000] {dag.py:3954} INFO - Setting next_dagrun for latest_only_with_trigger to 2024-11-16 20:00:00+00:00, run_after=2024-11-17 00:00:00+00:00
[2024-11-17T02:51:44.123+0000] {processor.py:183} INFO - Processing /home/airflow/.local/lib/python3.11/site-packages/airflow/example_dags/example_latest_only_with_trigger.py took 0.069 seconds
[2024-11-17T02:52:14.287+0000] {processor.py:161} INFO - Started process (PID=1138) to work on /home/airflow/.local/lib/python3.11/site-packages/airflow/example_dags/example_latest_only_with_trigger.py
[2024-11-17T02:52:14.288+0000] {processor.py:830} INFO - Processing file /home/airflow/.local/lib/python3.11/site-packages/airflow/example_dags/example_latest_only_with_trigger.py for tasks to queue
[2024-11-17T02:52:14.290+0000] {logging_mixin.py:188} INFO - [2024-11-17T02:52:14.290+0000] {dagbag.py:545} INFO - Filling up the DagBag from /home/airflow/.local/lib/python3.11/site-packages/airflow/example_dags/example_latest_only_with_trigger.py
[2024-11-17T02:52:14.295+0000] {processor.py:840} INFO - DAG(s) 'latest_only_with_trigger' retrieved from /home/airflow/.local/lib/python3.11/site-packages/airflow/example_dags/example_latest_only_with_trigger.py
[2024-11-17T02:52:14.312+0000] {logging_mixin.py:188} INFO - [2024-11-17T02:52:14.312+0000] {dag.py:3096} INFO - Sync 1 DAGs
[2024-11-17T02:52:14.333+0000] {logging_mixin.py:188} INFO - [2024-11-17T02:52:14.332+0000] {dag.py:3954} INFO - Setting next_dagrun for latest_only_with_trigger to 2024-11-16 20:00:00+00:00, run_after=2024-11-17 00:00:00+00:00
[2024-11-17T02:52:14.350+0000] {processor.py:183} INFO - Processing /home/airflow/.local/lib/python3.11/site-packages/airflow/example_dags/example_latest_only_with_trigger.py took 0.067 seconds
[2024-11-17T02:52:45.391+0000] {processor.py:161} INFO - Started process (PID=1404) to work on /home/airflow/.local/lib/python3.11/site-packages/airflow/example_dags/example_latest_only_with_trigger.py
[2024-11-17T02:52:45.392+0000] {processor.py:830} INFO - Processing file /home/airflow/.local/lib/python3.11/site-packages/airflow/example_dags/example_latest_only_with_trigger.py for tasks to queue
[2024-11-17T02:52:45.394+0000] {logging_mixin.py:188} INFO - [2024-11-17T02:52:45.394+0000] {dagbag.py:545} INFO - Filling up the DagBag from /home/airflow/.local/lib/python3.11/site-packages/airflow/example_dags/example_latest_only_with_trigger.py
[2024-11-17T02:52:45.399+0000] {processor.py:840} INFO - DAG(s) 'latest_only_with_trigger' retrieved from /home/airflow/.local/lib/python3.11/site-packages/airflow/example_dags/example_latest_only_with_trigger.py
[2024-11-17T02:52:45.418+0000] {logging_mixin.py:188} INFO - [2024-11-17T02:52:45.418+0000] {dag.py:3096} INFO - Sync 1 DAGs
[2024-11-17T02:52:45.438+0000] {logging_mixin.py:188} INFO - [2024-11-17T02:52:45.438+0000] {dag.py:3954} INFO - Setting next_dagrun for latest_only_with_trigger to 2024-11-16 20:00:00+00:00, run_after=2024-11-17 00:00:00+00:00
[2024-11-17T02:52:45.455+0000] {processor.py:183} INFO - Processing /home/airflow/.local/lib/python3.11/site-packages/airflow/example_dags/example_latest_only_with_trigger.py took 0.068 seconds
[2024-11-17T02:53:16.628+0000] {processor.py:161} INFO - Started process (PID=1672) to work on /home/airflow/.local/lib/python3.11/site-packages/airflow/example_dags/example_latest_only_with_trigger.py
[2024-11-17T02:53:16.629+0000] {processor.py:830} INFO - Processing file /home/airflow/.local/lib/python3.11/site-packages/airflow/example_dags/example_latest_only_with_trigger.py for tasks to queue
[2024-11-17T02:53:16.630+0000] {logging_mixin.py:188} INFO - [2024-11-17T02:53:16.630+0000] {dagbag.py:545} INFO - Filling up the DagBag from /home/airflow/.local/lib/python3.11/site-packages/airflow/example_dags/example_latest_only_with_trigger.py
[2024-11-17T02:53:16.635+0000] {processor.py:840} INFO - DAG(s) 'latest_only_with_trigger' retrieved from /home/airflow/.local/lib/python3.11/site-packages/airflow/example_dags/example_latest_only_with_trigger.py
[2024-11-17T02:53:16.653+0000] {logging_mixin.py:188} INFO - [2024-11-17T02:53:16.653+0000] {dag.py:3096} INFO - Sync 1 DAGs
[2024-11-17T02:53:16.673+0000] {logging_mixin.py:188} INFO - [2024-11-17T02:53:16.673+0000] {dag.py:3954} INFO - Setting next_dagrun for latest_only_with_trigger to 2024-11-16 20:00:00+00:00, run_after=2024-11-17 00:00:00+00:00
[2024-11-17T02:53:16.689+0000] {processor.py:183} INFO - Processing /home/airflow/.local/lib/python3.11/site-packages/airflow/example_dags/example_latest_only_with_trigger.py took 0.066 seconds
[2024-11-17T02:53:46.880+0000] {processor.py:161} INFO - Started process (PID=1936) to work on /home/airflow/.local/lib/python3.11/site-packages/airflow/example_dags/example_latest_only_with_trigger.py
[2024-11-17T02:53:46.881+0000] {processor.py:830} INFO - Processing file /home/airflow/.local/lib/python3.11/site-packages/airflow/example_dags/example_latest_only_with_trigger.py for tasks to queue
[2024-11-17T02:53:46.883+0000] {logging_mixin.py:188} INFO - [2024-11-17T02:53:46.883+0000] {dagbag.py:545} INFO - Filling up the DagBag from /home/airflow/.local/lib/python3.11/site-packages/airflow/example_dags/example_latest_only_with_trigger.py
[2024-11-17T02:53:46.890+0000] {processor.py:840} INFO - DAG(s) 'latest_only_with_trigger' retrieved from /home/airflow/.local/lib/python3.11/site-packages/airflow/example_dags/example_latest_only_with_trigger.py
[2024-11-17T02:53:46.912+0000] {logging_mixin.py:188} INFO - [2024-11-17T02:53:46.911+0000] {dag.py:3096} INFO - Sync 1 DAGs
[2024-11-17T02:53:46.934+0000] {logging_mixin.py:188} INFO - [2024-11-17T02:53:46.934+0000] {dag.py:3954} INFO - Setting next_dagrun for latest_only_with_trigger to 2024-11-16 20:00:00+00:00, run_after=2024-11-17 00:00:00+00:00
[2024-11-17T02:53:46.952+0000] {processor.py:183} INFO - Processing /home/airflow/.local/lib/python3.11/site-packages/airflow/example_dags/example_latest_only_with_trigger.py took 0.077 seconds
[2024-11-17T02:54:17.895+0000] {processor.py:161} INFO - Started process (PID=2202) to work on /home/airflow/.local/lib/python3.11/site-packages/airflow/example_dags/example_latest_only_with_trigger.py
[2024-11-17T02:54:17.897+0000] {processor.py:830} INFO - Processing file /home/airflow/.local/lib/python3.11/site-packages/airflow/example_dags/example_latest_only_with_trigger.py for tasks to queue
[2024-11-17T02:54:17.898+0000] {logging_mixin.py:188} INFO - [2024-11-17T02:54:17.898+0000] {dagbag.py:545} INFO - Filling up the DagBag from /home/airflow/.local/lib/python3.11/site-packages/airflow/example_dags/example_latest_only_with_trigger.py
[2024-11-17T02:54:17.904+0000] {processor.py:840} INFO - DAG(s) 'latest_only_with_trigger' retrieved from /home/airflow/.local/lib/python3.11/site-packages/airflow/example_dags/example_latest_only_with_trigger.py
[2024-11-17T02:54:17.923+0000] {logging_mixin.py:188} INFO - [2024-11-17T02:54:17.923+0000] {dag.py:3096} INFO - Sync 1 DAGs
[2024-11-17T02:54:17.941+0000] {logging_mixin.py:188} INFO - [2024-11-17T02:54:17.941+0000] {dag.py:3954} INFO - Setting next_dagrun for latest_only_with_trigger to 2024-11-16 20:00:00+00:00, run_after=2024-11-17 00:00:00+00:00
[2024-11-17T02:54:17.956+0000] {processor.py:183} INFO - Processing /home/airflow/.local/lib/python3.11/site-packages/airflow/example_dags/example_latest_only_with_trigger.py took 0.066 seconds
[2024-11-17T02:54:48.862+0000] {processor.py:161} INFO - Started process (PID=2468) to work on /home/airflow/.local/lib/python3.11/site-packages/airflow/example_dags/example_latest_only_with_trigger.py
[2024-11-17T02:54:48.862+0000] {processor.py:830} INFO - Processing file /home/airflow/.local/lib/python3.11/site-packages/airflow/example_dags/example_latest_only_with_trigger.py for tasks to queue
[2024-11-17T02:54:48.864+0000] {logging_mixin.py:188} INFO - [2024-11-17T02:54:48.864+0000] {dagbag.py:545} INFO - Filling up the DagBag from /home/airflow/.local/lib/python3.11/site-packages/airflow/example_dags/example_latest_only_with_trigger.py
[2024-11-17T02:54:48.868+0000] {processor.py:840} INFO - DAG(s) 'latest_only_with_trigger' retrieved from /home/airflow/.local/lib/python3.11/site-packages/airflow/example_dags/example_latest_only_with_trigger.py
[2024-11-17T02:54:48.885+0000] {logging_mixin.py:188} INFO - [2024-11-17T02:54:48.885+0000] {dag.py:3096} INFO - Sync 1 DAGs
[2024-11-17T02:54:48.902+0000] {logging_mixin.py:188} INFO - [2024-11-17T02:54:48.901+0000] {dag.py:3954} INFO - Setting next_dagrun for latest_only_with_trigger to 2024-11-16 20:00:00+00:00, run_after=2024-11-17 00:00:00+00:00
[2024-11-17T02:54:48.920+0000] {processor.py:183} INFO - Processing /home/airflow/.local/lib/python3.11/site-packages/airflow/example_dags/example_latest_only_with_trigger.py took 0.063 seconds
[2024-11-17T02:55:19.648+0000] {processor.py:161} INFO - Started process (PID=2734) to work on /home/airflow/.local/lib/python3.11/site-packages/airflow/example_dags/example_latest_only_with_trigger.py
[2024-11-17T02:55:19.649+0000] {processor.py:830} INFO - Processing file /home/airflow/.local/lib/python3.11/site-packages/airflow/example_dags/example_latest_only_with_trigger.py for tasks to queue
[2024-11-17T02:55:19.651+0000] {logging_mixin.py:188} INFO - [2024-11-17T02:55:19.651+0000] {dagbag.py:545} INFO - Filling up the DagBag from /home/airflow/.local/lib/python3.11/site-packages/airflow/example_dags/example_latest_only_with_trigger.py
[2024-11-17T02:55:19.656+0000] {processor.py:840} INFO - DAG(s) 'latest_only_with_trigger' retrieved from /home/airflow/.local/lib/python3.11/site-packages/airflow/example_dags/example_latest_only_with_trigger.py
[2024-11-17T02:55:19.675+0000] {logging_mixin.py:188} INFO - [2024-11-17T02:55:19.675+0000] {dag.py:3096} INFO - Sync 1 DAGs
[2024-11-17T02:55:19.695+0000] {logging_mixin.py:188} INFO - [2024-11-17T02:55:19.694+0000] {dag.py:3954} INFO - Setting next_dagrun for latest_only_with_trigger to 2024-11-16 20:00:00+00:00, run_after=2024-11-17 00:00:00+00:00
[2024-11-17T02:55:19.713+0000] {processor.py:183} INFO - Processing /home/airflow/.local/lib/python3.11/site-packages/airflow/example_dags/example_latest_only_with_trigger.py took 0.069 seconds
[2024-11-17T02:55:50.684+0000] {processor.py:161} INFO - Started process (PID=3000) to work on /home/airflow/.local/lib/python3.11/site-packages/airflow/example_dags/example_latest_only_with_trigger.py
[2024-11-17T02:55:50.685+0000] {processor.py:830} INFO - Processing file /home/airflow/.local/lib/python3.11/site-packages/airflow/example_dags/example_latest_only_with_trigger.py for tasks to queue
[2024-11-17T02:55:50.686+0000] {logging_mixin.py:188} INFO - [2024-11-17T02:55:50.686+0000] {dagbag.py:545} INFO - Filling up the DagBag from /home/airflow/.local/lib/python3.11/site-packages/airflow/example_dags/example_latest_only_with_trigger.py
[2024-11-17T02:55:50.692+0000] {processor.py:840} INFO - DAG(s) 'latest_only_with_trigger' retrieved from /home/airflow/.local/lib/python3.11/site-packages/airflow/example_dags/example_latest_only_with_trigger.py
[2024-11-17T02:55:50.709+0000] {logging_mixin.py:188} INFO - [2024-11-17T02:55:50.709+0000] {dag.py:3096} INFO - Sync 1 DAGs
[2024-11-17T02:55:50.726+0000] {logging_mixin.py:188} INFO - [2024-11-17T02:55:50.726+0000] {dag.py:3954} INFO - Setting next_dagrun for latest_only_with_trigger to 2024-11-16 20:00:00+00:00, run_after=2024-11-17 00:00:00+00:00
[2024-11-17T02:55:50.743+0000] {processor.py:183} INFO - Processing /home/airflow/.local/lib/python3.11/site-packages/airflow/example_dags/example_latest_only_with_trigger.py took 0.064 seconds
[2024-11-17T02:56:20.894+0000] {processor.py:161} INFO - Started process (PID=3266) to work on /home/airflow/.local/lib/python3.11/site-packages/airflow/example_dags/example_latest_only_with_trigger.py
[2024-11-17T02:56:20.894+0000] {processor.py:830} INFO - Processing file /home/airflow/.local/lib/python3.11/site-packages/airflow/example_dags/example_latest_only_with_trigger.py for tasks to queue
[2024-11-17T02:56:20.896+0000] {logging_mixin.py:188} INFO - [2024-11-17T02:56:20.896+0000] {dagbag.py:545} INFO - Filling up the DagBag from /home/airflow/.local/lib/python3.11/site-packages/airflow/example_dags/example_latest_only_with_trigger.py
[2024-11-17T02:56:20.901+0000] {processor.py:840} INFO - DAG(s) 'latest_only_with_trigger' retrieved from /home/airflow/.local/lib/python3.11/site-packages/airflow/example_dags/example_latest_only_with_trigger.py
[2024-11-17T02:56:20.918+0000] {logging_mixin.py:188} INFO - [2024-11-17T02:56:20.918+0000] {dag.py:3096} INFO - Sync 1 DAGs
[2024-11-17T02:56:20.935+0000] {logging_mixin.py:188} INFO - [2024-11-17T02:56:20.935+0000] {dag.py:3954} INFO - Setting next_dagrun for latest_only_with_trigger to 2024-11-16 20:00:00+00:00, run_after=2024-11-17 00:00:00+00:00
[2024-11-17T02:56:20.951+0000] {processor.py:183} INFO - Processing /home/airflow/.local/lib/python3.11/site-packages/airflow/example_dags/example_latest_only_with_trigger.py took 0.063 seconds
[2024-11-17T02:56:51.263+0000] {processor.py:161} INFO - Started process (PID=3532) to work on /home/airflow/.local/lib/python3.11/site-packages/airflow/example_dags/example_latest_only_with_trigger.py
[2024-11-17T02:56:51.264+0000] {processor.py:830} INFO - Processing file /home/airflow/.local/lib/python3.11/site-packages/airflow/example_dags/example_latest_only_with_trigger.py for tasks to queue
[2024-11-17T02:56:51.266+0000] {logging_mixin.py:188} INFO - [2024-11-17T02:56:51.265+0000] {dagbag.py:545} INFO - Filling up the DagBag from /home/airflow/.local/lib/python3.11/site-packages/airflow/example_dags/example_latest_only_with_trigger.py
[2024-11-17T02:56:51.270+0000] {processor.py:840} INFO - DAG(s) 'latest_only_with_trigger' retrieved from /home/airflow/.local/lib/python3.11/site-packages/airflow/example_dags/example_latest_only_with_trigger.py
[2024-11-17T02:56:51.287+0000] {logging_mixin.py:188} INFO - [2024-11-17T02:56:51.287+0000] {dag.py:3096} INFO - Sync 1 DAGs
[2024-11-17T02:56:51.304+0000] {logging_mixin.py:188} INFO - [2024-11-17T02:56:51.304+0000] {dag.py:3954} INFO - Setting next_dagrun for latest_only_with_trigger to 2024-11-16 20:00:00+00:00, run_after=2024-11-17 00:00:00+00:00
[2024-11-17T02:56:51.322+0000] {processor.py:183} INFO - Processing /home/airflow/.local/lib/python3.11/site-packages/airflow/example_dags/example_latest_only_with_trigger.py took 0.064 seconds
[2024-11-17T02:57:21.484+0000] {processor.py:161} INFO - Started process (PID=3800) to work on /home/airflow/.local/lib/python3.11/site-packages/airflow/example_dags/example_latest_only_with_trigger.py
[2024-11-17T02:57:21.485+0000] {processor.py:830} INFO - Processing file /home/airflow/.local/lib/python3.11/site-packages/airflow/example_dags/example_latest_only_with_trigger.py for tasks to queue
[2024-11-17T02:57:21.486+0000] {logging_mixin.py:188} INFO - [2024-11-17T02:57:21.486+0000] {dagbag.py:545} INFO - Filling up the DagBag from /home/airflow/.local/lib/python3.11/site-packages/airflow/example_dags/example_latest_only_with_trigger.py
[2024-11-17T02:57:21.491+0000] {processor.py:840} INFO - DAG(s) 'latest_only_with_trigger' retrieved from /home/airflow/.local/lib/python3.11/site-packages/airflow/example_dags/example_latest_only_with_trigger.py
[2024-11-17T02:57:21.509+0000] {logging_mixin.py:188} INFO - [2024-11-17T02:57:21.508+0000] {dag.py:3096} INFO - Sync 1 DAGs
[2024-11-17T02:57:21.526+0000] {logging_mixin.py:188} INFO - [2024-11-17T02:57:21.526+0000] {dag.py:3954} INFO - Setting next_dagrun for latest_only_with_trigger to 2024-11-16 20:00:00+00:00, run_after=2024-11-17 00:00:00+00:00
[2024-11-17T02:57:21.541+0000] {processor.py:183} INFO - Processing /home/airflow/.local/lib/python3.11/site-packages/airflow/example_dags/example_latest_only_with_trigger.py took 0.062 seconds
[2024-11-17T02:57:51.810+0000] {processor.py:161} INFO - Started process (PID=4066) to work on /home/airflow/.local/lib/python3.11/site-packages/airflow/example_dags/example_latest_only_with_trigger.py
[2024-11-17T02:57:51.811+0000] {processor.py:830} INFO - Processing file /home/airflow/.local/lib/python3.11/site-packages/airflow/example_dags/example_latest_only_with_trigger.py for tasks to queue
[2024-11-17T02:57:51.812+0000] {logging_mixin.py:188} INFO - [2024-11-17T02:57:51.812+0000] {dagbag.py:545} INFO - Filling up the DagBag from /home/airflow/.local/lib/python3.11/site-packages/airflow/example_dags/example_latest_only_with_trigger.py
[2024-11-17T02:57:51.817+0000] {processor.py:840} INFO - DAG(s) 'latest_only_with_trigger' retrieved from /home/airflow/.local/lib/python3.11/site-packages/airflow/example_dags/example_latest_only_with_trigger.py
[2024-11-17T02:57:51.834+0000] {logging_mixin.py:188} INFO - [2024-11-17T02:57:51.834+0000] {dag.py:3096} INFO - Sync 1 DAGs
[2024-11-17T02:57:51.851+0000] {logging_mixin.py:188} INFO - [2024-11-17T02:57:51.850+0000] {dag.py:3954} INFO - Setting next_dagrun for latest_only_with_trigger to 2024-11-16 20:00:00+00:00, run_after=2024-11-17 00:00:00+00:00
[2024-11-17T02:57:51.866+0000] {processor.py:183} INFO - Processing /home/airflow/.local/lib/python3.11/site-packages/airflow/example_dags/example_latest_only_with_trigger.py took 0.061 seconds
[2024-11-17T02:58:22.143+0000] {processor.py:161} INFO - Started process (PID=4332) to work on /home/airflow/.local/lib/python3.11/site-packages/airflow/example_dags/example_latest_only_with_trigger.py
[2024-11-17T02:58:22.144+0000] {processor.py:830} INFO - Processing file /home/airflow/.local/lib/python3.11/site-packages/airflow/example_dags/example_latest_only_with_trigger.py for tasks to queue
[2024-11-17T02:58:22.146+0000] {logging_mixin.py:188} INFO - [2024-11-17T02:58:22.146+0000] {dagbag.py:545} INFO - Filling up the DagBag from /home/airflow/.local/lib/python3.11/site-packages/airflow/example_dags/example_latest_only_with_trigger.py
[2024-11-17T02:58:22.151+0000] {processor.py:840} INFO - DAG(s) 'latest_only_with_trigger' retrieved from /home/airflow/.local/lib/python3.11/site-packages/airflow/example_dags/example_latest_only_with_trigger.py
[2024-11-17T02:58:22.169+0000] {logging_mixin.py:188} INFO - [2024-11-17T02:58:22.168+0000] {dag.py:3096} INFO - Sync 1 DAGs
[2024-11-17T02:58:22.186+0000] {logging_mixin.py:188} INFO - [2024-11-17T02:58:22.186+0000] {dag.py:3954} INFO - Setting next_dagrun for latest_only_with_trigger to 2024-11-16 20:00:00+00:00, run_after=2024-11-17 00:00:00+00:00
[2024-11-17T02:58:22.199+0000] {processor.py:183} INFO - Processing /home/airflow/.local/lib/python3.11/site-packages/airflow/example_dags/example_latest_only_with_trigger.py took 0.061 seconds
[2024-11-17T02:58:52.307+0000] {processor.py:161} INFO - Started process (PID=4598) to work on /home/airflow/.local/lib/python3.11/site-packages/airflow/example_dags/example_latest_only_with_trigger.py
[2024-11-17T02:58:52.308+0000] {processor.py:830} INFO - Processing file /home/airflow/.local/lib/python3.11/site-packages/airflow/example_dags/example_latest_only_with_trigger.py for tasks to queue
[2024-11-17T02:58:52.309+0000] {logging_mixin.py:188} INFO - [2024-11-17T02:58:52.309+0000] {dagbag.py:545} INFO - Filling up the DagBag from /home/airflow/.local/lib/python3.11/site-packages/airflow/example_dags/example_latest_only_with_trigger.py
[2024-11-17T02:58:52.314+0000] {processor.py:840} INFO - DAG(s) 'latest_only_with_trigger' retrieved from /home/airflow/.local/lib/python3.11/site-packages/airflow/example_dags/example_latest_only_with_trigger.py
[2024-11-17T02:58:52.331+0000] {logging_mixin.py:188} INFO - [2024-11-17T02:58:52.331+0000] {dag.py:3096} INFO - Sync 1 DAGs
[2024-11-17T02:58:52.347+0000] {logging_mixin.py:188} INFO - [2024-11-17T02:58:52.347+0000] {dag.py:3954} INFO - Setting next_dagrun for latest_only_with_trigger to 2024-11-16 20:00:00+00:00, run_after=2024-11-17 00:00:00+00:00
[2024-11-17T02:58:52.362+0000] {processor.py:183} INFO - Processing /home/airflow/.local/lib/python3.11/site-packages/airflow/example_dags/example_latest_only_with_trigger.py took 0.060 seconds
[2024-11-17T02:59:22.616+0000] {processor.py:161} INFO - Started process (PID=4864) to work on /home/airflow/.local/lib/python3.11/site-packages/airflow/example_dags/example_latest_only_with_trigger.py
[2024-11-17T02:59:22.617+0000] {processor.py:830} INFO - Processing file /home/airflow/.local/lib/python3.11/site-packages/airflow/example_dags/example_latest_only_with_trigger.py for tasks to queue
[2024-11-17T02:59:22.619+0000] {logging_mixin.py:188} INFO - [2024-11-17T02:59:22.619+0000] {dagbag.py:545} INFO - Filling up the DagBag from /home/airflow/.local/lib/python3.11/site-packages/airflow/example_dags/example_latest_only_with_trigger.py
[2024-11-17T02:59:22.624+0000] {processor.py:840} INFO - DAG(s) 'latest_only_with_trigger' retrieved from /home/airflow/.local/lib/python3.11/site-packages/airflow/example_dags/example_latest_only_with_trigger.py
[2024-11-17T02:59:22.641+0000] {logging_mixin.py:188} INFO - [2024-11-17T02:59:22.641+0000] {dag.py:3096} INFO - Sync 1 DAGs
[2024-11-17T02:59:22.657+0000] {logging_mixin.py:188} INFO - [2024-11-17T02:59:22.657+0000] {dag.py:3954} INFO - Setting next_dagrun for latest_only_with_trigger to 2024-11-16 20:00:00+00:00, run_after=2024-11-17 00:00:00+00:00
[2024-11-17T02:59:22.674+0000] {processor.py:183} INFO - Processing /home/airflow/.local/lib/python3.11/site-packages/airflow/example_dags/example_latest_only_with_trigger.py took 0.063 seconds
[2024-11-17T02:59:52.818+0000] {processor.py:161} INFO - Started process (PID=5128) to work on /home/airflow/.local/lib/python3.11/site-packages/airflow/example_dags/example_latest_only_with_trigger.py
[2024-11-17T02:59:52.820+0000] {processor.py:830} INFO - Processing file /home/airflow/.local/lib/python3.11/site-packages/airflow/example_dags/example_latest_only_with_trigger.py for tasks to queue
[2024-11-17T02:59:52.821+0000] {logging_mixin.py:188} INFO - [2024-11-17T02:59:52.821+0000] {dagbag.py:545} INFO - Filling up the DagBag from /home/airflow/.local/lib/python3.11/site-packages/airflow/example_dags/example_latest_only_with_trigger.py
[2024-11-17T02:59:52.826+0000] {processor.py:840} INFO - DAG(s) 'latest_only_with_trigger' retrieved from /home/airflow/.local/lib/python3.11/site-packages/airflow/example_dags/example_latest_only_with_trigger.py
[2024-11-17T02:59:52.844+0000] {logging_mixin.py:188} INFO - [2024-11-17T02:59:52.844+0000] {dag.py:3096} INFO - Sync 1 DAGs
[2024-11-17T02:59:52.863+0000] {logging_mixin.py:188} INFO - [2024-11-17T02:59:52.863+0000] {dag.py:3954} INFO - Setting next_dagrun for latest_only_with_trigger to 2024-11-16 20:00:00+00:00, run_after=2024-11-17 00:00:00+00:00
[2024-11-17T02:59:52.882+0000] {processor.py:183} INFO - Processing /home/airflow/.local/lib/python3.11/site-packages/airflow/example_dags/example_latest_only_with_trigger.py took 0.069 seconds
[2024-11-17T03:00:23.209+0000] {processor.py:161} INFO - Started process (PID=5396) to work on /home/airflow/.local/lib/python3.11/site-packages/airflow/example_dags/example_latest_only_with_trigger.py
[2024-11-17T03:00:23.210+0000] {processor.py:830} INFO - Processing file /home/airflow/.local/lib/python3.11/site-packages/airflow/example_dags/example_latest_only_with_trigger.py for tasks to queue
[2024-11-17T03:00:23.212+0000] {logging_mixin.py:188} INFO - [2024-11-17T03:00:23.211+0000] {dagbag.py:545} INFO - Filling up the DagBag from /home/airflow/.local/lib/python3.11/site-packages/airflow/example_dags/example_latest_only_with_trigger.py
[2024-11-17T03:00:23.218+0000] {processor.py:840} INFO - DAG(s) 'latest_only_with_trigger' retrieved from /home/airflow/.local/lib/python3.11/site-packages/airflow/example_dags/example_latest_only_with_trigger.py
[2024-11-17T03:00:23.238+0000] {logging_mixin.py:188} INFO - [2024-11-17T03:00:23.237+0000] {dag.py:3096} INFO - Sync 1 DAGs
[2024-11-17T03:00:23.257+0000] {logging_mixin.py:188} INFO - [2024-11-17T03:00:23.256+0000] {dag.py:3954} INFO - Setting next_dagrun for latest_only_with_trigger to 2024-11-16 20:00:00+00:00, run_after=2024-11-17 00:00:00+00:00
[2024-11-17T03:00:23.273+0000] {processor.py:183} INFO - Processing /home/airflow/.local/lib/python3.11/site-packages/airflow/example_dags/example_latest_only_with_trigger.py took 0.069 seconds
[2024-11-17T03:00:53.517+0000] {processor.py:161} INFO - Started process (PID=5660) to work on /home/airflow/.local/lib/python3.11/site-packages/airflow/example_dags/example_latest_only_with_trigger.py
[2024-11-17T03:00:53.518+0000] {processor.py:830} INFO - Processing file /home/airflow/.local/lib/python3.11/site-packages/airflow/example_dags/example_latest_only_with_trigger.py for tasks to queue
[2024-11-17T03:00:53.520+0000] {logging_mixin.py:188} INFO - [2024-11-17T03:00:53.520+0000] {dagbag.py:545} INFO - Filling up the DagBag from /home/airflow/.local/lib/python3.11/site-packages/airflow/example_dags/example_latest_only_with_trigger.py
[2024-11-17T03:00:53.525+0000] {processor.py:840} INFO - DAG(s) 'latest_only_with_trigger' retrieved from /home/airflow/.local/lib/python3.11/site-packages/airflow/example_dags/example_latest_only_with_trigger.py
[2024-11-17T03:00:53.542+0000] {logging_mixin.py:188} INFO - [2024-11-17T03:00:53.542+0000] {dag.py:3096} INFO - Sync 1 DAGs
[2024-11-17T03:00:53.559+0000] {logging_mixin.py:188} INFO - [2024-11-17T03:00:53.559+0000] {dag.py:3954} INFO - Setting next_dagrun for latest_only_with_trigger to 2024-11-16 20:00:00+00:00, run_after=2024-11-17 00:00:00+00:00
[2024-11-17T03:00:53.576+0000] {processor.py:183} INFO - Processing /home/airflow/.local/lib/python3.11/site-packages/airflow/example_dags/example_latest_only_with_trigger.py took 0.064 seconds
[2024-11-17T03:01:24.501+0000] {processor.py:161} INFO - Started process (PID=5926) to work on /home/airflow/.local/lib/python3.11/site-packages/airflow/example_dags/example_latest_only_with_trigger.py
[2024-11-17T03:01:24.502+0000] {processor.py:830} INFO - Processing file /home/airflow/.local/lib/python3.11/site-packages/airflow/example_dags/example_latest_only_with_trigger.py for tasks to queue
[2024-11-17T03:01:24.503+0000] {logging_mixin.py:188} INFO - [2024-11-17T03:01:24.503+0000] {dagbag.py:545} INFO - Filling up the DagBag from /home/airflow/.local/lib/python3.11/site-packages/airflow/example_dags/example_latest_only_with_trigger.py
[2024-11-17T03:01:24.508+0000] {processor.py:840} INFO - DAG(s) 'latest_only_with_trigger' retrieved from /home/airflow/.local/lib/python3.11/site-packages/airflow/example_dags/example_latest_only_with_trigger.py
[2024-11-17T03:01:24.528+0000] {logging_mixin.py:188} INFO - [2024-11-17T03:01:24.527+0000] {dag.py:3096} INFO - Sync 1 DAGs
[2024-11-17T03:01:24.546+0000] {logging_mixin.py:188} INFO - [2024-11-17T03:01:24.546+0000] {dag.py:3954} INFO - Setting next_dagrun for latest_only_with_trigger to 2024-11-16 20:00:00+00:00, run_after=2024-11-17 00:00:00+00:00
[2024-11-17T03:01:24.564+0000] {processor.py:183} INFO - Processing /home/airflow/.local/lib/python3.11/site-packages/airflow/example_dags/example_latest_only_with_trigger.py took 0.068 seconds
[2024-11-17T03:01:54.946+0000] {processor.py:161} INFO - Started process (PID=6192) to work on /home/airflow/.local/lib/python3.11/site-packages/airflow/example_dags/example_latest_only_with_trigger.py
[2024-11-17T03:01:54.947+0000] {processor.py:830} INFO - Processing file /home/airflow/.local/lib/python3.11/site-packages/airflow/example_dags/example_latest_only_with_trigger.py for tasks to queue
[2024-11-17T03:01:54.949+0000] {logging_mixin.py:188} INFO - [2024-11-17T03:01:54.948+0000] {dagbag.py:545} INFO - Filling up the DagBag from /home/airflow/.local/lib/python3.11/site-packages/airflow/example_dags/example_latest_only_with_trigger.py
[2024-11-17T03:01:54.955+0000] {processor.py:840} INFO - DAG(s) 'latest_only_with_trigger' retrieved from /home/airflow/.local/lib/python3.11/site-packages/airflow/example_dags/example_latest_only_with_trigger.py
[2024-11-17T03:01:54.976+0000] {logging_mixin.py:188} INFO - [2024-11-17T03:01:54.976+0000] {dag.py:3096} INFO - Sync 1 DAGs
[2024-11-17T03:01:54.997+0000] {logging_mixin.py:188} INFO - [2024-11-17T03:01:54.997+0000] {dag.py:3954} INFO - Setting next_dagrun for latest_only_with_trigger to 2024-11-16 20:00:00+00:00, run_after=2024-11-17 00:00:00+00:00
[2024-11-17T03:01:55.015+0000] {processor.py:183} INFO - Processing /home/airflow/.local/lib/python3.11/site-packages/airflow/example_dags/example_latest_only_with_trigger.py took 0.075 seconds
[2024-11-17T03:02:25.110+0000] {processor.py:161} INFO - Started process (PID=6458) to work on /home/airflow/.local/lib/python3.11/site-packages/airflow/example_dags/example_latest_only_with_trigger.py
[2024-11-17T03:02:25.111+0000] {processor.py:830} INFO - Processing file /home/airflow/.local/lib/python3.11/site-packages/airflow/example_dags/example_latest_only_with_trigger.py for tasks to queue
[2024-11-17T03:02:25.112+0000] {logging_mixin.py:188} INFO - [2024-11-17T03:02:25.112+0000] {dagbag.py:545} INFO - Filling up the DagBag from /home/airflow/.local/lib/python3.11/site-packages/airflow/example_dags/example_latest_only_with_trigger.py
[2024-11-17T03:02:25.118+0000] {processor.py:840} INFO - DAG(s) 'latest_only_with_trigger' retrieved from /home/airflow/.local/lib/python3.11/site-packages/airflow/example_dags/example_latest_only_with_trigger.py
[2024-11-17T03:02:25.136+0000] {logging_mixin.py:188} INFO - [2024-11-17T03:02:25.136+0000] {dag.py:3096} INFO - Sync 1 DAGs
[2024-11-17T03:02:25.153+0000] {logging_mixin.py:188} INFO - [2024-11-17T03:02:25.153+0000] {dag.py:3954} INFO - Setting next_dagrun for latest_only_with_trigger to 2024-11-16 20:00:00+00:00, run_after=2024-11-17 00:00:00+00:00
[2024-11-17T03:02:25.172+0000] {processor.py:183} INFO - Processing /home/airflow/.local/lib/python3.11/site-packages/airflow/example_dags/example_latest_only_with_trigger.py took 0.066 seconds
[2024-11-17T03:02:55.217+0000] {processor.py:161} INFO - Started process (PID=6724) to work on /home/airflow/.local/lib/python3.11/site-packages/airflow/example_dags/example_latest_only_with_trigger.py
[2024-11-17T03:02:55.218+0000] {processor.py:830} INFO - Processing file /home/airflow/.local/lib/python3.11/site-packages/airflow/example_dags/example_latest_only_with_trigger.py for tasks to queue
[2024-11-17T03:02:55.220+0000] {logging_mixin.py:188} INFO - [2024-11-17T03:02:55.220+0000] {dagbag.py:545} INFO - Filling up the DagBag from /home/airflow/.local/lib/python3.11/site-packages/airflow/example_dags/example_latest_only_with_trigger.py
[2024-11-17T03:02:55.226+0000] {processor.py:840} INFO - DAG(s) 'latest_only_with_trigger' retrieved from /home/airflow/.local/lib/python3.11/site-packages/airflow/example_dags/example_latest_only_with_trigger.py
[2024-11-17T03:02:55.243+0000] {logging_mixin.py:188} INFO - [2024-11-17T03:02:55.243+0000] {dag.py:3096} INFO - Sync 1 DAGs
[2024-11-17T03:02:55.262+0000] {logging_mixin.py:188} INFO - [2024-11-17T03:02:55.262+0000] {dag.py:3954} INFO - Setting next_dagrun for latest_only_with_trigger to 2024-11-16 20:00:00+00:00, run_after=2024-11-17 00:00:00+00:00
[2024-11-17T03:02:55.279+0000] {processor.py:183} INFO - Processing /home/airflow/.local/lib/python3.11/site-packages/airflow/example_dags/example_latest_only_with_trigger.py took 0.068 seconds
[2024-11-17T03:03:25.575+0000] {processor.py:161} INFO - Started process (PID=6992) to work on /home/airflow/.local/lib/python3.11/site-packages/airflow/example_dags/example_latest_only_with_trigger.py
[2024-11-17T03:03:25.576+0000] {processor.py:830} INFO - Processing file /home/airflow/.local/lib/python3.11/site-packages/airflow/example_dags/example_latest_only_with_trigger.py for tasks to queue
[2024-11-17T03:03:25.578+0000] {logging_mixin.py:188} INFO - [2024-11-17T03:03:25.578+0000] {dagbag.py:545} INFO - Filling up the DagBag from /home/airflow/.local/lib/python3.11/site-packages/airflow/example_dags/example_latest_only_with_trigger.py
[2024-11-17T03:03:25.584+0000] {processor.py:840} INFO - DAG(s) 'latest_only_with_trigger' retrieved from /home/airflow/.local/lib/python3.11/site-packages/airflow/example_dags/example_latest_only_with_trigger.py
[2024-11-17T03:03:25.604+0000] {logging_mixin.py:188} INFO - [2024-11-17T03:03:25.603+0000] {dag.py:3096} INFO - Sync 1 DAGs
[2024-11-17T03:03:25.622+0000] {logging_mixin.py:188} INFO - [2024-11-17T03:03:25.621+0000] {dag.py:3954} INFO - Setting next_dagrun for latest_only_with_trigger to 2024-11-16 20:00:00+00:00, run_after=2024-11-17 00:00:00+00:00
[2024-11-17T03:03:25.638+0000] {processor.py:183} INFO - Processing /home/airflow/.local/lib/python3.11/site-packages/airflow/example_dags/example_latest_only_with_trigger.py took 0.068 seconds
[2024-11-17T03:03:56.003+0000] {processor.py:161} INFO - Started process (PID=7258) to work on /home/airflow/.local/lib/python3.11/site-packages/airflow/example_dags/example_latest_only_with_trigger.py
[2024-11-17T03:03:56.004+0000] {processor.py:830} INFO - Processing file /home/airflow/.local/lib/python3.11/site-packages/airflow/example_dags/example_latest_only_with_trigger.py for tasks to queue
[2024-11-17T03:03:56.006+0000] {logging_mixin.py:188} INFO - [2024-11-17T03:03:56.005+0000] {dagbag.py:545} INFO - Filling up the DagBag from /home/airflow/.local/lib/python3.11/site-packages/airflow/example_dags/example_latest_only_with_trigger.py
[2024-11-17T03:03:56.010+0000] {processor.py:840} INFO - DAG(s) 'latest_only_with_trigger' retrieved from /home/airflow/.local/lib/python3.11/site-packages/airflow/example_dags/example_latest_only_with_trigger.py
[2024-11-17T03:03:56.028+0000] {logging_mixin.py:188} INFO - [2024-11-17T03:03:56.027+0000] {dag.py:3096} INFO - Sync 1 DAGs
[2024-11-17T03:03:56.044+0000] {logging_mixin.py:188} INFO - [2024-11-17T03:03:56.044+0000] {dag.py:3954} INFO - Setting next_dagrun for latest_only_with_trigger to 2024-11-16 20:00:00+00:00, run_after=2024-11-17 00:00:00+00:00
[2024-11-17T03:03:56.061+0000] {processor.py:183} INFO - Processing /home/airflow/.local/lib/python3.11/site-packages/airflow/example_dags/example_latest_only_with_trigger.py took 0.064 seconds
[2024-11-17T03:04:26.903+0000] {processor.py:161} INFO - Started process (PID=7522) to work on /home/airflow/.local/lib/python3.11/site-packages/airflow/example_dags/example_latest_only_with_trigger.py
[2024-11-17T03:04:26.903+0000] {processor.py:830} INFO - Processing file /home/airflow/.local/lib/python3.11/site-packages/airflow/example_dags/example_latest_only_with_trigger.py for tasks to queue
[2024-11-17T03:04:26.905+0000] {logging_mixin.py:188} INFO - [2024-11-17T03:04:26.905+0000] {dagbag.py:545} INFO - Filling up the DagBag from /home/airflow/.local/lib/python3.11/site-packages/airflow/example_dags/example_latest_only_with_trigger.py
[2024-11-17T03:04:26.909+0000] {processor.py:840} INFO - DAG(s) 'latest_only_with_trigger' retrieved from /home/airflow/.local/lib/python3.11/site-packages/airflow/example_dags/example_latest_only_with_trigger.py
[2024-11-17T03:04:26.926+0000] {logging_mixin.py:188} INFO - [2024-11-17T03:04:26.926+0000] {dag.py:3096} INFO - Sync 1 DAGs
[2024-11-17T03:04:26.942+0000] {logging_mixin.py:188} INFO - [2024-11-17T03:04:26.942+0000] {dag.py:3954} INFO - Setting next_dagrun for latest_only_with_trigger to 2024-11-16 20:00:00+00:00, run_after=2024-11-17 00:00:00+00:00
[2024-11-17T03:04:26.959+0000] {processor.py:183} INFO - Processing /home/airflow/.local/lib/python3.11/site-packages/airflow/example_dags/example_latest_only_with_trigger.py took 0.061 seconds
[2024-11-17T03:04:57.895+0000] {processor.py:161} INFO - Started process (PID=7790) to work on /home/airflow/.local/lib/python3.11/site-packages/airflow/example_dags/example_latest_only_with_trigger.py
[2024-11-17T03:04:57.896+0000] {processor.py:830} INFO - Processing file /home/airflow/.local/lib/python3.11/site-packages/airflow/example_dags/example_latest_only_with_trigger.py for tasks to queue
[2024-11-17T03:04:57.897+0000] {logging_mixin.py:188} INFO - [2024-11-17T03:04:57.897+0000] {dagbag.py:545} INFO - Filling up the DagBag from /home/airflow/.local/lib/python3.11/site-packages/airflow/example_dags/example_latest_only_with_trigger.py
[2024-11-17T03:04:57.902+0000] {processor.py:840} INFO - DAG(s) 'latest_only_with_trigger' retrieved from /home/airflow/.local/lib/python3.11/site-packages/airflow/example_dags/example_latest_only_with_trigger.py
[2024-11-17T03:04:57.919+0000] {logging_mixin.py:188} INFO - [2024-11-17T03:04:57.919+0000] {dag.py:3096} INFO - Sync 1 DAGs
[2024-11-17T03:04:57.936+0000] {logging_mixin.py:188} INFO - [2024-11-17T03:04:57.936+0000] {dag.py:3954} INFO - Setting next_dagrun for latest_only_with_trigger to 2024-11-16 20:00:00+00:00, run_after=2024-11-17 00:00:00+00:00
[2024-11-17T03:04:57.952+0000] {processor.py:183} INFO - Processing /home/airflow/.local/lib/python3.11/site-packages/airflow/example_dags/example_latest_only_with_trigger.py took 0.062 seconds
[2024-11-17T03:05:28.048+0000] {processor.py:161} INFO - Started process (PID=8054) to work on /home/airflow/.local/lib/python3.11/site-packages/airflow/example_dags/example_latest_only_with_trigger.py
[2024-11-17T03:05:28.049+0000] {processor.py:830} INFO - Processing file /home/airflow/.local/lib/python3.11/site-packages/airflow/example_dags/example_latest_only_with_trigger.py for tasks to queue
[2024-11-17T03:05:28.051+0000] {logging_mixin.py:188} INFO - [2024-11-17T03:05:28.050+0000] {dagbag.py:545} INFO - Filling up the DagBag from /home/airflow/.local/lib/python3.11/site-packages/airflow/example_dags/example_latest_only_with_trigger.py
[2024-11-17T03:05:28.055+0000] {processor.py:840} INFO - DAG(s) 'latest_only_with_trigger' retrieved from /home/airflow/.local/lib/python3.11/site-packages/airflow/example_dags/example_latest_only_with_trigger.py
[2024-11-17T03:05:28.072+0000] {logging_mixin.py:188} INFO - [2024-11-17T03:05:28.072+0000] {dag.py:3096} INFO - Sync 1 DAGs
[2024-11-17T03:05:28.088+0000] {logging_mixin.py:188} INFO - [2024-11-17T03:05:28.088+0000] {dag.py:3954} INFO - Setting next_dagrun for latest_only_with_trigger to 2024-11-16 20:00:00+00:00, run_after=2024-11-17 00:00:00+00:00
[2024-11-17T03:05:28.104+0000] {processor.py:183} INFO - Processing /home/airflow/.local/lib/python3.11/site-packages/airflow/example_dags/example_latest_only_with_trigger.py took 0.061 seconds
