[2024-11-17T02:50:41.474+0000] {processor.py:161} INFO - Started process (PID=345) to work on /home/airflow/.local/lib/python3.11/site-packages/airflow/example_dags/example_subdag_operator.py
[2024-11-17T02:50:41.475+0000] {processor.py:830} INFO - Processing file /home/airflow/.local/lib/python3.11/site-packages/airflow/example_dags/example_subdag_operator.py for tasks to queue
[2024-11-17T02:50:41.477+0000] {logging_mixin.py:188} INFO - [2024-11-17T02:50:41.476+0000] {dagbag.py:545} INFO - Filling up the DagBag from /home/airflow/.local/lib/python3.11/site-packages/airflow/example_dags/example_subdag_operator.py
[2024-11-17T02:50:41.505+0000] {processor.py:840} INFO - DAG(s) 'example_subdag_operator.section-1', 'example_subdag_operator.section-2', 'example_subdag_operator' retrieved from /home/airflow/.local/lib/python3.11/site-packages/airflow/example_dags/example_subdag_operator.py
[2024-11-17T02:50:41.511+0000] {logging_mixin.py:188} INFO - [2024-11-17T02:50:41.511+0000] {dag.py:3096} INFO - Sync 3 DAGs
[2024-11-17T02:50:41.539+0000] {logging_mixin.py:188} INFO - [2024-11-17T02:50:41.539+0000] {dag.py:3954} INFO - Setting next_dagrun for example_subdag_operator to 2022-01-01 00:00:00+00:00, run_after=2022-01-01 00:00:00+00:00
[2024-11-17T02:50:41.545+0000] {logging_mixin.py:188} INFO - [2024-11-17T02:50:41.544+0000] {dag.py:3954} INFO - Setting next_dagrun for example_subdag_operator.section-1 to None, run_after=None
[2024-11-17T02:50:41.547+0000] {logging_mixin.py:188} INFO - [2024-11-17T02:50:41.547+0000] {dag.py:3954} INFO - Setting next_dagrun for example_subdag_operator.section-2 to None, run_after=None
[2024-11-17T02:50:41.555+0000] {logging_mixin.py:188} INFO - [2024-11-17T02:50:41.555+0000] {dag.py:3096} INFO - Sync 2 DAGs
[2024-11-17T02:50:41.561+0000] {logging_mixin.py:188} INFO - [2024-11-17T02:50:41.560+0000] {dag.py:3954} INFO - Setting next_dagrun for example_subdag_operator.section-1 to None, run_after=None
[2024-11-17T02:50:41.562+0000] {logging_mixin.py:188} INFO - [2024-11-17T02:50:41.561+0000] {dag.py:3954} INFO - Setting next_dagrun for example_subdag_operator.section-2 to None, run_after=None
[2024-11-17T02:50:41.574+0000] {processor.py:183} INFO - Processing /home/airflow/.local/lib/python3.11/site-packages/airflow/example_dags/example_subdag_operator.py took 0.105 seconds
[2024-11-17T02:51:13.782+0000] {processor.py:161} INFO - Started process (PID=611) to work on /home/airflow/.local/lib/python3.11/site-packages/airflow/example_dags/example_subdag_operator.py
[2024-11-17T02:51:13.783+0000] {processor.py:830} INFO - Processing file /home/airflow/.local/lib/python3.11/site-packages/airflow/example_dags/example_subdag_operator.py for tasks to queue
[2024-11-17T02:51:13.785+0000] {logging_mixin.py:188} INFO - [2024-11-17T02:51:13.785+0000] {dagbag.py:545} INFO - Filling up the DagBag from /home/airflow/.local/lib/python3.11/site-packages/airflow/example_dags/example_subdag_operator.py
[2024-11-17T02:51:13.809+0000] {processor.py:840} INFO - DAG(s) 'example_subdag_operator.section-1', 'example_subdag_operator.section-2', 'example_subdag_operator' retrieved from /home/airflow/.local/lib/python3.11/site-packages/airflow/example_dags/example_subdag_operator.py
[2024-11-17T02:51:13.888+0000] {logging_mixin.py:188} INFO - [2024-11-17T02:51:13.888+0000] {dag.py:3096} INFO - Sync 3 DAGs
[2024-11-17T02:51:13.905+0000] {logging_mixin.py:188} INFO - [2024-11-17T02:51:13.905+0000] {dag.py:3954} INFO - Setting next_dagrun for example_subdag_operator to 2022-01-01 00:00:00+00:00, run_after=2022-01-01 00:00:00+00:00
[2024-11-17T02:51:13.908+0000] {logging_mixin.py:188} INFO - [2024-11-17T02:51:13.908+0000] {dag.py:3954} INFO - Setting next_dagrun for example_subdag_operator.section-1 to None, run_after=None
[2024-11-17T02:51:13.909+0000] {logging_mixin.py:188} INFO - [2024-11-17T02:51:13.909+0000] {dag.py:3954} INFO - Setting next_dagrun for example_subdag_operator.section-2 to None, run_after=None
[2024-11-17T02:51:13.916+0000] {logging_mixin.py:188} INFO - [2024-11-17T02:51:13.915+0000] {dag.py:3096} INFO - Sync 2 DAGs
[2024-11-17T02:51:13.920+0000] {logging_mixin.py:188} INFO - [2024-11-17T02:51:13.919+0000] {dag.py:3954} INFO - Setting next_dagrun for example_subdag_operator.section-1 to None, run_after=None
[2024-11-17T02:51:13.920+0000] {logging_mixin.py:188} INFO - [2024-11-17T02:51:13.920+0000] {dag.py:3954} INFO - Setting next_dagrun for example_subdag_operator.section-2 to None, run_after=None
[2024-11-17T02:51:13.929+0000] {processor.py:183} INFO - Processing /home/airflow/.local/lib/python3.11/site-packages/airflow/example_dags/example_subdag_operator.py took 0.154 seconds
[2024-11-17T02:51:44.150+0000] {processor.py:161} INFO - Started process (PID=879) to work on /home/airflow/.local/lib/python3.11/site-packages/airflow/example_dags/example_subdag_operator.py
[2024-11-17T02:51:44.152+0000] {processor.py:830} INFO - Processing file /home/airflow/.local/lib/python3.11/site-packages/airflow/example_dags/example_subdag_operator.py for tasks to queue
[2024-11-17T02:51:44.153+0000] {logging_mixin.py:188} INFO - [2024-11-17T02:51:44.153+0000] {dagbag.py:545} INFO - Filling up the DagBag from /home/airflow/.local/lib/python3.11/site-packages/airflow/example_dags/example_subdag_operator.py
[2024-11-17T02:51:44.174+0000] {processor.py:840} INFO - DAG(s) 'example_subdag_operator.section-1', 'example_subdag_operator.section-2', 'example_subdag_operator' retrieved from /home/airflow/.local/lib/python3.11/site-packages/airflow/example_dags/example_subdag_operator.py
[2024-11-17T02:51:44.187+0000] {logging_mixin.py:188} INFO - [2024-11-17T02:51:44.187+0000] {dag.py:3096} INFO - Sync 3 DAGs
[2024-11-17T02:51:44.207+0000] {logging_mixin.py:188} INFO - [2024-11-17T02:51:44.207+0000] {dag.py:3954} INFO - Setting next_dagrun for example_subdag_operator to 2022-01-01 00:00:00+00:00, run_after=2022-01-01 00:00:00+00:00
[2024-11-17T02:51:44.211+0000] {logging_mixin.py:188} INFO - [2024-11-17T02:51:44.211+0000] {dag.py:3954} INFO - Setting next_dagrun for example_subdag_operator.section-1 to None, run_after=None
[2024-11-17T02:51:44.213+0000] {logging_mixin.py:188} INFO - [2024-11-17T02:51:44.213+0000] {dag.py:3954} INFO - Setting next_dagrun for example_subdag_operator.section-2 to None, run_after=None
[2024-11-17T02:51:44.222+0000] {logging_mixin.py:188} INFO - [2024-11-17T02:51:44.222+0000] {dag.py:3096} INFO - Sync 2 DAGs
[2024-11-17T02:51:44.229+0000] {logging_mixin.py:188} INFO - [2024-11-17T02:51:44.229+0000] {dag.py:3954} INFO - Setting next_dagrun for example_subdag_operator.section-1 to None, run_after=None
[2024-11-17T02:51:44.230+0000] {logging_mixin.py:188} INFO - [2024-11-17T02:51:44.230+0000] {dag.py:3954} INFO - Setting next_dagrun for example_subdag_operator.section-2 to None, run_after=None
[2024-11-17T02:51:44.249+0000] {processor.py:183} INFO - Processing /home/airflow/.local/lib/python3.11/site-packages/airflow/example_dags/example_subdag_operator.py took 0.104 seconds
[2024-11-17T02:52:14.377+0000] {processor.py:161} INFO - Started process (PID=1145) to work on /home/airflow/.local/lib/python3.11/site-packages/airflow/example_dags/example_subdag_operator.py
[2024-11-17T02:52:14.378+0000] {processor.py:830} INFO - Processing file /home/airflow/.local/lib/python3.11/site-packages/airflow/example_dags/example_subdag_operator.py for tasks to queue
[2024-11-17T02:52:14.379+0000] {logging_mixin.py:188} INFO - [2024-11-17T02:52:14.379+0000] {dagbag.py:545} INFO - Filling up the DagBag from /home/airflow/.local/lib/python3.11/site-packages/airflow/example_dags/example_subdag_operator.py
[2024-11-17T02:52:14.400+0000] {processor.py:840} INFO - DAG(s) 'example_subdag_operator.section-1', 'example_subdag_operator.section-2', 'example_subdag_operator' retrieved from /home/airflow/.local/lib/python3.11/site-packages/airflow/example_dags/example_subdag_operator.py
[2024-11-17T02:52:14.414+0000] {logging_mixin.py:188} INFO - [2024-11-17T02:52:14.414+0000] {dag.py:3096} INFO - Sync 3 DAGs
[2024-11-17T02:52:14.436+0000] {logging_mixin.py:188} INFO - [2024-11-17T02:52:14.435+0000] {dag.py:3954} INFO - Setting next_dagrun for example_subdag_operator to 2022-01-01 00:00:00+00:00, run_after=2022-01-01 00:00:00+00:00
[2024-11-17T02:52:14.440+0000] {logging_mixin.py:188} INFO - [2024-11-17T02:52:14.440+0000] {dag.py:3954} INFO - Setting next_dagrun for example_subdag_operator.section-1 to None, run_after=None
[2024-11-17T02:52:14.441+0000] {logging_mixin.py:188} INFO - [2024-11-17T02:52:14.441+0000] {dag.py:3954} INFO - Setting next_dagrun for example_subdag_operator.section-2 to None, run_after=None
[2024-11-17T02:52:14.449+0000] {logging_mixin.py:188} INFO - [2024-11-17T02:52:14.448+0000] {dag.py:3096} INFO - Sync 2 DAGs
[2024-11-17T02:52:14.454+0000] {logging_mixin.py:188} INFO - [2024-11-17T02:52:14.453+0000] {dag.py:3954} INFO - Setting next_dagrun for example_subdag_operator.section-1 to None, run_after=None
[2024-11-17T02:52:14.454+0000] {logging_mixin.py:188} INFO - [2024-11-17T02:52:14.454+0000] {dag.py:3954} INFO - Setting next_dagrun for example_subdag_operator.section-2 to None, run_after=None
[2024-11-17T02:52:14.465+0000] {processor.py:183} INFO - Processing /home/airflow/.local/lib/python3.11/site-packages/airflow/example_dags/example_subdag_operator.py took 0.093 seconds
[2024-11-17T02:52:45.483+0000] {processor.py:161} INFO - Started process (PID=1411) to work on /home/airflow/.local/lib/python3.11/site-packages/airflow/example_dags/example_subdag_operator.py
[2024-11-17T02:52:45.484+0000] {processor.py:830} INFO - Processing file /home/airflow/.local/lib/python3.11/site-packages/airflow/example_dags/example_subdag_operator.py for tasks to queue
[2024-11-17T02:52:45.485+0000] {logging_mixin.py:188} INFO - [2024-11-17T02:52:45.485+0000] {dagbag.py:545} INFO - Filling up the DagBag from /home/airflow/.local/lib/python3.11/site-packages/airflow/example_dags/example_subdag_operator.py
[2024-11-17T02:52:45.505+0000] {processor.py:840} INFO - DAG(s) 'example_subdag_operator.section-1', 'example_subdag_operator.section-2', 'example_subdag_operator' retrieved from /home/airflow/.local/lib/python3.11/site-packages/airflow/example_dags/example_subdag_operator.py
[2024-11-17T02:52:45.520+0000] {logging_mixin.py:188} INFO - [2024-11-17T02:52:45.519+0000] {dag.py:3096} INFO - Sync 3 DAGs
[2024-11-17T02:52:45.541+0000] {logging_mixin.py:188} INFO - [2024-11-17T02:52:45.540+0000] {dag.py:3954} INFO - Setting next_dagrun for example_subdag_operator to 2022-01-01 00:00:00+00:00, run_after=2022-01-01 00:00:00+00:00
[2024-11-17T02:52:45.544+0000] {logging_mixin.py:188} INFO - [2024-11-17T02:52:45.544+0000] {dag.py:3954} INFO - Setting next_dagrun for example_subdag_operator.section-1 to None, run_after=None
[2024-11-17T02:52:45.546+0000] {logging_mixin.py:188} INFO - [2024-11-17T02:52:45.546+0000] {dag.py:3954} INFO - Setting next_dagrun for example_subdag_operator.section-2 to None, run_after=None
[2024-11-17T02:52:45.553+0000] {logging_mixin.py:188} INFO - [2024-11-17T02:52:45.552+0000] {dag.py:3096} INFO - Sync 2 DAGs
[2024-11-17T02:52:45.557+0000] {logging_mixin.py:188} INFO - [2024-11-17T02:52:45.557+0000] {dag.py:3954} INFO - Setting next_dagrun for example_subdag_operator.section-1 to None, run_after=None
[2024-11-17T02:52:45.557+0000] {logging_mixin.py:188} INFO - [2024-11-17T02:52:45.557+0000] {dag.py:3954} INFO - Setting next_dagrun for example_subdag_operator.section-2 to None, run_after=None
[2024-11-17T02:52:45.567+0000] {processor.py:183} INFO - Processing /home/airflow/.local/lib/python3.11/site-packages/airflow/example_dags/example_subdag_operator.py took 0.089 seconds
[2024-11-17T02:53:16.629+0000] {processor.py:161} INFO - Started process (PID=1675) to work on /home/airflow/.local/lib/python3.11/site-packages/airflow/example_dags/example_subdag_operator.py
[2024-11-17T02:53:16.629+0000] {processor.py:830} INFO - Processing file /home/airflow/.local/lib/python3.11/site-packages/airflow/example_dags/example_subdag_operator.py for tasks to queue
[2024-11-17T02:53:16.631+0000] {logging_mixin.py:188} INFO - [2024-11-17T02:53:16.631+0000] {dagbag.py:545} INFO - Filling up the DagBag from /home/airflow/.local/lib/python3.11/site-packages/airflow/example_dags/example_subdag_operator.py
[2024-11-17T02:53:16.650+0000] {processor.py:840} INFO - DAG(s) 'example_subdag_operator.section-1', 'example_subdag_operator.section-2', 'example_subdag_operator' retrieved from /home/airflow/.local/lib/python3.11/site-packages/airflow/example_dags/example_subdag_operator.py
[2024-11-17T02:53:16.664+0000] {logging_mixin.py:188} INFO - [2024-11-17T02:53:16.664+0000] {dag.py:3096} INFO - Sync 3 DAGs
[2024-11-17T02:53:16.682+0000] {logging_mixin.py:188} INFO - [2024-11-17T02:53:16.682+0000] {dag.py:3954} INFO - Setting next_dagrun for example_subdag_operator to 2022-01-01 00:00:00+00:00, run_after=2022-01-01 00:00:00+00:00
[2024-11-17T02:53:16.685+0000] {logging_mixin.py:188} INFO - [2024-11-17T02:53:16.685+0000] {dag.py:3954} INFO - Setting next_dagrun for example_subdag_operator.section-1 to None, run_after=None
[2024-11-17T02:53:16.687+0000] {logging_mixin.py:188} INFO - [2024-11-17T02:53:16.686+0000] {dag.py:3954} INFO - Setting next_dagrun for example_subdag_operator.section-2 to None, run_after=None
[2024-11-17T02:53:16.693+0000] {logging_mixin.py:188} INFO - [2024-11-17T02:53:16.693+0000] {dag.py:3096} INFO - Sync 2 DAGs
[2024-11-17T02:53:16.699+0000] {logging_mixin.py:188} INFO - [2024-11-17T02:53:16.698+0000] {dag.py:3954} INFO - Setting next_dagrun for example_subdag_operator.section-1 to None, run_after=None
[2024-11-17T02:53:16.699+0000] {logging_mixin.py:188} INFO - [2024-11-17T02:53:16.699+0000] {dag.py:3954} INFO - Setting next_dagrun for example_subdag_operator.section-2 to None, run_after=None
[2024-11-17T02:53:16.711+0000] {processor.py:183} INFO - Processing /home/airflow/.local/lib/python3.11/site-packages/airflow/example_dags/example_subdag_operator.py took 0.087 seconds
[2024-11-17T02:53:46.910+0000] {processor.py:161} INFO - Started process (PID=1941) to work on /home/airflow/.local/lib/python3.11/site-packages/airflow/example_dags/example_subdag_operator.py
[2024-11-17T02:53:46.911+0000] {processor.py:830} INFO - Processing file /home/airflow/.local/lib/python3.11/site-packages/airflow/example_dags/example_subdag_operator.py for tasks to queue
[2024-11-17T02:53:46.913+0000] {logging_mixin.py:188} INFO - [2024-11-17T02:53:46.913+0000] {dagbag.py:545} INFO - Filling up the DagBag from /home/airflow/.local/lib/python3.11/site-packages/airflow/example_dags/example_subdag_operator.py
[2024-11-17T02:53:46.937+0000] {processor.py:840} INFO - DAG(s) 'example_subdag_operator.section-1', 'example_subdag_operator.section-2', 'example_subdag_operator' retrieved from /home/airflow/.local/lib/python3.11/site-packages/airflow/example_dags/example_subdag_operator.py
[2024-11-17T02:53:46.952+0000] {logging_mixin.py:188} INFO - [2024-11-17T02:53:46.952+0000] {dag.py:3096} INFO - Sync 3 DAGs
[2024-11-17T02:53:46.974+0000] {logging_mixin.py:188} INFO - [2024-11-17T02:53:46.973+0000] {dag.py:3954} INFO - Setting next_dagrun for example_subdag_operator to 2022-01-01 00:00:00+00:00, run_after=2022-01-01 00:00:00+00:00
[2024-11-17T02:53:46.978+0000] {logging_mixin.py:188} INFO - [2024-11-17T02:53:46.978+0000] {dag.py:3954} INFO - Setting next_dagrun for example_subdag_operator.section-1 to None, run_after=None
[2024-11-17T02:53:46.979+0000] {logging_mixin.py:188} INFO - [2024-11-17T02:53:46.979+0000] {dag.py:3954} INFO - Setting next_dagrun for example_subdag_operator.section-2 to None, run_after=None
[2024-11-17T02:53:46.987+0000] {logging_mixin.py:188} INFO - [2024-11-17T02:53:46.986+0000] {dag.py:3096} INFO - Sync 2 DAGs
[2024-11-17T02:53:46.992+0000] {logging_mixin.py:188} INFO - [2024-11-17T02:53:46.992+0000] {dag.py:3954} INFO - Setting next_dagrun for example_subdag_operator.section-1 to None, run_after=None
[2024-11-17T02:53:46.992+0000] {logging_mixin.py:188} INFO - [2024-11-17T02:53:46.992+0000] {dag.py:3954} INFO - Setting next_dagrun for example_subdag_operator.section-2 to None, run_after=None
[2024-11-17T02:53:47.003+0000] {processor.py:183} INFO - Processing /home/airflow/.local/lib/python3.11/site-packages/airflow/example_dags/example_subdag_operator.py took 0.099 seconds
[2024-11-17T02:54:17.926+0000] {processor.py:161} INFO - Started process (PID=2207) to work on /home/airflow/.local/lib/python3.11/site-packages/airflow/example_dags/example_subdag_operator.py
[2024-11-17T02:54:17.927+0000] {processor.py:830} INFO - Processing file /home/airflow/.local/lib/python3.11/site-packages/airflow/example_dags/example_subdag_operator.py for tasks to queue
[2024-11-17T02:54:17.929+0000] {logging_mixin.py:188} INFO - [2024-11-17T02:54:17.929+0000] {dagbag.py:545} INFO - Filling up the DagBag from /home/airflow/.local/lib/python3.11/site-packages/airflow/example_dags/example_subdag_operator.py
[2024-11-17T02:54:17.949+0000] {processor.py:840} INFO - DAG(s) 'example_subdag_operator.section-1', 'example_subdag_operator.section-2', 'example_subdag_operator' retrieved from /home/airflow/.local/lib/python3.11/site-packages/airflow/example_dags/example_subdag_operator.py
[2024-11-17T02:54:17.962+0000] {logging_mixin.py:188} INFO - [2024-11-17T02:54:17.962+0000] {dag.py:3096} INFO - Sync 3 DAGs
[2024-11-17T02:54:17.981+0000] {logging_mixin.py:188} INFO - [2024-11-17T02:54:17.980+0000] {dag.py:3954} INFO - Setting next_dagrun for example_subdag_operator to 2022-01-01 00:00:00+00:00, run_after=2022-01-01 00:00:00+00:00
[2024-11-17T02:54:17.984+0000] {logging_mixin.py:188} INFO - [2024-11-17T02:54:17.984+0000] {dag.py:3954} INFO - Setting next_dagrun for example_subdag_operator.section-1 to None, run_after=None
[2024-11-17T02:54:17.985+0000] {logging_mixin.py:188} INFO - [2024-11-17T02:54:17.985+0000] {dag.py:3954} INFO - Setting next_dagrun for example_subdag_operator.section-2 to None, run_after=None
[2024-11-17T02:54:17.992+0000] {logging_mixin.py:188} INFO - [2024-11-17T02:54:17.992+0000] {dag.py:3096} INFO - Sync 2 DAGs
[2024-11-17T02:54:17.997+0000] {logging_mixin.py:188} INFO - [2024-11-17T02:54:17.996+0000] {dag.py:3954} INFO - Setting next_dagrun for example_subdag_operator.section-1 to None, run_after=None
[2024-11-17T02:54:17.997+0000] {logging_mixin.py:188} INFO - [2024-11-17T02:54:17.997+0000] {dag.py:3954} INFO - Setting next_dagrun for example_subdag_operator.section-2 to None, run_after=None
[2024-11-17T02:54:18.009+0000] {processor.py:183} INFO - Processing /home/airflow/.local/lib/python3.11/site-packages/airflow/example_dags/example_subdag_operator.py took 0.088 seconds
[2024-11-17T02:54:48.947+0000] {processor.py:161} INFO - Started process (PID=2475) to work on /home/airflow/.local/lib/python3.11/site-packages/airflow/example_dags/example_subdag_operator.py
[2024-11-17T02:54:48.948+0000] {processor.py:830} INFO - Processing file /home/airflow/.local/lib/python3.11/site-packages/airflow/example_dags/example_subdag_operator.py for tasks to queue
[2024-11-17T02:54:48.949+0000] {logging_mixin.py:188} INFO - [2024-11-17T02:54:48.949+0000] {dagbag.py:545} INFO - Filling up the DagBag from /home/airflow/.local/lib/python3.11/site-packages/airflow/example_dags/example_subdag_operator.py
[2024-11-17T02:54:48.969+0000] {processor.py:840} INFO - DAG(s) 'example_subdag_operator.section-1', 'example_subdag_operator.section-2', 'example_subdag_operator' retrieved from /home/airflow/.local/lib/python3.11/site-packages/airflow/example_dags/example_subdag_operator.py
[2024-11-17T02:54:48.983+0000] {logging_mixin.py:188} INFO - [2024-11-17T02:54:48.982+0000] {dag.py:3096} INFO - Sync 3 DAGs
[2024-11-17T02:54:48.999+0000] {logging_mixin.py:188} INFO - [2024-11-17T02:54:48.999+0000] {dag.py:3954} INFO - Setting next_dagrun for example_subdag_operator to 2022-01-01 00:00:00+00:00, run_after=2022-01-01 00:00:00+00:00
[2024-11-17T02:54:49.003+0000] {logging_mixin.py:188} INFO - [2024-11-17T02:54:49.003+0000] {dag.py:3954} INFO - Setting next_dagrun for example_subdag_operator.section-1 to None, run_after=None
[2024-11-17T02:54:49.005+0000] {logging_mixin.py:188} INFO - [2024-11-17T02:54:49.004+0000] {dag.py:3954} INFO - Setting next_dagrun for example_subdag_operator.section-2 to None, run_after=None
[2024-11-17T02:54:49.012+0000] {logging_mixin.py:188} INFO - [2024-11-17T02:54:49.012+0000] {dag.py:3096} INFO - Sync 2 DAGs
[2024-11-17T02:54:49.017+0000] {logging_mixin.py:188} INFO - [2024-11-17T02:54:49.017+0000] {dag.py:3954} INFO - Setting next_dagrun for example_subdag_operator.section-1 to None, run_after=None
[2024-11-17T02:54:49.017+0000] {logging_mixin.py:188} INFO - [2024-11-17T02:54:49.017+0000] {dag.py:3954} INFO - Setting next_dagrun for example_subdag_operator.section-2 to None, run_after=None
[2024-11-17T02:54:49.027+0000] {processor.py:183} INFO - Processing /home/airflow/.local/lib/python3.11/site-packages/airflow/example_dags/example_subdag_operator.py took 0.086 seconds
[2024-11-17T02:55:19.679+0000] {processor.py:161} INFO - Started process (PID=2739) to work on /home/airflow/.local/lib/python3.11/site-packages/airflow/example_dags/example_subdag_operator.py
[2024-11-17T02:55:19.680+0000] {processor.py:830} INFO - Processing file /home/airflow/.local/lib/python3.11/site-packages/airflow/example_dags/example_subdag_operator.py for tasks to queue
[2024-11-17T02:55:19.682+0000] {logging_mixin.py:188} INFO - [2024-11-17T02:55:19.681+0000] {dagbag.py:545} INFO - Filling up the DagBag from /home/airflow/.local/lib/python3.11/site-packages/airflow/example_dags/example_subdag_operator.py
[2024-11-17T02:55:19.705+0000] {processor.py:840} INFO - DAG(s) 'example_subdag_operator.section-1', 'example_subdag_operator.section-2', 'example_subdag_operator' retrieved from /home/airflow/.local/lib/python3.11/site-packages/airflow/example_dags/example_subdag_operator.py
[2024-11-17T02:55:19.719+0000] {logging_mixin.py:188} INFO - [2024-11-17T02:55:19.718+0000] {dag.py:3096} INFO - Sync 3 DAGs
[2024-11-17T02:55:19.740+0000] {logging_mixin.py:188} INFO - [2024-11-17T02:55:19.740+0000] {dag.py:3954} INFO - Setting next_dagrun for example_subdag_operator to 2022-01-01 00:00:00+00:00, run_after=2022-01-01 00:00:00+00:00
[2024-11-17T02:55:19.744+0000] {logging_mixin.py:188} INFO - [2024-11-17T02:55:19.744+0000] {dag.py:3954} INFO - Setting next_dagrun for example_subdag_operator.section-1 to None, run_after=None
[2024-11-17T02:55:19.745+0000] {logging_mixin.py:188} INFO - [2024-11-17T02:55:19.745+0000] {dag.py:3954} INFO - Setting next_dagrun for example_subdag_operator.section-2 to None, run_after=None
[2024-11-17T02:55:19.753+0000] {logging_mixin.py:188} INFO - [2024-11-17T02:55:19.752+0000] {dag.py:3096} INFO - Sync 2 DAGs
[2024-11-17T02:55:19.758+0000] {logging_mixin.py:188} INFO - [2024-11-17T02:55:19.758+0000] {dag.py:3954} INFO - Setting next_dagrun for example_subdag_operator.section-1 to None, run_after=None
[2024-11-17T02:55:19.759+0000] {logging_mixin.py:188} INFO - [2024-11-17T02:55:19.759+0000] {dag.py:3954} INFO - Setting next_dagrun for example_subdag_operator.section-2 to None, run_after=None
[2024-11-17T02:55:19.769+0000] {processor.py:183} INFO - Processing /home/airflow/.local/lib/python3.11/site-packages/airflow/example_dags/example_subdag_operator.py took 0.095 seconds
[2024-11-17T02:55:50.769+0000] {processor.py:161} INFO - Started process (PID=3007) to work on /home/airflow/.local/lib/python3.11/site-packages/airflow/example_dags/example_subdag_operator.py
[2024-11-17T02:55:50.770+0000] {processor.py:830} INFO - Processing file /home/airflow/.local/lib/python3.11/site-packages/airflow/example_dags/example_subdag_operator.py for tasks to queue
[2024-11-17T02:55:50.772+0000] {logging_mixin.py:188} INFO - [2024-11-17T02:55:50.772+0000] {dagbag.py:545} INFO - Filling up the DagBag from /home/airflow/.local/lib/python3.11/site-packages/airflow/example_dags/example_subdag_operator.py
[2024-11-17T02:55:50.791+0000] {processor.py:840} INFO - DAG(s) 'example_subdag_operator.section-1', 'example_subdag_operator.section-2', 'example_subdag_operator' retrieved from /home/airflow/.local/lib/python3.11/site-packages/airflow/example_dags/example_subdag_operator.py
[2024-11-17T02:55:50.805+0000] {logging_mixin.py:188} INFO - [2024-11-17T02:55:50.804+0000] {dag.py:3096} INFO - Sync 3 DAGs
[2024-11-17T02:55:50.822+0000] {logging_mixin.py:188} INFO - [2024-11-17T02:55:50.821+0000] {dag.py:3954} INFO - Setting next_dagrun for example_subdag_operator to 2022-01-01 00:00:00+00:00, run_after=2022-01-01 00:00:00+00:00
[2024-11-17T02:55:50.825+0000] {logging_mixin.py:188} INFO - [2024-11-17T02:55:50.824+0000] {dag.py:3954} INFO - Setting next_dagrun for example_subdag_operator.section-1 to None, run_after=None
[2024-11-17T02:55:50.826+0000] {logging_mixin.py:188} INFO - [2024-11-17T02:55:50.826+0000] {dag.py:3954} INFO - Setting next_dagrun for example_subdag_operator.section-2 to None, run_after=None
[2024-11-17T02:55:50.833+0000] {logging_mixin.py:188} INFO - [2024-11-17T02:55:50.833+0000] {dag.py:3096} INFO - Sync 2 DAGs
[2024-11-17T02:55:50.838+0000] {logging_mixin.py:188} INFO - [2024-11-17T02:55:50.837+0000] {dag.py:3954} INFO - Setting next_dagrun for example_subdag_operator.section-1 to None, run_after=None
[2024-11-17T02:55:50.838+0000] {logging_mixin.py:188} INFO - [2024-11-17T02:55:50.838+0000] {dag.py:3954} INFO - Setting next_dagrun for example_subdag_operator.section-2 to None, run_after=None
[2024-11-17T02:55:50.848+0000] {processor.py:183} INFO - Processing /home/airflow/.local/lib/python3.11/site-packages/airflow/example_dags/example_subdag_operator.py took 0.084 seconds
[2024-11-17T02:56:20.977+0000] {processor.py:161} INFO - Started process (PID=3273) to work on /home/airflow/.local/lib/python3.11/site-packages/airflow/example_dags/example_subdag_operator.py
[2024-11-17T02:56:20.978+0000] {processor.py:830} INFO - Processing file /home/airflow/.local/lib/python3.11/site-packages/airflow/example_dags/example_subdag_operator.py for tasks to queue
[2024-11-17T02:56:20.979+0000] {logging_mixin.py:188} INFO - [2024-11-17T02:56:20.979+0000] {dagbag.py:545} INFO - Filling up the DagBag from /home/airflow/.local/lib/python3.11/site-packages/airflow/example_dags/example_subdag_operator.py
[2024-11-17T02:56:20.998+0000] {processor.py:840} INFO - DAG(s) 'example_subdag_operator.section-1', 'example_subdag_operator.section-2', 'example_subdag_operator' retrieved from /home/airflow/.local/lib/python3.11/site-packages/airflow/example_dags/example_subdag_operator.py
[2024-11-17T02:56:21.012+0000] {logging_mixin.py:188} INFO - [2024-11-17T02:56:21.012+0000] {dag.py:3096} INFO - Sync 3 DAGs
[2024-11-17T02:56:21.029+0000] {logging_mixin.py:188} INFO - [2024-11-17T02:56:21.029+0000] {dag.py:3954} INFO - Setting next_dagrun for example_subdag_operator to 2022-01-01 00:00:00+00:00, run_after=2022-01-01 00:00:00+00:00
[2024-11-17T02:56:21.032+0000] {logging_mixin.py:188} INFO - [2024-11-17T02:56:21.032+0000] {dag.py:3954} INFO - Setting next_dagrun for example_subdag_operator.section-1 to None, run_after=None
[2024-11-17T02:56:21.033+0000] {logging_mixin.py:188} INFO - [2024-11-17T02:56:21.033+0000] {dag.py:3954} INFO - Setting next_dagrun for example_subdag_operator.section-2 to None, run_after=None
[2024-11-17T02:56:21.039+0000] {logging_mixin.py:188} INFO - [2024-11-17T02:56:21.039+0000] {dag.py:3096} INFO - Sync 2 DAGs
[2024-11-17T02:56:21.043+0000] {logging_mixin.py:188} INFO - [2024-11-17T02:56:21.043+0000] {dag.py:3954} INFO - Setting next_dagrun for example_subdag_operator.section-1 to None, run_after=None
[2024-11-17T02:56:21.044+0000] {logging_mixin.py:188} INFO - [2024-11-17T02:56:21.044+0000] {dag.py:3954} INFO - Setting next_dagrun for example_subdag_operator.section-2 to None, run_after=None
[2024-11-17T02:56:21.053+0000] {processor.py:183} INFO - Processing /home/airflow/.local/lib/python3.11/site-packages/airflow/example_dags/example_subdag_operator.py took 0.082 seconds
[2024-11-17T02:56:51.348+0000] {processor.py:161} INFO - Started process (PID=3539) to work on /home/airflow/.local/lib/python3.11/site-packages/airflow/example_dags/example_subdag_operator.py
[2024-11-17T02:56:51.349+0000] {processor.py:830} INFO - Processing file /home/airflow/.local/lib/python3.11/site-packages/airflow/example_dags/example_subdag_operator.py for tasks to queue
[2024-11-17T02:56:51.351+0000] {logging_mixin.py:188} INFO - [2024-11-17T02:56:51.350+0000] {dagbag.py:545} INFO - Filling up the DagBag from /home/airflow/.local/lib/python3.11/site-packages/airflow/example_dags/example_subdag_operator.py
[2024-11-17T02:56:51.371+0000] {processor.py:840} INFO - DAG(s) 'example_subdag_operator.section-1', 'example_subdag_operator.section-2', 'example_subdag_operator' retrieved from /home/airflow/.local/lib/python3.11/site-packages/airflow/example_dags/example_subdag_operator.py
[2024-11-17T02:56:51.384+0000] {logging_mixin.py:188} INFO - [2024-11-17T02:56:51.384+0000] {dag.py:3096} INFO - Sync 3 DAGs
[2024-11-17T02:56:51.402+0000] {logging_mixin.py:188} INFO - [2024-11-17T02:56:51.402+0000] {dag.py:3954} INFO - Setting next_dagrun for example_subdag_operator to 2022-01-01 00:00:00+00:00, run_after=2022-01-01 00:00:00+00:00
[2024-11-17T02:56:51.407+0000] {logging_mixin.py:188} INFO - [2024-11-17T02:56:51.406+0000] {dag.py:3954} INFO - Setting next_dagrun for example_subdag_operator.section-1 to None, run_after=None
[2024-11-17T02:56:51.408+0000] {logging_mixin.py:188} INFO - [2024-11-17T02:56:51.408+0000] {dag.py:3954} INFO - Setting next_dagrun for example_subdag_operator.section-2 to None, run_after=None
[2024-11-17T02:56:51.415+0000] {logging_mixin.py:188} INFO - [2024-11-17T02:56:51.415+0000] {dag.py:3096} INFO - Sync 2 DAGs
[2024-11-17T02:56:51.421+0000] {logging_mixin.py:188} INFO - [2024-11-17T02:56:51.421+0000] {dag.py:3954} INFO - Setting next_dagrun for example_subdag_operator.section-1 to None, run_after=None
[2024-11-17T02:56:51.422+0000] {logging_mixin.py:188} INFO - [2024-11-17T02:56:51.422+0000] {dag.py:3954} INFO - Setting next_dagrun for example_subdag_operator.section-2 to None, run_after=None
[2024-11-17T02:56:51.432+0000] {processor.py:183} INFO - Processing /home/airflow/.local/lib/python3.11/site-packages/airflow/example_dags/example_subdag_operator.py took 0.089 seconds
[2024-11-17T02:57:21.576+0000] {processor.py:161} INFO - Started process (PID=3805) to work on /home/airflow/.local/lib/python3.11/site-packages/airflow/example_dags/example_subdag_operator.py
[2024-11-17T02:57:21.577+0000] {processor.py:830} INFO - Processing file /home/airflow/.local/lib/python3.11/site-packages/airflow/example_dags/example_subdag_operator.py for tasks to queue
[2024-11-17T02:57:21.579+0000] {logging_mixin.py:188} INFO - [2024-11-17T02:57:21.578+0000] {dagbag.py:545} INFO - Filling up the DagBag from /home/airflow/.local/lib/python3.11/site-packages/airflow/example_dags/example_subdag_operator.py
[2024-11-17T02:57:21.601+0000] {processor.py:840} INFO - DAG(s) 'example_subdag_operator.section-1', 'example_subdag_operator.section-2', 'example_subdag_operator' retrieved from /home/airflow/.local/lib/python3.11/site-packages/airflow/example_dags/example_subdag_operator.py
[2024-11-17T02:57:21.613+0000] {logging_mixin.py:188} INFO - [2024-11-17T02:57:21.613+0000] {dag.py:3096} INFO - Sync 3 DAGs
[2024-11-17T02:57:21.631+0000] {logging_mixin.py:188} INFO - [2024-11-17T02:57:21.630+0000] {dag.py:3954} INFO - Setting next_dagrun for example_subdag_operator to 2022-01-01 00:00:00+00:00, run_after=2022-01-01 00:00:00+00:00
[2024-11-17T02:57:21.634+0000] {logging_mixin.py:188} INFO - [2024-11-17T02:57:21.634+0000] {dag.py:3954} INFO - Setting next_dagrun for example_subdag_operator.section-1 to None, run_after=None
[2024-11-17T02:57:21.636+0000] {logging_mixin.py:188} INFO - [2024-11-17T02:57:21.635+0000] {dag.py:3954} INFO - Setting next_dagrun for example_subdag_operator.section-2 to None, run_after=None
[2024-11-17T02:57:21.642+0000] {logging_mixin.py:188} INFO - [2024-11-17T02:57:21.642+0000] {dag.py:3096} INFO - Sync 2 DAGs
[2024-11-17T02:57:21.646+0000] {logging_mixin.py:188} INFO - [2024-11-17T02:57:21.646+0000] {dag.py:3954} INFO - Setting next_dagrun for example_subdag_operator.section-1 to None, run_after=None
[2024-11-17T02:57:21.647+0000] {logging_mixin.py:188} INFO - [2024-11-17T02:57:21.647+0000] {dag.py:3954} INFO - Setting next_dagrun for example_subdag_operator.section-2 to None, run_after=None
[2024-11-17T02:57:21.657+0000] {processor.py:183} INFO - Processing /home/airflow/.local/lib/python3.11/site-packages/airflow/example_dags/example_subdag_operator.py took 0.087 seconds
[2024-11-17T02:57:51.900+0000] {processor.py:161} INFO - Started process (PID=4071) to work on /home/airflow/.local/lib/python3.11/site-packages/airflow/example_dags/example_subdag_operator.py
[2024-11-17T02:57:51.901+0000] {processor.py:830} INFO - Processing file /home/airflow/.local/lib/python3.11/site-packages/airflow/example_dags/example_subdag_operator.py for tasks to queue
[2024-11-17T02:57:51.902+0000] {logging_mixin.py:188} INFO - [2024-11-17T02:57:51.902+0000] {dagbag.py:545} INFO - Filling up the DagBag from /home/airflow/.local/lib/python3.11/site-packages/airflow/example_dags/example_subdag_operator.py
[2024-11-17T02:57:51.923+0000] {processor.py:840} INFO - DAG(s) 'example_subdag_operator.section-1', 'example_subdag_operator.section-2', 'example_subdag_operator' retrieved from /home/airflow/.local/lib/python3.11/site-packages/airflow/example_dags/example_subdag_operator.py
[2024-11-17T02:57:51.935+0000] {logging_mixin.py:188} INFO - [2024-11-17T02:57:51.935+0000] {dag.py:3096} INFO - Sync 3 DAGs
[2024-11-17T02:57:51.951+0000] {logging_mixin.py:188} INFO - [2024-11-17T02:57:51.951+0000] {dag.py:3954} INFO - Setting next_dagrun for example_subdag_operator to 2022-01-01 00:00:00+00:00, run_after=2022-01-01 00:00:00+00:00
[2024-11-17T02:57:51.955+0000] {logging_mixin.py:188} INFO - [2024-11-17T02:57:51.954+0000] {dag.py:3954} INFO - Setting next_dagrun for example_subdag_operator.section-1 to None, run_after=None
[2024-11-17T02:57:51.956+0000] {logging_mixin.py:188} INFO - [2024-11-17T02:57:51.956+0000] {dag.py:3954} INFO - Setting next_dagrun for example_subdag_operator.section-2 to None, run_after=None
[2024-11-17T02:57:51.962+0000] {logging_mixin.py:188} INFO - [2024-11-17T02:57:51.962+0000] {dag.py:3096} INFO - Sync 2 DAGs
[2024-11-17T02:57:51.967+0000] {logging_mixin.py:188} INFO - [2024-11-17T02:57:51.967+0000] {dag.py:3954} INFO - Setting next_dagrun for example_subdag_operator.section-1 to None, run_after=None
[2024-11-17T02:57:51.968+0000] {logging_mixin.py:188} INFO - [2024-11-17T02:57:51.968+0000] {dag.py:3954} INFO - Setting next_dagrun for example_subdag_operator.section-2 to None, run_after=None
[2024-11-17T02:57:51.977+0000] {processor.py:183} INFO - Processing /home/airflow/.local/lib/python3.11/site-packages/airflow/example_dags/example_subdag_operator.py took 0.082 seconds
[2024-11-17T02:58:22.144+0000] {processor.py:161} INFO - Started process (PID=4335) to work on /home/airflow/.local/lib/python3.11/site-packages/airflow/example_dags/example_subdag_operator.py
[2024-11-17T02:58:22.145+0000] {processor.py:830} INFO - Processing file /home/airflow/.local/lib/python3.11/site-packages/airflow/example_dags/example_subdag_operator.py for tasks to queue
[2024-11-17T02:58:22.146+0000] {logging_mixin.py:188} INFO - [2024-11-17T02:58:22.146+0000] {dagbag.py:545} INFO - Filling up the DagBag from /home/airflow/.local/lib/python3.11/site-packages/airflow/example_dags/example_subdag_operator.py
[2024-11-17T02:58:22.166+0000] {processor.py:840} INFO - DAG(s) 'example_subdag_operator.section-1', 'example_subdag_operator.section-2', 'example_subdag_operator' retrieved from /home/airflow/.local/lib/python3.11/site-packages/airflow/example_dags/example_subdag_operator.py
[2024-11-17T02:58:22.179+0000] {logging_mixin.py:188} INFO - [2024-11-17T02:58:22.179+0000] {dag.py:3096} INFO - Sync 3 DAGs
[2024-11-17T02:58:22.195+0000] {logging_mixin.py:188} INFO - [2024-11-17T02:58:22.195+0000] {dag.py:3954} INFO - Setting next_dagrun for example_subdag_operator to 2022-01-01 00:00:00+00:00, run_after=2022-01-01 00:00:00+00:00
[2024-11-17T02:58:22.198+0000] {logging_mixin.py:188} INFO - [2024-11-17T02:58:22.198+0000] {dag.py:3954} INFO - Setting next_dagrun for example_subdag_operator.section-1 to None, run_after=None
[2024-11-17T02:58:22.200+0000] {logging_mixin.py:188} INFO - [2024-11-17T02:58:22.200+0000] {dag.py:3954} INFO - Setting next_dagrun for example_subdag_operator.section-2 to None, run_after=None
[2024-11-17T02:58:22.206+0000] {logging_mixin.py:188} INFO - [2024-11-17T02:58:22.206+0000] {dag.py:3096} INFO - Sync 2 DAGs
[2024-11-17T02:58:22.211+0000] {logging_mixin.py:188} INFO - [2024-11-17T02:58:22.211+0000] {dag.py:3954} INFO - Setting next_dagrun for example_subdag_operator.section-1 to None, run_after=None
[2024-11-17T02:58:22.212+0000] {logging_mixin.py:188} INFO - [2024-11-17T02:58:22.212+0000] {dag.py:3954} INFO - Setting next_dagrun for example_subdag_operator.section-2 to None, run_after=None
[2024-11-17T02:58:22.222+0000] {processor.py:183} INFO - Processing /home/airflow/.local/lib/python3.11/site-packages/airflow/example_dags/example_subdag_operator.py took 0.083 seconds
[2024-11-17T02:58:52.396+0000] {processor.py:161} INFO - Started process (PID=4603) to work on /home/airflow/.local/lib/python3.11/site-packages/airflow/example_dags/example_subdag_operator.py
[2024-11-17T02:58:52.397+0000] {processor.py:830} INFO - Processing file /home/airflow/.local/lib/python3.11/site-packages/airflow/example_dags/example_subdag_operator.py for tasks to queue
[2024-11-17T02:58:52.399+0000] {logging_mixin.py:188} INFO - [2024-11-17T02:58:52.399+0000] {dagbag.py:545} INFO - Filling up the DagBag from /home/airflow/.local/lib/python3.11/site-packages/airflow/example_dags/example_subdag_operator.py
[2024-11-17T02:58:52.419+0000] {processor.py:840} INFO - DAG(s) 'example_subdag_operator.section-1', 'example_subdag_operator.section-2', 'example_subdag_operator' retrieved from /home/airflow/.local/lib/python3.11/site-packages/airflow/example_dags/example_subdag_operator.py
[2024-11-17T02:58:52.432+0000] {logging_mixin.py:188} INFO - [2024-11-17T02:58:52.432+0000] {dag.py:3096} INFO - Sync 3 DAGs
[2024-11-17T02:58:52.448+0000] {logging_mixin.py:188} INFO - [2024-11-17T02:58:52.448+0000] {dag.py:3954} INFO - Setting next_dagrun for example_subdag_operator to 2022-01-01 00:00:00+00:00, run_after=2022-01-01 00:00:00+00:00
[2024-11-17T02:58:52.451+0000] {logging_mixin.py:188} INFO - [2024-11-17T02:58:52.451+0000] {dag.py:3954} INFO - Setting next_dagrun for example_subdag_operator.section-1 to None, run_after=None
[2024-11-17T02:58:52.452+0000] {logging_mixin.py:188} INFO - [2024-11-17T02:58:52.452+0000] {dag.py:3954} INFO - Setting next_dagrun for example_subdag_operator.section-2 to None, run_after=None
[2024-11-17T02:58:52.458+0000] {logging_mixin.py:188} INFO - [2024-11-17T02:58:52.458+0000] {dag.py:3096} INFO - Sync 2 DAGs
[2024-11-17T02:58:52.462+0000] {logging_mixin.py:188} INFO - [2024-11-17T02:58:52.462+0000] {dag.py:3954} INFO - Setting next_dagrun for example_subdag_operator.section-1 to None, run_after=None
[2024-11-17T02:58:52.462+0000] {logging_mixin.py:188} INFO - [2024-11-17T02:58:52.462+0000] {dag.py:3954} INFO - Setting next_dagrun for example_subdag_operator.section-2 to None, run_after=None
[2024-11-17T02:58:52.472+0000] {processor.py:183} INFO - Processing /home/airflow/.local/lib/python3.11/site-packages/airflow/example_dags/example_subdag_operator.py took 0.081 seconds
[2024-11-17T02:59:22.629+0000] {processor.py:161} INFO - Started process (PID=4867) to work on /home/airflow/.local/lib/python3.11/site-packages/airflow/example_dags/example_subdag_operator.py
[2024-11-17T02:59:22.630+0000] {processor.py:830} INFO - Processing file /home/airflow/.local/lib/python3.11/site-packages/airflow/example_dags/example_subdag_operator.py for tasks to queue
[2024-11-17T02:59:22.632+0000] {logging_mixin.py:188} INFO - [2024-11-17T02:59:22.632+0000] {dagbag.py:545} INFO - Filling up the DagBag from /home/airflow/.local/lib/python3.11/site-packages/airflow/example_dags/example_subdag_operator.py
[2024-11-17T02:59:22.651+0000] {processor.py:840} INFO - DAG(s) 'example_subdag_operator.section-1', 'example_subdag_operator.section-2', 'example_subdag_operator' retrieved from /home/airflow/.local/lib/python3.11/site-packages/airflow/example_dags/example_subdag_operator.py
[2024-11-17T02:59:22.664+0000] {logging_mixin.py:188} INFO - [2024-11-17T02:59:22.664+0000] {dag.py:3096} INFO - Sync 3 DAGs
[2024-11-17T02:59:22.682+0000] {logging_mixin.py:188} INFO - [2024-11-17T02:59:22.682+0000] {dag.py:3954} INFO - Setting next_dagrun for example_subdag_operator to 2022-01-01 00:00:00+00:00, run_after=2022-01-01 00:00:00+00:00
[2024-11-17T02:59:22.685+0000] {logging_mixin.py:188} INFO - [2024-11-17T02:59:22.685+0000] {dag.py:3954} INFO - Setting next_dagrun for example_subdag_operator.section-1 to None, run_after=None
[2024-11-17T02:59:22.687+0000] {logging_mixin.py:188} INFO - [2024-11-17T02:59:22.686+0000] {dag.py:3954} INFO - Setting next_dagrun for example_subdag_operator.section-2 to None, run_after=None
[2024-11-17T02:59:22.693+0000] {logging_mixin.py:188} INFO - [2024-11-17T02:59:22.693+0000] {dag.py:3096} INFO - Sync 2 DAGs
[2024-11-17T02:59:22.698+0000] {logging_mixin.py:188} INFO - [2024-11-17T02:59:22.697+0000] {dag.py:3954} INFO - Setting next_dagrun for example_subdag_operator.section-1 to None, run_after=None
[2024-11-17T02:59:22.698+0000] {logging_mixin.py:188} INFO - [2024-11-17T02:59:22.698+0000] {dag.py:3954} INFO - Setting next_dagrun for example_subdag_operator.section-2 to None, run_after=None
[2024-11-17T02:59:22.707+0000] {processor.py:183} INFO - Processing /home/airflow/.local/lib/python3.11/site-packages/airflow/example_dags/example_subdag_operator.py took 0.082 seconds
[2024-11-17T02:59:52.839+0000] {processor.py:161} INFO - Started process (PID=5133) to work on /home/airflow/.local/lib/python3.11/site-packages/airflow/example_dags/example_subdag_operator.py
[2024-11-17T02:59:52.841+0000] {processor.py:830} INFO - Processing file /home/airflow/.local/lib/python3.11/site-packages/airflow/example_dags/example_subdag_operator.py for tasks to queue
[2024-11-17T02:59:52.843+0000] {logging_mixin.py:188} INFO - [2024-11-17T02:59:52.842+0000] {dagbag.py:545} INFO - Filling up the DagBag from /home/airflow/.local/lib/python3.11/site-packages/airflow/example_dags/example_subdag_operator.py
[2024-11-17T02:59:52.864+0000] {processor.py:840} INFO - DAG(s) 'example_subdag_operator.section-1', 'example_subdag_operator.section-2', 'example_subdag_operator' retrieved from /home/airflow/.local/lib/python3.11/site-packages/airflow/example_dags/example_subdag_operator.py
[2024-11-17T02:59:52.878+0000] {logging_mixin.py:188} INFO - [2024-11-17T02:59:52.877+0000] {dag.py:3096} INFO - Sync 3 DAGs
[2024-11-17T02:59:52.898+0000] {logging_mixin.py:188} INFO - [2024-11-17T02:59:52.898+0000] {dag.py:3954} INFO - Setting next_dagrun for example_subdag_operator to 2022-01-01 00:00:00+00:00, run_after=2022-01-01 00:00:00+00:00
[2024-11-17T02:59:52.903+0000] {logging_mixin.py:188} INFO - [2024-11-17T02:59:52.902+0000] {dag.py:3954} INFO - Setting next_dagrun for example_subdag_operator.section-1 to None, run_after=None
[2024-11-17T02:59:52.905+0000] {logging_mixin.py:188} INFO - [2024-11-17T02:59:52.905+0000] {dag.py:3954} INFO - Setting next_dagrun for example_subdag_operator.section-2 to None, run_after=None
[2024-11-17T02:59:52.915+0000] {logging_mixin.py:188} INFO - [2024-11-17T02:59:52.915+0000] {dag.py:3096} INFO - Sync 2 DAGs
[2024-11-17T02:59:52.923+0000] {logging_mixin.py:188} INFO - [2024-11-17T02:59:52.922+0000] {dag.py:3954} INFO - Setting next_dagrun for example_subdag_operator.section-1 to None, run_after=None
[2024-11-17T02:59:52.924+0000] {logging_mixin.py:188} INFO - [2024-11-17T02:59:52.924+0000] {dag.py:3954} INFO - Setting next_dagrun for example_subdag_operator.section-2 to None, run_after=None
[2024-11-17T02:59:52.937+0000] {processor.py:183} INFO - Processing /home/airflow/.local/lib/python3.11/site-packages/airflow/example_dags/example_subdag_operator.py took 0.102 seconds
[2024-11-17T03:00:23.211+0000] {processor.py:161} INFO - Started process (PID=5399) to work on /home/airflow/.local/lib/python3.11/site-packages/airflow/example_dags/example_subdag_operator.py
[2024-11-17T03:00:23.212+0000] {processor.py:830} INFO - Processing file /home/airflow/.local/lib/python3.11/site-packages/airflow/example_dags/example_subdag_operator.py for tasks to queue
[2024-11-17T03:00:23.214+0000] {logging_mixin.py:188} INFO - [2024-11-17T03:00:23.214+0000] {dagbag.py:545} INFO - Filling up the DagBag from /home/airflow/.local/lib/python3.11/site-packages/airflow/example_dags/example_subdag_operator.py
[2024-11-17T03:00:23.238+0000] {processor.py:840} INFO - DAG(s) 'example_subdag_operator.section-1', 'example_subdag_operator.section-2', 'example_subdag_operator' retrieved from /home/airflow/.local/lib/python3.11/site-packages/airflow/example_dags/example_subdag_operator.py
[2024-11-17T03:00:23.252+0000] {logging_mixin.py:188} INFO - [2024-11-17T03:00:23.252+0000] {dag.py:3096} INFO - Sync 3 DAGs
[2024-11-17T03:00:23.270+0000] {logging_mixin.py:188} INFO - [2024-11-17T03:00:23.270+0000] {dag.py:3954} INFO - Setting next_dagrun for example_subdag_operator to 2022-01-01 00:00:00+00:00, run_after=2022-01-01 00:00:00+00:00
[2024-11-17T03:00:23.274+0000] {logging_mixin.py:188} INFO - [2024-11-17T03:00:23.274+0000] {dag.py:3954} INFO - Setting next_dagrun for example_subdag_operator.section-1 to None, run_after=None
[2024-11-17T03:00:23.275+0000] {logging_mixin.py:188} INFO - [2024-11-17T03:00:23.275+0000] {dag.py:3954} INFO - Setting next_dagrun for example_subdag_operator.section-2 to None, run_after=None
[2024-11-17T03:00:23.283+0000] {logging_mixin.py:188} INFO - [2024-11-17T03:00:23.283+0000] {dag.py:3096} INFO - Sync 2 DAGs
[2024-11-17T03:00:23.289+0000] {logging_mixin.py:188} INFO - [2024-11-17T03:00:23.288+0000] {dag.py:3954} INFO - Setting next_dagrun for example_subdag_operator.section-1 to None, run_after=None
[2024-11-17T03:00:23.289+0000] {logging_mixin.py:188} INFO - [2024-11-17T03:00:23.289+0000] {dag.py:3954} INFO - Setting next_dagrun for example_subdag_operator.section-2 to None, run_after=None
[2024-11-17T03:00:23.301+0000] {processor.py:183} INFO - Processing /home/airflow/.local/lib/python3.11/site-packages/airflow/example_dags/example_subdag_operator.py took 0.096 seconds
[2024-11-17T03:00:53.602+0000] {processor.py:161} INFO - Started process (PID=5667) to work on /home/airflow/.local/lib/python3.11/site-packages/airflow/example_dags/example_subdag_operator.py
[2024-11-17T03:00:53.603+0000] {processor.py:830} INFO - Processing file /home/airflow/.local/lib/python3.11/site-packages/airflow/example_dags/example_subdag_operator.py for tasks to queue
[2024-11-17T03:00:53.605+0000] {logging_mixin.py:188} INFO - [2024-11-17T03:00:53.604+0000] {dagbag.py:545} INFO - Filling up the DagBag from /home/airflow/.local/lib/python3.11/site-packages/airflow/example_dags/example_subdag_operator.py
[2024-11-17T03:00:53.625+0000] {processor.py:840} INFO - DAG(s) 'example_subdag_operator.section-1', 'example_subdag_operator.section-2', 'example_subdag_operator' retrieved from /home/airflow/.local/lib/python3.11/site-packages/airflow/example_dags/example_subdag_operator.py
[2024-11-17T03:00:53.638+0000] {logging_mixin.py:188} INFO - [2024-11-17T03:00:53.638+0000] {dag.py:3096} INFO - Sync 3 DAGs
[2024-11-17T03:00:53.656+0000] {logging_mixin.py:188} INFO - [2024-11-17T03:00:53.655+0000] {dag.py:3954} INFO - Setting next_dagrun for example_subdag_operator to 2022-01-01 00:00:00+00:00, run_after=2022-01-01 00:00:00+00:00
[2024-11-17T03:00:53.659+0000] {logging_mixin.py:188} INFO - [2024-11-17T03:00:53.659+0000] {dag.py:3954} INFO - Setting next_dagrun for example_subdag_operator.section-1 to None, run_after=None
[2024-11-17T03:00:53.660+0000] {logging_mixin.py:188} INFO - [2024-11-17T03:00:53.660+0000] {dag.py:3954} INFO - Setting next_dagrun for example_subdag_operator.section-2 to None, run_after=None
[2024-11-17T03:00:53.667+0000] {logging_mixin.py:188} INFO - [2024-11-17T03:00:53.667+0000] {dag.py:3096} INFO - Sync 2 DAGs
[2024-11-17T03:00:53.672+0000] {logging_mixin.py:188} INFO - [2024-11-17T03:00:53.672+0000] {dag.py:3954} INFO - Setting next_dagrun for example_subdag_operator.section-1 to None, run_after=None
[2024-11-17T03:00:53.672+0000] {logging_mixin.py:188} INFO - [2024-11-17T03:00:53.672+0000] {dag.py:3954} INFO - Setting next_dagrun for example_subdag_operator.section-2 to None, run_after=None
[2024-11-17T03:00:53.682+0000] {processor.py:183} INFO - Processing /home/airflow/.local/lib/python3.11/site-packages/airflow/example_dags/example_subdag_operator.py took 0.086 seconds
[2024-11-17T03:01:24.566+0000] {processor.py:161} INFO - Started process (PID=5931) to work on /home/airflow/.local/lib/python3.11/site-packages/airflow/example_dags/example_subdag_operator.py
[2024-11-17T03:01:24.567+0000] {processor.py:830} INFO - Processing file /home/airflow/.local/lib/python3.11/site-packages/airflow/example_dags/example_subdag_operator.py for tasks to queue
[2024-11-17T03:01:24.569+0000] {logging_mixin.py:188} INFO - [2024-11-17T03:01:24.569+0000] {dagbag.py:545} INFO - Filling up the DagBag from /home/airflow/.local/lib/python3.11/site-packages/airflow/example_dags/example_subdag_operator.py
[2024-11-17T03:01:24.595+0000] {processor.py:840} INFO - DAG(s) 'example_subdag_operator.section-1', 'example_subdag_operator.section-2', 'example_subdag_operator' retrieved from /home/airflow/.local/lib/python3.11/site-packages/airflow/example_dags/example_subdag_operator.py
[2024-11-17T03:01:24.610+0000] {logging_mixin.py:188} INFO - [2024-11-17T03:01:24.610+0000] {dag.py:3096} INFO - Sync 3 DAGs
[2024-11-17T03:01:24.629+0000] {logging_mixin.py:188} INFO - [2024-11-17T03:01:24.629+0000] {dag.py:3954} INFO - Setting next_dagrun for example_subdag_operator to 2022-01-01 00:00:00+00:00, run_after=2022-01-01 00:00:00+00:00
[2024-11-17T03:01:24.632+0000] {logging_mixin.py:188} INFO - [2024-11-17T03:01:24.632+0000] {dag.py:3954} INFO - Setting next_dagrun for example_subdag_operator.section-1 to None, run_after=None
[2024-11-17T03:01:24.633+0000] {logging_mixin.py:188} INFO - [2024-11-17T03:01:24.633+0000] {dag.py:3954} INFO - Setting next_dagrun for example_subdag_operator.section-2 to None, run_after=None
[2024-11-17T03:01:24.640+0000] {logging_mixin.py:188} INFO - [2024-11-17T03:01:24.640+0000] {dag.py:3096} INFO - Sync 2 DAGs
[2024-11-17T03:01:24.644+0000] {logging_mixin.py:188} INFO - [2024-11-17T03:01:24.644+0000] {dag.py:3954} INFO - Setting next_dagrun for example_subdag_operator.section-1 to None, run_after=None
[2024-11-17T03:01:24.645+0000] {logging_mixin.py:188} INFO - [2024-11-17T03:01:24.644+0000] {dag.py:3954} INFO - Setting next_dagrun for example_subdag_operator.section-2 to None, run_after=None
[2024-11-17T03:01:24.655+0000] {processor.py:183} INFO - Processing /home/airflow/.local/lib/python3.11/site-packages/airflow/example_dags/example_subdag_operator.py took 0.094 seconds
[2024-11-17T03:01:55.050+0000] {processor.py:161} INFO - Started process (PID=6199) to work on /home/airflow/.local/lib/python3.11/site-packages/airflow/example_dags/example_subdag_operator.py
[2024-11-17T03:01:55.051+0000] {processor.py:830} INFO - Processing file /home/airflow/.local/lib/python3.11/site-packages/airflow/example_dags/example_subdag_operator.py for tasks to queue
[2024-11-17T03:01:55.054+0000] {logging_mixin.py:188} INFO - [2024-11-17T03:01:55.053+0000] {dagbag.py:545} INFO - Filling up the DagBag from /home/airflow/.local/lib/python3.11/site-packages/airflow/example_dags/example_subdag_operator.py
[2024-11-17T03:01:55.080+0000] {processor.py:840} INFO - DAG(s) 'example_subdag_operator.section-1', 'example_subdag_operator.section-2', 'example_subdag_operator' retrieved from /home/airflow/.local/lib/python3.11/site-packages/airflow/example_dags/example_subdag_operator.py
[2024-11-17T03:01:55.097+0000] {logging_mixin.py:188} INFO - [2024-11-17T03:01:55.096+0000] {dag.py:3096} INFO - Sync 3 DAGs
[2024-11-17T03:01:55.119+0000] {logging_mixin.py:188} INFO - [2024-11-17T03:01:55.119+0000] {dag.py:3954} INFO - Setting next_dagrun for example_subdag_operator to 2022-01-01 00:00:00+00:00, run_after=2022-01-01 00:00:00+00:00
[2024-11-17T03:01:55.123+0000] {logging_mixin.py:188} INFO - [2024-11-17T03:01:55.123+0000] {dag.py:3954} INFO - Setting next_dagrun for example_subdag_operator.section-1 to None, run_after=None
[2024-11-17T03:01:55.125+0000] {logging_mixin.py:188} INFO - [2024-11-17T03:01:55.124+0000] {dag.py:3954} INFO - Setting next_dagrun for example_subdag_operator.section-2 to None, run_after=None
[2024-11-17T03:01:55.132+0000] {logging_mixin.py:188} INFO - [2024-11-17T03:01:55.131+0000] {dag.py:3096} INFO - Sync 2 DAGs
[2024-11-17T03:01:55.137+0000] {logging_mixin.py:188} INFO - [2024-11-17T03:01:55.137+0000] {dag.py:3954} INFO - Setting next_dagrun for example_subdag_operator.section-1 to None, run_after=None
[2024-11-17T03:01:55.138+0000] {logging_mixin.py:188} INFO - [2024-11-17T03:01:55.138+0000] {dag.py:3954} INFO - Setting next_dagrun for example_subdag_operator.section-2 to None, run_after=None
[2024-11-17T03:01:55.150+0000] {processor.py:183} INFO - Processing /home/airflow/.local/lib/python3.11/site-packages/airflow/example_dags/example_subdag_operator.py took 0.108 seconds
[2024-11-17T03:02:25.199+0000] {processor.py:161} INFO - Started process (PID=6465) to work on /home/airflow/.local/lib/python3.11/site-packages/airflow/example_dags/example_subdag_operator.py
[2024-11-17T03:02:25.200+0000] {processor.py:830} INFO - Processing file /home/airflow/.local/lib/python3.11/site-packages/airflow/example_dags/example_subdag_operator.py for tasks to queue
[2024-11-17T03:02:25.203+0000] {logging_mixin.py:188} INFO - [2024-11-17T03:02:25.202+0000] {dagbag.py:545} INFO - Filling up the DagBag from /home/airflow/.local/lib/python3.11/site-packages/airflow/example_dags/example_subdag_operator.py
[2024-11-17T03:02:25.224+0000] {processor.py:840} INFO - DAG(s) 'example_subdag_operator.section-1', 'example_subdag_operator.section-2', 'example_subdag_operator' retrieved from /home/airflow/.local/lib/python3.11/site-packages/airflow/example_dags/example_subdag_operator.py
[2024-11-17T03:02:25.238+0000] {logging_mixin.py:188} INFO - [2024-11-17T03:02:25.238+0000] {dag.py:3096} INFO - Sync 3 DAGs
[2024-11-17T03:02:25.258+0000] {logging_mixin.py:188} INFO - [2024-11-17T03:02:25.258+0000] {dag.py:3954} INFO - Setting next_dagrun for example_subdag_operator to 2022-01-01 00:00:00+00:00, run_after=2022-01-01 00:00:00+00:00
[2024-11-17T03:02:25.262+0000] {logging_mixin.py:188} INFO - [2024-11-17T03:02:25.261+0000] {dag.py:3954} INFO - Setting next_dagrun for example_subdag_operator.section-1 to None, run_after=None
[2024-11-17T03:02:25.263+0000] {logging_mixin.py:188} INFO - [2024-11-17T03:02:25.263+0000] {dag.py:3954} INFO - Setting next_dagrun for example_subdag_operator.section-2 to None, run_after=None
[2024-11-17T03:02:25.270+0000] {logging_mixin.py:188} INFO - [2024-11-17T03:02:25.269+0000] {dag.py:3096} INFO - Sync 2 DAGs
[2024-11-17T03:02:25.274+0000] {logging_mixin.py:188} INFO - [2024-11-17T03:02:25.274+0000] {dag.py:3954} INFO - Setting next_dagrun for example_subdag_operator.section-1 to None, run_after=None
[2024-11-17T03:02:25.275+0000] {logging_mixin.py:188} INFO - [2024-11-17T03:02:25.275+0000] {dag.py:3954} INFO - Setting next_dagrun for example_subdag_operator.section-2 to None, run_after=None
[2024-11-17T03:02:25.285+0000] {processor.py:183} INFO - Processing /home/airflow/.local/lib/python3.11/site-packages/airflow/example_dags/example_subdag_operator.py took 0.092 seconds
[2024-11-17T03:02:56.304+0000] {processor.py:161} INFO - Started process (PID=6731) to work on /home/airflow/.local/lib/python3.11/site-packages/airflow/example_dags/example_subdag_operator.py
[2024-11-17T03:02:56.305+0000] {processor.py:830} INFO - Processing file /home/airflow/.local/lib/python3.11/site-packages/airflow/example_dags/example_subdag_operator.py for tasks to queue
[2024-11-17T03:02:56.307+0000] {logging_mixin.py:188} INFO - [2024-11-17T03:02:56.307+0000] {dagbag.py:545} INFO - Filling up the DagBag from /home/airflow/.local/lib/python3.11/site-packages/airflow/example_dags/example_subdag_operator.py
[2024-11-17T03:02:56.326+0000] {processor.py:840} INFO - DAG(s) 'example_subdag_operator.section-1', 'example_subdag_operator.section-2', 'example_subdag_operator' retrieved from /home/airflow/.local/lib/python3.11/site-packages/airflow/example_dags/example_subdag_operator.py
[2024-11-17T03:02:56.339+0000] {logging_mixin.py:188} INFO - [2024-11-17T03:02:56.339+0000] {dag.py:3096} INFO - Sync 3 DAGs
[2024-11-17T03:02:56.355+0000] {logging_mixin.py:188} INFO - [2024-11-17T03:02:56.355+0000] {dag.py:3954} INFO - Setting next_dagrun for example_subdag_operator to 2022-01-01 00:00:00+00:00, run_after=2022-01-01 00:00:00+00:00
[2024-11-17T03:02:56.359+0000] {logging_mixin.py:188} INFO - [2024-11-17T03:02:56.359+0000] {dag.py:3954} INFO - Setting next_dagrun for example_subdag_operator.section-1 to None, run_after=None
[2024-11-17T03:02:56.360+0000] {logging_mixin.py:188} INFO - [2024-11-17T03:02:56.360+0000] {dag.py:3954} INFO - Setting next_dagrun for example_subdag_operator.section-2 to None, run_after=None
[2024-11-17T03:02:56.367+0000] {logging_mixin.py:188} INFO - [2024-11-17T03:02:56.367+0000] {dag.py:3096} INFO - Sync 2 DAGs
[2024-11-17T03:02:56.371+0000] {logging_mixin.py:188} INFO - [2024-11-17T03:02:56.371+0000] {dag.py:3954} INFO - Setting next_dagrun for example_subdag_operator.section-1 to None, run_after=None
[2024-11-17T03:02:56.372+0000] {logging_mixin.py:188} INFO - [2024-11-17T03:02:56.372+0000] {dag.py:3954} INFO - Setting next_dagrun for example_subdag_operator.section-2 to None, run_after=None
[2024-11-17T03:02:56.382+0000] {processor.py:183} INFO - Processing /home/airflow/.local/lib/python3.11/site-packages/airflow/example_dags/example_subdag_operator.py took 0.083 seconds
[2024-11-17T03:03:26.585+0000] {processor.py:161} INFO - Started process (PID=6997) to work on /home/airflow/.local/lib/python3.11/site-packages/airflow/example_dags/example_subdag_operator.py
[2024-11-17T03:03:26.586+0000] {processor.py:830} INFO - Processing file /home/airflow/.local/lib/python3.11/site-packages/airflow/example_dags/example_subdag_operator.py for tasks to queue
[2024-11-17T03:03:26.588+0000] {logging_mixin.py:188} INFO - [2024-11-17T03:03:26.588+0000] {dagbag.py:545} INFO - Filling up the DagBag from /home/airflow/.local/lib/python3.11/site-packages/airflow/example_dags/example_subdag_operator.py
[2024-11-17T03:03:26.619+0000] {processor.py:840} INFO - DAG(s) 'example_subdag_operator.section-1', 'example_subdag_operator.section-2', 'example_subdag_operator' retrieved from /home/airflow/.local/lib/python3.11/site-packages/airflow/example_dags/example_subdag_operator.py
[2024-11-17T03:03:26.638+0000] {logging_mixin.py:188} INFO - [2024-11-17T03:03:26.638+0000] {dag.py:3096} INFO - Sync 3 DAGs
[2024-11-17T03:03:26.662+0000] {logging_mixin.py:188} INFO - [2024-11-17T03:03:26.662+0000] {dag.py:3954} INFO - Setting next_dagrun for example_subdag_operator to 2022-01-01 00:00:00+00:00, run_after=2022-01-01 00:00:00+00:00
[2024-11-17T03:03:26.666+0000] {logging_mixin.py:188} INFO - [2024-11-17T03:03:26.666+0000] {dag.py:3954} INFO - Setting next_dagrun for example_subdag_operator.section-1 to None, run_after=None
[2024-11-17T03:03:26.668+0000] {logging_mixin.py:188} INFO - [2024-11-17T03:03:26.668+0000] {dag.py:3954} INFO - Setting next_dagrun for example_subdag_operator.section-2 to None, run_after=None
[2024-11-17T03:03:26.676+0000] {logging_mixin.py:188} INFO - [2024-11-17T03:03:26.676+0000] {dag.py:3096} INFO - Sync 2 DAGs
[2024-11-17T03:03:26.681+0000] {logging_mixin.py:188} INFO - [2024-11-17T03:03:26.681+0000] {dag.py:3954} INFO - Setting next_dagrun for example_subdag_operator.section-1 to None, run_after=None
[2024-11-17T03:03:26.682+0000] {logging_mixin.py:188} INFO - [2024-11-17T03:03:26.682+0000] {dag.py:3954} INFO - Setting next_dagrun for example_subdag_operator.section-2 to None, run_after=None
[2024-11-17T03:03:26.693+0000] {processor.py:183} INFO - Processing /home/airflow/.local/lib/python3.11/site-packages/airflow/example_dags/example_subdag_operator.py took 0.113 seconds
[2024-11-17T03:03:57.016+0000] {processor.py:161} INFO - Started process (PID=7263) to work on /home/airflow/.local/lib/python3.11/site-packages/airflow/example_dags/example_subdag_operator.py
[2024-11-17T03:03:57.017+0000] {processor.py:830} INFO - Processing file /home/airflow/.local/lib/python3.11/site-packages/airflow/example_dags/example_subdag_operator.py for tasks to queue
[2024-11-17T03:03:57.019+0000] {logging_mixin.py:188} INFO - [2024-11-17T03:03:57.018+0000] {dagbag.py:545} INFO - Filling up the DagBag from /home/airflow/.local/lib/python3.11/site-packages/airflow/example_dags/example_subdag_operator.py
[2024-11-17T03:03:57.040+0000] {processor.py:840} INFO - DAG(s) 'example_subdag_operator.section-1', 'example_subdag_operator.section-2', 'example_subdag_operator' retrieved from /home/airflow/.local/lib/python3.11/site-packages/airflow/example_dags/example_subdag_operator.py
[2024-11-17T03:03:57.053+0000] {logging_mixin.py:188} INFO - [2024-11-17T03:03:57.053+0000] {dag.py:3096} INFO - Sync 3 DAGs
[2024-11-17T03:03:57.075+0000] {logging_mixin.py:188} INFO - [2024-11-17T03:03:57.075+0000] {dag.py:3954} INFO - Setting next_dagrun for example_subdag_operator to 2022-01-01 00:00:00+00:00, run_after=2022-01-01 00:00:00+00:00
[2024-11-17T03:03:57.079+0000] {logging_mixin.py:188} INFO - [2024-11-17T03:03:57.079+0000] {dag.py:3954} INFO - Setting next_dagrun for example_subdag_operator.section-1 to None, run_after=None
[2024-11-17T03:03:57.081+0000] {logging_mixin.py:188} INFO - [2024-11-17T03:03:57.081+0000] {dag.py:3954} INFO - Setting next_dagrun for example_subdag_operator.section-2 to None, run_after=None
[2024-11-17T03:03:57.089+0000] {logging_mixin.py:188} INFO - [2024-11-17T03:03:57.089+0000] {dag.py:3096} INFO - Sync 2 DAGs
[2024-11-17T03:03:57.094+0000] {logging_mixin.py:188} INFO - [2024-11-17T03:03:57.094+0000] {dag.py:3954} INFO - Setting next_dagrun for example_subdag_operator.section-1 to None, run_after=None
[2024-11-17T03:03:57.095+0000] {logging_mixin.py:188} INFO - [2024-11-17T03:03:57.094+0000] {dag.py:3954} INFO - Setting next_dagrun for example_subdag_operator.section-2 to None, run_after=None
[2024-11-17T03:03:57.105+0000] {processor.py:183} INFO - Processing /home/airflow/.local/lib/python3.11/site-packages/airflow/example_dags/example_subdag_operator.py took 0.094 seconds
[2024-11-17T03:04:27.993+0000] {processor.py:161} INFO - Started process (PID=7529) to work on /home/airflow/.local/lib/python3.11/site-packages/airflow/example_dags/example_subdag_operator.py
[2024-11-17T03:04:27.994+0000] {processor.py:830} INFO - Processing file /home/airflow/.local/lib/python3.11/site-packages/airflow/example_dags/example_subdag_operator.py for tasks to queue
[2024-11-17T03:04:27.995+0000] {logging_mixin.py:188} INFO - [2024-11-17T03:04:27.995+0000] {dagbag.py:545} INFO - Filling up the DagBag from /home/airflow/.local/lib/python3.11/site-packages/airflow/example_dags/example_subdag_operator.py
[2024-11-17T03:04:28.015+0000] {processor.py:840} INFO - DAG(s) 'example_subdag_operator.section-1', 'example_subdag_operator.section-2', 'example_subdag_operator' retrieved from /home/airflow/.local/lib/python3.11/site-packages/airflow/example_dags/example_subdag_operator.py
[2024-11-17T03:04:28.028+0000] {logging_mixin.py:188} INFO - [2024-11-17T03:04:28.027+0000] {dag.py:3096} INFO - Sync 3 DAGs
[2024-11-17T03:04:28.044+0000] {logging_mixin.py:188} INFO - [2024-11-17T03:04:28.044+0000] {dag.py:3954} INFO - Setting next_dagrun for example_subdag_operator to 2022-01-01 00:00:00+00:00, run_after=2022-01-01 00:00:00+00:00
[2024-11-17T03:04:28.047+0000] {logging_mixin.py:188} INFO - [2024-11-17T03:04:28.047+0000] {dag.py:3954} INFO - Setting next_dagrun for example_subdag_operator.section-1 to None, run_after=None
[2024-11-17T03:04:28.048+0000] {logging_mixin.py:188} INFO - [2024-11-17T03:04:28.048+0000] {dag.py:3954} INFO - Setting next_dagrun for example_subdag_operator.section-2 to None, run_after=None
[2024-11-17T03:04:28.054+0000] {logging_mixin.py:188} INFO - [2024-11-17T03:04:28.054+0000] {dag.py:3096} INFO - Sync 2 DAGs
[2024-11-17T03:04:28.058+0000] {logging_mixin.py:188} INFO - [2024-11-17T03:04:28.058+0000] {dag.py:3954} INFO - Setting next_dagrun for example_subdag_operator.section-1 to None, run_after=None
[2024-11-17T03:04:28.059+0000] {logging_mixin.py:188} INFO - [2024-11-17T03:04:28.059+0000] {dag.py:3954} INFO - Setting next_dagrun for example_subdag_operator.section-2 to None, run_after=None
[2024-11-17T03:04:28.068+0000] {processor.py:183} INFO - Processing /home/airflow/.local/lib/python3.11/site-packages/airflow/example_dags/example_subdag_operator.py took 0.080 seconds
[2024-11-17T03:04:58.910+0000] {processor.py:161} INFO - Started process (PID=7795) to work on /home/airflow/.local/lib/python3.11/site-packages/airflow/example_dags/example_subdag_operator.py
[2024-11-17T03:04:58.911+0000] {processor.py:830} INFO - Processing file /home/airflow/.local/lib/python3.11/site-packages/airflow/example_dags/example_subdag_operator.py for tasks to queue
[2024-11-17T03:04:58.912+0000] {logging_mixin.py:188} INFO - [2024-11-17T03:04:58.912+0000] {dagbag.py:545} INFO - Filling up the DagBag from /home/airflow/.local/lib/python3.11/site-packages/airflow/example_dags/example_subdag_operator.py
[2024-11-17T03:04:58.931+0000] {processor.py:840} INFO - DAG(s) 'example_subdag_operator.section-1', 'example_subdag_operator.section-2', 'example_subdag_operator' retrieved from /home/airflow/.local/lib/python3.11/site-packages/airflow/example_dags/example_subdag_operator.py
[2024-11-17T03:04:58.943+0000] {logging_mixin.py:188} INFO - [2024-11-17T03:04:58.943+0000] {dag.py:3096} INFO - Sync 3 DAGs
[2024-11-17T03:04:58.960+0000] {logging_mixin.py:188} INFO - [2024-11-17T03:04:58.959+0000] {dag.py:3954} INFO - Setting next_dagrun for example_subdag_operator to 2022-01-01 00:00:00+00:00, run_after=2022-01-01 00:00:00+00:00
[2024-11-17T03:04:58.963+0000] {logging_mixin.py:188} INFO - [2024-11-17T03:04:58.963+0000] {dag.py:3954} INFO - Setting next_dagrun for example_subdag_operator.section-1 to None, run_after=None
[2024-11-17T03:04:58.964+0000] {logging_mixin.py:188} INFO - [2024-11-17T03:04:58.964+0000] {dag.py:3954} INFO - Setting next_dagrun for example_subdag_operator.section-2 to None, run_after=None
[2024-11-17T03:04:58.971+0000] {logging_mixin.py:188} INFO - [2024-11-17T03:04:58.971+0000] {dag.py:3096} INFO - Sync 2 DAGs
[2024-11-17T03:04:58.975+0000] {logging_mixin.py:188} INFO - [2024-11-17T03:04:58.975+0000] {dag.py:3954} INFO - Setting next_dagrun for example_subdag_operator.section-1 to None, run_after=None
[2024-11-17T03:04:58.976+0000] {logging_mixin.py:188} INFO - [2024-11-17T03:04:58.976+0000] {dag.py:3954} INFO - Setting next_dagrun for example_subdag_operator.section-2 to None, run_after=None
[2024-11-17T03:04:58.987+0000] {processor.py:183} INFO - Processing /home/airflow/.local/lib/python3.11/site-packages/airflow/example_dags/example_subdag_operator.py took 0.083 seconds
[2024-11-17T03:05:29.142+0000] {processor.py:161} INFO - Started process (PID=8061) to work on /home/airflow/.local/lib/python3.11/site-packages/airflow/example_dags/example_subdag_operator.py
[2024-11-17T03:05:29.143+0000] {processor.py:830} INFO - Processing file /home/airflow/.local/lib/python3.11/site-packages/airflow/example_dags/example_subdag_operator.py for tasks to queue
[2024-11-17T03:05:29.145+0000] {logging_mixin.py:188} INFO - [2024-11-17T03:05:29.144+0000] {dagbag.py:545} INFO - Filling up the DagBag from /home/airflow/.local/lib/python3.11/site-packages/airflow/example_dags/example_subdag_operator.py
[2024-11-17T03:05:29.166+0000] {processor.py:840} INFO - DAG(s) 'example_subdag_operator.section-1', 'example_subdag_operator.section-2', 'example_subdag_operator' retrieved from /home/airflow/.local/lib/python3.11/site-packages/airflow/example_dags/example_subdag_operator.py
[2024-11-17T03:05:29.179+0000] {logging_mixin.py:188} INFO - [2024-11-17T03:05:29.179+0000] {dag.py:3096} INFO - Sync 3 DAGs
[2024-11-17T03:05:29.198+0000] {logging_mixin.py:188} INFO - [2024-11-17T03:05:29.197+0000] {dag.py:3954} INFO - Setting next_dagrun for example_subdag_operator to 2022-01-01 00:00:00+00:00, run_after=2022-01-01 00:00:00+00:00
[2024-11-17T03:05:29.202+0000] {logging_mixin.py:188} INFO - [2024-11-17T03:05:29.201+0000] {dag.py:3954} INFO - Setting next_dagrun for example_subdag_operator.section-1 to None, run_after=None
[2024-11-17T03:05:29.204+0000] {logging_mixin.py:188} INFO - [2024-11-17T03:05:29.203+0000] {dag.py:3954} INFO - Setting next_dagrun for example_subdag_operator.section-2 to None, run_after=None
[2024-11-17T03:05:29.211+0000] {logging_mixin.py:188} INFO - [2024-11-17T03:05:29.210+0000] {dag.py:3096} INFO - Sync 2 DAGs
[2024-11-17T03:05:29.215+0000] {logging_mixin.py:188} INFO - [2024-11-17T03:05:29.215+0000] {dag.py:3954} INFO - Setting next_dagrun for example_subdag_operator.section-1 to None, run_after=None
[2024-11-17T03:05:29.216+0000] {logging_mixin.py:188} INFO - [2024-11-17T03:05:29.216+0000] {dag.py:3954} INFO - Setting next_dagrun for example_subdag_operator.section-2 to None, run_after=None
[2024-11-17T03:05:29.226+0000] {processor.py:183} INFO - Processing /home/airflow/.local/lib/python3.11/site-packages/airflow/example_dags/example_subdag_operator.py took 0.089 seconds
