[2024-11-17T02:50:40.110+0000] {processor.py:161} INFO - Started process (PID=219) to work on /home/airflow/.local/lib/python3.11/site-packages/airflow/example_dags/example_branch_datetime_operator.py
[2024-11-17T02:50:40.110+0000] {processor.py:830} INFO - Processing file /home/airflow/.local/lib/python3.11/site-packages/airflow/example_dags/example_branch_datetime_operator.py for tasks to queue
[2024-11-17T02:50:40.113+0000] {logging_mixin.py:188} INFO - [2024-11-17T02:50:40.112+0000] {dagbag.py:545} INFO - Filling up the DagBag from /home/airflow/.local/lib/python3.11/site-packages/airflow/example_dags/example_branch_datetime_operator.py
[2024-11-17T02:50:40.123+0000] {processor.py:840} INFO - DAG(s) 'example_branch_datetime_operator_3', 'example_branch_datetime_operator_2', 'example_branch_datetime_operator' retrieved from /home/airflow/.local/lib/python3.11/site-packages/airflow/example_dags/example_branch_datetime_operator.py
[2024-11-17T02:50:40.135+0000] {logging_mixin.py:188} INFO - [2024-11-17T02:50:40.135+0000] {dag.py:3096} INFO - Sync 3 DAGs
[2024-11-17T02:50:40.155+0000] {logging_mixin.py:188} INFO - [2024-11-17T02:50:40.155+0000] {dag.py:3954} INFO - Setting next_dagrun for example_branch_datetime_operator to 2024-11-16 00:00:00+00:00, run_after=2024-11-17 00:00:00+00:00
[2024-11-17T02:50:40.159+0000] {logging_mixin.py:188} INFO - [2024-11-17T02:50:40.159+0000] {dag.py:3954} INFO - Setting next_dagrun for example_branch_datetime_operator_2 to 2024-11-16 00:00:00+00:00, run_after=2024-11-17 00:00:00+00:00
[2024-11-17T02:50:40.162+0000] {logging_mixin.py:188} INFO - [2024-11-17T02:50:40.162+0000] {dag.py:3954} INFO - Setting next_dagrun for example_branch_datetime_operator_3 to 2024-11-16 00:00:00+00:00, run_after=2024-11-17 00:00:00+00:00
[2024-11-17T02:50:40.176+0000] {processor.py:183} INFO - Processing /home/airflow/.local/lib/python3.11/site-packages/airflow/example_dags/example_branch_datetime_operator.py took 0.071 seconds
[2024-11-17T02:51:11.738+0000] {processor.py:161} INFO - Started process (PID=491) to work on /home/airflow/.local/lib/python3.11/site-packages/airflow/example_dags/example_branch_datetime_operator.py
[2024-11-17T02:51:11.739+0000] {processor.py:830} INFO - Processing file /home/airflow/.local/lib/python3.11/site-packages/airflow/example_dags/example_branch_datetime_operator.py for tasks to queue
[2024-11-17T02:51:11.741+0000] {logging_mixin.py:188} INFO - [2024-11-17T02:51:11.741+0000] {dagbag.py:545} INFO - Filling up the DagBag from /home/airflow/.local/lib/python3.11/site-packages/airflow/example_dags/example_branch_datetime_operator.py
[2024-11-17T02:51:11.751+0000] {processor.py:840} INFO - DAG(s) 'example_branch_datetime_operator', 'example_branch_datetime_operator_2', 'example_branch_datetime_operator_3' retrieved from /home/airflow/.local/lib/python3.11/site-packages/airflow/example_dags/example_branch_datetime_operator.py
[2024-11-17T02:51:11.888+0000] {logging_mixin.py:188} INFO - [2024-11-17T02:51:11.888+0000] {dag.py:3096} INFO - Sync 3 DAGs
[2024-11-17T02:51:11.906+0000] {logging_mixin.py:188} INFO - [2024-11-17T02:51:11.905+0000] {dag.py:3954} INFO - Setting next_dagrun for example_branch_datetime_operator to 2024-11-16 00:00:00+00:00, run_after=2024-11-17 00:00:00+00:00
[2024-11-17T02:51:11.910+0000] {logging_mixin.py:188} INFO - [2024-11-17T02:51:11.909+0000] {dag.py:3954} INFO - Setting next_dagrun for example_branch_datetime_operator_2 to 2024-11-16 00:00:00+00:00, run_after=2024-11-17 00:00:00+00:00
[2024-11-17T02:51:11.912+0000] {logging_mixin.py:188} INFO - [2024-11-17T02:51:11.912+0000] {dag.py:3954} INFO - Setting next_dagrun for example_branch_datetime_operator_3 to 2024-11-16 00:00:00+00:00, run_after=2024-11-17 00:00:00+00:00
[2024-11-17T02:51:11.928+0000] {processor.py:183} INFO - Processing /home/airflow/.local/lib/python3.11/site-packages/airflow/example_dags/example_branch_datetime_operator.py took 0.198 seconds
[2024-11-17T02:51:42.906+0000] {processor.py:161} INFO - Started process (PID=759) to work on /home/airflow/.local/lib/python3.11/site-packages/airflow/example_dags/example_branch_datetime_operator.py
[2024-11-17T02:51:42.907+0000] {processor.py:830} INFO - Processing file /home/airflow/.local/lib/python3.11/site-packages/airflow/example_dags/example_branch_datetime_operator.py for tasks to queue
[2024-11-17T02:51:42.908+0000] {logging_mixin.py:188} INFO - [2024-11-17T02:51:42.908+0000] {dagbag.py:545} INFO - Filling up the DagBag from /home/airflow/.local/lib/python3.11/site-packages/airflow/example_dags/example_branch_datetime_operator.py
[2024-11-17T02:51:42.916+0000] {processor.py:840} INFO - DAG(s) 'example_branch_datetime_operator', 'example_branch_datetime_operator_3', 'example_branch_datetime_operator_2' retrieved from /home/airflow/.local/lib/python3.11/site-packages/airflow/example_dags/example_branch_datetime_operator.py
[2024-11-17T02:51:42.939+0000] {logging_mixin.py:188} INFO - [2024-11-17T02:51:42.939+0000] {dag.py:3096} INFO - Sync 3 DAGs
[2024-11-17T02:51:42.958+0000] {logging_mixin.py:188} INFO - [2024-11-17T02:51:42.958+0000] {dag.py:3954} INFO - Setting next_dagrun for example_branch_datetime_operator to 2024-11-16 00:00:00+00:00, run_after=2024-11-17 00:00:00+00:00
[2024-11-17T02:51:42.963+0000] {logging_mixin.py:188} INFO - [2024-11-17T02:51:42.962+0000] {dag.py:3954} INFO - Setting next_dagrun for example_branch_datetime_operator_2 to 2024-11-16 00:00:00+00:00, run_after=2024-11-17 00:00:00+00:00
[2024-11-17T02:51:42.965+0000] {logging_mixin.py:188} INFO - [2024-11-17T02:51:42.965+0000] {dag.py:3954} INFO - Setting next_dagrun for example_branch_datetime_operator_3 to 2024-11-16 00:00:00+00:00, run_after=2024-11-17 00:00:00+00:00
[2024-11-17T02:51:42.980+0000] {processor.py:183} INFO - Processing /home/airflow/.local/lib/python3.11/site-packages/airflow/example_dags/example_branch_datetime_operator.py took 0.079 seconds
[2024-11-17T02:52:13.089+0000] {processor.py:161} INFO - Started process (PID=1030) to work on /home/airflow/.local/lib/python3.11/site-packages/airflow/example_dags/example_branch_datetime_operator.py
[2024-11-17T02:52:13.090+0000] {processor.py:830} INFO - Processing file /home/airflow/.local/lib/python3.11/site-packages/airflow/example_dags/example_branch_datetime_operator.py for tasks to queue
[2024-11-17T02:52:13.092+0000] {logging_mixin.py:188} INFO - [2024-11-17T02:52:13.092+0000] {dagbag.py:545} INFO - Filling up the DagBag from /home/airflow/.local/lib/python3.11/site-packages/airflow/example_dags/example_branch_datetime_operator.py
[2024-11-17T02:52:13.100+0000] {processor.py:840} INFO - DAG(s) 'example_branch_datetime_operator_2', 'example_branch_datetime_operator_3', 'example_branch_datetime_operator' retrieved from /home/airflow/.local/lib/python3.11/site-packages/airflow/example_dags/example_branch_datetime_operator.py
[2024-11-17T02:52:13.123+0000] {logging_mixin.py:188} INFO - [2024-11-17T02:52:13.122+0000] {dag.py:3096} INFO - Sync 3 DAGs
[2024-11-17T02:52:13.143+0000] {logging_mixin.py:188} INFO - [2024-11-17T02:52:13.143+0000] {dag.py:3954} INFO - Setting next_dagrun for example_branch_datetime_operator to 2024-11-16 00:00:00+00:00, run_after=2024-11-17 00:00:00+00:00
[2024-11-17T02:52:13.147+0000] {logging_mixin.py:188} INFO - [2024-11-17T02:52:13.147+0000] {dag.py:3954} INFO - Setting next_dagrun for example_branch_datetime_operator_2 to 2024-11-16 00:00:00+00:00, run_after=2024-11-17 00:00:00+00:00
[2024-11-17T02:52:13.150+0000] {logging_mixin.py:188} INFO - [2024-11-17T02:52:13.150+0000] {dag.py:3954} INFO - Setting next_dagrun for example_branch_datetime_operator_3 to 2024-11-16 00:00:00+00:00, run_after=2024-11-17 00:00:00+00:00
[2024-11-17T02:52:13.166+0000] {processor.py:183} INFO - Processing /home/airflow/.local/lib/python3.11/site-packages/airflow/example_dags/example_branch_datetime_operator.py took 0.081 seconds
[2024-11-17T02:52:44.056+0000] {processor.py:161} INFO - Started process (PID=1289) to work on /home/airflow/.local/lib/python3.11/site-packages/airflow/example_dags/example_branch_datetime_operator.py
[2024-11-17T02:52:44.057+0000] {processor.py:830} INFO - Processing file /home/airflow/.local/lib/python3.11/site-packages/airflow/example_dags/example_branch_datetime_operator.py for tasks to queue
[2024-11-17T02:52:44.059+0000] {logging_mixin.py:188} INFO - [2024-11-17T02:52:44.059+0000] {dagbag.py:545} INFO - Filling up the DagBag from /home/airflow/.local/lib/python3.11/site-packages/airflow/example_dags/example_branch_datetime_operator.py
[2024-11-17T02:52:44.068+0000] {processor.py:840} INFO - DAG(s) 'example_branch_datetime_operator_3', 'example_branch_datetime_operator', 'example_branch_datetime_operator_2' retrieved from /home/airflow/.local/lib/python3.11/site-packages/airflow/example_dags/example_branch_datetime_operator.py
[2024-11-17T02:52:44.097+0000] {logging_mixin.py:188} INFO - [2024-11-17T02:52:44.097+0000] {dag.py:3096} INFO - Sync 3 DAGs
[2024-11-17T02:52:44.119+0000] {logging_mixin.py:188} INFO - [2024-11-17T02:52:44.118+0000] {dag.py:3954} INFO - Setting next_dagrun for example_branch_datetime_operator to 2024-11-16 00:00:00+00:00, run_after=2024-11-17 00:00:00+00:00
[2024-11-17T02:52:44.124+0000] {logging_mixin.py:188} INFO - [2024-11-17T02:52:44.123+0000] {dag.py:3954} INFO - Setting next_dagrun for example_branch_datetime_operator_2 to 2024-11-16 00:00:00+00:00, run_after=2024-11-17 00:00:00+00:00
[2024-11-17T02:52:44.127+0000] {logging_mixin.py:188} INFO - [2024-11-17T02:52:44.126+0000] {dag.py:3954} INFO - Setting next_dagrun for example_branch_datetime_operator_3 to 2024-11-16 00:00:00+00:00, run_after=2024-11-17 00:00:00+00:00
[2024-11-17T02:52:44.144+0000] {processor.py:183} INFO - Processing /home/airflow/.local/lib/python3.11/site-packages/airflow/example_dags/example_branch_datetime_operator.py took 0.094 seconds
[2024-11-17T02:53:15.182+0000] {processor.py:161} INFO - Started process (PID=1555) to work on /home/airflow/.local/lib/python3.11/site-packages/airflow/example_dags/example_branch_datetime_operator.py
[2024-11-17T02:53:15.183+0000] {processor.py:830} INFO - Processing file /home/airflow/.local/lib/python3.11/site-packages/airflow/example_dags/example_branch_datetime_operator.py for tasks to queue
[2024-11-17T02:53:15.185+0000] {logging_mixin.py:188} INFO - [2024-11-17T02:53:15.185+0000] {dagbag.py:545} INFO - Filling up the DagBag from /home/airflow/.local/lib/python3.11/site-packages/airflow/example_dags/example_branch_datetime_operator.py
[2024-11-17T02:53:15.196+0000] {processor.py:840} INFO - DAG(s) 'example_branch_datetime_operator_3', 'example_branch_datetime_operator_2', 'example_branch_datetime_operator' retrieved from /home/airflow/.local/lib/python3.11/site-packages/airflow/example_dags/example_branch_datetime_operator.py
[2024-11-17T02:53:15.222+0000] {logging_mixin.py:188} INFO - [2024-11-17T02:53:15.222+0000] {dag.py:3096} INFO - Sync 3 DAGs
[2024-11-17T02:53:15.244+0000] {logging_mixin.py:188} INFO - [2024-11-17T02:53:15.244+0000] {dag.py:3954} INFO - Setting next_dagrun for example_branch_datetime_operator to 2024-11-16 00:00:00+00:00, run_after=2024-11-17 00:00:00+00:00
[2024-11-17T02:53:15.249+0000] {logging_mixin.py:188} INFO - [2024-11-17T02:53:15.249+0000] {dag.py:3954} INFO - Setting next_dagrun for example_branch_datetime_operator_2 to 2024-11-16 00:00:00+00:00, run_after=2024-11-17 00:00:00+00:00
[2024-11-17T02:53:15.252+0000] {logging_mixin.py:188} INFO - [2024-11-17T02:53:15.252+0000] {dag.py:3954} INFO - Setting next_dagrun for example_branch_datetime_operator_3 to 2024-11-16 00:00:00+00:00, run_after=2024-11-17 00:00:00+00:00
[2024-11-17T02:53:15.269+0000] {processor.py:183} INFO - Processing /home/airflow/.local/lib/python3.11/site-packages/airflow/example_dags/example_branch_datetime_operator.py took 0.093 seconds
[2024-11-17T02:53:45.544+0000] {processor.py:161} INFO - Started process (PID=1821) to work on /home/airflow/.local/lib/python3.11/site-packages/airflow/example_dags/example_branch_datetime_operator.py
[2024-11-17T02:53:45.544+0000] {processor.py:830} INFO - Processing file /home/airflow/.local/lib/python3.11/site-packages/airflow/example_dags/example_branch_datetime_operator.py for tasks to queue
[2024-11-17T02:53:45.546+0000] {logging_mixin.py:188} INFO - [2024-11-17T02:53:45.546+0000] {dagbag.py:545} INFO - Filling up the DagBag from /home/airflow/.local/lib/python3.11/site-packages/airflow/example_dags/example_branch_datetime_operator.py
[2024-11-17T02:53:45.554+0000] {processor.py:840} INFO - DAG(s) 'example_branch_datetime_operator_2', 'example_branch_datetime_operator', 'example_branch_datetime_operator_3' retrieved from /home/airflow/.local/lib/python3.11/site-packages/airflow/example_dags/example_branch_datetime_operator.py
[2024-11-17T02:53:45.577+0000] {logging_mixin.py:188} INFO - [2024-11-17T02:53:45.577+0000] {dag.py:3096} INFO - Sync 3 DAGs
[2024-11-17T02:53:45.596+0000] {logging_mixin.py:188} INFO - [2024-11-17T02:53:45.596+0000] {dag.py:3954} INFO - Setting next_dagrun for example_branch_datetime_operator to 2024-11-16 00:00:00+00:00, run_after=2024-11-17 00:00:00+00:00
[2024-11-17T02:53:45.601+0000] {logging_mixin.py:188} INFO - [2024-11-17T02:53:45.601+0000] {dag.py:3954} INFO - Setting next_dagrun for example_branch_datetime_operator_2 to 2024-11-16 00:00:00+00:00, run_after=2024-11-17 00:00:00+00:00
[2024-11-17T02:53:45.604+0000] {logging_mixin.py:188} INFO - [2024-11-17T02:53:45.603+0000] {dag.py:3954} INFO - Setting next_dagrun for example_branch_datetime_operator_3 to 2024-11-16 00:00:00+00:00, run_after=2024-11-17 00:00:00+00:00
[2024-11-17T02:53:45.623+0000] {processor.py:183} INFO - Processing /home/airflow/.local/lib/python3.11/site-packages/airflow/example_dags/example_branch_datetime_operator.py took 0.084 seconds
[2024-11-17T02:54:16.649+0000] {processor.py:161} INFO - Started process (PID=2087) to work on /home/airflow/.local/lib/python3.11/site-packages/airflow/example_dags/example_branch_datetime_operator.py
[2024-11-17T02:54:16.650+0000] {processor.py:830} INFO - Processing file /home/airflow/.local/lib/python3.11/site-packages/airflow/example_dags/example_branch_datetime_operator.py for tasks to queue
[2024-11-17T02:54:16.652+0000] {logging_mixin.py:188} INFO - [2024-11-17T02:54:16.651+0000] {dagbag.py:545} INFO - Filling up the DagBag from /home/airflow/.local/lib/python3.11/site-packages/airflow/example_dags/example_branch_datetime_operator.py
[2024-11-17T02:54:16.662+0000] {processor.py:840} INFO - DAG(s) 'example_branch_datetime_operator_2', 'example_branch_datetime_operator', 'example_branch_datetime_operator_3' retrieved from /home/airflow/.local/lib/python3.11/site-packages/airflow/example_dags/example_branch_datetime_operator.py
[2024-11-17T02:54:16.694+0000] {logging_mixin.py:188} INFO - [2024-11-17T02:54:16.694+0000] {dag.py:3096} INFO - Sync 3 DAGs
[2024-11-17T02:54:16.716+0000] {logging_mixin.py:188} INFO - [2024-11-17T02:54:16.715+0000] {dag.py:3954} INFO - Setting next_dagrun for example_branch_datetime_operator to 2024-11-16 00:00:00+00:00, run_after=2024-11-17 00:00:00+00:00
[2024-11-17T02:54:16.721+0000] {logging_mixin.py:188} INFO - [2024-11-17T02:54:16.721+0000] {dag.py:3954} INFO - Setting next_dagrun for example_branch_datetime_operator_2 to 2024-11-16 00:00:00+00:00, run_after=2024-11-17 00:00:00+00:00
[2024-11-17T02:54:16.724+0000] {logging_mixin.py:188} INFO - [2024-11-17T02:54:16.724+0000] {dag.py:3954} INFO - Setting next_dagrun for example_branch_datetime_operator_3 to 2024-11-16 00:00:00+00:00, run_after=2024-11-17 00:00:00+00:00
[2024-11-17T02:54:16.751+0000] {processor.py:183} INFO - Processing /home/airflow/.local/lib/python3.11/site-packages/airflow/example_dags/example_branch_datetime_operator.py took 0.109 seconds
[2024-11-17T02:54:47.551+0000] {processor.py:161} INFO - Started process (PID=2353) to work on /home/airflow/.local/lib/python3.11/site-packages/airflow/example_dags/example_branch_datetime_operator.py
[2024-11-17T02:54:47.552+0000] {processor.py:830} INFO - Processing file /home/airflow/.local/lib/python3.11/site-packages/airflow/example_dags/example_branch_datetime_operator.py for tasks to queue
[2024-11-17T02:54:47.554+0000] {logging_mixin.py:188} INFO - [2024-11-17T02:54:47.553+0000] {dagbag.py:545} INFO - Filling up the DagBag from /home/airflow/.local/lib/python3.11/site-packages/airflow/example_dags/example_branch_datetime_operator.py
[2024-11-17T02:54:47.563+0000] {processor.py:840} INFO - DAG(s) 'example_branch_datetime_operator_3', 'example_branch_datetime_operator', 'example_branch_datetime_operator_2' retrieved from /home/airflow/.local/lib/python3.11/site-packages/airflow/example_dags/example_branch_datetime_operator.py
[2024-11-17T02:54:47.588+0000] {logging_mixin.py:188} INFO - [2024-11-17T02:54:47.588+0000] {dag.py:3096} INFO - Sync 3 DAGs
[2024-11-17T02:54:47.606+0000] {logging_mixin.py:188} INFO - [2024-11-17T02:54:47.606+0000] {dag.py:3954} INFO - Setting next_dagrun for example_branch_datetime_operator to 2024-11-16 00:00:00+00:00, run_after=2024-11-17 00:00:00+00:00
[2024-11-17T02:54:47.610+0000] {logging_mixin.py:188} INFO - [2024-11-17T02:54:47.610+0000] {dag.py:3954} INFO - Setting next_dagrun for example_branch_datetime_operator_2 to 2024-11-16 00:00:00+00:00, run_after=2024-11-17 00:00:00+00:00
[2024-11-17T02:54:47.612+0000] {logging_mixin.py:188} INFO - [2024-11-17T02:54:47.612+0000] {dag.py:3954} INFO - Setting next_dagrun for example_branch_datetime_operator_3 to 2024-11-16 00:00:00+00:00, run_after=2024-11-17 00:00:00+00:00
[2024-11-17T02:54:47.626+0000] {processor.py:183} INFO - Processing /home/airflow/.local/lib/python3.11/site-packages/airflow/example_dags/example_branch_datetime_operator.py took 0.081 seconds
[2024-11-17T02:55:18.519+0000] {processor.py:161} INFO - Started process (PID=2619) to work on /home/airflow/.local/lib/python3.11/site-packages/airflow/example_dags/example_branch_datetime_operator.py
[2024-11-17T02:55:18.520+0000] {processor.py:830} INFO - Processing file /home/airflow/.local/lib/python3.11/site-packages/airflow/example_dags/example_branch_datetime_operator.py for tasks to queue
[2024-11-17T02:55:18.521+0000] {logging_mixin.py:188} INFO - [2024-11-17T02:55:18.521+0000] {dagbag.py:545} INFO - Filling up the DagBag from /home/airflow/.local/lib/python3.11/site-packages/airflow/example_dags/example_branch_datetime_operator.py
[2024-11-17T02:55:18.530+0000] {processor.py:840} INFO - DAG(s) 'example_branch_datetime_operator', 'example_branch_datetime_operator_3', 'example_branch_datetime_operator_2' retrieved from /home/airflow/.local/lib/python3.11/site-packages/airflow/example_dags/example_branch_datetime_operator.py
[2024-11-17T02:55:18.553+0000] {logging_mixin.py:188} INFO - [2024-11-17T02:55:18.553+0000] {dag.py:3096} INFO - Sync 3 DAGs
[2024-11-17T02:55:18.574+0000] {logging_mixin.py:188} INFO - [2024-11-17T02:55:18.574+0000] {dag.py:3954} INFO - Setting next_dagrun for example_branch_datetime_operator to 2024-11-16 00:00:00+00:00, run_after=2024-11-17 00:00:00+00:00
[2024-11-17T02:55:18.580+0000] {logging_mixin.py:188} INFO - [2024-11-17T02:55:18.580+0000] {dag.py:3954} INFO - Setting next_dagrun for example_branch_datetime_operator_2 to 2024-11-16 00:00:00+00:00, run_after=2024-11-17 00:00:00+00:00
[2024-11-17T02:55:18.583+0000] {logging_mixin.py:188} INFO - [2024-11-17T02:55:18.583+0000] {dag.py:3954} INFO - Setting next_dagrun for example_branch_datetime_operator_3 to 2024-11-16 00:00:00+00:00, run_after=2024-11-17 00:00:00+00:00
[2024-11-17T02:55:18.600+0000] {processor.py:183} INFO - Processing /home/airflow/.local/lib/python3.11/site-packages/airflow/example_dags/example_branch_datetime_operator.py took 0.086 seconds
[2024-11-17T02:55:49.306+0000] {processor.py:161} INFO - Started process (PID=2885) to work on /home/airflow/.local/lib/python3.11/site-packages/airflow/example_dags/example_branch_datetime_operator.py
[2024-11-17T02:55:49.307+0000] {processor.py:830} INFO - Processing file /home/airflow/.local/lib/python3.11/site-packages/airflow/example_dags/example_branch_datetime_operator.py for tasks to queue
[2024-11-17T02:55:49.309+0000] {logging_mixin.py:188} INFO - [2024-11-17T02:55:49.309+0000] {dagbag.py:545} INFO - Filling up the DagBag from /home/airflow/.local/lib/python3.11/site-packages/airflow/example_dags/example_branch_datetime_operator.py
[2024-11-17T02:55:49.319+0000] {processor.py:840} INFO - DAG(s) 'example_branch_datetime_operator', 'example_branch_datetime_operator_2', 'example_branch_datetime_operator_3' retrieved from /home/airflow/.local/lib/python3.11/site-packages/airflow/example_dags/example_branch_datetime_operator.py
[2024-11-17T02:55:49.344+0000] {logging_mixin.py:188} INFO - [2024-11-17T02:55:49.344+0000] {dag.py:3096} INFO - Sync 3 DAGs
[2024-11-17T02:55:49.363+0000] {logging_mixin.py:188} INFO - [2024-11-17T02:55:49.363+0000] {dag.py:3954} INFO - Setting next_dagrun for example_branch_datetime_operator to 2024-11-16 00:00:00+00:00, run_after=2024-11-17 00:00:00+00:00
[2024-11-17T02:55:49.367+0000] {logging_mixin.py:188} INFO - [2024-11-17T02:55:49.367+0000] {dag.py:3954} INFO - Setting next_dagrun for example_branch_datetime_operator_2 to 2024-11-16 00:00:00+00:00, run_after=2024-11-17 00:00:00+00:00
[2024-11-17T02:55:49.369+0000] {logging_mixin.py:188} INFO - [2024-11-17T02:55:49.369+0000] {dag.py:3954} INFO - Setting next_dagrun for example_branch_datetime_operator_3 to 2024-11-16 00:00:00+00:00, run_after=2024-11-17 00:00:00+00:00
[2024-11-17T02:55:49.382+0000] {processor.py:183} INFO - Processing /home/airflow/.local/lib/python3.11/site-packages/airflow/example_dags/example_branch_datetime_operator.py took 0.080 seconds
[2024-11-17T02:56:19.584+0000] {processor.py:161} INFO - Started process (PID=3151) to work on /home/airflow/.local/lib/python3.11/site-packages/airflow/example_dags/example_branch_datetime_operator.py
[2024-11-17T02:56:19.585+0000] {processor.py:830} INFO - Processing file /home/airflow/.local/lib/python3.11/site-packages/airflow/example_dags/example_branch_datetime_operator.py for tasks to queue
[2024-11-17T02:56:19.587+0000] {logging_mixin.py:188} INFO - [2024-11-17T02:56:19.586+0000] {dagbag.py:545} INFO - Filling up the DagBag from /home/airflow/.local/lib/python3.11/site-packages/airflow/example_dags/example_branch_datetime_operator.py
[2024-11-17T02:56:19.595+0000] {processor.py:840} INFO - DAG(s) 'example_branch_datetime_operator_2', 'example_branch_datetime_operator', 'example_branch_datetime_operator_3' retrieved from /home/airflow/.local/lib/python3.11/site-packages/airflow/example_dags/example_branch_datetime_operator.py
[2024-11-17T02:56:19.619+0000] {logging_mixin.py:188} INFO - [2024-11-17T02:56:19.618+0000] {dag.py:3096} INFO - Sync 3 DAGs
[2024-11-17T02:56:19.638+0000] {logging_mixin.py:188} INFO - [2024-11-17T02:56:19.638+0000] {dag.py:3954} INFO - Setting next_dagrun for example_branch_datetime_operator to 2024-11-16 00:00:00+00:00, run_after=2024-11-17 00:00:00+00:00
[2024-11-17T02:56:19.642+0000] {logging_mixin.py:188} INFO - [2024-11-17T02:56:19.642+0000] {dag.py:3954} INFO - Setting next_dagrun for example_branch_datetime_operator_2 to 2024-11-16 00:00:00+00:00, run_after=2024-11-17 00:00:00+00:00
[2024-11-17T02:56:19.644+0000] {logging_mixin.py:188} INFO - [2024-11-17T02:56:19.644+0000] {dag.py:3954} INFO - Setting next_dagrun for example_branch_datetime_operator_3 to 2024-11-16 00:00:00+00:00, run_after=2024-11-17 00:00:00+00:00
[2024-11-17T02:56:19.658+0000] {processor.py:183} INFO - Processing /home/airflow/.local/lib/python3.11/site-packages/airflow/example_dags/example_branch_datetime_operator.py took 0.079 seconds
[2024-11-17T02:56:49.836+0000] {processor.py:161} INFO - Started process (PID=3417) to work on /home/airflow/.local/lib/python3.11/site-packages/airflow/example_dags/example_branch_datetime_operator.py
[2024-11-17T02:56:49.837+0000] {processor.py:830} INFO - Processing file /home/airflow/.local/lib/python3.11/site-packages/airflow/example_dags/example_branch_datetime_operator.py for tasks to queue
[2024-11-17T02:56:49.839+0000] {logging_mixin.py:188} INFO - [2024-11-17T02:56:49.839+0000] {dagbag.py:545} INFO - Filling up the DagBag from /home/airflow/.local/lib/python3.11/site-packages/airflow/example_dags/example_branch_datetime_operator.py
[2024-11-17T02:56:49.848+0000] {processor.py:840} INFO - DAG(s) 'example_branch_datetime_operator_3', 'example_branch_datetime_operator_2', 'example_branch_datetime_operator' retrieved from /home/airflow/.local/lib/python3.11/site-packages/airflow/example_dags/example_branch_datetime_operator.py
[2024-11-17T02:56:49.873+0000] {logging_mixin.py:188} INFO - [2024-11-17T02:56:49.872+0000] {dag.py:3096} INFO - Sync 3 DAGs
[2024-11-17T02:56:49.897+0000] {logging_mixin.py:188} INFO - [2024-11-17T02:56:49.897+0000] {dag.py:3954} INFO - Setting next_dagrun for example_branch_datetime_operator to 2024-11-16 00:00:00+00:00, run_after=2024-11-17 00:00:00+00:00
[2024-11-17T02:56:49.902+0000] {logging_mixin.py:188} INFO - [2024-11-17T02:56:49.902+0000] {dag.py:3954} INFO - Setting next_dagrun for example_branch_datetime_operator_2 to 2024-11-16 00:00:00+00:00, run_after=2024-11-17 00:00:00+00:00
[2024-11-17T02:56:49.904+0000] {logging_mixin.py:188} INFO - [2024-11-17T02:56:49.904+0000] {dag.py:3954} INFO - Setting next_dagrun for example_branch_datetime_operator_3 to 2024-11-16 00:00:00+00:00, run_after=2024-11-17 00:00:00+00:00
[2024-11-17T02:56:49.920+0000] {processor.py:183} INFO - Processing /home/airflow/.local/lib/python3.11/site-packages/airflow/example_dags/example_branch_datetime_operator.py took 0.089 seconds
[2024-11-17T02:57:20.035+0000] {processor.py:161} INFO - Started process (PID=3683) to work on /home/airflow/.local/lib/python3.11/site-packages/airflow/example_dags/example_branch_datetime_operator.py
[2024-11-17T02:57:20.036+0000] {processor.py:830} INFO - Processing file /home/airflow/.local/lib/python3.11/site-packages/airflow/example_dags/example_branch_datetime_operator.py for tasks to queue
[2024-11-17T02:57:20.038+0000] {logging_mixin.py:188} INFO - [2024-11-17T02:57:20.038+0000] {dagbag.py:545} INFO - Filling up the DagBag from /home/airflow/.local/lib/python3.11/site-packages/airflow/example_dags/example_branch_datetime_operator.py
[2024-11-17T02:57:20.047+0000] {processor.py:840} INFO - DAG(s) 'example_branch_datetime_operator_2', 'example_branch_datetime_operator_3', 'example_branch_datetime_operator' retrieved from /home/airflow/.local/lib/python3.11/site-packages/airflow/example_dags/example_branch_datetime_operator.py
[2024-11-17T02:57:20.070+0000] {logging_mixin.py:188} INFO - [2024-11-17T02:57:20.069+0000] {dag.py:3096} INFO - Sync 3 DAGs
[2024-11-17T02:57:20.089+0000] {logging_mixin.py:188} INFO - [2024-11-17T02:57:20.089+0000] {dag.py:3954} INFO - Setting next_dagrun for example_branch_datetime_operator to 2024-11-16 00:00:00+00:00, run_after=2024-11-17 00:00:00+00:00
[2024-11-17T02:57:20.094+0000] {logging_mixin.py:188} INFO - [2024-11-17T02:57:20.094+0000] {dag.py:3954} INFO - Setting next_dagrun for example_branch_datetime_operator_2 to 2024-11-16 00:00:00+00:00, run_after=2024-11-17 00:00:00+00:00
[2024-11-17T02:57:20.097+0000] {logging_mixin.py:188} INFO - [2024-11-17T02:57:20.096+0000] {dag.py:3954} INFO - Setting next_dagrun for example_branch_datetime_operator_3 to 2024-11-16 00:00:00+00:00, run_after=2024-11-17 00:00:00+00:00
[2024-11-17T02:57:20.112+0000] {processor.py:183} INFO - Processing /home/airflow/.local/lib/python3.11/site-packages/airflow/example_dags/example_branch_datetime_operator.py took 0.083 seconds
[2024-11-17T02:57:50.484+0000] {processor.py:161} INFO - Started process (PID=3949) to work on /home/airflow/.local/lib/python3.11/site-packages/airflow/example_dags/example_branch_datetime_operator.py
[2024-11-17T02:57:50.485+0000] {processor.py:830} INFO - Processing file /home/airflow/.local/lib/python3.11/site-packages/airflow/example_dags/example_branch_datetime_operator.py for tasks to queue
[2024-11-17T02:57:50.487+0000] {logging_mixin.py:188} INFO - [2024-11-17T02:57:50.486+0000] {dagbag.py:545} INFO - Filling up the DagBag from /home/airflow/.local/lib/python3.11/site-packages/airflow/example_dags/example_branch_datetime_operator.py
[2024-11-17T02:57:50.495+0000] {processor.py:840} INFO - DAG(s) 'example_branch_datetime_operator_2', 'example_branch_datetime_operator', 'example_branch_datetime_operator_3' retrieved from /home/airflow/.local/lib/python3.11/site-packages/airflow/example_dags/example_branch_datetime_operator.py
[2024-11-17T02:57:50.518+0000] {logging_mixin.py:188} INFO - [2024-11-17T02:57:50.518+0000] {dag.py:3096} INFO - Sync 3 DAGs
[2024-11-17T02:57:50.536+0000] {logging_mixin.py:188} INFO - [2024-11-17T02:57:50.536+0000] {dag.py:3954} INFO - Setting next_dagrun for example_branch_datetime_operator to 2024-11-16 00:00:00+00:00, run_after=2024-11-17 00:00:00+00:00
[2024-11-17T02:57:50.540+0000] {logging_mixin.py:188} INFO - [2024-11-17T02:57:50.540+0000] {dag.py:3954} INFO - Setting next_dagrun for example_branch_datetime_operator_2 to 2024-11-16 00:00:00+00:00, run_after=2024-11-17 00:00:00+00:00
[2024-11-17T02:57:50.543+0000] {logging_mixin.py:188} INFO - [2024-11-17T02:57:50.542+0000] {dag.py:3954} INFO - Setting next_dagrun for example_branch_datetime_operator_3 to 2024-11-16 00:00:00+00:00, run_after=2024-11-17 00:00:00+00:00
[2024-11-17T02:57:50.556+0000] {processor.py:183} INFO - Processing /home/airflow/.local/lib/python3.11/site-packages/airflow/example_dags/example_branch_datetime_operator.py took 0.078 seconds
[2024-11-17T02:58:20.670+0000] {processor.py:161} INFO - Started process (PID=4215) to work on /home/airflow/.local/lib/python3.11/site-packages/airflow/example_dags/example_branch_datetime_operator.py
[2024-11-17T02:58:20.671+0000] {processor.py:830} INFO - Processing file /home/airflow/.local/lib/python3.11/site-packages/airflow/example_dags/example_branch_datetime_operator.py for tasks to queue
[2024-11-17T02:58:20.673+0000] {logging_mixin.py:188} INFO - [2024-11-17T02:58:20.673+0000] {dagbag.py:545} INFO - Filling up the DagBag from /home/airflow/.local/lib/python3.11/site-packages/airflow/example_dags/example_branch_datetime_operator.py
[2024-11-17T02:58:20.682+0000] {processor.py:840} INFO - DAG(s) 'example_branch_datetime_operator_3', 'example_branch_datetime_operator_2', 'example_branch_datetime_operator' retrieved from /home/airflow/.local/lib/python3.11/site-packages/airflow/example_dags/example_branch_datetime_operator.py
[2024-11-17T02:58:20.707+0000] {logging_mixin.py:188} INFO - [2024-11-17T02:58:20.707+0000] {dag.py:3096} INFO - Sync 3 DAGs
[2024-11-17T02:58:20.727+0000] {logging_mixin.py:188} INFO - [2024-11-17T02:58:20.727+0000] {dag.py:3954} INFO - Setting next_dagrun for example_branch_datetime_operator to 2024-11-16 00:00:00+00:00, run_after=2024-11-17 00:00:00+00:00
[2024-11-17T02:58:20.731+0000] {logging_mixin.py:188} INFO - [2024-11-17T02:58:20.731+0000] {dag.py:3954} INFO - Setting next_dagrun for example_branch_datetime_operator_2 to 2024-11-16 00:00:00+00:00, run_after=2024-11-17 00:00:00+00:00
[2024-11-17T02:58:20.733+0000] {logging_mixin.py:188} INFO - [2024-11-17T02:58:20.733+0000] {dag.py:3954} INFO - Setting next_dagrun for example_branch_datetime_operator_3 to 2024-11-16 00:00:00+00:00, run_after=2024-11-17 00:00:00+00:00
[2024-11-17T02:58:20.749+0000] {processor.py:183} INFO - Processing /home/airflow/.local/lib/python3.11/site-packages/airflow/example_dags/example_branch_datetime_operator.py took 0.084 seconds
[2024-11-17T02:58:50.891+0000] {processor.py:161} INFO - Started process (PID=4481) to work on /home/airflow/.local/lib/python3.11/site-packages/airflow/example_dags/example_branch_datetime_operator.py
[2024-11-17T02:58:50.892+0000] {processor.py:830} INFO - Processing file /home/airflow/.local/lib/python3.11/site-packages/airflow/example_dags/example_branch_datetime_operator.py for tasks to queue
[2024-11-17T02:58:50.893+0000] {logging_mixin.py:188} INFO - [2024-11-17T02:58:50.893+0000] {dagbag.py:545} INFO - Filling up the DagBag from /home/airflow/.local/lib/python3.11/site-packages/airflow/example_dags/example_branch_datetime_operator.py
[2024-11-17T02:58:50.902+0000] {processor.py:840} INFO - DAG(s) 'example_branch_datetime_operator', 'example_branch_datetime_operator_3', 'example_branch_datetime_operator_2' retrieved from /home/airflow/.local/lib/python3.11/site-packages/airflow/example_dags/example_branch_datetime_operator.py
[2024-11-17T02:58:50.925+0000] {logging_mixin.py:188} INFO - [2024-11-17T02:58:50.925+0000] {dag.py:3096} INFO - Sync 3 DAGs
[2024-11-17T02:58:50.944+0000] {logging_mixin.py:188} INFO - [2024-11-17T02:58:50.944+0000] {dag.py:3954} INFO - Setting next_dagrun for example_branch_datetime_operator to 2024-11-16 00:00:00+00:00, run_after=2024-11-17 00:00:00+00:00
[2024-11-17T02:58:50.948+0000] {logging_mixin.py:188} INFO - [2024-11-17T02:58:50.948+0000] {dag.py:3954} INFO - Setting next_dagrun for example_branch_datetime_operator_2 to 2024-11-16 00:00:00+00:00, run_after=2024-11-17 00:00:00+00:00
[2024-11-17T02:58:50.950+0000] {logging_mixin.py:188} INFO - [2024-11-17T02:58:50.950+0000] {dag.py:3954} INFO - Setting next_dagrun for example_branch_datetime_operator_3 to 2024-11-16 00:00:00+00:00, run_after=2024-11-17 00:00:00+00:00
[2024-11-17T02:58:50.965+0000] {processor.py:183} INFO - Processing /home/airflow/.local/lib/python3.11/site-packages/airflow/example_dags/example_branch_datetime_operator.py took 0.079 seconds
[2024-11-17T02:59:21.371+0000] {processor.py:161} INFO - Started process (PID=4747) to work on /home/airflow/.local/lib/python3.11/site-packages/airflow/example_dags/example_branch_datetime_operator.py
[2024-11-17T02:59:21.372+0000] {processor.py:830} INFO - Processing file /home/airflow/.local/lib/python3.11/site-packages/airflow/example_dags/example_branch_datetime_operator.py for tasks to queue
[2024-11-17T02:59:21.374+0000] {logging_mixin.py:188} INFO - [2024-11-17T02:59:21.373+0000] {dagbag.py:545} INFO - Filling up the DagBag from /home/airflow/.local/lib/python3.11/site-packages/airflow/example_dags/example_branch_datetime_operator.py
[2024-11-17T02:59:21.382+0000] {processor.py:840} INFO - DAG(s) 'example_branch_datetime_operator_3', 'example_branch_datetime_operator', 'example_branch_datetime_operator_2' retrieved from /home/airflow/.local/lib/python3.11/site-packages/airflow/example_dags/example_branch_datetime_operator.py
[2024-11-17T02:59:21.409+0000] {logging_mixin.py:188} INFO - [2024-11-17T02:59:21.409+0000] {dag.py:3096} INFO - Sync 3 DAGs
[2024-11-17T02:59:21.435+0000] {logging_mixin.py:188} INFO - [2024-11-17T02:59:21.434+0000] {dag.py:3954} INFO - Setting next_dagrun for example_branch_datetime_operator to 2024-11-16 00:00:00+00:00, run_after=2024-11-17 00:00:00+00:00
[2024-11-17T02:59:21.439+0000] {logging_mixin.py:188} INFO - [2024-11-17T02:59:21.439+0000] {dag.py:3954} INFO - Setting next_dagrun for example_branch_datetime_operator_2 to 2024-11-16 00:00:00+00:00, run_after=2024-11-17 00:00:00+00:00
[2024-11-17T02:59:21.442+0000] {logging_mixin.py:188} INFO - [2024-11-17T02:59:21.442+0000] {dag.py:3954} INFO - Setting next_dagrun for example_branch_datetime_operator_3 to 2024-11-16 00:00:00+00:00, run_after=2024-11-17 00:00:00+00:00
[2024-11-17T02:59:21.458+0000] {processor.py:183} INFO - Processing /home/airflow/.local/lib/python3.11/site-packages/airflow/example_dags/example_branch_datetime_operator.py took 0.093 seconds
[2024-11-17T02:59:51.599+0000] {processor.py:161} INFO - Started process (PID=5013) to work on /home/airflow/.local/lib/python3.11/site-packages/airflow/example_dags/example_branch_datetime_operator.py
[2024-11-17T02:59:51.600+0000] {processor.py:830} INFO - Processing file /home/airflow/.local/lib/python3.11/site-packages/airflow/example_dags/example_branch_datetime_operator.py for tasks to queue
[2024-11-17T02:59:51.602+0000] {logging_mixin.py:188} INFO - [2024-11-17T02:59:51.602+0000] {dagbag.py:545} INFO - Filling up the DagBag from /home/airflow/.local/lib/python3.11/site-packages/airflow/example_dags/example_branch_datetime_operator.py
[2024-11-17T02:59:51.610+0000] {processor.py:840} INFO - DAG(s) 'example_branch_datetime_operator_3', 'example_branch_datetime_operator_2', 'example_branch_datetime_operator' retrieved from /home/airflow/.local/lib/python3.11/site-packages/airflow/example_dags/example_branch_datetime_operator.py
[2024-11-17T02:59:51.633+0000] {logging_mixin.py:188} INFO - [2024-11-17T02:59:51.633+0000] {dag.py:3096} INFO - Sync 3 DAGs
[2024-11-17T02:59:51.653+0000] {logging_mixin.py:188} INFO - [2024-11-17T02:59:51.652+0000] {dag.py:3954} INFO - Setting next_dagrun for example_branch_datetime_operator to 2024-11-16 00:00:00+00:00, run_after=2024-11-17 00:00:00+00:00
[2024-11-17T02:59:51.657+0000] {logging_mixin.py:188} INFO - [2024-11-17T02:59:51.657+0000] {dag.py:3954} INFO - Setting next_dagrun for example_branch_datetime_operator_2 to 2024-11-16 00:00:00+00:00, run_after=2024-11-17 00:00:00+00:00
[2024-11-17T02:59:51.659+0000] {logging_mixin.py:188} INFO - [2024-11-17T02:59:51.659+0000] {dag.py:3954} INFO - Setting next_dagrun for example_branch_datetime_operator_3 to 2024-11-16 00:00:00+00:00, run_after=2024-11-17 00:00:00+00:00
[2024-11-17T02:59:51.673+0000] {processor.py:183} INFO - Processing /home/airflow/.local/lib/python3.11/site-packages/airflow/example_dags/example_branch_datetime_operator.py took 0.079 seconds
[2024-11-17T03:00:21.826+0000] {processor.py:161} INFO - Started process (PID=5279) to work on /home/airflow/.local/lib/python3.11/site-packages/airflow/example_dags/example_branch_datetime_operator.py
[2024-11-17T03:00:21.827+0000] {processor.py:830} INFO - Processing file /home/airflow/.local/lib/python3.11/site-packages/airflow/example_dags/example_branch_datetime_operator.py for tasks to queue
[2024-11-17T03:00:21.829+0000] {logging_mixin.py:188} INFO - [2024-11-17T03:00:21.829+0000] {dagbag.py:545} INFO - Filling up the DagBag from /home/airflow/.local/lib/python3.11/site-packages/airflow/example_dags/example_branch_datetime_operator.py
[2024-11-17T03:00:21.837+0000] {processor.py:840} INFO - DAG(s) 'example_branch_datetime_operator_3', 'example_branch_datetime_operator', 'example_branch_datetime_operator_2' retrieved from /home/airflow/.local/lib/python3.11/site-packages/airflow/example_dags/example_branch_datetime_operator.py
[2024-11-17T03:00:21.861+0000] {logging_mixin.py:188} INFO - [2024-11-17T03:00:21.861+0000] {dag.py:3096} INFO - Sync 3 DAGs
[2024-11-17T03:00:21.880+0000] {logging_mixin.py:188} INFO - [2024-11-17T03:00:21.879+0000] {dag.py:3954} INFO - Setting next_dagrun for example_branch_datetime_operator to 2024-11-16 00:00:00+00:00, run_after=2024-11-17 00:00:00+00:00
[2024-11-17T03:00:21.884+0000] {logging_mixin.py:188} INFO - [2024-11-17T03:00:21.884+0000] {dag.py:3954} INFO - Setting next_dagrun for example_branch_datetime_operator_2 to 2024-11-16 00:00:00+00:00, run_after=2024-11-17 00:00:00+00:00
[2024-11-17T03:00:21.886+0000] {logging_mixin.py:188} INFO - [2024-11-17T03:00:21.886+0000] {dag.py:3954} INFO - Setting next_dagrun for example_branch_datetime_operator_3 to 2024-11-16 00:00:00+00:00, run_after=2024-11-17 00:00:00+00:00
[2024-11-17T03:00:21.901+0000] {processor.py:183} INFO - Processing /home/airflow/.local/lib/python3.11/site-packages/airflow/example_dags/example_branch_datetime_operator.py took 0.080 seconds
[2024-11-17T03:00:52.229+0000] {processor.py:161} INFO - Started process (PID=5547) to work on /home/airflow/.local/lib/python3.11/site-packages/airflow/example_dags/example_branch_datetime_operator.py
[2024-11-17T03:00:52.230+0000] {processor.py:830} INFO - Processing file /home/airflow/.local/lib/python3.11/site-packages/airflow/example_dags/example_branch_datetime_operator.py for tasks to queue
[2024-11-17T03:00:52.232+0000] {logging_mixin.py:188} INFO - [2024-11-17T03:00:52.232+0000] {dagbag.py:545} INFO - Filling up the DagBag from /home/airflow/.local/lib/python3.11/site-packages/airflow/example_dags/example_branch_datetime_operator.py
[2024-11-17T03:00:52.240+0000] {processor.py:840} INFO - DAG(s) 'example_branch_datetime_operator_2', 'example_branch_datetime_operator_3', 'example_branch_datetime_operator' retrieved from /home/airflow/.local/lib/python3.11/site-packages/airflow/example_dags/example_branch_datetime_operator.py
[2024-11-17T03:00:52.264+0000] {logging_mixin.py:188} INFO - [2024-11-17T03:00:52.264+0000] {dag.py:3096} INFO - Sync 3 DAGs
[2024-11-17T03:00:52.282+0000] {logging_mixin.py:188} INFO - [2024-11-17T03:00:52.281+0000] {dag.py:3954} INFO - Setting next_dagrun for example_branch_datetime_operator to 2024-11-16 00:00:00+00:00, run_after=2024-11-17 00:00:00+00:00
[2024-11-17T03:00:52.286+0000] {logging_mixin.py:188} INFO - [2024-11-17T03:00:52.285+0000] {dag.py:3954} INFO - Setting next_dagrun for example_branch_datetime_operator_2 to 2024-11-16 00:00:00+00:00, run_after=2024-11-17 00:00:00+00:00
[2024-11-17T03:00:52.288+0000] {logging_mixin.py:188} INFO - [2024-11-17T03:00:52.288+0000] {dag.py:3954} INFO - Setting next_dagrun for example_branch_datetime_operator_3 to 2024-11-16 00:00:00+00:00, run_after=2024-11-17 00:00:00+00:00
[2024-11-17T03:00:52.303+0000] {processor.py:183} INFO - Processing /home/airflow/.local/lib/python3.11/site-packages/airflow/example_dags/example_branch_datetime_operator.py took 0.080 seconds
[2024-11-17T03:01:23.240+0000] {processor.py:161} INFO - Started process (PID=5811) to work on /home/airflow/.local/lib/python3.11/site-packages/airflow/example_dags/example_branch_datetime_operator.py
[2024-11-17T03:01:23.241+0000] {processor.py:830} INFO - Processing file /home/airflow/.local/lib/python3.11/site-packages/airflow/example_dags/example_branch_datetime_operator.py for tasks to queue
[2024-11-17T03:01:23.242+0000] {logging_mixin.py:188} INFO - [2024-11-17T03:01:23.242+0000] {dagbag.py:545} INFO - Filling up the DagBag from /home/airflow/.local/lib/python3.11/site-packages/airflow/example_dags/example_branch_datetime_operator.py
[2024-11-17T03:01:23.251+0000] {processor.py:840} INFO - DAG(s) 'example_branch_datetime_operator_3', 'example_branch_datetime_operator_2', 'example_branch_datetime_operator' retrieved from /home/airflow/.local/lib/python3.11/site-packages/airflow/example_dags/example_branch_datetime_operator.py
[2024-11-17T03:01:23.277+0000] {logging_mixin.py:188} INFO - [2024-11-17T03:01:23.276+0000] {dag.py:3096} INFO - Sync 3 DAGs
[2024-11-17T03:01:23.301+0000] {logging_mixin.py:188} INFO - [2024-11-17T03:01:23.300+0000] {dag.py:3954} INFO - Setting next_dagrun for example_branch_datetime_operator to 2024-11-16 00:00:00+00:00, run_after=2024-11-17 00:00:00+00:00
[2024-11-17T03:01:23.305+0000] {logging_mixin.py:188} INFO - [2024-11-17T03:01:23.305+0000] {dag.py:3954} INFO - Setting next_dagrun for example_branch_datetime_operator_2 to 2024-11-16 00:00:00+00:00, run_after=2024-11-17 00:00:00+00:00
[2024-11-17T03:01:23.308+0000] {logging_mixin.py:188} INFO - [2024-11-17T03:01:23.308+0000] {dag.py:3954} INFO - Setting next_dagrun for example_branch_datetime_operator_3 to 2024-11-16 00:00:00+00:00, run_after=2024-11-17 00:00:00+00:00
[2024-11-17T03:01:23.325+0000] {processor.py:183} INFO - Processing /home/airflow/.local/lib/python3.11/site-packages/airflow/example_dags/example_branch_datetime_operator.py took 0.091 seconds
[2024-11-17T03:01:53.366+0000] {processor.py:161} INFO - Started process (PID=6077) to work on /home/airflow/.local/lib/python3.11/site-packages/airflow/example_dags/example_branch_datetime_operator.py
[2024-11-17T03:01:53.367+0000] {processor.py:830} INFO - Processing file /home/airflow/.local/lib/python3.11/site-packages/airflow/example_dags/example_branch_datetime_operator.py for tasks to queue
[2024-11-17T03:01:53.369+0000] {logging_mixin.py:188} INFO - [2024-11-17T03:01:53.368+0000] {dagbag.py:545} INFO - Filling up the DagBag from /home/airflow/.local/lib/python3.11/site-packages/airflow/example_dags/example_branch_datetime_operator.py
[2024-11-17T03:01:53.377+0000] {processor.py:840} INFO - DAG(s) 'example_branch_datetime_operator', 'example_branch_datetime_operator_2', 'example_branch_datetime_operator_3' retrieved from /home/airflow/.local/lib/python3.11/site-packages/airflow/example_dags/example_branch_datetime_operator.py
[2024-11-17T03:01:53.402+0000] {logging_mixin.py:188} INFO - [2024-11-17T03:01:53.401+0000] {dag.py:3096} INFO - Sync 3 DAGs
[2024-11-17T03:01:53.420+0000] {logging_mixin.py:188} INFO - [2024-11-17T03:01:53.420+0000] {dag.py:3954} INFO - Setting next_dagrun for example_branch_datetime_operator to 2024-11-16 00:00:00+00:00, run_after=2024-11-17 00:00:00+00:00
[2024-11-17T03:01:53.424+0000] {logging_mixin.py:188} INFO - [2024-11-17T03:01:53.424+0000] {dag.py:3954} INFO - Setting next_dagrun for example_branch_datetime_operator_2 to 2024-11-16 00:00:00+00:00, run_after=2024-11-17 00:00:00+00:00
[2024-11-17T03:01:53.426+0000] {logging_mixin.py:188} INFO - [2024-11-17T03:01:53.426+0000] {dag.py:3954} INFO - Setting next_dagrun for example_branch_datetime_operator_3 to 2024-11-16 00:00:00+00:00, run_after=2024-11-17 00:00:00+00:00
[2024-11-17T03:01:53.439+0000] {processor.py:183} INFO - Processing /home/airflow/.local/lib/python3.11/site-packages/airflow/example_dags/example_branch_datetime_operator.py took 0.078 seconds
[2024-11-17T03:02:23.773+0000] {processor.py:161} INFO - Started process (PID=6343) to work on /home/airflow/.local/lib/python3.11/site-packages/airflow/example_dags/example_branch_datetime_operator.py
[2024-11-17T03:02:23.774+0000] {processor.py:830} INFO - Processing file /home/airflow/.local/lib/python3.11/site-packages/airflow/example_dags/example_branch_datetime_operator.py for tasks to queue
[2024-11-17T03:02:23.775+0000] {logging_mixin.py:188} INFO - [2024-11-17T03:02:23.775+0000] {dagbag.py:545} INFO - Filling up the DagBag from /home/airflow/.local/lib/python3.11/site-packages/airflow/example_dags/example_branch_datetime_operator.py
[2024-11-17T03:02:23.783+0000] {processor.py:840} INFO - DAG(s) 'example_branch_datetime_operator_2', 'example_branch_datetime_operator_3', 'example_branch_datetime_operator' retrieved from /home/airflow/.local/lib/python3.11/site-packages/airflow/example_dags/example_branch_datetime_operator.py
[2024-11-17T03:02:23.807+0000] {logging_mixin.py:188} INFO - [2024-11-17T03:02:23.807+0000] {dag.py:3096} INFO - Sync 3 DAGs
[2024-11-17T03:02:23.826+0000] {logging_mixin.py:188} INFO - [2024-11-17T03:02:23.826+0000] {dag.py:3954} INFO - Setting next_dagrun for example_branch_datetime_operator to 2024-11-16 00:00:00+00:00, run_after=2024-11-17 00:00:00+00:00
[2024-11-17T03:02:23.830+0000] {logging_mixin.py:188} INFO - [2024-11-17T03:02:23.830+0000] {dag.py:3954} INFO - Setting next_dagrun for example_branch_datetime_operator_2 to 2024-11-16 00:00:00+00:00, run_after=2024-11-17 00:00:00+00:00
[2024-11-17T03:02:23.833+0000] {logging_mixin.py:188} INFO - [2024-11-17T03:02:23.833+0000] {dag.py:3954} INFO - Setting next_dagrun for example_branch_datetime_operator_3 to 2024-11-16 00:00:00+00:00, run_after=2024-11-17 00:00:00+00:00
[2024-11-17T03:02:23.848+0000] {processor.py:183} INFO - Processing /home/airflow/.local/lib/python3.11/site-packages/airflow/example_dags/example_branch_datetime_operator.py took 0.080 seconds
[2024-11-17T03:02:53.963+0000] {processor.py:161} INFO - Started process (PID=6609) to work on /home/airflow/.local/lib/python3.11/site-packages/airflow/example_dags/example_branch_datetime_operator.py
[2024-11-17T03:02:53.964+0000] {processor.py:830} INFO - Processing file /home/airflow/.local/lib/python3.11/site-packages/airflow/example_dags/example_branch_datetime_operator.py for tasks to queue
[2024-11-17T03:02:53.965+0000] {logging_mixin.py:188} INFO - [2024-11-17T03:02:53.965+0000] {dagbag.py:545} INFO - Filling up the DagBag from /home/airflow/.local/lib/python3.11/site-packages/airflow/example_dags/example_branch_datetime_operator.py
[2024-11-17T03:02:53.974+0000] {processor.py:840} INFO - DAG(s) 'example_branch_datetime_operator', 'example_branch_datetime_operator_3', 'example_branch_datetime_operator_2' retrieved from /home/airflow/.local/lib/python3.11/site-packages/airflow/example_dags/example_branch_datetime_operator.py
[2024-11-17T03:02:53.997+0000] {logging_mixin.py:188} INFO - [2024-11-17T03:02:53.996+0000] {dag.py:3096} INFO - Sync 3 DAGs
[2024-11-17T03:02:54.016+0000] {logging_mixin.py:188} INFO - [2024-11-17T03:02:54.015+0000] {dag.py:3954} INFO - Setting next_dagrun for example_branch_datetime_operator to 2024-11-16 00:00:00+00:00, run_after=2024-11-17 00:00:00+00:00
[2024-11-17T03:02:54.020+0000] {logging_mixin.py:188} INFO - [2024-11-17T03:02:54.020+0000] {dag.py:3954} INFO - Setting next_dagrun for example_branch_datetime_operator_2 to 2024-11-16 00:00:00+00:00, run_after=2024-11-17 00:00:00+00:00
[2024-11-17T03:02:54.022+0000] {logging_mixin.py:188} INFO - [2024-11-17T03:02:54.022+0000] {dag.py:3954} INFO - Setting next_dagrun for example_branch_datetime_operator_3 to 2024-11-16 00:00:00+00:00, run_after=2024-11-17 00:00:00+00:00
[2024-11-17T03:02:54.039+0000] {processor.py:183} INFO - Processing /home/airflow/.local/lib/python3.11/site-packages/airflow/example_dags/example_branch_datetime_operator.py took 0.081 seconds
[2024-11-17T03:03:24.333+0000] {processor.py:161} INFO - Started process (PID=6877) to work on /home/airflow/.local/lib/python3.11/site-packages/airflow/example_dags/example_branch_datetime_operator.py
[2024-11-17T03:03:24.334+0000] {processor.py:830} INFO - Processing file /home/airflow/.local/lib/python3.11/site-packages/airflow/example_dags/example_branch_datetime_operator.py for tasks to queue
[2024-11-17T03:03:24.335+0000] {logging_mixin.py:188} INFO - [2024-11-17T03:03:24.335+0000] {dagbag.py:545} INFO - Filling up the DagBag from /home/airflow/.local/lib/python3.11/site-packages/airflow/example_dags/example_branch_datetime_operator.py
[2024-11-17T03:03:24.344+0000] {processor.py:840} INFO - DAG(s) 'example_branch_datetime_operator', 'example_branch_datetime_operator_3', 'example_branch_datetime_operator_2' retrieved from /home/airflow/.local/lib/python3.11/site-packages/airflow/example_dags/example_branch_datetime_operator.py
[2024-11-17T03:03:24.371+0000] {logging_mixin.py:188} INFO - [2024-11-17T03:03:24.371+0000] {dag.py:3096} INFO - Sync 3 DAGs
[2024-11-17T03:03:24.391+0000] {logging_mixin.py:188} INFO - [2024-11-17T03:03:24.391+0000] {dag.py:3954} INFO - Setting next_dagrun for example_branch_datetime_operator to 2024-11-16 00:00:00+00:00, run_after=2024-11-17 00:00:00+00:00
[2024-11-17T03:03:24.395+0000] {logging_mixin.py:188} INFO - [2024-11-17T03:03:24.395+0000] {dag.py:3954} INFO - Setting next_dagrun for example_branch_datetime_operator_2 to 2024-11-16 00:00:00+00:00, run_after=2024-11-17 00:00:00+00:00
[2024-11-17T03:03:24.397+0000] {logging_mixin.py:188} INFO - [2024-11-17T03:03:24.397+0000] {dag.py:3954} INFO - Setting next_dagrun for example_branch_datetime_operator_3 to 2024-11-16 00:00:00+00:00, run_after=2024-11-17 00:00:00+00:00
[2024-11-17T03:03:24.413+0000] {processor.py:183} INFO - Processing /home/airflow/.local/lib/python3.11/site-packages/airflow/example_dags/example_branch_datetime_operator.py took 0.085 seconds
[2024-11-17T03:03:54.451+0000] {processor.py:161} INFO - Started process (PID=7141) to work on /home/airflow/.local/lib/python3.11/site-packages/airflow/example_dags/example_branch_datetime_operator.py
[2024-11-17T03:03:54.452+0000] {processor.py:830} INFO - Processing file /home/airflow/.local/lib/python3.11/site-packages/airflow/example_dags/example_branch_datetime_operator.py for tasks to queue
[2024-11-17T03:03:54.455+0000] {logging_mixin.py:188} INFO - [2024-11-17T03:03:54.454+0000] {dagbag.py:545} INFO - Filling up the DagBag from /home/airflow/.local/lib/python3.11/site-packages/airflow/example_dags/example_branch_datetime_operator.py
[2024-11-17T03:03:54.464+0000] {processor.py:840} INFO - DAG(s) 'example_branch_datetime_operator', 'example_branch_datetime_operator_3', 'example_branch_datetime_operator_2' retrieved from /home/airflow/.local/lib/python3.11/site-packages/airflow/example_dags/example_branch_datetime_operator.py
[2024-11-17T03:03:54.489+0000] {logging_mixin.py:188} INFO - [2024-11-17T03:03:54.489+0000] {dag.py:3096} INFO - Sync 3 DAGs
[2024-11-17T03:03:54.510+0000] {logging_mixin.py:188} INFO - [2024-11-17T03:03:54.510+0000] {dag.py:3954} INFO - Setting next_dagrun for example_branch_datetime_operator to 2024-11-16 00:00:00+00:00, run_after=2024-11-17 00:00:00+00:00
[2024-11-17T03:03:54.514+0000] {logging_mixin.py:188} INFO - [2024-11-17T03:03:54.514+0000] {dag.py:3954} INFO - Setting next_dagrun for example_branch_datetime_operator_2 to 2024-11-16 00:00:00+00:00, run_after=2024-11-17 00:00:00+00:00
[2024-11-17T03:03:54.517+0000] {logging_mixin.py:188} INFO - [2024-11-17T03:03:54.517+0000] {dag.py:3954} INFO - Setting next_dagrun for example_branch_datetime_operator_3 to 2024-11-16 00:00:00+00:00, run_after=2024-11-17 00:00:00+00:00
[2024-11-17T03:03:54.531+0000] {processor.py:183} INFO - Processing /home/airflow/.local/lib/python3.11/site-packages/airflow/example_dags/example_branch_datetime_operator.py took 0.086 seconds
[2024-11-17T03:04:24.730+0000] {processor.py:161} INFO - Started process (PID=7407) to work on /home/airflow/.local/lib/python3.11/site-packages/airflow/example_dags/example_branch_datetime_operator.py
[2024-11-17T03:04:24.731+0000] {processor.py:830} INFO - Processing file /home/airflow/.local/lib/python3.11/site-packages/airflow/example_dags/example_branch_datetime_operator.py for tasks to queue
[2024-11-17T03:04:24.732+0000] {logging_mixin.py:188} INFO - [2024-11-17T03:04:24.732+0000] {dagbag.py:545} INFO - Filling up the DagBag from /home/airflow/.local/lib/python3.11/site-packages/airflow/example_dags/example_branch_datetime_operator.py
[2024-11-17T03:04:24.740+0000] {processor.py:840} INFO - DAG(s) 'example_branch_datetime_operator_2', 'example_branch_datetime_operator', 'example_branch_datetime_operator_3' retrieved from /home/airflow/.local/lib/python3.11/site-packages/airflow/example_dags/example_branch_datetime_operator.py
[2024-11-17T03:04:24.763+0000] {logging_mixin.py:188} INFO - [2024-11-17T03:04:24.763+0000] {dag.py:3096} INFO - Sync 3 DAGs
[2024-11-17T03:04:24.785+0000] {logging_mixin.py:188} INFO - [2024-11-17T03:04:24.784+0000] {dag.py:3954} INFO - Setting next_dagrun for example_branch_datetime_operator to 2024-11-16 00:00:00+00:00, run_after=2024-11-17 00:00:00+00:00
[2024-11-17T03:04:24.789+0000] {logging_mixin.py:188} INFO - [2024-11-17T03:04:24.789+0000] {dag.py:3954} INFO - Setting next_dagrun for example_branch_datetime_operator_2 to 2024-11-16 00:00:00+00:00, run_after=2024-11-17 00:00:00+00:00
[2024-11-17T03:04:24.791+0000] {logging_mixin.py:188} INFO - [2024-11-17T03:04:24.791+0000] {dag.py:3954} INFO - Setting next_dagrun for example_branch_datetime_operator_3 to 2024-11-16 00:00:00+00:00, run_after=2024-11-17 00:00:00+00:00
[2024-11-17T03:04:24.806+0000] {processor.py:183} INFO - Processing /home/airflow/.local/lib/python3.11/site-packages/airflow/example_dags/example_branch_datetime_operator.py took 0.082 seconds
[2024-11-17T03:04:55.491+0000] {processor.py:161} INFO - Started process (PID=7673) to work on /home/airflow/.local/lib/python3.11/site-packages/airflow/example_dags/example_branch_datetime_operator.py
[2024-11-17T03:04:55.492+0000] {processor.py:830} INFO - Processing file /home/airflow/.local/lib/python3.11/site-packages/airflow/example_dags/example_branch_datetime_operator.py for tasks to queue
[2024-11-17T03:04:55.493+0000] {logging_mixin.py:188} INFO - [2024-11-17T03:04:55.493+0000] {dagbag.py:545} INFO - Filling up the DagBag from /home/airflow/.local/lib/python3.11/site-packages/airflow/example_dags/example_branch_datetime_operator.py
[2024-11-17T03:04:55.502+0000] {processor.py:840} INFO - DAG(s) 'example_branch_datetime_operator_3', 'example_branch_datetime_operator_2', 'example_branch_datetime_operator' retrieved from /home/airflow/.local/lib/python3.11/site-packages/airflow/example_dags/example_branch_datetime_operator.py
[2024-11-17T03:04:55.527+0000] {logging_mixin.py:188} INFO - [2024-11-17T03:04:55.527+0000] {dag.py:3096} INFO - Sync 3 DAGs
[2024-11-17T03:04:55.546+0000] {logging_mixin.py:188} INFO - [2024-11-17T03:04:55.546+0000] {dag.py:3954} INFO - Setting next_dagrun for example_branch_datetime_operator to 2024-11-16 00:00:00+00:00, run_after=2024-11-17 00:00:00+00:00
[2024-11-17T03:04:55.550+0000] {logging_mixin.py:188} INFO - [2024-11-17T03:04:55.550+0000] {dag.py:3954} INFO - Setting next_dagrun for example_branch_datetime_operator_2 to 2024-11-16 00:00:00+00:00, run_after=2024-11-17 00:00:00+00:00
[2024-11-17T03:04:55.553+0000] {logging_mixin.py:188} INFO - [2024-11-17T03:04:55.553+0000] {dag.py:3954} INFO - Setting next_dagrun for example_branch_datetime_operator_3 to 2024-11-16 00:00:00+00:00, run_after=2024-11-17 00:00:00+00:00
[2024-11-17T03:04:55.567+0000] {processor.py:183} INFO - Processing /home/airflow/.local/lib/python3.11/site-packages/airflow/example_dags/example_branch_datetime_operator.py took 0.082 seconds
[2024-11-17T03:05:25.757+0000] {processor.py:161} INFO - Started process (PID=7939) to work on /home/airflow/.local/lib/python3.11/site-packages/airflow/example_dags/example_branch_datetime_operator.py
[2024-11-17T03:05:25.758+0000] {processor.py:830} INFO - Processing file /home/airflow/.local/lib/python3.11/site-packages/airflow/example_dags/example_branch_datetime_operator.py for tasks to queue
[2024-11-17T03:05:25.760+0000] {logging_mixin.py:188} INFO - [2024-11-17T03:05:25.760+0000] {dagbag.py:545} INFO - Filling up the DagBag from /home/airflow/.local/lib/python3.11/site-packages/airflow/example_dags/example_branch_datetime_operator.py
[2024-11-17T03:05:25.768+0000] {processor.py:840} INFO - DAG(s) 'example_branch_datetime_operator', 'example_branch_datetime_operator_3', 'example_branch_datetime_operator_2' retrieved from /home/airflow/.local/lib/python3.11/site-packages/airflow/example_dags/example_branch_datetime_operator.py
[2024-11-17T03:05:25.793+0000] {logging_mixin.py:188} INFO - [2024-11-17T03:05:25.793+0000] {dag.py:3096} INFO - Sync 3 DAGs
[2024-11-17T03:05:25.813+0000] {logging_mixin.py:188} INFO - [2024-11-17T03:05:25.813+0000] {dag.py:3954} INFO - Setting next_dagrun for example_branch_datetime_operator to 2024-11-16 00:00:00+00:00, run_after=2024-11-17 00:00:00+00:00
[2024-11-17T03:05:25.817+0000] {logging_mixin.py:188} INFO - [2024-11-17T03:05:25.817+0000] {dag.py:3954} INFO - Setting next_dagrun for example_branch_datetime_operator_2 to 2024-11-16 00:00:00+00:00, run_after=2024-11-17 00:00:00+00:00
[2024-11-17T03:05:25.820+0000] {logging_mixin.py:188} INFO - [2024-11-17T03:05:25.820+0000] {dag.py:3954} INFO - Setting next_dagrun for example_branch_datetime_operator_3 to 2024-11-16 00:00:00+00:00, run_after=2024-11-17 00:00:00+00:00
[2024-11-17T03:05:25.833+0000] {processor.py:183} INFO - Processing /home/airflow/.local/lib/python3.11/site-packages/airflow/example_dags/example_branch_datetime_operator.py took 0.081 seconds
