[2024-11-17T02:50:40.323+0000] {processor.py:161} INFO - Started process (PID=244) to work on /home/airflow/.local/lib/python3.11/site-packages/airflow/example_dags/example_latest_only.py
[2024-11-17T02:50:40.324+0000] {processor.py:830} INFO - Processing file /home/airflow/.local/lib/python3.11/site-packages/airflow/example_dags/example_latest_only.py for tasks to queue
[2024-11-17T02:50:40.326+0000] {logging_mixin.py:188} INFO - [2024-11-17T02:50:40.326+0000] {dagbag.py:545} INFO - Filling up the DagBag from /home/airflow/.local/lib/python3.11/site-packages/airflow/example_dags/example_latest_only.py
[2024-11-17T02:50:40.335+0000] {processor.py:840} INFO - DAG(s) 'latest_only' retrieved from /home/airflow/.local/lib/python3.11/site-packages/airflow/example_dags/example_latest_only.py
[2024-11-17T02:50:40.353+0000] {logging_mixin.py:188} INFO - [2024-11-17T02:50:40.352+0000] {dag.py:3096} INFO - Sync 1 DAGs
[2024-11-17T02:50:40.379+0000] {logging_mixin.py:188} INFO - [2024-11-17T02:50:40.378+0000] {dag.py:3954} INFO - Setting next_dagrun for latest_only to 2024-11-16 20:00:00+00:00, run_after=2024-11-17 00:00:00+00:00
[2024-11-17T02:50:40.413+0000] {processor.py:183} INFO - Processing /home/airflow/.local/lib/python3.11/site-packages/airflow/example_dags/example_latest_only.py took 0.096 seconds
[2024-11-17T02:51:12.257+0000] {processor.py:161} INFO - Started process (PID=516) to work on /home/airflow/.local/lib/python3.11/site-packages/airflow/example_dags/example_latest_only.py
[2024-11-17T02:51:12.258+0000] {processor.py:830} INFO - Processing file /home/airflow/.local/lib/python3.11/site-packages/airflow/example_dags/example_latest_only.py for tasks to queue
[2024-11-17T02:51:12.260+0000] {logging_mixin.py:188} INFO - [2024-11-17T02:51:12.260+0000] {dagbag.py:545} INFO - Filling up the DagBag from /home/airflow/.local/lib/python3.11/site-packages/airflow/example_dags/example_latest_only.py
[2024-11-17T02:51:12.265+0000] {processor.py:840} INFO - DAG(s) 'latest_only' retrieved from /home/airflow/.local/lib/python3.11/site-packages/airflow/example_dags/example_latest_only.py
[2024-11-17T02:51:12.348+0000] {logging_mixin.py:188} INFO - [2024-11-17T02:51:12.348+0000] {dag.py:3096} INFO - Sync 1 DAGs
[2024-11-17T02:51:12.364+0000] {logging_mixin.py:188} INFO - [2024-11-17T02:51:12.364+0000] {dag.py:3954} INFO - Setting next_dagrun for latest_only to 2024-11-16 20:00:00+00:00, run_after=2024-11-17 00:00:00+00:00
[2024-11-17T02:51:12.381+0000] {processor.py:183} INFO - Processing /home/airflow/.local/lib/python3.11/site-packages/airflow/example_dags/example_latest_only.py took 0.130 seconds
[2024-11-17T02:51:43.089+0000] {processor.py:161} INFO - Started process (PID=782) to work on /home/airflow/.local/lib/python3.11/site-packages/airflow/example_dags/example_latest_only.py
[2024-11-17T02:51:43.090+0000] {processor.py:830} INFO - Processing file /home/airflow/.local/lib/python3.11/site-packages/airflow/example_dags/example_latest_only.py for tasks to queue
[2024-11-17T02:51:43.092+0000] {logging_mixin.py:188} INFO - [2024-11-17T02:51:43.091+0000] {dagbag.py:545} INFO - Filling up the DagBag from /home/airflow/.local/lib/python3.11/site-packages/airflow/example_dags/example_latest_only.py
[2024-11-17T02:51:43.096+0000] {processor.py:840} INFO - DAG(s) 'latest_only' retrieved from /home/airflow/.local/lib/python3.11/site-packages/airflow/example_dags/example_latest_only.py
[2024-11-17T02:51:43.113+0000] {logging_mixin.py:188} INFO - [2024-11-17T02:51:43.112+0000] {dag.py:3096} INFO - Sync 1 DAGs
[2024-11-17T02:51:43.130+0000] {logging_mixin.py:188} INFO - [2024-11-17T02:51:43.130+0000] {dag.py:3954} INFO - Setting next_dagrun for latest_only to 2024-11-16 20:00:00+00:00, run_after=2024-11-17 00:00:00+00:00
[2024-11-17T02:51:43.149+0000] {processor.py:183} INFO - Processing /home/airflow/.local/lib/python3.11/site-packages/airflow/example_dags/example_latest_only.py took 0.065 seconds
[2024-11-17T02:52:13.263+0000] {processor.py:161} INFO - Started process (PID=1048) to work on /home/airflow/.local/lib/python3.11/site-packages/airflow/example_dags/example_latest_only.py
[2024-11-17T02:52:13.264+0000] {processor.py:830} INFO - Processing file /home/airflow/.local/lib/python3.11/site-packages/airflow/example_dags/example_latest_only.py for tasks to queue
[2024-11-17T02:52:13.266+0000] {logging_mixin.py:188} INFO - [2024-11-17T02:52:13.266+0000] {dagbag.py:545} INFO - Filling up the DagBag from /home/airflow/.local/lib/python3.11/site-packages/airflow/example_dags/example_latest_only.py
[2024-11-17T02:52:13.271+0000] {processor.py:840} INFO - DAG(s) 'latest_only' retrieved from /home/airflow/.local/lib/python3.11/site-packages/airflow/example_dags/example_latest_only.py
[2024-11-17T02:52:13.289+0000] {logging_mixin.py:188} INFO - [2024-11-17T02:52:13.289+0000] {dag.py:3096} INFO - Sync 1 DAGs
[2024-11-17T02:52:13.312+0000] {logging_mixin.py:188} INFO - [2024-11-17T02:52:13.311+0000] {dag.py:3954} INFO - Setting next_dagrun for latest_only to 2024-11-16 20:00:00+00:00, run_after=2024-11-17 00:00:00+00:00
[2024-11-17T02:52:13.343+0000] {processor.py:183} INFO - Processing /home/airflow/.local/lib/python3.11/site-packages/airflow/example_dags/example_latest_only.py took 0.087 seconds
[2024-11-17T02:52:44.289+0000] {processor.py:161} INFO - Started process (PID=1314) to work on /home/airflow/.local/lib/python3.11/site-packages/airflow/example_dags/example_latest_only.py
[2024-11-17T02:52:44.290+0000] {processor.py:830} INFO - Processing file /home/airflow/.local/lib/python3.11/site-packages/airflow/example_dags/example_latest_only.py for tasks to queue
[2024-11-17T02:52:44.292+0000] {logging_mixin.py:188} INFO - [2024-11-17T02:52:44.291+0000] {dagbag.py:545} INFO - Filling up the DagBag from /home/airflow/.local/lib/python3.11/site-packages/airflow/example_dags/example_latest_only.py
[2024-11-17T02:52:44.296+0000] {processor.py:840} INFO - DAG(s) 'latest_only' retrieved from /home/airflow/.local/lib/python3.11/site-packages/airflow/example_dags/example_latest_only.py
[2024-11-17T02:52:44.314+0000] {logging_mixin.py:188} INFO - [2024-11-17T02:52:44.314+0000] {dag.py:3096} INFO - Sync 1 DAGs
[2024-11-17T02:52:44.335+0000] {logging_mixin.py:188} INFO - [2024-11-17T02:52:44.334+0000] {dag.py:3954} INFO - Setting next_dagrun for latest_only to 2024-11-16 20:00:00+00:00, run_after=2024-11-17 00:00:00+00:00
[2024-11-17T02:52:44.352+0000] {processor.py:183} INFO - Processing /home/airflow/.local/lib/python3.11/site-packages/airflow/example_dags/example_latest_only.py took 0.069 seconds
[2024-11-17T02:53:15.404+0000] {processor.py:161} INFO - Started process (PID=1580) to work on /home/airflow/.local/lib/python3.11/site-packages/airflow/example_dags/example_latest_only.py
[2024-11-17T02:53:15.405+0000] {processor.py:830} INFO - Processing file /home/airflow/.local/lib/python3.11/site-packages/airflow/example_dags/example_latest_only.py for tasks to queue
[2024-11-17T02:53:15.407+0000] {logging_mixin.py:188} INFO - [2024-11-17T02:53:15.406+0000] {dagbag.py:545} INFO - Filling up the DagBag from /home/airflow/.local/lib/python3.11/site-packages/airflow/example_dags/example_latest_only.py
[2024-11-17T02:53:15.411+0000] {processor.py:840} INFO - DAG(s) 'latest_only' retrieved from /home/airflow/.local/lib/python3.11/site-packages/airflow/example_dags/example_latest_only.py
[2024-11-17T02:53:15.430+0000] {logging_mixin.py:188} INFO - [2024-11-17T02:53:15.429+0000] {dag.py:3096} INFO - Sync 1 DAGs
[2024-11-17T02:53:15.450+0000] {logging_mixin.py:188} INFO - [2024-11-17T02:53:15.450+0000] {dag.py:3954} INFO - Setting next_dagrun for latest_only to 2024-11-16 20:00:00+00:00, run_after=2024-11-17 00:00:00+00:00
[2024-11-17T02:53:15.469+0000] {processor.py:183} INFO - Processing /home/airflow/.local/lib/python3.11/site-packages/airflow/example_dags/example_latest_only.py took 0.069 seconds
[2024-11-17T02:53:45.844+0000] {processor.py:161} INFO - Started process (PID=1846) to work on /home/airflow/.local/lib/python3.11/site-packages/airflow/example_dags/example_latest_only.py
[2024-11-17T02:53:45.845+0000] {processor.py:830} INFO - Processing file /home/airflow/.local/lib/python3.11/site-packages/airflow/example_dags/example_latest_only.py for tasks to queue
[2024-11-17T02:53:45.847+0000] {logging_mixin.py:188} INFO - [2024-11-17T02:53:45.847+0000] {dagbag.py:545} INFO - Filling up the DagBag from /home/airflow/.local/lib/python3.11/site-packages/airflow/example_dags/example_latest_only.py
[2024-11-17T02:53:45.851+0000] {processor.py:840} INFO - DAG(s) 'latest_only' retrieved from /home/airflow/.local/lib/python3.11/site-packages/airflow/example_dags/example_latest_only.py
[2024-11-17T02:53:45.871+0000] {logging_mixin.py:188} INFO - [2024-11-17T02:53:45.870+0000] {dag.py:3096} INFO - Sync 1 DAGs
[2024-11-17T02:53:45.891+0000] {logging_mixin.py:188} INFO - [2024-11-17T02:53:45.891+0000] {dag.py:3954} INFO - Setting next_dagrun for latest_only to 2024-11-16 20:00:00+00:00, run_after=2024-11-17 00:00:00+00:00
[2024-11-17T02:53:45.914+0000] {processor.py:183} INFO - Processing /home/airflow/.local/lib/python3.11/site-packages/airflow/example_dags/example_latest_only.py took 0.074 seconds
[2024-11-17T02:54:16.922+0000] {processor.py:161} INFO - Started process (PID=2112) to work on /home/airflow/.local/lib/python3.11/site-packages/airflow/example_dags/example_latest_only.py
[2024-11-17T02:54:16.922+0000] {processor.py:830} INFO - Processing file /home/airflow/.local/lib/python3.11/site-packages/airflow/example_dags/example_latest_only.py for tasks to queue
[2024-11-17T02:54:16.924+0000] {logging_mixin.py:188} INFO - [2024-11-17T02:54:16.924+0000] {dagbag.py:545} INFO - Filling up the DagBag from /home/airflow/.local/lib/python3.11/site-packages/airflow/example_dags/example_latest_only.py
[2024-11-17T02:54:16.928+0000] {processor.py:840} INFO - DAG(s) 'latest_only' retrieved from /home/airflow/.local/lib/python3.11/site-packages/airflow/example_dags/example_latest_only.py
[2024-11-17T02:54:16.946+0000] {logging_mixin.py:188} INFO - [2024-11-17T02:54:16.946+0000] {dag.py:3096} INFO - Sync 1 DAGs
[2024-11-17T02:54:16.964+0000] {logging_mixin.py:188} INFO - [2024-11-17T02:54:16.964+0000] {dag.py:3954} INFO - Setting next_dagrun for latest_only to 2024-11-16 20:00:00+00:00, run_after=2024-11-17 00:00:00+00:00
[2024-11-17T02:54:16.984+0000] {processor.py:183} INFO - Processing /home/airflow/.local/lib/python3.11/site-packages/airflow/example_dags/example_latest_only.py took 0.068 seconds
[2024-11-17T02:54:47.758+0000] {processor.py:161} INFO - Started process (PID=2378) to work on /home/airflow/.local/lib/python3.11/site-packages/airflow/example_dags/example_latest_only.py
[2024-11-17T02:54:47.759+0000] {processor.py:830} INFO - Processing file /home/airflow/.local/lib/python3.11/site-packages/airflow/example_dags/example_latest_only.py for tasks to queue
[2024-11-17T02:54:47.760+0000] {logging_mixin.py:188} INFO - [2024-11-17T02:54:47.760+0000] {dagbag.py:545} INFO - Filling up the DagBag from /home/airflow/.local/lib/python3.11/site-packages/airflow/example_dags/example_latest_only.py
[2024-11-17T02:54:47.765+0000] {processor.py:840} INFO - DAG(s) 'latest_only' retrieved from /home/airflow/.local/lib/python3.11/site-packages/airflow/example_dags/example_latest_only.py
[2024-11-17T02:54:47.782+0000] {logging_mixin.py:188} INFO - [2024-11-17T02:54:47.781+0000] {dag.py:3096} INFO - Sync 1 DAGs
[2024-11-17T02:54:47.799+0000] {logging_mixin.py:188} INFO - [2024-11-17T02:54:47.799+0000] {dag.py:3954} INFO - Setting next_dagrun for latest_only to 2024-11-16 20:00:00+00:00, run_after=2024-11-17 00:00:00+00:00
[2024-11-17T02:54:47.814+0000] {processor.py:183} INFO - Processing /home/airflow/.local/lib/python3.11/site-packages/airflow/example_dags/example_latest_only.py took 0.061 seconds
[2024-11-17T02:55:18.730+0000] {processor.py:161} INFO - Started process (PID=2644) to work on /home/airflow/.local/lib/python3.11/site-packages/airflow/example_dags/example_latest_only.py
[2024-11-17T02:55:18.730+0000] {processor.py:830} INFO - Processing file /home/airflow/.local/lib/python3.11/site-packages/airflow/example_dags/example_latest_only.py for tasks to queue
[2024-11-17T02:55:18.732+0000] {logging_mixin.py:188} INFO - [2024-11-17T02:55:18.732+0000] {dagbag.py:545} INFO - Filling up the DagBag from /home/airflow/.local/lib/python3.11/site-packages/airflow/example_dags/example_latest_only.py
[2024-11-17T02:55:18.736+0000] {processor.py:840} INFO - DAG(s) 'latest_only' retrieved from /home/airflow/.local/lib/python3.11/site-packages/airflow/example_dags/example_latest_only.py
[2024-11-17T02:55:18.752+0000] {logging_mixin.py:188} INFO - [2024-11-17T02:55:18.752+0000] {dag.py:3096} INFO - Sync 1 DAGs
[2024-11-17T02:55:18.769+0000] {logging_mixin.py:188} INFO - [2024-11-17T02:55:18.769+0000] {dag.py:3954} INFO - Setting next_dagrun for latest_only to 2024-11-16 20:00:00+00:00, run_after=2024-11-17 00:00:00+00:00
[2024-11-17T02:55:18.785+0000] {processor.py:183} INFO - Processing /home/airflow/.local/lib/python3.11/site-packages/airflow/example_dags/example_latest_only.py took 0.060 seconds
[2024-11-17T02:55:49.523+0000] {processor.py:161} INFO - Started process (PID=2910) to work on /home/airflow/.local/lib/python3.11/site-packages/airflow/example_dags/example_latest_only.py
[2024-11-17T02:55:49.524+0000] {processor.py:830} INFO - Processing file /home/airflow/.local/lib/python3.11/site-packages/airflow/example_dags/example_latest_only.py for tasks to queue
[2024-11-17T02:55:49.526+0000] {logging_mixin.py:188} INFO - [2024-11-17T02:55:49.526+0000] {dagbag.py:545} INFO - Filling up the DagBag from /home/airflow/.local/lib/python3.11/site-packages/airflow/example_dags/example_latest_only.py
[2024-11-17T02:55:49.531+0000] {processor.py:840} INFO - DAG(s) 'latest_only' retrieved from /home/airflow/.local/lib/python3.11/site-packages/airflow/example_dags/example_latest_only.py
[2024-11-17T02:55:49.549+0000] {logging_mixin.py:188} INFO - [2024-11-17T02:55:49.549+0000] {dag.py:3096} INFO - Sync 1 DAGs
[2024-11-17T02:55:49.566+0000] {logging_mixin.py:188} INFO - [2024-11-17T02:55:49.566+0000] {dag.py:3954} INFO - Setting next_dagrun for latest_only to 2024-11-16 20:00:00+00:00, run_after=2024-11-17 00:00:00+00:00
[2024-11-17T02:55:49.584+0000] {processor.py:183} INFO - Processing /home/airflow/.local/lib/python3.11/site-packages/airflow/example_dags/example_latest_only.py took 0.068 seconds
[2024-11-17T02:56:19.806+0000] {processor.py:161} INFO - Started process (PID=3176) to work on /home/airflow/.local/lib/python3.11/site-packages/airflow/example_dags/example_latest_only.py
[2024-11-17T02:56:19.807+0000] {processor.py:830} INFO - Processing file /home/airflow/.local/lib/python3.11/site-packages/airflow/example_dags/example_latest_only.py for tasks to queue
[2024-11-17T02:56:19.809+0000] {logging_mixin.py:188} INFO - [2024-11-17T02:56:19.808+0000] {dagbag.py:545} INFO - Filling up the DagBag from /home/airflow/.local/lib/python3.11/site-packages/airflow/example_dags/example_latest_only.py
[2024-11-17T02:56:19.813+0000] {processor.py:840} INFO - DAG(s) 'latest_only' retrieved from /home/airflow/.local/lib/python3.11/site-packages/airflow/example_dags/example_latest_only.py
[2024-11-17T02:56:19.829+0000] {logging_mixin.py:188} INFO - [2024-11-17T02:56:19.829+0000] {dag.py:3096} INFO - Sync 1 DAGs
[2024-11-17T02:56:19.847+0000] {logging_mixin.py:188} INFO - [2024-11-17T02:56:19.847+0000] {dag.py:3954} INFO - Setting next_dagrun for latest_only to 2024-11-16 20:00:00+00:00, run_after=2024-11-17 00:00:00+00:00
[2024-11-17T02:56:19.865+0000] {processor.py:183} INFO - Processing /home/airflow/.local/lib/python3.11/site-packages/airflow/example_dags/example_latest_only.py took 0.064 seconds
[2024-11-17T02:56:50.058+0000] {processor.py:161} INFO - Started process (PID=3442) to work on /home/airflow/.local/lib/python3.11/site-packages/airflow/example_dags/example_latest_only.py
[2024-11-17T02:56:50.059+0000] {processor.py:830} INFO - Processing file /home/airflow/.local/lib/python3.11/site-packages/airflow/example_dags/example_latest_only.py for tasks to queue
[2024-11-17T02:56:50.061+0000] {logging_mixin.py:188} INFO - [2024-11-17T02:56:50.061+0000] {dagbag.py:545} INFO - Filling up the DagBag from /home/airflow/.local/lib/python3.11/site-packages/airflow/example_dags/example_latest_only.py
[2024-11-17T02:56:50.065+0000] {processor.py:840} INFO - DAG(s) 'latest_only' retrieved from /home/airflow/.local/lib/python3.11/site-packages/airflow/example_dags/example_latest_only.py
[2024-11-17T02:56:50.084+0000] {logging_mixin.py:188} INFO - [2024-11-17T02:56:50.083+0000] {dag.py:3096} INFO - Sync 1 DAGs
[2024-11-17T02:56:50.101+0000] {logging_mixin.py:188} INFO - [2024-11-17T02:56:50.101+0000] {dag.py:3954} INFO - Setting next_dagrun for latest_only to 2024-11-16 20:00:00+00:00, run_after=2024-11-17 00:00:00+00:00
[2024-11-17T02:56:50.118+0000] {processor.py:183} INFO - Processing /home/airflow/.local/lib/python3.11/site-packages/airflow/example_dags/example_latest_only.py took 0.066 seconds
[2024-11-17T02:57:20.316+0000] {processor.py:161} INFO - Started process (PID=3708) to work on /home/airflow/.local/lib/python3.11/site-packages/airflow/example_dags/example_latest_only.py
[2024-11-17T02:57:20.317+0000] {processor.py:830} INFO - Processing file /home/airflow/.local/lib/python3.11/site-packages/airflow/example_dags/example_latest_only.py for tasks to queue
[2024-11-17T02:57:20.319+0000] {logging_mixin.py:188} INFO - [2024-11-17T02:57:20.319+0000] {dagbag.py:545} INFO - Filling up the DagBag from /home/airflow/.local/lib/python3.11/site-packages/airflow/example_dags/example_latest_only.py
[2024-11-17T02:57:20.323+0000] {processor.py:840} INFO - DAG(s) 'latest_only' retrieved from /home/airflow/.local/lib/python3.11/site-packages/airflow/example_dags/example_latest_only.py
[2024-11-17T02:57:20.340+0000] {logging_mixin.py:188} INFO - [2024-11-17T02:57:20.340+0000] {dag.py:3096} INFO - Sync 1 DAGs
[2024-11-17T02:57:20.359+0000] {logging_mixin.py:188} INFO - [2024-11-17T02:57:20.359+0000] {dag.py:3954} INFO - Setting next_dagrun for latest_only to 2024-11-16 20:00:00+00:00, run_after=2024-11-17 00:00:00+00:00
[2024-11-17T02:57:20.378+0000] {processor.py:183} INFO - Processing /home/airflow/.local/lib/python3.11/site-packages/airflow/example_dags/example_latest_only.py took 0.066 seconds
[2024-11-17T02:57:50.686+0000] {processor.py:161} INFO - Started process (PID=3974) to work on /home/airflow/.local/lib/python3.11/site-packages/airflow/example_dags/example_latest_only.py
[2024-11-17T02:57:50.686+0000] {processor.py:830} INFO - Processing file /home/airflow/.local/lib/python3.11/site-packages/airflow/example_dags/example_latest_only.py for tasks to queue
[2024-11-17T02:57:50.688+0000] {logging_mixin.py:188} INFO - [2024-11-17T02:57:50.688+0000] {dagbag.py:545} INFO - Filling up the DagBag from /home/airflow/.local/lib/python3.11/site-packages/airflow/example_dags/example_latest_only.py
[2024-11-17T02:57:50.692+0000] {processor.py:840} INFO - DAG(s) 'latest_only' retrieved from /home/airflow/.local/lib/python3.11/site-packages/airflow/example_dags/example_latest_only.py
[2024-11-17T02:57:50.708+0000] {logging_mixin.py:188} INFO - [2024-11-17T02:57:50.708+0000] {dag.py:3096} INFO - Sync 1 DAGs
[2024-11-17T02:57:50.724+0000] {logging_mixin.py:188} INFO - [2024-11-17T02:57:50.724+0000] {dag.py:3954} INFO - Setting next_dagrun for latest_only to 2024-11-16 20:00:00+00:00, run_after=2024-11-17 00:00:00+00:00
[2024-11-17T02:57:50.738+0000] {processor.py:183} INFO - Processing /home/airflow/.local/lib/python3.11/site-packages/airflow/example_dags/example_latest_only.py took 0.058 seconds
[2024-11-17T02:58:20.880+0000] {processor.py:161} INFO - Started process (PID=4240) to work on /home/airflow/.local/lib/python3.11/site-packages/airflow/example_dags/example_latest_only.py
[2024-11-17T02:58:20.881+0000] {processor.py:830} INFO - Processing file /home/airflow/.local/lib/python3.11/site-packages/airflow/example_dags/example_latest_only.py for tasks to queue
[2024-11-17T02:58:20.883+0000] {logging_mixin.py:188} INFO - [2024-11-17T02:58:20.883+0000] {dagbag.py:545} INFO - Filling up the DagBag from /home/airflow/.local/lib/python3.11/site-packages/airflow/example_dags/example_latest_only.py
[2024-11-17T02:58:20.889+0000] {processor.py:840} INFO - DAG(s) 'latest_only' retrieved from /home/airflow/.local/lib/python3.11/site-packages/airflow/example_dags/example_latest_only.py
[2024-11-17T02:58:20.907+0000] {logging_mixin.py:188} INFO - [2024-11-17T02:58:20.906+0000] {dag.py:3096} INFO - Sync 1 DAGs
[2024-11-17T02:58:20.926+0000] {logging_mixin.py:188} INFO - [2024-11-17T02:58:20.925+0000] {dag.py:3954} INFO - Setting next_dagrun for latest_only to 2024-11-16 20:00:00+00:00, run_after=2024-11-17 00:00:00+00:00
[2024-11-17T02:58:20.942+0000] {processor.py:183} INFO - Processing /home/airflow/.local/lib/python3.11/site-packages/airflow/example_dags/example_latest_only.py took 0.067 seconds
[2024-11-17T02:58:51.092+0000] {processor.py:161} INFO - Started process (PID=4506) to work on /home/airflow/.local/lib/python3.11/site-packages/airflow/example_dags/example_latest_only.py
[2024-11-17T02:58:51.093+0000] {processor.py:830} INFO - Processing file /home/airflow/.local/lib/python3.11/site-packages/airflow/example_dags/example_latest_only.py for tasks to queue
[2024-11-17T02:58:51.095+0000] {logging_mixin.py:188} INFO - [2024-11-17T02:58:51.095+0000] {dagbag.py:545} INFO - Filling up the DagBag from /home/airflow/.local/lib/python3.11/site-packages/airflow/example_dags/example_latest_only.py
[2024-11-17T02:58:51.099+0000] {processor.py:840} INFO - DAG(s) 'latest_only' retrieved from /home/airflow/.local/lib/python3.11/site-packages/airflow/example_dags/example_latest_only.py
[2024-11-17T02:58:51.117+0000] {logging_mixin.py:188} INFO - [2024-11-17T02:58:51.116+0000] {dag.py:3096} INFO - Sync 1 DAGs
[2024-11-17T02:58:51.134+0000] {logging_mixin.py:188} INFO - [2024-11-17T02:58:51.134+0000] {dag.py:3954} INFO - Setting next_dagrun for latest_only to 2024-11-16 20:00:00+00:00, run_after=2024-11-17 00:00:00+00:00
[2024-11-17T02:58:51.150+0000] {processor.py:183} INFO - Processing /home/airflow/.local/lib/python3.11/site-packages/airflow/example_dags/example_latest_only.py took 0.063 seconds
[2024-11-17T02:59:21.598+0000] {processor.py:161} INFO - Started process (PID=4772) to work on /home/airflow/.local/lib/python3.11/site-packages/airflow/example_dags/example_latest_only.py
[2024-11-17T02:59:21.598+0000] {processor.py:830} INFO - Processing file /home/airflow/.local/lib/python3.11/site-packages/airflow/example_dags/example_latest_only.py for tasks to queue
[2024-11-17T02:59:21.600+0000] {logging_mixin.py:188} INFO - [2024-11-17T02:59:21.600+0000] {dagbag.py:545} INFO - Filling up the DagBag from /home/airflow/.local/lib/python3.11/site-packages/airflow/example_dags/example_latest_only.py
[2024-11-17T02:59:21.605+0000] {processor.py:840} INFO - DAG(s) 'latest_only' retrieved from /home/airflow/.local/lib/python3.11/site-packages/airflow/example_dags/example_latest_only.py
[2024-11-17T02:59:21.622+0000] {logging_mixin.py:188} INFO - [2024-11-17T02:59:21.622+0000] {dag.py:3096} INFO - Sync 1 DAGs
[2024-11-17T02:59:21.640+0000] {logging_mixin.py:188} INFO - [2024-11-17T02:59:21.640+0000] {dag.py:3954} INFO - Setting next_dagrun for latest_only to 2024-11-16 20:00:00+00:00, run_after=2024-11-17 00:00:00+00:00
[2024-11-17T02:59:21.655+0000] {processor.py:183} INFO - Processing /home/airflow/.local/lib/python3.11/site-packages/airflow/example_dags/example_latest_only.py took 0.062 seconds
[2024-11-17T02:59:51.837+0000] {processor.py:161} INFO - Started process (PID=5038) to work on /home/airflow/.local/lib/python3.11/site-packages/airflow/example_dags/example_latest_only.py
[2024-11-17T02:59:51.838+0000] {processor.py:830} INFO - Processing file /home/airflow/.local/lib/python3.11/site-packages/airflow/example_dags/example_latest_only.py for tasks to queue
[2024-11-17T02:59:51.840+0000] {logging_mixin.py:188} INFO - [2024-11-17T02:59:51.840+0000] {dagbag.py:545} INFO - Filling up the DagBag from /home/airflow/.local/lib/python3.11/site-packages/airflow/example_dags/example_latest_only.py
[2024-11-17T02:59:51.844+0000] {processor.py:840} INFO - DAG(s) 'latest_only' retrieved from /home/airflow/.local/lib/python3.11/site-packages/airflow/example_dags/example_latest_only.py
[2024-11-17T02:59:51.861+0000] {logging_mixin.py:188} INFO - [2024-11-17T02:59:51.861+0000] {dag.py:3096} INFO - Sync 1 DAGs
[2024-11-17T02:59:51.881+0000] {logging_mixin.py:188} INFO - [2024-11-17T02:59:51.881+0000] {dag.py:3954} INFO - Setting next_dagrun for latest_only to 2024-11-16 20:00:00+00:00, run_after=2024-11-17 00:00:00+00:00
[2024-11-17T02:59:51.898+0000] {processor.py:183} INFO - Processing /home/airflow/.local/lib/python3.11/site-packages/airflow/example_dags/example_latest_only.py took 0.065 seconds
[2024-11-17T03:00:22.039+0000] {processor.py:161} INFO - Started process (PID=5304) to work on /home/airflow/.local/lib/python3.11/site-packages/airflow/example_dags/example_latest_only.py
[2024-11-17T03:00:22.040+0000] {processor.py:830} INFO - Processing file /home/airflow/.local/lib/python3.11/site-packages/airflow/example_dags/example_latest_only.py for tasks to queue
[2024-11-17T03:00:22.042+0000] {logging_mixin.py:188} INFO - [2024-11-17T03:00:22.042+0000] {dagbag.py:545} INFO - Filling up the DagBag from /home/airflow/.local/lib/python3.11/site-packages/airflow/example_dags/example_latest_only.py
[2024-11-17T03:00:22.046+0000] {processor.py:840} INFO - DAG(s) 'latest_only' retrieved from /home/airflow/.local/lib/python3.11/site-packages/airflow/example_dags/example_latest_only.py
[2024-11-17T03:00:22.062+0000] {logging_mixin.py:188} INFO - [2024-11-17T03:00:22.062+0000] {dag.py:3096} INFO - Sync 1 DAGs
[2024-11-17T03:00:22.080+0000] {logging_mixin.py:188} INFO - [2024-11-17T03:00:22.079+0000] {dag.py:3954} INFO - Setting next_dagrun for latest_only to 2024-11-16 20:00:00+00:00, run_after=2024-11-17 00:00:00+00:00
[2024-11-17T03:00:22.096+0000] {processor.py:183} INFO - Processing /home/airflow/.local/lib/python3.11/site-packages/airflow/example_dags/example_latest_only.py took 0.062 seconds
[2024-11-17T03:00:52.432+0000] {processor.py:161} INFO - Started process (PID=5570) to work on /home/airflow/.local/lib/python3.11/site-packages/airflow/example_dags/example_latest_only.py
[2024-11-17T03:00:52.433+0000] {processor.py:830} INFO - Processing file /home/airflow/.local/lib/python3.11/site-packages/airflow/example_dags/example_latest_only.py for tasks to queue
[2024-11-17T03:00:52.436+0000] {logging_mixin.py:188} INFO - [2024-11-17T03:00:52.435+0000] {dagbag.py:545} INFO - Filling up the DagBag from /home/airflow/.local/lib/python3.11/site-packages/airflow/example_dags/example_latest_only.py
[2024-11-17T03:00:52.441+0000] {processor.py:840} INFO - DAG(s) 'latest_only' retrieved from /home/airflow/.local/lib/python3.11/site-packages/airflow/example_dags/example_latest_only.py
[2024-11-17T03:00:52.462+0000] {logging_mixin.py:188} INFO - [2024-11-17T03:00:52.461+0000] {dag.py:3096} INFO - Sync 1 DAGs
[2024-11-17T03:00:52.483+0000] {logging_mixin.py:188} INFO - [2024-11-17T03:00:52.483+0000] {dag.py:3954} INFO - Setting next_dagrun for latest_only to 2024-11-16 20:00:00+00:00, run_after=2024-11-17 00:00:00+00:00
[2024-11-17T03:00:52.502+0000] {processor.py:183} INFO - Processing /home/airflow/.local/lib/python3.11/site-packages/airflow/example_dags/example_latest_only.py took 0.077 seconds
[2024-11-17T03:01:23.540+0000] {processor.py:161} INFO - Started process (PID=5836) to work on /home/airflow/.local/lib/python3.11/site-packages/airflow/example_dags/example_latest_only.py
[2024-11-17T03:01:23.541+0000] {processor.py:830} INFO - Processing file /home/airflow/.local/lib/python3.11/site-packages/airflow/example_dags/example_latest_only.py for tasks to queue
[2024-11-17T03:01:23.543+0000] {logging_mixin.py:188} INFO - [2024-11-17T03:01:23.543+0000] {dagbag.py:545} INFO - Filling up the DagBag from /home/airflow/.local/lib/python3.11/site-packages/airflow/example_dags/example_latest_only.py
[2024-11-17T03:01:23.548+0000] {processor.py:840} INFO - DAG(s) 'latest_only' retrieved from /home/airflow/.local/lib/python3.11/site-packages/airflow/example_dags/example_latest_only.py
[2024-11-17T03:01:23.569+0000] {logging_mixin.py:188} INFO - [2024-11-17T03:01:23.569+0000] {dag.py:3096} INFO - Sync 1 DAGs
[2024-11-17T03:01:23.589+0000] {logging_mixin.py:188} INFO - [2024-11-17T03:01:23.589+0000] {dag.py:3954} INFO - Setting next_dagrun for latest_only to 2024-11-16 20:00:00+00:00, run_after=2024-11-17 00:00:00+00:00
[2024-11-17T03:01:23.608+0000] {processor.py:183} INFO - Processing /home/airflow/.local/lib/python3.11/site-packages/airflow/example_dags/example_latest_only.py took 0.073 seconds
[2024-11-17T03:01:53.648+0000] {processor.py:161} INFO - Started process (PID=6102) to work on /home/airflow/.local/lib/python3.11/site-packages/airflow/example_dags/example_latest_only.py
[2024-11-17T03:01:53.649+0000] {processor.py:830} INFO - Processing file /home/airflow/.local/lib/python3.11/site-packages/airflow/example_dags/example_latest_only.py for tasks to queue
[2024-11-17T03:01:53.652+0000] {logging_mixin.py:188} INFO - [2024-11-17T03:01:53.651+0000] {dagbag.py:545} INFO - Filling up the DagBag from /home/airflow/.local/lib/python3.11/site-packages/airflow/example_dags/example_latest_only.py
[2024-11-17T03:01:53.656+0000] {processor.py:840} INFO - DAG(s) 'latest_only' retrieved from /home/airflow/.local/lib/python3.11/site-packages/airflow/example_dags/example_latest_only.py
[2024-11-17T03:01:53.677+0000] {logging_mixin.py:188} INFO - [2024-11-17T03:01:53.677+0000] {dag.py:3096} INFO - Sync 1 DAGs
[2024-11-17T03:01:53.698+0000] {logging_mixin.py:188} INFO - [2024-11-17T03:01:53.698+0000] {dag.py:3954} INFO - Setting next_dagrun for latest_only to 2024-11-16 20:00:00+00:00, run_after=2024-11-17 00:00:00+00:00
[2024-11-17T03:01:53.720+0000] {processor.py:183} INFO - Processing /home/airflow/.local/lib/python3.11/site-packages/airflow/example_dags/example_latest_only.py took 0.078 seconds
[2024-11-17T03:02:24.003+0000] {processor.py:161} INFO - Started process (PID=6368) to work on /home/airflow/.local/lib/python3.11/site-packages/airflow/example_dags/example_latest_only.py
[2024-11-17T03:02:24.004+0000] {processor.py:830} INFO - Processing file /home/airflow/.local/lib/python3.11/site-packages/airflow/example_dags/example_latest_only.py for tasks to queue
[2024-11-17T03:02:24.006+0000] {logging_mixin.py:188} INFO - [2024-11-17T03:02:24.006+0000] {dagbag.py:545} INFO - Filling up the DagBag from /home/airflow/.local/lib/python3.11/site-packages/airflow/example_dags/example_latest_only.py
[2024-11-17T03:02:24.011+0000] {processor.py:840} INFO - DAG(s) 'latest_only' retrieved from /home/airflow/.local/lib/python3.11/site-packages/airflow/example_dags/example_latest_only.py
[2024-11-17T03:02:24.032+0000] {logging_mixin.py:188} INFO - [2024-11-17T03:02:24.032+0000] {dag.py:3096} INFO - Sync 1 DAGs
[2024-11-17T03:02:24.058+0000] {logging_mixin.py:188} INFO - [2024-11-17T03:02:24.058+0000] {dag.py:3954} INFO - Setting next_dagrun for latest_only to 2024-11-16 20:00:00+00:00, run_after=2024-11-17 00:00:00+00:00
[2024-11-17T03:02:24.079+0000] {processor.py:183} INFO - Processing /home/airflow/.local/lib/python3.11/site-packages/airflow/example_dags/example_latest_only.py took 0.082 seconds
[2024-11-17T03:02:54.182+0000] {processor.py:161} INFO - Started process (PID=6634) to work on /home/airflow/.local/lib/python3.11/site-packages/airflow/example_dags/example_latest_only.py
[2024-11-17T03:02:54.183+0000] {processor.py:830} INFO - Processing file /home/airflow/.local/lib/python3.11/site-packages/airflow/example_dags/example_latest_only.py for tasks to queue
[2024-11-17T03:02:54.185+0000] {logging_mixin.py:188} INFO - [2024-11-17T03:02:54.185+0000] {dagbag.py:545} INFO - Filling up the DagBag from /home/airflow/.local/lib/python3.11/site-packages/airflow/example_dags/example_latest_only.py
[2024-11-17T03:02:54.189+0000] {processor.py:840} INFO - DAG(s) 'latest_only' retrieved from /home/airflow/.local/lib/python3.11/site-packages/airflow/example_dags/example_latest_only.py
[2024-11-17T03:02:54.206+0000] {logging_mixin.py:188} INFO - [2024-11-17T03:02:54.206+0000] {dag.py:3096} INFO - Sync 1 DAGs
[2024-11-17T03:02:54.223+0000] {logging_mixin.py:188} INFO - [2024-11-17T03:02:54.223+0000] {dag.py:3954} INFO - Setting next_dagrun for latest_only to 2024-11-16 20:00:00+00:00, run_after=2024-11-17 00:00:00+00:00
[2024-11-17T03:02:54.238+0000] {processor.py:183} INFO - Processing /home/airflow/.local/lib/python3.11/site-packages/airflow/example_dags/example_latest_only.py took 0.061 seconds
[2024-11-17T03:03:24.524+0000] {processor.py:161} INFO - Started process (PID=6900) to work on /home/airflow/.local/lib/python3.11/site-packages/airflow/example_dags/example_latest_only.py
[2024-11-17T03:03:24.525+0000] {processor.py:830} INFO - Processing file /home/airflow/.local/lib/python3.11/site-packages/airflow/example_dags/example_latest_only.py for tasks to queue
[2024-11-17T03:03:24.527+0000] {logging_mixin.py:188} INFO - [2024-11-17T03:03:24.526+0000] {dagbag.py:545} INFO - Filling up the DagBag from /home/airflow/.local/lib/python3.11/site-packages/airflow/example_dags/example_latest_only.py
[2024-11-17T03:03:24.531+0000] {processor.py:840} INFO - DAG(s) 'latest_only' retrieved from /home/airflow/.local/lib/python3.11/site-packages/airflow/example_dags/example_latest_only.py
[2024-11-17T03:03:24.549+0000] {logging_mixin.py:188} INFO - [2024-11-17T03:03:24.549+0000] {dag.py:3096} INFO - Sync 1 DAGs
[2024-11-17T03:03:24.569+0000] {logging_mixin.py:188} INFO - [2024-11-17T03:03:24.568+0000] {dag.py:3954} INFO - Setting next_dagrun for latest_only to 2024-11-16 20:00:00+00:00, run_after=2024-11-17 00:00:00+00:00
[2024-11-17T03:03:24.588+0000] {processor.py:183} INFO - Processing /home/airflow/.local/lib/python3.11/site-packages/airflow/example_dags/example_latest_only.py took 0.069 seconds
[2024-11-17T03:03:54.687+0000] {processor.py:161} INFO - Started process (PID=7166) to work on /home/airflow/.local/lib/python3.11/site-packages/airflow/example_dags/example_latest_only.py
[2024-11-17T03:03:54.688+0000] {processor.py:830} INFO - Processing file /home/airflow/.local/lib/python3.11/site-packages/airflow/example_dags/example_latest_only.py for tasks to queue
[2024-11-17T03:03:54.690+0000] {logging_mixin.py:188} INFO - [2024-11-17T03:03:54.689+0000] {dagbag.py:545} INFO - Filling up the DagBag from /home/airflow/.local/lib/python3.11/site-packages/airflow/example_dags/example_latest_only.py
[2024-11-17T03:03:54.694+0000] {processor.py:840} INFO - DAG(s) 'latest_only' retrieved from /home/airflow/.local/lib/python3.11/site-packages/airflow/example_dags/example_latest_only.py
[2024-11-17T03:03:54.715+0000] {logging_mixin.py:188} INFO - [2024-11-17T03:03:54.715+0000] {dag.py:3096} INFO - Sync 1 DAGs
[2024-11-17T03:03:54.734+0000] {logging_mixin.py:188} INFO - [2024-11-17T03:03:54.734+0000] {dag.py:3954} INFO - Setting next_dagrun for latest_only to 2024-11-16 20:00:00+00:00, run_after=2024-11-17 00:00:00+00:00
[2024-11-17T03:03:54.753+0000] {processor.py:183} INFO - Processing /home/airflow/.local/lib/python3.11/site-packages/airflow/example_dags/example_latest_only.py took 0.072 seconds
[2024-11-17T03:04:25.009+0000] {processor.py:161} INFO - Started process (PID=7432) to work on /home/airflow/.local/lib/python3.11/site-packages/airflow/example_dags/example_latest_only.py
[2024-11-17T03:04:25.009+0000] {processor.py:830} INFO - Processing file /home/airflow/.local/lib/python3.11/site-packages/airflow/example_dags/example_latest_only.py for tasks to queue
[2024-11-17T03:04:25.011+0000] {logging_mixin.py:188} INFO - [2024-11-17T03:04:25.011+0000] {dagbag.py:545} INFO - Filling up the DagBag from /home/airflow/.local/lib/python3.11/site-packages/airflow/example_dags/example_latest_only.py
[2024-11-17T03:04:25.015+0000] {processor.py:840} INFO - DAG(s) 'latest_only' retrieved from /home/airflow/.local/lib/python3.11/site-packages/airflow/example_dags/example_latest_only.py
[2024-11-17T03:04:25.034+0000] {logging_mixin.py:188} INFO - [2024-11-17T03:04:25.034+0000] {dag.py:3096} INFO - Sync 1 DAGs
[2024-11-17T03:04:25.052+0000] {logging_mixin.py:188} INFO - [2024-11-17T03:04:25.052+0000] {dag.py:3954} INFO - Setting next_dagrun for latest_only to 2024-11-16 20:00:00+00:00, run_after=2024-11-17 00:00:00+00:00
[2024-11-17T03:04:25.066+0000] {processor.py:183} INFO - Processing /home/airflow/.local/lib/python3.11/site-packages/airflow/example_dags/example_latest_only.py took 0.063 seconds
[2024-11-17T03:04:55.698+0000] {processor.py:161} INFO - Started process (PID=7698) to work on /home/airflow/.local/lib/python3.11/site-packages/airflow/example_dags/example_latest_only.py
[2024-11-17T03:04:55.699+0000] {processor.py:830} INFO - Processing file /home/airflow/.local/lib/python3.11/site-packages/airflow/example_dags/example_latest_only.py for tasks to queue
[2024-11-17T03:04:55.701+0000] {logging_mixin.py:188} INFO - [2024-11-17T03:04:55.701+0000] {dagbag.py:545} INFO - Filling up the DagBag from /home/airflow/.local/lib/python3.11/site-packages/airflow/example_dags/example_latest_only.py
[2024-11-17T03:04:55.705+0000] {processor.py:840} INFO - DAG(s) 'latest_only' retrieved from /home/airflow/.local/lib/python3.11/site-packages/airflow/example_dags/example_latest_only.py
[2024-11-17T03:04:55.723+0000] {logging_mixin.py:188} INFO - [2024-11-17T03:04:55.723+0000] {dag.py:3096} INFO - Sync 1 DAGs
[2024-11-17T03:04:55.746+0000] {logging_mixin.py:188} INFO - [2024-11-17T03:04:55.746+0000] {dag.py:3954} INFO - Setting next_dagrun for latest_only to 2024-11-16 20:00:00+00:00, run_after=2024-11-17 00:00:00+00:00
[2024-11-17T03:04:55.765+0000] {processor.py:183} INFO - Processing /home/airflow/.local/lib/python3.11/site-packages/airflow/example_dags/example_latest_only.py took 0.072 seconds
[2024-11-17T03:05:25.965+0000] {processor.py:161} INFO - Started process (PID=7964) to work on /home/airflow/.local/lib/python3.11/site-packages/airflow/example_dags/example_latest_only.py
[2024-11-17T03:05:25.966+0000] {processor.py:830} INFO - Processing file /home/airflow/.local/lib/python3.11/site-packages/airflow/example_dags/example_latest_only.py for tasks to queue
[2024-11-17T03:05:25.968+0000] {logging_mixin.py:188} INFO - [2024-11-17T03:05:25.967+0000] {dagbag.py:545} INFO - Filling up the DagBag from /home/airflow/.local/lib/python3.11/site-packages/airflow/example_dags/example_latest_only.py
[2024-11-17T03:05:25.972+0000] {processor.py:840} INFO - DAG(s) 'latest_only' retrieved from /home/airflow/.local/lib/python3.11/site-packages/airflow/example_dags/example_latest_only.py
[2024-11-17T03:05:25.989+0000] {logging_mixin.py:188} INFO - [2024-11-17T03:05:25.989+0000] {dag.py:3096} INFO - Sync 1 DAGs
[2024-11-17T03:05:26.007+0000] {logging_mixin.py:188} INFO - [2024-11-17T03:05:26.006+0000] {dag.py:3954} INFO - Setting next_dagrun for latest_only to 2024-11-16 20:00:00+00:00, run_after=2024-11-17 00:00:00+00:00
[2024-11-17T03:05:26.023+0000] {processor.py:183} INFO - Processing /home/airflow/.local/lib/python3.11/site-packages/airflow/example_dags/example_latest_only.py took 0.064 seconds
