[2024-11-17T02:50:41.365+0000] {processor.py:161} INFO - Started process (PID=330) to work on /home/airflow/.local/lib/python3.11/site-packages/airflow/example_dags/example_external_task_marker_dag.py
[2024-11-17T02:50:41.365+0000] {processor.py:830} INFO - Processing file /home/airflow/.local/lib/python3.11/site-packages/airflow/example_dags/example_external_task_marker_dag.py for tasks to queue
[2024-11-17T02:50:41.368+0000] {logging_mixin.py:188} INFO - [2024-11-17T02:50:41.367+0000] {dagbag.py:545} INFO - Filling up the DagBag from /home/airflow/.local/lib/python3.11/site-packages/airflow/example_dags/example_external_task_marker_dag.py
[2024-11-17T02:50:41.378+0000] {processor.py:840} INFO - DAG(s) 'example_external_task_marker_child', 'example_external_task_marker_parent' retrieved from /home/airflow/.local/lib/python3.11/site-packages/airflow/example_dags/example_external_task_marker_dag.py
[2024-11-17T02:50:41.390+0000] {logging_mixin.py:188} INFO - [2024-11-17T02:50:41.390+0000] {dag.py:3096} INFO - Sync 2 DAGs
[2024-11-17T02:50:41.401+0000] {logging_mixin.py:188} INFO - [2024-11-17T02:50:41.401+0000] {dag.py:3954} INFO - Setting next_dagrun for example_external_task_marker_child to None, run_after=None
[2024-11-17T02:50:41.405+0000] {logging_mixin.py:188} INFO - [2024-11-17T02:50:41.404+0000] {dag.py:3954} INFO - Setting next_dagrun for example_external_task_marker_parent to None, run_after=None
[2024-11-17T02:50:41.421+0000] {processor.py:183} INFO - Processing /home/airflow/.local/lib/python3.11/site-packages/airflow/example_dags/example_external_task_marker_dag.py took 0.063 seconds
[2024-11-17T02:51:13.567+0000] {processor.py:161} INFO - Started process (PID=596) to work on /home/airflow/.local/lib/python3.11/site-packages/airflow/example_dags/example_external_task_marker_dag.py
[2024-11-17T02:51:13.568+0000] {processor.py:830} INFO - Processing file /home/airflow/.local/lib/python3.11/site-packages/airflow/example_dags/example_external_task_marker_dag.py for tasks to queue
[2024-11-17T02:51:13.571+0000] {logging_mixin.py:188} INFO - [2024-11-17T02:51:13.570+0000] {dagbag.py:545} INFO - Filling up the DagBag from /home/airflow/.local/lib/python3.11/site-packages/airflow/example_dags/example_external_task_marker_dag.py
[2024-11-17T02:51:13.576+0000] {processor.py:840} INFO - DAG(s) 'example_external_task_marker_child', 'example_external_task_marker_parent' retrieved from /home/airflow/.local/lib/python3.11/site-packages/airflow/example_dags/example_external_task_marker_dag.py
[2024-11-17T02:51:13.668+0000] {logging_mixin.py:188} INFO - [2024-11-17T02:51:13.668+0000] {dag.py:3096} INFO - Sync 2 DAGs
[2024-11-17T02:51:13.678+0000] {logging_mixin.py:188} INFO - [2024-11-17T02:51:13.677+0000] {dag.py:3954} INFO - Setting next_dagrun for example_external_task_marker_child to None, run_after=None
[2024-11-17T02:51:13.681+0000] {logging_mixin.py:188} INFO - [2024-11-17T02:51:13.680+0000] {dag.py:3954} INFO - Setting next_dagrun for example_external_task_marker_parent to None, run_after=None
[2024-11-17T02:51:13.696+0000] {processor.py:183} INFO - Processing /home/airflow/.local/lib/python3.11/site-packages/airflow/example_dags/example_external_task_marker_dag.py took 0.135 seconds
[2024-11-17T02:51:43.963+0000] {processor.py:161} INFO - Started process (PID=864) to work on /home/airflow/.local/lib/python3.11/site-packages/airflow/example_dags/example_external_task_marker_dag.py
[2024-11-17T02:51:43.964+0000] {processor.py:830} INFO - Processing file /home/airflow/.local/lib/python3.11/site-packages/airflow/example_dags/example_external_task_marker_dag.py for tasks to queue
[2024-11-17T02:51:43.965+0000] {logging_mixin.py:188} INFO - [2024-11-17T02:51:43.965+0000] {dagbag.py:545} INFO - Filling up the DagBag from /home/airflow/.local/lib/python3.11/site-packages/airflow/example_dags/example_external_task_marker_dag.py
[2024-11-17T02:51:43.971+0000] {processor.py:840} INFO - DAG(s) 'example_external_task_marker_parent', 'example_external_task_marker_child' retrieved from /home/airflow/.local/lib/python3.11/site-packages/airflow/example_dags/example_external_task_marker_dag.py
[2024-11-17T02:51:43.993+0000] {logging_mixin.py:188} INFO - [2024-11-17T02:51:43.993+0000] {dag.py:3096} INFO - Sync 2 DAGs
[2024-11-17T02:51:44.005+0000] {logging_mixin.py:188} INFO - [2024-11-17T02:51:44.005+0000] {dag.py:3954} INFO - Setting next_dagrun for example_external_task_marker_child to None, run_after=None
[2024-11-17T02:51:44.009+0000] {logging_mixin.py:188} INFO - [2024-11-17T02:51:44.009+0000] {dag.py:3954} INFO - Setting next_dagrun for example_external_task_marker_parent to None, run_after=None
[2024-11-17T02:51:44.024+0000] {processor.py:183} INFO - Processing /home/airflow/.local/lib/python3.11/site-packages/airflow/example_dags/example_external_task_marker_dag.py took 0.066 seconds
[2024-11-17T02:52:14.194+0000] {processor.py:161} INFO - Started process (PID=1130) to work on /home/airflow/.local/lib/python3.11/site-packages/airflow/example_dags/example_external_task_marker_dag.py
[2024-11-17T02:52:14.195+0000] {processor.py:830} INFO - Processing file /home/airflow/.local/lib/python3.11/site-packages/airflow/example_dags/example_external_task_marker_dag.py for tasks to queue
[2024-11-17T02:52:14.197+0000] {logging_mixin.py:188} INFO - [2024-11-17T02:52:14.197+0000] {dagbag.py:545} INFO - Filling up the DagBag from /home/airflow/.local/lib/python3.11/site-packages/airflow/example_dags/example_external_task_marker_dag.py
[2024-11-17T02:52:14.202+0000] {processor.py:840} INFO - DAG(s) 'example_external_task_marker_parent', 'example_external_task_marker_child' retrieved from /home/airflow/.local/lib/python3.11/site-packages/airflow/example_dags/example_external_task_marker_dag.py
[2024-11-17T02:52:14.224+0000] {logging_mixin.py:188} INFO - [2024-11-17T02:52:14.224+0000] {dag.py:3096} INFO - Sync 2 DAGs
[2024-11-17T02:52:14.234+0000] {logging_mixin.py:188} INFO - [2024-11-17T02:52:14.234+0000] {dag.py:3954} INFO - Setting next_dagrun for example_external_task_marker_child to None, run_after=None
[2024-11-17T02:52:14.238+0000] {logging_mixin.py:188} INFO - [2024-11-17T02:52:14.238+0000] {dag.py:3954} INFO - Setting next_dagrun for example_external_task_marker_parent to None, run_after=None
[2024-11-17T02:52:14.253+0000] {processor.py:183} INFO - Processing /home/airflow/.local/lib/python3.11/site-packages/airflow/example_dags/example_external_task_marker_dag.py took 0.064 seconds
[2024-11-17T02:52:45.297+0000] {processor.py:161} INFO - Started process (PID=1396) to work on /home/airflow/.local/lib/python3.11/site-packages/airflow/example_dags/example_external_task_marker_dag.py
[2024-11-17T02:52:45.298+0000] {processor.py:830} INFO - Processing file /home/airflow/.local/lib/python3.11/site-packages/airflow/example_dags/example_external_task_marker_dag.py for tasks to queue
[2024-11-17T02:52:45.300+0000] {logging_mixin.py:188} INFO - [2024-11-17T02:52:45.300+0000] {dagbag.py:545} INFO - Filling up the DagBag from /home/airflow/.local/lib/python3.11/site-packages/airflow/example_dags/example_external_task_marker_dag.py
[2024-11-17T02:52:45.305+0000] {processor.py:840} INFO - DAG(s) 'example_external_task_marker_parent', 'example_external_task_marker_child' retrieved from /home/airflow/.local/lib/python3.11/site-packages/airflow/example_dags/example_external_task_marker_dag.py
[2024-11-17T02:52:45.327+0000] {logging_mixin.py:188} INFO - [2024-11-17T02:52:45.327+0000] {dag.py:3096} INFO - Sync 2 DAGs
[2024-11-17T02:52:45.338+0000] {logging_mixin.py:188} INFO - [2024-11-17T02:52:45.337+0000] {dag.py:3954} INFO - Setting next_dagrun for example_external_task_marker_child to None, run_after=None
[2024-11-17T02:52:45.341+0000] {logging_mixin.py:188} INFO - [2024-11-17T02:52:45.341+0000] {dag.py:3954} INFO - Setting next_dagrun for example_external_task_marker_parent to None, run_after=None
[2024-11-17T02:52:45.355+0000] {processor.py:183} INFO - Processing /home/airflow/.local/lib/python3.11/site-packages/airflow/example_dags/example_external_task_marker_dag.py took 0.063 seconds
[2024-11-17T02:53:16.442+0000] {processor.py:161} INFO - Started process (PID=1660) to work on /home/airflow/.local/lib/python3.11/site-packages/airflow/example_dags/example_external_task_marker_dag.py
[2024-11-17T02:53:16.443+0000] {processor.py:830} INFO - Processing file /home/airflow/.local/lib/python3.11/site-packages/airflow/example_dags/example_external_task_marker_dag.py for tasks to queue
[2024-11-17T02:53:16.444+0000] {logging_mixin.py:188} INFO - [2024-11-17T02:53:16.444+0000] {dagbag.py:545} INFO - Filling up the DagBag from /home/airflow/.local/lib/python3.11/site-packages/airflow/example_dags/example_external_task_marker_dag.py
[2024-11-17T02:53:16.450+0000] {processor.py:840} INFO - DAG(s) 'example_external_task_marker_parent', 'example_external_task_marker_child' retrieved from /home/airflow/.local/lib/python3.11/site-packages/airflow/example_dags/example_external_task_marker_dag.py
[2024-11-17T02:53:16.472+0000] {logging_mixin.py:188} INFO - [2024-11-17T02:53:16.472+0000] {dag.py:3096} INFO - Sync 2 DAGs
[2024-11-17T02:53:16.482+0000] {logging_mixin.py:188} INFO - [2024-11-17T02:53:16.482+0000] {dag.py:3954} INFO - Setting next_dagrun for example_external_task_marker_child to None, run_after=None
[2024-11-17T02:53:16.486+0000] {logging_mixin.py:188} INFO - [2024-11-17T02:53:16.486+0000] {dag.py:3954} INFO - Setting next_dagrun for example_external_task_marker_parent to None, run_after=None
[2024-11-17T02:53:16.504+0000] {processor.py:183} INFO - Processing /home/airflow/.local/lib/python3.11/site-packages/airflow/example_dags/example_external_task_marker_dag.py took 0.068 seconds
[2024-11-17T02:53:46.779+0000] {processor.py:161} INFO - Started process (PID=1926) to work on /home/airflow/.local/lib/python3.11/site-packages/airflow/example_dags/example_external_task_marker_dag.py
[2024-11-17T02:53:46.780+0000] {processor.py:830} INFO - Processing file /home/airflow/.local/lib/python3.11/site-packages/airflow/example_dags/example_external_task_marker_dag.py for tasks to queue
[2024-11-17T02:53:46.783+0000] {logging_mixin.py:188} INFO - [2024-11-17T02:53:46.782+0000] {dagbag.py:545} INFO - Filling up the DagBag from /home/airflow/.local/lib/python3.11/site-packages/airflow/example_dags/example_external_task_marker_dag.py
[2024-11-17T02:53:46.789+0000] {processor.py:840} INFO - DAG(s) 'example_external_task_marker_parent', 'example_external_task_marker_child' retrieved from /home/airflow/.local/lib/python3.11/site-packages/airflow/example_dags/example_external_task_marker_dag.py
[2024-11-17T02:53:46.815+0000] {logging_mixin.py:188} INFO - [2024-11-17T02:53:46.814+0000] {dag.py:3096} INFO - Sync 2 DAGs
[2024-11-17T02:53:46.826+0000] {logging_mixin.py:188} INFO - [2024-11-17T02:53:46.826+0000] {dag.py:3954} INFO - Setting next_dagrun for example_external_task_marker_child to None, run_after=None
[2024-11-17T02:53:46.830+0000] {logging_mixin.py:188} INFO - [2024-11-17T02:53:46.830+0000] {dag.py:3954} INFO - Setting next_dagrun for example_external_task_marker_parent to None, run_after=None
[2024-11-17T02:53:46.848+0000] {processor.py:183} INFO - Processing /home/airflow/.local/lib/python3.11/site-packages/airflow/example_dags/example_external_task_marker_dag.py took 0.077 seconds
[2024-11-17T02:54:17.802+0000] {processor.py:161} INFO - Started process (PID=2192) to work on /home/airflow/.local/lib/python3.11/site-packages/airflow/example_dags/example_external_task_marker_dag.py
[2024-11-17T02:54:17.803+0000] {processor.py:830} INFO - Processing file /home/airflow/.local/lib/python3.11/site-packages/airflow/example_dags/example_external_task_marker_dag.py for tasks to queue
[2024-11-17T02:54:17.805+0000] {logging_mixin.py:188} INFO - [2024-11-17T02:54:17.804+0000] {dagbag.py:545} INFO - Filling up the DagBag from /home/airflow/.local/lib/python3.11/site-packages/airflow/example_dags/example_external_task_marker_dag.py
[2024-11-17T02:54:17.810+0000] {processor.py:840} INFO - DAG(s) 'example_external_task_marker_parent', 'example_external_task_marker_child' retrieved from /home/airflow/.local/lib/python3.11/site-packages/airflow/example_dags/example_external_task_marker_dag.py
[2024-11-17T02:54:17.833+0000] {logging_mixin.py:188} INFO - [2024-11-17T02:54:17.833+0000] {dag.py:3096} INFO - Sync 2 DAGs
[2024-11-17T02:54:17.844+0000] {logging_mixin.py:188} INFO - [2024-11-17T02:54:17.843+0000] {dag.py:3954} INFO - Setting next_dagrun for example_external_task_marker_child to None, run_after=None
[2024-11-17T02:54:17.847+0000] {logging_mixin.py:188} INFO - [2024-11-17T02:54:17.847+0000] {dag.py:3954} INFO - Setting next_dagrun for example_external_task_marker_parent to None, run_after=None
[2024-11-17T02:54:17.866+0000] {processor.py:183} INFO - Processing /home/airflow/.local/lib/python3.11/site-packages/airflow/example_dags/example_external_task_marker_dag.py took 0.069 seconds
[2024-11-17T02:54:48.771+0000] {processor.py:161} INFO - Started process (PID=2460) to work on /home/airflow/.local/lib/python3.11/site-packages/airflow/example_dags/example_external_task_marker_dag.py
[2024-11-17T02:54:48.772+0000] {processor.py:830} INFO - Processing file /home/airflow/.local/lib/python3.11/site-packages/airflow/example_dags/example_external_task_marker_dag.py for tasks to queue
[2024-11-17T02:54:48.773+0000] {logging_mixin.py:188} INFO - [2024-11-17T02:54:48.773+0000] {dagbag.py:545} INFO - Filling up the DagBag from /home/airflow/.local/lib/python3.11/site-packages/airflow/example_dags/example_external_task_marker_dag.py
[2024-11-17T02:54:48.779+0000] {processor.py:840} INFO - DAG(s) 'example_external_task_marker_parent', 'example_external_task_marker_child' retrieved from /home/airflow/.local/lib/python3.11/site-packages/airflow/example_dags/example_external_task_marker_dag.py
[2024-11-17T02:54:48.799+0000] {logging_mixin.py:188} INFO - [2024-11-17T02:54:48.799+0000] {dag.py:3096} INFO - Sync 2 DAGs
[2024-11-17T02:54:48.810+0000] {logging_mixin.py:188} INFO - [2024-11-17T02:54:48.809+0000] {dag.py:3954} INFO - Setting next_dagrun for example_external_task_marker_child to None, run_after=None
[2024-11-17T02:54:48.813+0000] {logging_mixin.py:188} INFO - [2024-11-17T02:54:48.813+0000] {dag.py:3954} INFO - Setting next_dagrun for example_external_task_marker_parent to None, run_after=None
[2024-11-17T02:54:48.827+0000] {processor.py:183} INFO - Processing /home/airflow/.local/lib/python3.11/site-packages/airflow/example_dags/example_external_task_marker_dag.py took 0.062 seconds
[2024-11-17T02:55:19.565+0000] {processor.py:161} INFO - Started process (PID=2724) to work on /home/airflow/.local/lib/python3.11/site-packages/airflow/example_dags/example_external_task_marker_dag.py
[2024-11-17T02:55:19.566+0000] {processor.py:830} INFO - Processing file /home/airflow/.local/lib/python3.11/site-packages/airflow/example_dags/example_external_task_marker_dag.py for tasks to queue
[2024-11-17T02:55:19.567+0000] {logging_mixin.py:188} INFO - [2024-11-17T02:55:19.567+0000] {dagbag.py:545} INFO - Filling up the DagBag from /home/airflow/.local/lib/python3.11/site-packages/airflow/example_dags/example_external_task_marker_dag.py
[2024-11-17T02:55:19.573+0000] {processor.py:840} INFO - DAG(s) 'example_external_task_marker_parent', 'example_external_task_marker_child' retrieved from /home/airflow/.local/lib/python3.11/site-packages/airflow/example_dags/example_external_task_marker_dag.py
[2024-11-17T02:55:19.594+0000] {logging_mixin.py:188} INFO - [2024-11-17T02:55:19.593+0000] {dag.py:3096} INFO - Sync 2 DAGs
[2024-11-17T02:55:19.604+0000] {logging_mixin.py:188} INFO - [2024-11-17T02:55:19.604+0000] {dag.py:3954} INFO - Setting next_dagrun for example_external_task_marker_child to None, run_after=None
[2024-11-17T02:55:19.608+0000] {logging_mixin.py:188} INFO - [2024-11-17T02:55:19.607+0000] {dag.py:3954} INFO - Setting next_dagrun for example_external_task_marker_parent to None, run_after=None
[2024-11-17T02:55:19.620+0000] {processor.py:183} INFO - Processing /home/airflow/.local/lib/python3.11/site-packages/airflow/example_dags/example_external_task_marker_dag.py took 0.061 seconds
[2024-11-17T02:55:50.590+0000] {processor.py:161} INFO - Started process (PID=2992) to work on /home/airflow/.local/lib/python3.11/site-packages/airflow/example_dags/example_external_task_marker_dag.py
[2024-11-17T02:55:50.591+0000] {processor.py:830} INFO - Processing file /home/airflow/.local/lib/python3.11/site-packages/airflow/example_dags/example_external_task_marker_dag.py for tasks to queue
[2024-11-17T02:55:50.592+0000] {logging_mixin.py:188} INFO - [2024-11-17T02:55:50.592+0000] {dagbag.py:545} INFO - Filling up the DagBag from /home/airflow/.local/lib/python3.11/site-packages/airflow/example_dags/example_external_task_marker_dag.py
[2024-11-17T02:55:50.598+0000] {processor.py:840} INFO - DAG(s) 'example_external_task_marker_child', 'example_external_task_marker_parent' retrieved from /home/airflow/.local/lib/python3.11/site-packages/airflow/example_dags/example_external_task_marker_dag.py
[2024-11-17T02:55:50.620+0000] {logging_mixin.py:188} INFO - [2024-11-17T02:55:50.620+0000] {dag.py:3096} INFO - Sync 2 DAGs
[2024-11-17T02:55:50.631+0000] {logging_mixin.py:188} INFO - [2024-11-17T02:55:50.631+0000] {dag.py:3954} INFO - Setting next_dagrun for example_external_task_marker_child to None, run_after=None
[2024-11-17T02:55:50.635+0000] {logging_mixin.py:188} INFO - [2024-11-17T02:55:50.635+0000] {dag.py:3954} INFO - Setting next_dagrun for example_external_task_marker_parent to None, run_after=None
[2024-11-17T02:55:50.649+0000] {processor.py:183} INFO - Processing /home/airflow/.local/lib/python3.11/site-packages/airflow/example_dags/example_external_task_marker_dag.py took 0.065 seconds
[2024-11-17T02:56:20.798+0000] {processor.py:161} INFO - Started process (PID=3258) to work on /home/airflow/.local/lib/python3.11/site-packages/airflow/example_dags/example_external_task_marker_dag.py
[2024-11-17T02:56:20.799+0000] {processor.py:830} INFO - Processing file /home/airflow/.local/lib/python3.11/site-packages/airflow/example_dags/example_external_task_marker_dag.py for tasks to queue
[2024-11-17T02:56:20.801+0000] {logging_mixin.py:188} INFO - [2024-11-17T02:56:20.801+0000] {dagbag.py:545} INFO - Filling up the DagBag from /home/airflow/.local/lib/python3.11/site-packages/airflow/example_dags/example_external_task_marker_dag.py
[2024-11-17T02:56:20.807+0000] {processor.py:840} INFO - DAG(s) 'example_external_task_marker_parent', 'example_external_task_marker_child' retrieved from /home/airflow/.local/lib/python3.11/site-packages/airflow/example_dags/example_external_task_marker_dag.py
[2024-11-17T02:56:20.829+0000] {logging_mixin.py:188} INFO - [2024-11-17T02:56:20.828+0000] {dag.py:3096} INFO - Sync 2 DAGs
[2024-11-17T02:56:20.840+0000] {logging_mixin.py:188} INFO - [2024-11-17T02:56:20.840+0000] {dag.py:3954} INFO - Setting next_dagrun for example_external_task_marker_child to None, run_after=None
[2024-11-17T02:56:20.843+0000] {logging_mixin.py:188} INFO - [2024-11-17T02:56:20.843+0000] {dag.py:3954} INFO - Setting next_dagrun for example_external_task_marker_parent to None, run_after=None
[2024-11-17T02:56:20.857+0000] {processor.py:183} INFO - Processing /home/airflow/.local/lib/python3.11/site-packages/airflow/example_dags/example_external_task_marker_dag.py took 0.064 seconds
[2024-11-17T02:56:51.171+0000] {processor.py:161} INFO - Started process (PID=3524) to work on /home/airflow/.local/lib/python3.11/site-packages/airflow/example_dags/example_external_task_marker_dag.py
[2024-11-17T02:56:51.172+0000] {processor.py:830} INFO - Processing file /home/airflow/.local/lib/python3.11/site-packages/airflow/example_dags/example_external_task_marker_dag.py for tasks to queue
[2024-11-17T02:56:51.174+0000] {logging_mixin.py:188} INFO - [2024-11-17T02:56:51.173+0000] {dagbag.py:545} INFO - Filling up the DagBag from /home/airflow/.local/lib/python3.11/site-packages/airflow/example_dags/example_external_task_marker_dag.py
[2024-11-17T02:56:51.179+0000] {processor.py:840} INFO - DAG(s) 'example_external_task_marker_child', 'example_external_task_marker_parent' retrieved from /home/airflow/.local/lib/python3.11/site-packages/airflow/example_dags/example_external_task_marker_dag.py
[2024-11-17T02:56:51.200+0000] {logging_mixin.py:188} INFO - [2024-11-17T02:56:51.200+0000] {dag.py:3096} INFO - Sync 2 DAGs
[2024-11-17T02:56:51.210+0000] {logging_mixin.py:188} INFO - [2024-11-17T02:56:51.210+0000] {dag.py:3954} INFO - Setting next_dagrun for example_external_task_marker_child to None, run_after=None
[2024-11-17T02:56:51.214+0000] {logging_mixin.py:188} INFO - [2024-11-17T02:56:51.214+0000] {dag.py:3954} INFO - Setting next_dagrun for example_external_task_marker_parent to None, run_after=None
[2024-11-17T02:56:51.228+0000] {processor.py:183} INFO - Processing /home/airflow/.local/lib/python3.11/site-packages/airflow/example_dags/example_external_task_marker_dag.py took 0.062 seconds
[2024-11-17T02:57:21.395+0000] {processor.py:161} INFO - Started process (PID=3790) to work on /home/airflow/.local/lib/python3.11/site-packages/airflow/example_dags/example_external_task_marker_dag.py
[2024-11-17T02:57:21.396+0000] {processor.py:830} INFO - Processing file /home/airflow/.local/lib/python3.11/site-packages/airflow/example_dags/example_external_task_marker_dag.py for tasks to queue
[2024-11-17T02:57:21.398+0000] {logging_mixin.py:188} INFO - [2024-11-17T02:57:21.398+0000] {dagbag.py:545} INFO - Filling up the DagBag from /home/airflow/.local/lib/python3.11/site-packages/airflow/example_dags/example_external_task_marker_dag.py
[2024-11-17T02:57:21.403+0000] {processor.py:840} INFO - DAG(s) 'example_external_task_marker_parent', 'example_external_task_marker_child' retrieved from /home/airflow/.local/lib/python3.11/site-packages/airflow/example_dags/example_external_task_marker_dag.py
[2024-11-17T02:57:21.423+0000] {logging_mixin.py:188} INFO - [2024-11-17T02:57:21.423+0000] {dag.py:3096} INFO - Sync 2 DAGs
[2024-11-17T02:57:21.433+0000] {logging_mixin.py:188} INFO - [2024-11-17T02:57:21.433+0000] {dag.py:3954} INFO - Setting next_dagrun for example_external_task_marker_child to None, run_after=None
[2024-11-17T02:57:21.437+0000] {logging_mixin.py:188} INFO - [2024-11-17T02:57:21.437+0000] {dag.py:3954} INFO - Setting next_dagrun for example_external_task_marker_parent to None, run_after=None
[2024-11-17T02:57:21.451+0000] {processor.py:183} INFO - Processing /home/airflow/.local/lib/python3.11/site-packages/airflow/example_dags/example_external_task_marker_dag.py took 0.061 seconds
[2024-11-17T02:57:51.639+0000] {processor.py:161} INFO - Started process (PID=4054) to work on /home/airflow/.local/lib/python3.11/site-packages/airflow/example_dags/example_external_task_marker_dag.py
[2024-11-17T02:57:51.640+0000] {processor.py:830} INFO - Processing file /home/airflow/.local/lib/python3.11/site-packages/airflow/example_dags/example_external_task_marker_dag.py for tasks to queue
[2024-11-17T02:57:51.642+0000] {logging_mixin.py:188} INFO - [2024-11-17T02:57:51.641+0000] {dagbag.py:545} INFO - Filling up the DagBag from /home/airflow/.local/lib/python3.11/site-packages/airflow/example_dags/example_external_task_marker_dag.py
[2024-11-17T02:57:51.648+0000] {processor.py:840} INFO - DAG(s) 'example_external_task_marker_parent', 'example_external_task_marker_child' retrieved from /home/airflow/.local/lib/python3.11/site-packages/airflow/example_dags/example_external_task_marker_dag.py
[2024-11-17T02:57:51.667+0000] {logging_mixin.py:188} INFO - [2024-11-17T02:57:51.667+0000] {dag.py:3096} INFO - Sync 2 DAGs
[2024-11-17T02:57:51.677+0000] {logging_mixin.py:188} INFO - [2024-11-17T02:57:51.677+0000] {dag.py:3954} INFO - Setting next_dagrun for example_external_task_marker_child to None, run_after=None
[2024-11-17T02:57:51.680+0000] {logging_mixin.py:188} INFO - [2024-11-17T02:57:51.680+0000] {dag.py:3954} INFO - Setting next_dagrun for example_external_task_marker_parent to None, run_after=None
[2024-11-17T02:57:51.695+0000] {processor.py:183} INFO - Processing /home/airflow/.local/lib/python3.11/site-packages/airflow/example_dags/example_external_task_marker_dag.py took 0.062 seconds
[2024-11-17T02:58:21.965+0000] {processor.py:161} INFO - Started process (PID=4322) to work on /home/airflow/.local/lib/python3.11/site-packages/airflow/example_dags/example_external_task_marker_dag.py
[2024-11-17T02:58:21.966+0000] {processor.py:830} INFO - Processing file /home/airflow/.local/lib/python3.11/site-packages/airflow/example_dags/example_external_task_marker_dag.py for tasks to queue
[2024-11-17T02:58:21.968+0000] {logging_mixin.py:188} INFO - [2024-11-17T02:58:21.968+0000] {dagbag.py:545} INFO - Filling up the DagBag from /home/airflow/.local/lib/python3.11/site-packages/airflow/example_dags/example_external_task_marker_dag.py
[2024-11-17T02:58:21.973+0000] {processor.py:840} INFO - DAG(s) 'example_external_task_marker_parent', 'example_external_task_marker_child' retrieved from /home/airflow/.local/lib/python3.11/site-packages/airflow/example_dags/example_external_task_marker_dag.py
[2024-11-17T02:58:21.993+0000] {logging_mixin.py:188} INFO - [2024-11-17T02:58:21.993+0000] {dag.py:3096} INFO - Sync 2 DAGs
[2024-11-17T02:58:22.004+0000] {logging_mixin.py:188} INFO - [2024-11-17T02:58:22.004+0000] {dag.py:3954} INFO - Setting next_dagrun for example_external_task_marker_child to None, run_after=None
[2024-11-17T02:58:22.008+0000] {logging_mixin.py:188} INFO - [2024-11-17T02:58:22.008+0000] {dag.py:3954} INFO - Setting next_dagrun for example_external_task_marker_parent to None, run_after=None
[2024-11-17T02:58:22.022+0000] {processor.py:183} INFO - Processing /home/airflow/.local/lib/python3.11/site-packages/airflow/example_dags/example_external_task_marker_dag.py took 0.062 seconds
[2024-11-17T02:58:52.226+0000] {processor.py:161} INFO - Started process (PID=4588) to work on /home/airflow/.local/lib/python3.11/site-packages/airflow/example_dags/example_external_task_marker_dag.py
[2024-11-17T02:58:52.227+0000] {processor.py:830} INFO - Processing file /home/airflow/.local/lib/python3.11/site-packages/airflow/example_dags/example_external_task_marker_dag.py for tasks to queue
[2024-11-17T02:58:52.229+0000] {logging_mixin.py:188} INFO - [2024-11-17T02:58:52.228+0000] {dagbag.py:545} INFO - Filling up the DagBag from /home/airflow/.local/lib/python3.11/site-packages/airflow/example_dags/example_external_task_marker_dag.py
[2024-11-17T02:58:52.234+0000] {processor.py:840} INFO - DAG(s) 'example_external_task_marker_parent', 'example_external_task_marker_child' retrieved from /home/airflow/.local/lib/python3.11/site-packages/airflow/example_dags/example_external_task_marker_dag.py
[2024-11-17T02:58:52.252+0000] {logging_mixin.py:188} INFO - [2024-11-17T02:58:52.252+0000] {dag.py:3096} INFO - Sync 2 DAGs
[2024-11-17T02:58:52.262+0000] {logging_mixin.py:188} INFO - [2024-11-17T02:58:52.262+0000] {dag.py:3954} INFO - Setting next_dagrun for example_external_task_marker_child to None, run_after=None
[2024-11-17T02:58:52.265+0000] {logging_mixin.py:188} INFO - [2024-11-17T02:58:52.265+0000] {dag.py:3954} INFO - Setting next_dagrun for example_external_task_marker_parent to None, run_after=None
[2024-11-17T02:58:52.278+0000] {processor.py:183} INFO - Processing /home/airflow/.local/lib/python3.11/site-packages/airflow/example_dags/example_external_task_marker_dag.py took 0.058 seconds
[2024-11-17T02:59:22.531+0000] {processor.py:161} INFO - Started process (PID=4852) to work on /home/airflow/.local/lib/python3.11/site-packages/airflow/example_dags/example_external_task_marker_dag.py
[2024-11-17T02:59:22.532+0000] {processor.py:830} INFO - Processing file /home/airflow/.local/lib/python3.11/site-packages/airflow/example_dags/example_external_task_marker_dag.py for tasks to queue
[2024-11-17T02:59:22.533+0000] {logging_mixin.py:188} INFO - [2024-11-17T02:59:22.533+0000] {dagbag.py:545} INFO - Filling up the DagBag from /home/airflow/.local/lib/python3.11/site-packages/airflow/example_dags/example_external_task_marker_dag.py
[2024-11-17T02:59:22.539+0000] {processor.py:840} INFO - DAG(s) 'example_external_task_marker_child', 'example_external_task_marker_parent' retrieved from /home/airflow/.local/lib/python3.11/site-packages/airflow/example_dags/example_external_task_marker_dag.py
[2024-11-17T02:59:22.558+0000] {logging_mixin.py:188} INFO - [2024-11-17T02:59:22.558+0000] {dag.py:3096} INFO - Sync 2 DAGs
[2024-11-17T02:59:22.568+0000] {logging_mixin.py:188} INFO - [2024-11-17T02:59:22.568+0000] {dag.py:3954} INFO - Setting next_dagrun for example_external_task_marker_child to None, run_after=None
[2024-11-17T02:59:22.572+0000] {logging_mixin.py:188} INFO - [2024-11-17T02:59:22.572+0000] {dag.py:3954} INFO - Setting next_dagrun for example_external_task_marker_parent to None, run_after=None
[2024-11-17T02:59:22.586+0000] {processor.py:183} INFO - Processing /home/airflow/.local/lib/python3.11/site-packages/airflow/example_dags/example_external_task_marker_dag.py took 0.061 seconds
[2024-11-17T02:59:52.722+0000] {processor.py:161} INFO - Started process (PID=5118) to work on /home/airflow/.local/lib/python3.11/site-packages/airflow/example_dags/example_external_task_marker_dag.py
[2024-11-17T02:59:52.723+0000] {processor.py:830} INFO - Processing file /home/airflow/.local/lib/python3.11/site-packages/airflow/example_dags/example_external_task_marker_dag.py for tasks to queue
[2024-11-17T02:59:52.724+0000] {logging_mixin.py:188} INFO - [2024-11-17T02:59:52.724+0000] {dagbag.py:545} INFO - Filling up the DagBag from /home/airflow/.local/lib/python3.11/site-packages/airflow/example_dags/example_external_task_marker_dag.py
[2024-11-17T02:59:52.730+0000] {processor.py:840} INFO - DAG(s) 'example_external_task_marker_child', 'example_external_task_marker_parent' retrieved from /home/airflow/.local/lib/python3.11/site-packages/airflow/example_dags/example_external_task_marker_dag.py
[2024-11-17T02:59:52.749+0000] {logging_mixin.py:188} INFO - [2024-11-17T02:59:52.749+0000] {dag.py:3096} INFO - Sync 2 DAGs
[2024-11-17T02:59:52.760+0000] {logging_mixin.py:188} INFO - [2024-11-17T02:59:52.760+0000] {dag.py:3954} INFO - Setting next_dagrun for example_external_task_marker_child to None, run_after=None
[2024-11-17T02:59:52.763+0000] {logging_mixin.py:188} INFO - [2024-11-17T02:59:52.763+0000] {dag.py:3954} INFO - Setting next_dagrun for example_external_task_marker_parent to None, run_after=None
[2024-11-17T02:59:52.779+0000] {processor.py:183} INFO - Processing /home/airflow/.local/lib/python3.11/site-packages/airflow/example_dags/example_external_task_marker_dag.py took 0.062 seconds
[2024-11-17T03:00:23.005+0000] {processor.py:161} INFO - Started process (PID=5386) to work on /home/airflow/.local/lib/python3.11/site-packages/airflow/example_dags/example_external_task_marker_dag.py
[2024-11-17T03:00:23.007+0000] {processor.py:830} INFO - Processing file /home/airflow/.local/lib/python3.11/site-packages/airflow/example_dags/example_external_task_marker_dag.py for tasks to queue
[2024-11-17T03:00:23.009+0000] {logging_mixin.py:188} INFO - [2024-11-17T03:00:23.008+0000] {dagbag.py:545} INFO - Filling up the DagBag from /home/airflow/.local/lib/python3.11/site-packages/airflow/example_dags/example_external_task_marker_dag.py
[2024-11-17T03:00:23.017+0000] {processor.py:840} INFO - DAG(s) 'example_external_task_marker_child', 'example_external_task_marker_parent' retrieved from /home/airflow/.local/lib/python3.11/site-packages/airflow/example_dags/example_external_task_marker_dag.py
[2024-11-17T03:00:23.042+0000] {logging_mixin.py:188} INFO - [2024-11-17T03:00:23.041+0000] {dag.py:3096} INFO - Sync 2 DAGs
[2024-11-17T03:00:23.054+0000] {logging_mixin.py:188} INFO - [2024-11-17T03:00:23.054+0000] {dag.py:3954} INFO - Setting next_dagrun for example_external_task_marker_child to None, run_after=None
[2024-11-17T03:00:23.058+0000] {logging_mixin.py:188} INFO - [2024-11-17T03:00:23.058+0000] {dag.py:3954} INFO - Setting next_dagrun for example_external_task_marker_parent to None, run_after=None
[2024-11-17T03:00:23.076+0000] {processor.py:183} INFO - Processing /home/airflow/.local/lib/python3.11/site-packages/airflow/example_dags/example_external_task_marker_dag.py took 0.078 seconds
[2024-11-17T03:00:53.423+0000] {processor.py:161} INFO - Started process (PID=5652) to work on /home/airflow/.local/lib/python3.11/site-packages/airflow/example_dags/example_external_task_marker_dag.py
[2024-11-17T03:00:53.424+0000] {processor.py:830} INFO - Processing file /home/airflow/.local/lib/python3.11/site-packages/airflow/example_dags/example_external_task_marker_dag.py for tasks to queue
[2024-11-17T03:00:53.426+0000] {logging_mixin.py:188} INFO - [2024-11-17T03:00:53.425+0000] {dagbag.py:545} INFO - Filling up the DagBag from /home/airflow/.local/lib/python3.11/site-packages/airflow/example_dags/example_external_task_marker_dag.py
[2024-11-17T03:00:53.431+0000] {processor.py:840} INFO - DAG(s) 'example_external_task_marker_child', 'example_external_task_marker_parent' retrieved from /home/airflow/.local/lib/python3.11/site-packages/airflow/example_dags/example_external_task_marker_dag.py
[2024-11-17T03:00:53.453+0000] {logging_mixin.py:188} INFO - [2024-11-17T03:00:53.452+0000] {dag.py:3096} INFO - Sync 2 DAGs
[2024-11-17T03:00:53.463+0000] {logging_mixin.py:188} INFO - [2024-11-17T03:00:53.463+0000] {dag.py:3954} INFO - Setting next_dagrun for example_external_task_marker_child to None, run_after=None
[2024-11-17T03:00:53.467+0000] {logging_mixin.py:188} INFO - [2024-11-17T03:00:53.467+0000] {dag.py:3954} INFO - Setting next_dagrun for example_external_task_marker_parent to None, run_after=None
[2024-11-17T03:00:53.481+0000] {processor.py:183} INFO - Processing /home/airflow/.local/lib/python3.11/site-packages/airflow/example_dags/example_external_task_marker_dag.py took 0.063 seconds
[2024-11-17T03:01:24.403+0000] {processor.py:161} INFO - Started process (PID=5916) to work on /home/airflow/.local/lib/python3.11/site-packages/airflow/example_dags/example_external_task_marker_dag.py
[2024-11-17T03:01:24.404+0000] {processor.py:830} INFO - Processing file /home/airflow/.local/lib/python3.11/site-packages/airflow/example_dags/example_external_task_marker_dag.py for tasks to queue
[2024-11-17T03:01:24.407+0000] {logging_mixin.py:188} INFO - [2024-11-17T03:01:24.406+0000] {dagbag.py:545} INFO - Filling up the DagBag from /home/airflow/.local/lib/python3.11/site-packages/airflow/example_dags/example_external_task_marker_dag.py
[2024-11-17T03:01:24.413+0000] {processor.py:840} INFO - DAG(s) 'example_external_task_marker_parent', 'example_external_task_marker_child' retrieved from /home/airflow/.local/lib/python3.11/site-packages/airflow/example_dags/example_external_task_marker_dag.py
[2024-11-17T03:01:24.438+0000] {logging_mixin.py:188} INFO - [2024-11-17T03:01:24.437+0000] {dag.py:3096} INFO - Sync 2 DAGs
[2024-11-17T03:01:24.449+0000] {logging_mixin.py:188} INFO - [2024-11-17T03:01:24.449+0000] {dag.py:3954} INFO - Setting next_dagrun for example_external_task_marker_child to None, run_after=None
[2024-11-17T03:01:24.453+0000] {logging_mixin.py:188} INFO - [2024-11-17T03:01:24.453+0000] {dag.py:3954} INFO - Setting next_dagrun for example_external_task_marker_parent to None, run_after=None
[2024-11-17T03:01:24.470+0000] {processor.py:183} INFO - Processing /home/airflow/.local/lib/python3.11/site-packages/airflow/example_dags/example_external_task_marker_dag.py took 0.073 seconds
[2024-11-17T03:01:54.834+0000] {processor.py:161} INFO - Started process (PID=6184) to work on /home/airflow/.local/lib/python3.11/site-packages/airflow/example_dags/example_external_task_marker_dag.py
[2024-11-17T03:01:54.835+0000] {processor.py:830} INFO - Processing file /home/airflow/.local/lib/python3.11/site-packages/airflow/example_dags/example_external_task_marker_dag.py for tasks to queue
[2024-11-17T03:01:54.837+0000] {logging_mixin.py:188} INFO - [2024-11-17T03:01:54.837+0000] {dagbag.py:545} INFO - Filling up the DagBag from /home/airflow/.local/lib/python3.11/site-packages/airflow/example_dags/example_external_task_marker_dag.py
[2024-11-17T03:01:54.844+0000] {processor.py:840} INFO - DAG(s) 'example_external_task_marker_parent', 'example_external_task_marker_child' retrieved from /home/airflow/.local/lib/python3.11/site-packages/airflow/example_dags/example_external_task_marker_dag.py
[2024-11-17T03:01:54.868+0000] {logging_mixin.py:188} INFO - [2024-11-17T03:01:54.868+0000] {dag.py:3096} INFO - Sync 2 DAGs
[2024-11-17T03:01:54.881+0000] {logging_mixin.py:188} INFO - [2024-11-17T03:01:54.881+0000] {dag.py:3954} INFO - Setting next_dagrun for example_external_task_marker_child to None, run_after=None
[2024-11-17T03:01:54.885+0000] {logging_mixin.py:188} INFO - [2024-11-17T03:01:54.885+0000] {dag.py:3954} INFO - Setting next_dagrun for example_external_task_marker_parent to None, run_after=None
[2024-11-17T03:01:54.905+0000] {processor.py:183} INFO - Processing /home/airflow/.local/lib/python3.11/site-packages/airflow/example_dags/example_external_task_marker_dag.py took 0.076 seconds
[2024-11-17T03:02:25.016+0000] {processor.py:161} INFO - Started process (PID=6450) to work on /home/airflow/.local/lib/python3.11/site-packages/airflow/example_dags/example_external_task_marker_dag.py
[2024-11-17T03:02:25.017+0000] {processor.py:830} INFO - Processing file /home/airflow/.local/lib/python3.11/site-packages/airflow/example_dags/example_external_task_marker_dag.py for tasks to queue
[2024-11-17T03:02:25.019+0000] {logging_mixin.py:188} INFO - [2024-11-17T03:02:25.018+0000] {dagbag.py:545} INFO - Filling up the DagBag from /home/airflow/.local/lib/python3.11/site-packages/airflow/example_dags/example_external_task_marker_dag.py
[2024-11-17T03:02:25.024+0000] {processor.py:840} INFO - DAG(s) 'example_external_task_marker_parent', 'example_external_task_marker_child' retrieved from /home/airflow/.local/lib/python3.11/site-packages/airflow/example_dags/example_external_task_marker_dag.py
[2024-11-17T03:02:25.046+0000] {logging_mixin.py:188} INFO - [2024-11-17T03:02:25.045+0000] {dag.py:3096} INFO - Sync 2 DAGs
[2024-11-17T03:02:25.057+0000] {logging_mixin.py:188} INFO - [2024-11-17T03:02:25.057+0000] {dag.py:3954} INFO - Setting next_dagrun for example_external_task_marker_child to None, run_after=None
[2024-11-17T03:02:25.061+0000] {logging_mixin.py:188} INFO - [2024-11-17T03:02:25.061+0000] {dag.py:3954} INFO - Setting next_dagrun for example_external_task_marker_parent to None, run_after=None
[2024-11-17T03:02:25.075+0000] {processor.py:183} INFO - Processing /home/airflow/.local/lib/python3.11/site-packages/airflow/example_dags/example_external_task_marker_dag.py took 0.064 seconds
[2024-11-17T03:02:55.124+0000] {processor.py:161} INFO - Started process (PID=6716) to work on /home/airflow/.local/lib/python3.11/site-packages/airflow/example_dags/example_external_task_marker_dag.py
[2024-11-17T03:02:55.125+0000] {processor.py:830} INFO - Processing file /home/airflow/.local/lib/python3.11/site-packages/airflow/example_dags/example_external_task_marker_dag.py for tasks to queue
[2024-11-17T03:02:55.127+0000] {logging_mixin.py:188} INFO - [2024-11-17T03:02:55.127+0000] {dagbag.py:545} INFO - Filling up the DagBag from /home/airflow/.local/lib/python3.11/site-packages/airflow/example_dags/example_external_task_marker_dag.py
[2024-11-17T03:02:55.132+0000] {processor.py:840} INFO - DAG(s) 'example_external_task_marker_child', 'example_external_task_marker_parent' retrieved from /home/airflow/.local/lib/python3.11/site-packages/airflow/example_dags/example_external_task_marker_dag.py
[2024-11-17T03:02:55.151+0000] {logging_mixin.py:188} INFO - [2024-11-17T03:02:55.151+0000] {dag.py:3096} INFO - Sync 2 DAGs
[2024-11-17T03:02:55.161+0000] {logging_mixin.py:188} INFO - [2024-11-17T03:02:55.161+0000] {dag.py:3954} INFO - Setting next_dagrun for example_external_task_marker_child to None, run_after=None
[2024-11-17T03:02:55.164+0000] {logging_mixin.py:188} INFO - [2024-11-17T03:02:55.164+0000] {dag.py:3954} INFO - Setting next_dagrun for example_external_task_marker_parent to None, run_after=None
[2024-11-17T03:02:55.180+0000] {processor.py:183} INFO - Processing /home/airflow/.local/lib/python3.11/site-packages/airflow/example_dags/example_external_task_marker_dag.py took 0.061 seconds
[2024-11-17T03:03:25.403+0000] {processor.py:161} INFO - Started process (PID=6980) to work on /home/airflow/.local/lib/python3.11/site-packages/airflow/example_dags/example_external_task_marker_dag.py
[2024-11-17T03:03:25.404+0000] {processor.py:830} INFO - Processing file /home/airflow/.local/lib/python3.11/site-packages/airflow/example_dags/example_external_task_marker_dag.py for tasks to queue
[2024-11-17T03:03:25.406+0000] {logging_mixin.py:188} INFO - [2024-11-17T03:03:25.406+0000] {dagbag.py:545} INFO - Filling up the DagBag from /home/airflow/.local/lib/python3.11/site-packages/airflow/example_dags/example_external_task_marker_dag.py
[2024-11-17T03:03:25.411+0000] {processor.py:840} INFO - DAG(s) 'example_external_task_marker_child', 'example_external_task_marker_parent' retrieved from /home/airflow/.local/lib/python3.11/site-packages/airflow/example_dags/example_external_task_marker_dag.py
[2024-11-17T03:03:25.431+0000] {logging_mixin.py:188} INFO - [2024-11-17T03:03:25.431+0000] {dag.py:3096} INFO - Sync 2 DAGs
[2024-11-17T03:03:25.441+0000] {logging_mixin.py:188} INFO - [2024-11-17T03:03:25.441+0000] {dag.py:3954} INFO - Setting next_dagrun for example_external_task_marker_child to None, run_after=None
[2024-11-17T03:03:25.444+0000] {logging_mixin.py:188} INFO - [2024-11-17T03:03:25.444+0000] {dag.py:3954} INFO - Setting next_dagrun for example_external_task_marker_parent to None, run_after=None
[2024-11-17T03:03:25.459+0000] {processor.py:183} INFO - Processing /home/airflow/.local/lib/python3.11/site-packages/airflow/example_dags/example_external_task_marker_dag.py took 0.060 seconds
[2024-11-17T03:03:55.829+0000] {processor.py:161} INFO - Started process (PID=7246) to work on /home/airflow/.local/lib/python3.11/site-packages/airflow/example_dags/example_external_task_marker_dag.py
[2024-11-17T03:03:55.830+0000] {processor.py:830} INFO - Processing file /home/airflow/.local/lib/python3.11/site-packages/airflow/example_dags/example_external_task_marker_dag.py for tasks to queue
[2024-11-17T03:03:55.832+0000] {logging_mixin.py:188} INFO - [2024-11-17T03:03:55.831+0000] {dagbag.py:545} INFO - Filling up the DagBag from /home/airflow/.local/lib/python3.11/site-packages/airflow/example_dags/example_external_task_marker_dag.py
[2024-11-17T03:03:55.837+0000] {processor.py:840} INFO - DAG(s) 'example_external_task_marker_child', 'example_external_task_marker_parent' retrieved from /home/airflow/.local/lib/python3.11/site-packages/airflow/example_dags/example_external_task_marker_dag.py
[2024-11-17T03:03:55.856+0000] {logging_mixin.py:188} INFO - [2024-11-17T03:03:55.856+0000] {dag.py:3096} INFO - Sync 2 DAGs
[2024-11-17T03:03:55.866+0000] {logging_mixin.py:188} INFO - [2024-11-17T03:03:55.866+0000] {dag.py:3954} INFO - Setting next_dagrun for example_external_task_marker_child to None, run_after=None
[2024-11-17T03:03:55.869+0000] {logging_mixin.py:188} INFO - [2024-11-17T03:03:55.869+0000] {dag.py:3954} INFO - Setting next_dagrun for example_external_task_marker_parent to None, run_after=None
[2024-11-17T03:03:55.883+0000] {processor.py:183} INFO - Processing /home/airflow/.local/lib/python3.11/site-packages/airflow/example_dags/example_external_task_marker_dag.py took 0.059 seconds
[2024-11-17T03:04:26.812+0000] {processor.py:161} INFO - Started process (PID=7514) to work on /home/airflow/.local/lib/python3.11/site-packages/airflow/example_dags/example_external_task_marker_dag.py
[2024-11-17T03:04:26.813+0000] {processor.py:830} INFO - Processing file /home/airflow/.local/lib/python3.11/site-packages/airflow/example_dags/example_external_task_marker_dag.py for tasks to queue
[2024-11-17T03:04:26.815+0000] {logging_mixin.py:188} INFO - [2024-11-17T03:04:26.814+0000] {dagbag.py:545} INFO - Filling up the DagBag from /home/airflow/.local/lib/python3.11/site-packages/airflow/example_dags/example_external_task_marker_dag.py
[2024-11-17T03:04:26.820+0000] {processor.py:840} INFO - DAG(s) 'example_external_task_marker_parent', 'example_external_task_marker_child' retrieved from /home/airflow/.local/lib/python3.11/site-packages/airflow/example_dags/example_external_task_marker_dag.py
[2024-11-17T03:04:26.840+0000] {logging_mixin.py:188} INFO - [2024-11-17T03:04:26.840+0000] {dag.py:3096} INFO - Sync 2 DAGs
[2024-11-17T03:04:26.851+0000] {logging_mixin.py:188} INFO - [2024-11-17T03:04:26.851+0000] {dag.py:3954} INFO - Setting next_dagrun for example_external_task_marker_child to None, run_after=None
[2024-11-17T03:04:26.856+0000] {logging_mixin.py:188} INFO - [2024-11-17T03:04:26.855+0000] {dag.py:3954} INFO - Setting next_dagrun for example_external_task_marker_parent to None, run_after=None
[2024-11-17T03:04:26.870+0000] {processor.py:183} INFO - Processing /home/airflow/.local/lib/python3.11/site-packages/airflow/example_dags/example_external_task_marker_dag.py took 0.063 seconds
[2024-11-17T03:04:57.717+0000] {processor.py:161} INFO - Started process (PID=7778) to work on /home/airflow/.local/lib/python3.11/site-packages/airflow/example_dags/example_external_task_marker_dag.py
[2024-11-17T03:04:57.718+0000] {processor.py:830} INFO - Processing file /home/airflow/.local/lib/python3.11/site-packages/airflow/example_dags/example_external_task_marker_dag.py for tasks to queue
[2024-11-17T03:04:57.719+0000] {logging_mixin.py:188} INFO - [2024-11-17T03:04:57.719+0000] {dagbag.py:545} INFO - Filling up the DagBag from /home/airflow/.local/lib/python3.11/site-packages/airflow/example_dags/example_external_task_marker_dag.py
[2024-11-17T03:04:57.725+0000] {processor.py:840} INFO - DAG(s) 'example_external_task_marker_child', 'example_external_task_marker_parent' retrieved from /home/airflow/.local/lib/python3.11/site-packages/airflow/example_dags/example_external_task_marker_dag.py
[2024-11-17T03:04:57.745+0000] {logging_mixin.py:188} INFO - [2024-11-17T03:04:57.745+0000] {dag.py:3096} INFO - Sync 2 DAGs
[2024-11-17T03:04:57.755+0000] {logging_mixin.py:188} INFO - [2024-11-17T03:04:57.755+0000] {dag.py:3954} INFO - Setting next_dagrun for example_external_task_marker_child to None, run_after=None
[2024-11-17T03:04:57.759+0000] {logging_mixin.py:188} INFO - [2024-11-17T03:04:57.759+0000] {dag.py:3954} INFO - Setting next_dagrun for example_external_task_marker_parent to None, run_after=None
[2024-11-17T03:04:57.775+0000] {processor.py:183} INFO - Processing /home/airflow/.local/lib/python3.11/site-packages/airflow/example_dags/example_external_task_marker_dag.py took 0.063 seconds
[2024-11-17T03:05:27.953+0000] {processor.py:161} INFO - Started process (PID=8046) to work on /home/airflow/.local/lib/python3.11/site-packages/airflow/example_dags/example_external_task_marker_dag.py
[2024-11-17T03:05:27.954+0000] {processor.py:830} INFO - Processing file /home/airflow/.local/lib/python3.11/site-packages/airflow/example_dags/example_external_task_marker_dag.py for tasks to queue
[2024-11-17T03:05:27.956+0000] {logging_mixin.py:188} INFO - [2024-11-17T03:05:27.956+0000] {dagbag.py:545} INFO - Filling up the DagBag from /home/airflow/.local/lib/python3.11/site-packages/airflow/example_dags/example_external_task_marker_dag.py
[2024-11-17T03:05:27.962+0000] {processor.py:840} INFO - DAG(s) 'example_external_task_marker_child', 'example_external_task_marker_parent' retrieved from /home/airflow/.local/lib/python3.11/site-packages/airflow/example_dags/example_external_task_marker_dag.py
[2024-11-17T03:05:27.983+0000] {logging_mixin.py:188} INFO - [2024-11-17T03:05:27.982+0000] {dag.py:3096} INFO - Sync 2 DAGs
[2024-11-17T03:05:27.993+0000] {logging_mixin.py:188} INFO - [2024-11-17T03:05:27.993+0000] {dag.py:3954} INFO - Setting next_dagrun for example_external_task_marker_child to None, run_after=None
[2024-11-17T03:05:27.996+0000] {logging_mixin.py:188} INFO - [2024-11-17T03:05:27.996+0000] {dag.py:3954} INFO - Setting next_dagrun for example_external_task_marker_parent to None, run_after=None
[2024-11-17T03:05:28.011+0000] {processor.py:183} INFO - Processing /home/airflow/.local/lib/python3.11/site-packages/airflow/example_dags/example_external_task_marker_dag.py took 0.065 seconds
