[2024-11-17T02:50:41.185+0000] {processor.py:161} INFO - Started process (PID=315) to work on /home/airflow/.local/lib/python3.11/site-packages/airflow/example_dags/example_task_group.py
[2024-11-17T02:50:41.186+0000] {processor.py:830} INFO - Processing file /home/airflow/.local/lib/python3.11/site-packages/airflow/example_dags/example_task_group.py for tasks to queue
[2024-11-17T02:50:41.188+0000] {logging_mixin.py:188} INFO - [2024-11-17T02:50:41.187+0000] {dagbag.py:545} INFO - Filling up the DagBag from /home/airflow/.local/lib/python3.11/site-packages/airflow/example_dags/example_task_group.py
[2024-11-17T02:50:41.196+0000] {processor.py:840} INFO - DAG(s) 'example_task_group' retrieved from /home/airflow/.local/lib/python3.11/site-packages/airflow/example_dags/example_task_group.py
[2024-11-17T02:50:41.206+0000] {logging_mixin.py:188} INFO - [2024-11-17T02:50:41.206+0000] {dag.py:3096} INFO - Sync 1 DAGs
[2024-11-17T02:50:41.230+0000] {logging_mixin.py:188} INFO - [2024-11-17T02:50:41.230+0000] {dag.py:3954} INFO - Setting next_dagrun for example_task_group to 2024-11-16 00:00:00+00:00, run_after=2024-11-17 00:00:00+00:00
[2024-11-17T02:50:41.252+0000] {processor.py:183} INFO - Processing /home/airflow/.local/lib/python3.11/site-packages/airflow/example_dags/example_task_group.py took 0.072 seconds
[2024-11-17T02:51:13.301+0000] {processor.py:161} INFO - Started process (PID=581) to work on /home/airflow/.local/lib/python3.11/site-packages/airflow/example_dags/example_task_group.py
[2024-11-17T02:51:13.302+0000] {processor.py:830} INFO - Processing file /home/airflow/.local/lib/python3.11/site-packages/airflow/example_dags/example_task_group.py for tasks to queue
[2024-11-17T02:51:13.304+0000] {logging_mixin.py:188} INFO - [2024-11-17T02:51:13.304+0000] {dagbag.py:545} INFO - Filling up the DagBag from /home/airflow/.local/lib/python3.11/site-packages/airflow/example_dags/example_task_group.py
[2024-11-17T02:51:13.310+0000] {processor.py:840} INFO - DAG(s) 'example_task_group' retrieved from /home/airflow/.local/lib/python3.11/site-packages/airflow/example_dags/example_task_group.py
[2024-11-17T02:51:13.392+0000] {logging_mixin.py:188} INFO - [2024-11-17T02:51:13.392+0000] {dag.py:3096} INFO - Sync 1 DAGs
[2024-11-17T02:51:13.408+0000] {logging_mixin.py:188} INFO - [2024-11-17T02:51:13.408+0000] {dag.py:3954} INFO - Setting next_dagrun for example_task_group to 2024-11-16 00:00:00+00:00, run_after=2024-11-17 00:00:00+00:00
[2024-11-17T02:51:13.423+0000] {processor.py:183} INFO - Processing /home/airflow/.local/lib/python3.11/site-packages/airflow/example_dags/example_task_group.py took 0.127 seconds
[2024-11-17T02:51:43.777+0000] {processor.py:161} INFO - Started process (PID=849) to work on /home/airflow/.local/lib/python3.11/site-packages/airflow/example_dags/example_task_group.py
[2024-11-17T02:51:43.778+0000] {processor.py:830} INFO - Processing file /home/airflow/.local/lib/python3.11/site-packages/airflow/example_dags/example_task_group.py for tasks to queue
[2024-11-17T02:51:43.780+0000] {logging_mixin.py:188} INFO - [2024-11-17T02:51:43.779+0000] {dagbag.py:545} INFO - Filling up the DagBag from /home/airflow/.local/lib/python3.11/site-packages/airflow/example_dags/example_task_group.py
[2024-11-17T02:51:43.786+0000] {processor.py:840} INFO - DAG(s) 'example_task_group' retrieved from /home/airflow/.local/lib/python3.11/site-packages/airflow/example_dags/example_task_group.py
[2024-11-17T02:51:43.803+0000] {logging_mixin.py:188} INFO - [2024-11-17T02:51:43.803+0000] {dag.py:3096} INFO - Sync 1 DAGs
[2024-11-17T02:51:43.822+0000] {logging_mixin.py:188} INFO - [2024-11-17T02:51:43.822+0000] {dag.py:3954} INFO - Setting next_dagrun for example_task_group to 2024-11-16 00:00:00+00:00, run_after=2024-11-17 00:00:00+00:00
[2024-11-17T02:51:43.838+0000] {processor.py:183} INFO - Processing /home/airflow/.local/lib/python3.11/site-packages/airflow/example_dags/example_task_group.py took 0.066 seconds
[2024-11-17T02:52:13.992+0000] {processor.py:161} INFO - Started process (PID=1115) to work on /home/airflow/.local/lib/python3.11/site-packages/airflow/example_dags/example_task_group.py
[2024-11-17T02:52:13.993+0000] {processor.py:830} INFO - Processing file /home/airflow/.local/lib/python3.11/site-packages/airflow/example_dags/example_task_group.py for tasks to queue
[2024-11-17T02:52:13.995+0000] {logging_mixin.py:188} INFO - [2024-11-17T02:52:13.995+0000] {dagbag.py:545} INFO - Filling up the DagBag from /home/airflow/.local/lib/python3.11/site-packages/airflow/example_dags/example_task_group.py
[2024-11-17T02:52:14.001+0000] {processor.py:840} INFO - DAG(s) 'example_task_group' retrieved from /home/airflow/.local/lib/python3.11/site-packages/airflow/example_dags/example_task_group.py
[2024-11-17T02:52:14.020+0000] {logging_mixin.py:188} INFO - [2024-11-17T02:52:14.020+0000] {dag.py:3096} INFO - Sync 1 DAGs
[2024-11-17T02:52:14.037+0000] {logging_mixin.py:188} INFO - [2024-11-17T02:52:14.037+0000] {dag.py:3954} INFO - Setting next_dagrun for example_task_group to 2024-11-16 00:00:00+00:00, run_after=2024-11-17 00:00:00+00:00
[2024-11-17T02:52:14.053+0000] {processor.py:183} INFO - Processing /home/airflow/.local/lib/python3.11/site-packages/airflow/example_dags/example_task_group.py took 0.066 seconds
[2024-11-17T02:52:45.108+0000] {processor.py:161} INFO - Started process (PID=1379) to work on /home/airflow/.local/lib/python3.11/site-packages/airflow/example_dags/example_task_group.py
[2024-11-17T02:52:45.109+0000] {processor.py:830} INFO - Processing file /home/airflow/.local/lib/python3.11/site-packages/airflow/example_dags/example_task_group.py for tasks to queue
[2024-11-17T02:52:45.111+0000] {logging_mixin.py:188} INFO - [2024-11-17T02:52:45.111+0000] {dagbag.py:545} INFO - Filling up the DagBag from /home/airflow/.local/lib/python3.11/site-packages/airflow/example_dags/example_task_group.py
[2024-11-17T02:52:45.117+0000] {processor.py:840} INFO - DAG(s) 'example_task_group' retrieved from /home/airflow/.local/lib/python3.11/site-packages/airflow/example_dags/example_task_group.py
[2024-11-17T02:52:45.136+0000] {logging_mixin.py:188} INFO - [2024-11-17T02:52:45.135+0000] {dag.py:3096} INFO - Sync 1 DAGs
[2024-11-17T02:52:45.154+0000] {logging_mixin.py:188} INFO - [2024-11-17T02:52:45.154+0000] {dag.py:3954} INFO - Setting next_dagrun for example_task_group to 2024-11-16 00:00:00+00:00, run_after=2024-11-17 00:00:00+00:00
[2024-11-17T02:52:45.168+0000] {processor.py:183} INFO - Processing /home/airflow/.local/lib/python3.11/site-packages/airflow/example_dags/example_task_group.py took 0.065 seconds
[2024-11-17T02:53:16.234+0000] {processor.py:161} INFO - Started process (PID=1645) to work on /home/airflow/.local/lib/python3.11/site-packages/airflow/example_dags/example_task_group.py
[2024-11-17T02:53:16.235+0000] {processor.py:830} INFO - Processing file /home/airflow/.local/lib/python3.11/site-packages/airflow/example_dags/example_task_group.py for tasks to queue
[2024-11-17T02:53:16.237+0000] {logging_mixin.py:188} INFO - [2024-11-17T02:53:16.236+0000] {dagbag.py:545} INFO - Filling up the DagBag from /home/airflow/.local/lib/python3.11/site-packages/airflow/example_dags/example_task_group.py
[2024-11-17T02:53:16.243+0000] {processor.py:840} INFO - DAG(s) 'example_task_group' retrieved from /home/airflow/.local/lib/python3.11/site-packages/airflow/example_dags/example_task_group.py
[2024-11-17T02:53:16.264+0000] {logging_mixin.py:188} INFO - [2024-11-17T02:53:16.264+0000] {dag.py:3096} INFO - Sync 1 DAGs
[2024-11-17T02:53:16.286+0000] {logging_mixin.py:188} INFO - [2024-11-17T02:53:16.286+0000] {dag.py:3954} INFO - Setting next_dagrun for example_task_group to 2024-11-16 00:00:00+00:00, run_after=2024-11-17 00:00:00+00:00
[2024-11-17T02:53:16.304+0000] {processor.py:183} INFO - Processing /home/airflow/.local/lib/python3.11/site-packages/airflow/example_dags/example_task_group.py took 0.075 seconds
[2024-11-17T02:53:46.584+0000] {processor.py:161} INFO - Started process (PID=1911) to work on /home/airflow/.local/lib/python3.11/site-packages/airflow/example_dags/example_task_group.py
[2024-11-17T02:53:46.585+0000] {processor.py:830} INFO - Processing file /home/airflow/.local/lib/python3.11/site-packages/airflow/example_dags/example_task_group.py for tasks to queue
[2024-11-17T02:53:46.587+0000] {logging_mixin.py:188} INFO - [2024-11-17T02:53:46.586+0000] {dagbag.py:545} INFO - Filling up the DagBag from /home/airflow/.local/lib/python3.11/site-packages/airflow/example_dags/example_task_group.py
[2024-11-17T02:53:46.594+0000] {processor.py:840} INFO - DAG(s) 'example_task_group' retrieved from /home/airflow/.local/lib/python3.11/site-packages/airflow/example_dags/example_task_group.py
[2024-11-17T02:53:46.618+0000] {logging_mixin.py:188} INFO - [2024-11-17T02:53:46.618+0000] {dag.py:3096} INFO - Sync 1 DAGs
[2024-11-17T02:53:46.645+0000] {logging_mixin.py:188} INFO - [2024-11-17T02:53:46.645+0000] {dag.py:3954} INFO - Setting next_dagrun for example_task_group to 2024-11-16 00:00:00+00:00, run_after=2024-11-17 00:00:00+00:00
[2024-11-17T02:53:46.666+0000] {processor.py:183} INFO - Processing /home/airflow/.local/lib/python3.11/site-packages/airflow/example_dags/example_task_group.py took 0.088 seconds
[2024-11-17T02:54:17.653+0000] {processor.py:161} INFO - Started process (PID=2177) to work on /home/airflow/.local/lib/python3.11/site-packages/airflow/example_dags/example_task_group.py
[2024-11-17T02:54:17.654+0000] {processor.py:830} INFO - Processing file /home/airflow/.local/lib/python3.11/site-packages/airflow/example_dags/example_task_group.py for tasks to queue
[2024-11-17T02:54:17.656+0000] {logging_mixin.py:188} INFO - [2024-11-17T02:54:17.655+0000] {dagbag.py:545} INFO - Filling up the DagBag from /home/airflow/.local/lib/python3.11/site-packages/airflow/example_dags/example_task_group.py
[2024-11-17T02:54:17.663+0000] {processor.py:840} INFO - DAG(s) 'example_task_group' retrieved from /home/airflow/.local/lib/python3.11/site-packages/airflow/example_dags/example_task_group.py
[2024-11-17T02:54:17.682+0000] {logging_mixin.py:188} INFO - [2024-11-17T02:54:17.682+0000] {dag.py:3096} INFO - Sync 1 DAGs
[2024-11-17T02:54:17.700+0000] {logging_mixin.py:188} INFO - [2024-11-17T02:54:17.700+0000] {dag.py:3954} INFO - Setting next_dagrun for example_task_group to 2024-11-16 00:00:00+00:00, run_after=2024-11-17 00:00:00+00:00
[2024-11-17T02:54:17.715+0000] {processor.py:183} INFO - Processing /home/airflow/.local/lib/python3.11/site-packages/airflow/example_dags/example_task_group.py took 0.068 seconds
[2024-11-17T02:54:48.572+0000] {processor.py:161} INFO - Started process (PID=2443) to work on /home/airflow/.local/lib/python3.11/site-packages/airflow/example_dags/example_task_group.py
[2024-11-17T02:54:48.573+0000] {processor.py:830} INFO - Processing file /home/airflow/.local/lib/python3.11/site-packages/airflow/example_dags/example_task_group.py for tasks to queue
[2024-11-17T02:54:48.575+0000] {logging_mixin.py:188} INFO - [2024-11-17T02:54:48.574+0000] {dagbag.py:545} INFO - Filling up the DagBag from /home/airflow/.local/lib/python3.11/site-packages/airflow/example_dags/example_task_group.py
[2024-11-17T02:54:48.581+0000] {processor.py:840} INFO - DAG(s) 'example_task_group' retrieved from /home/airflow/.local/lib/python3.11/site-packages/airflow/example_dags/example_task_group.py
[2024-11-17T02:54:48.600+0000] {logging_mixin.py:188} INFO - [2024-11-17T02:54:48.600+0000] {dag.py:3096} INFO - Sync 1 DAGs
[2024-11-17T02:54:48.618+0000] {logging_mixin.py:188} INFO - [2024-11-17T02:54:48.618+0000] {dag.py:3954} INFO - Setting next_dagrun for example_task_group to 2024-11-16 00:00:00+00:00, run_after=2024-11-17 00:00:00+00:00
[2024-11-17T02:54:48.636+0000] {processor.py:183} INFO - Processing /home/airflow/.local/lib/python3.11/site-packages/airflow/example_dags/example_task_group.py took 0.069 seconds
[2024-11-17T02:55:19.416+0000] {processor.py:161} INFO - Started process (PID=2709) to work on /home/airflow/.local/lib/python3.11/site-packages/airflow/example_dags/example_task_group.py
[2024-11-17T02:55:19.417+0000] {processor.py:830} INFO - Processing file /home/airflow/.local/lib/python3.11/site-packages/airflow/example_dags/example_task_group.py for tasks to queue
[2024-11-17T02:55:19.419+0000] {logging_mixin.py:188} INFO - [2024-11-17T02:55:19.418+0000] {dagbag.py:545} INFO - Filling up the DagBag from /home/airflow/.local/lib/python3.11/site-packages/airflow/example_dags/example_task_group.py
[2024-11-17T02:55:19.426+0000] {processor.py:840} INFO - DAG(s) 'example_task_group' retrieved from /home/airflow/.local/lib/python3.11/site-packages/airflow/example_dags/example_task_group.py
[2024-11-17T02:55:19.446+0000] {logging_mixin.py:188} INFO - [2024-11-17T02:55:19.446+0000] {dag.py:3096} INFO - Sync 1 DAGs
[2024-11-17T02:55:19.465+0000] {logging_mixin.py:188} INFO - [2024-11-17T02:55:19.465+0000] {dag.py:3954} INFO - Setting next_dagrun for example_task_group to 2024-11-16 00:00:00+00:00, run_after=2024-11-17 00:00:00+00:00
[2024-11-17T02:55:19.481+0000] {processor.py:183} INFO - Processing /home/airflow/.local/lib/python3.11/site-packages/airflow/example_dags/example_task_group.py took 0.071 seconds
[2024-11-17T02:55:50.400+0000] {processor.py:161} INFO - Started process (PID=2977) to work on /home/airflow/.local/lib/python3.11/site-packages/airflow/example_dags/example_task_group.py
[2024-11-17T02:55:50.401+0000] {processor.py:830} INFO - Processing file /home/airflow/.local/lib/python3.11/site-packages/airflow/example_dags/example_task_group.py for tasks to queue
[2024-11-17T02:55:50.402+0000] {logging_mixin.py:188} INFO - [2024-11-17T02:55:50.402+0000] {dagbag.py:545} INFO - Filling up the DagBag from /home/airflow/.local/lib/python3.11/site-packages/airflow/example_dags/example_task_group.py
[2024-11-17T02:55:50.408+0000] {processor.py:840} INFO - DAG(s) 'example_task_group' retrieved from /home/airflow/.local/lib/python3.11/site-packages/airflow/example_dags/example_task_group.py
[2024-11-17T02:55:50.426+0000] {logging_mixin.py:188} INFO - [2024-11-17T02:55:50.426+0000] {dag.py:3096} INFO - Sync 1 DAGs
[2024-11-17T02:55:50.442+0000] {logging_mixin.py:188} INFO - [2024-11-17T02:55:50.442+0000] {dag.py:3954} INFO - Setting next_dagrun for example_task_group to 2024-11-16 00:00:00+00:00, run_after=2024-11-17 00:00:00+00:00
[2024-11-17T02:55:50.459+0000] {processor.py:183} INFO - Processing /home/airflow/.local/lib/python3.11/site-packages/airflow/example_dags/example_task_group.py took 0.064 seconds
[2024-11-17T02:56:20.606+0000] {processor.py:161} INFO - Started process (PID=3241) to work on /home/airflow/.local/lib/python3.11/site-packages/airflow/example_dags/example_task_group.py
[2024-11-17T02:56:20.607+0000] {processor.py:830} INFO - Processing file /home/airflow/.local/lib/python3.11/site-packages/airflow/example_dags/example_task_group.py for tasks to queue
[2024-11-17T02:56:20.609+0000] {logging_mixin.py:188} INFO - [2024-11-17T02:56:20.609+0000] {dagbag.py:545} INFO - Filling up the DagBag from /home/airflow/.local/lib/python3.11/site-packages/airflow/example_dags/example_task_group.py
[2024-11-17T02:56:20.615+0000] {processor.py:840} INFO - DAG(s) 'example_task_group' retrieved from /home/airflow/.local/lib/python3.11/site-packages/airflow/example_dags/example_task_group.py
[2024-11-17T02:56:20.633+0000] {logging_mixin.py:188} INFO - [2024-11-17T02:56:20.632+0000] {dag.py:3096} INFO - Sync 1 DAGs
[2024-11-17T02:56:20.650+0000] {logging_mixin.py:188} INFO - [2024-11-17T02:56:20.650+0000] {dag.py:3954} INFO - Setting next_dagrun for example_task_group to 2024-11-16 00:00:00+00:00, run_after=2024-11-17 00:00:00+00:00
[2024-11-17T02:56:20.669+0000] {processor.py:183} INFO - Processing /home/airflow/.local/lib/python3.11/site-packages/airflow/example_dags/example_task_group.py took 0.067 seconds
[2024-11-17T02:56:50.977+0000] {processor.py:161} INFO - Started process (PID=3509) to work on /home/airflow/.local/lib/python3.11/site-packages/airflow/example_dags/example_task_group.py
[2024-11-17T02:56:50.978+0000] {processor.py:830} INFO - Processing file /home/airflow/.local/lib/python3.11/site-packages/airflow/example_dags/example_task_group.py for tasks to queue
[2024-11-17T02:56:50.979+0000] {logging_mixin.py:188} INFO - [2024-11-17T02:56:50.979+0000] {dagbag.py:545} INFO - Filling up the DagBag from /home/airflow/.local/lib/python3.11/site-packages/airflow/example_dags/example_task_group.py
[2024-11-17T02:56:50.986+0000] {processor.py:840} INFO - DAG(s) 'example_task_group' retrieved from /home/airflow/.local/lib/python3.11/site-packages/airflow/example_dags/example_task_group.py
[2024-11-17T02:56:51.006+0000] {logging_mixin.py:188} INFO - [2024-11-17T02:56:51.005+0000] {dag.py:3096} INFO - Sync 1 DAGs
[2024-11-17T02:56:51.024+0000] {logging_mixin.py:188} INFO - [2024-11-17T02:56:51.023+0000] {dag.py:3954} INFO - Setting next_dagrun for example_task_group to 2024-11-16 00:00:00+00:00, run_after=2024-11-17 00:00:00+00:00
[2024-11-17T02:56:51.041+0000] {processor.py:183} INFO - Processing /home/airflow/.local/lib/python3.11/site-packages/airflow/example_dags/example_task_group.py took 0.069 seconds
[2024-11-17T02:57:21.208+0000] {processor.py:161} INFO - Started process (PID=3775) to work on /home/airflow/.local/lib/python3.11/site-packages/airflow/example_dags/example_task_group.py
[2024-11-17T02:57:21.209+0000] {processor.py:830} INFO - Processing file /home/airflow/.local/lib/python3.11/site-packages/airflow/example_dags/example_task_group.py for tasks to queue
[2024-11-17T02:57:21.211+0000] {logging_mixin.py:188} INFO - [2024-11-17T02:57:21.210+0000] {dagbag.py:545} INFO - Filling up the DagBag from /home/airflow/.local/lib/python3.11/site-packages/airflow/example_dags/example_task_group.py
[2024-11-17T02:57:21.217+0000] {processor.py:840} INFO - DAG(s) 'example_task_group' retrieved from /home/airflow/.local/lib/python3.11/site-packages/airflow/example_dags/example_task_group.py
[2024-11-17T02:57:21.234+0000] {logging_mixin.py:188} INFO - [2024-11-17T02:57:21.234+0000] {dag.py:3096} INFO - Sync 1 DAGs
[2024-11-17T02:57:21.250+0000] {logging_mixin.py:188} INFO - [2024-11-17T02:57:21.250+0000] {dag.py:3954} INFO - Setting next_dagrun for example_task_group to 2024-11-16 00:00:00+00:00, run_after=2024-11-17 00:00:00+00:00
[2024-11-17T02:57:21.268+0000] {processor.py:183} INFO - Processing /home/airflow/.local/lib/python3.11/site-packages/airflow/example_dags/example_task_group.py took 0.065 seconds
[2024-11-17T02:57:51.456+0000] {processor.py:161} INFO - Started process (PID=4039) to work on /home/airflow/.local/lib/python3.11/site-packages/airflow/example_dags/example_task_group.py
[2024-11-17T02:57:51.456+0000] {processor.py:830} INFO - Processing file /home/airflow/.local/lib/python3.11/site-packages/airflow/example_dags/example_task_group.py for tasks to queue
[2024-11-17T02:57:51.458+0000] {logging_mixin.py:188} INFO - [2024-11-17T02:57:51.458+0000] {dagbag.py:545} INFO - Filling up the DagBag from /home/airflow/.local/lib/python3.11/site-packages/airflow/example_dags/example_task_group.py
[2024-11-17T02:57:51.464+0000] {processor.py:840} INFO - DAG(s) 'example_task_group' retrieved from /home/airflow/.local/lib/python3.11/site-packages/airflow/example_dags/example_task_group.py
[2024-11-17T02:57:51.481+0000] {logging_mixin.py:188} INFO - [2024-11-17T02:57:51.481+0000] {dag.py:3096} INFO - Sync 1 DAGs
[2024-11-17T02:57:51.498+0000] {logging_mixin.py:188} INFO - [2024-11-17T02:57:51.498+0000] {dag.py:3954} INFO - Setting next_dagrun for example_task_group to 2024-11-16 00:00:00+00:00, run_after=2024-11-17 00:00:00+00:00
[2024-11-17T02:57:51.514+0000] {processor.py:183} INFO - Processing /home/airflow/.local/lib/python3.11/site-packages/airflow/example_dags/example_task_group.py took 0.064 seconds
[2024-11-17T02:58:21.781+0000] {processor.py:161} INFO - Started process (PID=4305) to work on /home/airflow/.local/lib/python3.11/site-packages/airflow/example_dags/example_task_group.py
[2024-11-17T02:58:21.782+0000] {processor.py:830} INFO - Processing file /home/airflow/.local/lib/python3.11/site-packages/airflow/example_dags/example_task_group.py for tasks to queue
[2024-11-17T02:58:21.783+0000] {logging_mixin.py:188} INFO - [2024-11-17T02:58:21.783+0000] {dagbag.py:545} INFO - Filling up the DagBag from /home/airflow/.local/lib/python3.11/site-packages/airflow/example_dags/example_task_group.py
[2024-11-17T02:58:21.789+0000] {processor.py:840} INFO - DAG(s) 'example_task_group' retrieved from /home/airflow/.local/lib/python3.11/site-packages/airflow/example_dags/example_task_group.py
[2024-11-17T02:58:21.806+0000] {logging_mixin.py:188} INFO - [2024-11-17T02:58:21.806+0000] {dag.py:3096} INFO - Sync 1 DAGs
[2024-11-17T02:58:21.822+0000] {logging_mixin.py:188} INFO - [2024-11-17T02:58:21.822+0000] {dag.py:3954} INFO - Setting next_dagrun for example_task_group to 2024-11-16 00:00:00+00:00, run_after=2024-11-17 00:00:00+00:00
[2024-11-17T02:58:21.839+0000] {processor.py:183} INFO - Processing /home/airflow/.local/lib/python3.11/site-packages/airflow/example_dags/example_task_group.py took 0.063 seconds
[2024-11-17T02:58:51.951+0000] {processor.py:161} INFO - Started process (PID=4571) to work on /home/airflow/.local/lib/python3.11/site-packages/airflow/example_dags/example_task_group.py
[2024-11-17T02:58:51.952+0000] {processor.py:830} INFO - Processing file /home/airflow/.local/lib/python3.11/site-packages/airflow/example_dags/example_task_group.py for tasks to queue
[2024-11-17T02:58:51.954+0000] {logging_mixin.py:188} INFO - [2024-11-17T02:58:51.954+0000] {dagbag.py:545} INFO - Filling up the DagBag from /home/airflow/.local/lib/python3.11/site-packages/airflow/example_dags/example_task_group.py
[2024-11-17T02:58:51.962+0000] {processor.py:840} INFO - DAG(s) 'example_task_group' retrieved from /home/airflow/.local/lib/python3.11/site-packages/airflow/example_dags/example_task_group.py
[2024-11-17T02:58:51.981+0000] {logging_mixin.py:188} INFO - [2024-11-17T02:58:51.981+0000] {dag.py:3096} INFO - Sync 1 DAGs
[2024-11-17T02:58:51.999+0000] {logging_mixin.py:188} INFO - [2024-11-17T02:58:51.998+0000] {dag.py:3954} INFO - Setting next_dagrun for example_task_group to 2024-11-16 00:00:00+00:00, run_after=2024-11-17 00:00:00+00:00
[2024-11-17T02:58:52.017+0000] {processor.py:183} INFO - Processing /home/airflow/.local/lib/python3.11/site-packages/airflow/example_dags/example_task_group.py took 0.071 seconds
[2024-11-17T02:59:22.369+0000] {processor.py:161} INFO - Started process (PID=4837) to work on /home/airflow/.local/lib/python3.11/site-packages/airflow/example_dags/example_task_group.py
[2024-11-17T02:59:22.370+0000] {processor.py:830} INFO - Processing file /home/airflow/.local/lib/python3.11/site-packages/airflow/example_dags/example_task_group.py for tasks to queue
[2024-11-17T02:59:22.372+0000] {logging_mixin.py:188} INFO - [2024-11-17T02:59:22.372+0000] {dagbag.py:545} INFO - Filling up the DagBag from /home/airflow/.local/lib/python3.11/site-packages/airflow/example_dags/example_task_group.py
[2024-11-17T02:59:22.379+0000] {processor.py:840} INFO - DAG(s) 'example_task_group' retrieved from /home/airflow/.local/lib/python3.11/site-packages/airflow/example_dags/example_task_group.py
[2024-11-17T02:59:22.399+0000] {logging_mixin.py:188} INFO - [2024-11-17T02:59:22.399+0000] {dag.py:3096} INFO - Sync 1 DAGs
[2024-11-17T02:59:22.416+0000] {logging_mixin.py:188} INFO - [2024-11-17T02:59:22.416+0000] {dag.py:3954} INFO - Setting next_dagrun for example_task_group to 2024-11-16 00:00:00+00:00, run_after=2024-11-17 00:00:00+00:00
[2024-11-17T02:59:22.432+0000] {processor.py:183} INFO - Processing /home/airflow/.local/lib/python3.11/site-packages/airflow/example_dags/example_task_group.py took 0.068 seconds
[2024-11-17T02:59:52.539+0000] {processor.py:161} INFO - Started process (PID=5103) to work on /home/airflow/.local/lib/python3.11/site-packages/airflow/example_dags/example_task_group.py
[2024-11-17T02:59:52.540+0000] {processor.py:830} INFO - Processing file /home/airflow/.local/lib/python3.11/site-packages/airflow/example_dags/example_task_group.py for tasks to queue
[2024-11-17T02:59:52.542+0000] {logging_mixin.py:188} INFO - [2024-11-17T02:59:52.542+0000] {dagbag.py:545} INFO - Filling up the DagBag from /home/airflow/.local/lib/python3.11/site-packages/airflow/example_dags/example_task_group.py
[2024-11-17T02:59:52.549+0000] {processor.py:840} INFO - DAG(s) 'example_task_group' retrieved from /home/airflow/.local/lib/python3.11/site-packages/airflow/example_dags/example_task_group.py
[2024-11-17T02:59:52.570+0000] {logging_mixin.py:188} INFO - [2024-11-17T02:59:52.569+0000] {dag.py:3096} INFO - Sync 1 DAGs
[2024-11-17T02:59:52.590+0000] {logging_mixin.py:188} INFO - [2024-11-17T02:59:52.590+0000] {dag.py:3954} INFO - Setting next_dagrun for example_task_group to 2024-11-16 00:00:00+00:00, run_after=2024-11-17 00:00:00+00:00
[2024-11-17T02:59:52.609+0000] {processor.py:183} INFO - Processing /home/airflow/.local/lib/python3.11/site-packages/airflow/example_dags/example_task_group.py took 0.075 seconds
[2024-11-17T03:00:22.787+0000] {processor.py:161} INFO - Started process (PID=5371) to work on /home/airflow/.local/lib/python3.11/site-packages/airflow/example_dags/example_task_group.py
[2024-11-17T03:00:22.788+0000] {processor.py:830} INFO - Processing file /home/airflow/.local/lib/python3.11/site-packages/airflow/example_dags/example_task_group.py for tasks to queue
[2024-11-17T03:00:22.789+0000] {logging_mixin.py:188} INFO - [2024-11-17T03:00:22.789+0000] {dagbag.py:545} INFO - Filling up the DagBag from /home/airflow/.local/lib/python3.11/site-packages/airflow/example_dags/example_task_group.py
[2024-11-17T03:00:22.795+0000] {processor.py:840} INFO - DAG(s) 'example_task_group' retrieved from /home/airflow/.local/lib/python3.11/site-packages/airflow/example_dags/example_task_group.py
[2024-11-17T03:00:22.813+0000] {logging_mixin.py:188} INFO - [2024-11-17T03:00:22.813+0000] {dag.py:3096} INFO - Sync 1 DAGs
[2024-11-17T03:00:22.831+0000] {logging_mixin.py:188} INFO - [2024-11-17T03:00:22.831+0000] {dag.py:3954} INFO - Setting next_dagrun for example_task_group to 2024-11-16 00:00:00+00:00, run_after=2024-11-17 00:00:00+00:00
[2024-11-17T03:00:22.849+0000] {processor.py:183} INFO - Processing /home/airflow/.local/lib/python3.11/site-packages/airflow/example_dags/example_task_group.py took 0.067 seconds
[2024-11-17T03:00:53.224+0000] {processor.py:161} INFO - Started process (PID=5637) to work on /home/airflow/.local/lib/python3.11/site-packages/airflow/example_dags/example_task_group.py
[2024-11-17T03:00:53.225+0000] {processor.py:830} INFO - Processing file /home/airflow/.local/lib/python3.11/site-packages/airflow/example_dags/example_task_group.py for tasks to queue
[2024-11-17T03:00:53.227+0000] {logging_mixin.py:188} INFO - [2024-11-17T03:00:53.227+0000] {dagbag.py:545} INFO - Filling up the DagBag from /home/airflow/.local/lib/python3.11/site-packages/airflow/example_dags/example_task_group.py
[2024-11-17T03:00:53.234+0000] {processor.py:840} INFO - DAG(s) 'example_task_group' retrieved from /home/airflow/.local/lib/python3.11/site-packages/airflow/example_dags/example_task_group.py
[2024-11-17T03:00:53.255+0000] {logging_mixin.py:188} INFO - [2024-11-17T03:00:53.255+0000] {dag.py:3096} INFO - Sync 1 DAGs
[2024-11-17T03:00:53.274+0000] {logging_mixin.py:188} INFO - [2024-11-17T03:00:53.273+0000] {dag.py:3954} INFO - Setting next_dagrun for example_task_group to 2024-11-16 00:00:00+00:00, run_after=2024-11-17 00:00:00+00:00
[2024-11-17T03:00:53.291+0000] {processor.py:183} INFO - Processing /home/airflow/.local/lib/python3.11/site-packages/airflow/example_dags/example_task_group.py took 0.073 seconds
[2024-11-17T03:01:24.273+0000] {processor.py:161} INFO - Started process (PID=5901) to work on /home/airflow/.local/lib/python3.11/site-packages/airflow/example_dags/example_task_group.py
[2024-11-17T03:01:24.274+0000] {processor.py:830} INFO - Processing file /home/airflow/.local/lib/python3.11/site-packages/airflow/example_dags/example_task_group.py for tasks to queue
[2024-11-17T03:01:24.276+0000] {logging_mixin.py:188} INFO - [2024-11-17T03:01:24.275+0000] {dagbag.py:545} INFO - Filling up the DagBag from /home/airflow/.local/lib/python3.11/site-packages/airflow/example_dags/example_task_group.py
[2024-11-17T03:01:24.283+0000] {processor.py:840} INFO - DAG(s) 'example_task_group' retrieved from /home/airflow/.local/lib/python3.11/site-packages/airflow/example_dags/example_task_group.py
[2024-11-17T03:01:24.301+0000] {logging_mixin.py:188} INFO - [2024-11-17T03:01:24.301+0000] {dag.py:3096} INFO - Sync 1 DAGs
[2024-11-17T03:01:24.321+0000] {logging_mixin.py:188} INFO - [2024-11-17T03:01:24.320+0000] {dag.py:3954} INFO - Setting next_dagrun for example_task_group to 2024-11-16 00:00:00+00:00, run_after=2024-11-17 00:00:00+00:00
[2024-11-17T03:01:24.338+0000] {processor.py:183} INFO - Processing /home/airflow/.local/lib/python3.11/site-packages/airflow/example_dags/example_task_group.py took 0.070 seconds
[2024-11-17T03:01:54.612+0000] {processor.py:161} INFO - Started process (PID=6169) to work on /home/airflow/.local/lib/python3.11/site-packages/airflow/example_dags/example_task_group.py
[2024-11-17T03:01:54.613+0000] {processor.py:830} INFO - Processing file /home/airflow/.local/lib/python3.11/site-packages/airflow/example_dags/example_task_group.py for tasks to queue
[2024-11-17T03:01:54.615+0000] {logging_mixin.py:188} INFO - [2024-11-17T03:01:54.615+0000] {dagbag.py:545} INFO - Filling up the DagBag from /home/airflow/.local/lib/python3.11/site-packages/airflow/example_dags/example_task_group.py
[2024-11-17T03:01:54.623+0000] {processor.py:840} INFO - DAG(s) 'example_task_group' retrieved from /home/airflow/.local/lib/python3.11/site-packages/airflow/example_dags/example_task_group.py
[2024-11-17T03:01:54.645+0000] {logging_mixin.py:188} INFO - [2024-11-17T03:01:54.645+0000] {dag.py:3096} INFO - Sync 1 DAGs
[2024-11-17T03:01:54.667+0000] {logging_mixin.py:188} INFO - [2024-11-17T03:01:54.667+0000] {dag.py:3954} INFO - Setting next_dagrun for example_task_group to 2024-11-16 00:00:00+00:00, run_after=2024-11-17 00:00:00+00:00
[2024-11-17T03:01:54.688+0000] {processor.py:183} INFO - Processing /home/airflow/.local/lib/python3.11/site-packages/airflow/example_dags/example_task_group.py took 0.082 seconds
[2024-11-17T03:02:24.815+0000] {processor.py:161} INFO - Started process (PID=6435) to work on /home/airflow/.local/lib/python3.11/site-packages/airflow/example_dags/example_task_group.py
[2024-11-17T03:02:24.816+0000] {processor.py:830} INFO - Processing file /home/airflow/.local/lib/python3.11/site-packages/airflow/example_dags/example_task_group.py for tasks to queue
[2024-11-17T03:02:24.818+0000] {logging_mixin.py:188} INFO - [2024-11-17T03:02:24.818+0000] {dagbag.py:545} INFO - Filling up the DagBag from /home/airflow/.local/lib/python3.11/site-packages/airflow/example_dags/example_task_group.py
[2024-11-17T03:02:24.825+0000] {processor.py:840} INFO - DAG(s) 'example_task_group' retrieved from /home/airflow/.local/lib/python3.11/site-packages/airflow/example_dags/example_task_group.py
[2024-11-17T03:02:24.843+0000] {logging_mixin.py:188} INFO - [2024-11-17T03:02:24.843+0000] {dag.py:3096} INFO - Sync 1 DAGs
[2024-11-17T03:02:24.862+0000] {logging_mixin.py:188} INFO - [2024-11-17T03:02:24.862+0000] {dag.py:3954} INFO - Setting next_dagrun for example_task_group to 2024-11-16 00:00:00+00:00, run_after=2024-11-17 00:00:00+00:00
[2024-11-17T03:02:24.879+0000] {processor.py:183} INFO - Processing /home/airflow/.local/lib/python3.11/site-packages/airflow/example_dags/example_task_group.py took 0.069 seconds
[2024-11-17T03:02:54.940+0000] {processor.py:161} INFO - Started process (PID=6701) to work on /home/airflow/.local/lib/python3.11/site-packages/airflow/example_dags/example_task_group.py
[2024-11-17T03:02:54.940+0000] {processor.py:830} INFO - Processing file /home/airflow/.local/lib/python3.11/site-packages/airflow/example_dags/example_task_group.py for tasks to queue
[2024-11-17T03:02:54.942+0000] {logging_mixin.py:188} INFO - [2024-11-17T03:02:54.942+0000] {dagbag.py:545} INFO - Filling up the DagBag from /home/airflow/.local/lib/python3.11/site-packages/airflow/example_dags/example_task_group.py
[2024-11-17T03:02:54.948+0000] {processor.py:840} INFO - DAG(s) 'example_task_group' retrieved from /home/airflow/.local/lib/python3.11/site-packages/airflow/example_dags/example_task_group.py
[2024-11-17T03:02:54.966+0000] {logging_mixin.py:188} INFO - [2024-11-17T03:02:54.965+0000] {dag.py:3096} INFO - Sync 1 DAGs
[2024-11-17T03:02:54.982+0000] {logging_mixin.py:188} INFO - [2024-11-17T03:02:54.982+0000] {dag.py:3954} INFO - Setting next_dagrun for example_task_group to 2024-11-16 00:00:00+00:00, run_after=2024-11-17 00:00:00+00:00
[2024-11-17T03:02:54.997+0000] {processor.py:183} INFO - Processing /home/airflow/.local/lib/python3.11/site-packages/airflow/example_dags/example_task_group.py took 0.063 seconds
[2024-11-17T03:03:25.306+0000] {processor.py:161} INFO - Started process (PID=6967) to work on /home/airflow/.local/lib/python3.11/site-packages/airflow/example_dags/example_task_group.py
[2024-11-17T03:03:25.307+0000] {processor.py:830} INFO - Processing file /home/airflow/.local/lib/python3.11/site-packages/airflow/example_dags/example_task_group.py for tasks to queue
[2024-11-17T03:03:25.309+0000] {logging_mixin.py:188} INFO - [2024-11-17T03:03:25.308+0000] {dagbag.py:545} INFO - Filling up the DagBag from /home/airflow/.local/lib/python3.11/site-packages/airflow/example_dags/example_task_group.py
[2024-11-17T03:03:25.315+0000] {processor.py:840} INFO - DAG(s) 'example_task_group' retrieved from /home/airflow/.local/lib/python3.11/site-packages/airflow/example_dags/example_task_group.py
[2024-11-17T03:03:25.333+0000] {logging_mixin.py:188} INFO - [2024-11-17T03:03:25.333+0000] {dag.py:3096} INFO - Sync 1 DAGs
[2024-11-17T03:03:25.350+0000] {logging_mixin.py:188} INFO - [2024-11-17T03:03:25.350+0000] {dag.py:3954} INFO - Setting next_dagrun for example_task_group to 2024-11-16 00:00:00+00:00, run_after=2024-11-17 00:00:00+00:00
[2024-11-17T03:03:25.366+0000] {processor.py:183} INFO - Processing /home/airflow/.local/lib/python3.11/site-packages/airflow/example_dags/example_task_group.py took 0.065 seconds
[2024-11-17T03:03:55.733+0000] {processor.py:161} INFO - Started process (PID=7233) to work on /home/airflow/.local/lib/python3.11/site-packages/airflow/example_dags/example_task_group.py
[2024-11-17T03:03:55.734+0000] {processor.py:830} INFO - Processing file /home/airflow/.local/lib/python3.11/site-packages/airflow/example_dags/example_task_group.py for tasks to queue
[2024-11-17T03:03:55.735+0000] {logging_mixin.py:188} INFO - [2024-11-17T03:03:55.735+0000] {dagbag.py:545} INFO - Filling up the DagBag from /home/airflow/.local/lib/python3.11/site-packages/airflow/example_dags/example_task_group.py
[2024-11-17T03:03:55.742+0000] {processor.py:840} INFO - DAG(s) 'example_task_group' retrieved from /home/airflow/.local/lib/python3.11/site-packages/airflow/example_dags/example_task_group.py
[2024-11-17T03:03:55.760+0000] {logging_mixin.py:188} INFO - [2024-11-17T03:03:55.760+0000] {dag.py:3096} INFO - Sync 1 DAGs
[2024-11-17T03:03:55.776+0000] {logging_mixin.py:188} INFO - [2024-11-17T03:03:55.776+0000] {dag.py:3954} INFO - Setting next_dagrun for example_task_group to 2024-11-16 00:00:00+00:00, run_after=2024-11-17 00:00:00+00:00
[2024-11-17T03:03:55.793+0000] {processor.py:183} INFO - Processing /home/airflow/.local/lib/python3.11/site-packages/airflow/example_dags/example_task_group.py took 0.066 seconds
[2024-11-17T03:04:26.628+0000] {processor.py:161} INFO - Started process (PID=7499) to work on /home/airflow/.local/lib/python3.11/site-packages/airflow/example_dags/example_task_group.py
[2024-11-17T03:04:26.629+0000] {processor.py:830} INFO - Processing file /home/airflow/.local/lib/python3.11/site-packages/airflow/example_dags/example_task_group.py for tasks to queue
[2024-11-17T03:04:26.631+0000] {logging_mixin.py:188} INFO - [2024-11-17T03:04:26.631+0000] {dagbag.py:545} INFO - Filling up the DagBag from /home/airflow/.local/lib/python3.11/site-packages/airflow/example_dags/example_task_group.py
[2024-11-17T03:04:26.637+0000] {processor.py:840} INFO - DAG(s) 'example_task_group' retrieved from /home/airflow/.local/lib/python3.11/site-packages/airflow/example_dags/example_task_group.py
[2024-11-17T03:04:26.654+0000] {logging_mixin.py:188} INFO - [2024-11-17T03:04:26.654+0000] {dag.py:3096} INFO - Sync 1 DAGs
[2024-11-17T03:04:26.672+0000] {logging_mixin.py:188} INFO - [2024-11-17T03:04:26.671+0000] {dag.py:3954} INFO - Setting next_dagrun for example_task_group to 2024-11-16 00:00:00+00:00, run_after=2024-11-17 00:00:00+00:00
[2024-11-17T03:04:26.689+0000] {processor.py:183} INFO - Processing /home/airflow/.local/lib/python3.11/site-packages/airflow/example_dags/example_task_group.py took 0.065 seconds
[2024-11-17T03:04:57.516+0000] {processor.py:161} INFO - Started process (PID=7763) to work on /home/airflow/.local/lib/python3.11/site-packages/airflow/example_dags/example_task_group.py
[2024-11-17T03:04:57.517+0000] {processor.py:830} INFO - Processing file /home/airflow/.local/lib/python3.11/site-packages/airflow/example_dags/example_task_group.py for tasks to queue
[2024-11-17T03:04:57.519+0000] {logging_mixin.py:188} INFO - [2024-11-17T03:04:57.518+0000] {dagbag.py:545} INFO - Filling up the DagBag from /home/airflow/.local/lib/python3.11/site-packages/airflow/example_dags/example_task_group.py
[2024-11-17T03:04:57.525+0000] {processor.py:840} INFO - DAG(s) 'example_task_group' retrieved from /home/airflow/.local/lib/python3.11/site-packages/airflow/example_dags/example_task_group.py
[2024-11-17T03:04:57.544+0000] {logging_mixin.py:188} INFO - [2024-11-17T03:04:57.544+0000] {dag.py:3096} INFO - Sync 1 DAGs
[2024-11-17T03:04:57.563+0000] {logging_mixin.py:188} INFO - [2024-11-17T03:04:57.563+0000] {dag.py:3954} INFO - Setting next_dagrun for example_task_group to 2024-11-16 00:00:00+00:00, run_after=2024-11-17 00:00:00+00:00
[2024-11-17T03:04:57.580+0000] {processor.py:183} INFO - Processing /home/airflow/.local/lib/python3.11/site-packages/airflow/example_dags/example_task_group.py took 0.070 seconds
[2024-11-17T03:05:27.759+0000] {processor.py:161} INFO - Started process (PID=8031) to work on /home/airflow/.local/lib/python3.11/site-packages/airflow/example_dags/example_task_group.py
[2024-11-17T03:05:27.760+0000] {processor.py:830} INFO - Processing file /home/airflow/.local/lib/python3.11/site-packages/airflow/example_dags/example_task_group.py for tasks to queue
[2024-11-17T03:05:27.762+0000] {logging_mixin.py:188} INFO - [2024-11-17T03:05:27.762+0000] {dagbag.py:545} INFO - Filling up the DagBag from /home/airflow/.local/lib/python3.11/site-packages/airflow/example_dags/example_task_group.py
[2024-11-17T03:05:27.768+0000] {processor.py:840} INFO - DAG(s) 'example_task_group' retrieved from /home/airflow/.local/lib/python3.11/site-packages/airflow/example_dags/example_task_group.py
[2024-11-17T03:05:27.786+0000] {logging_mixin.py:188} INFO - [2024-11-17T03:05:27.786+0000] {dag.py:3096} INFO - Sync 1 DAGs
[2024-11-17T03:05:27.804+0000] {logging_mixin.py:188} INFO - [2024-11-17T03:05:27.804+0000] {dag.py:3954} INFO - Setting next_dagrun for example_task_group to 2024-11-16 00:00:00+00:00, run_after=2024-11-17 00:00:00+00:00
[2024-11-17T03:05:27.823+0000] {processor.py:183} INFO - Processing /home/airflow/.local/lib/python3.11/site-packages/airflow/example_dags/example_task_group.py took 0.069 seconds
