[2024-11-17T02:50:41.689+0000] {processor.py:161} INFO - Started process (PID=365) to work on /home/airflow/.local/lib/python3.11/site-packages/airflow/example_dags/example_display_name.py
[2024-11-17T02:50:41.690+0000] {processor.py:830} INFO - Processing file /home/airflow/.local/lib/python3.11/site-packages/airflow/example_dags/example_display_name.py for tasks to queue
[2024-11-17T02:50:41.692+0000] {logging_mixin.py:188} INFO - [2024-11-17T02:50:41.691+0000] {dagbag.py:545} INFO - Filling up the DagBag from /home/airflow/.local/lib/python3.11/site-packages/airflow/example_dags/example_display_name.py
[2024-11-17T02:50:41.697+0000] {processor.py:840} INFO - DAG(s) 'example_display_name' retrieved from /home/airflow/.local/lib/python3.11/site-packages/airflow/example_dags/example_display_name.py
[2024-11-17T02:50:41.707+0000] {logging_mixin.py:188} INFO - [2024-11-17T02:50:41.707+0000] {dag.py:3096} INFO - Sync 1 DAGs
[2024-11-17T02:50:41.719+0000] {logging_mixin.py:188} INFO - [2024-11-17T02:50:41.718+0000] {dag.py:3954} INFO - Setting next_dagrun for example_display_name to None, run_after=None
[2024-11-17T02:50:41.735+0000] {processor.py:183} INFO - Processing /home/airflow/.local/lib/python3.11/site-packages/airflow/example_dags/example_display_name.py took 0.051 seconds
[2024-11-17T02:51:14.103+0000] {processor.py:161} INFO - Started process (PID=631) to work on /home/airflow/.local/lib/python3.11/site-packages/airflow/example_dags/example_display_name.py
[2024-11-17T02:51:14.104+0000] {processor.py:830} INFO - Processing file /home/airflow/.local/lib/python3.11/site-packages/airflow/example_dags/example_display_name.py for tasks to queue
[2024-11-17T02:51:14.106+0000] {logging_mixin.py:188} INFO - [2024-11-17T02:51:14.106+0000] {dagbag.py:545} INFO - Filling up the DagBag from /home/airflow/.local/lib/python3.11/site-packages/airflow/example_dags/example_display_name.py
[2024-11-17T02:51:14.112+0000] {processor.py:840} INFO - DAG(s) 'example_display_name' retrieved from /home/airflow/.local/lib/python3.11/site-packages/airflow/example_dags/example_display_name.py
[2024-11-17T02:51:14.219+0000] {logging_mixin.py:188} INFO - [2024-11-17T02:51:14.218+0000] {dag.py:3096} INFO - Sync 1 DAGs
[2024-11-17T02:51:14.229+0000] {logging_mixin.py:188} INFO - [2024-11-17T02:51:14.229+0000] {dag.py:3954} INFO - Setting next_dagrun for example_display_name to None, run_after=None
[2024-11-17T02:51:14.250+0000] {processor.py:183} INFO - Processing /home/airflow/.local/lib/python3.11/site-packages/airflow/example_dags/example_display_name.py took 0.152 seconds
[2024-11-17T02:51:44.450+0000] {processor.py:161} INFO - Started process (PID=897) to work on /home/airflow/.local/lib/python3.11/site-packages/airflow/example_dags/example_display_name.py
[2024-11-17T02:51:44.451+0000] {processor.py:830} INFO - Processing file /home/airflow/.local/lib/python3.11/site-packages/airflow/example_dags/example_display_name.py for tasks to queue
[2024-11-17T02:51:44.453+0000] {logging_mixin.py:188} INFO - [2024-11-17T02:51:44.452+0000] {dagbag.py:545} INFO - Filling up the DagBag from /home/airflow/.local/lib/python3.11/site-packages/airflow/example_dags/example_display_name.py
[2024-11-17T02:51:44.460+0000] {processor.py:840} INFO - DAG(s) 'example_display_name' retrieved from /home/airflow/.local/lib/python3.11/site-packages/airflow/example_dags/example_display_name.py
[2024-11-17T02:51:44.483+0000] {logging_mixin.py:188} INFO - [2024-11-17T02:51:44.482+0000] {dag.py:3096} INFO - Sync 1 DAGs
[2024-11-17T02:51:44.496+0000] {logging_mixin.py:188} INFO - [2024-11-17T02:51:44.496+0000] {dag.py:3954} INFO - Setting next_dagrun for example_display_name to None, run_after=None
[2024-11-17T02:51:44.520+0000] {processor.py:183} INFO - Processing /home/airflow/.local/lib/python3.11/site-packages/airflow/example_dags/example_display_name.py took 0.075 seconds
[2024-11-17T02:52:14.624+0000] {processor.py:161} INFO - Started process (PID=1163) to work on /home/airflow/.local/lib/python3.11/site-packages/airflow/example_dags/example_display_name.py
[2024-11-17T02:52:14.625+0000] {processor.py:830} INFO - Processing file /home/airflow/.local/lib/python3.11/site-packages/airflow/example_dags/example_display_name.py for tasks to queue
[2024-11-17T02:52:14.627+0000] {logging_mixin.py:188} INFO - [2024-11-17T02:52:14.626+0000] {dagbag.py:545} INFO - Filling up the DagBag from /home/airflow/.local/lib/python3.11/site-packages/airflow/example_dags/example_display_name.py
[2024-11-17T02:52:14.631+0000] {processor.py:840} INFO - DAG(s) 'example_display_name' retrieved from /home/airflow/.local/lib/python3.11/site-packages/airflow/example_dags/example_display_name.py
[2024-11-17T02:52:14.648+0000] {logging_mixin.py:188} INFO - [2024-11-17T02:52:14.648+0000] {dag.py:3096} INFO - Sync 1 DAGs
[2024-11-17T02:52:14.658+0000] {logging_mixin.py:188} INFO - [2024-11-17T02:52:14.658+0000] {dag.py:3954} INFO - Setting next_dagrun for example_display_name to None, run_after=None
[2024-11-17T02:52:14.674+0000] {processor.py:183} INFO - Processing /home/airflow/.local/lib/python3.11/site-packages/airflow/example_dags/example_display_name.py took 0.055 seconds
[2024-11-17T02:52:45.823+0000] {processor.py:161} INFO - Started process (PID=1431) to work on /home/airflow/.local/lib/python3.11/site-packages/airflow/example_dags/example_display_name.py
[2024-11-17T02:52:45.824+0000] {processor.py:830} INFO - Processing file /home/airflow/.local/lib/python3.11/site-packages/airflow/example_dags/example_display_name.py for tasks to queue
[2024-11-17T02:52:45.825+0000] {logging_mixin.py:188} INFO - [2024-11-17T02:52:45.825+0000] {dagbag.py:545} INFO - Filling up the DagBag from /home/airflow/.local/lib/python3.11/site-packages/airflow/example_dags/example_display_name.py
[2024-11-17T02:52:45.830+0000] {processor.py:840} INFO - DAG(s) 'example_display_name' retrieved from /home/airflow/.local/lib/python3.11/site-packages/airflow/example_dags/example_display_name.py
[2024-11-17T02:52:45.847+0000] {logging_mixin.py:188} INFO - [2024-11-17T02:52:45.847+0000] {dag.py:3096} INFO - Sync 1 DAGs
[2024-11-17T02:52:45.857+0000] {logging_mixin.py:188} INFO - [2024-11-17T02:52:45.857+0000] {dag.py:3954} INFO - Setting next_dagrun for example_display_name to None, run_after=None
[2024-11-17T02:52:45.872+0000] {processor.py:183} INFO - Processing /home/airflow/.local/lib/python3.11/site-packages/airflow/example_dags/example_display_name.py took 0.055 seconds
[2024-11-17T02:53:16.874+0000] {processor.py:161} INFO - Started process (PID=1695) to work on /home/airflow/.local/lib/python3.11/site-packages/airflow/example_dags/example_display_name.py
[2024-11-17T02:53:16.874+0000] {processor.py:830} INFO - Processing file /home/airflow/.local/lib/python3.11/site-packages/airflow/example_dags/example_display_name.py for tasks to queue
[2024-11-17T02:53:16.876+0000] {logging_mixin.py:188} INFO - [2024-11-17T02:53:16.876+0000] {dagbag.py:545} INFO - Filling up the DagBag from /home/airflow/.local/lib/python3.11/site-packages/airflow/example_dags/example_display_name.py
[2024-11-17T02:53:16.881+0000] {processor.py:840} INFO - DAG(s) 'example_display_name' retrieved from /home/airflow/.local/lib/python3.11/site-packages/airflow/example_dags/example_display_name.py
[2024-11-17T02:53:16.900+0000] {logging_mixin.py:188} INFO - [2024-11-17T02:53:16.900+0000] {dag.py:3096} INFO - Sync 1 DAGs
[2024-11-17T02:53:16.913+0000] {logging_mixin.py:188} INFO - [2024-11-17T02:53:16.912+0000] {dag.py:3954} INFO - Setting next_dagrun for example_display_name to None, run_after=None
[2024-11-17T02:53:16.932+0000] {processor.py:183} INFO - Processing /home/airflow/.local/lib/python3.11/site-packages/airflow/example_dags/example_display_name.py took 0.064 seconds
[2024-11-17T02:53:47.149+0000] {processor.py:161} INFO - Started process (PID=1961) to work on /home/airflow/.local/lib/python3.11/site-packages/airflow/example_dags/example_display_name.py
[2024-11-17T02:53:47.150+0000] {processor.py:830} INFO - Processing file /home/airflow/.local/lib/python3.11/site-packages/airflow/example_dags/example_display_name.py for tasks to queue
[2024-11-17T02:53:47.151+0000] {logging_mixin.py:188} INFO - [2024-11-17T02:53:47.151+0000] {dagbag.py:545} INFO - Filling up the DagBag from /home/airflow/.local/lib/python3.11/site-packages/airflow/example_dags/example_display_name.py
[2024-11-17T02:53:47.157+0000] {processor.py:840} INFO - DAG(s) 'example_display_name' retrieved from /home/airflow/.local/lib/python3.11/site-packages/airflow/example_dags/example_display_name.py
[2024-11-17T02:53:47.174+0000] {logging_mixin.py:188} INFO - [2024-11-17T02:53:47.174+0000] {dag.py:3096} INFO - Sync 1 DAGs
[2024-11-17T02:53:47.185+0000] {logging_mixin.py:188} INFO - [2024-11-17T02:53:47.184+0000] {dag.py:3954} INFO - Setting next_dagrun for example_display_name to None, run_after=None
[2024-11-17T02:53:47.204+0000] {processor.py:183} INFO - Processing /home/airflow/.local/lib/python3.11/site-packages/airflow/example_dags/example_display_name.py took 0.061 seconds
[2024-11-17T02:54:18.124+0000] {processor.py:161} INFO - Started process (PID=2227) to work on /home/airflow/.local/lib/python3.11/site-packages/airflow/example_dags/example_display_name.py
[2024-11-17T02:54:18.125+0000] {processor.py:830} INFO - Processing file /home/airflow/.local/lib/python3.11/site-packages/airflow/example_dags/example_display_name.py for tasks to queue
[2024-11-17T02:54:18.128+0000] {logging_mixin.py:188} INFO - [2024-11-17T02:54:18.127+0000] {dagbag.py:545} INFO - Filling up the DagBag from /home/airflow/.local/lib/python3.11/site-packages/airflow/example_dags/example_display_name.py
[2024-11-17T02:54:18.133+0000] {processor.py:840} INFO - DAG(s) 'example_display_name' retrieved from /home/airflow/.local/lib/python3.11/site-packages/airflow/example_dags/example_display_name.py
[2024-11-17T02:54:18.153+0000] {logging_mixin.py:188} INFO - [2024-11-17T02:54:18.152+0000] {dag.py:3096} INFO - Sync 1 DAGs
[2024-11-17T02:54:18.165+0000] {logging_mixin.py:188} INFO - [2024-11-17T02:54:18.165+0000] {dag.py:3954} INFO - Setting next_dagrun for example_display_name to None, run_after=None
[2024-11-17T02:54:18.186+0000] {processor.py:183} INFO - Processing /home/airflow/.local/lib/python3.11/site-packages/airflow/example_dags/example_display_name.py took 0.067 seconds
[2024-11-17T02:54:49.132+0000] {processor.py:161} INFO - Started process (PID=2493) to work on /home/airflow/.local/lib/python3.11/site-packages/airflow/example_dags/example_display_name.py
[2024-11-17T02:54:49.133+0000] {processor.py:830} INFO - Processing file /home/airflow/.local/lib/python3.11/site-packages/airflow/example_dags/example_display_name.py for tasks to queue
[2024-11-17T02:54:49.135+0000] {logging_mixin.py:188} INFO - [2024-11-17T02:54:49.135+0000] {dagbag.py:545} INFO - Filling up the DagBag from /home/airflow/.local/lib/python3.11/site-packages/airflow/example_dags/example_display_name.py
[2024-11-17T02:54:49.140+0000] {processor.py:840} INFO - DAG(s) 'example_display_name' retrieved from /home/airflow/.local/lib/python3.11/site-packages/airflow/example_dags/example_display_name.py
[2024-11-17T02:54:49.156+0000] {logging_mixin.py:188} INFO - [2024-11-17T02:54:49.155+0000] {dag.py:3096} INFO - Sync 1 DAGs
[2024-11-17T02:54:49.165+0000] {logging_mixin.py:188} INFO - [2024-11-17T02:54:49.165+0000] {dag.py:3954} INFO - Setting next_dagrun for example_display_name to None, run_after=None
[2024-11-17T02:54:49.179+0000] {processor.py:183} INFO - Processing /home/airflow/.local/lib/python3.11/site-packages/airflow/example_dags/example_display_name.py took 0.052 seconds
[2024-11-17T02:55:19.879+0000] {processor.py:161} INFO - Started process (PID=2759) to work on /home/airflow/.local/lib/python3.11/site-packages/airflow/example_dags/example_display_name.py
[2024-11-17T02:55:19.880+0000] {processor.py:830} INFO - Processing file /home/airflow/.local/lib/python3.11/site-packages/airflow/example_dags/example_display_name.py for tasks to queue
[2024-11-17T02:55:19.881+0000] {logging_mixin.py:188} INFO - [2024-11-17T02:55:19.881+0000] {dagbag.py:545} INFO - Filling up the DagBag from /home/airflow/.local/lib/python3.11/site-packages/airflow/example_dags/example_display_name.py
[2024-11-17T02:55:19.886+0000] {processor.py:840} INFO - DAG(s) 'example_display_name' retrieved from /home/airflow/.local/lib/python3.11/site-packages/airflow/example_dags/example_display_name.py
[2024-11-17T02:55:19.901+0000] {logging_mixin.py:188} INFO - [2024-11-17T02:55:19.901+0000] {dag.py:3096} INFO - Sync 1 DAGs
[2024-11-17T02:55:19.911+0000] {logging_mixin.py:188} INFO - [2024-11-17T02:55:19.911+0000] {dag.py:3954} INFO - Setting next_dagrun for example_display_name to None, run_after=None
[2024-11-17T02:55:19.927+0000] {processor.py:183} INFO - Processing /home/airflow/.local/lib/python3.11/site-packages/airflow/example_dags/example_display_name.py took 0.053 seconds
[2024-11-17T02:55:51.000+0000] {processor.py:161} INFO - Started process (PID=3025) to work on /home/airflow/.local/lib/python3.11/site-packages/airflow/example_dags/example_display_name.py
[2024-11-17T02:55:51.001+0000] {processor.py:830} INFO - Processing file /home/airflow/.local/lib/python3.11/site-packages/airflow/example_dags/example_display_name.py for tasks to queue
[2024-11-17T02:55:51.003+0000] {logging_mixin.py:188} INFO - [2024-11-17T02:55:51.003+0000] {dagbag.py:545} INFO - Filling up the DagBag from /home/airflow/.local/lib/python3.11/site-packages/airflow/example_dags/example_display_name.py
[2024-11-17T02:55:51.009+0000] {processor.py:840} INFO - DAG(s) 'example_display_name' retrieved from /home/airflow/.local/lib/python3.11/site-packages/airflow/example_dags/example_display_name.py
[2024-11-17T02:55:51.026+0000] {logging_mixin.py:188} INFO - [2024-11-17T02:55:51.026+0000] {dag.py:3096} INFO - Sync 1 DAGs
[2024-11-17T02:55:51.037+0000] {logging_mixin.py:188} INFO - [2024-11-17T02:55:51.037+0000] {dag.py:3954} INFO - Setting next_dagrun for example_display_name to None, run_after=None
[2024-11-17T02:55:51.054+0000] {processor.py:183} INFO - Processing /home/airflow/.local/lib/python3.11/site-packages/airflow/example_dags/example_display_name.py took 0.060 seconds
[2024-11-17T02:56:21.198+0000] {processor.py:161} INFO - Started process (PID=3291) to work on /home/airflow/.local/lib/python3.11/site-packages/airflow/example_dags/example_display_name.py
[2024-11-17T02:56:21.199+0000] {processor.py:830} INFO - Processing file /home/airflow/.local/lib/python3.11/site-packages/airflow/example_dags/example_display_name.py for tasks to queue
[2024-11-17T02:56:21.201+0000] {logging_mixin.py:188} INFO - [2024-11-17T02:56:21.201+0000] {dagbag.py:545} INFO - Filling up the DagBag from /home/airflow/.local/lib/python3.11/site-packages/airflow/example_dags/example_display_name.py
[2024-11-17T02:56:21.206+0000] {processor.py:840} INFO - DAG(s) 'example_display_name' retrieved from /home/airflow/.local/lib/python3.11/site-packages/airflow/example_dags/example_display_name.py
[2024-11-17T02:56:21.222+0000] {logging_mixin.py:188} INFO - [2024-11-17T02:56:21.222+0000] {dag.py:3096} INFO - Sync 1 DAGs
[2024-11-17T02:56:21.232+0000] {logging_mixin.py:188} INFO - [2024-11-17T02:56:21.232+0000] {dag.py:3954} INFO - Setting next_dagrun for example_display_name to None, run_after=None
[2024-11-17T02:56:21.250+0000] {processor.py:183} INFO - Processing /home/airflow/.local/lib/python3.11/site-packages/airflow/example_dags/example_display_name.py took 0.057 seconds
[2024-11-17T02:56:51.577+0000] {processor.py:161} INFO - Started process (PID=3557) to work on /home/airflow/.local/lib/python3.11/site-packages/airflow/example_dags/example_display_name.py
[2024-11-17T02:56:51.578+0000] {processor.py:830} INFO - Processing file /home/airflow/.local/lib/python3.11/site-packages/airflow/example_dags/example_display_name.py for tasks to queue
[2024-11-17T02:56:51.580+0000] {logging_mixin.py:188} INFO - [2024-11-17T02:56:51.580+0000] {dagbag.py:545} INFO - Filling up the DagBag from /home/airflow/.local/lib/python3.11/site-packages/airflow/example_dags/example_display_name.py
[2024-11-17T02:56:51.585+0000] {processor.py:840} INFO - DAG(s) 'example_display_name' retrieved from /home/airflow/.local/lib/python3.11/site-packages/airflow/example_dags/example_display_name.py
[2024-11-17T02:56:51.601+0000] {logging_mixin.py:188} INFO - [2024-11-17T02:56:51.601+0000] {dag.py:3096} INFO - Sync 1 DAGs
[2024-11-17T02:56:51.612+0000] {logging_mixin.py:188} INFO - [2024-11-17T02:56:51.612+0000] {dag.py:3954} INFO - Setting next_dagrun for example_display_name to None, run_after=None
[2024-11-17T02:56:51.629+0000] {processor.py:183} INFO - Processing /home/airflow/.local/lib/python3.11/site-packages/airflow/example_dags/example_display_name.py took 0.057 seconds
[2024-11-17T02:57:21.768+0000] {processor.py:161} INFO - Started process (PID=3823) to work on /home/airflow/.local/lib/python3.11/site-packages/airflow/example_dags/example_display_name.py
[2024-11-17T02:57:21.769+0000] {processor.py:830} INFO - Processing file /home/airflow/.local/lib/python3.11/site-packages/airflow/example_dags/example_display_name.py for tasks to queue
[2024-11-17T02:57:21.771+0000] {logging_mixin.py:188} INFO - [2024-11-17T02:57:21.770+0000] {dagbag.py:545} INFO - Filling up the DagBag from /home/airflow/.local/lib/python3.11/site-packages/airflow/example_dags/example_display_name.py
[2024-11-17T02:57:21.776+0000] {processor.py:840} INFO - DAG(s) 'example_display_name' retrieved from /home/airflow/.local/lib/python3.11/site-packages/airflow/example_dags/example_display_name.py
[2024-11-17T02:57:21.794+0000] {logging_mixin.py:188} INFO - [2024-11-17T02:57:21.794+0000] {dag.py:3096} INFO - Sync 1 DAGs
[2024-11-17T02:57:21.805+0000] {logging_mixin.py:188} INFO - [2024-11-17T02:57:21.804+0000] {dag.py:3954} INFO - Setting next_dagrun for example_display_name to None, run_after=None
[2024-11-17T02:57:21.821+0000] {processor.py:183} INFO - Processing /home/airflow/.local/lib/python3.11/site-packages/airflow/example_dags/example_display_name.py took 0.058 seconds
[2024-11-17T02:57:52.100+0000] {processor.py:161} INFO - Started process (PID=4089) to work on /home/airflow/.local/lib/python3.11/site-packages/airflow/example_dags/example_display_name.py
[2024-11-17T02:57:52.101+0000] {processor.py:830} INFO - Processing file /home/airflow/.local/lib/python3.11/site-packages/airflow/example_dags/example_display_name.py for tasks to queue
[2024-11-17T02:57:52.103+0000] {logging_mixin.py:188} INFO - [2024-11-17T02:57:52.102+0000] {dagbag.py:545} INFO - Filling up the DagBag from /home/airflow/.local/lib/python3.11/site-packages/airflow/example_dags/example_display_name.py
[2024-11-17T02:57:52.107+0000] {processor.py:840} INFO - DAG(s) 'example_display_name' retrieved from /home/airflow/.local/lib/python3.11/site-packages/airflow/example_dags/example_display_name.py
[2024-11-17T02:57:52.125+0000] {logging_mixin.py:188} INFO - [2024-11-17T02:57:52.124+0000] {dag.py:3096} INFO - Sync 1 DAGs
[2024-11-17T02:57:52.137+0000] {logging_mixin.py:188} INFO - [2024-11-17T02:57:52.136+0000] {dag.py:3954} INFO - Setting next_dagrun for example_display_name to None, run_after=None
[2024-11-17T02:57:52.153+0000] {processor.py:183} INFO - Processing /home/airflow/.local/lib/python3.11/site-packages/airflow/example_dags/example_display_name.py took 0.058 seconds
[2024-11-17T02:58:22.424+0000] {processor.py:161} INFO - Started process (PID=4357) to work on /home/airflow/.local/lib/python3.11/site-packages/airflow/example_dags/example_display_name.py
[2024-11-17T02:58:22.425+0000] {processor.py:830} INFO - Processing file /home/airflow/.local/lib/python3.11/site-packages/airflow/example_dags/example_display_name.py for tasks to queue
[2024-11-17T02:58:22.427+0000] {logging_mixin.py:188} INFO - [2024-11-17T02:58:22.426+0000] {dagbag.py:545} INFO - Filling up the DagBag from /home/airflow/.local/lib/python3.11/site-packages/airflow/example_dags/example_display_name.py
[2024-11-17T02:58:22.432+0000] {processor.py:840} INFO - DAG(s) 'example_display_name' retrieved from /home/airflow/.local/lib/python3.11/site-packages/airflow/example_dags/example_display_name.py
[2024-11-17T02:58:22.451+0000] {logging_mixin.py:188} INFO - [2024-11-17T02:58:22.451+0000] {dag.py:3096} INFO - Sync 1 DAGs
[2024-11-17T02:58:22.462+0000] {logging_mixin.py:188} INFO - [2024-11-17T02:58:22.462+0000] {dag.py:3954} INFO - Setting next_dagrun for example_display_name to None, run_after=None
[2024-11-17T02:58:22.477+0000] {processor.py:183} INFO - Processing /home/airflow/.local/lib/python3.11/site-packages/airflow/example_dags/example_display_name.py took 0.058 seconds
[2024-11-17T02:58:52.613+0000] {processor.py:161} INFO - Started process (PID=4621) to work on /home/airflow/.local/lib/python3.11/site-packages/airflow/example_dags/example_display_name.py
[2024-11-17T02:58:52.614+0000] {processor.py:830} INFO - Processing file /home/airflow/.local/lib/python3.11/site-packages/airflow/example_dags/example_display_name.py for tasks to queue
[2024-11-17T02:58:52.615+0000] {logging_mixin.py:188} INFO - [2024-11-17T02:58:52.615+0000] {dagbag.py:545} INFO - Filling up the DagBag from /home/airflow/.local/lib/python3.11/site-packages/airflow/example_dags/example_display_name.py
[2024-11-17T02:58:52.621+0000] {processor.py:840} INFO - DAG(s) 'example_display_name' retrieved from /home/airflow/.local/lib/python3.11/site-packages/airflow/example_dags/example_display_name.py
[2024-11-17T02:58:52.637+0000] {logging_mixin.py:188} INFO - [2024-11-17T02:58:52.637+0000] {dag.py:3096} INFO - Sync 1 DAGs
[2024-11-17T02:58:52.647+0000] {logging_mixin.py:188} INFO - [2024-11-17T02:58:52.647+0000] {dag.py:3954} INFO - Setting next_dagrun for example_display_name to None, run_after=None
[2024-11-17T02:58:52.664+0000] {processor.py:183} INFO - Processing /home/airflow/.local/lib/python3.11/site-packages/airflow/example_dags/example_display_name.py took 0.056 seconds
[2024-11-17T02:59:22.905+0000] {processor.py:161} INFO - Started process (PID=4889) to work on /home/airflow/.local/lib/python3.11/site-packages/airflow/example_dags/example_display_name.py
[2024-11-17T02:59:22.906+0000] {processor.py:830} INFO - Processing file /home/airflow/.local/lib/python3.11/site-packages/airflow/example_dags/example_display_name.py for tasks to queue
[2024-11-17T02:59:22.908+0000] {logging_mixin.py:188} INFO - [2024-11-17T02:59:22.908+0000] {dagbag.py:545} INFO - Filling up the DagBag from /home/airflow/.local/lib/python3.11/site-packages/airflow/example_dags/example_display_name.py
[2024-11-17T02:59:22.913+0000] {processor.py:840} INFO - DAG(s) 'example_display_name' retrieved from /home/airflow/.local/lib/python3.11/site-packages/airflow/example_dags/example_display_name.py
[2024-11-17T02:59:22.930+0000] {logging_mixin.py:188} INFO - [2024-11-17T02:59:22.929+0000] {dag.py:3096} INFO - Sync 1 DAGs
[2024-11-17T02:59:22.939+0000] {logging_mixin.py:188} INFO - [2024-11-17T02:59:22.939+0000] {dag.py:3954} INFO - Setting next_dagrun for example_display_name to None, run_after=None
[2024-11-17T02:59:22.954+0000] {processor.py:183} INFO - Processing /home/airflow/.local/lib/python3.11/site-packages/airflow/example_dags/example_display_name.py took 0.054 seconds
[2024-11-17T02:59:53.056+0000] {processor.py:161} INFO - Started process (PID=5153) to work on /home/airflow/.local/lib/python3.11/site-packages/airflow/example_dags/example_display_name.py
[2024-11-17T02:59:53.057+0000] {processor.py:830} INFO - Processing file /home/airflow/.local/lib/python3.11/site-packages/airflow/example_dags/example_display_name.py for tasks to queue
[2024-11-17T02:59:53.058+0000] {logging_mixin.py:188} INFO - [2024-11-17T02:59:53.058+0000] {dagbag.py:545} INFO - Filling up the DagBag from /home/airflow/.local/lib/python3.11/site-packages/airflow/example_dags/example_display_name.py
[2024-11-17T02:59:53.063+0000] {processor.py:840} INFO - DAG(s) 'example_display_name' retrieved from /home/airflow/.local/lib/python3.11/site-packages/airflow/example_dags/example_display_name.py
[2024-11-17T02:59:53.081+0000] {logging_mixin.py:188} INFO - [2024-11-17T02:59:53.081+0000] {dag.py:3096} INFO - Sync 1 DAGs
[2024-11-17T02:59:53.093+0000] {logging_mixin.py:188} INFO - [2024-11-17T02:59:53.093+0000] {dag.py:3954} INFO - Setting next_dagrun for example_display_name to None, run_after=None
[2024-11-17T02:59:53.109+0000] {processor.py:183} INFO - Processing /home/airflow/.local/lib/python3.11/site-packages/airflow/example_dags/example_display_name.py took 0.059 seconds
[2024-11-17T03:00:23.539+0000] {processor.py:161} INFO - Started process (PID=5421) to work on /home/airflow/.local/lib/python3.11/site-packages/airflow/example_dags/example_display_name.py
[2024-11-17T03:00:23.540+0000] {processor.py:830} INFO - Processing file /home/airflow/.local/lib/python3.11/site-packages/airflow/example_dags/example_display_name.py for tasks to queue
[2024-11-17T03:00:23.543+0000] {logging_mixin.py:188} INFO - [2024-11-17T03:00:23.542+0000] {dagbag.py:545} INFO - Filling up the DagBag from /home/airflow/.local/lib/python3.11/site-packages/airflow/example_dags/example_display_name.py
[2024-11-17T03:00:23.551+0000] {processor.py:840} INFO - DAG(s) 'example_display_name' retrieved from /home/airflow/.local/lib/python3.11/site-packages/airflow/example_dags/example_display_name.py
[2024-11-17T03:00:23.576+0000] {logging_mixin.py:188} INFO - [2024-11-17T03:00:23.576+0000] {dag.py:3096} INFO - Sync 1 DAGs
[2024-11-17T03:00:23.594+0000] {logging_mixin.py:188} INFO - [2024-11-17T03:00:23.594+0000] {dag.py:3954} INFO - Setting next_dagrun for example_display_name to None, run_after=None
[2024-11-17T03:00:23.614+0000] {processor.py:183} INFO - Processing /home/airflow/.local/lib/python3.11/site-packages/airflow/example_dags/example_display_name.py took 0.083 seconds
[2024-11-17T03:00:53.853+0000] {processor.py:161} INFO - Started process (PID=5685) to work on /home/airflow/.local/lib/python3.11/site-packages/airflow/example_dags/example_display_name.py
[2024-11-17T03:00:53.855+0000] {processor.py:830} INFO - Processing file /home/airflow/.local/lib/python3.11/site-packages/airflow/example_dags/example_display_name.py for tasks to queue
[2024-11-17T03:00:53.857+0000] {logging_mixin.py:188} INFO - [2024-11-17T03:00:53.856+0000] {dagbag.py:545} INFO - Filling up the DagBag from /home/airflow/.local/lib/python3.11/site-packages/airflow/example_dags/example_display_name.py
[2024-11-17T03:00:53.863+0000] {processor.py:840} INFO - DAG(s) 'example_display_name' retrieved from /home/airflow/.local/lib/python3.11/site-packages/airflow/example_dags/example_display_name.py
[2024-11-17T03:00:53.884+0000] {logging_mixin.py:188} INFO - [2024-11-17T03:00:53.884+0000] {dag.py:3096} INFO - Sync 1 DAGs
[2024-11-17T03:00:53.898+0000] {logging_mixin.py:188} INFO - [2024-11-17T03:00:53.897+0000] {dag.py:3954} INFO - Setting next_dagrun for example_display_name to None, run_after=None
[2024-11-17T03:00:53.917+0000] {processor.py:183} INFO - Processing /home/airflow/.local/lib/python3.11/site-packages/airflow/example_dags/example_display_name.py took 0.071 seconds
[2024-11-17T03:01:24.762+0000] {processor.py:161} INFO - Started process (PID=5951) to work on /home/airflow/.local/lib/python3.11/site-packages/airflow/example_dags/example_display_name.py
[2024-11-17T03:01:24.763+0000] {processor.py:830} INFO - Processing file /home/airflow/.local/lib/python3.11/site-packages/airflow/example_dags/example_display_name.py for tasks to queue
[2024-11-17T03:01:24.765+0000] {logging_mixin.py:188} INFO - [2024-11-17T03:01:24.765+0000] {dagbag.py:545} INFO - Filling up the DagBag from /home/airflow/.local/lib/python3.11/site-packages/airflow/example_dags/example_display_name.py
[2024-11-17T03:01:24.770+0000] {processor.py:840} INFO - DAG(s) 'example_display_name' retrieved from /home/airflow/.local/lib/python3.11/site-packages/airflow/example_dags/example_display_name.py
[2024-11-17T03:01:24.788+0000] {logging_mixin.py:188} INFO - [2024-11-17T03:01:24.787+0000] {dag.py:3096} INFO - Sync 1 DAGs
[2024-11-17T03:01:24.797+0000] {logging_mixin.py:188} INFO - [2024-11-17T03:01:24.797+0000] {dag.py:3954} INFO - Setting next_dagrun for example_display_name to None, run_after=None
[2024-11-17T03:01:24.814+0000] {processor.py:183} INFO - Processing /home/airflow/.local/lib/python3.11/site-packages/airflow/example_dags/example_display_name.py took 0.058 seconds
[2024-11-17T03:01:55.309+0000] {processor.py:161} INFO - Started process (PID=6217) to work on /home/airflow/.local/lib/python3.11/site-packages/airflow/example_dags/example_display_name.py
[2024-11-17T03:01:55.310+0000] {processor.py:830} INFO - Processing file /home/airflow/.local/lib/python3.11/site-packages/airflow/example_dags/example_display_name.py for tasks to queue
[2024-11-17T03:01:55.313+0000] {logging_mixin.py:188} INFO - [2024-11-17T03:01:55.312+0000] {dagbag.py:545} INFO - Filling up the DagBag from /home/airflow/.local/lib/python3.11/site-packages/airflow/example_dags/example_display_name.py
[2024-11-17T03:01:55.321+0000] {processor.py:840} INFO - DAG(s) 'example_display_name' retrieved from /home/airflow/.local/lib/python3.11/site-packages/airflow/example_dags/example_display_name.py
[2024-11-17T03:01:55.361+0000] {logging_mixin.py:188} INFO - [2024-11-17T03:01:55.361+0000] {dag.py:3096} INFO - Sync 1 DAGs
[2024-11-17T03:01:55.382+0000] {logging_mixin.py:188} INFO - [2024-11-17T03:01:55.382+0000] {dag.py:3954} INFO - Setting next_dagrun for example_display_name to None, run_after=None
[2024-11-17T03:01:55.424+0000] {processor.py:183} INFO - Processing /home/airflow/.local/lib/python3.11/site-packages/airflow/example_dags/example_display_name.py took 0.121 seconds
[2024-11-17T03:02:25.543+0000] {processor.py:161} INFO - Started process (PID=6485) to work on /home/airflow/.local/lib/python3.11/site-packages/airflow/example_dags/example_display_name.py
[2024-11-17T03:02:25.544+0000] {processor.py:830} INFO - Processing file /home/airflow/.local/lib/python3.11/site-packages/airflow/example_dags/example_display_name.py for tasks to queue
[2024-11-17T03:02:25.546+0000] {logging_mixin.py:188} INFO - [2024-11-17T03:02:25.546+0000] {dagbag.py:545} INFO - Filling up the DagBag from /home/airflow/.local/lib/python3.11/site-packages/airflow/example_dags/example_display_name.py
[2024-11-17T03:02:25.551+0000] {processor.py:840} INFO - DAG(s) 'example_display_name' retrieved from /home/airflow/.local/lib/python3.11/site-packages/airflow/example_dags/example_display_name.py
[2024-11-17T03:02:25.570+0000] {logging_mixin.py:188} INFO - [2024-11-17T03:02:25.570+0000] {dag.py:3096} INFO - Sync 1 DAGs
[2024-11-17T03:02:25.582+0000] {logging_mixin.py:188} INFO - [2024-11-17T03:02:25.582+0000] {dag.py:3954} INFO - Setting next_dagrun for example_display_name to None, run_after=None
[2024-11-17T03:02:25.598+0000] {processor.py:183} INFO - Processing /home/airflow/.local/lib/python3.11/site-packages/airflow/example_dags/example_display_name.py took 0.060 seconds
[2024-11-17T03:02:56.498+0000] {processor.py:161} INFO - Started process (PID=6749) to work on /home/airflow/.local/lib/python3.11/site-packages/airflow/example_dags/example_display_name.py
[2024-11-17T03:02:56.499+0000] {processor.py:830} INFO - Processing file /home/airflow/.local/lib/python3.11/site-packages/airflow/example_dags/example_display_name.py for tasks to queue
[2024-11-17T03:02:56.500+0000] {logging_mixin.py:188} INFO - [2024-11-17T03:02:56.500+0000] {dagbag.py:545} INFO - Filling up the DagBag from /home/airflow/.local/lib/python3.11/site-packages/airflow/example_dags/example_display_name.py
[2024-11-17T03:02:56.505+0000] {processor.py:840} INFO - DAG(s) 'example_display_name' retrieved from /home/airflow/.local/lib/python3.11/site-packages/airflow/example_dags/example_display_name.py
[2024-11-17T03:02:56.522+0000] {logging_mixin.py:188} INFO - [2024-11-17T03:02:56.522+0000] {dag.py:3096} INFO - Sync 1 DAGs
[2024-11-17T03:02:56.533+0000] {logging_mixin.py:188} INFO - [2024-11-17T03:02:56.533+0000] {dag.py:3954} INFO - Setting next_dagrun for example_display_name to None, run_after=None
[2024-11-17T03:02:56.548+0000] {processor.py:183} INFO - Processing /home/airflow/.local/lib/python3.11/site-packages/airflow/example_dags/example_display_name.py took 0.055 seconds
[2024-11-17T03:03:26.728+0000] {processor.py:161} INFO - Started process (PID=7010) to work on /home/airflow/.local/lib/python3.11/site-packages/airflow/example_dags/example_display_name.py
[2024-11-17T03:03:26.729+0000] {processor.py:830} INFO - Processing file /home/airflow/.local/lib/python3.11/site-packages/airflow/example_dags/example_display_name.py for tasks to queue
[2024-11-17T03:03:26.731+0000] {logging_mixin.py:188} INFO - [2024-11-17T03:03:26.731+0000] {dagbag.py:545} INFO - Filling up the DagBag from /home/airflow/.local/lib/python3.11/site-packages/airflow/example_dags/example_display_name.py
[2024-11-17T03:03:26.736+0000] {processor.py:840} INFO - DAG(s) 'example_display_name' retrieved from /home/airflow/.local/lib/python3.11/site-packages/airflow/example_dags/example_display_name.py
[2024-11-17T03:03:26.755+0000] {logging_mixin.py:188} INFO - [2024-11-17T03:03:26.755+0000] {dag.py:3096} INFO - Sync 1 DAGs
[2024-11-17T03:03:26.766+0000] {logging_mixin.py:188} INFO - [2024-11-17T03:03:26.766+0000] {dag.py:3954} INFO - Setting next_dagrun for example_display_name to None, run_after=None
[2024-11-17T03:03:26.784+0000] {processor.py:183} INFO - Processing /home/airflow/.local/lib/python3.11/site-packages/airflow/example_dags/example_display_name.py took 0.062 seconds
[2024-11-17T03:03:57.228+0000] {processor.py:161} INFO - Started process (PID=7281) to work on /home/airflow/.local/lib/python3.11/site-packages/airflow/example_dags/example_display_name.py
[2024-11-17T03:03:57.229+0000] {processor.py:830} INFO - Processing file /home/airflow/.local/lib/python3.11/site-packages/airflow/example_dags/example_display_name.py for tasks to queue
[2024-11-17T03:03:57.231+0000] {logging_mixin.py:188} INFO - [2024-11-17T03:03:57.230+0000] {dagbag.py:545} INFO - Filling up the DagBag from /home/airflow/.local/lib/python3.11/site-packages/airflow/example_dags/example_display_name.py
[2024-11-17T03:03:57.235+0000] {processor.py:840} INFO - DAG(s) 'example_display_name' retrieved from /home/airflow/.local/lib/python3.11/site-packages/airflow/example_dags/example_display_name.py
[2024-11-17T03:03:57.253+0000] {logging_mixin.py:188} INFO - [2024-11-17T03:03:57.253+0000] {dag.py:3096} INFO - Sync 1 DAGs
[2024-11-17T03:03:57.264+0000] {logging_mixin.py:188} INFO - [2024-11-17T03:03:57.264+0000] {dag.py:3954} INFO - Setting next_dagrun for example_display_name to None, run_after=None
[2024-11-17T03:03:57.283+0000] {processor.py:183} INFO - Processing /home/airflow/.local/lib/python3.11/site-packages/airflow/example_dags/example_display_name.py took 0.060 seconds
[2024-11-17T03:04:28.184+0000] {processor.py:161} INFO - Started process (PID=7547) to work on /home/airflow/.local/lib/python3.11/site-packages/airflow/example_dags/example_display_name.py
[2024-11-17T03:04:28.185+0000] {processor.py:830} INFO - Processing file /home/airflow/.local/lib/python3.11/site-packages/airflow/example_dags/example_display_name.py for tasks to queue
[2024-11-17T03:04:28.186+0000] {logging_mixin.py:188} INFO - [2024-11-17T03:04:28.186+0000] {dagbag.py:545} INFO - Filling up the DagBag from /home/airflow/.local/lib/python3.11/site-packages/airflow/example_dags/example_display_name.py
[2024-11-17T03:04:28.191+0000] {processor.py:840} INFO - DAG(s) 'example_display_name' retrieved from /home/airflow/.local/lib/python3.11/site-packages/airflow/example_dags/example_display_name.py
[2024-11-17T03:04:28.207+0000] {logging_mixin.py:188} INFO - [2024-11-17T03:04:28.207+0000] {dag.py:3096} INFO - Sync 1 DAGs
[2024-11-17T03:04:28.217+0000] {logging_mixin.py:188} INFO - [2024-11-17T03:04:28.217+0000] {dag.py:3954} INFO - Setting next_dagrun for example_display_name to None, run_after=None
[2024-11-17T03:04:28.233+0000] {processor.py:183} INFO - Processing /home/airflow/.local/lib/python3.11/site-packages/airflow/example_dags/example_display_name.py took 0.054 seconds
[2024-11-17T03:04:59.117+0000] {processor.py:161} INFO - Started process (PID=7815) to work on /home/airflow/.local/lib/python3.11/site-packages/airflow/example_dags/example_display_name.py
[2024-11-17T03:04:59.119+0000] {processor.py:830} INFO - Processing file /home/airflow/.local/lib/python3.11/site-packages/airflow/example_dags/example_display_name.py for tasks to queue
[2024-11-17T03:04:59.122+0000] {logging_mixin.py:188} INFO - [2024-11-17T03:04:59.121+0000] {dagbag.py:545} INFO - Filling up the DagBag from /home/airflow/.local/lib/python3.11/site-packages/airflow/example_dags/example_display_name.py
[2024-11-17T03:04:59.130+0000] {processor.py:840} INFO - DAG(s) 'example_display_name' retrieved from /home/airflow/.local/lib/python3.11/site-packages/airflow/example_dags/example_display_name.py
[2024-11-17T03:04:59.161+0000] {logging_mixin.py:188} INFO - [2024-11-17T03:04:59.160+0000] {dag.py:3096} INFO - Sync 1 DAGs
[2024-11-17T03:04:59.182+0000] {logging_mixin.py:188} INFO - [2024-11-17T03:04:59.181+0000] {dag.py:3954} INFO - Setting next_dagrun for example_display_name to None, run_after=None
[2024-11-17T03:04:59.206+0000] {processor.py:183} INFO - Processing /home/airflow/.local/lib/python3.11/site-packages/airflow/example_dags/example_display_name.py took 0.095 seconds
[2024-11-17T03:05:29.451+0000] {processor.py:161} INFO - Started process (PID=8081) to work on /home/airflow/.local/lib/python3.11/site-packages/airflow/example_dags/example_display_name.py
[2024-11-17T03:05:29.452+0000] {processor.py:830} INFO - Processing file /home/airflow/.local/lib/python3.11/site-packages/airflow/example_dags/example_display_name.py for tasks to queue
[2024-11-17T03:05:29.453+0000] {logging_mixin.py:188} INFO - [2024-11-17T03:05:29.453+0000] {dagbag.py:545} INFO - Filling up the DagBag from /home/airflow/.local/lib/python3.11/site-packages/airflow/example_dags/example_display_name.py
[2024-11-17T03:05:29.458+0000] {processor.py:840} INFO - DAG(s) 'example_display_name' retrieved from /home/airflow/.local/lib/python3.11/site-packages/airflow/example_dags/example_display_name.py
[2024-11-17T03:05:29.475+0000] {logging_mixin.py:188} INFO - [2024-11-17T03:05:29.475+0000] {dag.py:3096} INFO - Sync 1 DAGs
[2024-11-17T03:05:29.485+0000] {logging_mixin.py:188} INFO - [2024-11-17T03:05:29.485+0000] {dag.py:3954} INFO - Setting next_dagrun for example_display_name to None, run_after=None
[2024-11-17T03:05:29.503+0000] {processor.py:183} INFO - Processing /home/airflow/.local/lib/python3.11/site-packages/airflow/example_dags/example_display_name.py took 0.057 seconds
