[2024-11-17T02:50:40.063+0000] {processor.py:161} INFO - Started process (PID=214) to work on /home/airflow/.local/lib/python3.11/site-packages/airflow/example_dags/example_skip_dag.py
[2024-11-17T02:50:40.064+0000] {processor.py:830} INFO - Processing file /home/airflow/.local/lib/python3.11/site-packages/airflow/example_dags/example_skip_dag.py for tasks to queue
[2024-11-17T02:50:40.066+0000] {logging_mixin.py:188} INFO - [2024-11-17T02:50:40.065+0000] {dagbag.py:545} INFO - Filling up the DagBag from /home/airflow/.local/lib/python3.11/site-packages/airflow/example_dags/example_skip_dag.py
[2024-11-17T02:50:40.073+0000] {processor.py:840} INFO - DAG(s) 'example_skip_dag' retrieved from /home/airflow/.local/lib/python3.11/site-packages/airflow/example_dags/example_skip_dag.py
[2024-11-17T02:50:40.084+0000] {logging_mixin.py:188} INFO - [2024-11-17T02:50:40.084+0000] {dag.py:3096} INFO - Sync 1 DAGs
[2024-11-17T02:50:40.104+0000] {logging_mixin.py:188} INFO - [2024-11-17T02:50:40.103+0000] {dag.py:3954} INFO - Setting next_dagrun for example_skip_dag to 2024-11-16 00:00:00+00:00, run_after=2024-11-17 00:00:00+00:00
[2024-11-17T02:50:40.120+0000] {processor.py:183} INFO - Processing /home/airflow/.local/lib/python3.11/site-packages/airflow/example_dags/example_skip_dag.py took 0.061 seconds
[2024-11-17T02:51:11.595+0000] {processor.py:161} INFO - Started process (PID=486) to work on /home/airflow/.local/lib/python3.11/site-packages/airflow/example_dags/example_skip_dag.py
[2024-11-17T02:51:11.596+0000] {processor.py:830} INFO - Processing file /home/airflow/.local/lib/python3.11/site-packages/airflow/example_dags/example_skip_dag.py for tasks to queue
[2024-11-17T02:51:11.597+0000] {logging_mixin.py:188} INFO - [2024-11-17T02:51:11.597+0000] {dagbag.py:545} INFO - Filling up the DagBag from /home/airflow/.local/lib/python3.11/site-packages/airflow/example_dags/example_skip_dag.py
[2024-11-17T02:51:11.603+0000] {processor.py:840} INFO - DAG(s) 'example_skip_dag' retrieved from /home/airflow/.local/lib/python3.11/site-packages/airflow/example_dags/example_skip_dag.py
[2024-11-17T02:51:11.708+0000] {logging_mixin.py:188} INFO - [2024-11-17T02:51:11.708+0000] {dag.py:3096} INFO - Sync 1 DAGs
[2024-11-17T02:51:11.729+0000] {logging_mixin.py:188} INFO - [2024-11-17T02:51:11.729+0000] {dag.py:3954} INFO - Setting next_dagrun for example_skip_dag to 2024-11-16 00:00:00+00:00, run_after=2024-11-17 00:00:00+00:00
[2024-11-17T02:51:11.753+0000] {processor.py:183} INFO - Processing /home/airflow/.local/lib/python3.11/site-packages/airflow/example_dags/example_skip_dag.py took 0.163 seconds
[2024-11-17T02:51:41.808+0000] {processor.py:161} INFO - Started process (PID=752) to work on /home/airflow/.local/lib/python3.11/site-packages/airflow/example_dags/example_skip_dag.py
[2024-11-17T02:51:41.809+0000] {processor.py:830} INFO - Processing file /home/airflow/.local/lib/python3.11/site-packages/airflow/example_dags/example_skip_dag.py for tasks to queue
[2024-11-17T02:51:41.811+0000] {logging_mixin.py:188} INFO - [2024-11-17T02:51:41.811+0000] {dagbag.py:545} INFO - Filling up the DagBag from /home/airflow/.local/lib/python3.11/site-packages/airflow/example_dags/example_skip_dag.py
[2024-11-17T02:51:41.817+0000] {processor.py:840} INFO - DAG(s) 'example_skip_dag' retrieved from /home/airflow/.local/lib/python3.11/site-packages/airflow/example_dags/example_skip_dag.py
[2024-11-17T02:51:41.848+0000] {logging_mixin.py:188} INFO - [2024-11-17T02:51:41.848+0000] {dag.py:3096} INFO - Sync 1 DAGs
[2024-11-17T02:51:41.876+0000] {logging_mixin.py:188} INFO - [2024-11-17T02:51:41.876+0000] {dag.py:3954} INFO - Setting next_dagrun for example_skip_dag to 2024-11-16 00:00:00+00:00, run_after=2024-11-17 00:00:00+00:00
[2024-11-17T02:51:41.897+0000] {processor.py:183} INFO - Processing /home/airflow/.local/lib/python3.11/site-packages/airflow/example_dags/example_skip_dag.py took 0.093 seconds
[2024-11-17T02:52:12.887+0000] {processor.py:161} INFO - Started process (PID=1018) to work on /home/airflow/.local/lib/python3.11/site-packages/airflow/example_dags/example_skip_dag.py
[2024-11-17T02:52:12.888+0000] {processor.py:830} INFO - Processing file /home/airflow/.local/lib/python3.11/site-packages/airflow/example_dags/example_skip_dag.py for tasks to queue
[2024-11-17T02:52:12.890+0000] {logging_mixin.py:188} INFO - [2024-11-17T02:52:12.890+0000] {dagbag.py:545} INFO - Filling up the DagBag from /home/airflow/.local/lib/python3.11/site-packages/airflow/example_dags/example_skip_dag.py
[2024-11-17T02:52:12.896+0000] {processor.py:840} INFO - DAG(s) 'example_skip_dag' retrieved from /home/airflow/.local/lib/python3.11/site-packages/airflow/example_dags/example_skip_dag.py
[2024-11-17T02:52:12.916+0000] {logging_mixin.py:188} INFO - [2024-11-17T02:52:12.916+0000] {dag.py:3096} INFO - Sync 1 DAGs
[2024-11-17T02:52:12.942+0000] {logging_mixin.py:188} INFO - [2024-11-17T02:52:12.942+0000] {dag.py:3954} INFO - Setting next_dagrun for example_skip_dag to 2024-11-16 00:00:00+00:00, run_after=2024-11-17 00:00:00+00:00
[2024-11-17T02:52:12.961+0000] {processor.py:183} INFO - Processing /home/airflow/.local/lib/python3.11/site-packages/airflow/example_dags/example_skip_dag.py took 0.079 seconds
[2024-11-17T02:52:44.000+0000] {processor.py:161} INFO - Started process (PID=1284) to work on /home/airflow/.local/lib/python3.11/site-packages/airflow/example_dags/example_skip_dag.py
[2024-11-17T02:52:44.001+0000] {processor.py:830} INFO - Processing file /home/airflow/.local/lib/python3.11/site-packages/airflow/example_dags/example_skip_dag.py for tasks to queue
[2024-11-17T02:52:44.003+0000] {logging_mixin.py:188} INFO - [2024-11-17T02:52:44.003+0000] {dagbag.py:545} INFO - Filling up the DagBag from /home/airflow/.local/lib/python3.11/site-packages/airflow/example_dags/example_skip_dag.py
[2024-11-17T02:52:44.009+0000] {processor.py:840} INFO - DAG(s) 'example_skip_dag' retrieved from /home/airflow/.local/lib/python3.11/site-packages/airflow/example_dags/example_skip_dag.py
[2024-11-17T02:52:44.029+0000] {logging_mixin.py:188} INFO - [2024-11-17T02:52:44.029+0000] {dag.py:3096} INFO - Sync 1 DAGs
[2024-11-17T02:52:44.050+0000] {logging_mixin.py:188} INFO - [2024-11-17T02:52:44.050+0000] {dag.py:3954} INFO - Setting next_dagrun for example_skip_dag to 2024-11-16 00:00:00+00:00, run_after=2024-11-17 00:00:00+00:00
[2024-11-17T02:52:44.068+0000] {processor.py:183} INFO - Processing /home/airflow/.local/lib/python3.11/site-packages/airflow/example_dags/example_skip_dag.py took 0.074 seconds
[2024-11-17T02:53:15.122+0000] {processor.py:161} INFO - Started process (PID=1550) to work on /home/airflow/.local/lib/python3.11/site-packages/airflow/example_dags/example_skip_dag.py
[2024-11-17T02:53:15.123+0000] {processor.py:830} INFO - Processing file /home/airflow/.local/lib/python3.11/site-packages/airflow/example_dags/example_skip_dag.py for tasks to queue
[2024-11-17T02:53:15.125+0000] {logging_mixin.py:188} INFO - [2024-11-17T02:53:15.124+0000] {dagbag.py:545} INFO - Filling up the DagBag from /home/airflow/.local/lib/python3.11/site-packages/airflow/example_dags/example_skip_dag.py
[2024-11-17T02:53:15.130+0000] {processor.py:840} INFO - DAG(s) 'example_skip_dag' retrieved from /home/airflow/.local/lib/python3.11/site-packages/airflow/example_dags/example_skip_dag.py
[2024-11-17T02:53:15.148+0000] {logging_mixin.py:188} INFO - [2024-11-17T02:53:15.148+0000] {dag.py:3096} INFO - Sync 1 DAGs
[2024-11-17T02:53:15.168+0000] {logging_mixin.py:188} INFO - [2024-11-17T02:53:15.168+0000] {dag.py:3954} INFO - Setting next_dagrun for example_skip_dag to 2024-11-16 00:00:00+00:00, run_after=2024-11-17 00:00:00+00:00
[2024-11-17T02:53:15.187+0000] {processor.py:183} INFO - Processing /home/airflow/.local/lib/python3.11/site-packages/airflow/example_dags/example_skip_dag.py took 0.070 seconds
[2024-11-17T02:53:45.541+0000] {processor.py:161} INFO - Started process (PID=1818) to work on /home/airflow/.local/lib/python3.11/site-packages/airflow/example_dags/example_skip_dag.py
[2024-11-17T02:53:45.543+0000] {processor.py:830} INFO - Processing file /home/airflow/.local/lib/python3.11/site-packages/airflow/example_dags/example_skip_dag.py for tasks to queue
[2024-11-17T02:53:45.544+0000] {logging_mixin.py:188} INFO - [2024-11-17T02:53:45.544+0000] {dagbag.py:545} INFO - Filling up the DagBag from /home/airflow/.local/lib/python3.11/site-packages/airflow/example_dags/example_skip_dag.py
[2024-11-17T02:53:45.550+0000] {processor.py:840} INFO - DAG(s) 'example_skip_dag' retrieved from /home/airflow/.local/lib/python3.11/site-packages/airflow/example_dags/example_skip_dag.py
[2024-11-17T02:53:45.569+0000] {logging_mixin.py:188} INFO - [2024-11-17T02:53:45.569+0000] {dag.py:3096} INFO - Sync 1 DAGs
[2024-11-17T02:53:45.588+0000] {logging_mixin.py:188} INFO - [2024-11-17T02:53:45.587+0000] {dag.py:3954} INFO - Setting next_dagrun for example_skip_dag to 2024-11-16 00:00:00+00:00, run_after=2024-11-17 00:00:00+00:00
[2024-11-17T02:53:45.608+0000] {processor.py:183} INFO - Processing /home/airflow/.local/lib/python3.11/site-packages/airflow/example_dags/example_skip_dag.py took 0.071 seconds
[2024-11-17T02:54:16.582+0000] {processor.py:161} INFO - Started process (PID=2082) to work on /home/airflow/.local/lib/python3.11/site-packages/airflow/example_dags/example_skip_dag.py
[2024-11-17T02:54:16.583+0000] {processor.py:830} INFO - Processing file /home/airflow/.local/lib/python3.11/site-packages/airflow/example_dags/example_skip_dag.py for tasks to queue
[2024-11-17T02:54:16.587+0000] {logging_mixin.py:188} INFO - [2024-11-17T02:54:16.586+0000] {dagbag.py:545} INFO - Filling up the DagBag from /home/airflow/.local/lib/python3.11/site-packages/airflow/example_dags/example_skip_dag.py
[2024-11-17T02:54:16.595+0000] {processor.py:840} INFO - DAG(s) 'example_skip_dag' retrieved from /home/airflow/.local/lib/python3.11/site-packages/airflow/example_dags/example_skip_dag.py
[2024-11-17T02:54:16.623+0000] {logging_mixin.py:188} INFO - [2024-11-17T02:54:16.622+0000] {dag.py:3096} INFO - Sync 1 DAGs
[2024-11-17T02:54:16.646+0000] {logging_mixin.py:188} INFO - [2024-11-17T02:54:16.646+0000] {dag.py:3954} INFO - Setting next_dagrun for example_skip_dag to 2024-11-16 00:00:00+00:00, run_after=2024-11-17 00:00:00+00:00
[2024-11-17T02:54:16.665+0000] {processor.py:183} INFO - Processing /home/airflow/.local/lib/python3.11/site-packages/airflow/example_dags/example_skip_dag.py took 0.090 seconds
[2024-11-17T02:54:47.491+0000] {processor.py:161} INFO - Started process (PID=2348) to work on /home/airflow/.local/lib/python3.11/site-packages/airflow/example_dags/example_skip_dag.py
[2024-11-17T02:54:47.492+0000] {processor.py:830} INFO - Processing file /home/airflow/.local/lib/python3.11/site-packages/airflow/example_dags/example_skip_dag.py for tasks to queue
[2024-11-17T02:54:47.494+0000] {logging_mixin.py:188} INFO - [2024-11-17T02:54:47.493+0000] {dagbag.py:545} INFO - Filling up the DagBag from /home/airflow/.local/lib/python3.11/site-packages/airflow/example_dags/example_skip_dag.py
[2024-11-17T02:54:47.499+0000] {processor.py:840} INFO - DAG(s) 'example_skip_dag' retrieved from /home/airflow/.local/lib/python3.11/site-packages/airflow/example_dags/example_skip_dag.py
[2024-11-17T02:54:47.517+0000] {logging_mixin.py:188} INFO - [2024-11-17T02:54:47.517+0000] {dag.py:3096} INFO - Sync 1 DAGs
[2024-11-17T02:54:47.535+0000] {logging_mixin.py:188} INFO - [2024-11-17T02:54:47.535+0000] {dag.py:3954} INFO - Setting next_dagrun for example_skip_dag to 2024-11-16 00:00:00+00:00, run_after=2024-11-17 00:00:00+00:00
[2024-11-17T02:54:47.553+0000] {processor.py:183} INFO - Processing /home/airflow/.local/lib/python3.11/site-packages/airflow/example_dags/example_skip_dag.py took 0.067 seconds
[2024-11-17T02:55:18.460+0000] {processor.py:161} INFO - Started process (PID=2614) to work on /home/airflow/.local/lib/python3.11/site-packages/airflow/example_dags/example_skip_dag.py
[2024-11-17T02:55:18.461+0000] {processor.py:830} INFO - Processing file /home/airflow/.local/lib/python3.11/site-packages/airflow/example_dags/example_skip_dag.py for tasks to queue
[2024-11-17T02:55:18.463+0000] {logging_mixin.py:188} INFO - [2024-11-17T02:55:18.462+0000] {dagbag.py:545} INFO - Filling up the DagBag from /home/airflow/.local/lib/python3.11/site-packages/airflow/example_dags/example_skip_dag.py
[2024-11-17T02:55:18.468+0000] {processor.py:840} INFO - DAG(s) 'example_skip_dag' retrieved from /home/airflow/.local/lib/python3.11/site-packages/airflow/example_dags/example_skip_dag.py
[2024-11-17T02:55:18.486+0000] {logging_mixin.py:188} INFO - [2024-11-17T02:55:18.486+0000] {dag.py:3096} INFO - Sync 1 DAGs
[2024-11-17T02:55:18.504+0000] {logging_mixin.py:188} INFO - [2024-11-17T02:55:18.504+0000] {dag.py:3954} INFO - Setting next_dagrun for example_skip_dag to 2024-11-16 00:00:00+00:00, run_after=2024-11-17 00:00:00+00:00
[2024-11-17T02:55:18.521+0000] {processor.py:183} INFO - Processing /home/airflow/.local/lib/python3.11/site-packages/airflow/example_dags/example_skip_dag.py took 0.065 seconds
[2024-11-17T02:55:49.252+0000] {processor.py:161} INFO - Started process (PID=2880) to work on /home/airflow/.local/lib/python3.11/site-packages/airflow/example_dags/example_skip_dag.py
[2024-11-17T02:55:49.253+0000] {processor.py:830} INFO - Processing file /home/airflow/.local/lib/python3.11/site-packages/airflow/example_dags/example_skip_dag.py for tasks to queue
[2024-11-17T02:55:49.255+0000] {logging_mixin.py:188} INFO - [2024-11-17T02:55:49.255+0000] {dagbag.py:545} INFO - Filling up the DagBag from /home/airflow/.local/lib/python3.11/site-packages/airflow/example_dags/example_skip_dag.py
[2024-11-17T02:55:49.261+0000] {processor.py:840} INFO - DAG(s) 'example_skip_dag' retrieved from /home/airflow/.local/lib/python3.11/site-packages/airflow/example_dags/example_skip_dag.py
[2024-11-17T02:55:49.280+0000] {logging_mixin.py:188} INFO - [2024-11-17T02:55:49.280+0000] {dag.py:3096} INFO - Sync 1 DAGs
[2024-11-17T02:55:49.299+0000] {logging_mixin.py:188} INFO - [2024-11-17T02:55:49.299+0000] {dag.py:3954} INFO - Setting next_dagrun for example_skip_dag to 2024-11-16 00:00:00+00:00, run_after=2024-11-17 00:00:00+00:00
[2024-11-17T02:55:49.314+0000] {processor.py:183} INFO - Processing /home/airflow/.local/lib/python3.11/site-packages/airflow/example_dags/example_skip_dag.py took 0.067 seconds
[2024-11-17T02:56:19.540+0000] {processor.py:161} INFO - Started process (PID=3146) to work on /home/airflow/.local/lib/python3.11/site-packages/airflow/example_dags/example_skip_dag.py
[2024-11-17T02:56:19.541+0000] {processor.py:830} INFO - Processing file /home/airflow/.local/lib/python3.11/site-packages/airflow/example_dags/example_skip_dag.py for tasks to queue
[2024-11-17T02:56:19.543+0000] {logging_mixin.py:188} INFO - [2024-11-17T02:56:19.542+0000] {dagbag.py:545} INFO - Filling up the DagBag from /home/airflow/.local/lib/python3.11/site-packages/airflow/example_dags/example_skip_dag.py
[2024-11-17T02:56:19.548+0000] {processor.py:840} INFO - DAG(s) 'example_skip_dag' retrieved from /home/airflow/.local/lib/python3.11/site-packages/airflow/example_dags/example_skip_dag.py
[2024-11-17T02:56:19.566+0000] {logging_mixin.py:188} INFO - [2024-11-17T02:56:19.566+0000] {dag.py:3096} INFO - Sync 1 DAGs
[2024-11-17T02:56:19.584+0000] {logging_mixin.py:188} INFO - [2024-11-17T02:56:19.584+0000] {dag.py:3954} INFO - Setting next_dagrun for example_skip_dag to 2024-11-16 00:00:00+00:00, run_after=2024-11-17 00:00:00+00:00
[2024-11-17T02:56:19.601+0000] {processor.py:183} INFO - Processing /home/airflow/.local/lib/python3.11/site-packages/airflow/example_dags/example_skip_dag.py took 0.066 seconds
[2024-11-17T02:56:49.767+0000] {processor.py:161} INFO - Started process (PID=3412) to work on /home/airflow/.local/lib/python3.11/site-packages/airflow/example_dags/example_skip_dag.py
[2024-11-17T02:56:49.768+0000] {processor.py:830} INFO - Processing file /home/airflow/.local/lib/python3.11/site-packages/airflow/example_dags/example_skip_dag.py for tasks to queue
[2024-11-17T02:56:49.770+0000] {logging_mixin.py:188} INFO - [2024-11-17T02:56:49.770+0000] {dagbag.py:545} INFO - Filling up the DagBag from /home/airflow/.local/lib/python3.11/site-packages/airflow/example_dags/example_skip_dag.py
[2024-11-17T02:56:49.776+0000] {processor.py:840} INFO - DAG(s) 'example_skip_dag' retrieved from /home/airflow/.local/lib/python3.11/site-packages/airflow/example_dags/example_skip_dag.py
[2024-11-17T02:56:49.797+0000] {logging_mixin.py:188} INFO - [2024-11-17T02:56:49.796+0000] {dag.py:3096} INFO - Sync 1 DAGs
[2024-11-17T02:56:49.815+0000] {logging_mixin.py:188} INFO - [2024-11-17T02:56:49.815+0000] {dag.py:3954} INFO - Setting next_dagrun for example_skip_dag to 2024-11-16 00:00:00+00:00, run_after=2024-11-17 00:00:00+00:00
[2024-11-17T02:56:49.833+0000] {processor.py:183} INFO - Processing /home/airflow/.local/lib/python3.11/site-packages/airflow/example_dags/example_skip_dag.py took 0.071 seconds
[2024-11-17T02:57:19.967+0000] {processor.py:161} INFO - Started process (PID=3678) to work on /home/airflow/.local/lib/python3.11/site-packages/airflow/example_dags/example_skip_dag.py
[2024-11-17T02:57:19.968+0000] {processor.py:830} INFO - Processing file /home/airflow/.local/lib/python3.11/site-packages/airflow/example_dags/example_skip_dag.py for tasks to queue
[2024-11-17T02:57:19.970+0000] {logging_mixin.py:188} INFO - [2024-11-17T02:57:19.969+0000] {dagbag.py:545} INFO - Filling up the DagBag from /home/airflow/.local/lib/python3.11/site-packages/airflow/example_dags/example_skip_dag.py
[2024-11-17T02:57:19.975+0000] {processor.py:840} INFO - DAG(s) 'example_skip_dag' retrieved from /home/airflow/.local/lib/python3.11/site-packages/airflow/example_dags/example_skip_dag.py
[2024-11-17T02:57:19.993+0000] {logging_mixin.py:188} INFO - [2024-11-17T02:57:19.993+0000] {dag.py:3096} INFO - Sync 1 DAGs
[2024-11-17T02:57:20.010+0000] {logging_mixin.py:188} INFO - [2024-11-17T02:57:20.010+0000] {dag.py:3954} INFO - Setting next_dagrun for example_skip_dag to 2024-11-16 00:00:00+00:00, run_after=2024-11-17 00:00:00+00:00
[2024-11-17T02:57:20.027+0000] {processor.py:183} INFO - Processing /home/airflow/.local/lib/python3.11/site-packages/airflow/example_dags/example_skip_dag.py took 0.065 seconds
[2024-11-17T02:57:50.428+0000] {processor.py:161} INFO - Started process (PID=3944) to work on /home/airflow/.local/lib/python3.11/site-packages/airflow/example_dags/example_skip_dag.py
[2024-11-17T02:57:50.429+0000] {processor.py:830} INFO - Processing file /home/airflow/.local/lib/python3.11/site-packages/airflow/example_dags/example_skip_dag.py for tasks to queue
[2024-11-17T02:57:50.430+0000] {logging_mixin.py:188} INFO - [2024-11-17T02:57:50.430+0000] {dagbag.py:545} INFO - Filling up the DagBag from /home/airflow/.local/lib/python3.11/site-packages/airflow/example_dags/example_skip_dag.py
[2024-11-17T02:57:50.436+0000] {processor.py:840} INFO - DAG(s) 'example_skip_dag' retrieved from /home/airflow/.local/lib/python3.11/site-packages/airflow/example_dags/example_skip_dag.py
[2024-11-17T02:57:50.455+0000] {logging_mixin.py:188} INFO - [2024-11-17T02:57:50.455+0000] {dag.py:3096} INFO - Sync 1 DAGs
[2024-11-17T02:57:50.473+0000] {logging_mixin.py:188} INFO - [2024-11-17T02:57:50.472+0000] {dag.py:3954} INFO - Setting next_dagrun for example_skip_dag to 2024-11-16 00:00:00+00:00, run_after=2024-11-17 00:00:00+00:00
[2024-11-17T02:57:50.488+0000] {processor.py:183} INFO - Processing /home/airflow/.local/lib/python3.11/site-packages/airflow/example_dags/example_skip_dag.py took 0.066 seconds
[2024-11-17T02:58:20.605+0000] {processor.py:161} INFO - Started process (PID=4210) to work on /home/airflow/.local/lib/python3.11/site-packages/airflow/example_dags/example_skip_dag.py
[2024-11-17T02:58:20.606+0000] {processor.py:830} INFO - Processing file /home/airflow/.local/lib/python3.11/site-packages/airflow/example_dags/example_skip_dag.py for tasks to queue
[2024-11-17T02:58:20.608+0000] {logging_mixin.py:188} INFO - [2024-11-17T02:58:20.607+0000] {dagbag.py:545} INFO - Filling up the DagBag from /home/airflow/.local/lib/python3.11/site-packages/airflow/example_dags/example_skip_dag.py
[2024-11-17T02:58:20.613+0000] {processor.py:840} INFO - DAG(s) 'example_skip_dag' retrieved from /home/airflow/.local/lib/python3.11/site-packages/airflow/example_dags/example_skip_dag.py
[2024-11-17T02:58:20.632+0000] {logging_mixin.py:188} INFO - [2024-11-17T02:58:20.632+0000] {dag.py:3096} INFO - Sync 1 DAGs
[2024-11-17T02:58:20.651+0000] {logging_mixin.py:188} INFO - [2024-11-17T02:58:20.651+0000] {dag.py:3954} INFO - Setting next_dagrun for example_skip_dag to 2024-11-16 00:00:00+00:00, run_after=2024-11-17 00:00:00+00:00
[2024-11-17T02:58:20.667+0000] {processor.py:183} INFO - Processing /home/airflow/.local/lib/python3.11/site-packages/airflow/example_dags/example_skip_dag.py took 0.067 seconds
[2024-11-17T02:58:50.831+0000] {processor.py:161} INFO - Started process (PID=4476) to work on /home/airflow/.local/lib/python3.11/site-packages/airflow/example_dags/example_skip_dag.py
[2024-11-17T02:58:50.832+0000] {processor.py:830} INFO - Processing file /home/airflow/.local/lib/python3.11/site-packages/airflow/example_dags/example_skip_dag.py for tasks to queue
[2024-11-17T02:58:50.834+0000] {logging_mixin.py:188} INFO - [2024-11-17T02:58:50.833+0000] {dagbag.py:545} INFO - Filling up the DagBag from /home/airflow/.local/lib/python3.11/site-packages/airflow/example_dags/example_skip_dag.py
[2024-11-17T02:58:50.839+0000] {processor.py:840} INFO - DAG(s) 'example_skip_dag' retrieved from /home/airflow/.local/lib/python3.11/site-packages/airflow/example_dags/example_skip_dag.py
[2024-11-17T02:58:50.857+0000] {logging_mixin.py:188} INFO - [2024-11-17T02:58:50.857+0000] {dag.py:3096} INFO - Sync 1 DAGs
[2024-11-17T02:58:50.876+0000] {logging_mixin.py:188} INFO - [2024-11-17T02:58:50.876+0000] {dag.py:3954} INFO - Setting next_dagrun for example_skip_dag to 2024-11-16 00:00:00+00:00, run_after=2024-11-17 00:00:00+00:00
[2024-11-17T02:58:50.892+0000] {processor.py:183} INFO - Processing /home/airflow/.local/lib/python3.11/site-packages/airflow/example_dags/example_skip_dag.py took 0.066 seconds
[2024-11-17T02:59:21.305+0000] {processor.py:161} INFO - Started process (PID=4742) to work on /home/airflow/.local/lib/python3.11/site-packages/airflow/example_dags/example_skip_dag.py
[2024-11-17T02:59:21.306+0000] {processor.py:830} INFO - Processing file /home/airflow/.local/lib/python3.11/site-packages/airflow/example_dags/example_skip_dag.py for tasks to queue
[2024-11-17T02:59:21.309+0000] {logging_mixin.py:188} INFO - [2024-11-17T02:59:21.309+0000] {dagbag.py:545} INFO - Filling up the DagBag from /home/airflow/.local/lib/python3.11/site-packages/airflow/example_dags/example_skip_dag.py
[2024-11-17T02:59:21.316+0000] {processor.py:840} INFO - DAG(s) 'example_skip_dag' retrieved from /home/airflow/.local/lib/python3.11/site-packages/airflow/example_dags/example_skip_dag.py
[2024-11-17T02:59:21.337+0000] {logging_mixin.py:188} INFO - [2024-11-17T02:59:21.336+0000] {dag.py:3096} INFO - Sync 1 DAGs
[2024-11-17T02:59:21.359+0000] {logging_mixin.py:188} INFO - [2024-11-17T02:59:21.359+0000] {dag.py:3954} INFO - Setting next_dagrun for example_skip_dag to 2024-11-16 00:00:00+00:00, run_after=2024-11-17 00:00:00+00:00
[2024-11-17T02:59:21.377+0000] {processor.py:183} INFO - Processing /home/airflow/.local/lib/python3.11/site-packages/airflow/example_dags/example_skip_dag.py took 0.078 seconds
[2024-11-17T02:59:51.581+0000] {processor.py:161} INFO - Started process (PID=5008) to work on /home/airflow/.local/lib/python3.11/site-packages/airflow/example_dags/example_skip_dag.py
[2024-11-17T02:59:51.582+0000] {processor.py:830} INFO - Processing file /home/airflow/.local/lib/python3.11/site-packages/airflow/example_dags/example_skip_dag.py for tasks to queue
[2024-11-17T02:59:51.583+0000] {logging_mixin.py:188} INFO - [2024-11-17T02:59:51.583+0000] {dagbag.py:545} INFO - Filling up the DagBag from /home/airflow/.local/lib/python3.11/site-packages/airflow/example_dags/example_skip_dag.py
[2024-11-17T02:59:51.589+0000] {processor.py:840} INFO - DAG(s) 'example_skip_dag' retrieved from /home/airflow/.local/lib/python3.11/site-packages/airflow/example_dags/example_skip_dag.py
[2024-11-17T02:59:51.606+0000] {logging_mixin.py:188} INFO - [2024-11-17T02:59:51.606+0000] {dag.py:3096} INFO - Sync 1 DAGs
[2024-11-17T02:59:51.624+0000] {logging_mixin.py:188} INFO - [2024-11-17T02:59:51.623+0000] {dag.py:3954} INFO - Setting next_dagrun for example_skip_dag to 2024-11-16 00:00:00+00:00, run_after=2024-11-17 00:00:00+00:00
[2024-11-17T02:59:51.640+0000] {processor.py:183} INFO - Processing /home/airflow/.local/lib/python3.11/site-packages/airflow/example_dags/example_skip_dag.py took 0.064 seconds
[2024-11-17T03:00:21.779+0000] {processor.py:161} INFO - Started process (PID=5274) to work on /home/airflow/.local/lib/python3.11/site-packages/airflow/example_dags/example_skip_dag.py
[2024-11-17T03:00:21.780+0000] {processor.py:830} INFO - Processing file /home/airflow/.local/lib/python3.11/site-packages/airflow/example_dags/example_skip_dag.py for tasks to queue
[2024-11-17T03:00:21.782+0000] {logging_mixin.py:188} INFO - [2024-11-17T03:00:21.781+0000] {dagbag.py:545} INFO - Filling up the DagBag from /home/airflow/.local/lib/python3.11/site-packages/airflow/example_dags/example_skip_dag.py
[2024-11-17T03:00:21.788+0000] {processor.py:840} INFO - DAG(s) 'example_skip_dag' retrieved from /home/airflow/.local/lib/python3.11/site-packages/airflow/example_dags/example_skip_dag.py
[2024-11-17T03:00:21.807+0000] {logging_mixin.py:188} INFO - [2024-11-17T03:00:21.806+0000] {dag.py:3096} INFO - Sync 1 DAGs
[2024-11-17T03:00:21.825+0000] {logging_mixin.py:188} INFO - [2024-11-17T03:00:21.824+0000] {dag.py:3954} INFO - Setting next_dagrun for example_skip_dag to 2024-11-16 00:00:00+00:00, run_after=2024-11-17 00:00:00+00:00
[2024-11-17T03:00:21.839+0000] {processor.py:183} INFO - Processing /home/airflow/.local/lib/python3.11/site-packages/airflow/example_dags/example_skip_dag.py took 0.065 seconds
[2024-11-17T03:00:52.123+0000] {processor.py:161} INFO - Started process (PID=5542) to work on /home/airflow/.local/lib/python3.11/site-packages/airflow/example_dags/example_skip_dag.py
[2024-11-17T03:00:52.124+0000] {processor.py:830} INFO - Processing file /home/airflow/.local/lib/python3.11/site-packages/airflow/example_dags/example_skip_dag.py for tasks to queue
[2024-11-17T03:00:52.126+0000] {logging_mixin.py:188} INFO - [2024-11-17T03:00:52.126+0000] {dagbag.py:545} INFO - Filling up the DagBag from /home/airflow/.local/lib/python3.11/site-packages/airflow/example_dags/example_skip_dag.py
[2024-11-17T03:00:52.132+0000] {processor.py:840} INFO - DAG(s) 'example_skip_dag' retrieved from /home/airflow/.local/lib/python3.11/site-packages/airflow/example_dags/example_skip_dag.py
[2024-11-17T03:00:52.152+0000] {logging_mixin.py:188} INFO - [2024-11-17T03:00:52.152+0000] {dag.py:3096} INFO - Sync 1 DAGs
[2024-11-17T03:00:52.171+0000] {logging_mixin.py:188} INFO - [2024-11-17T03:00:52.171+0000] {dag.py:3954} INFO - Setting next_dagrun for example_skip_dag to 2024-11-16 00:00:00+00:00, run_after=2024-11-17 00:00:00+00:00
[2024-11-17T03:00:52.189+0000] {processor.py:183} INFO - Processing /home/airflow/.local/lib/python3.11/site-packages/airflow/example_dags/example_skip_dag.py took 0.071 seconds
[2024-11-17T03:01:23.153+0000] {processor.py:161} INFO - Started process (PID=5806) to work on /home/airflow/.local/lib/python3.11/site-packages/airflow/example_dags/example_skip_dag.py
[2024-11-17T03:01:23.154+0000] {processor.py:830} INFO - Processing file /home/airflow/.local/lib/python3.11/site-packages/airflow/example_dags/example_skip_dag.py for tasks to queue
[2024-11-17T03:01:23.156+0000] {logging_mixin.py:188} INFO - [2024-11-17T03:01:23.155+0000] {dagbag.py:545} INFO - Filling up the DagBag from /home/airflow/.local/lib/python3.11/site-packages/airflow/example_dags/example_skip_dag.py
[2024-11-17T03:01:23.167+0000] {processor.py:840} INFO - DAG(s) 'example_skip_dag' retrieved from /home/airflow/.local/lib/python3.11/site-packages/airflow/example_dags/example_skip_dag.py
[2024-11-17T03:01:23.194+0000] {logging_mixin.py:188} INFO - [2024-11-17T03:01:23.194+0000] {dag.py:3096} INFO - Sync 1 DAGs
[2024-11-17T03:01:23.216+0000] {logging_mixin.py:188} INFO - [2024-11-17T03:01:23.216+0000] {dag.py:3954} INFO - Setting next_dagrun for example_skip_dag to 2024-11-16 00:00:00+00:00, run_after=2024-11-17 00:00:00+00:00
[2024-11-17T03:01:23.233+0000] {processor.py:183} INFO - Processing /home/airflow/.local/lib/python3.11/site-packages/airflow/example_dags/example_skip_dag.py took 0.087 seconds
[2024-11-17T03:01:53.313+0000] {processor.py:161} INFO - Started process (PID=6072) to work on /home/airflow/.local/lib/python3.11/site-packages/airflow/example_dags/example_skip_dag.py
[2024-11-17T03:01:53.314+0000] {processor.py:830} INFO - Processing file /home/airflow/.local/lib/python3.11/site-packages/airflow/example_dags/example_skip_dag.py for tasks to queue
[2024-11-17T03:01:53.316+0000] {logging_mixin.py:188} INFO - [2024-11-17T03:01:53.316+0000] {dagbag.py:545} INFO - Filling up the DagBag from /home/airflow/.local/lib/python3.11/site-packages/airflow/example_dags/example_skip_dag.py
[2024-11-17T03:01:53.322+0000] {processor.py:840} INFO - DAG(s) 'example_skip_dag' retrieved from /home/airflow/.local/lib/python3.11/site-packages/airflow/example_dags/example_skip_dag.py
[2024-11-17T03:01:53.340+0000] {logging_mixin.py:188} INFO - [2024-11-17T03:01:53.340+0000] {dag.py:3096} INFO - Sync 1 DAGs
[2024-11-17T03:01:53.359+0000] {logging_mixin.py:188} INFO - [2024-11-17T03:01:53.359+0000] {dag.py:3954} INFO - Setting next_dagrun for example_skip_dag to 2024-11-16 00:00:00+00:00, run_after=2024-11-17 00:00:00+00:00
[2024-11-17T03:01:53.374+0000] {processor.py:183} INFO - Processing /home/airflow/.local/lib/python3.11/site-packages/airflow/example_dags/example_skip_dag.py took 0.066 seconds
[2024-11-17T03:02:23.723+0000] {processor.py:161} INFO - Started process (PID=6338) to work on /home/airflow/.local/lib/python3.11/site-packages/airflow/example_dags/example_skip_dag.py
[2024-11-17T03:02:23.724+0000] {processor.py:830} INFO - Processing file /home/airflow/.local/lib/python3.11/site-packages/airflow/example_dags/example_skip_dag.py for tasks to queue
[2024-11-17T03:02:23.726+0000] {logging_mixin.py:188} INFO - [2024-11-17T03:02:23.725+0000] {dagbag.py:545} INFO - Filling up the DagBag from /home/airflow/.local/lib/python3.11/site-packages/airflow/example_dags/example_skip_dag.py
[2024-11-17T03:02:23.732+0000] {processor.py:840} INFO - DAG(s) 'example_skip_dag' retrieved from /home/airflow/.local/lib/python3.11/site-packages/airflow/example_dags/example_skip_dag.py
[2024-11-17T03:02:23.751+0000] {logging_mixin.py:188} INFO - [2024-11-17T03:02:23.751+0000] {dag.py:3096} INFO - Sync 1 DAGs
[2024-11-17T03:02:23.769+0000] {logging_mixin.py:188} INFO - [2024-11-17T03:02:23.769+0000] {dag.py:3954} INFO - Setting next_dagrun for example_skip_dag to 2024-11-16 00:00:00+00:00, run_after=2024-11-17 00:00:00+00:00
[2024-11-17T03:02:23.783+0000] {processor.py:183} INFO - Processing /home/airflow/.local/lib/python3.11/site-packages/airflow/example_dags/example_skip_dag.py took 0.066 seconds
[2024-11-17T03:02:53.910+0000] {processor.py:161} INFO - Started process (PID=6604) to work on /home/airflow/.local/lib/python3.11/site-packages/airflow/example_dags/example_skip_dag.py
[2024-11-17T03:02:53.911+0000] {processor.py:830} INFO - Processing file /home/airflow/.local/lib/python3.11/site-packages/airflow/example_dags/example_skip_dag.py for tasks to queue
[2024-11-17T03:02:53.913+0000] {logging_mixin.py:188} INFO - [2024-11-17T03:02:53.913+0000] {dagbag.py:545} INFO - Filling up the DagBag from /home/airflow/.local/lib/python3.11/site-packages/airflow/example_dags/example_skip_dag.py
[2024-11-17T03:02:53.918+0000] {processor.py:840} INFO - DAG(s) 'example_skip_dag' retrieved from /home/airflow/.local/lib/python3.11/site-packages/airflow/example_dags/example_skip_dag.py
[2024-11-17T03:02:53.935+0000] {logging_mixin.py:188} INFO - [2024-11-17T03:02:53.935+0000] {dag.py:3096} INFO - Sync 1 DAGs
[2024-11-17T03:02:53.954+0000] {logging_mixin.py:188} INFO - [2024-11-17T03:02:53.954+0000] {dag.py:3954} INFO - Setting next_dagrun for example_skip_dag to 2024-11-16 00:00:00+00:00, run_after=2024-11-17 00:00:00+00:00
[2024-11-17T03:02:53.970+0000] {processor.py:183} INFO - Processing /home/airflow/.local/lib/python3.11/site-packages/airflow/example_dags/example_skip_dag.py took 0.065 seconds
[2024-11-17T03:03:24.242+0000] {processor.py:161} INFO - Started process (PID=6872) to work on /home/airflow/.local/lib/python3.11/site-packages/airflow/example_dags/example_skip_dag.py
[2024-11-17T03:03:24.243+0000] {processor.py:830} INFO - Processing file /home/airflow/.local/lib/python3.11/site-packages/airflow/example_dags/example_skip_dag.py for tasks to queue
[2024-11-17T03:03:24.245+0000] {logging_mixin.py:188} INFO - [2024-11-17T03:03:24.244+0000] {dagbag.py:545} INFO - Filling up the DagBag from /home/airflow/.local/lib/python3.11/site-packages/airflow/example_dags/example_skip_dag.py
[2024-11-17T03:03:24.250+0000] {processor.py:840} INFO - DAG(s) 'example_skip_dag' retrieved from /home/airflow/.local/lib/python3.11/site-packages/airflow/example_dags/example_skip_dag.py
[2024-11-17T03:03:24.267+0000] {logging_mixin.py:188} INFO - [2024-11-17T03:03:24.267+0000] {dag.py:3096} INFO - Sync 1 DAGs
[2024-11-17T03:03:24.284+0000] {logging_mixin.py:188} INFO - [2024-11-17T03:03:24.284+0000] {dag.py:3954} INFO - Setting next_dagrun for example_skip_dag to 2024-11-16 00:00:00+00:00, run_after=2024-11-17 00:00:00+00:00
[2024-11-17T03:03:24.299+0000] {processor.py:183} INFO - Processing /home/airflow/.local/lib/python3.11/site-packages/airflow/example_dags/example_skip_dag.py took 0.062 seconds
[2024-11-17T03:03:54.409+0000] {processor.py:161} INFO - Started process (PID=7136) to work on /home/airflow/.local/lib/python3.11/site-packages/airflow/example_dags/example_skip_dag.py
[2024-11-17T03:03:54.410+0000] {processor.py:830} INFO - Processing file /home/airflow/.local/lib/python3.11/site-packages/airflow/example_dags/example_skip_dag.py for tasks to queue
[2024-11-17T03:03:54.412+0000] {logging_mixin.py:188} INFO - [2024-11-17T03:03:54.412+0000] {dagbag.py:545} INFO - Filling up the DagBag from /home/airflow/.local/lib/python3.11/site-packages/airflow/example_dags/example_skip_dag.py
[2024-11-17T03:03:54.418+0000] {processor.py:840} INFO - DAG(s) 'example_skip_dag' retrieved from /home/airflow/.local/lib/python3.11/site-packages/airflow/example_dags/example_skip_dag.py
[2024-11-17T03:03:54.440+0000] {logging_mixin.py:188} INFO - [2024-11-17T03:03:54.440+0000] {dag.py:3096} INFO - Sync 1 DAGs
[2024-11-17T03:03:54.461+0000] {logging_mixin.py:188} INFO - [2024-11-17T03:03:54.460+0000] {dag.py:3954} INFO - Setting next_dagrun for example_skip_dag to 2024-11-16 00:00:00+00:00, run_after=2024-11-17 00:00:00+00:00
[2024-11-17T03:03:54.478+0000] {processor.py:183} INFO - Processing /home/airflow/.local/lib/python3.11/site-packages/airflow/example_dags/example_skip_dag.py took 0.075 seconds
[2024-11-17T03:04:24.661+0000] {processor.py:161} INFO - Started process (PID=7402) to work on /home/airflow/.local/lib/python3.11/site-packages/airflow/example_dags/example_skip_dag.py
[2024-11-17T03:04:24.662+0000] {processor.py:830} INFO - Processing file /home/airflow/.local/lib/python3.11/site-packages/airflow/example_dags/example_skip_dag.py for tasks to queue
[2024-11-17T03:04:24.664+0000] {logging_mixin.py:188} INFO - [2024-11-17T03:04:24.664+0000] {dagbag.py:545} INFO - Filling up the DagBag from /home/airflow/.local/lib/python3.11/site-packages/airflow/example_dags/example_skip_dag.py
[2024-11-17T03:04:24.669+0000] {processor.py:840} INFO - DAG(s) 'example_skip_dag' retrieved from /home/airflow/.local/lib/python3.11/site-packages/airflow/example_dags/example_skip_dag.py
[2024-11-17T03:04:24.688+0000] {logging_mixin.py:188} INFO - [2024-11-17T03:04:24.687+0000] {dag.py:3096} INFO - Sync 1 DAGs
[2024-11-17T03:04:24.705+0000] {logging_mixin.py:188} INFO - [2024-11-17T03:04:24.705+0000] {dag.py:3954} INFO - Setting next_dagrun for example_skip_dag to 2024-11-16 00:00:00+00:00, run_after=2024-11-17 00:00:00+00:00
[2024-11-17T03:04:24.721+0000] {processor.py:183} INFO - Processing /home/airflow/.local/lib/python3.11/site-packages/airflow/example_dags/example_skip_dag.py took 0.065 seconds
[2024-11-17T03:04:55.415+0000] {processor.py:161} INFO - Started process (PID=7668) to work on /home/airflow/.local/lib/python3.11/site-packages/airflow/example_dags/example_skip_dag.py
[2024-11-17T03:04:55.417+0000] {processor.py:830} INFO - Processing file /home/airflow/.local/lib/python3.11/site-packages/airflow/example_dags/example_skip_dag.py for tasks to queue
[2024-11-17T03:04:55.420+0000] {logging_mixin.py:188} INFO - [2024-11-17T03:04:55.420+0000] {dagbag.py:545} INFO - Filling up the DagBag from /home/airflow/.local/lib/python3.11/site-packages/airflow/example_dags/example_skip_dag.py
[2024-11-17T03:04:55.430+0000] {processor.py:840} INFO - DAG(s) 'example_skip_dag' retrieved from /home/airflow/.local/lib/python3.11/site-packages/airflow/example_dags/example_skip_dag.py
[2024-11-17T03:04:55.460+0000] {logging_mixin.py:188} INFO - [2024-11-17T03:04:55.460+0000] {dag.py:3096} INFO - Sync 1 DAGs
[2024-11-17T03:04:55.484+0000] {logging_mixin.py:188} INFO - [2024-11-17T03:04:55.484+0000] {dag.py:3954} INFO - Setting next_dagrun for example_skip_dag to 2024-11-16 00:00:00+00:00, run_after=2024-11-17 00:00:00+00:00
[2024-11-17T03:04:55.499+0000] {processor.py:183} INFO - Processing /home/airflow/.local/lib/python3.11/site-packages/airflow/example_dags/example_skip_dag.py took 0.092 seconds
[2024-11-17T03:05:25.698+0000] {processor.py:161} INFO - Started process (PID=7934) to work on /home/airflow/.local/lib/python3.11/site-packages/airflow/example_dags/example_skip_dag.py
[2024-11-17T03:05:25.699+0000] {processor.py:830} INFO - Processing file /home/airflow/.local/lib/python3.11/site-packages/airflow/example_dags/example_skip_dag.py for tasks to queue
[2024-11-17T03:05:25.701+0000] {logging_mixin.py:188} INFO - [2024-11-17T03:05:25.701+0000] {dagbag.py:545} INFO - Filling up the DagBag from /home/airflow/.local/lib/python3.11/site-packages/airflow/example_dags/example_skip_dag.py
[2024-11-17T03:05:25.707+0000] {processor.py:840} INFO - DAG(s) 'example_skip_dag' retrieved from /home/airflow/.local/lib/python3.11/site-packages/airflow/example_dags/example_skip_dag.py
[2024-11-17T03:05:25.725+0000] {logging_mixin.py:188} INFO - [2024-11-17T03:05:25.725+0000] {dag.py:3096} INFO - Sync 1 DAGs
[2024-11-17T03:05:25.745+0000] {logging_mixin.py:188} INFO - [2024-11-17T03:05:25.744+0000] {dag.py:3954} INFO - Setting next_dagrun for example_skip_dag to 2024-11-16 00:00:00+00:00, run_after=2024-11-17 00:00:00+00:00
[2024-11-17T03:05:25.760+0000] {processor.py:183} INFO - Processing /home/airflow/.local/lib/python3.11/site-packages/airflow/example_dags/example_skip_dag.py took 0.067 seconds
