[2024-11-17T02:50:40.722+0000] {processor.py:161} INFO - Started process (PID=277) to work on /home/airflow/.local/lib/python3.11/site-packages/airflow/example_dags/tutorial_objectstorage.py
[2024-11-17T02:50:40.723+0000] {processor.py:830} INFO - Processing file /home/airflow/.local/lib/python3.11/site-packages/airflow/example_dags/tutorial_objectstorage.py for tasks to queue
[2024-11-17T02:50:40.726+0000] {logging_mixin.py:188} INFO - [2024-11-17T02:50:40.725+0000] {dagbag.py:545} INFO - Filling up the DagBag from /home/airflow/.local/lib/python3.11/site-packages/airflow/example_dags/tutorial_objectstorage.py
[2024-11-17T02:50:40.735+0000] {processor.py:840} INFO - DAG(s) 'tutorial_objectstorage' retrieved from /home/airflow/.local/lib/python3.11/site-packages/airflow/example_dags/tutorial_objectstorage.py
[2024-11-17T02:50:40.748+0000] {logging_mixin.py:188} INFO - [2024-11-17T02:50:40.748+0000] {dag.py:3096} INFO - Sync 1 DAGs
[2024-11-17T02:50:40.760+0000] {logging_mixin.py:188} INFO - [2024-11-17T02:50:40.760+0000] {dag.py:3954} INFO - Setting next_dagrun for tutorial_objectstorage to None, run_after=None
[2024-11-17T02:50:40.777+0000] {processor.py:183} INFO - Processing /home/airflow/.local/lib/python3.11/site-packages/airflow/example_dags/tutorial_objectstorage.py took 0.060 seconds
[2024-11-17T02:51:12.661+0000] {processor.py:161} INFO - Started process (PID=541) to work on /home/airflow/.local/lib/python3.11/site-packages/airflow/example_dags/tutorial_objectstorage.py
[2024-11-17T02:51:12.662+0000] {processor.py:830} INFO - Processing file /home/airflow/.local/lib/python3.11/site-packages/airflow/example_dags/tutorial_objectstorage.py for tasks to queue
[2024-11-17T02:51:12.664+0000] {logging_mixin.py:188} INFO - [2024-11-17T02:51:12.664+0000] {dagbag.py:545} INFO - Filling up the DagBag from /home/airflow/.local/lib/python3.11/site-packages/airflow/example_dags/tutorial_objectstorage.py
[2024-11-17T02:51:12.672+0000] {processor.py:840} INFO - DAG(s) 'tutorial_objectstorage' retrieved from /home/airflow/.local/lib/python3.11/site-packages/airflow/example_dags/tutorial_objectstorage.py
[2024-11-17T02:51:12.760+0000] {logging_mixin.py:188} INFO - [2024-11-17T02:51:12.759+0000] {dag.py:3096} INFO - Sync 1 DAGs
[2024-11-17T02:51:12.769+0000] {logging_mixin.py:188} INFO - [2024-11-17T02:51:12.768+0000] {dag.py:3954} INFO - Setting next_dagrun for tutorial_objectstorage to None, run_after=None
[2024-11-17T02:51:12.785+0000] {processor.py:183} INFO - Processing /home/airflow/.local/lib/python3.11/site-packages/airflow/example_dags/tutorial_objectstorage.py took 0.130 seconds
[2024-11-17T02:51:43.383+0000] {processor.py:161} INFO - Started process (PID=808) to work on /home/airflow/.local/lib/python3.11/site-packages/airflow/example_dags/tutorial_objectstorage.py
[2024-11-17T02:51:43.384+0000] {processor.py:830} INFO - Processing file /home/airflow/.local/lib/python3.11/site-packages/airflow/example_dags/tutorial_objectstorage.py for tasks to queue
[2024-11-17T02:51:43.387+0000] {logging_mixin.py:188} INFO - [2024-11-17T02:51:43.386+0000] {dagbag.py:545} INFO - Filling up the DagBag from /home/airflow/.local/lib/python3.11/site-packages/airflow/example_dags/tutorial_objectstorage.py
[2024-11-17T02:51:43.394+0000] {processor.py:840} INFO - DAG(s) 'tutorial_objectstorage' retrieved from /home/airflow/.local/lib/python3.11/site-packages/airflow/example_dags/tutorial_objectstorage.py
[2024-11-17T02:51:43.412+0000] {logging_mixin.py:188} INFO - [2024-11-17T02:51:43.412+0000] {dag.py:3096} INFO - Sync 1 DAGs
[2024-11-17T02:51:43.424+0000] {logging_mixin.py:188} INFO - [2024-11-17T02:51:43.424+0000] {dag.py:3954} INFO - Setting next_dagrun for tutorial_objectstorage to None, run_after=None
[2024-11-17T02:51:43.449+0000] {processor.py:183} INFO - Processing /home/airflow/.local/lib/python3.11/site-packages/airflow/example_dags/tutorial_objectstorage.py took 0.071 seconds
[2024-11-17T02:52:13.557+0000] {processor.py:161} INFO - Started process (PID=1073) to work on /home/airflow/.local/lib/python3.11/site-packages/airflow/example_dags/tutorial_objectstorage.py
[2024-11-17T02:52:13.557+0000] {processor.py:830} INFO - Processing file /home/airflow/.local/lib/python3.11/site-packages/airflow/example_dags/tutorial_objectstorage.py for tasks to queue
[2024-11-17T02:52:13.559+0000] {logging_mixin.py:188} INFO - [2024-11-17T02:52:13.559+0000] {dagbag.py:545} INFO - Filling up the DagBag from /home/airflow/.local/lib/python3.11/site-packages/airflow/example_dags/tutorial_objectstorage.py
[2024-11-17T02:52:13.566+0000] {processor.py:840} INFO - DAG(s) 'tutorial_objectstorage' retrieved from /home/airflow/.local/lib/python3.11/site-packages/airflow/example_dags/tutorial_objectstorage.py
[2024-11-17T02:52:13.584+0000] {logging_mixin.py:188} INFO - [2024-11-17T02:52:13.583+0000] {dag.py:3096} INFO - Sync 1 DAGs
[2024-11-17T02:52:13.594+0000] {logging_mixin.py:188} INFO - [2024-11-17T02:52:13.594+0000] {dag.py:3954} INFO - Setting next_dagrun for tutorial_objectstorage to None, run_after=None
[2024-11-17T02:52:13.610+0000] {processor.py:183} INFO - Processing /home/airflow/.local/lib/python3.11/site-packages/airflow/example_dags/tutorial_objectstorage.py took 0.059 seconds
[2024-11-17T02:52:44.711+0000] {processor.py:161} INFO - Started process (PID=1341) to work on /home/airflow/.local/lib/python3.11/site-packages/airflow/example_dags/tutorial_objectstorage.py
[2024-11-17T02:52:44.712+0000] {processor.py:830} INFO - Processing file /home/airflow/.local/lib/python3.11/site-packages/airflow/example_dags/tutorial_objectstorage.py for tasks to queue
[2024-11-17T02:52:44.713+0000] {logging_mixin.py:188} INFO - [2024-11-17T02:52:44.713+0000] {dagbag.py:545} INFO - Filling up the DagBag from /home/airflow/.local/lib/python3.11/site-packages/airflow/example_dags/tutorial_objectstorage.py
[2024-11-17T02:52:44.720+0000] {processor.py:840} INFO - DAG(s) 'tutorial_objectstorage' retrieved from /home/airflow/.local/lib/python3.11/site-packages/airflow/example_dags/tutorial_objectstorage.py
[2024-11-17T02:52:44.736+0000] {logging_mixin.py:188} INFO - [2024-11-17T02:52:44.736+0000] {dag.py:3096} INFO - Sync 1 DAGs
[2024-11-17T02:52:44.746+0000] {logging_mixin.py:188} INFO - [2024-11-17T02:52:44.746+0000] {dag.py:3954} INFO - Setting next_dagrun for tutorial_objectstorage to None, run_after=None
[2024-11-17T02:52:44.762+0000] {processor.py:183} INFO - Processing /home/airflow/.local/lib/python3.11/site-packages/airflow/example_dags/tutorial_objectstorage.py took 0.057 seconds
[2024-11-17T02:53:15.845+0000] {processor.py:161} INFO - Started process (PID=1607) to work on /home/airflow/.local/lib/python3.11/site-packages/airflow/example_dags/tutorial_objectstorage.py
[2024-11-17T02:53:15.846+0000] {processor.py:830} INFO - Processing file /home/airflow/.local/lib/python3.11/site-packages/airflow/example_dags/tutorial_objectstorage.py for tasks to queue
[2024-11-17T02:53:15.848+0000] {logging_mixin.py:188} INFO - [2024-11-17T02:53:15.848+0000] {dagbag.py:545} INFO - Filling up the DagBag from /home/airflow/.local/lib/python3.11/site-packages/airflow/example_dags/tutorial_objectstorage.py
[2024-11-17T02:53:15.854+0000] {processor.py:840} INFO - DAG(s) 'tutorial_objectstorage' retrieved from /home/airflow/.local/lib/python3.11/site-packages/airflow/example_dags/tutorial_objectstorage.py
[2024-11-17T02:53:15.870+0000] {logging_mixin.py:188} INFO - [2024-11-17T02:53:15.870+0000] {dag.py:3096} INFO - Sync 1 DAGs
[2024-11-17T02:53:15.881+0000] {logging_mixin.py:188} INFO - [2024-11-17T02:53:15.880+0000] {dag.py:3954} INFO - Setting next_dagrun for tutorial_objectstorage to None, run_after=None
[2024-11-17T02:53:15.898+0000] {processor.py:183} INFO - Processing /home/airflow/.local/lib/python3.11/site-packages/airflow/example_dags/tutorial_objectstorage.py took 0.058 seconds
[2024-11-17T02:53:46.191+0000] {processor.py:161} INFO - Started process (PID=1871) to work on /home/airflow/.local/lib/python3.11/site-packages/airflow/example_dags/tutorial_objectstorage.py
[2024-11-17T02:53:46.192+0000] {processor.py:830} INFO - Processing file /home/airflow/.local/lib/python3.11/site-packages/airflow/example_dags/tutorial_objectstorage.py for tasks to queue
[2024-11-17T02:53:46.194+0000] {logging_mixin.py:188} INFO - [2024-11-17T02:53:46.194+0000] {dagbag.py:545} INFO - Filling up the DagBag from /home/airflow/.local/lib/python3.11/site-packages/airflow/example_dags/tutorial_objectstorage.py
[2024-11-17T02:53:46.202+0000] {processor.py:840} INFO - DAG(s) 'tutorial_objectstorage' retrieved from /home/airflow/.local/lib/python3.11/site-packages/airflow/example_dags/tutorial_objectstorage.py
[2024-11-17T02:53:46.219+0000] {logging_mixin.py:188} INFO - [2024-11-17T02:53:46.219+0000] {dag.py:3096} INFO - Sync 1 DAGs
[2024-11-17T02:53:46.230+0000] {logging_mixin.py:188} INFO - [2024-11-17T02:53:46.230+0000] {dag.py:3954} INFO - Setting next_dagrun for tutorial_objectstorage to None, run_after=None
[2024-11-17T02:53:46.245+0000] {processor.py:183} INFO - Processing /home/airflow/.local/lib/python3.11/site-packages/airflow/example_dags/tutorial_objectstorage.py took 0.060 seconds
[2024-11-17T02:54:17.247+0000] {processor.py:161} INFO - Started process (PID=2137) to work on /home/airflow/.local/lib/python3.11/site-packages/airflow/example_dags/tutorial_objectstorage.py
[2024-11-17T02:54:17.248+0000] {processor.py:830} INFO - Processing file /home/airflow/.local/lib/python3.11/site-packages/airflow/example_dags/tutorial_objectstorage.py for tasks to queue
[2024-11-17T02:54:17.249+0000] {logging_mixin.py:188} INFO - [2024-11-17T02:54:17.249+0000] {dagbag.py:545} INFO - Filling up the DagBag from /home/airflow/.local/lib/python3.11/site-packages/airflow/example_dags/tutorial_objectstorage.py
[2024-11-17T02:54:17.257+0000] {processor.py:840} INFO - DAG(s) 'tutorial_objectstorage' retrieved from /home/airflow/.local/lib/python3.11/site-packages/airflow/example_dags/tutorial_objectstorage.py
[2024-11-17T02:54:17.280+0000] {logging_mixin.py:188} INFO - [2024-11-17T02:54:17.279+0000] {dag.py:3096} INFO - Sync 1 DAGs
[2024-11-17T02:54:17.292+0000] {logging_mixin.py:188} INFO - [2024-11-17T02:54:17.292+0000] {dag.py:3954} INFO - Setting next_dagrun for tutorial_objectstorage to None, run_after=None
[2024-11-17T02:54:17.309+0000] {processor.py:183} INFO - Processing /home/airflow/.local/lib/python3.11/site-packages/airflow/example_dags/tutorial_objectstorage.py took 0.068 seconds
[2024-11-17T02:54:48.189+0000] {processor.py:161} INFO - Started process (PID=2405) to work on /home/airflow/.local/lib/python3.11/site-packages/airflow/example_dags/tutorial_objectstorage.py
[2024-11-17T02:54:48.190+0000] {processor.py:830} INFO - Processing file /home/airflow/.local/lib/python3.11/site-packages/airflow/example_dags/tutorial_objectstorage.py for tasks to queue
[2024-11-17T02:54:48.192+0000] {logging_mixin.py:188} INFO - [2024-11-17T02:54:48.191+0000] {dagbag.py:545} INFO - Filling up the DagBag from /home/airflow/.local/lib/python3.11/site-packages/airflow/example_dags/tutorial_objectstorage.py
[2024-11-17T02:54:48.198+0000] {processor.py:840} INFO - DAG(s) 'tutorial_objectstorage' retrieved from /home/airflow/.local/lib/python3.11/site-packages/airflow/example_dags/tutorial_objectstorage.py
[2024-11-17T02:54:48.214+0000] {logging_mixin.py:188} INFO - [2024-11-17T02:54:48.214+0000] {dag.py:3096} INFO - Sync 1 DAGs
[2024-11-17T02:54:48.224+0000] {logging_mixin.py:188} INFO - [2024-11-17T02:54:48.224+0000] {dag.py:3954} INFO - Setting next_dagrun for tutorial_objectstorage to None, run_after=None
[2024-11-17T02:54:48.242+0000] {processor.py:183} INFO - Processing /home/airflow/.local/lib/python3.11/site-packages/airflow/example_dags/tutorial_objectstorage.py took 0.057 seconds
[2024-11-17T02:55:19.041+0000] {processor.py:161} INFO - Started process (PID=2669) to work on /home/airflow/.local/lib/python3.11/site-packages/airflow/example_dags/tutorial_objectstorage.py
[2024-11-17T02:55:19.042+0000] {processor.py:830} INFO - Processing file /home/airflow/.local/lib/python3.11/site-packages/airflow/example_dags/tutorial_objectstorage.py for tasks to queue
[2024-11-17T02:55:19.044+0000] {logging_mixin.py:188} INFO - [2024-11-17T02:55:19.043+0000] {dagbag.py:545} INFO - Filling up the DagBag from /home/airflow/.local/lib/python3.11/site-packages/airflow/example_dags/tutorial_objectstorage.py
[2024-11-17T02:55:19.050+0000] {processor.py:840} INFO - DAG(s) 'tutorial_objectstorage' retrieved from /home/airflow/.local/lib/python3.11/site-packages/airflow/example_dags/tutorial_objectstorage.py
[2024-11-17T02:55:19.067+0000] {logging_mixin.py:188} INFO - [2024-11-17T02:55:19.067+0000] {dag.py:3096} INFO - Sync 1 DAGs
[2024-11-17T02:55:19.077+0000] {logging_mixin.py:188} INFO - [2024-11-17T02:55:19.077+0000] {dag.py:3954} INFO - Setting next_dagrun for tutorial_objectstorage to None, run_after=None
[2024-11-17T02:55:19.093+0000] {processor.py:183} INFO - Processing /home/airflow/.local/lib/python3.11/site-packages/airflow/example_dags/tutorial_objectstorage.py took 0.058 seconds
[2024-11-17T02:55:49.934+0000] {processor.py:161} INFO - Started process (PID=2937) to work on /home/airflow/.local/lib/python3.11/site-packages/airflow/example_dags/tutorial_objectstorage.py
[2024-11-17T02:55:49.935+0000] {processor.py:830} INFO - Processing file /home/airflow/.local/lib/python3.11/site-packages/airflow/example_dags/tutorial_objectstorage.py for tasks to queue
[2024-11-17T02:55:49.937+0000] {logging_mixin.py:188} INFO - [2024-11-17T02:55:49.937+0000] {dagbag.py:545} INFO - Filling up the DagBag from /home/airflow/.local/lib/python3.11/site-packages/airflow/example_dags/tutorial_objectstorage.py
[2024-11-17T02:55:49.943+0000] {processor.py:840} INFO - DAG(s) 'tutorial_objectstorage' retrieved from /home/airflow/.local/lib/python3.11/site-packages/airflow/example_dags/tutorial_objectstorage.py
[2024-11-17T02:55:49.959+0000] {logging_mixin.py:188} INFO - [2024-11-17T02:55:49.959+0000] {dag.py:3096} INFO - Sync 1 DAGs
[2024-11-17T02:55:49.969+0000] {logging_mixin.py:188} INFO - [2024-11-17T02:55:49.969+0000] {dag.py:3954} INFO - Setting next_dagrun for tutorial_objectstorage to None, run_after=None
[2024-11-17T02:55:49.986+0000] {processor.py:183} INFO - Processing /home/airflow/.local/lib/python3.11/site-packages/airflow/example_dags/tutorial_objectstorage.py took 0.057 seconds
[2024-11-17T02:56:20.113+0000] {processor.py:161} INFO - Started process (PID=3201) to work on /home/airflow/.local/lib/python3.11/site-packages/airflow/example_dags/tutorial_objectstorage.py
[2024-11-17T02:56:20.114+0000] {processor.py:830} INFO - Processing file /home/airflow/.local/lib/python3.11/site-packages/airflow/example_dags/tutorial_objectstorage.py for tasks to queue
[2024-11-17T02:56:20.116+0000] {logging_mixin.py:188} INFO - [2024-11-17T02:56:20.116+0000] {dagbag.py:545} INFO - Filling up the DagBag from /home/airflow/.local/lib/python3.11/site-packages/airflow/example_dags/tutorial_objectstorage.py
[2024-11-17T02:56:20.122+0000] {processor.py:840} INFO - DAG(s) 'tutorial_objectstorage' retrieved from /home/airflow/.local/lib/python3.11/site-packages/airflow/example_dags/tutorial_objectstorage.py
[2024-11-17T02:56:20.140+0000] {logging_mixin.py:188} INFO - [2024-11-17T02:56:20.140+0000] {dag.py:3096} INFO - Sync 1 DAGs
[2024-11-17T02:56:20.151+0000] {logging_mixin.py:188} INFO - [2024-11-17T02:56:20.150+0000] {dag.py:3954} INFO - Setting next_dagrun for tutorial_objectstorage to None, run_after=None
[2024-11-17T02:56:20.168+0000] {processor.py:183} INFO - Processing /home/airflow/.local/lib/python3.11/site-packages/airflow/example_dags/tutorial_objectstorage.py took 0.060 seconds
[2024-11-17T02:56:50.478+0000] {processor.py:161} INFO - Started process (PID=3469) to work on /home/airflow/.local/lib/python3.11/site-packages/airflow/example_dags/tutorial_objectstorage.py
[2024-11-17T02:56:50.479+0000] {processor.py:830} INFO - Processing file /home/airflow/.local/lib/python3.11/site-packages/airflow/example_dags/tutorial_objectstorage.py for tasks to queue
[2024-11-17T02:56:50.481+0000] {logging_mixin.py:188} INFO - [2024-11-17T02:56:50.480+0000] {dagbag.py:545} INFO - Filling up the DagBag from /home/airflow/.local/lib/python3.11/site-packages/airflow/example_dags/tutorial_objectstorage.py
[2024-11-17T02:56:50.487+0000] {processor.py:840} INFO - DAG(s) 'tutorial_objectstorage' retrieved from /home/airflow/.local/lib/python3.11/site-packages/airflow/example_dags/tutorial_objectstorage.py
[2024-11-17T02:56:50.504+0000] {logging_mixin.py:188} INFO - [2024-11-17T02:56:50.504+0000] {dag.py:3096} INFO - Sync 1 DAGs
[2024-11-17T02:56:50.515+0000] {logging_mixin.py:188} INFO - [2024-11-17T02:56:50.514+0000] {dag.py:3954} INFO - Setting next_dagrun for tutorial_objectstorage to None, run_after=None
[2024-11-17T02:56:50.531+0000] {processor.py:183} INFO - Processing /home/airflow/.local/lib/python3.11/site-packages/airflow/example_dags/tutorial_objectstorage.py took 0.058 seconds
[2024-11-17T02:57:20.636+0000] {processor.py:161} INFO - Started process (PID=3735) to work on /home/airflow/.local/lib/python3.11/site-packages/airflow/example_dags/tutorial_objectstorage.py
[2024-11-17T02:57:20.637+0000] {processor.py:830} INFO - Processing file /home/airflow/.local/lib/python3.11/site-packages/airflow/example_dags/tutorial_objectstorage.py for tasks to queue
[2024-11-17T02:57:20.638+0000] {logging_mixin.py:188} INFO - [2024-11-17T02:57:20.638+0000] {dagbag.py:545} INFO - Filling up the DagBag from /home/airflow/.local/lib/python3.11/site-packages/airflow/example_dags/tutorial_objectstorage.py
[2024-11-17T02:57:20.644+0000] {processor.py:840} INFO - DAG(s) 'tutorial_objectstorage' retrieved from /home/airflow/.local/lib/python3.11/site-packages/airflow/example_dags/tutorial_objectstorage.py
[2024-11-17T02:57:20.662+0000] {logging_mixin.py:188} INFO - [2024-11-17T02:57:20.662+0000] {dag.py:3096} INFO - Sync 1 DAGs
[2024-11-17T02:57:20.674+0000] {logging_mixin.py:188} INFO - [2024-11-17T02:57:20.674+0000] {dag.py:3954} INFO - Setting next_dagrun for tutorial_objectstorage to None, run_after=None
[2024-11-17T02:57:20.697+0000] {processor.py:183} INFO - Processing /home/airflow/.local/lib/python3.11/site-packages/airflow/example_dags/tutorial_objectstorage.py took 0.066 seconds
[2024-11-17T02:57:51.077+0000] {processor.py:161} INFO - Started process (PID=4001) to work on /home/airflow/.local/lib/python3.11/site-packages/airflow/example_dags/tutorial_objectstorage.py
[2024-11-17T02:57:51.078+0000] {processor.py:830} INFO - Processing file /home/airflow/.local/lib/python3.11/site-packages/airflow/example_dags/tutorial_objectstorage.py for tasks to queue
[2024-11-17T02:57:51.080+0000] {logging_mixin.py:188} INFO - [2024-11-17T02:57:51.080+0000] {dagbag.py:545} INFO - Filling up the DagBag from /home/airflow/.local/lib/python3.11/site-packages/airflow/example_dags/tutorial_objectstorage.py
[2024-11-17T02:57:51.086+0000] {processor.py:840} INFO - DAG(s) 'tutorial_objectstorage' retrieved from /home/airflow/.local/lib/python3.11/site-packages/airflow/example_dags/tutorial_objectstorage.py
[2024-11-17T02:57:51.102+0000] {logging_mixin.py:188} INFO - [2024-11-17T02:57:51.102+0000] {dag.py:3096} INFO - Sync 1 DAGs
[2024-11-17T02:57:51.112+0000] {logging_mixin.py:188} INFO - [2024-11-17T02:57:51.112+0000] {dag.py:3954} INFO - Setting next_dagrun for tutorial_objectstorage to None, run_after=None
[2024-11-17T02:57:51.128+0000] {processor.py:183} INFO - Processing /home/airflow/.local/lib/python3.11/site-packages/airflow/example_dags/tutorial_objectstorage.py took 0.056 seconds
[2024-11-17T02:58:21.312+0000] {processor.py:161} INFO - Started process (PID=4267) to work on /home/airflow/.local/lib/python3.11/site-packages/airflow/example_dags/tutorial_objectstorage.py
[2024-11-17T02:58:21.313+0000] {processor.py:830} INFO - Processing file /home/airflow/.local/lib/python3.11/site-packages/airflow/example_dags/tutorial_objectstorage.py for tasks to queue
[2024-11-17T02:58:21.314+0000] {logging_mixin.py:188} INFO - [2024-11-17T02:58:21.314+0000] {dagbag.py:545} INFO - Filling up the DagBag from /home/airflow/.local/lib/python3.11/site-packages/airflow/example_dags/tutorial_objectstorage.py
[2024-11-17T02:58:21.320+0000] {processor.py:840} INFO - DAG(s) 'tutorial_objectstorage' retrieved from /home/airflow/.local/lib/python3.11/site-packages/airflow/example_dags/tutorial_objectstorage.py
[2024-11-17T02:58:21.336+0000] {logging_mixin.py:188} INFO - [2024-11-17T02:58:21.336+0000] {dag.py:3096} INFO - Sync 1 DAGs
[2024-11-17T02:58:21.346+0000] {logging_mixin.py:188} INFO - [2024-11-17T02:58:21.345+0000] {dag.py:3954} INFO - Setting next_dagrun for tutorial_objectstorage to None, run_after=None
[2024-11-17T02:58:21.363+0000] {processor.py:183} INFO - Processing /home/airflow/.local/lib/python3.11/site-packages/airflow/example_dags/tutorial_objectstorage.py took 0.055 seconds
[2024-11-17T02:58:51.581+0000] {processor.py:161} INFO - Started process (PID=4538) to work on /home/airflow/.local/lib/python3.11/site-packages/airflow/example_dags/tutorial_objectstorage.py
[2024-11-17T02:58:51.582+0000] {processor.py:830} INFO - Processing file /home/airflow/.local/lib/python3.11/site-packages/airflow/example_dags/tutorial_objectstorage.py for tasks to queue
[2024-11-17T02:58:51.583+0000] {logging_mixin.py:188} INFO - [2024-11-17T02:58:51.583+0000] {dagbag.py:545} INFO - Filling up the DagBag from /home/airflow/.local/lib/python3.11/site-packages/airflow/example_dags/tutorial_objectstorage.py
[2024-11-17T02:58:51.589+0000] {processor.py:840} INFO - DAG(s) 'tutorial_objectstorage' retrieved from /home/airflow/.local/lib/python3.11/site-packages/airflow/example_dags/tutorial_objectstorage.py
[2024-11-17T02:58:51.605+0000] {logging_mixin.py:188} INFO - [2024-11-17T02:58:51.605+0000] {dag.py:3096} INFO - Sync 1 DAGs
[2024-11-17T02:58:51.615+0000] {logging_mixin.py:188} INFO - [2024-11-17T02:58:51.615+0000] {dag.py:3954} INFO - Setting next_dagrun for tutorial_objectstorage to None, run_after=None
[2024-11-17T02:58:51.631+0000] {processor.py:183} INFO - Processing /home/airflow/.local/lib/python3.11/site-packages/airflow/example_dags/tutorial_objectstorage.py took 0.055 seconds
[2024-11-17T02:59:21.910+0000] {processor.py:161} INFO - Started process (PID=4797) to work on /home/airflow/.local/lib/python3.11/site-packages/airflow/example_dags/tutorial_objectstorage.py
[2024-11-17T02:59:21.911+0000] {processor.py:830} INFO - Processing file /home/airflow/.local/lib/python3.11/site-packages/airflow/example_dags/tutorial_objectstorage.py for tasks to queue
[2024-11-17T02:59:21.913+0000] {logging_mixin.py:188} INFO - [2024-11-17T02:59:21.913+0000] {dagbag.py:545} INFO - Filling up the DagBag from /home/airflow/.local/lib/python3.11/site-packages/airflow/example_dags/tutorial_objectstorage.py
[2024-11-17T02:59:21.919+0000] {processor.py:840} INFO - DAG(s) 'tutorial_objectstorage' retrieved from /home/airflow/.local/lib/python3.11/site-packages/airflow/example_dags/tutorial_objectstorage.py
[2024-11-17T02:59:21.936+0000] {logging_mixin.py:188} INFO - [2024-11-17T02:59:21.936+0000] {dag.py:3096} INFO - Sync 1 DAGs
[2024-11-17T02:59:21.946+0000] {logging_mixin.py:188} INFO - [2024-11-17T02:59:21.946+0000] {dag.py:3954} INFO - Setting next_dagrun for tutorial_objectstorage to None, run_after=None
[2024-11-17T02:59:21.963+0000] {processor.py:183} INFO - Processing /home/airflow/.local/lib/python3.11/site-packages/airflow/example_dags/tutorial_objectstorage.py took 0.058 seconds
[2024-11-17T02:59:52.138+0000] {processor.py:161} INFO - Started process (PID=5065) to work on /home/airflow/.local/lib/python3.11/site-packages/airflow/example_dags/tutorial_objectstorage.py
[2024-11-17T02:59:52.139+0000] {processor.py:830} INFO - Processing file /home/airflow/.local/lib/python3.11/site-packages/airflow/example_dags/tutorial_objectstorage.py for tasks to queue
[2024-11-17T02:59:52.142+0000] {logging_mixin.py:188} INFO - [2024-11-17T02:59:52.141+0000] {dagbag.py:545} INFO - Filling up the DagBag from /home/airflow/.local/lib/python3.11/site-packages/airflow/example_dags/tutorial_objectstorage.py
[2024-11-17T02:59:52.149+0000] {processor.py:840} INFO - DAG(s) 'tutorial_objectstorage' retrieved from /home/airflow/.local/lib/python3.11/site-packages/airflow/example_dags/tutorial_objectstorage.py
[2024-11-17T02:59:52.168+0000] {logging_mixin.py:188} INFO - [2024-11-17T02:59:52.168+0000] {dag.py:3096} INFO - Sync 1 DAGs
[2024-11-17T02:59:52.179+0000] {logging_mixin.py:188} INFO - [2024-11-17T02:59:52.179+0000] {dag.py:3954} INFO - Setting next_dagrun for tutorial_objectstorage to None, run_after=None
[2024-11-17T02:59:52.197+0000] {processor.py:183} INFO - Processing /home/airflow/.local/lib/python3.11/site-packages/airflow/example_dags/tutorial_objectstorage.py took 0.065 seconds
[2024-11-17T03:00:22.425+0000] {processor.py:161} INFO - Started process (PID=5331) to work on /home/airflow/.local/lib/python3.11/site-packages/airflow/example_dags/tutorial_objectstorage.py
[2024-11-17T03:00:22.426+0000] {processor.py:830} INFO - Processing file /home/airflow/.local/lib/python3.11/site-packages/airflow/example_dags/tutorial_objectstorage.py for tasks to queue
[2024-11-17T03:00:22.427+0000] {logging_mixin.py:188} INFO - [2024-11-17T03:00:22.427+0000] {dagbag.py:545} INFO - Filling up the DagBag from /home/airflow/.local/lib/python3.11/site-packages/airflow/example_dags/tutorial_objectstorage.py
[2024-11-17T03:00:22.433+0000] {processor.py:840} INFO - DAG(s) 'tutorial_objectstorage' retrieved from /home/airflow/.local/lib/python3.11/site-packages/airflow/example_dags/tutorial_objectstorage.py
[2024-11-17T03:00:22.449+0000] {logging_mixin.py:188} INFO - [2024-11-17T03:00:22.449+0000] {dag.py:3096} INFO - Sync 1 DAGs
[2024-11-17T03:00:22.459+0000] {logging_mixin.py:188} INFO - [2024-11-17T03:00:22.459+0000] {dag.py:3954} INFO - Setting next_dagrun for tutorial_objectstorage to None, run_after=None
[2024-11-17T03:00:22.475+0000] {processor.py:183} INFO - Processing /home/airflow/.local/lib/python3.11/site-packages/airflow/example_dags/tutorial_objectstorage.py took 0.055 seconds
[2024-11-17T03:00:52.764+0000] {processor.py:161} INFO - Started process (PID=5595) to work on /home/airflow/.local/lib/python3.11/site-packages/airflow/example_dags/tutorial_objectstorage.py
[2024-11-17T03:00:52.765+0000] {processor.py:830} INFO - Processing file /home/airflow/.local/lib/python3.11/site-packages/airflow/example_dags/tutorial_objectstorage.py for tasks to queue
[2024-11-17T03:00:52.767+0000] {logging_mixin.py:188} INFO - [2024-11-17T03:00:52.767+0000] {dagbag.py:545} INFO - Filling up the DagBag from /home/airflow/.local/lib/python3.11/site-packages/airflow/example_dags/tutorial_objectstorage.py
[2024-11-17T03:00:52.773+0000] {processor.py:840} INFO - DAG(s) 'tutorial_objectstorage' retrieved from /home/airflow/.local/lib/python3.11/site-packages/airflow/example_dags/tutorial_objectstorage.py
[2024-11-17T03:00:52.791+0000] {logging_mixin.py:188} INFO - [2024-11-17T03:00:52.791+0000] {dag.py:3096} INFO - Sync 1 DAGs
[2024-11-17T03:00:52.802+0000] {logging_mixin.py:188} INFO - [2024-11-17T03:00:52.801+0000] {dag.py:3954} INFO - Setting next_dagrun for tutorial_objectstorage to None, run_after=None
[2024-11-17T03:00:52.818+0000] {processor.py:183} INFO - Processing /home/airflow/.local/lib/python3.11/site-packages/airflow/example_dags/tutorial_objectstorage.py took 0.059 seconds
[2024-11-17T03:01:23.820+0000] {processor.py:161} INFO - Started process (PID=5861) to work on /home/airflow/.local/lib/python3.11/site-packages/airflow/example_dags/tutorial_objectstorage.py
[2024-11-17T03:01:23.821+0000] {processor.py:830} INFO - Processing file /home/airflow/.local/lib/python3.11/site-packages/airflow/example_dags/tutorial_objectstorage.py for tasks to queue
[2024-11-17T03:01:23.823+0000] {logging_mixin.py:188} INFO - [2024-11-17T03:01:23.823+0000] {dagbag.py:545} INFO - Filling up the DagBag from /home/airflow/.local/lib/python3.11/site-packages/airflow/example_dags/tutorial_objectstorage.py
[2024-11-17T03:01:23.831+0000] {processor.py:840} INFO - DAG(s) 'tutorial_objectstorage' retrieved from /home/airflow/.local/lib/python3.11/site-packages/airflow/example_dags/tutorial_objectstorage.py
[2024-11-17T03:01:23.854+0000] {logging_mixin.py:188} INFO - [2024-11-17T03:01:23.854+0000] {dag.py:3096} INFO - Sync 1 DAGs
[2024-11-17T03:01:23.869+0000] {logging_mixin.py:188} INFO - [2024-11-17T03:01:23.869+0000] {dag.py:3954} INFO - Setting next_dagrun for tutorial_objectstorage to None, run_after=None
[2024-11-17T03:01:23.894+0000] {processor.py:183} INFO - Processing /home/airflow/.local/lib/python3.11/site-packages/airflow/example_dags/tutorial_objectstorage.py took 0.080 seconds
[2024-11-17T03:01:54.085+0000] {processor.py:161} INFO - Started process (PID=6129) to work on /home/airflow/.local/lib/python3.11/site-packages/airflow/example_dags/tutorial_objectstorage.py
[2024-11-17T03:01:54.087+0000] {processor.py:830} INFO - Processing file /home/airflow/.local/lib/python3.11/site-packages/airflow/example_dags/tutorial_objectstorage.py for tasks to queue
[2024-11-17T03:01:54.088+0000] {logging_mixin.py:188} INFO - [2024-11-17T03:01:54.088+0000] {dagbag.py:545} INFO - Filling up the DagBag from /home/airflow/.local/lib/python3.11/site-packages/airflow/example_dags/tutorial_objectstorage.py
[2024-11-17T03:01:54.095+0000] {processor.py:840} INFO - DAG(s) 'tutorial_objectstorage' retrieved from /home/airflow/.local/lib/python3.11/site-packages/airflow/example_dags/tutorial_objectstorage.py
[2024-11-17T03:01:54.113+0000] {logging_mixin.py:188} INFO - [2024-11-17T03:01:54.112+0000] {dag.py:3096} INFO - Sync 1 DAGs
[2024-11-17T03:01:54.124+0000] {logging_mixin.py:188} INFO - [2024-11-17T03:01:54.123+0000] {dag.py:3954} INFO - Setting next_dagrun for tutorial_objectstorage to None, run_after=None
[2024-11-17T03:01:54.145+0000] {processor.py:183} INFO - Processing /home/airflow/.local/lib/python3.11/site-packages/airflow/example_dags/tutorial_objectstorage.py took 0.064 seconds
[2024-11-17T03:02:24.310+0000] {processor.py:161} INFO - Started process (PID=6395) to work on /home/airflow/.local/lib/python3.11/site-packages/airflow/example_dags/tutorial_objectstorage.py
[2024-11-17T03:02:24.311+0000] {processor.py:830} INFO - Processing file /home/airflow/.local/lib/python3.11/site-packages/airflow/example_dags/tutorial_objectstorage.py for tasks to queue
[2024-11-17T03:02:24.313+0000] {logging_mixin.py:188} INFO - [2024-11-17T03:02:24.313+0000] {dagbag.py:545} INFO - Filling up the DagBag from /home/airflow/.local/lib/python3.11/site-packages/airflow/example_dags/tutorial_objectstorage.py
[2024-11-17T03:02:24.320+0000] {processor.py:840} INFO - DAG(s) 'tutorial_objectstorage' retrieved from /home/airflow/.local/lib/python3.11/site-packages/airflow/example_dags/tutorial_objectstorage.py
[2024-11-17T03:02:24.337+0000] {logging_mixin.py:188} INFO - [2024-11-17T03:02:24.337+0000] {dag.py:3096} INFO - Sync 1 DAGs
[2024-11-17T03:02:24.348+0000] {logging_mixin.py:188} INFO - [2024-11-17T03:02:24.348+0000] {dag.py:3954} INFO - Setting next_dagrun for tutorial_objectstorage to None, run_after=None
[2024-11-17T03:02:24.367+0000] {processor.py:183} INFO - Processing /home/airflow/.local/lib/python3.11/site-packages/airflow/example_dags/tutorial_objectstorage.py took 0.062 seconds
[2024-11-17T03:02:54.576+0000] {processor.py:161} INFO - Started process (PID=6661) to work on /home/airflow/.local/lib/python3.11/site-packages/airflow/example_dags/tutorial_objectstorage.py
[2024-11-17T03:02:54.577+0000] {processor.py:830} INFO - Processing file /home/airflow/.local/lib/python3.11/site-packages/airflow/example_dags/tutorial_objectstorage.py for tasks to queue
[2024-11-17T03:02:54.579+0000] {logging_mixin.py:188} INFO - [2024-11-17T03:02:54.578+0000] {dagbag.py:545} INFO - Filling up the DagBag from /home/airflow/.local/lib/python3.11/site-packages/airflow/example_dags/tutorial_objectstorage.py
[2024-11-17T03:02:54.585+0000] {processor.py:840} INFO - DAG(s) 'tutorial_objectstorage' retrieved from /home/airflow/.local/lib/python3.11/site-packages/airflow/example_dags/tutorial_objectstorage.py
[2024-11-17T03:02:54.600+0000] {logging_mixin.py:188} INFO - [2024-11-17T03:02:54.600+0000] {dag.py:3096} INFO - Sync 1 DAGs
[2024-11-17T03:02:54.610+0000] {logging_mixin.py:188} INFO - [2024-11-17T03:02:54.610+0000] {dag.py:3954} INFO - Setting next_dagrun for tutorial_objectstorage to None, run_after=None
[2024-11-17T03:02:54.626+0000] {processor.py:183} INFO - Processing /home/airflow/.local/lib/python3.11/site-packages/airflow/example_dags/tutorial_objectstorage.py took 0.055 seconds
[2024-11-17T03:03:24.938+0000] {processor.py:161} INFO - Started process (PID=6927) to work on /home/airflow/.local/lib/python3.11/site-packages/airflow/example_dags/tutorial_objectstorage.py
[2024-11-17T03:03:24.939+0000] {processor.py:830} INFO - Processing file /home/airflow/.local/lib/python3.11/site-packages/airflow/example_dags/tutorial_objectstorage.py for tasks to queue
[2024-11-17T03:03:24.941+0000] {logging_mixin.py:188} INFO - [2024-11-17T03:03:24.941+0000] {dagbag.py:545} INFO - Filling up the DagBag from /home/airflow/.local/lib/python3.11/site-packages/airflow/example_dags/tutorial_objectstorage.py
[2024-11-17T03:03:24.947+0000] {processor.py:840} INFO - DAG(s) 'tutorial_objectstorage' retrieved from /home/airflow/.local/lib/python3.11/site-packages/airflow/example_dags/tutorial_objectstorage.py
[2024-11-17T03:03:24.962+0000] {logging_mixin.py:188} INFO - [2024-11-17T03:03:24.962+0000] {dag.py:3096} INFO - Sync 1 DAGs
[2024-11-17T03:03:24.972+0000] {logging_mixin.py:188} INFO - [2024-11-17T03:03:24.972+0000] {dag.py:3954} INFO - Setting next_dagrun for tutorial_objectstorage to None, run_after=None
[2024-11-17T03:03:24.988+0000] {processor.py:183} INFO - Processing /home/airflow/.local/lib/python3.11/site-packages/airflow/example_dags/tutorial_objectstorage.py took 0.055 seconds
[2024-11-17T03:03:55.032+0000] {processor.py:161} INFO - Started process (PID=7191) to work on /home/airflow/.local/lib/python3.11/site-packages/airflow/example_dags/tutorial_objectstorage.py
[2024-11-17T03:03:55.034+0000] {processor.py:830} INFO - Processing file /home/airflow/.local/lib/python3.11/site-packages/airflow/example_dags/tutorial_objectstorage.py for tasks to queue
[2024-11-17T03:03:55.037+0000] {logging_mixin.py:188} INFO - [2024-11-17T03:03:55.036+0000] {dagbag.py:545} INFO - Filling up the DagBag from /home/airflow/.local/lib/python3.11/site-packages/airflow/example_dags/tutorial_objectstorage.py
[2024-11-17T03:03:55.045+0000] {processor.py:840} INFO - DAG(s) 'tutorial_objectstorage' retrieved from /home/airflow/.local/lib/python3.11/site-packages/airflow/example_dags/tutorial_objectstorage.py
[2024-11-17T03:03:55.063+0000] {logging_mixin.py:188} INFO - [2024-11-17T03:03:55.063+0000] {dag.py:3096} INFO - Sync 1 DAGs
[2024-11-17T03:03:55.074+0000] {logging_mixin.py:188} INFO - [2024-11-17T03:03:55.074+0000] {dag.py:3954} INFO - Setting next_dagrun for tutorial_objectstorage to None, run_after=None
[2024-11-17T03:03:55.088+0000] {processor.py:183} INFO - Processing /home/airflow/.local/lib/python3.11/site-packages/airflow/example_dags/tutorial_objectstorage.py took 0.063 seconds
[2024-11-17T03:04:25.252+0000] {processor.py:161} INFO - Started process (PID=7457) to work on /home/airflow/.local/lib/python3.11/site-packages/airflow/example_dags/tutorial_objectstorage.py
[2024-11-17T03:04:25.253+0000] {processor.py:830} INFO - Processing file /home/airflow/.local/lib/python3.11/site-packages/airflow/example_dags/tutorial_objectstorage.py for tasks to queue
[2024-11-17T03:04:25.255+0000] {logging_mixin.py:188} INFO - [2024-11-17T03:04:25.255+0000] {dagbag.py:545} INFO - Filling up the DagBag from /home/airflow/.local/lib/python3.11/site-packages/airflow/example_dags/tutorial_objectstorage.py
[2024-11-17T03:04:25.262+0000] {processor.py:840} INFO - DAG(s) 'tutorial_objectstorage' retrieved from /home/airflow/.local/lib/python3.11/site-packages/airflow/example_dags/tutorial_objectstorage.py
[2024-11-17T03:04:25.281+0000] {logging_mixin.py:188} INFO - [2024-11-17T03:04:25.281+0000] {dag.py:3096} INFO - Sync 1 DAGs
[2024-11-17T03:04:25.291+0000] {logging_mixin.py:188} INFO - [2024-11-17T03:04:25.290+0000] {dag.py:3954} INFO - Setting next_dagrun for tutorial_objectstorage to None, run_after=None
[2024-11-17T03:04:25.306+0000] {processor.py:183} INFO - Processing /home/airflow/.local/lib/python3.11/site-packages/airflow/example_dags/tutorial_objectstorage.py took 0.059 seconds
[2024-11-17T03:04:56.040+0000] {processor.py:161} INFO - Started process (PID=7723) to work on /home/airflow/.local/lib/python3.11/site-packages/airflow/example_dags/tutorial_objectstorage.py
[2024-11-17T03:04:56.041+0000] {processor.py:830} INFO - Processing file /home/airflow/.local/lib/python3.11/site-packages/airflow/example_dags/tutorial_objectstorage.py for tasks to queue
[2024-11-17T03:04:56.043+0000] {logging_mixin.py:188} INFO - [2024-11-17T03:04:56.042+0000] {dagbag.py:545} INFO - Filling up the DagBag from /home/airflow/.local/lib/python3.11/site-packages/airflow/example_dags/tutorial_objectstorage.py
[2024-11-17T03:04:56.049+0000] {processor.py:840} INFO - DAG(s) 'tutorial_objectstorage' retrieved from /home/airflow/.local/lib/python3.11/site-packages/airflow/example_dags/tutorial_objectstorage.py
[2024-11-17T03:04:56.065+0000] {logging_mixin.py:188} INFO - [2024-11-17T03:04:56.065+0000] {dag.py:3096} INFO - Sync 1 DAGs
[2024-11-17T03:04:56.076+0000] {logging_mixin.py:188} INFO - [2024-11-17T03:04:56.076+0000] {dag.py:3954} INFO - Setting next_dagrun for tutorial_objectstorage to None, run_after=None
[2024-11-17T03:04:56.092+0000] {processor.py:183} INFO - Processing /home/airflow/.local/lib/python3.11/site-packages/airflow/example_dags/tutorial_objectstorage.py took 0.056 seconds
[2024-11-17T03:05:26.373+0000] {processor.py:161} INFO - Started process (PID=7991) to work on /home/airflow/.local/lib/python3.11/site-packages/airflow/example_dags/tutorial_objectstorage.py
[2024-11-17T03:05:26.374+0000] {processor.py:830} INFO - Processing file /home/airflow/.local/lib/python3.11/site-packages/airflow/example_dags/tutorial_objectstorage.py for tasks to queue
[2024-11-17T03:05:26.375+0000] {logging_mixin.py:188} INFO - [2024-11-17T03:05:26.375+0000] {dagbag.py:545} INFO - Filling up the DagBag from /home/airflow/.local/lib/python3.11/site-packages/airflow/example_dags/tutorial_objectstorage.py
[2024-11-17T03:05:26.382+0000] {processor.py:840} INFO - DAG(s) 'tutorial_objectstorage' retrieved from /home/airflow/.local/lib/python3.11/site-packages/airflow/example_dags/tutorial_objectstorage.py
[2024-11-17T03:05:26.400+0000] {logging_mixin.py:188} INFO - [2024-11-17T03:05:26.400+0000] {dag.py:3096} INFO - Sync 1 DAGs
[2024-11-17T03:05:26.410+0000] {logging_mixin.py:188} INFO - [2024-11-17T03:05:26.410+0000] {dag.py:3954} INFO - Setting next_dagrun for tutorial_objectstorage to None, run_after=None
[2024-11-17T03:05:26.426+0000] {processor.py:183} INFO - Processing /home/airflow/.local/lib/python3.11/site-packages/airflow/example_dags/tutorial_objectstorage.py took 0.058 seconds
