[2024-11-17T02:50:42.040+0000] {processor.py:161} INFO - Started process (PID=400) to work on /home/airflow/.local/lib/python3.11/site-packages/airflow/example_dags/tutorial.py
[2024-11-17T02:50:42.041+0000] {processor.py:830} INFO - Processing file /home/airflow/.local/lib/python3.11/site-packages/airflow/example_dags/tutorial.py for tasks to queue
[2024-11-17T02:50:42.043+0000] {logging_mixin.py:188} INFO - [2024-11-17T02:50:42.043+0000] {dagbag.py:545} INFO - Filling up the DagBag from /home/airflow/.local/lib/python3.11/site-packages/airflow/example_dags/tutorial.py
[2024-11-17T02:50:42.049+0000] {processor.py:840} INFO - DAG(s) 'tutorial' retrieved from /home/airflow/.local/lib/python3.11/site-packages/airflow/example_dags/tutorial.py
[2024-11-17T02:50:42.059+0000] {logging_mixin.py:188} INFO - [2024-11-17T02:50:42.059+0000] {dag.py:3096} INFO - Sync 1 DAGs
[2024-11-17T02:50:42.080+0000] {logging_mixin.py:188} INFO - [2024-11-17T02:50:42.080+0000] {dag.py:3954} INFO - Setting next_dagrun for tutorial to 2024-11-16 00:00:00+00:00, run_after=2024-11-17 00:00:00+00:00
[2024-11-17T02:50:42.098+0000] {processor.py:183} INFO - Processing /home/airflow/.local/lib/python3.11/site-packages/airflow/example_dags/tutorial.py took 0.063 seconds
[2024-11-17T02:51:14.814+0000] {processor.py:161} INFO - Started process (PID=666) to work on /home/airflow/.local/lib/python3.11/site-packages/airflow/example_dags/tutorial.py
[2024-11-17T02:51:14.815+0000] {processor.py:830} INFO - Processing file /home/airflow/.local/lib/python3.11/site-packages/airflow/example_dags/tutorial.py for tasks to queue
[2024-11-17T02:51:14.817+0000] {logging_mixin.py:188} INFO - [2024-11-17T02:51:14.817+0000] {dagbag.py:545} INFO - Filling up the DagBag from /home/airflow/.local/lib/python3.11/site-packages/airflow/example_dags/tutorial.py
[2024-11-17T02:51:14.822+0000] {processor.py:840} INFO - DAG(s) 'tutorial' retrieved from /home/airflow/.local/lib/python3.11/site-packages/airflow/example_dags/tutorial.py
[2024-11-17T02:51:14.933+0000] {logging_mixin.py:188} INFO - [2024-11-17T02:51:14.933+0000] {dag.py:3096} INFO - Sync 1 DAGs
[2024-11-17T02:51:14.950+0000] {logging_mixin.py:188} INFO - [2024-11-17T02:51:14.950+0000] {dag.py:3954} INFO - Setting next_dagrun for tutorial to 2024-11-16 00:00:00+00:00, run_after=2024-11-17 00:00:00+00:00
[2024-11-17T02:51:14.969+0000] {processor.py:183} INFO - Processing /home/airflow/.local/lib/python3.11/site-packages/airflow/example_dags/tutorial.py took 0.161 seconds
[2024-11-17T02:51:45.901+0000] {processor.py:161} INFO - Started process (PID=932) to work on /home/airflow/.local/lib/python3.11/site-packages/airflow/example_dags/tutorial.py
[2024-11-17T02:51:45.902+0000] {processor.py:830} INFO - Processing file /home/airflow/.local/lib/python3.11/site-packages/airflow/example_dags/tutorial.py for tasks to queue
[2024-11-17T02:51:45.904+0000] {logging_mixin.py:188} INFO - [2024-11-17T02:51:45.904+0000] {dagbag.py:545} INFO - Filling up the DagBag from /home/airflow/.local/lib/python3.11/site-packages/airflow/example_dags/tutorial.py
[2024-11-17T02:51:45.909+0000] {processor.py:840} INFO - DAG(s) 'tutorial' retrieved from /home/airflow/.local/lib/python3.11/site-packages/airflow/example_dags/tutorial.py
[2024-11-17T02:51:45.927+0000] {logging_mixin.py:188} INFO - [2024-11-17T02:51:45.926+0000] {dag.py:3096} INFO - Sync 1 DAGs
[2024-11-17T02:51:45.943+0000] {logging_mixin.py:188} INFO - [2024-11-17T02:51:45.943+0000] {dag.py:3954} INFO - Setting next_dagrun for tutorial to 2024-11-16 00:00:00+00:00, run_after=2024-11-17 00:00:00+00:00
[2024-11-17T02:51:45.960+0000] {processor.py:183} INFO - Processing /home/airflow/.local/lib/python3.11/site-packages/airflow/example_dags/tutorial.py took 0.063 seconds
[2024-11-17T02:52:16.012+0000] {processor.py:161} INFO - Started process (PID=1198) to work on /home/airflow/.local/lib/python3.11/site-packages/airflow/example_dags/tutorial.py
[2024-11-17T02:52:16.013+0000] {processor.py:830} INFO - Processing file /home/airflow/.local/lib/python3.11/site-packages/airflow/example_dags/tutorial.py for tasks to queue
[2024-11-17T02:52:16.015+0000] {logging_mixin.py:188} INFO - [2024-11-17T02:52:16.014+0000] {dagbag.py:545} INFO - Filling up the DagBag from /home/airflow/.local/lib/python3.11/site-packages/airflow/example_dags/tutorial.py
[2024-11-17T02:52:16.019+0000] {processor.py:840} INFO - DAG(s) 'tutorial' retrieved from /home/airflow/.local/lib/python3.11/site-packages/airflow/example_dags/tutorial.py
[2024-11-17T02:52:16.037+0000] {logging_mixin.py:188} INFO - [2024-11-17T02:52:16.036+0000] {dag.py:3096} INFO - Sync 1 DAGs
[2024-11-17T02:52:16.054+0000] {logging_mixin.py:188} INFO - [2024-11-17T02:52:16.054+0000] {dag.py:3954} INFO - Setting next_dagrun for tutorial to 2024-11-16 00:00:00+00:00, run_after=2024-11-17 00:00:00+00:00
[2024-11-17T02:52:16.073+0000] {processor.py:183} INFO - Processing /home/airflow/.local/lib/python3.11/site-packages/airflow/example_dags/tutorial.py took 0.066 seconds
[2024-11-17T02:52:46.225+0000] {processor.py:161} INFO - Started process (PID=1464) to work on /home/airflow/.local/lib/python3.11/site-packages/airflow/example_dags/tutorial.py
[2024-11-17T02:52:46.226+0000] {processor.py:830} INFO - Processing file /home/airflow/.local/lib/python3.11/site-packages/airflow/example_dags/tutorial.py for tasks to queue
[2024-11-17T02:52:46.228+0000] {logging_mixin.py:188} INFO - [2024-11-17T02:52:46.228+0000] {dagbag.py:545} INFO - Filling up the DagBag from /home/airflow/.local/lib/python3.11/site-packages/airflow/example_dags/tutorial.py
[2024-11-17T02:52:46.234+0000] {processor.py:840} INFO - DAG(s) 'tutorial' retrieved from /home/airflow/.local/lib/python3.11/site-packages/airflow/example_dags/tutorial.py
[2024-11-17T02:52:46.256+0000] {logging_mixin.py:188} INFO - [2024-11-17T02:52:46.256+0000] {dag.py:3096} INFO - Sync 1 DAGs
[2024-11-17T02:52:46.277+0000] {logging_mixin.py:188} INFO - [2024-11-17T02:52:46.277+0000] {dag.py:3954} INFO - Setting next_dagrun for tutorial to 2024-11-16 00:00:00+00:00, run_after=2024-11-17 00:00:00+00:00
[2024-11-17T02:52:46.295+0000] {processor.py:183} INFO - Processing /home/airflow/.local/lib/python3.11/site-packages/airflow/example_dags/tutorial.py took 0.075 seconds
[2024-11-17T02:53:17.380+0000] {processor.py:161} INFO - Started process (PID=1732) to work on /home/airflow/.local/lib/python3.11/site-packages/airflow/example_dags/tutorial.py
[2024-11-17T02:53:17.381+0000] {processor.py:830} INFO - Processing file /home/airflow/.local/lib/python3.11/site-packages/airflow/example_dags/tutorial.py for tasks to queue
[2024-11-17T02:53:17.382+0000] {logging_mixin.py:188} INFO - [2024-11-17T02:53:17.382+0000] {dagbag.py:545} INFO - Filling up the DagBag from /home/airflow/.local/lib/python3.11/site-packages/airflow/example_dags/tutorial.py
[2024-11-17T02:53:17.387+0000] {processor.py:840} INFO - DAG(s) 'tutorial' retrieved from /home/airflow/.local/lib/python3.11/site-packages/airflow/example_dags/tutorial.py
[2024-11-17T02:53:17.405+0000] {logging_mixin.py:188} INFO - [2024-11-17T02:53:17.405+0000] {dag.py:3096} INFO - Sync 1 DAGs
[2024-11-17T02:53:17.424+0000] {logging_mixin.py:188} INFO - [2024-11-17T02:53:17.424+0000] {dag.py:3954} INFO - Setting next_dagrun for tutorial to 2024-11-16 00:00:00+00:00, run_after=2024-11-17 00:00:00+00:00
[2024-11-17T02:53:17.442+0000] {processor.py:183} INFO - Processing /home/airflow/.local/lib/python3.11/site-packages/airflow/example_dags/tutorial.py took 0.067 seconds
[2024-11-17T02:53:47.548+0000] {processor.py:161} INFO - Started process (PID=1996) to work on /home/airflow/.local/lib/python3.11/site-packages/airflow/example_dags/tutorial.py
[2024-11-17T02:53:47.549+0000] {processor.py:830} INFO - Processing file /home/airflow/.local/lib/python3.11/site-packages/airflow/example_dags/tutorial.py for tasks to queue
[2024-11-17T02:53:47.551+0000] {logging_mixin.py:188} INFO - [2024-11-17T02:53:47.551+0000] {dagbag.py:545} INFO - Filling up the DagBag from /home/airflow/.local/lib/python3.11/site-packages/airflow/example_dags/tutorial.py
[2024-11-17T02:53:47.556+0000] {processor.py:840} INFO - DAG(s) 'tutorial' retrieved from /home/airflow/.local/lib/python3.11/site-packages/airflow/example_dags/tutorial.py
[2024-11-17T02:53:47.575+0000] {logging_mixin.py:188} INFO - [2024-11-17T02:53:47.575+0000] {dag.py:3096} INFO - Sync 1 DAGs
[2024-11-17T02:53:47.595+0000] {logging_mixin.py:188} INFO - [2024-11-17T02:53:47.595+0000] {dag.py:3954} INFO - Setting next_dagrun for tutorial to 2024-11-16 00:00:00+00:00, run_after=2024-11-17 00:00:00+00:00
[2024-11-17T02:53:47.612+0000] {processor.py:183} INFO - Processing /home/airflow/.local/lib/python3.11/site-packages/airflow/example_dags/tutorial.py took 0.068 seconds
[2024-11-17T02:54:18.608+0000] {processor.py:161} INFO - Started process (PID=2262) to work on /home/airflow/.local/lib/python3.11/site-packages/airflow/example_dags/tutorial.py
[2024-11-17T02:54:18.609+0000] {processor.py:830} INFO - Processing file /home/airflow/.local/lib/python3.11/site-packages/airflow/example_dags/tutorial.py for tasks to queue
[2024-11-17T02:54:18.611+0000] {logging_mixin.py:188} INFO - [2024-11-17T02:54:18.610+0000] {dagbag.py:545} INFO - Filling up the DagBag from /home/airflow/.local/lib/python3.11/site-packages/airflow/example_dags/tutorial.py
[2024-11-17T02:54:18.616+0000] {processor.py:840} INFO - DAG(s) 'tutorial' retrieved from /home/airflow/.local/lib/python3.11/site-packages/airflow/example_dags/tutorial.py
[2024-11-17T02:54:18.634+0000] {logging_mixin.py:188} INFO - [2024-11-17T02:54:18.634+0000] {dag.py:3096} INFO - Sync 1 DAGs
[2024-11-17T02:54:18.652+0000] {logging_mixin.py:188} INFO - [2024-11-17T02:54:18.652+0000] {dag.py:3954} INFO - Setting next_dagrun for tutorial to 2024-11-16 00:00:00+00:00, run_after=2024-11-17 00:00:00+00:00
[2024-11-17T02:54:18.670+0000] {processor.py:183} INFO - Processing /home/airflow/.local/lib/python3.11/site-packages/airflow/example_dags/tutorial.py took 0.068 seconds
[2024-11-17T02:54:49.585+0000] {processor.py:161} INFO - Started process (PID=2530) to work on /home/airflow/.local/lib/python3.11/site-packages/airflow/example_dags/tutorial.py
[2024-11-17T02:54:49.585+0000] {processor.py:830} INFO - Processing file /home/airflow/.local/lib/python3.11/site-packages/airflow/example_dags/tutorial.py for tasks to queue
[2024-11-17T02:54:49.587+0000] {logging_mixin.py:188} INFO - [2024-11-17T02:54:49.587+0000] {dagbag.py:545} INFO - Filling up the DagBag from /home/airflow/.local/lib/python3.11/site-packages/airflow/example_dags/tutorial.py
[2024-11-17T02:54:49.592+0000] {processor.py:840} INFO - DAG(s) 'tutorial' retrieved from /home/airflow/.local/lib/python3.11/site-packages/airflow/example_dags/tutorial.py
[2024-11-17T02:54:49.609+0000] {logging_mixin.py:188} INFO - [2024-11-17T02:54:49.609+0000] {dag.py:3096} INFO - Sync 1 DAGs
[2024-11-17T02:54:49.626+0000] {logging_mixin.py:188} INFO - [2024-11-17T02:54:49.626+0000] {dag.py:3954} INFO - Setting next_dagrun for tutorial to 2024-11-16 00:00:00+00:00, run_after=2024-11-17 00:00:00+00:00
[2024-11-17T02:54:49.644+0000] {processor.py:183} INFO - Processing /home/airflow/.local/lib/python3.11/site-packages/airflow/example_dags/tutorial.py took 0.064 seconds
[2024-11-17T02:55:20.339+0000] {processor.py:161} INFO - Started process (PID=2796) to work on /home/airflow/.local/lib/python3.11/site-packages/airflow/example_dags/tutorial.py
[2024-11-17T02:55:20.340+0000] {processor.py:830} INFO - Processing file /home/airflow/.local/lib/python3.11/site-packages/airflow/example_dags/tutorial.py for tasks to queue
[2024-11-17T02:55:20.342+0000] {logging_mixin.py:188} INFO - [2024-11-17T02:55:20.342+0000] {dagbag.py:545} INFO - Filling up the DagBag from /home/airflow/.local/lib/python3.11/site-packages/airflow/example_dags/tutorial.py
[2024-11-17T02:55:20.347+0000] {processor.py:840} INFO - DAG(s) 'tutorial' retrieved from /home/airflow/.local/lib/python3.11/site-packages/airflow/example_dags/tutorial.py
[2024-11-17T02:55:20.365+0000] {logging_mixin.py:188} INFO - [2024-11-17T02:55:20.364+0000] {dag.py:3096} INFO - Sync 1 DAGs
[2024-11-17T02:55:20.382+0000] {logging_mixin.py:188} INFO - [2024-11-17T02:55:20.382+0000] {dag.py:3954} INFO - Setting next_dagrun for tutorial to 2024-11-16 00:00:00+00:00, run_after=2024-11-17 00:00:00+00:00
[2024-11-17T02:55:20.401+0000] {processor.py:183} INFO - Processing /home/airflow/.local/lib/python3.11/site-packages/airflow/example_dags/tutorial.py took 0.066 seconds
[2024-11-17T02:55:51.611+0000] {processor.py:161} INFO - Started process (PID=3062) to work on /home/airflow/.local/lib/python3.11/site-packages/airflow/example_dags/tutorial.py
[2024-11-17T02:55:51.612+0000] {processor.py:830} INFO - Processing file /home/airflow/.local/lib/python3.11/site-packages/airflow/example_dags/tutorial.py for tasks to queue
[2024-11-17T02:55:51.614+0000] {logging_mixin.py:188} INFO - [2024-11-17T02:55:51.614+0000] {dagbag.py:545} INFO - Filling up the DagBag from /home/airflow/.local/lib/python3.11/site-packages/airflow/example_dags/tutorial.py
[2024-11-17T02:55:51.619+0000] {processor.py:840} INFO - DAG(s) 'tutorial' retrieved from /home/airflow/.local/lib/python3.11/site-packages/airflow/example_dags/tutorial.py
[2024-11-17T02:55:51.636+0000] {logging_mixin.py:188} INFO - [2024-11-17T02:55:51.636+0000] {dag.py:3096} INFO - Sync 1 DAGs
[2024-11-17T02:55:51.654+0000] {logging_mixin.py:188} INFO - [2024-11-17T02:55:51.654+0000] {dag.py:3954} INFO - Setting next_dagrun for tutorial to 2024-11-16 00:00:00+00:00, run_after=2024-11-17 00:00:00+00:00
[2024-11-17T02:55:51.671+0000] {processor.py:183} INFO - Processing /home/airflow/.local/lib/python3.11/site-packages/airflow/example_dags/tutorial.py took 0.065 seconds
[2024-11-17T02:56:21.758+0000] {processor.py:161} INFO - Started process (PID=3326) to work on /home/airflow/.local/lib/python3.11/site-packages/airflow/example_dags/tutorial.py
[2024-11-17T02:56:21.759+0000] {processor.py:830} INFO - Processing file /home/airflow/.local/lib/python3.11/site-packages/airflow/example_dags/tutorial.py for tasks to queue
[2024-11-17T02:56:21.760+0000] {logging_mixin.py:188} INFO - [2024-11-17T02:56:21.760+0000] {dagbag.py:545} INFO - Filling up the DagBag from /home/airflow/.local/lib/python3.11/site-packages/airflow/example_dags/tutorial.py
[2024-11-17T02:56:21.767+0000] {processor.py:840} INFO - DAG(s) 'tutorial' retrieved from /home/airflow/.local/lib/python3.11/site-packages/airflow/example_dags/tutorial.py
[2024-11-17T02:56:21.788+0000] {logging_mixin.py:188} INFO - [2024-11-17T02:56:21.787+0000] {dag.py:3096} INFO - Sync 1 DAGs
[2024-11-17T02:56:21.807+0000] {logging_mixin.py:188} INFO - [2024-11-17T02:56:21.807+0000] {dag.py:3954} INFO - Setting next_dagrun for tutorial to 2024-11-16 00:00:00+00:00, run_after=2024-11-17 00:00:00+00:00
[2024-11-17T02:56:21.828+0000] {processor.py:183} INFO - Processing /home/airflow/.local/lib/python3.11/site-packages/airflow/example_dags/tutorial.py took 0.076 seconds
[2024-11-17T02:56:51.949+0000] {processor.py:161} INFO - Started process (PID=3589) to work on /home/airflow/.local/lib/python3.11/site-packages/airflow/example_dags/tutorial.py
[2024-11-17T02:56:51.950+0000] {processor.py:830} INFO - Processing file /home/airflow/.local/lib/python3.11/site-packages/airflow/example_dags/tutorial.py for tasks to queue
[2024-11-17T02:56:51.952+0000] {logging_mixin.py:188} INFO - [2024-11-17T02:56:51.952+0000] {dagbag.py:545} INFO - Filling up the DagBag from /home/airflow/.local/lib/python3.11/site-packages/airflow/example_dags/tutorial.py
[2024-11-17T02:56:51.957+0000] {processor.py:840} INFO - DAG(s) 'tutorial' retrieved from /home/airflow/.local/lib/python3.11/site-packages/airflow/example_dags/tutorial.py
[2024-11-17T02:56:51.974+0000] {logging_mixin.py:188} INFO - [2024-11-17T02:56:51.973+0000] {dag.py:3096} INFO - Sync 1 DAGs
[2024-11-17T02:56:51.990+0000] {logging_mixin.py:188} INFO - [2024-11-17T02:56:51.990+0000] {dag.py:3954} INFO - Setting next_dagrun for tutorial to 2024-11-16 00:00:00+00:00, run_after=2024-11-17 00:00:00+00:00
[2024-11-17T02:56:52.006+0000] {processor.py:183} INFO - Processing /home/airflow/.local/lib/python3.11/site-packages/airflow/example_dags/tutorial.py took 0.062 seconds
[2024-11-17T02:57:22.038+0000] {processor.py:161} INFO - Started process (PID=3853) to work on /home/airflow/.local/lib/python3.11/site-packages/airflow/example_dags/tutorial.py
[2024-11-17T02:57:22.039+0000] {processor.py:830} INFO - Processing file /home/airflow/.local/lib/python3.11/site-packages/airflow/example_dags/tutorial.py for tasks to queue
[2024-11-17T02:57:22.041+0000] {logging_mixin.py:188} INFO - [2024-11-17T02:57:22.040+0000] {dagbag.py:545} INFO - Filling up the DagBag from /home/airflow/.local/lib/python3.11/site-packages/airflow/example_dags/tutorial.py
[2024-11-17T02:57:22.046+0000] {processor.py:840} INFO - DAG(s) 'tutorial' retrieved from /home/airflow/.local/lib/python3.11/site-packages/airflow/example_dags/tutorial.py
[2024-11-17T02:57:22.063+0000] {logging_mixin.py:188} INFO - [2024-11-17T02:57:22.063+0000] {dag.py:3096} INFO - Sync 1 DAGs
[2024-11-17T02:57:22.083+0000] {logging_mixin.py:188} INFO - [2024-11-17T02:57:22.083+0000] {dag.py:3954} INFO - Setting next_dagrun for tutorial to 2024-11-16 00:00:00+00:00, run_after=2024-11-17 00:00:00+00:00
[2024-11-17T02:57:22.100+0000] {processor.py:183} INFO - Processing /home/airflow/.local/lib/python3.11/site-packages/airflow/example_dags/tutorial.py took 0.067 seconds
[2024-11-17T02:57:52.463+0000] {processor.py:161} INFO - Started process (PID=4121) to work on /home/airflow/.local/lib/python3.11/site-packages/airflow/example_dags/tutorial.py
[2024-11-17T02:57:52.464+0000] {processor.py:830} INFO - Processing file /home/airflow/.local/lib/python3.11/site-packages/airflow/example_dags/tutorial.py for tasks to queue
[2024-11-17T02:57:52.466+0000] {logging_mixin.py:188} INFO - [2024-11-17T02:57:52.465+0000] {dagbag.py:545} INFO - Filling up the DagBag from /home/airflow/.local/lib/python3.11/site-packages/airflow/example_dags/tutorial.py
[2024-11-17T02:57:52.471+0000] {processor.py:840} INFO - DAG(s) 'tutorial' retrieved from /home/airflow/.local/lib/python3.11/site-packages/airflow/example_dags/tutorial.py
[2024-11-17T02:57:52.487+0000] {logging_mixin.py:188} INFO - [2024-11-17T02:57:52.487+0000] {dag.py:3096} INFO - Sync 1 DAGs
[2024-11-17T02:57:52.503+0000] {logging_mixin.py:188} INFO - [2024-11-17T02:57:52.503+0000] {dag.py:3954} INFO - Setting next_dagrun for tutorial to 2024-11-16 00:00:00+00:00, run_after=2024-11-17 00:00:00+00:00
[2024-11-17T02:57:52.518+0000] {processor.py:183} INFO - Processing /home/airflow/.local/lib/python3.11/site-packages/airflow/example_dags/tutorial.py took 0.060 seconds
[2024-11-17T02:58:22.710+0000] {processor.py:161} INFO - Started process (PID=4385) to work on /home/airflow/.local/lib/python3.11/site-packages/airflow/example_dags/tutorial.py
[2024-11-17T02:58:22.711+0000] {processor.py:830} INFO - Processing file /home/airflow/.local/lib/python3.11/site-packages/airflow/example_dags/tutorial.py for tasks to queue
[2024-11-17T02:58:22.713+0000] {logging_mixin.py:188} INFO - [2024-11-17T02:58:22.713+0000] {dagbag.py:545} INFO - Filling up the DagBag from /home/airflow/.local/lib/python3.11/site-packages/airflow/example_dags/tutorial.py
[2024-11-17T02:58:22.718+0000] {processor.py:840} INFO - DAG(s) 'tutorial' retrieved from /home/airflow/.local/lib/python3.11/site-packages/airflow/example_dags/tutorial.py
[2024-11-17T02:58:22.734+0000] {logging_mixin.py:188} INFO - [2024-11-17T02:58:22.734+0000] {dag.py:3096} INFO - Sync 1 DAGs
[2024-11-17T02:58:22.752+0000] {logging_mixin.py:188} INFO - [2024-11-17T02:58:22.752+0000] {dag.py:3954} INFO - Setting next_dagrun for tutorial to 2024-11-16 00:00:00+00:00, run_after=2024-11-17 00:00:00+00:00
[2024-11-17T02:58:22.768+0000] {processor.py:183} INFO - Processing /home/airflow/.local/lib/python3.11/site-packages/airflow/example_dags/tutorial.py took 0.063 seconds
[2024-11-17T02:58:52.964+0000] {processor.py:161} INFO - Started process (PID=4653) to work on /home/airflow/.local/lib/python3.11/site-packages/airflow/example_dags/tutorial.py
[2024-11-17T02:58:52.965+0000] {processor.py:830} INFO - Processing file /home/airflow/.local/lib/python3.11/site-packages/airflow/example_dags/tutorial.py for tasks to queue
[2024-11-17T02:58:52.967+0000] {logging_mixin.py:188} INFO - [2024-11-17T02:58:52.967+0000] {dagbag.py:545} INFO - Filling up the DagBag from /home/airflow/.local/lib/python3.11/site-packages/airflow/example_dags/tutorial.py
[2024-11-17T02:58:52.972+0000] {processor.py:840} INFO - DAG(s) 'tutorial' retrieved from /home/airflow/.local/lib/python3.11/site-packages/airflow/example_dags/tutorial.py
[2024-11-17T02:58:52.988+0000] {logging_mixin.py:188} INFO - [2024-11-17T02:58:52.988+0000] {dag.py:3096} INFO - Sync 1 DAGs
[2024-11-17T02:58:53.006+0000] {logging_mixin.py:188} INFO - [2024-11-17T02:58:53.006+0000] {dag.py:3954} INFO - Setting next_dagrun for tutorial to 2024-11-16 00:00:00+00:00, run_after=2024-11-17 00:00:00+00:00
[2024-11-17T02:58:53.022+0000] {processor.py:183} INFO - Processing /home/airflow/.local/lib/python3.11/site-packages/airflow/example_dags/tutorial.py took 0.063 seconds
[2024-11-17T02:59:23.185+0000] {processor.py:161} INFO - Started process (PID=4917) to work on /home/airflow/.local/lib/python3.11/site-packages/airflow/example_dags/tutorial.py
[2024-11-17T02:59:23.186+0000] {processor.py:830} INFO - Processing file /home/airflow/.local/lib/python3.11/site-packages/airflow/example_dags/tutorial.py for tasks to queue
[2024-11-17T02:59:23.187+0000] {logging_mixin.py:188} INFO - [2024-11-17T02:59:23.187+0000] {dagbag.py:545} INFO - Filling up the DagBag from /home/airflow/.local/lib/python3.11/site-packages/airflow/example_dags/tutorial.py
[2024-11-17T02:59:23.193+0000] {processor.py:840} INFO - DAG(s) 'tutorial' retrieved from /home/airflow/.local/lib/python3.11/site-packages/airflow/example_dags/tutorial.py
[2024-11-17T02:59:23.209+0000] {logging_mixin.py:188} INFO - [2024-11-17T02:59:23.209+0000] {dag.py:3096} INFO - Sync 1 DAGs
[2024-11-17T02:59:23.227+0000] {logging_mixin.py:188} INFO - [2024-11-17T02:59:23.227+0000] {dag.py:3954} INFO - Setting next_dagrun for tutorial to 2024-11-16 00:00:00+00:00, run_after=2024-11-17 00:00:00+00:00
[2024-11-17T02:59:23.242+0000] {processor.py:183} INFO - Processing /home/airflow/.local/lib/python3.11/site-packages/airflow/example_dags/tutorial.py took 0.062 seconds
[2024-11-17T02:59:53.440+0000] {processor.py:161} INFO - Started process (PID=5183) to work on /home/airflow/.local/lib/python3.11/site-packages/airflow/example_dags/tutorial.py
[2024-11-17T02:59:53.442+0000] {processor.py:830} INFO - Processing file /home/airflow/.local/lib/python3.11/site-packages/airflow/example_dags/tutorial.py for tasks to queue
[2024-11-17T02:59:53.445+0000] {logging_mixin.py:188} INFO - [2024-11-17T02:59:53.444+0000] {dagbag.py:545} INFO - Filling up the DagBag from /home/airflow/.local/lib/python3.11/site-packages/airflow/example_dags/tutorial.py
[2024-11-17T02:59:53.455+0000] {processor.py:840} INFO - DAG(s) 'tutorial' retrieved from /home/airflow/.local/lib/python3.11/site-packages/airflow/example_dags/tutorial.py
[2024-11-17T02:59:53.503+0000] {logging_mixin.py:188} INFO - [2024-11-17T02:59:53.502+0000] {dag.py:3096} INFO - Sync 1 DAGs
[2024-11-17T02:59:53.563+0000] {logging_mixin.py:188} INFO - [2024-11-17T02:59:53.562+0000] {dag.py:3954} INFO - Setting next_dagrun for tutorial to 2024-11-16 00:00:00+00:00, run_after=2024-11-17 00:00:00+00:00
[2024-11-17T02:59:53.600+0000] {processor.py:183} INFO - Processing /home/airflow/.local/lib/python3.11/site-packages/airflow/example_dags/tutorial.py took 0.168 seconds
[2024-11-17T03:00:23.957+0000] {processor.py:161} INFO - Started process (PID=5451) to work on /home/airflow/.local/lib/python3.11/site-packages/airflow/example_dags/tutorial.py
[2024-11-17T03:00:23.958+0000] {processor.py:830} INFO - Processing file /home/airflow/.local/lib/python3.11/site-packages/airflow/example_dags/tutorial.py for tasks to queue
[2024-11-17T03:00:23.960+0000] {logging_mixin.py:188} INFO - [2024-11-17T03:00:23.960+0000] {dagbag.py:545} INFO - Filling up the DagBag from /home/airflow/.local/lib/python3.11/site-packages/airflow/example_dags/tutorial.py
[2024-11-17T03:00:23.965+0000] {processor.py:840} INFO - DAG(s) 'tutorial' retrieved from /home/airflow/.local/lib/python3.11/site-packages/airflow/example_dags/tutorial.py
[2024-11-17T03:00:23.984+0000] {logging_mixin.py:188} INFO - [2024-11-17T03:00:23.983+0000] {dag.py:3096} INFO - Sync 1 DAGs
[2024-11-17T03:00:24.001+0000] {logging_mixin.py:188} INFO - [2024-11-17T03:00:24.001+0000] {dag.py:3954} INFO - Setting next_dagrun for tutorial to 2024-11-16 00:00:00+00:00, run_after=2024-11-17 00:00:00+00:00
[2024-11-17T03:00:24.018+0000] {processor.py:183} INFO - Processing /home/airflow/.local/lib/python3.11/site-packages/airflow/example_dags/tutorial.py took 0.066 seconds
[2024-11-17T03:00:54.145+0000] {processor.py:161} INFO - Started process (PID=5715) to work on /home/airflow/.local/lib/python3.11/site-packages/airflow/example_dags/tutorial.py
[2024-11-17T03:00:54.146+0000] {processor.py:830} INFO - Processing file /home/airflow/.local/lib/python3.11/site-packages/airflow/example_dags/tutorial.py for tasks to queue
[2024-11-17T03:00:54.148+0000] {logging_mixin.py:188} INFO - [2024-11-17T03:00:54.148+0000] {dagbag.py:545} INFO - Filling up the DagBag from /home/airflow/.local/lib/python3.11/site-packages/airflow/example_dags/tutorial.py
[2024-11-17T03:00:54.154+0000] {processor.py:840} INFO - DAG(s) 'tutorial' retrieved from /home/airflow/.local/lib/python3.11/site-packages/airflow/example_dags/tutorial.py
[2024-11-17T03:00:54.172+0000] {logging_mixin.py:188} INFO - [2024-11-17T03:00:54.172+0000] {dag.py:3096} INFO - Sync 1 DAGs
[2024-11-17T03:00:54.190+0000] {logging_mixin.py:188} INFO - [2024-11-17T03:00:54.190+0000] {dag.py:3954} INFO - Setting next_dagrun for tutorial to 2024-11-16 00:00:00+00:00, run_after=2024-11-17 00:00:00+00:00
[2024-11-17T03:00:54.207+0000] {processor.py:183} INFO - Processing /home/airflow/.local/lib/python3.11/site-packages/airflow/example_dags/tutorial.py took 0.067 seconds
[2024-11-17T03:01:25.036+0000] {processor.py:161} INFO - Started process (PID=5981) to work on /home/airflow/.local/lib/python3.11/site-packages/airflow/example_dags/tutorial.py
[2024-11-17T03:01:25.037+0000] {processor.py:830} INFO - Processing file /home/airflow/.local/lib/python3.11/site-packages/airflow/example_dags/tutorial.py for tasks to queue
[2024-11-17T03:01:25.039+0000] {logging_mixin.py:188} INFO - [2024-11-17T03:01:25.038+0000] {dagbag.py:545} INFO - Filling up the DagBag from /home/airflow/.local/lib/python3.11/site-packages/airflow/example_dags/tutorial.py
[2024-11-17T03:01:25.044+0000] {processor.py:840} INFO - DAG(s) 'tutorial' retrieved from /home/airflow/.local/lib/python3.11/site-packages/airflow/example_dags/tutorial.py
[2024-11-17T03:01:25.062+0000] {logging_mixin.py:188} INFO - [2024-11-17T03:01:25.061+0000] {dag.py:3096} INFO - Sync 1 DAGs
[2024-11-17T03:01:25.081+0000] {logging_mixin.py:188} INFO - [2024-11-17T03:01:25.081+0000] {dag.py:3954} INFO - Setting next_dagrun for tutorial to 2024-11-16 00:00:00+00:00, run_after=2024-11-17 00:00:00+00:00
[2024-11-17T03:01:25.099+0000] {processor.py:183} INFO - Processing /home/airflow/.local/lib/python3.11/site-packages/airflow/example_dags/tutorial.py took 0.069 seconds
[2024-11-17T03:01:55.765+0000] {processor.py:161} INFO - Started process (PID=6247) to work on /home/airflow/.local/lib/python3.11/site-packages/airflow/example_dags/tutorial.py
[2024-11-17T03:01:55.766+0000] {processor.py:830} INFO - Processing file /home/airflow/.local/lib/python3.11/site-packages/airflow/example_dags/tutorial.py for tasks to queue
[2024-11-17T03:01:55.768+0000] {logging_mixin.py:188} INFO - [2024-11-17T03:01:55.768+0000] {dagbag.py:545} INFO - Filling up the DagBag from /home/airflow/.local/lib/python3.11/site-packages/airflow/example_dags/tutorial.py
[2024-11-17T03:01:55.773+0000] {processor.py:840} INFO - DAG(s) 'tutorial' retrieved from /home/airflow/.local/lib/python3.11/site-packages/airflow/example_dags/tutorial.py
[2024-11-17T03:01:55.791+0000] {logging_mixin.py:188} INFO - [2024-11-17T03:01:55.791+0000] {dag.py:3096} INFO - Sync 1 DAGs
[2024-11-17T03:01:55.809+0000] {logging_mixin.py:188} INFO - [2024-11-17T03:01:55.809+0000] {dag.py:3954} INFO - Setting next_dagrun for tutorial to 2024-11-16 00:00:00+00:00, run_after=2024-11-17 00:00:00+00:00
[2024-11-17T03:01:55.828+0000] {processor.py:183} INFO - Processing /home/airflow/.local/lib/python3.11/site-packages/airflow/example_dags/tutorial.py took 0.068 seconds
[2024-11-17T03:02:25.941+0000] {processor.py:161} INFO - Started process (PID=6513) to work on /home/airflow/.local/lib/python3.11/site-packages/airflow/example_dags/tutorial.py
[2024-11-17T03:02:25.942+0000] {processor.py:830} INFO - Processing file /home/airflow/.local/lib/python3.11/site-packages/airflow/example_dags/tutorial.py for tasks to queue
[2024-11-17T03:02:25.944+0000] {logging_mixin.py:188} INFO - [2024-11-17T03:02:25.943+0000] {dagbag.py:545} INFO - Filling up the DagBag from /home/airflow/.local/lib/python3.11/site-packages/airflow/example_dags/tutorial.py
[2024-11-17T03:02:25.950+0000] {processor.py:840} INFO - DAG(s) 'tutorial' retrieved from /home/airflow/.local/lib/python3.11/site-packages/airflow/example_dags/tutorial.py
[2024-11-17T03:02:25.970+0000] {logging_mixin.py:188} INFO - [2024-11-17T03:02:25.970+0000] {dag.py:3096} INFO - Sync 1 DAGs
[2024-11-17T03:02:25.989+0000] {logging_mixin.py:188} INFO - [2024-11-17T03:02:25.989+0000] {dag.py:3954} INFO - Setting next_dagrun for tutorial to 2024-11-16 00:00:00+00:00, run_after=2024-11-17 00:00:00+00:00
[2024-11-17T03:02:26.007+0000] {processor.py:183} INFO - Processing /home/airflow/.local/lib/python3.11/site-packages/airflow/example_dags/tutorial.py took 0.071 seconds
[2024-11-17T03:02:56.861+0000] {processor.py:161} INFO - Started process (PID=6781) to work on /home/airflow/.local/lib/python3.11/site-packages/airflow/example_dags/tutorial.py
[2024-11-17T03:02:56.862+0000] {processor.py:830} INFO - Processing file /home/airflow/.local/lib/python3.11/site-packages/airflow/example_dags/tutorial.py for tasks to queue
[2024-11-17T03:02:56.864+0000] {logging_mixin.py:188} INFO - [2024-11-17T03:02:56.863+0000] {dagbag.py:545} INFO - Filling up the DagBag from /home/airflow/.local/lib/python3.11/site-packages/airflow/example_dags/tutorial.py
[2024-11-17T03:02:56.868+0000] {processor.py:840} INFO - DAG(s) 'tutorial' retrieved from /home/airflow/.local/lib/python3.11/site-packages/airflow/example_dags/tutorial.py
[2024-11-17T03:02:56.886+0000] {logging_mixin.py:188} INFO - [2024-11-17T03:02:56.886+0000] {dag.py:3096} INFO - Sync 1 DAGs
[2024-11-17T03:02:56.906+0000] {logging_mixin.py:188} INFO - [2024-11-17T03:02:56.906+0000] {dag.py:3954} INFO - Setting next_dagrun for tutorial to 2024-11-16 00:00:00+00:00, run_after=2024-11-17 00:00:00+00:00
[2024-11-17T03:02:56.921+0000] {processor.py:183} INFO - Processing /home/airflow/.local/lib/python3.11/site-packages/airflow/example_dags/tutorial.py took 0.065 seconds
[2024-11-17T03:03:27.197+0000] {processor.py:161} INFO - Started process (PID=7047) to work on /home/airflow/.local/lib/python3.11/site-packages/airflow/example_dags/tutorial.py
[2024-11-17T03:03:27.198+0000] {processor.py:830} INFO - Processing file /home/airflow/.local/lib/python3.11/site-packages/airflow/example_dags/tutorial.py for tasks to queue
[2024-11-17T03:03:27.200+0000] {logging_mixin.py:188} INFO - [2024-11-17T03:03:27.199+0000] {dagbag.py:545} INFO - Filling up the DagBag from /home/airflow/.local/lib/python3.11/site-packages/airflow/example_dags/tutorial.py
[2024-11-17T03:03:27.204+0000] {processor.py:840} INFO - DAG(s) 'tutorial' retrieved from /home/airflow/.local/lib/python3.11/site-packages/airflow/example_dags/tutorial.py
[2024-11-17T03:03:27.221+0000] {logging_mixin.py:188} INFO - [2024-11-17T03:03:27.221+0000] {dag.py:3096} INFO - Sync 1 DAGs
[2024-11-17T03:03:27.238+0000] {logging_mixin.py:188} INFO - [2024-11-17T03:03:27.237+0000] {dag.py:3954} INFO - Setting next_dagrun for tutorial to 2024-11-16 00:00:00+00:00, run_after=2024-11-17 00:00:00+00:00
[2024-11-17T03:03:27.252+0000] {processor.py:183} INFO - Processing /home/airflow/.local/lib/python3.11/site-packages/airflow/example_dags/tutorial.py took 0.060 seconds
[2024-11-17T03:03:57.793+0000] {processor.py:161} INFO - Started process (PID=7313) to work on /home/airflow/.local/lib/python3.11/site-packages/airflow/example_dags/tutorial.py
[2024-11-17T03:03:57.794+0000] {processor.py:830} INFO - Processing file /home/airflow/.local/lib/python3.11/site-packages/airflow/example_dags/tutorial.py for tasks to queue
[2024-11-17T03:03:57.796+0000] {logging_mixin.py:188} INFO - [2024-11-17T03:03:57.795+0000] {dagbag.py:545} INFO - Filling up the DagBag from /home/airflow/.local/lib/python3.11/site-packages/airflow/example_dags/tutorial.py
[2024-11-17T03:03:57.801+0000] {processor.py:840} INFO - DAG(s) 'tutorial' retrieved from /home/airflow/.local/lib/python3.11/site-packages/airflow/example_dags/tutorial.py
[2024-11-17T03:03:57.825+0000] {logging_mixin.py:188} INFO - [2024-11-17T03:03:57.825+0000] {dag.py:3096} INFO - Sync 1 DAGs
[2024-11-17T03:03:57.853+0000] {logging_mixin.py:188} INFO - [2024-11-17T03:03:57.852+0000] {dag.py:3954} INFO - Setting next_dagrun for tutorial to 2024-11-16 00:00:00+00:00, run_after=2024-11-17 00:00:00+00:00
[2024-11-17T03:03:57.875+0000] {processor.py:183} INFO - Processing /home/airflow/.local/lib/python3.11/site-packages/airflow/example_dags/tutorial.py took 0.087 seconds
[2024-11-17T03:04:28.549+0000] {processor.py:161} INFO - Started process (PID=7579) to work on /home/airflow/.local/lib/python3.11/site-packages/airflow/example_dags/tutorial.py
[2024-11-17T03:04:28.550+0000] {processor.py:830} INFO - Processing file /home/airflow/.local/lib/python3.11/site-packages/airflow/example_dags/tutorial.py for tasks to queue
[2024-11-17T03:04:28.552+0000] {logging_mixin.py:188} INFO - [2024-11-17T03:04:28.551+0000] {dagbag.py:545} INFO - Filling up the DagBag from /home/airflow/.local/lib/python3.11/site-packages/airflow/example_dags/tutorial.py
[2024-11-17T03:04:28.557+0000] {processor.py:840} INFO - DAG(s) 'tutorial' retrieved from /home/airflow/.local/lib/python3.11/site-packages/airflow/example_dags/tutorial.py
[2024-11-17T03:04:28.574+0000] {logging_mixin.py:188} INFO - [2024-11-17T03:04:28.574+0000] {dag.py:3096} INFO - Sync 1 DAGs
[2024-11-17T03:04:28.591+0000] {logging_mixin.py:188} INFO - [2024-11-17T03:04:28.591+0000] {dag.py:3954} INFO - Setting next_dagrun for tutorial to 2024-11-16 00:00:00+00:00, run_after=2024-11-17 00:00:00+00:00
[2024-11-17T03:04:28.607+0000] {processor.py:183} INFO - Processing /home/airflow/.local/lib/python3.11/site-packages/airflow/example_dags/tutorial.py took 0.063 seconds
[2024-11-17T03:04:59.442+0000] {processor.py:161} INFO - Started process (PID=7843) to work on /home/airflow/.local/lib/python3.11/site-packages/airflow/example_dags/tutorial.py
[2024-11-17T03:04:59.444+0000] {processor.py:830} INFO - Processing file /home/airflow/.local/lib/python3.11/site-packages/airflow/example_dags/tutorial.py for tasks to queue
[2024-11-17T03:04:59.446+0000] {logging_mixin.py:188} INFO - [2024-11-17T03:04:59.446+0000] {dagbag.py:545} INFO - Filling up the DagBag from /home/airflow/.local/lib/python3.11/site-packages/airflow/example_dags/tutorial.py
[2024-11-17T03:04:59.454+0000] {processor.py:840} INFO - DAG(s) 'tutorial' retrieved from /home/airflow/.local/lib/python3.11/site-packages/airflow/example_dags/tutorial.py
[2024-11-17T03:04:59.484+0000] {logging_mixin.py:188} INFO - [2024-11-17T03:04:59.484+0000] {dag.py:3096} INFO - Sync 1 DAGs
[2024-11-17T03:04:59.510+0000] {logging_mixin.py:188} INFO - [2024-11-17T03:04:59.510+0000] {dag.py:3954} INFO - Setting next_dagrun for tutorial to 2024-11-16 00:00:00+00:00, run_after=2024-11-17 00:00:00+00:00
[2024-11-17T03:04:59.544+0000] {processor.py:183} INFO - Processing /home/airflow/.local/lib/python3.11/site-packages/airflow/example_dags/tutorial.py took 0.108 seconds
[2024-11-17T03:05:29.738+0000] {processor.py:161} INFO - Started process (PID=8109) to work on /home/airflow/.local/lib/python3.11/site-packages/airflow/example_dags/tutorial.py
[2024-11-17T03:05:29.739+0000] {processor.py:830} INFO - Processing file /home/airflow/.local/lib/python3.11/site-packages/airflow/example_dags/tutorial.py for tasks to queue
[2024-11-17T03:05:29.741+0000] {logging_mixin.py:188} INFO - [2024-11-17T03:05:29.741+0000] {dagbag.py:545} INFO - Filling up the DagBag from /home/airflow/.local/lib/python3.11/site-packages/airflow/example_dags/tutorial.py
[2024-11-17T03:05:29.746+0000] {processor.py:840} INFO - DAG(s) 'tutorial' retrieved from /home/airflow/.local/lib/python3.11/site-packages/airflow/example_dags/tutorial.py
[2024-11-17T03:05:29.762+0000] {logging_mixin.py:188} INFO - [2024-11-17T03:05:29.762+0000] {dag.py:3096} INFO - Sync 1 DAGs
[2024-11-17T03:05:29.779+0000] {logging_mixin.py:188} INFO - [2024-11-17T03:05:29.779+0000] {dag.py:3954} INFO - Setting next_dagrun for tutorial to 2024-11-16 00:00:00+00:00, run_after=2024-11-17 00:00:00+00:00
[2024-11-17T03:05:29.793+0000] {processor.py:183} INFO - Processing /home/airflow/.local/lib/python3.11/site-packages/airflow/example_dags/tutorial.py took 0.061 seconds
