[2024-11-17T02:50:40.208+0000] {processor.py:161} INFO - Started process (PID=229) to work on /home/airflow/.local/lib/python3.11/site-packages/airflow/example_dags/tutorial_taskflow_api.py
[2024-11-17T02:50:40.209+0000] {processor.py:830} INFO - Processing file /home/airflow/.local/lib/python3.11/site-packages/airflow/example_dags/tutorial_taskflow_api.py for tasks to queue
[2024-11-17T02:50:40.211+0000] {logging_mixin.py:188} INFO - [2024-11-17T02:50:40.211+0000] {dagbag.py:545} INFO - Filling up the DagBag from /home/airflow/.local/lib/python3.11/site-packages/airflow/example_dags/tutorial_taskflow_api.py
[2024-11-17T02:50:40.221+0000] {processor.py:840} INFO - DAG(s) 'tutorial_taskflow_api' retrieved from /home/airflow/.local/lib/python3.11/site-packages/airflow/example_dags/tutorial_taskflow_api.py
[2024-11-17T02:50:40.233+0000] {logging_mixin.py:188} INFO - [2024-11-17T02:50:40.233+0000] {dag.py:3096} INFO - Sync 1 DAGs
[2024-11-17T02:50:40.245+0000] {logging_mixin.py:188} INFO - [2024-11-17T02:50:40.245+0000] {dag.py:3954} INFO - Setting next_dagrun for tutorial_taskflow_api to None, run_after=None
[2024-11-17T02:50:40.261+0000] {processor.py:183} INFO - Processing /home/airflow/.local/lib/python3.11/site-packages/airflow/example_dags/tutorial_taskflow_api.py took 0.059 seconds
[2024-11-17T02:51:11.961+0000] {processor.py:161} INFO - Started process (PID=503) to work on /home/airflow/.local/lib/python3.11/site-packages/airflow/example_dags/tutorial_taskflow_api.py
[2024-11-17T02:51:11.962+0000] {processor.py:830} INFO - Processing file /home/airflow/.local/lib/python3.11/site-packages/airflow/example_dags/tutorial_taskflow_api.py for tasks to queue
[2024-11-17T02:51:11.964+0000] {logging_mixin.py:188} INFO - [2024-11-17T02:51:11.964+0000] {dagbag.py:545} INFO - Filling up the DagBag from /home/airflow/.local/lib/python3.11/site-packages/airflow/example_dags/tutorial_taskflow_api.py
[2024-11-17T02:51:11.969+0000] {processor.py:840} INFO - DAG(s) 'tutorial_taskflow_api' retrieved from /home/airflow/.local/lib/python3.11/site-packages/airflow/example_dags/tutorial_taskflow_api.py
[2024-11-17T02:51:12.044+0000] {logging_mixin.py:188} INFO - [2024-11-17T02:51:12.044+0000] {dag.py:3096} INFO - Sync 1 DAGs
[2024-11-17T02:51:12.051+0000] {logging_mixin.py:188} INFO - [2024-11-17T02:51:12.051+0000] {dag.py:3954} INFO - Setting next_dagrun for tutorial_taskflow_api to None, run_after=None
[2024-11-17T02:51:12.067+0000] {processor.py:183} INFO - Processing /home/airflow/.local/lib/python3.11/site-packages/airflow/example_dags/tutorial_taskflow_api.py took 0.111 seconds
[2024-11-17T02:51:42.992+0000] {processor.py:161} INFO - Started process (PID=767) to work on /home/airflow/.local/lib/python3.11/site-packages/airflow/example_dags/tutorial_taskflow_api.py
[2024-11-17T02:51:42.993+0000] {processor.py:830} INFO - Processing file /home/airflow/.local/lib/python3.11/site-packages/airflow/example_dags/tutorial_taskflow_api.py for tasks to queue
[2024-11-17T02:51:42.995+0000] {logging_mixin.py:188} INFO - [2024-11-17T02:51:42.994+0000] {dagbag.py:545} INFO - Filling up the DagBag from /home/airflow/.local/lib/python3.11/site-packages/airflow/example_dags/tutorial_taskflow_api.py
[2024-11-17T02:51:43.000+0000] {processor.py:840} INFO - DAG(s) 'tutorial_taskflow_api' retrieved from /home/airflow/.local/lib/python3.11/site-packages/airflow/example_dags/tutorial_taskflow_api.py
[2024-11-17T02:51:43.017+0000] {logging_mixin.py:188} INFO - [2024-11-17T02:51:43.016+0000] {dag.py:3096} INFO - Sync 1 DAGs
[2024-11-17T02:51:43.027+0000] {logging_mixin.py:188} INFO - [2024-11-17T02:51:43.027+0000] {dag.py:3954} INFO - Setting next_dagrun for tutorial_taskflow_api to None, run_after=None
[2024-11-17T02:51:43.043+0000] {processor.py:183} INFO - Processing /home/airflow/.local/lib/python3.11/site-packages/airflow/example_dags/tutorial_taskflow_api.py took 0.056 seconds
[2024-11-17T02:52:13.090+0000] {processor.py:161} INFO - Started process (PID=1033) to work on /home/airflow/.local/lib/python3.11/site-packages/airflow/example_dags/tutorial_taskflow_api.py
[2024-11-17T02:52:13.091+0000] {processor.py:830} INFO - Processing file /home/airflow/.local/lib/python3.11/site-packages/airflow/example_dags/tutorial_taskflow_api.py for tasks to queue
[2024-11-17T02:52:13.092+0000] {logging_mixin.py:188} INFO - [2024-11-17T02:52:13.092+0000] {dagbag.py:545} INFO - Filling up the DagBag from /home/airflow/.local/lib/python3.11/site-packages/airflow/example_dags/tutorial_taskflow_api.py
[2024-11-17T02:52:13.098+0000] {processor.py:840} INFO - DAG(s) 'tutorial_taskflow_api' retrieved from /home/airflow/.local/lib/python3.11/site-packages/airflow/example_dags/tutorial_taskflow_api.py
[2024-11-17T02:52:13.116+0000] {logging_mixin.py:188} INFO - [2024-11-17T02:52:13.116+0000] {dag.py:3096} INFO - Sync 1 DAGs
[2024-11-17T02:52:13.126+0000] {logging_mixin.py:188} INFO - [2024-11-17T02:52:13.126+0000] {dag.py:3954} INFO - Setting next_dagrun for tutorial_taskflow_api to None, run_after=None
[2024-11-17T02:52:13.144+0000] {processor.py:183} INFO - Processing /home/airflow/.local/lib/python3.11/site-packages/airflow/example_dags/tutorial_taskflow_api.py took 0.059 seconds
[2024-11-17T02:52:44.178+0000] {processor.py:161} INFO - Started process (PID=1299) to work on /home/airflow/.local/lib/python3.11/site-packages/airflow/example_dags/tutorial_taskflow_api.py
[2024-11-17T02:52:44.179+0000] {processor.py:830} INFO - Processing file /home/airflow/.local/lib/python3.11/site-packages/airflow/example_dags/tutorial_taskflow_api.py for tasks to queue
[2024-11-17T02:52:44.181+0000] {logging_mixin.py:188} INFO - [2024-11-17T02:52:44.180+0000] {dagbag.py:545} INFO - Filling up the DagBag from /home/airflow/.local/lib/python3.11/site-packages/airflow/example_dags/tutorial_taskflow_api.py
[2024-11-17T02:52:44.187+0000] {processor.py:840} INFO - DAG(s) 'tutorial_taskflow_api' retrieved from /home/airflow/.local/lib/python3.11/site-packages/airflow/example_dags/tutorial_taskflow_api.py
[2024-11-17T02:52:44.206+0000] {logging_mixin.py:188} INFO - [2024-11-17T02:52:44.205+0000] {dag.py:3096} INFO - Sync 1 DAGs
[2024-11-17T02:52:44.216+0000] {logging_mixin.py:188} INFO - [2024-11-17T02:52:44.216+0000] {dag.py:3954} INFO - Setting next_dagrun for tutorial_taskflow_api to None, run_after=None
[2024-11-17T02:52:44.233+0000] {processor.py:183} INFO - Processing /home/airflow/.local/lib/python3.11/site-packages/airflow/example_dags/tutorial_taskflow_api.py took 0.061 seconds
[2024-11-17T02:53:15.301+0000] {processor.py:161} INFO - Started process (PID=1565) to work on /home/airflow/.local/lib/python3.11/site-packages/airflow/example_dags/tutorial_taskflow_api.py
[2024-11-17T02:53:15.302+0000] {processor.py:830} INFO - Processing file /home/airflow/.local/lib/python3.11/site-packages/airflow/example_dags/tutorial_taskflow_api.py for tasks to queue
[2024-11-17T02:53:15.305+0000] {logging_mixin.py:188} INFO - [2024-11-17T02:53:15.304+0000] {dagbag.py:545} INFO - Filling up the DagBag from /home/airflow/.local/lib/python3.11/site-packages/airflow/example_dags/tutorial_taskflow_api.py
[2024-11-17T02:53:15.310+0000] {processor.py:840} INFO - DAG(s) 'tutorial_taskflow_api' retrieved from /home/airflow/.local/lib/python3.11/site-packages/airflow/example_dags/tutorial_taskflow_api.py
[2024-11-17T02:53:15.331+0000] {logging_mixin.py:188} INFO - [2024-11-17T02:53:15.331+0000] {dag.py:3096} INFO - Sync 1 DAGs
[2024-11-17T02:53:15.343+0000] {logging_mixin.py:188} INFO - [2024-11-17T02:53:15.342+0000] {dag.py:3954} INFO - Setting next_dagrun for tutorial_taskflow_api to None, run_after=None
[2024-11-17T02:53:15.360+0000] {processor.py:183} INFO - Processing /home/airflow/.local/lib/python3.11/site-packages/airflow/example_dags/tutorial_taskflow_api.py took 0.065 seconds
[2024-11-17T02:53:45.658+0000] {processor.py:161} INFO - Started process (PID=1831) to work on /home/airflow/.local/lib/python3.11/site-packages/airflow/example_dags/tutorial_taskflow_api.py
[2024-11-17T02:53:45.659+0000] {processor.py:830} INFO - Processing file /home/airflow/.local/lib/python3.11/site-packages/airflow/example_dags/tutorial_taskflow_api.py for tasks to queue
[2024-11-17T02:53:45.660+0000] {logging_mixin.py:188} INFO - [2024-11-17T02:53:45.660+0000] {dagbag.py:545} INFO - Filling up the DagBag from /home/airflow/.local/lib/python3.11/site-packages/airflow/example_dags/tutorial_taskflow_api.py
[2024-11-17T02:53:45.666+0000] {processor.py:840} INFO - DAG(s) 'tutorial_taskflow_api' retrieved from /home/airflow/.local/lib/python3.11/site-packages/airflow/example_dags/tutorial_taskflow_api.py
[2024-11-17T02:53:45.683+0000] {logging_mixin.py:188} INFO - [2024-11-17T02:53:45.682+0000] {dag.py:3096} INFO - Sync 1 DAGs
[2024-11-17T02:53:45.693+0000] {logging_mixin.py:188} INFO - [2024-11-17T02:53:45.693+0000] {dag.py:3954} INFO - Setting next_dagrun for tutorial_taskflow_api to None, run_after=None
[2024-11-17T02:53:45.715+0000] {processor.py:183} INFO - Processing /home/airflow/.local/lib/python3.11/site-packages/airflow/example_dags/tutorial_taskflow_api.py took 0.063 seconds
[2024-11-17T02:54:16.798+0000] {processor.py:161} INFO - Started process (PID=2097) to work on /home/airflow/.local/lib/python3.11/site-packages/airflow/example_dags/tutorial_taskflow_api.py
[2024-11-17T02:54:16.799+0000] {processor.py:830} INFO - Processing file /home/airflow/.local/lib/python3.11/site-packages/airflow/example_dags/tutorial_taskflow_api.py for tasks to queue
[2024-11-17T02:54:16.802+0000] {logging_mixin.py:188} INFO - [2024-11-17T02:54:16.801+0000] {dagbag.py:545} INFO - Filling up the DagBag from /home/airflow/.local/lib/python3.11/site-packages/airflow/example_dags/tutorial_taskflow_api.py
[2024-11-17T02:54:16.808+0000] {processor.py:840} INFO - DAG(s) 'tutorial_taskflow_api' retrieved from /home/airflow/.local/lib/python3.11/site-packages/airflow/example_dags/tutorial_taskflow_api.py
[2024-11-17T02:54:16.829+0000] {logging_mixin.py:188} INFO - [2024-11-17T02:54:16.828+0000] {dag.py:3096} INFO - Sync 1 DAGs
[2024-11-17T02:54:16.840+0000] {logging_mixin.py:188} INFO - [2024-11-17T02:54:16.840+0000] {dag.py:3954} INFO - Setting next_dagrun for tutorial_taskflow_api to None, run_after=None
[2024-11-17T02:54:16.858+0000] {processor.py:183} INFO - Processing /home/airflow/.local/lib/python3.11/site-packages/airflow/example_dags/tutorial_taskflow_api.py took 0.067 seconds
[2024-11-17T02:54:47.656+0000] {processor.py:161} INFO - Started process (PID=2363) to work on /home/airflow/.local/lib/python3.11/site-packages/airflow/example_dags/tutorial_taskflow_api.py
[2024-11-17T02:54:47.657+0000] {processor.py:830} INFO - Processing file /home/airflow/.local/lib/python3.11/site-packages/airflow/example_dags/tutorial_taskflow_api.py for tasks to queue
[2024-11-17T02:54:47.659+0000] {logging_mixin.py:188} INFO - [2024-11-17T02:54:47.658+0000] {dagbag.py:545} INFO - Filling up the DagBag from /home/airflow/.local/lib/python3.11/site-packages/airflow/example_dags/tutorial_taskflow_api.py
[2024-11-17T02:54:47.664+0000] {processor.py:840} INFO - DAG(s) 'tutorial_taskflow_api' retrieved from /home/airflow/.local/lib/python3.11/site-packages/airflow/example_dags/tutorial_taskflow_api.py
[2024-11-17T02:54:47.682+0000] {logging_mixin.py:188} INFO - [2024-11-17T02:54:47.681+0000] {dag.py:3096} INFO - Sync 1 DAGs
[2024-11-17T02:54:47.692+0000] {logging_mixin.py:188} INFO - [2024-11-17T02:54:47.691+0000] {dag.py:3954} INFO - Setting next_dagrun for tutorial_taskflow_api to None, run_after=None
[2024-11-17T02:54:47.709+0000] {processor.py:183} INFO - Processing /home/airflow/.local/lib/python3.11/site-packages/airflow/example_dags/tutorial_taskflow_api.py took 0.058 seconds
[2024-11-17T02:55:18.633+0000] {processor.py:161} INFO - Started process (PID=2629) to work on /home/airflow/.local/lib/python3.11/site-packages/airflow/example_dags/tutorial_taskflow_api.py
[2024-11-17T02:55:18.634+0000] {processor.py:830} INFO - Processing file /home/airflow/.local/lib/python3.11/site-packages/airflow/example_dags/tutorial_taskflow_api.py for tasks to queue
[2024-11-17T02:55:18.636+0000] {logging_mixin.py:188} INFO - [2024-11-17T02:55:18.635+0000] {dagbag.py:545} INFO - Filling up the DagBag from /home/airflow/.local/lib/python3.11/site-packages/airflow/example_dags/tutorial_taskflow_api.py
[2024-11-17T02:55:18.641+0000] {processor.py:840} INFO - DAG(s) 'tutorial_taskflow_api' retrieved from /home/airflow/.local/lib/python3.11/site-packages/airflow/example_dags/tutorial_taskflow_api.py
[2024-11-17T02:55:18.658+0000] {logging_mixin.py:188} INFO - [2024-11-17T02:55:18.658+0000] {dag.py:3096} INFO - Sync 1 DAGs
[2024-11-17T02:55:18.668+0000] {logging_mixin.py:188} INFO - [2024-11-17T02:55:18.667+0000] {dag.py:3954} INFO - Setting next_dagrun for tutorial_taskflow_api to None, run_after=None
[2024-11-17T02:55:18.682+0000] {processor.py:183} INFO - Processing /home/airflow/.local/lib/python3.11/site-packages/airflow/example_dags/tutorial_taskflow_api.py took 0.055 seconds
[2024-11-17T02:55:49.412+0000] {processor.py:161} INFO - Started process (PID=2895) to work on /home/airflow/.local/lib/python3.11/site-packages/airflow/example_dags/tutorial_taskflow_api.py
[2024-11-17T02:55:49.413+0000] {processor.py:830} INFO - Processing file /home/airflow/.local/lib/python3.11/site-packages/airflow/example_dags/tutorial_taskflow_api.py for tasks to queue
[2024-11-17T02:55:49.415+0000] {logging_mixin.py:188} INFO - [2024-11-17T02:55:49.414+0000] {dagbag.py:545} INFO - Filling up the DagBag from /home/airflow/.local/lib/python3.11/site-packages/airflow/example_dags/tutorial_taskflow_api.py
[2024-11-17T02:55:49.420+0000] {processor.py:840} INFO - DAG(s) 'tutorial_taskflow_api' retrieved from /home/airflow/.local/lib/python3.11/site-packages/airflow/example_dags/tutorial_taskflow_api.py
[2024-11-17T02:55:49.438+0000] {logging_mixin.py:188} INFO - [2024-11-17T02:55:49.437+0000] {dag.py:3096} INFO - Sync 1 DAGs
[2024-11-17T02:55:49.448+0000] {logging_mixin.py:188} INFO - [2024-11-17T02:55:49.447+0000] {dag.py:3954} INFO - Setting next_dagrun for tutorial_taskflow_api to None, run_after=None
[2024-11-17T02:55:49.465+0000] {processor.py:183} INFO - Processing /home/airflow/.local/lib/python3.11/site-packages/airflow/example_dags/tutorial_taskflow_api.py took 0.058 seconds
[2024-11-17T02:56:19.686+0000] {processor.py:161} INFO - Started process (PID=3161) to work on /home/airflow/.local/lib/python3.11/site-packages/airflow/example_dags/tutorial_taskflow_api.py
[2024-11-17T02:56:19.687+0000] {processor.py:830} INFO - Processing file /home/airflow/.local/lib/python3.11/site-packages/airflow/example_dags/tutorial_taskflow_api.py for tasks to queue
[2024-11-17T02:56:19.689+0000] {logging_mixin.py:188} INFO - [2024-11-17T02:56:19.689+0000] {dagbag.py:545} INFO - Filling up the DagBag from /home/airflow/.local/lib/python3.11/site-packages/airflow/example_dags/tutorial_taskflow_api.py
[2024-11-17T02:56:19.695+0000] {processor.py:840} INFO - DAG(s) 'tutorial_taskflow_api' retrieved from /home/airflow/.local/lib/python3.11/site-packages/airflow/example_dags/tutorial_taskflow_api.py
[2024-11-17T02:56:19.712+0000] {logging_mixin.py:188} INFO - [2024-11-17T02:56:19.712+0000] {dag.py:3096} INFO - Sync 1 DAGs
[2024-11-17T02:56:19.722+0000] {logging_mixin.py:188} INFO - [2024-11-17T02:56:19.722+0000] {dag.py:3954} INFO - Setting next_dagrun for tutorial_taskflow_api to None, run_after=None
[2024-11-17T02:56:19.738+0000] {processor.py:183} INFO - Processing /home/airflow/.local/lib/python3.11/site-packages/airflow/example_dags/tutorial_taskflow_api.py took 0.057 seconds
[2024-11-17T02:56:49.955+0000] {processor.py:161} INFO - Started process (PID=3429) to work on /home/airflow/.local/lib/python3.11/site-packages/airflow/example_dags/tutorial_taskflow_api.py
[2024-11-17T02:56:49.956+0000] {processor.py:830} INFO - Processing file /home/airflow/.local/lib/python3.11/site-packages/airflow/example_dags/tutorial_taskflow_api.py for tasks to queue
[2024-11-17T02:56:49.958+0000] {logging_mixin.py:188} INFO - [2024-11-17T02:56:49.957+0000] {dagbag.py:545} INFO - Filling up the DagBag from /home/airflow/.local/lib/python3.11/site-packages/airflow/example_dags/tutorial_taskflow_api.py
[2024-11-17T02:56:49.963+0000] {processor.py:840} INFO - DAG(s) 'tutorial_taskflow_api' retrieved from /home/airflow/.local/lib/python3.11/site-packages/airflow/example_dags/tutorial_taskflow_api.py
[2024-11-17T02:56:49.981+0000] {logging_mixin.py:188} INFO - [2024-11-17T02:56:49.981+0000] {dag.py:3096} INFO - Sync 1 DAGs
[2024-11-17T02:56:49.992+0000] {logging_mixin.py:188} INFO - [2024-11-17T02:56:49.992+0000] {dag.py:3954} INFO - Setting next_dagrun for tutorial_taskflow_api to None, run_after=None
[2024-11-17T02:56:50.011+0000] {processor.py:183} INFO - Processing /home/airflow/.local/lib/python3.11/site-packages/airflow/example_dags/tutorial_taskflow_api.py took 0.061 seconds
[2024-11-17T02:57:20.147+0000] {processor.py:161} INFO - Started process (PID=3695) to work on /home/airflow/.local/lib/python3.11/site-packages/airflow/example_dags/tutorial_taskflow_api.py
[2024-11-17T02:57:20.147+0000] {processor.py:830} INFO - Processing file /home/airflow/.local/lib/python3.11/site-packages/airflow/example_dags/tutorial_taskflow_api.py for tasks to queue
[2024-11-17T02:57:20.149+0000] {logging_mixin.py:188} INFO - [2024-11-17T02:57:20.149+0000] {dagbag.py:545} INFO - Filling up the DagBag from /home/airflow/.local/lib/python3.11/site-packages/airflow/example_dags/tutorial_taskflow_api.py
[2024-11-17T02:57:20.154+0000] {processor.py:840} INFO - DAG(s) 'tutorial_taskflow_api' retrieved from /home/airflow/.local/lib/python3.11/site-packages/airflow/example_dags/tutorial_taskflow_api.py
[2024-11-17T02:57:20.171+0000] {logging_mixin.py:188} INFO - [2024-11-17T02:57:20.171+0000] {dag.py:3096} INFO - Sync 1 DAGs
[2024-11-17T02:57:20.180+0000] {logging_mixin.py:188} INFO - [2024-11-17T02:57:20.180+0000] {dag.py:3954} INFO - Setting next_dagrun for tutorial_taskflow_api to None, run_after=None
[2024-11-17T02:57:20.196+0000] {processor.py:183} INFO - Processing /home/airflow/.local/lib/python3.11/site-packages/airflow/example_dags/tutorial_taskflow_api.py took 0.054 seconds
[2024-11-17T02:57:50.586+0000] {processor.py:161} INFO - Started process (PID=3959) to work on /home/airflow/.local/lib/python3.11/site-packages/airflow/example_dags/tutorial_taskflow_api.py
[2024-11-17T02:57:50.586+0000] {processor.py:830} INFO - Processing file /home/airflow/.local/lib/python3.11/site-packages/airflow/example_dags/tutorial_taskflow_api.py for tasks to queue
[2024-11-17T02:57:50.588+0000] {logging_mixin.py:188} INFO - [2024-11-17T02:57:50.588+0000] {dagbag.py:545} INFO - Filling up the DagBag from /home/airflow/.local/lib/python3.11/site-packages/airflow/example_dags/tutorial_taskflow_api.py
[2024-11-17T02:57:50.594+0000] {processor.py:840} INFO - DAG(s) 'tutorial_taskflow_api' retrieved from /home/airflow/.local/lib/python3.11/site-packages/airflow/example_dags/tutorial_taskflow_api.py
[2024-11-17T02:57:50.611+0000] {logging_mixin.py:188} INFO - [2024-11-17T02:57:50.611+0000] {dag.py:3096} INFO - Sync 1 DAGs
[2024-11-17T02:57:50.622+0000] {logging_mixin.py:188} INFO - [2024-11-17T02:57:50.622+0000] {dag.py:3954} INFO - Setting next_dagrun for tutorial_taskflow_api to None, run_after=None
[2024-11-17T02:57:50.639+0000] {processor.py:183} INFO - Processing /home/airflow/.local/lib/python3.11/site-packages/airflow/example_dags/tutorial_taskflow_api.py took 0.058 seconds
[2024-11-17T02:58:20.784+0000] {processor.py:161} INFO - Started process (PID=4227) to work on /home/airflow/.local/lib/python3.11/site-packages/airflow/example_dags/tutorial_taskflow_api.py
[2024-11-17T02:58:20.785+0000] {processor.py:830} INFO - Processing file /home/airflow/.local/lib/python3.11/site-packages/airflow/example_dags/tutorial_taskflow_api.py for tasks to queue
[2024-11-17T02:58:20.787+0000] {logging_mixin.py:188} INFO - [2024-11-17T02:58:20.787+0000] {dagbag.py:545} INFO - Filling up the DagBag from /home/airflow/.local/lib/python3.11/site-packages/airflow/example_dags/tutorial_taskflow_api.py
[2024-11-17T02:58:20.793+0000] {processor.py:840} INFO - DAG(s) 'tutorial_taskflow_api' retrieved from /home/airflow/.local/lib/python3.11/site-packages/airflow/example_dags/tutorial_taskflow_api.py
[2024-11-17T02:58:20.811+0000] {logging_mixin.py:188} INFO - [2024-11-17T02:58:20.811+0000] {dag.py:3096} INFO - Sync 1 DAGs
[2024-11-17T02:58:20.822+0000] {logging_mixin.py:188} INFO - [2024-11-17T02:58:20.822+0000] {dag.py:3954} INFO - Setting next_dagrun for tutorial_taskflow_api to None, run_after=None
[2024-11-17T02:58:20.838+0000] {processor.py:183} INFO - Processing /home/airflow/.local/lib/python3.11/site-packages/airflow/example_dags/tutorial_taskflow_api.py took 0.059 seconds
[2024-11-17T02:58:50.995+0000] {processor.py:161} INFO - Started process (PID=4491) to work on /home/airflow/.local/lib/python3.11/site-packages/airflow/example_dags/tutorial_taskflow_api.py
[2024-11-17T02:58:50.996+0000] {processor.py:830} INFO - Processing file /home/airflow/.local/lib/python3.11/site-packages/airflow/example_dags/tutorial_taskflow_api.py for tasks to queue
[2024-11-17T02:58:50.997+0000] {logging_mixin.py:188} INFO - [2024-11-17T02:58:50.997+0000] {dagbag.py:545} INFO - Filling up the DagBag from /home/airflow/.local/lib/python3.11/site-packages/airflow/example_dags/tutorial_taskflow_api.py
[2024-11-17T02:58:51.003+0000] {processor.py:840} INFO - DAG(s) 'tutorial_taskflow_api' retrieved from /home/airflow/.local/lib/python3.11/site-packages/airflow/example_dags/tutorial_taskflow_api.py
[2024-11-17T02:58:51.020+0000] {logging_mixin.py:188} INFO - [2024-11-17T02:58:51.020+0000] {dag.py:3096} INFO - Sync 1 DAGs
[2024-11-17T02:58:51.030+0000] {logging_mixin.py:188} INFO - [2024-11-17T02:58:51.029+0000] {dag.py:3954} INFO - Setting next_dagrun for tutorial_taskflow_api to None, run_after=None
[2024-11-17T02:58:51.048+0000] {processor.py:183} INFO - Processing /home/airflow/.local/lib/python3.11/site-packages/airflow/example_dags/tutorial_taskflow_api.py took 0.058 seconds
[2024-11-17T02:59:21.491+0000] {processor.py:161} INFO - Started process (PID=4757) to work on /home/airflow/.local/lib/python3.11/site-packages/airflow/example_dags/tutorial_taskflow_api.py
[2024-11-17T02:59:21.492+0000] {processor.py:830} INFO - Processing file /home/airflow/.local/lib/python3.11/site-packages/airflow/example_dags/tutorial_taskflow_api.py for tasks to queue
[2024-11-17T02:59:21.494+0000] {logging_mixin.py:188} INFO - [2024-11-17T02:59:21.493+0000] {dagbag.py:545} INFO - Filling up the DagBag from /home/airflow/.local/lib/python3.11/site-packages/airflow/example_dags/tutorial_taskflow_api.py
[2024-11-17T02:59:21.500+0000] {processor.py:840} INFO - DAG(s) 'tutorial_taskflow_api' retrieved from /home/airflow/.local/lib/python3.11/site-packages/airflow/example_dags/tutorial_taskflow_api.py
[2024-11-17T02:59:21.520+0000] {logging_mixin.py:188} INFO - [2024-11-17T02:59:21.519+0000] {dag.py:3096} INFO - Sync 1 DAGs
[2024-11-17T02:59:21.532+0000] {logging_mixin.py:188} INFO - [2024-11-17T02:59:21.532+0000] {dag.py:3954} INFO - Setting next_dagrun for tutorial_taskflow_api to None, run_after=None
[2024-11-17T02:59:21.548+0000] {processor.py:183} INFO - Processing /home/airflow/.local/lib/python3.11/site-packages/airflow/example_dags/tutorial_taskflow_api.py took 0.064 seconds
[2024-11-17T02:59:51.702+0000] {processor.py:161} INFO - Started process (PID=5023) to work on /home/airflow/.local/lib/python3.11/site-packages/airflow/example_dags/tutorial_taskflow_api.py
[2024-11-17T02:59:51.703+0000] {processor.py:830} INFO - Processing file /home/airflow/.local/lib/python3.11/site-packages/airflow/example_dags/tutorial_taskflow_api.py for tasks to queue
[2024-11-17T02:59:51.704+0000] {logging_mixin.py:188} INFO - [2024-11-17T02:59:51.704+0000] {dagbag.py:545} INFO - Filling up the DagBag from /home/airflow/.local/lib/python3.11/site-packages/airflow/example_dags/tutorial_taskflow_api.py
[2024-11-17T02:59:51.709+0000] {processor.py:840} INFO - DAG(s) 'tutorial_taskflow_api' retrieved from /home/airflow/.local/lib/python3.11/site-packages/airflow/example_dags/tutorial_taskflow_api.py
[2024-11-17T02:59:51.726+0000] {logging_mixin.py:188} INFO - [2024-11-17T02:59:51.726+0000] {dag.py:3096} INFO - Sync 1 DAGs
[2024-11-17T02:59:51.737+0000] {logging_mixin.py:188} INFO - [2024-11-17T02:59:51.737+0000] {dag.py:3954} INFO - Setting next_dagrun for tutorial_taskflow_api to None, run_after=None
[2024-11-17T02:59:51.755+0000] {processor.py:183} INFO - Processing /home/airflow/.local/lib/python3.11/site-packages/airflow/example_dags/tutorial_taskflow_api.py took 0.058 seconds
[2024-11-17T03:00:21.933+0000] {processor.py:161} INFO - Started process (PID=5289) to work on /home/airflow/.local/lib/python3.11/site-packages/airflow/example_dags/tutorial_taskflow_api.py
[2024-11-17T03:00:21.934+0000] {processor.py:830} INFO - Processing file /home/airflow/.local/lib/python3.11/site-packages/airflow/example_dags/tutorial_taskflow_api.py for tasks to queue
[2024-11-17T03:00:21.935+0000] {logging_mixin.py:188} INFO - [2024-11-17T03:00:21.935+0000] {dagbag.py:545} INFO - Filling up the DagBag from /home/airflow/.local/lib/python3.11/site-packages/airflow/example_dags/tutorial_taskflow_api.py
[2024-11-17T03:00:21.941+0000] {processor.py:840} INFO - DAG(s) 'tutorial_taskflow_api' retrieved from /home/airflow/.local/lib/python3.11/site-packages/airflow/example_dags/tutorial_taskflow_api.py
[2024-11-17T03:00:21.958+0000] {logging_mixin.py:188} INFO - [2024-11-17T03:00:21.957+0000] {dag.py:3096} INFO - Sync 1 DAGs
[2024-11-17T03:00:21.967+0000] {logging_mixin.py:188} INFO - [2024-11-17T03:00:21.967+0000] {dag.py:3954} INFO - Setting next_dagrun for tutorial_taskflow_api to None, run_after=None
[2024-11-17T03:00:21.983+0000] {processor.py:183} INFO - Processing /home/airflow/.local/lib/python3.11/site-packages/airflow/example_dags/tutorial_taskflow_api.py took 0.056 seconds
[2024-11-17T03:00:52.317+0000] {processor.py:161} INFO - Started process (PID=5555) to work on /home/airflow/.local/lib/python3.11/site-packages/airflow/example_dags/tutorial_taskflow_api.py
[2024-11-17T03:00:52.318+0000] {processor.py:830} INFO - Processing file /home/airflow/.local/lib/python3.11/site-packages/airflow/example_dags/tutorial_taskflow_api.py for tasks to queue
[2024-11-17T03:00:52.320+0000] {logging_mixin.py:188} INFO - [2024-11-17T03:00:52.320+0000] {dagbag.py:545} INFO - Filling up the DagBag from /home/airflow/.local/lib/python3.11/site-packages/airflow/example_dags/tutorial_taskflow_api.py
[2024-11-17T03:00:52.326+0000] {processor.py:840} INFO - DAG(s) 'tutorial_taskflow_api' retrieved from /home/airflow/.local/lib/python3.11/site-packages/airflow/example_dags/tutorial_taskflow_api.py
[2024-11-17T03:00:52.345+0000] {logging_mixin.py:188} INFO - [2024-11-17T03:00:52.345+0000] {dag.py:3096} INFO - Sync 1 DAGs
[2024-11-17T03:00:52.356+0000] {logging_mixin.py:188} INFO - [2024-11-17T03:00:52.356+0000] {dag.py:3954} INFO - Setting next_dagrun for tutorial_taskflow_api to None, run_after=None
[2024-11-17T03:00:52.374+0000] {processor.py:183} INFO - Processing /home/airflow/.local/lib/python3.11/site-packages/airflow/example_dags/tutorial_taskflow_api.py took 0.062 seconds
[2024-11-17T03:01:23.365+0000] {processor.py:161} INFO - Started process (PID=5823) to work on /home/airflow/.local/lib/python3.11/site-packages/airflow/example_dags/tutorial_taskflow_api.py
[2024-11-17T03:01:23.366+0000] {processor.py:830} INFO - Processing file /home/airflow/.local/lib/python3.11/site-packages/airflow/example_dags/tutorial_taskflow_api.py for tasks to queue
[2024-11-17T03:01:23.368+0000] {logging_mixin.py:188} INFO - [2024-11-17T03:01:23.368+0000] {dagbag.py:545} INFO - Filling up the DagBag from /home/airflow/.local/lib/python3.11/site-packages/airflow/example_dags/tutorial_taskflow_api.py
[2024-11-17T03:01:23.375+0000] {processor.py:840} INFO - DAG(s) 'tutorial_taskflow_api' retrieved from /home/airflow/.local/lib/python3.11/site-packages/airflow/example_dags/tutorial_taskflow_api.py
[2024-11-17T03:01:23.396+0000] {logging_mixin.py:188} INFO - [2024-11-17T03:01:23.395+0000] {dag.py:3096} INFO - Sync 1 DAGs
[2024-11-17T03:01:23.408+0000] {logging_mixin.py:188} INFO - [2024-11-17T03:01:23.407+0000] {dag.py:3954} INFO - Setting next_dagrun for tutorial_taskflow_api to None, run_after=None
[2024-11-17T03:01:23.424+0000] {processor.py:183} INFO - Processing /home/airflow/.local/lib/python3.11/site-packages/airflow/example_dags/tutorial_taskflow_api.py took 0.066 seconds
[2024-11-17T03:01:53.469+0000] {processor.py:161} INFO - Started process (PID=6087) to work on /home/airflow/.local/lib/python3.11/site-packages/airflow/example_dags/tutorial_taskflow_api.py
[2024-11-17T03:01:53.470+0000] {processor.py:830} INFO - Processing file /home/airflow/.local/lib/python3.11/site-packages/airflow/example_dags/tutorial_taskflow_api.py for tasks to queue
[2024-11-17T03:01:53.472+0000] {logging_mixin.py:188} INFO - [2024-11-17T03:01:53.472+0000] {dagbag.py:545} INFO - Filling up the DagBag from /home/airflow/.local/lib/python3.11/site-packages/airflow/example_dags/tutorial_taskflow_api.py
[2024-11-17T03:01:53.477+0000] {processor.py:840} INFO - DAG(s) 'tutorial_taskflow_api' retrieved from /home/airflow/.local/lib/python3.11/site-packages/airflow/example_dags/tutorial_taskflow_api.py
[2024-11-17T03:01:53.494+0000] {logging_mixin.py:188} INFO - [2024-11-17T03:01:53.494+0000] {dag.py:3096} INFO - Sync 1 DAGs
[2024-11-17T03:01:53.504+0000] {logging_mixin.py:188} INFO - [2024-11-17T03:01:53.503+0000] {dag.py:3954} INFO - Setting next_dagrun for tutorial_taskflow_api to None, run_after=None
[2024-11-17T03:01:53.518+0000] {processor.py:183} INFO - Processing /home/airflow/.local/lib/python3.11/site-packages/airflow/example_dags/tutorial_taskflow_api.py took 0.054 seconds
[2024-11-17T03:02:23.879+0000] {processor.py:161} INFO - Started process (PID=6353) to work on /home/airflow/.local/lib/python3.11/site-packages/airflow/example_dags/tutorial_taskflow_api.py
[2024-11-17T03:02:23.880+0000] {processor.py:830} INFO - Processing file /home/airflow/.local/lib/python3.11/site-packages/airflow/example_dags/tutorial_taskflow_api.py for tasks to queue
[2024-11-17T03:02:23.882+0000] {logging_mixin.py:188} INFO - [2024-11-17T03:02:23.881+0000] {dagbag.py:545} INFO - Filling up the DagBag from /home/airflow/.local/lib/python3.11/site-packages/airflow/example_dags/tutorial_taskflow_api.py
[2024-11-17T03:02:23.888+0000] {processor.py:840} INFO - DAG(s) 'tutorial_taskflow_api' retrieved from /home/airflow/.local/lib/python3.11/site-packages/airflow/example_dags/tutorial_taskflow_api.py
[2024-11-17T03:02:23.907+0000] {logging_mixin.py:188} INFO - [2024-11-17T03:02:23.907+0000] {dag.py:3096} INFO - Sync 1 DAGs
[2024-11-17T03:02:23.918+0000] {logging_mixin.py:188} INFO - [2024-11-17T03:02:23.918+0000] {dag.py:3954} INFO - Setting next_dagrun for tutorial_taskflow_api to None, run_after=None
[2024-11-17T03:02:23.936+0000] {processor.py:183} INFO - Processing /home/airflow/.local/lib/python3.11/site-packages/airflow/example_dags/tutorial_taskflow_api.py took 0.062 seconds
[2024-11-17T03:02:54.072+0000] {processor.py:161} INFO - Started process (PID=6619) to work on /home/airflow/.local/lib/python3.11/site-packages/airflow/example_dags/tutorial_taskflow_api.py
[2024-11-17T03:02:54.073+0000] {processor.py:830} INFO - Processing file /home/airflow/.local/lib/python3.11/site-packages/airflow/example_dags/tutorial_taskflow_api.py for tasks to queue
[2024-11-17T03:02:54.075+0000] {logging_mixin.py:188} INFO - [2024-11-17T03:02:54.075+0000] {dagbag.py:545} INFO - Filling up the DagBag from /home/airflow/.local/lib/python3.11/site-packages/airflow/example_dags/tutorial_taskflow_api.py
[2024-11-17T03:02:54.081+0000] {processor.py:840} INFO - DAG(s) 'tutorial_taskflow_api' retrieved from /home/airflow/.local/lib/python3.11/site-packages/airflow/example_dags/tutorial_taskflow_api.py
[2024-11-17T03:02:54.102+0000] {logging_mixin.py:188} INFO - [2024-11-17T03:02:54.102+0000] {dag.py:3096} INFO - Sync 1 DAGs
[2024-11-17T03:02:54.114+0000] {logging_mixin.py:188} INFO - [2024-11-17T03:02:54.113+0000] {dag.py:3954} INFO - Setting next_dagrun for tutorial_taskflow_api to None, run_after=None
[2024-11-17T03:02:54.131+0000] {processor.py:183} INFO - Processing /home/airflow/.local/lib/python3.11/site-packages/airflow/example_dags/tutorial_taskflow_api.py took 0.065 seconds
[2024-11-17T03:03:24.427+0000] {processor.py:161} INFO - Started process (PID=6885) to work on /home/airflow/.local/lib/python3.11/site-packages/airflow/example_dags/tutorial_taskflow_api.py
[2024-11-17T03:03:24.428+0000] {processor.py:830} INFO - Processing file /home/airflow/.local/lib/python3.11/site-packages/airflow/example_dags/tutorial_taskflow_api.py for tasks to queue
[2024-11-17T03:03:24.429+0000] {logging_mixin.py:188} INFO - [2024-11-17T03:03:24.429+0000] {dagbag.py:545} INFO - Filling up the DagBag from /home/airflow/.local/lib/python3.11/site-packages/airflow/example_dags/tutorial_taskflow_api.py
[2024-11-17T03:03:24.434+0000] {processor.py:840} INFO - DAG(s) 'tutorial_taskflow_api' retrieved from /home/airflow/.local/lib/python3.11/site-packages/airflow/example_dags/tutorial_taskflow_api.py
[2024-11-17T03:03:24.450+0000] {logging_mixin.py:188} INFO - [2024-11-17T03:03:24.450+0000] {dag.py:3096} INFO - Sync 1 DAGs
[2024-11-17T03:03:24.460+0000] {logging_mixin.py:188} INFO - [2024-11-17T03:03:24.460+0000] {dag.py:3954} INFO - Setting next_dagrun for tutorial_taskflow_api to None, run_after=None
[2024-11-17T03:03:24.480+0000] {processor.py:183} INFO - Processing /home/airflow/.local/lib/python3.11/site-packages/airflow/example_dags/tutorial_taskflow_api.py took 0.058 seconds
[2024-11-17T03:03:54.560+0000] {processor.py:161} INFO - Started process (PID=7151) to work on /home/airflow/.local/lib/python3.11/site-packages/airflow/example_dags/tutorial_taskflow_api.py
[2024-11-17T03:03:54.561+0000] {processor.py:830} INFO - Processing file /home/airflow/.local/lib/python3.11/site-packages/airflow/example_dags/tutorial_taskflow_api.py for tasks to queue
[2024-11-17T03:03:54.563+0000] {logging_mixin.py:188} INFO - [2024-11-17T03:03:54.563+0000] {dagbag.py:545} INFO - Filling up the DagBag from /home/airflow/.local/lib/python3.11/site-packages/airflow/example_dags/tutorial_taskflow_api.py
[2024-11-17T03:03:54.568+0000] {processor.py:840} INFO - DAG(s) 'tutorial_taskflow_api' retrieved from /home/airflow/.local/lib/python3.11/site-packages/airflow/example_dags/tutorial_taskflow_api.py
[2024-11-17T03:03:54.588+0000] {logging_mixin.py:188} INFO - [2024-11-17T03:03:54.588+0000] {dag.py:3096} INFO - Sync 1 DAGs
[2024-11-17T03:03:54.598+0000] {logging_mixin.py:188} INFO - [2024-11-17T03:03:54.598+0000] {dag.py:3954} INFO - Setting next_dagrun for tutorial_taskflow_api to None, run_after=None
[2024-11-17T03:03:54.615+0000] {processor.py:183} INFO - Processing /home/airflow/.local/lib/python3.11/site-packages/airflow/example_dags/tutorial_taskflow_api.py took 0.060 seconds
[2024-11-17T03:04:24.843+0000] {processor.py:161} INFO - Started process (PID=7419) to work on /home/airflow/.local/lib/python3.11/site-packages/airflow/example_dags/tutorial_taskflow_api.py
[2024-11-17T03:04:24.844+0000] {processor.py:830} INFO - Processing file /home/airflow/.local/lib/python3.11/site-packages/airflow/example_dags/tutorial_taskflow_api.py for tasks to queue
[2024-11-17T03:04:24.845+0000] {logging_mixin.py:188} INFO - [2024-11-17T03:04:24.845+0000] {dagbag.py:545} INFO - Filling up the DagBag from /home/airflow/.local/lib/python3.11/site-packages/airflow/example_dags/tutorial_taskflow_api.py
[2024-11-17T03:04:24.851+0000] {processor.py:840} INFO - DAG(s) 'tutorial_taskflow_api' retrieved from /home/airflow/.local/lib/python3.11/site-packages/airflow/example_dags/tutorial_taskflow_api.py
[2024-11-17T03:04:24.867+0000] {logging_mixin.py:188} INFO - [2024-11-17T03:04:24.867+0000] {dag.py:3096} INFO - Sync 1 DAGs
[2024-11-17T03:04:24.877+0000] {logging_mixin.py:188} INFO - [2024-11-17T03:04:24.877+0000] {dag.py:3954} INFO - Setting next_dagrun for tutorial_taskflow_api to None, run_after=None
[2024-11-17T03:04:24.892+0000] {processor.py:183} INFO - Processing /home/airflow/.local/lib/python3.11/site-packages/airflow/example_dags/tutorial_taskflow_api.py took 0.055 seconds
[2024-11-17T03:04:55.596+0000] {processor.py:161} INFO - Started process (PID=7683) to work on /home/airflow/.local/lib/python3.11/site-packages/airflow/example_dags/tutorial_taskflow_api.py
[2024-11-17T03:04:55.597+0000] {processor.py:830} INFO - Processing file /home/airflow/.local/lib/python3.11/site-packages/airflow/example_dags/tutorial_taskflow_api.py for tasks to queue
[2024-11-17T03:04:55.599+0000] {logging_mixin.py:188} INFO - [2024-11-17T03:04:55.598+0000] {dagbag.py:545} INFO - Filling up the DagBag from /home/airflow/.local/lib/python3.11/site-packages/airflow/example_dags/tutorial_taskflow_api.py
[2024-11-17T03:04:55.604+0000] {processor.py:840} INFO - DAG(s) 'tutorial_taskflow_api' retrieved from /home/airflow/.local/lib/python3.11/site-packages/airflow/example_dags/tutorial_taskflow_api.py
[2024-11-17T03:04:55.621+0000] {logging_mixin.py:188} INFO - [2024-11-17T03:04:55.620+0000] {dag.py:3096} INFO - Sync 1 DAGs
[2024-11-17T03:04:55.630+0000] {logging_mixin.py:188} INFO - [2024-11-17T03:04:55.630+0000] {dag.py:3954} INFO - Setting next_dagrun for tutorial_taskflow_api to None, run_after=None
[2024-11-17T03:04:55.647+0000] {processor.py:183} INFO - Processing /home/airflow/.local/lib/python3.11/site-packages/airflow/example_dags/tutorial_taskflow_api.py took 0.057 seconds
[2024-11-17T03:05:25.862+0000] {processor.py:161} INFO - Started process (PID=7949) to work on /home/airflow/.local/lib/python3.11/site-packages/airflow/example_dags/tutorial_taskflow_api.py
[2024-11-17T03:05:25.862+0000] {processor.py:830} INFO - Processing file /home/airflow/.local/lib/python3.11/site-packages/airflow/example_dags/tutorial_taskflow_api.py for tasks to queue
[2024-11-17T03:05:25.864+0000] {logging_mixin.py:188} INFO - [2024-11-17T03:05:25.864+0000] {dagbag.py:545} INFO - Filling up the DagBag from /home/airflow/.local/lib/python3.11/site-packages/airflow/example_dags/tutorial_taskflow_api.py
[2024-11-17T03:05:25.870+0000] {processor.py:840} INFO - DAG(s) 'tutorial_taskflow_api' retrieved from /home/airflow/.local/lib/python3.11/site-packages/airflow/example_dags/tutorial_taskflow_api.py
[2024-11-17T03:05:25.888+0000] {logging_mixin.py:188} INFO - [2024-11-17T03:05:25.888+0000] {dag.py:3096} INFO - Sync 1 DAGs
[2024-11-17T03:05:25.899+0000] {logging_mixin.py:188} INFO - [2024-11-17T03:05:25.898+0000] {dag.py:3954} INFO - Setting next_dagrun for tutorial_taskflow_api to None, run_after=None
[2024-11-17T03:05:25.916+0000] {processor.py:183} INFO - Processing /home/airflow/.local/lib/python3.11/site-packages/airflow/example_dags/tutorial_taskflow_api.py took 0.059 seconds
